------------ Configs ------------
loading Muse data...
loading Muse data...
model summary: 
===================================================
      Kernel Shape  Output Shape  Params  Mult-Adds
Layer                                              
0_rnn            -  [200, 1, 38]   19456      19152
1_mlp     [38, 88]  [200, 1, 88]    3432       3344
---------------------------------------------------
                      Totals
Total params           22888
Trainable params       22888
Non-trainable params       0
Mult-Adds              22496
===================================================
rnn:  lstm
data:  Muse
optimizer:  rmsprop
learning rate:  0.001
momentum:  0.9
weight decay:  0.0
gradient clipping:  1.0
loss criterion:  bce
continue training:  False
save directory:  ./exp/music/muse/lstm
log directory:  ./log/music/muse/lstm
starting epoch:  0
ending epoch:  500
steps per epoch:  524
cuda:  True
---------------------------------
[2021-09-24 19:26:27] epoch 0: train_loss: 0.12289318886677955, valid_loss: 0.11521054885729595, train_nll: 9.05593576055461, valid_nll: 8.687343229701519
[2021-09-24 19:26:52] epoch 1: train_loss: 0.09864975147674443, valid_loss: 0.09505014162924555, train_nll: 7.068978048962914, valid_nll: 6.360044201140079
[2021-09-24 19:27:17] epoch 2: train_loss: 0.08901310304023383, valid_loss: 0.090299967503934, train_nll: 6.188809633428451, valid_nll: 6.082696937112248
[2021-09-24 19:27:42] epoch 3: train_loss: 0.0856881212969204, valid_loss: 0.08831633074140108, train_nll: 5.881320443600561, valid_nll: 5.7836443418799695
[2021-09-24 19:28:07] epoch 4: train_loss: 0.08352352895077232, valid_loss: 0.0865792868244979, train_nll: 5.699761122440529, valid_nll: 5.5761282820875895
[2021-09-24 19:28:32] epoch 5: train_loss: 0.08212074284790126, valid_loss: 0.08499619057746949, train_nll: 5.581997979341023, valid_nll: 5.60012679754519
[2021-09-24 19:28:57] epoch 6: train_loss: 0.08106533011940542, valid_loss: 0.08417053472388673, train_nll: 5.477117589340139, valid_nll: 5.5803963623563995
[2021-09-24 19:29:22] epoch 7: train_loss: 0.07934466488161729, valid_loss: 0.08230606881832635, train_nll: 5.340591053244795, valid_nll: 5.447094132611088
[2021-09-24 19:29:47] epoch 8: train_loss: 0.07804733231478861, valid_loss: 0.08129600166446632, train_nll: 5.272163924564109, valid_nll: 5.2541281689745665
[2021-09-24 19:30:12] epoch 9: train_loss: 0.07715879289348049, valid_loss: 0.08048145110132518, train_nll: 5.224051317661436, valid_nll: 5.168284005133011
[2021-09-24 19:30:37] epoch 10: train_loss: 0.07647876726562967, valid_loss: 0.08001233750471362, train_nll: 5.169774361572847, valid_nll: 5.391192903890358
[2021-09-24 19:31:02] epoch 11: train_loss: 0.07637893682246218, valid_loss: 0.07946866874203638, train_nll: 5.18814968057401, valid_nll: 5.185107338581441
[2021-09-24 19:31:27] epoch 12: train_loss: 0.07572954268912778, valid_loss: 0.08056891245974435, train_nll: 5.1439643245247355, valid_nll: 5.397254050519616
[2021-09-24 19:31:53] epoch 13: train_loss: 0.07592708518095884, valid_loss: 0.07926553168368561, train_nll: 5.149570483633009, valid_nll: 5.279682335799325
[2021-09-24 19:32:17] epoch 14: train_loss: 0.07534791110261194, valid_loss: 0.07863224827580982, train_nll: 5.122289117586063, valid_nll: 5.250404421349929
[2021-09-24 19:32:42] epoch 15: train_loss: 0.075064682856714, valid_loss: 0.07917038191247869, train_nll: 5.10007823774964, valid_nll: 5.053022063750962
[2021-09-24 19:33:07] epoch 16: train_loss: 0.07468880119178985, valid_loss: 0.07879368941541072, train_nll: 5.090566970471848, valid_nll: 5.129300502609959
[2021-09-24 19:33:32] epoch 17: train_loss: 0.07477769997319249, valid_loss: 0.07824845231931518, train_nll: 5.099831217825512, valid_nll: 5.143776112253803
[2021-09-24 19:33:57] epoch 18: train_loss: 0.07429049475801014, valid_loss: 0.07824527936539165, train_nll: 5.069029796421579, valid_nll: 5.274180100311006
[2021-09-24 19:34:22] epoch 19: train_loss: 0.07411659897468587, valid_loss: 0.07824869940264358, train_nll: 5.0673674613400355, valid_nll: 5.2672316784605915
[2021-09-24 19:34:47] epoch 20: train_loss: 0.07424478544249334, valid_loss: 0.07798956051744797, train_nll: 5.072968680014045, valid_nll: 5.294031897724699
[2021-09-24 19:35:12] epoch 21: train_loss: 0.0736859051549793, valid_loss: 0.0778702768255715, train_nll: 5.060044248302155, valid_nll: 5.166431423862284
[2021-09-24 19:35:37] epoch 22: train_loss: 0.07363572621625628, valid_loss: 0.07779445428815153, train_nll: 5.0374913244051225, valid_nll: 5.2370844263627605
[2021-09-24 19:36:01] epoch 23: train_loss: 0.07355890644870641, valid_loss: 0.07782043916069799, train_nll: 5.028851895988743, valid_nll: 5.117894657147015
[2021-09-24 19:36:26] epoch 24: train_loss: 0.07333698351547577, valid_loss: 0.077687676395807, train_nll: 5.033186429065627, valid_nll: 5.016517760591454
[2021-09-24 19:36:51] epoch 25: train_loss: 0.07337685001530607, valid_loss: 0.07801077711499399, train_nll: 5.034358881843107, valid_nll: 5.118970325592787
[2021-09-24 19:37:16] epoch 26: train_loss: 0.07300705970122785, valid_loss: 0.07771316982667756, train_nll: 5.009639180370444, valid_nll: 5.013353873857485
[2021-09-24 19:37:41] epoch 27: train_loss: 0.07295910293371452, valid_loss: 0.07778440044020062, train_nll: 5.007883826714562, valid_nll: 5.044595074290024
[2021-09-24 19:38:06] epoch 28: train_loss: 0.0728920201347956, valid_loss: 0.07746904798679882, train_nll: 5.015191011629407, valid_nll: 5.150275901511863
[2021-09-24 19:38:30] epoch 29: train_loss: 0.07269995063472226, valid_loss: 0.07742275957156111, train_nll: 4.994552659828988, valid_nll: 5.062344335049528
[2021-09-24 19:38:55] epoch 30: train_loss: 0.07267422188706127, valid_loss: 0.07716674275558304, train_nll: 4.999974276202374, valid_nll: 5.091310229055589
[2021-09-24 19:39:22] epoch 31: train_loss: 0.07254258888411044, valid_loss: 0.0773295559954864, train_nll: 4.98587293750149, valid_nll: 5.064404751480534
[2021-09-24 19:39:50] epoch 32: train_loss: 0.07249682638900824, valid_loss: 0.07712490921495137, train_nll: 5.0003527125120035, valid_nll: 5.1842297872830985
[2021-09-24 19:40:15] epoch 33: train_loss: 0.07234926304232528, valid_loss: 0.07800203466580974, train_nll: 4.982757648043359, valid_nll: 5.170569866478688
[2021-09-24 19:40:41] epoch 34: train_loss: 0.07229782190913235, valid_loss: 0.07745003671281868, train_nll: 4.981582642244678, valid_nll: 5.074028817322029
[2021-09-24 19:41:07] epoch 35: train_loss: 0.07224765220543242, valid_loss: 0.07741738803408764, train_nll: 4.985993144750695, valid_nll: 5.246072748387821
[2021-09-24 19:41:46] epoch 36: train_loss: 0.07216570955587423, valid_loss: 0.07738734580300473, train_nll: 4.990306131416212, valid_nll: 5.077341563774927
[2021-09-24 19:42:11] epoch 37: train_loss: 0.07239043446726927, valid_loss: 0.0774314021139785, train_nll: 4.992047338605221, valid_nll: 5.258290998689259
[2021-09-24 19:42:36] epoch 38: train_loss: 0.07195796987809638, valid_loss: 0.0775379331920434, train_nll: 4.966942542696799, valid_nll: 5.104813668688052
[2021-09-24 19:43:02] epoch 39: train_loss: 0.07194436606879964, valid_loss: 0.0773004339180059, train_nll: 4.965440404726067, valid_nll: 5.106576547227913
[2021-09-24 19:43:27] epoch 40: train_loss: 0.07183059310995554, valid_loss: 0.07742376617949318, train_nll: 4.958899983941599, valid_nll: 5.188457145312311
[2021-09-24 19:43:52] epoch 41: train_loss: 0.07189836853205134, valid_loss: 0.07704969091271913, train_nll: 4.9656657498388315, valid_nll: 5.116284371576653
[2021-09-24 19:44:18] epoch 42: train_loss: 0.0717260790029043, valid_loss: 0.07727969387132261, train_nll: 4.950657706433387, valid_nll: 5.054063585254131
[2021-09-24 19:44:43] epoch 43: train_loss: 0.07169901535896059, valid_loss: 0.0775375353379382, train_nll: 4.95787748475249, valid_nll: 5.112851115318858
[2021-09-24 19:45:08] epoch 44: train_loss: 0.07169892837272118, valid_loss: 0.07745775194079788, train_nll: 4.9656709213231265, valid_nll: 5.071340689547153
[2021-09-24 19:45:34] epoch 45: train_loss: 0.07164159370053076, valid_loss: 0.07736286847265782, train_nll: 4.956700025698367, valid_nll: 5.198523103431881
[2021-09-24 19:45:59] epoch 46: train_loss: 0.07156959216764466, valid_loss: 0.07749567959043714, train_nll: 4.957475945658379, valid_nll: 5.229508590790585
[2021-09-24 19:46:24] epoch 47: train_loss: 0.07147441502440123, valid_loss: 0.07793219134349513, train_nll: 4.9552486095025134, valid_nll: 5.049757035457895
[2021-09-24 19:46:50] epoch 48: train_loss: 0.07150288216435556, valid_loss: 0.07714044243373253, train_nll: 4.956531088469855, valid_nll: 5.071625748918063
[2021-09-24 19:47:14] epoch 49: train_loss: 0.07145312029463133, valid_loss: 0.07729635240027198, train_nll: 4.9553370465907935, valid_nll: 5.0097627198831765
[2021-09-24 19:47:39] epoch 50: train_loss: 0.07156793509595778, valid_loss: 0.0774820876825187, train_nll: 4.95664411657957, valid_nll: 5.326910476758445
[2021-09-24 19:48:12] epoch 51: train_loss: 0.07139969491470918, valid_loss: 0.07763810741404692, train_nll: 4.9559054493729695, valid_nll: 5.275324637478358
[2021-09-24 19:48:37] epoch 52: train_loss: 0.07137995342660042, valid_loss: 0.07722941188279678, train_nll: 4.939995507511137, valid_nll: 5.090834678330395
[2021-09-24 19:49:01] epoch 53: train_loss: 0.07135452081641282, valid_loss: 0.07741267877044501, train_nll: 4.943839573252327, valid_nll: 4.972545564217938
[2021-09-24 19:49:26] epoch 54: train_loss: 0.07133041971313361, valid_loss: 0.07716466173943547, train_nll: 4.935046065509354, valid_nll: 5.093665918937984
[2021-09-24 19:49:51] epoch 55: train_loss: 0.07122304767213819, valid_loss: 0.07721122919961258, train_nll: 4.946183089422086, valid_nll: 5.166290292068071
[2021-09-24 19:50:15] epoch 56: train_loss: 0.07120474398967931, valid_loss: 0.07737027161099293, train_nll: 4.931070188076009, valid_nll: 5.209589500122513
[2021-09-24 19:50:40] epoch 57: train_loss: 0.0712284913858868, valid_loss: 0.07742277167185589, train_nll: 4.945594726864148, valid_nll: 5.0262229053254455
[2021-09-24 19:51:05] epoch 58: train_loss: 0.07114240333245968, valid_loss: 0.07712456095549795, train_nll: 4.93460219759934, valid_nll: 5.123103643531402
[2021-09-24 19:51:29] epoch 59: train_loss: 0.07109305203558151, valid_loss: 0.07724940405675658, train_nll: 4.940476601798048, valid_nll: 5.190310596363563
[2021-09-24 19:51:54] epoch 60: train_loss: 0.07108632469094778, valid_loss: 0.077454767934978, train_nll: 4.938198197518321, valid_nll: 5.261942384803419
[2021-09-24 19:52:19] epoch 61: train_loss: 0.07105741477109322, valid_loss: 0.0771938203178622, train_nll: 4.930333652256164, valid_nll: 5.149064326696089
[2021-09-24 19:52:43] epoch 62: train_loss: 0.07113742613311828, valid_loss: 0.07741734793547679, train_nll: 4.931429756530682, valid_nll: 5.098194592525988
[2021-09-24 19:53:08] epoch 63: train_loss: 0.07104204664404952, valid_loss: 0.0778269113006967, train_nll: 4.939927451270825, valid_nll: 5.264561662140668
[2021-09-24 19:53:33] epoch 64: train_loss: 0.07109377786822844, valid_loss: 0.07724681266204074, train_nll: 4.946127472065392, valid_nll: 5.1573549972899855
[2021-09-24 19:53:58] epoch 65: train_loss: 0.07094173712072936, valid_loss: 0.07713316633469529, train_nll: 4.936523916209989, valid_nll: 5.180268905480818
[2021-09-24 19:54:22] epoch 66: train_loss: 0.07105576819989062, valid_loss: 0.077008306476529, train_nll: 4.936994400439438, valid_nll: 5.213085243079195
[2021-09-24 19:54:47] epoch 67: train_loss: 0.07098181883960905, valid_loss: 0.07697742267477292, train_nll: 4.9382300447323, valid_nll: 5.14824519521011
[2021-09-24 19:55:11] epoch 68: train_loss: 0.07095733118591872, valid_loss: 0.07745645615375704, train_nll: 4.930289858719903, valid_nll: 5.119497200110091
[2021-09-24 19:55:37] epoch 69: train_loss: 0.07089945381038061, valid_loss: 0.0779937610099161, train_nll: 4.920477193632323, valid_nll: 5.280002436641341
[2021-09-24 19:56:01] epoch 70: train_loss: 0.07088597698265132, valid_loss: 0.07800534197163803, train_nll: 4.931108564122578, valid_nll: 5.153682174627211
[2021-09-24 19:56:26] epoch 71: train_loss: 0.07089923244886782, valid_loss: 0.07738522848597279, train_nll: 4.9248989209042975, valid_nll: 5.051821696997785
[2021-09-24 19:56:51] epoch 72: train_loss: 0.07084353733452335, valid_loss: 0.07729296244818855, train_nll: 4.92386907203993, valid_nll: 5.192735983655344
[2021-09-24 19:57:18] epoch 73: train_loss: 0.07079247651685683, valid_loss: 0.07781056578236598, train_nll: 4.927382040242463, valid_nll: 5.17649788349773
[2021-09-24 19:57:42] epoch 74: train_loss: 0.07088743009469436, valid_loss: 0.07707598472910898, train_nll: 4.9196032024419685, valid_nll: 5.118582907210133
[2021-09-24 19:58:06] epoch 75: train_loss: 0.0708792238720188, valid_loss: 0.0772700870892516, train_nll: 4.926474641327638, valid_nll: 5.2508528883709396
[2021-09-24 19:58:33] epoch 76: train_loss: 0.0707617674524121, valid_loss: 0.0776003429873122, train_nll: 4.916209721834381, valid_nll: 5.023315471149593
[2021-09-24 19:58:58] epoch 77: train_loss: 0.07068692989832231, valid_loss: 0.07728779678819356, train_nll: 4.923293461649679, valid_nll: 5.203595245424122
[2021-09-24 19:59:22] epoch 78: train_loss: 0.07097145798082911, valid_loss: 0.07734830671990359, train_nll: 4.9293408687588345, valid_nll: 5.168966414950945
[2021-09-24 19:59:47] epoch 79: train_loss: 0.07071871445194342, valid_loss: 0.07776623386889696, train_nll: 4.9268516561274645, valid_nll: 5.1049344390854365
[2021-09-24 20:00:11] epoch 80: train_loss: 0.07082719258956953, valid_loss: 0.07723579076291234, train_nll: 4.912020692826175, valid_nll: 5.078654221050158
[2021-09-24 20:00:36] epoch 81: train_loss: 0.07069160245565115, valid_loss: 0.07729246078955906, train_nll: 4.937364553634253, valid_nll: 5.029486509409461
[2021-09-24 20:01:00] epoch 82: train_loss: 0.0707754145113339, valid_loss: 0.07738782080511251, train_nll: 4.910596349232548, valid_nll: 5.235703832201103
[2021-09-24 20:01:24] epoch 83: train_loss: 0.07066826775087086, valid_loss: 0.07793635552818025, train_nll: 4.934815031235341, valid_nll: 5.0151758084543046
[2021-09-24 20:01:49] epoch 84: train_loss: 0.07068624507408333, valid_loss: 0.07733387445548066, train_nll: 4.927808318673156, valid_nll: 5.110817400568249
[2021-09-24 20:02:13] epoch 85: train_loss: 0.07058670357196727, valid_loss: 0.07759976431865383, train_nll: 4.91878959539159, valid_nll: 5.230674078781361
[2021-09-24 20:02:37] epoch 86: train_loss: 0.07058400646001385, valid_loss: 0.0776686637489884, train_nll: 4.915386294512565, valid_nll: 5.17686869321854
[2021-09-24 20:03:02] epoch 87: train_loss: 0.07057917017475453, valid_loss: 0.0774614714499977, train_nll: 4.9154968425615815, valid_nll: 5.1578380160861546
[2021-09-24 20:03:27] epoch 88: train_loss: 0.0705412274923261, valid_loss: 0.07805910765158909, train_nll: 4.91322662163091, valid_nll: 5.342651529711518
[2021-09-24 20:03:51] epoch 89: train_loss: 0.07058615739037859, valid_loss: 0.07738621829560509, train_nll: 4.91906615257115, valid_nll: 5.130916701653655
[2021-09-24 20:04:15] epoch 90: train_loss: 0.07057563365501074, valid_loss: 0.07758327860523154, train_nll: 4.91784921450268, valid_nll: 5.143689551407706
[2021-09-24 20:04:40] epoch 91: train_loss: 0.07056722051343163, valid_loss: 0.07748098596240635, train_nll: 4.9143829413873386, valid_nll: 5.134939864044817
[2021-09-24 20:05:04] epoch 92: train_loss: 0.07056752748552796, valid_loss: 0.07818681544589776, train_nll: 4.910034998097046, valid_nll: 5.21568341999705
[2021-09-24 20:05:29] epoch 93: train_loss: 0.070521995087531, valid_loss: 0.07803637462633628, train_nll: 4.920326617520626, valid_nll: 5.1641691884299625
[2021-09-24 20:05:53] epoch 94: train_loss: 0.07046029888242768, valid_loss: 0.077318076989441, train_nll: 4.902822842030967, valid_nll: 5.2317120403621304
[2021-09-24 20:06:17] epoch 95: train_loss: 0.07052024321467082, valid_loss: 0.07800273875257484, train_nll: 4.919714389225698, valid_nll: 5.059508662707463
[2021-09-24 20:06:42] epoch 96: train_loss: 0.07045423778001475, valid_loss: 0.07810607677394593, train_nll: 4.928012394406383, valid_nll: 5.251220459061943
[2021-09-24 20:07:16] epoch 97: train_loss: 0.07043659258527211, valid_loss: 0.07746525424429113, train_nll: 4.9154135711188855, valid_nll: 5.094727304569892
[2021-09-24 20:07:40] epoch 98: train_loss: 0.07047255746913604, valid_loss: 0.07742275396982828, train_nll: 4.907382553378864, valid_nll: 5.222608386584328
[2021-09-24 20:08:05] epoch 99: train_loss: 0.07036528748616519, valid_loss: 0.07731572375115421, train_nll: 4.91214783573906, valid_nll: 5.165717646262456
[2021-09-24 20:08:29] epoch 100: train_loss: 0.07036225577702618, valid_loss: 0.07789970937840364, train_nll: 4.914310101616429, valid_nll: 5.243844092079814
[2021-09-24 20:08:54] epoch 101: train_loss: 0.07065345952109583, valid_loss: 0.0780428871029505, train_nll: 4.918083466070147, valid_nll: 5.216928896030194
[2021-09-24 20:09:18] epoch 102: train_loss: 0.07036896009453153, valid_loss: 0.07753225704999986, train_nll: 4.911010957027119, valid_nll: 5.1893259698096275
[2021-09-24 20:09:43] epoch 103: train_loss: 0.07041338838828827, valid_loss: 0.0774623192363867, train_nll: 4.906924416707681, valid_nll: 5.1957821852703185
[2021-09-24 20:10:07] epoch 104: train_loss: 0.07032628439700957, valid_loss: 0.07734922215480496, train_nll: 4.921226499434157, valid_nll: 5.179453542982225
[2021-09-24 20:10:32] epoch 105: train_loss: 0.07042502528518609, valid_loss: 0.0777112350695663, train_nll: 4.907785059423732, valid_nll: 5.282126653076113
[2021-09-24 20:10:57] epoch 106: train_loss: 0.07042876574146839, valid_loss: 0.0779448181528736, train_nll: 4.910966009589291, valid_nll: 5.144648377366114
[2021-09-24 20:11:21] epoch 107: train_loss: 0.0704405102185649, valid_loss: 0.07793772674545094, train_nll: 4.927495248560992, valid_nll: 5.100623098801424
[2021-09-24 20:11:46] epoch 108: train_loss: 0.07037925111655971, valid_loss: 0.07842303668321282, train_nll: 4.906836671339052, valid_nll: 5.125133408486655
[2021-09-24 20:12:10] epoch 109: train_loss: 0.07082842554335432, valid_loss: 0.07748753329118092, train_nll: 4.945984209995471, valid_nll: 5.1518465134919165
[2021-09-24 20:12:35] epoch 110: train_loss: 0.07040222860758996, valid_loss: 0.077630682275803, train_nll: 4.90964813327681, valid_nll: 5.142803212269488
[2021-09-24 20:13:00] epoch 111: train_loss: 0.07028451431293808, valid_loss: 0.07776057502185857, train_nll: 4.912648506648018, valid_nll: 5.202679635525557
[2021-09-24 20:13:24] epoch 112: train_loss: 0.07031624943181475, valid_loss: 0.07820834976931414, train_nll: 4.921534563749092, valid_nll: 5.261155128340489
[2021-09-24 20:13:48] epoch 113: train_loss: 0.07041571847738996, valid_loss: 0.0777583861309621, train_nll: 4.914917286360312, valid_nll: 5.234418087425777
[2021-09-24 20:14:13] epoch 114: train_loss: 0.0703142631571484, valid_loss: 0.07777453930703578, train_nll: 4.910645703536881, valid_nll: 5.216749234039078
[2021-09-24 20:14:38] epoch 115: train_loss: 0.07035997659430078, valid_loss: 0.07732253770723387, train_nll: 4.911294038648544, valid_nll: 5.014983071498275
[2021-09-24 20:15:03] epoch 116: train_loss: 0.07030630069749273, valid_loss: 0.07740064165382474, train_nll: 4.9070068569896, valid_nll: 5.261481719708448
[2021-09-24 20:15:27] epoch 117: train_loss: 0.0702892372878766, valid_loss: 0.07809658149188316, train_nll: 4.908720710718988, valid_nll: 5.334834607950108
[2021-09-24 20:15:52] epoch 118: train_loss: 0.07029692923742567, valid_loss: 0.07784712336681507, train_nll: 4.911579189062078, valid_nll: 5.155843919704624
[2021-09-24 20:16:19] epoch 119: train_loss: 0.07025883183103653, valid_loss: 0.07743954423952985, train_nll: 4.921373921724021, valid_nll: 5.134739958763815
[2021-09-24 20:16:45] epoch 120: train_loss: 0.07042110448290828, valid_loss: 0.07763738600468194, train_nll: 4.907933284813091, valid_nll: 5.144262391872771
[2021-09-24 20:17:10] epoch 121: train_loss: 0.0702791852354008, valid_loss: 0.07770263078036131, train_nll: 4.916295765010232, valid_nll: 5.090335107294072
[2021-09-24 20:17:34] epoch 122: train_loss: 0.07020820030331157, valid_loss: 0.07783569465908739, train_nll: 4.9162677659218925, valid_nll: 5.1110554606710785
[2021-09-24 20:17:59] epoch 123: train_loss: 0.07017730837972223, valid_loss: 0.07809735043664222, train_nll: 4.905273533534713, valid_nll: 5.164076194864761
[2021-09-24 20:18:23] epoch 124: train_loss: 0.07034973979870725, valid_loss: 0.07766990119384395, train_nll: 4.912274376609905, valid_nll: 5.2278515177874265
[2021-09-24 20:18:47] epoch 125: train_loss: 0.0702556243703082, valid_loss: 0.0779276916757226, train_nll: 4.905582212031958, valid_nll: 5.180478153768967
[2021-09-24 20:19:12] epoch 126: train_loss: 0.07049475401419548, valid_loss: 0.07773505226467495, train_nll: 4.937291276379993, valid_nll: 5.1938228617335485
[2021-09-24 20:19:37] epoch 127: train_loss: 0.07024199045298778, valid_loss: 0.07768352539451034, train_nll: 4.915005868820023, valid_nll: 5.146356642849363
[2021-09-24 20:20:01] epoch 128: train_loss: 0.0703095801064446, valid_loss: 0.07755734999836594, train_nll: 4.925958378211157, valid_nll: 5.171380503314426
[2021-09-24 20:20:25] epoch 129: train_loss: 0.07022319113274055, valid_loss: 0.0785961354703263, train_nll: 4.91969220659459, valid_nll: 5.26327716787685
[2021-09-24 20:20:50] epoch 130: train_loss: 0.07028963241036555, valid_loss: 0.07789861070061171, train_nll: 4.90226114613868, valid_nll: 5.360997434610087
[2021-09-24 20:21:14] epoch 131: train_loss: 0.07012771997415951, valid_loss: 0.07833684024021581, train_nll: 4.908717605109396, valid_nll: 5.115730112962762
[2021-09-24 20:21:38] epoch 132: train_loss: 0.0701859840796194, valid_loss: 0.07778538947028142, train_nll: 4.903606580668102, valid_nll: 5.213454122457917
[2021-09-24 20:22:03] epoch 133: train_loss: 0.07018411191862844, valid_loss: 0.07849311666149232, train_nll: 4.909206840327986, valid_nll: 5.066677498061384
[2021-09-24 20:22:27] epoch 134: train_loss: 0.07013878649463237, valid_loss: 0.07842453984474694, train_nll: 4.922655597492477, valid_nll: 5.178654833193178
[2021-09-24 20:22:52] epoch 135: train_loss: 0.07012820175408123, valid_loss: 0.07772939327621349, train_nll: 4.909088266210678, valid_nll: 5.105459652625744
[2021-09-24 20:23:16] epoch 136: train_loss: 0.07007559103969456, valid_loss: 0.07790456713625678, train_nll: 4.899657798406446, valid_nll: 5.179864007547675
[2021-09-24 20:23:40] epoch 137: train_loss: 0.07018796712131674, valid_loss: 0.07792911321890575, train_nll: 4.914808008069182, valid_nll: 5.214536787193296
[2021-09-24 20:24:05] epoch 138: train_loss: 0.0701773224917475, valid_loss: 0.07803729274482639, train_nll: 4.921133344830131, valid_nll: 5.195941369512185
[2021-09-24 20:24:30] epoch 139: train_loss: 0.07022100850008428, valid_loss: 0.0781905487248743, train_nll: 4.9024251991051875, valid_nll: 5.21493978913602
[2021-09-24 20:24:54] epoch 140: train_loss: 0.07026262822710262, valid_loss: 0.07775685862396602, train_nll: 4.912281942178127, valid_nll: 5.1087105039302445
[2021-09-24 20:25:18] epoch 141: train_loss: 0.07008543313935911, valid_loss: 0.07823111258309197, train_nll: 4.907962727070592, valid_nll: 5.20921023647481
[2021-09-24 20:25:43] epoch 142: train_loss: 0.07012841177976313, valid_loss: 0.0787235052290338, train_nll: 4.903571472144271, valid_nll: 5.481689035918458
[2021-09-24 20:26:07] epoch 143: train_loss: 0.07034236006438732, valid_loss: 0.07813243478950527, train_nll: 4.9145957358868255, valid_nll: 5.322388197474779
[2021-09-24 20:26:32] epoch 144: train_loss: 0.07025277683198566, valid_loss: 0.07793887431422869, train_nll: 4.928430503394909, valid_nll: 5.185151166414932
[2021-09-24 20:26:57] epoch 145: train_loss: 0.07027277162206139, valid_loss: 0.07795520435880732, train_nll: 4.915331065611393, valid_nll: 5.167868593835103
[2021-09-24 20:27:21] epoch 146: train_loss: 0.07007972183743962, valid_loss: 0.07830208553070271, train_nll: 4.907993497988554, valid_nll: 5.361615020061226
[2021-09-24 20:27:46] epoch 147: train_loss: 0.07006029549005036, valid_loss: 0.07784700773794342, train_nll: 4.902218254381197, valid_nll: 5.167208559419017
[2021-09-24 20:28:10] epoch 148: train_loss: 0.07061028097336756, valid_loss: 0.07794302476363049, train_nll: 4.9042757887993025, valid_nll: 5.27986051023396
[2021-09-24 20:28:34] epoch 149: train_loss: 0.07022906381117877, valid_loss: 0.07785276903046502, train_nll: 4.915452495765555, valid_nll: 5.178840598238204
[2021-09-24 20:28:59] epoch 150: train_loss: 0.07025780705450714, valid_loss: 0.07775967212876787, train_nll: 4.922452585199773, valid_nll: 5.218703611028076
[2021-09-24 20:29:23] epoch 151: train_loss: 0.07019669027778654, valid_loss: 0.07841024160109185, train_nll: 4.900653871397685, valid_nll: 5.306810186492765
[2021-09-24 20:29:47] epoch 152: train_loss: 0.07007512212766491, valid_loss: 0.07830685840712653, train_nll: 4.908136323181213, valid_nll: 5.079222471227487
[2021-09-24 20:30:12] epoch 153: train_loss: 0.07013693386297815, valid_loss: 0.0782998751917923, train_nll: 4.917402497594032, valid_nll: 5.120571588771564
[2021-09-24 20:30:37] epoch 154: train_loss: 0.07009858036954097, valid_loss: 0.07803475063432146, train_nll: 4.906770402567684, valid_nll: 5.207045298539187
[2021-09-24 20:31:01] epoch 155: train_loss: 0.07004334138642343, valid_loss: 0.07857467685308721, train_nll: 4.90246323015624, valid_nll: 5.404531448500926
[2021-09-24 20:31:25] epoch 156: train_loss: 0.07014193069651893, valid_loss: 0.07846540579641306, train_nll: 4.91412777166628, valid_nll: 5.153726719597932
[2021-09-24 20:31:50] epoch 157: train_loss: 0.07010661695820798, valid_loss: 0.07814941845006412, train_nll: 4.920796872783348, valid_nll: 5.166926023233488
[2021-09-24 20:32:14] epoch 158: train_loss: 0.07004617099678641, valid_loss: 0.07760340744560515, train_nll: 4.910437553478633, valid_nll: 5.111853007212934
[2021-09-24 20:32:39] epoch 159: train_loss: 0.06998800870052446, valid_loss: 0.07846128499066388, train_nll: 4.898058732856065, valid_nll: 5.311233581084947
[2021-09-24 20:33:03] epoch 160: train_loss: 0.07023426319316087, valid_loss: 0.0781342030192415, train_nll: 4.910669228820115, valid_nll: 5.136074355380987
[2021-09-24 20:33:30] epoch 161: train_loss: 0.07049169149498619, valid_loss: 0.07789318797489007, train_nll: 4.931219210235045, valid_nll: 5.050432935819531
[2021-09-24 20:33:55] epoch 162: train_loss: 0.07000219110108002, valid_loss: 0.07830090017092449, train_nll: 4.895133070621103, valid_nll: 5.1585061809509325
[2021-09-24 20:34:19] epoch 163: train_loss: 0.07002694210755632, valid_loss: 0.07824352348430288, train_nll: 4.905459210634093, valid_nll: 5.229300291328735
[2021-09-24 20:34:43] epoch 164: train_loss: 0.07004218717916151, valid_loss: 0.07771483287905101, train_nll: 4.896722810822397, valid_nll: 5.064872109148353
[2021-09-24 20:35:07] epoch 165: train_loss: 0.06994759917564917, valid_loss: 0.07779921950703418, train_nll: 4.8970714097812715, valid_nll: 5.201430736422625
[2021-09-24 20:35:32] epoch 166: train_loss: 0.06994320882505645, valid_loss: 0.08752232547159548, train_nll: 4.902286609632306, valid_nll: 5.304355788479068
[2021-09-24 20:35:56] epoch 167: train_loss: 0.07030354075858952, valid_loss: 0.07811490022749812, train_nll: 4.903308046486855, valid_nll: 5.256112598963091
[2021-09-24 20:36:21] epoch 168: train_loss: 0.07007821530409385, valid_loss: 0.07824715239996159, train_nll: 4.9078526836335366, valid_nll: 5.125652210269763
[2021-09-24 20:36:45] epoch 169: train_loss: 0.06991075137487919, valid_loss: 0.07802427410389538, train_nll: 4.906391209439503, valid_nll: 5.135920139479885
[2021-09-24 20:37:09] epoch 170: train_loss: 0.07004403665071737, valid_loss: 0.07777700888475886, train_nll: 4.909870909060518, valid_nll: 5.226764896977355
[2021-09-24 20:37:33] epoch 171: train_loss: 0.06993928116938199, valid_loss: 0.07969449327361805, train_nll: 4.912406868569381, valid_nll: 5.16385611564361
[2021-09-24 20:37:58] epoch 172: train_loss: 0.07001660682815518, valid_loss: 0.07828795904362643, train_nll: 4.911159400140373, valid_nll: 5.054484714165463
[2021-09-24 20:38:22] epoch 173: train_loss: 0.06999192116000043, valid_loss: 0.0782239344453922, train_nll: 4.902664916655218, valid_nll: 5.224508690262672
[2021-09-24 20:38:47] epoch 174: train_loss: 0.06999140995277361, valid_loss: 0.07784808858263272, train_nll: 4.899716668433804, valid_nll: 5.1203606188369415
[2021-09-24 20:39:11] epoch 175: train_loss: 0.07004990644276654, valid_loss: 0.07801451164953134, train_nll: 4.912919803614754, valid_nll: 5.211511743158153
[2021-09-24 20:39:35] epoch 176: train_loss: 0.06993041143446933, valid_loss: 0.08818236285199722, train_nll: 4.914865645249598, valid_nll: 5.327173501750916
[2021-09-24 20:39:59] epoch 177: train_loss: 0.06989880722328906, valid_loss: 0.07834042173430876, train_nll: 4.89705841457237, valid_nll: 5.050796609073769
[2021-09-24 20:40:24] epoch 178: train_loss: 0.06999990611358453, valid_loss: 0.07803223409034588, train_nll: 4.914411684250673, valid_nll: 5.0538606249833045
[2021-09-24 20:40:48] epoch 179: train_loss: 0.07017101433824834, valid_loss: 0.0784835468356808, train_nll: 4.925213951940529, valid_nll: 5.138894932473782
[2021-09-24 20:41:13] epoch 180: train_loss: 0.06997404908157089, valid_loss: 0.07792669851332903, train_nll: 4.8975971110697945, valid_nll: 5.23584037777068
[2021-09-24 20:41:37] epoch 181: train_loss: 0.06991151373349984, valid_loss: 0.07860168697381462, train_nll: 4.892099705473167, valid_nll: 5.378127010773008
[2021-09-24 20:42:01] epoch 182: train_loss: 0.0700148559843709, valid_loss: 0.07836102992986087, train_nll: 4.911111282216221, valid_nll: 5.2382883879440625
[2021-09-24 20:42:26] epoch 183: train_loss: 0.06997656033601868, valid_loss: 0.07807426322941427, train_nll: 4.900338924430316, valid_nll: 5.196943047513572
[2021-09-24 20:42:50] epoch 184: train_loss: 0.06999168675819425, valid_loss: 0.0780173846003082, train_nll: 4.895399068739352, valid_nll: 5.147752490628865
[2021-09-24 20:43:14] epoch 185: train_loss: 0.06991863021634177, valid_loss: 0.07797201520728844, train_nll: 4.898233669139895, valid_nll: 5.2164889254139455
[2021-09-24 20:43:39] epoch 186: train_loss: 0.07002291152829603, valid_loss: 0.07775110930411352, train_nll: 4.926488463176993, valid_nll: 5.210536977656671
[2021-09-24 20:44:03] epoch 187: train_loss: 0.0700092761055744, valid_loss: 0.07810583924529729, train_nll: 4.896547004073679, valid_nll: 5.152710984931157
[2021-09-24 20:44:28] epoch 188: train_loss: 0.06986389210170404, valid_loss: 0.07829498770750232, train_nll: 4.9007799492934385, valid_nll: 5.289948310011728
[2021-09-24 20:44:52] epoch 189: train_loss: 0.06989072374857337, valid_loss: 0.07818759169981436, train_nll: 4.90691077711829, valid_nll: 5.226473514406365
[2021-09-24 20:45:16] epoch 190: train_loss: 0.06986947402443366, valid_loss: 0.07798800263553858, train_nll: 4.896091580020651, valid_nll: 5.164347644880706
[2021-09-24 20:45:41] epoch 191: train_loss: 0.06993835327172837, valid_loss: 0.07819914152086885, train_nll: 4.90981008505669, valid_nll: 5.179499773123858
[2021-09-24 20:46:05] epoch 192: train_loss: 0.06997587236056801, valid_loss: 0.07820313660496915, train_nll: 4.9039081720206354, valid_nll: 5.1240589057813395
[2021-09-24 20:46:30] epoch 193: train_loss: 0.06990377414786747, valid_loss: 0.07792500516192781, train_nll: 4.9032178647289815, valid_nll: 5.244140665261631
[2021-09-24 20:46:54] epoch 194: train_loss: 0.07004187537982833, valid_loss: 0.07792785713380133, train_nll: 4.919918797075564, valid_nll: 5.190099499457052
[2021-09-24 20:47:18] epoch 195: train_loss: 0.0697691636266656, valid_loss: 0.07828570780240827, train_nll: 4.905611207460468, valid_nll: 5.226637354869006
[2021-09-24 20:47:43] epoch 196: train_loss: 0.06985834426644706, valid_loss: 0.07814668595652889, train_nll: 4.8946993959565, valid_nll: 5.1534993586543685
[2021-09-24 20:48:07] epoch 197: train_loss: 0.0699831816751709, valid_loss: 0.07819892659921338, train_nll: 4.901273786129558, valid_nll: 5.081195044350145
[2021-09-24 20:48:31] epoch 198: train_loss: 0.06992448502014043, valid_loss: 0.07843759866362368, train_nll: 4.911464596651386, valid_nll: 5.227025762154906
[2021-09-24 20:48:56] epoch 199: train_loss: 0.07007771582904322, valid_loss: 0.07888075417528549, train_nll: 4.902575712019074, valid_nll: 5.275869925782225
[2021-09-24 20:49:20] epoch 200: train_loss: 0.06994519433191487, valid_loss: 0.07910813204944134, train_nll: 4.910966413959003, valid_nll: 5.197008709063746
[2021-09-24 20:49:45] epoch 201: train_loss: 0.06994093500809986, valid_loss: 0.07860087568147314, train_nll: 4.914159883903365, valid_nll: 5.133182942287249
[2021-09-24 20:50:09] epoch 202: train_loss: 0.06990366982374312, valid_loss: 0.07847731680505805, train_nll: 4.902517387494142, valid_nll: 5.1607919080296085
[2021-09-24 20:50:33] epoch 203: train_loss: 0.06990080767574201, valid_loss: 0.07843792889681127, train_nll: 4.909691285474712, valid_nll: 5.0431763897620865
[2021-09-24 20:50:57] epoch 204: train_loss: 0.06986912914537576, valid_loss: 0.07775988906483959, train_nll: 4.897696290956565, valid_nll: 5.144389258121295
[2021-09-24 20:51:24] epoch 205: train_loss: 0.06988991533214127, valid_loss: 0.07939532496104086, train_nll: 4.904809680057076, valid_nll: 5.517743605847106
[2021-09-24 20:51:49] epoch 206: train_loss: 0.06995738507603928, valid_loss: 0.07807615959533938, train_nll: 4.900989390513632, valid_nll: 5.1151136581616665
[2021-09-24 20:52:13] epoch 207: train_loss: 0.06983233235762205, valid_loss: 0.07880428769384269, train_nll: 4.906657547300185, valid_nll: 5.1381629323301405
[2021-09-24 20:52:37] epoch 208: train_loss: 0.06996202969013621, valid_loss: 0.07797896468115073, train_nll: 4.912988747579817, valid_nll: 5.155118533272744
[2021-09-24 20:53:01] epoch 209: train_loss: 0.06992862272993412, valid_loss: 0.07833237595580242, train_nll: 4.8919306758328265, valid_nll: 5.18945528047479
[2021-09-24 20:53:26] epoch 210: train_loss: 0.07006754113169288, valid_loss: 0.07887705467917301, train_nll: 4.903065407297299, valid_nll: 5.18386454290179
[2021-09-24 20:53:50] epoch 211: train_loss: 0.0705130078371273, valid_loss: 0.07804710003374904, train_nll: 4.942894650413383, valid_nll: 5.221572235853555
[2021-09-24 20:54:14] epoch 212: train_loss: 0.06994983104932058, valid_loss: 0.07832049361809536, train_nll: 4.903927001547845, valid_nll: 5.272144987022752
[2021-09-24 20:54:38] epoch 213: train_loss: 0.07007245617947107, valid_loss: 0.07797403234850478, train_nll: 4.930261016875217, valid_nll: 5.141124753875843
[2021-09-24 20:55:02] epoch 214: train_loss: 0.06984982705667957, valid_loss: 0.07853346052407115, train_nll: 4.898413487104496, valid_nll: 5.275001201384929
[2021-09-24 20:55:27] epoch 215: train_loss: 0.06986185048621518, valid_loss: 0.07877514576194462, train_nll: 4.900858417817546, valid_nll: 5.287855677441921
[2021-09-24 20:55:51] epoch 216: train_loss: 0.06981350025091007, valid_loss: 0.07967288644501457, train_nll: 4.894317150389778, valid_nll: 5.221472552301115
[2021-09-24 20:56:15] epoch 217: train_loss: 0.06999159286168354, valid_loss: 0.07878563783510968, train_nll: 4.899830023523028, valid_nll: 5.281390353895163
[2021-09-24 20:56:39] epoch 218: train_loss: 0.06984920162558271, valid_loss: 0.07861886268688573, train_nll: 4.898527265687354, valid_nll: 5.266592703832895
[2021-09-24 20:57:04] epoch 219: train_loss: 0.06974517616251384, valid_loss: 0.07814875811476399, train_nll: 4.901486572576457, valid_nll: 5.1859840936044375
[2021-09-24 20:57:28] epoch 220: train_loss: 0.06999009141151061, valid_loss: 0.0785568587275015, train_nll: 4.899437909103325, valid_nll: 5.194652693579255
[2021-09-24 20:57:52] epoch 221: train_loss: 0.06991491299869051, valid_loss: 0.07868832807849954, train_nll: 4.895528720994189, valid_nll: 5.380102184834015
[2021-09-24 20:58:16] epoch 222: train_loss: 0.06994004178799347, valid_loss: 0.07845172957275752, train_nll: 4.899962313240156, valid_nll: 5.088130156406909
[2021-09-24 20:58:41] epoch 223: train_loss: 0.06972210011480533, valid_loss: 0.0786943780189311, train_nll: 4.896778680175207, valid_nll: 5.318817665766815
[2021-09-24 20:59:05] epoch 224: train_loss: 0.0701037732020504, valid_loss: 0.07814886156055663, train_nll: 4.923370231619485, valid_nll: 5.174211195311111
[2021-09-24 20:59:29] epoch 225: train_loss: 0.06982141309453331, valid_loss: 0.07808358579598092, train_nll: 4.9045979641064585, valid_nll: 5.098404740144485
[2021-09-24 20:59:54] epoch 226: train_loss: 0.06973890894277462, valid_loss: 0.07868125931946215, train_nll: 4.88938602321997, valid_nll: 5.34953154963519
[2021-09-24 21:00:18] epoch 227: train_loss: 0.06989123033117929, valid_loss: 0.07919237888245671, train_nll: 4.902542928880771, valid_nll: 5.261883308061587
[2021-09-24 21:00:43] epoch 228: train_loss: 0.06974174264989054, valid_loss: 0.07828894561432578, train_nll: 4.894614090753961, valid_nll: 5.257093999784641
[2021-09-24 21:01:07] epoch 229: train_loss: 0.06983094784886157, valid_loss: 0.07869816421082726, train_nll: 4.906404735956488, valid_nll: 5.21751204411939
[2021-09-24 21:01:31] epoch 230: train_loss: 0.0699402890896837, valid_loss: 0.07899612886831164, train_nll: 4.922701501237498, valid_nll: 5.229522887363586
[2021-09-24 21:01:55] epoch 231: train_loss: 0.06992622575267637, valid_loss: 0.07853656647106012, train_nll: 4.899936784489776, valid_nll: 5.1955008204581805
[2021-09-24 21:02:20] epoch 232: train_loss: 0.06981791600670295, valid_loss: 0.07887807869938789, train_nll: 4.890998737137297, valid_nll: 5.288994009977852
[2021-09-24 21:02:44] epoch 233: train_loss: 0.06981294664362346, valid_loss: 0.07815031147803421, train_nll: 4.897903942358494, valid_nll: 5.015112228227337
[2021-09-24 21:03:09] epoch 234: train_loss: 0.06980011807861276, valid_loss: 0.07852111311146506, train_nll: 4.889130200862179, valid_nll: 5.33394214174875
[2021-09-24 21:03:33] epoch 235: train_loss: 0.06984891319995788, valid_loss: 0.07818349565344829, train_nll: 4.9160261780822845, valid_nll: 5.096477097525374
[2021-09-24 21:03:59] epoch 236: train_loss: 0.06986862833199325, valid_loss: 0.07914275626341502, train_nll: 4.90752982498672, valid_nll: 5.260578240011599
[2021-09-24 21:04:24] epoch 237: train_loss: 0.06980451842492716, valid_loss: 0.07885995299589854, train_nll: 4.895846893344628, valid_nll: 5.237259378389364
[2021-09-24 21:04:48] epoch 238: train_loss: 0.06979961545412777, valid_loss: 0.07830406937886167, train_nll: 4.9004279162156275, valid_nll: 5.203574448906172
[2021-09-24 21:05:12] epoch 239: train_loss: 0.06976271605559888, valid_loss: 0.07842183531848369, train_nll: 4.898759886757751, valid_nll: 5.133734391913579
[2021-09-24 21:05:37] epoch 240: train_loss: 0.06987069309902384, valid_loss: 0.07834151422397959, train_nll: 4.909852444117544, valid_nll: 5.271040906885351
[2021-09-24 21:06:02] epoch 241: train_loss: 0.07015658877541148, valid_loss: 0.07857546006777773, train_nll: 4.91981598699265, valid_nll: 5.2178091590787155
[2021-09-24 21:06:26] epoch 242: train_loss: 0.06971217094003472, valid_loss: 0.07867072630259726, train_nll: 4.8892076316158235, valid_nll: 5.135496897756317
[2021-09-24 21:06:51] epoch 243: train_loss: 0.06980266794740073, valid_loss: 0.07945412233885792, train_nll: 4.899209886047059, valid_nll: 5.326036024497629
[2021-09-24 21:07:15] epoch 244: train_loss: 0.06977944950331429, valid_loss: 0.07862718111524979, train_nll: 4.897400446760675, valid_nll: 5.192536053995739
[2021-09-24 21:07:39] epoch 245: train_loss: 0.06975173721808002, valid_loss: 0.07964907216804999, train_nll: 4.9022607579793815, valid_nll: 5.278426926778379
[2021-09-24 21:08:04] epoch 246: train_loss: 0.06976808460948292, valid_loss: 0.07908059212344665, train_nll: 4.908631007539556, valid_nll: 5.157196221851431
[2021-09-24 21:08:29] epoch 247: train_loss: 0.06999953579555714, valid_loss: 0.07832828270340407, train_nll: 4.8987580203093275, valid_nll: 5.244185953133333
[2021-09-24 21:08:52] epoch 248: train_loss: 0.06971519572112908, valid_loss: 0.0784366655404921, train_nll: 4.894460196761618, valid_nll: 5.146558555209645
[2021-09-24 21:09:20] epoch 249: train_loss: 0.06984229495869736, valid_loss: 0.07853151462558243, train_nll: 4.908086377157821, valid_nll: 5.2100520470793965
[2021-09-24 21:09:44] epoch 250: train_loss: 0.06975218323983594, valid_loss: 0.0782754854540582, train_nll: 4.898891592317303, valid_nll: 5.1181933563461435
[2021-09-24 21:10:08] epoch 251: train_loss: 0.0704771003522377, valid_loss: 0.07817970731606086, train_nll: 4.94563048709609, valid_nll: 5.16425831207667
[2021-09-24 21:10:33] epoch 252: train_loss: 0.06973827491471729, valid_loss: 0.07843084242194891, train_nll: 4.895972032178434, valid_nll: 5.22780061443387
[2021-09-24 21:10:57] epoch 253: train_loss: 0.06979642540237774, valid_loss: 0.07913450418661037, train_nll: 4.904019941152448, valid_nll: 5.20391542762049
[2021-09-24 21:11:21] epoch 254: train_loss: 0.0697548505299163, valid_loss: 0.07872360716401428, train_nll: 4.900677436711948, valid_nll: 5.116149537495798
[2021-09-24 21:11:46] epoch 255: train_loss: 0.0696384496720266, valid_loss: 0.07859384751430264, train_nll: 4.889696202560212, valid_nll: 5.357029018619106
[2021-09-24 21:12:10] epoch 256: train_loss: 0.06976029109778523, valid_loss: 0.07920634480262244, train_nll: 4.899310159716747, valid_nll: 5.2045134230174845
[2021-09-24 21:12:34] epoch 257: train_loss: 0.06983074763939069, valid_loss: 0.12520694591932827, train_nll: 4.907506381915109, valid_nll: 5.218430707992003
[2021-09-24 21:12:59] epoch 258: train_loss: 0.06975083411244662, valid_loss: 0.07895351780095586, train_nll: 4.892648037094866, valid_nll: 5.315230729290776
[2021-09-24 21:13:23] epoch 259: train_loss: 0.06963479476412118, valid_loss: 0.07847930183979096, train_nll: 4.8953922767847455, valid_nll: 5.290770834278928
[2021-09-24 21:13:47] epoch 260: train_loss: 0.0698050033685019, valid_loss: 0.0782611001006983, train_nll: 4.901501909537206, valid_nll: 5.171422219166771
[2021-09-24 21:14:12] epoch 261: train_loss: 0.06986128501700707, valid_loss: 0.07849171498997344, train_nll: 4.901253915121302, valid_nll: 5.198883340965313
[2021-09-24 21:14:36] epoch 262: train_loss: 0.06964769115394251, valid_loss: 0.07879818019767602, train_nll: 4.892803785153706, valid_nll: 5.217056615806844
[2021-09-24 21:15:00] epoch 263: train_loss: 0.06983975493988975, valid_loss: 0.07888323623962977, train_nll: 4.9007176974285525, valid_nll: 5.148544251038647
[2021-09-24 21:15:25] epoch 264: train_loss: 0.06980414229857501, valid_loss: 0.07872708450174994, train_nll: 4.899932587310169, valid_nll: 5.266103511432619
[2021-09-24 21:15:49] epoch 265: train_loss: 0.06970199832571884, valid_loss: 0.07849492605913569, train_nll: 4.897336388863213, valid_nll: 5.181418678322475
[2021-09-24 21:16:14] epoch 266: train_loss: 0.07041941595597918, valid_loss: 0.07861783798370096, train_nll: 4.951185236211891, valid_nll: 5.157645958406646
[2021-09-24 21:16:38] epoch 267: train_loss: 0.06991321699629816, valid_loss: 0.07884618149449428, train_nll: 4.88404138738806, valid_nll: 5.356133624861529
[2021-09-24 21:17:03] epoch 268: train_loss: 0.07020187948809098, valid_loss: 0.07832028479487807, train_nll: 4.930519852555497, valid_nll: 5.160706937148594
[2021-09-24 21:17:27] epoch 269: train_loss: 0.06977702256910617, valid_loss: 0.07833691273160555, train_nll: 4.901245832642019, valid_nll: 5.211673393240277
[2021-09-24 21:17:52] epoch 270: train_loss: 0.07014923529407963, valid_loss: 0.07862750204900901, train_nll: 4.9165124620078675, valid_nll: 5.192348258970321
[2021-09-24 21:18:16] epoch 271: train_loss: 0.06963747079512601, valid_loss: 0.07861443762839944, train_nll: 4.8837170518942585, valid_nll: 5.143660386380316
[2021-09-24 21:18:40] epoch 272: train_loss: 0.06975631749982597, valid_loss: 0.07848384019539312, train_nll: 4.890385713519702, valid_nll: 5.165882624762597
[2021-09-24 21:19:05] epoch 273: train_loss: 0.06991556193324104, valid_loss: 0.07819607955990014, train_nll: 4.901797273405574, valid_nll: 5.110417834253988
[2021-09-24 21:19:29] epoch 274: train_loss: 0.06966438041715563, valid_loss: 0.07852568817497403, train_nll: 4.893906277907635, valid_nll: 5.265071692705674
[2021-09-24 21:19:53] epoch 275: train_loss: 0.07010288330377969, valid_loss: 0.07862190123371504, train_nll: 4.907569155185071, valid_nll: 5.390376333081096
[2021-09-24 21:20:18] epoch 276: train_loss: 0.06974954087863043, valid_loss: 0.07863009983880652, train_nll: 4.90450281495803, valid_nll: 5.233461107500123
[2021-09-24 21:20:42] epoch 277: train_loss: 0.06970728332717113, valid_loss: 0.07896516019547427, train_nll: 4.900383709378143, valid_nll: 5.180093731184151
[2021-09-24 21:21:07] epoch 278: train_loss: 0.06971425032740786, valid_loss: 0.07880058852886712, train_nll: 4.887108087646859, valid_nll: 5.215316442703399
[2021-09-24 21:21:31] epoch 279: train_loss: 0.06973605075289445, valid_loss: 0.07883878079829393, train_nll: 4.896263693660922, valid_nll: 5.186044970576799
[2021-09-24 21:21:56] epoch 280: train_loss: 0.06959513305039465, valid_loss: 0.07894448113662225, train_nll: 4.884047252213438, valid_nll: 5.2102498129533235
[2021-09-24 21:22:20] epoch 281: train_loss: 0.0696089013714258, valid_loss: 0.07811356735312276, train_nll: 4.891600893948104, valid_nll: 5.151443207740091
[2021-09-24 21:22:45] epoch 282: train_loss: 0.06974863272359352, valid_loss: 0.07907198112871912, train_nll: 4.890145476516354, valid_nll: 5.099958196513966
[2021-09-24 21:23:09] epoch 283: train_loss: 0.06996660716369578, valid_loss: 0.07877156573727175, train_nll: 4.913820558055043, valid_nll: 5.146624685493863
[2021-09-24 21:23:33] epoch 284: train_loss: 0.06968105755717928, valid_loss: 0.078356124398609, train_nll: 4.88790334298745, valid_nll: 5.287231788829175
[2021-09-24 21:23:58] epoch 285: train_loss: 0.06985123935226664, valid_loss: 0.07875780686736107, train_nll: 4.9063126842452105, valid_nll: 5.225454443010687
[2021-09-24 21:24:23] epoch 286: train_loss: 0.06971127837931894, valid_loss: 0.07842172068302278, train_nll: 4.906429546947852, valid_nll: 5.2052101758570455
[2021-09-24 21:24:47] epoch 287: train_loss: 0.06982723474573657, valid_loss: 0.0785228459302474, train_nll: 4.904253783597968, valid_nll: 5.148189383261834
[2021-09-24 21:25:11] epoch 288: train_loss: 0.06970105978894893, valid_loss: 0.07882076656721808, train_nll: 4.896218994257228, valid_nll: 5.273261129397279
[2021-09-24 21:25:36] epoch 289: train_loss: 0.06969814000558819, valid_loss: 0.07850084780129017, train_nll: 4.899580883308813, valid_nll: 5.156771908577462
[2021-09-24 21:26:00] epoch 290: train_loss: 0.06989595858124263, valid_loss: 0.0785887535178551, train_nll: 4.9103294495810745, valid_nll: 5.213255181424527
[2021-09-24 21:26:25] epoch 291: train_loss: 0.06967670661183999, valid_loss: 0.07856651676680755, train_nll: 4.891644005392934, valid_nll: 5.350728091348663
[2021-09-24 21:26:49] epoch 292: train_loss: 0.06962733346620532, valid_loss: 0.07865303016647145, train_nll: 4.884915278770756, valid_nll: 5.082567164454094
[2021-09-24 21:27:15] epoch 293: train_loss: 0.06967055269886689, valid_loss: 0.07917533257493266, train_nll: 4.9010418729872764, valid_nll: 5.240613374915546
[2021-09-24 21:27:43] epoch 294: train_loss: 0.06984905062868964, valid_loss: 0.07841974886617174, train_nll: 4.9139227451790655, valid_nll: 5.187713455166952
[2021-09-24 21:28:09] epoch 295: train_loss: 0.06978546625060093, valid_loss: 0.07888784220925084, train_nll: 4.889006834392869, valid_nll: 5.248969591076569
[2021-09-24 21:28:33] epoch 296: train_loss: 0.06961066129205051, valid_loss: 0.07944794731835524, train_nll: 4.894638239602173, valid_nll: 5.204186805608745
[2021-09-24 21:28:58] epoch 297: train_loss: 0.06975242679313053, valid_loss: 0.07893342186041452, train_nll: 4.895491534867564, valid_nll: 5.299768896848577
[2021-09-24 21:29:22] epoch 298: train_loss: 0.06960087238974472, valid_loss: 0.07876567147948124, train_nll: 4.898364381717119, valid_nll: 5.3293332785331895
[2021-09-24 21:29:46] epoch 299: train_loss: 0.0696846186769913, valid_loss: 0.07856947599599759, train_nll: 4.89793560885404, valid_nll: 5.174569356877242
[2021-09-24 21:30:11] epoch 300: train_loss: 0.06963612700329085, valid_loss: 0.0782117639840753, train_nll: 4.8928926710393, valid_nll: 5.100362918995045
[2021-09-24 21:30:35] epoch 301: train_loss: 0.06980521146755467, valid_loss: 0.07824115107456843, train_nll: 4.895125558963516, valid_nll: 5.23306175320583
[2021-09-24 21:30:59] epoch 302: train_loss: 0.06971313595906867, valid_loss: 0.07874725821807428, train_nll: 4.895379296831328, valid_nll: 5.187351608184024
[2021-09-24 21:31:24] epoch 303: train_loss: 0.06972244254469814, valid_loss: 0.07886366475787428, train_nll: 4.894266652488345, valid_nll: 5.156261765630791
[2021-09-24 21:31:48] epoch 304: train_loss: 0.07012025158290701, valid_loss: 0.07855994847637636, train_nll: 4.9287707089378054, valid_nll: 5.232974510866977
[2021-09-24 21:32:12] epoch 305: train_loss: 0.0696230000684763, valid_loss: 0.07865193742844794, train_nll: 4.877921304689584, valid_nll: 5.185795568975459
[2021-09-24 21:32:37] epoch 306: train_loss: 0.06981942217569542, valid_loss: 0.07880278150378554, train_nll: 4.904798105996468, valid_nll: 5.116424072605448
[2021-09-24 21:33:01] epoch 307: train_loss: 0.06963755182552202, valid_loss: 0.13249250751126695, train_nll: 4.892025209728061, valid_nll: 5.206995611345471
[2021-09-24 21:33:25] epoch 308: train_loss: 0.06980957229131164, valid_loss: 0.07994825715130126, train_nll: 4.905529693391825, valid_nll: 5.311468595524614
[2021-09-24 21:33:50] epoch 309: train_loss: 0.07048906018523826, valid_loss: 0.07869397356968236, train_nll: 4.930601741338424, valid_nll: 5.2235120946458915
[2021-09-24 21:34:14] epoch 310: train_loss: 0.06963110674449904, valid_loss: 0.0791886530333647, train_nll: 4.887807875326228, valid_nll: 5.3139243467354484
[2021-09-24 21:34:38] epoch 311: train_loss: 0.0696170532965734, valid_loss: 0.07849562613086568, train_nll: 4.895643045136964, valid_nll: 5.218304022274419
[2021-09-24 21:35:03] epoch 312: train_loss: 0.06974067778383446, valid_loss: 0.07914860969478334, train_nll: 4.907787701382961, valid_nll: 5.190436522558393
[2021-09-24 21:35:27] epoch 313: train_loss: 0.06971306641202221, valid_loss: 0.07896493164201578, train_nll: 4.892143681952457, valid_nll: 5.221318706419185
[2021-09-24 21:35:52] epoch 314: train_loss: 0.06977121200135247, valid_loss: 0.0785311099210823, train_nll: 4.898190036260756, valid_nll: 5.169780568861841
[2021-09-24 21:36:17] epoch 315: train_loss: 0.06976585172095429, valid_loss: 0.07865333020411155, train_nll: 4.897770931971763, valid_nll: 5.3199721093271295
[2021-09-24 21:36:41] epoch 316: train_loss: 0.0696143647566978, valid_loss: 0.07868128597598385, train_nll: 4.895275530183, valid_nll: 5.26788102322876
[2021-09-24 21:37:05] epoch 317: train_loss: 0.06979814173212943, valid_loss: 0.07851958876406705, train_nll: 4.89302166287668, valid_nll: 5.242530637882836
[2021-09-24 21:37:30] epoch 318: train_loss: 0.06990809322562325, valid_loss: 0.07853826178858678, train_nll: 4.908242696000356, valid_nll: 5.190838552404333
[2021-09-24 21:37:54] epoch 319: train_loss: 0.06977729412250733, valid_loss: 0.07842899024210594, train_nll: 4.889864210178628, valid_nll: 5.235916815217313
[2021-09-24 21:38:18] epoch 320: train_loss: 0.06975969006058597, valid_loss: 0.07876872431348872, train_nll: 4.897443080578094, valid_nll: 5.143466589139755
[2021-09-24 21:38:43] epoch 321: train_loss: 0.06979841902631669, valid_loss: 0.0788152922289791, train_nll: 4.89427403228188, valid_nll: 5.307813685317214
[2021-09-24 21:39:08] epoch 322: train_loss: 0.06966551583800606, valid_loss: 0.07868053411237068, train_nll: 4.89841313364811, valid_nll: 5.169507208449937
[2021-09-24 21:39:32] epoch 323: train_loss: 0.06979112808933866, valid_loss: 0.07853095450059132, train_nll: 4.902577739967491, valid_nll: 5.248786639728606
[2021-09-24 21:39:57] epoch 324: train_loss: 0.06973875011672899, valid_loss: 0.07856281973697521, train_nll: 4.901551061706378, valid_nll: 5.160218230196478
[2021-09-24 21:40:21] epoch 325: train_loss: 0.06964948693759569, valid_loss: 0.07859069587041935, train_nll: 4.896516975613299, valid_nll: 5.248213546520224
[2021-09-24 21:40:45] epoch 326: train_loss: 0.0696154644975851, valid_loss: 0.07840077530730653, train_nll: 4.88566184666927, valid_nll: 5.257759373853467
[2021-09-24 21:41:10] epoch 327: train_loss: 0.06993329978036118, valid_loss: 0.07879819184265754, train_nll: 4.910242482394131, valid_nll: 5.228291971173883
[2021-09-24 21:41:34] epoch 328: train_loss: 0.06955367350374982, valid_loss: 0.07849288173019886, train_nll: 4.897456654931194, valid_nll: 5.207252957139284
[2021-09-24 21:41:59] epoch 329: train_loss: 0.06981022708928426, valid_loss: 0.07855945598610022, train_nll: 4.906975192478943, valid_nll: 5.080814517816947
[2021-09-24 21:42:23] epoch 330: train_loss: 0.06980147177552562, valid_loss: 0.0786664765259182, train_nll: 4.895520558959546, valid_nll: 5.328907801919686
[2021-09-24 21:42:47] epoch 331: train_loss: 0.0695891127271137, valid_loss: 0.07856505593905846, train_nll: 4.9002669031878305, valid_nll: 5.1844902764391705
[2021-09-24 21:43:12] epoch 332: train_loss: 0.06964570184359113, valid_loss: 0.07845334779747107, train_nll: 4.88859254967234, valid_nll: 5.265791907272394
[2021-09-24 21:43:36] epoch 333: train_loss: 0.07624301930910815, valid_loss: 0.07938833136663392, train_nll: 4.942430149155512, valid_nll: 5.421429119696486
[2021-09-24 21:44:01] epoch 334: train_loss: 0.06975570360006665, valid_loss: 0.07915941627903117, train_nll: 4.919894775484356, valid_nll: 5.346267231738299
[2021-09-24 21:44:26] epoch 335: train_loss: 0.06970809230524051, valid_loss: 0.07878571075421792, train_nll: 4.901402283336912, valid_nll: 5.235604378860241
[2021-09-24 21:44:51] epoch 336: train_loss: 0.070030786616031, valid_loss: 0.07882186942216422, train_nll: 4.917423639120219, valid_nll: 5.153914707343592
[2021-09-24 21:45:32] epoch 337: train_loss: 0.06978659019521118, valid_loss: 0.07833225127585508, train_nll: 4.90841178529065, valid_nll: 5.161141648635366
[2021-09-24 21:45:56] epoch 338: train_loss: 0.06971038124197028, valid_loss: 0.0797752472606522, train_nll: 4.905765410444568, valid_nll: 5.378296499499338
[2021-09-24 21:46:20] epoch 339: train_loss: 0.06972375155056877, valid_loss: 0.0791569616438614, train_nll: 4.901001119347827, valid_nll: 5.3012587737298364
[2021-09-24 21:46:45] epoch 340: train_loss: 0.06972504234232918, valid_loss: 0.07937260357042154, train_nll: 4.895037568864031, valid_nll: 5.294034509005486
[2021-09-24 21:47:09] epoch 341: train_loss: 0.06973419420399796, valid_loss: 0.07886770742221011, train_nll: 4.895450267423496, valid_nll: 5.241153724059099
[2021-09-24 21:47:34] epoch 342: train_loss: 0.06974546404960671, valid_loss: 0.07872162590286245, train_nll: 4.899255824806806, valid_nll: 5.188068446960671
[2021-09-24 21:47:58] epoch 343: train_loss: 0.06965838275131776, valid_loss: 0.07886778808164376, train_nll: 4.8896682195751, valid_nll: 5.369238304243455
[2021-09-24 21:48:22] epoch 344: train_loss: 0.0696923965481572, valid_loss: 0.07888469314547601, train_nll: 4.908170602467768, valid_nll: 5.208142229466657
[2021-09-24 21:48:46] epoch 345: train_loss: 0.06964618794954176, valid_loss: 0.07862109706771594, train_nll: 4.897456688952988, valid_nll: 5.120296576894013
[2021-09-24 21:49:11] epoch 346: train_loss: 0.06984968795903197, valid_loss: 0.07865078268503702, train_nll: 4.911812818608044, valid_nll: 5.237903870522788
[2021-09-24 21:49:35] epoch 347: train_loss: 0.06989074110600899, valid_loss: 0.07846550367496631, train_nll: 4.897887651179703, valid_nll: 5.27299100967736
[2021-09-24 21:49:59] epoch 348: train_loss: 0.06971594960009324, valid_loss: 0.07898416000383872, train_nll: 4.906109324182822, valid_nll: 5.296857370207137
[2021-09-24 21:50:24] epoch 349: train_loss: 0.06966062357386162, valid_loss: 0.07873431137176576, train_nll: 4.88633207726478, valid_nll: 5.2400984299382
[2021-09-24 21:50:48] epoch 350: train_loss: 0.06976451883305802, valid_loss: 0.07880609383875573, train_nll: 4.897963964788765, valid_nll: 5.166561286462707
[2021-09-24 21:51:12] epoch 351: train_loss: 0.06972919400952017, valid_loss: 0.07926207029571136, train_nll: 4.904060122172401, valid_nll: 5.329061254696649
[2021-09-24 21:51:37] epoch 352: train_loss: 0.06958266589541756, valid_loss: 0.07935705058000705, train_nll: 4.899517230431975, valid_nll: 5.182749008884213
[2021-09-24 21:52:01] epoch 353: train_loss: 0.0697770664336885, valid_loss: 0.07940146629181173, train_nll: 4.899254996177567, valid_nll: 5.27890854925314
[2021-09-24 21:52:25] epoch 354: train_loss: 0.06967905263117877, valid_loss: 0.07907895605873179, train_nll: 4.8835276508159025, valid_nll: 5.153795586380304
[2021-09-24 21:52:50] epoch 355: train_loss: 0.0696165014648426, valid_loss: 0.07958696748785399, train_nll: 4.891621188075818, valid_nll: 5.2271457538221515
[2021-09-24 21:53:14] epoch 356: train_loss: 0.0702629022687702, valid_loss: 0.0785713710580711, train_nll: 4.934357227629879, valid_nll: 5.274138458702588
[2021-09-24 21:53:39] epoch 357: train_loss: 0.06954323351987503, valid_loss: 0.07976444299436278, train_nll: 4.905642563470475, valid_nll: 5.335512871835746
[2021-09-24 21:54:03] epoch 358: train_loss: 0.06961417097406362, valid_loss: 0.07907047465581585, train_nll: 4.886713004538843, valid_nll: 5.2187259895695925
[2021-09-24 21:54:27] epoch 359: train_loss: 0.06977620184819662, valid_loss: 0.07892012753420406, train_nll: 4.888855262778026, valid_nll: 5.201869694495772
[2021-09-24 21:54:52] epoch 360: train_loss: 0.06974929777144646, valid_loss: 0.07897870085995506, train_nll: 4.903712818259502, valid_nll: 5.144245075492702
[2021-09-24 21:55:16] epoch 361: train_loss: 0.0697096805301502, valid_loss: 0.07956494834205066, train_nll: 4.904832720755556, valid_nll: 5.238899504292879
[2021-09-24 21:55:41] epoch 362: train_loss: 0.06972315571384632, valid_loss: 0.0787139114820295, train_nll: 4.895815759525248, valid_nll: 5.212399337979098
[2021-09-24 21:56:06] epoch 363: train_loss: 0.06968768732977733, valid_loss: 0.08079422745439742, train_nll: 4.896790555837587, valid_nll: 5.342646897038257
[2021-09-24 21:56:30] epoch 364: train_loss: 0.06994510481653038, valid_loss: 0.07870262148617595, train_nll: 4.911703412442127, valid_nll: 5.196807853017238
[2021-09-24 21:56:54] epoch 365: train_loss: 0.06965402234523407, valid_loss: 0.1391988961784928, train_nll: 4.899193753462548, valid_nll: 5.188115062173416
[2021-09-24 21:57:18] epoch 366: train_loss: 0.06955262356373759, valid_loss: 0.07979213678864418, train_nll: 4.907085275828148, valid_nll: 5.234889148332628
[2021-09-24 21:57:43] epoch 367: train_loss: 0.06972272768758862, valid_loss: 0.07934868362628751, train_nll: 4.897833629432026, valid_nll: 5.112615138755471
[2021-09-24 21:58:07] epoch 368: train_loss: 0.06982838998562906, valid_loss: 0.07860348436429544, train_nll: 4.894422362420169, valid_nll: 5.2575370121856375
[2021-09-24 21:58:32] epoch 369: train_loss: 0.06955039746284428, valid_loss: 0.07896592282448654, train_nll: 4.891016464196604, valid_nll: 5.381565540011758
[2021-09-24 21:58:56] epoch 370: train_loss: 0.0695978035236787, valid_loss: 0.07889700358802522, train_nll: 4.896297280331361, valid_nll: 5.271842818397554
[2021-09-24 21:59:20] epoch 371: train_loss: 0.06965461339737566, valid_loss: 0.07945692307419247, train_nll: 4.888151764551055, valid_nll: 5.241299805448408
[2021-09-24 21:59:45] epoch 372: train_loss: 0.06959979842374286, valid_loss: 0.07907587200127265, train_nll: 4.896269947992245, valid_nll: 5.302456876874345
[2021-09-24 22:00:09] epoch 373: train_loss: 0.06974255767977931, valid_loss: 0.07883069086819887, train_nll: 4.890888581412241, valid_nll: 5.240814737464463
[2021-09-24 22:00:34] epoch 374: train_loss: 0.0700190677734106, valid_loss: 0.07875101848815878, train_nll: 4.91396986931797, valid_nll: 5.202395258478494
[2021-09-24 22:00:58] epoch 375: train_loss: 0.06957630662048478, valid_loss: 0.07882341714920821, train_nll: 4.889819550174539, valid_nll: 5.21656980401406
[2021-09-24 22:01:23] epoch 376: train_loss: 0.07000573763965082, valid_loss: 0.0785220956015918, train_nll: 4.896859035655334, valid_nll: 5.212998654437798
[2021-09-24 22:01:47] epoch 377: train_loss: 0.06976549387447366, valid_loss: 0.07876580617632027, train_nll: 4.899949210360045, valid_nll: 5.236260308159722
[2021-09-24 22:02:13] epoch 378: train_loss: 0.06976294860720123, valid_loss: 0.07876661056307731, train_nll: 4.887768285142511, valid_nll: 5.167368150432645
[2021-09-24 22:02:36] epoch 379: train_loss: 0.06962960653668199, valid_loss: 0.07897181172889692, train_nll: 4.903540026632048, valid_nll: 5.29333499104138
[2021-09-24 22:03:02] epoch 380: train_loss: 0.06975463447729766, valid_loss: 0.07895825034076417, train_nll: 4.889006706366073, valid_nll: 5.308498314419084
[2021-09-24 22:03:30] epoch 381: train_loss: 0.06971395594771695, valid_loss: 0.07885753758665588, train_nll: 4.908590939986649, valid_nll: 5.291445024906363
[2021-09-24 22:03:56] epoch 382: train_loss: 0.06959196924807802, valid_loss: 0.07919040692073327, train_nll: 4.903431555558302, valid_nll: 5.322247466265333
[2021-09-24 22:04:20] epoch 383: train_loss: 0.06963854111226289, valid_loss: 0.07883838892534926, train_nll: 4.895472629023958, valid_nll: 5.204738146362453
[2021-09-24 22:04:44] epoch 384: train_loss: 0.06960560635393415, valid_loss: 0.07885907821495224, train_nll: 4.895797038337698, valid_nll: 5.032184450310675
[2021-09-24 22:05:08] epoch 385: train_loss: 0.06977719201649475, valid_loss: 0.07951156390072019, train_nll: 4.903083680519687, valid_nll: 5.328794053113943
[2021-09-24 22:05:33] epoch 386: train_loss: 0.06969113301180076, valid_loss: 0.07999294096672976, train_nll: 4.89575216758752, valid_nll: 5.239364127309408
[2021-09-24 22:05:57] epoch 387: train_loss: 0.07016657399660588, valid_loss: 0.07867364750278216, train_nll: 4.913861265774083, valid_nll: 5.231440664405426
[2021-09-24 22:06:22] epoch 388: train_loss: 0.06961426846611932, valid_loss: 0.0919580058367164, train_nll: 4.8942397838551335, valid_nll: 5.206787458616953
[2021-09-24 22:06:45] epoch 389: train_loss: 0.06958598976435837, valid_loss: 0.07932978767763685, train_nll: 4.900992546212193, valid_nll: 5.291436572087587
[2021-09-24 22:07:10] epoch 390: train_loss: 0.06993661469154287, valid_loss: 0.07950618666493231, train_nll: 4.903581842770734, valid_nll: 5.339450103438411
[2021-09-24 22:07:34] epoch 391: train_loss: 0.06957871860021171, valid_loss: 0.07954428242174563, train_nll: 4.895078178451411, valid_nll: 5.219038712005874
[2021-09-24 22:07:58] epoch 392: train_loss: 0.06963693380057243, valid_loss: 0.07949125026525171, train_nll: 4.885445668032629, valid_nll: 5.3343469264691405
[2021-09-24 22:08:23] epoch 393: train_loss: 0.06971635322534402, valid_loss: 0.07883022751797128, train_nll: 4.898453491541445, valid_nll: 5.187235084927074
[2021-09-24 22:08:47] epoch 394: train_loss: 0.06965978886534012, valid_loss: 0.14124230784536512, train_nll: 4.8948819958018435, valid_nll: 5.143878784585998
[2021-09-24 22:09:11] epoch 395: train_loss: 0.06967712508315463, valid_loss: 0.07926019094194527, train_nll: 4.891249158424335, valid_nll: 5.118148591506282
[2021-09-24 22:09:35] epoch 396: train_loss: 0.06955254769116243, valid_loss: 0.07933883063357186, train_nll: 4.8924480792265665, valid_nll: 5.266163969536262
[2021-09-24 22:10:00] epoch 397: train_loss: 0.06959087953312706, valid_loss: 0.14444715401364697, train_nll: 4.88153048650226, valid_nll: 5.388651796912085
[2021-09-24 22:10:24] epoch 398: train_loss: 0.06977169291571295, valid_loss: 0.07908939399790985, train_nll: 4.925492216399327, valid_nll: 5.336653514336628
[2021-09-24 22:10:49] epoch 399: train_loss: 0.06959474049970678, valid_loss: 0.07888041928548503, train_nll: 4.889617455416947, valid_nll: 5.2921890048246585
[2021-09-24 22:11:13] epoch 400: train_loss: 0.07005737633408822, valid_loss: 0.07993045717615772, train_nll: 4.9147533321734524, valid_nll: 5.306332399030771
[2021-09-24 22:11:37] epoch 401: train_loss: 0.07013749680304118, valid_loss: 0.07852851924727912, train_nll: 4.92294320740065, valid_nll: 5.2376472814814345
[2021-09-24 22:12:02] epoch 402: train_loss: 0.0695639380683966, valid_loss: 0.07912562759938063, train_nll: 4.894267486009161, valid_nll: 5.2995051022679425
[2021-09-24 22:12:27] epoch 403: train_loss: 0.07017338776584174, valid_loss: 0.07902966643925066, train_nll: 4.9202278266827975, valid_nll: 5.402806925721678
[2021-09-24 22:12:51] epoch 404: train_loss: 0.06945854052901268, valid_loss: 0.07933590452842139, train_nll: 4.885394412623731, valid_nll: 5.35962897609839
[2021-09-24 22:13:16] epoch 405: train_loss: 0.06962697055787985, valid_loss: 0.07986204284070819, train_nll: 4.898891961370219, valid_nll: 5.243273307820608
[2021-09-24 22:13:40] epoch 406: train_loss: 0.06978347426714049, valid_loss: 0.07901501141626525, train_nll: 4.904927041440398, valid_nll: 5.2037564109815175
[2021-09-24 22:14:04] epoch 407: train_loss: 0.06982169407668687, valid_loss: 0.07875078858600723, train_nll: 4.906136151767712, valid_nll: 5.1991074286197465
[2021-09-24 22:14:29] epoch 408: train_loss: 0.06971910791578241, valid_loss: 0.0794773382652137, train_nll: 4.903653464328508, valid_nll: 5.355918614173507
[2021-09-24 22:14:53] epoch 409: train_loss: 0.06979290667373886, valid_loss: 0.07910795671934331, train_nll: 4.908859074441696, valid_nll: 5.2050756078169265
[2021-09-24 22:15:17] epoch 410: train_loss: 0.06959756465898898, valid_loss: 0.07922933915009102, train_nll: 4.895741353848982, valid_nll: 5.165308682458564
[2021-09-24 22:15:42] epoch 411: train_loss: 0.06973205189014436, valid_loss: 0.0789250207444032, train_nll: 4.900583317601003, valid_nll: 5.200315982335648
[2021-09-24 22:16:06] epoch 412: train_loss: 0.06975589719074884, valid_loss: 0.07985308566303165, train_nll: 4.902394584039493, valid_nll: 5.2384903055679075
[2021-09-24 22:16:30] epoch 413: train_loss: 0.08740180249517883, valid_loss: 0.07906484474876413, train_nll: 4.949370318248229, valid_nll: 5.317337790207319
[2021-09-24 22:16:55] epoch 414: train_loss: 0.06978579475331113, valid_loss: 0.07835246116888744, train_nll: 4.913298617076661, valid_nll: 5.198865805270163
[2021-09-24 22:17:19] epoch 415: train_loss: 0.06967430475935737, valid_loss: 0.07897121770376409, train_nll: 4.903862628381427, valid_nll: 5.3059355629353275
[2021-09-24 22:17:43] epoch 416: train_loss: 0.06965878360392881, valid_loss: 0.07939202262571564, train_nll: 4.9035841578196395, valid_nll: 5.272488576556141
[2021-09-24 22:18:08] epoch 417: train_loss: 0.07016917822335114, valid_loss: 0.07916666301036322, train_nll: 4.9201892926792175, valid_nll: 5.181309420627879
[2021-09-24 22:18:33] epoch 418: train_loss: 0.06996416702212496, valid_loss: 0.07930165971456854, train_nll: 4.91386774552915, valid_nll: 5.189297675024479
[2021-09-24 22:18:57] epoch 419: train_loss: 0.06970205509196256, valid_loss: 0.07908811038704934, train_nll: 4.898940696188486, valid_nll: 5.28950696588284
[2021-09-24 22:19:21] epoch 420: train_loss: 0.06970959654049451, valid_loss: 0.07981258439658968, train_nll: 4.9150593812756105, valid_nll: 5.363725256937175
[2021-09-24 22:19:46] epoch 421: train_loss: 0.0697342656154669, valid_loss: 0.07948514701177677, train_nll: 4.904849237919357, valid_nll: 5.274879112511448
[2021-09-24 22:20:11] epoch 422: train_loss: 0.06982072996942483, valid_loss: 0.07905137702408764, train_nll: 4.910683789343388, valid_nll: 5.1478423977152135
[2021-09-24 22:20:36] epoch 423: train_loss: 0.06969995309691165, valid_loss: 0.07968172353726846, train_nll: 4.893360930624372, valid_nll: 5.429587612646135
[2021-09-24 22:21:00] epoch 424: train_loss: 0.0700814576734227, valid_loss: 0.07912833433322332, train_nll: 4.9209856703249075, valid_nll: 5.1214926011162385
[2021-09-24 22:21:26] epoch 425: train_loss: 0.0699395390035485, valid_loss: 0.07927020868907372, train_nll: 4.916233963784309, valid_nll: 5.232675444603659
[2021-09-24 22:21:51] epoch 426: train_loss: 0.06965428061840188, valid_loss: 0.07901726911465327, train_nll: 4.887368493735766, valid_nll: 5.244794285242565
[2021-09-24 22:22:16] epoch 427: train_loss: 0.06957732852839843, valid_loss: 0.07952606764932474, train_nll: 4.901934967409034, valid_nll: 5.274644212023278
[2021-09-24 22:22:39] epoch 428: train_loss: 0.06963319426850338, valid_loss: 0.07963882993078894, train_nll: 4.8874838734974135, valid_nll: 5.276773927125767
[2021-09-24 22:23:04] epoch 429: train_loss: 0.06989138048206178, valid_loss: 0.14739723814720357, train_nll: 4.924058602230583, valid_nll: 5.152606399155679
[2021-09-24 22:23:28] epoch 430: train_loss: 0.0695892104128987, valid_loss: 0.07932657838143685, train_nll: 4.897222368272021, valid_nll: 5.37560897629534
[2021-09-24 22:23:52] epoch 431: train_loss: 0.06957872158079942, valid_loss: 0.07932129209102304, train_nll: 4.897902947059001, valid_nll: 5.137147622811422
[2021-09-24 22:24:17] epoch 432: train_loss: 0.06990327897751775, valid_loss: 0.07894580010324717, train_nll: 4.923943308869581, valid_nll: 5.210566441137258
[2021-09-24 22:24:41] epoch 433: train_loss: 0.06990440017970292, valid_loss: 0.07876829770566136, train_nll: 4.9048199577640395, valid_nll: 5.211007628836779
[2021-09-24 22:25:05] epoch 434: train_loss: 0.08295282897653186, valid_loss: 0.07876812481769808, train_nll: 4.931935757294099, valid_nll: 5.20372740718534
[2021-09-24 22:25:30] epoch 435: train_loss: 0.06954762163813731, valid_loss: 0.07869715841694011, train_nll: 4.90094177735345, valid_nll: 5.254626104151241
[2021-09-24 22:25:54] epoch 436: train_loss: 0.06978782478236516, valid_loss: 0.0798738996118859, train_nll: 4.904568684496816, valid_nll: 5.289550985882514
[2021-09-24 22:26:18] epoch 437: train_loss: 0.06962969328298141, valid_loss: 0.0793292253209209, train_nll: 4.897794717220876, valid_nll: 5.236582147547016
[2021-09-24 22:26:43] epoch 438: train_loss: 0.06961236304233832, valid_loss: 0.07925410871566446, train_nll: 4.889295681973301, valid_nll: 5.3564538730832805
[2021-09-24 22:27:07] epoch 439: train_loss: 0.06972863405893151, valid_loss: 0.07959847466813194, train_nll: 4.900295885572785, valid_nll: 5.211570794967322
[2021-09-24 22:27:31] epoch 440: train_loss: 0.0696715198649193, valid_loss: 0.07887212072533589, train_nll: 4.890165998741615, valid_nll: 5.286137742333653
[2021-09-24 22:27:56] epoch 441: train_loss: 0.06976004496380289, valid_loss: 0.07890679741761199, train_nll: 4.892348740578891, valid_nll: 5.315051753778949
[2021-09-24 22:28:20] epoch 442: train_loss: 0.06962668556250802, valid_loss: 0.08010462110655175, train_nll: 4.900285701266683, valid_nll: 5.455310456408221
[2021-09-24 22:28:44] epoch 443: train_loss: 0.0695477569838346, valid_loss: 0.07885765598190052, train_nll: 4.887073796185929, valid_nll: 5.254952222814401
[2021-09-24 22:29:09] epoch 444: train_loss: 0.0696981526246536, valid_loss: 0.0792600353696832, train_nll: 4.9071628314885025, valid_nll: 5.172245453460775
[2021-09-24 22:29:33] epoch 445: train_loss: 0.06973654012202875, valid_loss: 0.07930819347362827, train_nll: 4.892203444219042, valid_nll: 5.193217132040156
[2021-09-24 22:29:57] epoch 446: train_loss: 0.069663489628441, valid_loss: 0.07953475431228678, train_nll: 4.905050208962842, valid_nll: 5.260167281225385
[2021-09-24 22:30:22] epoch 447: train_loss: 0.06966755000291434, valid_loss: 0.07883916064682935, train_nll: 4.894655232942477, valid_nll: 5.204496710654236
[2021-09-24 22:30:46] epoch 448: train_loss: 0.06968542069146935, valid_loss: 0.07923145504944303, train_nll: 4.903752017669556, valid_nll: 5.299631707000548
[2021-09-24 22:31:10] epoch 449: train_loss: 0.06956042503788783, valid_loss: 0.07958029464439109, train_nll: 4.890362143573057, valid_nll: 5.246582660661197
[2021-09-24 22:31:35] epoch 450: train_loss: 0.06963337465182289, valid_loss: 0.07971753528410638, train_nll: 4.901680979339984, valid_nll: 5.245044733184615
[2021-09-24 22:31:59] epoch 451: train_loss: 0.06971562620010653, valid_loss: 0.0793774563336262, train_nll: 4.905075366165796, valid_nll: 5.21865803227532
[2021-09-24 22:32:23] epoch 452: train_loss: 0.06974622542536213, valid_loss: 0.07900253786119046, train_nll: 4.901895760782441, valid_nll: 5.209701657116312
[2021-09-24 22:32:48] epoch 453: train_loss: 0.0696369199427058, valid_loss: 0.07949366859263844, train_nll: 4.900693993530652, valid_nll: 5.211856139309324
[2021-09-24 22:33:13] epoch 454: train_loss: 0.06992850684958958, valid_loss: 0.0791891269730749, train_nll: 4.8981098826907, valid_nll: 5.1934212314566
[2021-09-24 22:33:37] epoch 455: train_loss: 0.06956840282170998, valid_loss: 0.079337445853485, train_nll: 4.883878279272517, valid_nll: 5.118762538635653
[2021-09-24 22:34:01] epoch 456: train_loss: 0.06969653141244052, valid_loss: 0.07921499228449884, train_nll: 4.90419608589257, valid_nll: 5.221531513890987
[2021-09-24 22:34:26] epoch 457: train_loss: 0.06999041768366769, valid_loss: 0.07948415898200538, train_nll: 4.908060481038318, valid_nll: 5.287473740366463
[2021-09-24 22:34:50] epoch 458: train_loss: 0.07009008568391659, valid_loss: 0.07947646714746952, train_nll: 4.925119281613172, valid_nll: 5.19776072561005
[2021-09-24 22:35:14] epoch 459: train_loss: 0.06968552063802215, valid_loss: 0.15134888233409988, train_nll: 4.90221196079838, valid_nll: 5.257020596550614
[2021-09-24 22:35:39] epoch 460: train_loss: 0.06956187543594314, valid_loss: 0.07854147464450863, train_nll: 4.890109324706856, valid_nll: 5.180836077551379
[2021-09-24 22:36:03] epoch 461: train_loss: 0.06959091777422728, valid_loss: 0.07907754666068488, train_nll: 4.895104401794026, valid_nll: 5.24357227961684
[2021-09-24 22:36:28] epoch 462: train_loss: 0.06980117780284402, valid_loss: 0.07913806260459953, train_nll: 4.918125278716521, valid_nll: 5.193179412893509
[2021-09-24 22:36:52] epoch 463: train_loss: 0.06963256156278191, valid_loss: 0.0793641651670138, train_nll: 4.877242331914506, valid_nll: 5.340483197517183
[2021-09-24 22:37:16] epoch 464: train_loss: 0.06948348440101924, valid_loss: 0.07917868194894659, train_nll: 4.89150582493189, valid_nll: 5.2713832210669125
[2021-09-24 22:37:41] epoch 465: train_loss: 0.08181629570215258, valid_loss: 0.07923803700962001, train_nll: 4.934588063185039, valid_nll: 5.205080714857166
[2021-09-24 22:38:05] epoch 466: train_loss: 0.06950522522186107, valid_loss: 0.07881661533481545, train_nll: 4.894704126130907, valid_nll: 5.122818648431354
[2021-09-24 22:38:29] epoch 467: train_loss: 0.06952122551964894, valid_loss: 0.07869865692876003, train_nll: 4.891667987419859, valid_nll: 5.376087021025466
[2021-09-24 22:38:53] epoch 468: train_loss: 0.07001027710671814, valid_loss: 0.07963169388197086, train_nll: 4.930798819103701, valid_nll: 5.318734520880081
[2021-09-24 22:39:20] epoch 469: train_loss: 0.06950390147834391, valid_loss: 0.07922300069972321, train_nll: 4.897272065468104, valid_nll: 5.427845837480651
[2021-09-24 22:39:44] epoch 470: train_loss: 0.06971988488585894, valid_loss: 0.07955604132126878, train_nll: 4.899436216296139, valid_nll: 5.346909580863263
[2021-09-24 22:40:09] epoch 471: train_loss: 0.06972657775911609, valid_loss: 0.07920604421998616, train_nll: 4.911746345169978, valid_nll: 5.261002335447977
[2021-09-24 22:40:33] epoch 472: train_loss: 0.06962918813646067, valid_loss: 0.07907187201565614, train_nll: 4.910017782248456, valid_nll: 5.261824256160074
[2021-09-24 22:40:57] epoch 473: train_loss: 0.06971879797198503, valid_loss: 0.07920104487350693, train_nll: 4.904421837181617, valid_nll: 5.31793719836281
[2021-09-24 22:41:22] epoch 474: train_loss: 0.0698276060892852, valid_loss: 0.07943489729530281, train_nll: 4.899755313813329, valid_nll: 5.330868130519759
[2021-09-24 22:41:46] epoch 475: train_loss: 0.06988011264661682, valid_loss: 0.07845049208650987, train_nll: 4.909944477999902, valid_nll: 5.168790901570077
[2021-09-24 22:42:10] epoch 476: train_loss: 0.06956793925945313, valid_loss: 0.07877629611089274, train_nll: 4.891022723965178, valid_nll: 5.187352959164924
[2021-09-24 22:42:34] epoch 477: train_loss: 0.06965718820925716, valid_loss: 0.07923435627448339, train_nll: 4.896527196790393, valid_nll: 5.324242016144279
[2021-09-24 22:42:58] epoch 478: train_loss: 0.06971575633110834, valid_loss: 0.0788101592204637, train_nll: 4.897406368043816, valid_nll: 5.221215279550767
[2021-09-24 22:43:22] epoch 479: train_loss: 0.06961396668916782, valid_loss: 0.07934667329407401, train_nll: 4.911413135780665, valid_nll: 5.239551504943597
[2021-09-24 22:43:47] epoch 480: train_loss: 0.0697245020348266, valid_loss: 0.07884854787477741, train_nll: 4.8989144782421965, valid_nll: 5.281749237030997
[2021-09-24 22:44:11] epoch 481: train_loss: 0.06959449929249195, valid_loss: 0.07963384454035097, train_nll: 4.900546630329479, valid_nll: 5.2391528037003585
[2021-09-24 22:44:35] epoch 482: train_loss: 0.06955546466989145, valid_loss: 0.0797708853803299, train_nll: 4.892385070738013, valid_nll: 5.428898895049436
[2021-09-24 22:45:00] epoch 483: train_loss: 0.06958390209639004, valid_loss: 0.07891335938884704, train_nll: 4.889387146871713, valid_nll: 5.292340572784727
[2021-09-24 22:45:24] epoch 484: train_loss: 0.06950884418320337, valid_loss: 0.07889952471962682, train_nll: 4.9008461286113105, valid_nll: 5.215397169768334
[2021-09-24 22:45:48] epoch 485: train_loss: 0.06972275481502462, valid_loss: 0.08054048192721826, train_nll: 4.902545641377125, valid_nll: 5.320520102086063
[2021-09-24 22:46:13] epoch 486: train_loss: 0.06981006296856315, valid_loss: 0.07908504463180348, train_nll: 4.903800522519395, valid_nll: 5.311275800115345
[2021-09-24 22:46:37] epoch 487: train_loss: 0.07008008554378767, valid_loss: 0.07885255893623387, train_nll: 4.915732699536811, valid_nll: 5.252147679177707
[2021-09-24 22:47:01] epoch 488: train_loss: 0.0696964756112887, valid_loss: 0.07911488286874913, train_nll: 4.889418799361954, valid_nll: 5.2980591876718615
[2021-09-24 22:47:26] epoch 489: train_loss: 0.06975632143306425, valid_loss: 0.14782212199988187, train_nll: 4.896768715843906, valid_nll: 5.273817867979938
[2021-09-24 22:47:51] epoch 490: train_loss: 0.06964851881711538, valid_loss: 0.07921320956062387, train_nll: 4.8863126093887255, valid_nll: 5.215082111880381
[2021-09-24 22:48:23] epoch 491: train_loss: 0.06989138278904022, valid_loss: 0.09490058685618419, train_nll: 4.911236593568735, valid_nll: 5.390397386220776
[2021-09-24 22:48:50] epoch 492: train_loss: 0.06964796166582644, valid_loss: 0.07908724364307192, train_nll: 4.893067021357033, valid_nll: 5.110251509297763
[2021-09-24 22:49:14] epoch 493: train_loss: 0.06990915146044932, valid_loss: 0.08096143908936668, train_nll: 4.901424420503638, valid_nll: 5.484399838564154
[2021-09-24 22:49:38] epoch 494: train_loss: 0.06995291440776115, valid_loss: 0.07910190695827758, train_nll: 4.914782233391359, valid_nll: 5.126688763247481
[2021-09-24 22:50:03] epoch 495: train_loss: 0.0698101730494696, valid_loss: 0.07897412149856488, train_nll: 4.905626624195822, valid_nll: 5.325714836222183
[2021-09-24 22:50:27] epoch 496: train_loss: 0.06989902217751583, valid_loss: 0.07889224936564763, train_nll: 4.923039873459249, valid_nll: 5.188817046070122
[2021-09-24 22:50:51] epoch 497: train_loss: 0.06961753983441599, valid_loss: 0.07964071242690639, train_nll: 4.905284984212599, valid_nll: 5.206767409617143
[2021-09-24 22:51:16] epoch 498: train_loss: 0.06960118346925796, valid_loss: 0.07948219544357724, train_nll: 4.8958097273572685, valid_nll: 5.225549869357284
[2021-09-24 22:51:40] epoch 499: train_loss: 0.06986836409765004, valid_loss: 0.07924805709195358, train_nll: 4.885137412444368, valid_nll: 5.25393641565822
