------------ Configs ------------
building en vocab...
found previously built en vocab, loading...
there are 6079 tokens in en vocab
building de vocab...
found previously built de vocab, loading...
there are 6624 tokens in de vocab
building translation train en->de dataset...
found preprocessed train en->de dataset, loading...
taking 25000 subset of full data...
truncating all sequences to have max 50 tokens...
building en vocab...
found previously built en vocab, loading...
there are 6079 tokens in en vocab
building de vocab...
found previously built de vocab, loading...
there are 6624 tokens in de vocab
building translation valid en->de dataset...
found preprocessed valid en->de dataset, loading...
taking 5000 subset of full data...
truncating all sequences to have max 50 tokens...
model summary: 
=================================================================
                Kernel Shape     Output Shape   Params  Mult-Adds
Layer                                                            
0_src_embedding  [512, 6079]   [128, 50, 512]  3112448    3112448
1_enc                      -   [128, 50, 958]  3247620    3243788
2_tgt_embedding  [512, 6624]   [128, 50, 512]  3391488    3391488
3_dec                      -   [128, 50, 958]  3247620    3243788
4_mlp            [958, 6624]  [128, 50, 6624]  6352416    6345792
-----------------------------------------------------------------
                        Totals
Total params          19351592
Trainable params      19351592
Non-trainable params         0
Mult-Adds             19337304
=================================================================
rnn:  tanh
num layers: 2
embedding dim:  512
data:  iwslt_en_de
max seq tokens:  50
train subset:  25000
valid subset:  5000
optimizer:  adamw
learning rate:  0.001
weight decay:  0.001
gradient clipping:  1.0
loss criterion:  ce
continue training:  False
save directory:  ./exp/translation/en_de/tanh_adamw
log directory:  ./log/translation/en_de/tanh_adamw
starting epoch:  0
ending epoch:  100
steps per epoch:  196
cuda:  True
---------------------------------
calculating bleu for 20 examples...
[2021-09-26 07:13:39] epoch 0: train_loss: 5.575419924697098, valid_loss: 5.031373296465192, train_nll: 0.1738248135964148, valid_nll: 0.09834812695236192, valid_bleu: 6.323587582318557e-79
calculating bleu for 20 examples...
[2021-09-26 07:17:14] epoch 1: train_loss: 4.793439918634843, valid_loss: 4.747990471976144, train_nll: 0.0700764758113939, valid_nll: 0.0677261717246284, valid_bleu: 8.990153308536731e-79
calculating bleu for 20 examples...
[2021-09-26 07:20:51] epoch 2: train_loss: 4.407471306469976, valid_loss: 4.637048653193882, train_nll: 0.03397099119225327, valid_nll: 0.055226493789159455, valid_bleu: 6.369820239885774e-79
calculating bleu for 20 examples...
[2021-09-26 07:24:28] epoch 3: train_loss: 4.090557336807251, valid_loss: 4.616477421351841, train_nll: 0.01697944413321359, valid_nll: 0.049790709394373245, valid_bleu: 0.0014941126398749912
calculating bleu for 20 examples...
[2021-09-26 07:28:06] epoch 4: train_loss: 3.7985534412520274, valid_loss: 4.6113296917506625, train_nll: 0.008595136525679607, valid_nll: 0.047092427223740005, valid_bleu: 0.0068450196788456584
calculating bleu for 20 examples...
[2021-09-26 07:31:52] epoch 5: train_loss: 3.519881297130974, valid_loss: 4.637553828103202, train_nll: 0.004544709277153171, valid_nll: 0.045842101456027934, valid_bleu: 0.022443698017728088
calculating bleu for 20 examples...
[2021-09-26 07:35:37] epoch 6: train_loss: 3.251104341477764, valid_loss: 4.701082161494663, train_nll: 0.00243744831240907, valid_nll: 0.04629924056678599, valid_bleu: 0.001486848494639057
calculating bleu for 20 examples...
[2021-09-26 07:39:33] epoch 7: train_loss: 2.994334403349429, valid_loss: 4.777129650115967, train_nll: 0.0013804000130478217, valid_nll: 0.048234690943060606, valid_bleu: 0.015146787215148255
calculating bleu for 20 examples...
[2021-09-26 07:43:23] epoch 8: train_loss: 2.7410595794113313, valid_loss: 4.877395016806466, train_nll: 0.0008009791924208573, valid_nll: 0.04858343941824777, valid_bleu: 0.004887602231499109
calculating bleu for 20 examples...
[2021-09-26 07:47:11] epoch 9: train_loss: 2.5084048229820874, valid_loss: 4.957960673740932, train_nll: 0.0004729205694003981, valid_nll: 0.04896926248658775, valid_bleu: 0.016289856567504816
saving at epoch 9...
calculating bleu for 20 examples...
[2021-09-26 07:51:00] epoch 10: train_loss: 2.280832891561547, valid_loss: 5.064252308436802, train_nll: 0.0002872973982655272, valid_nll: 0.049768305149208124, valid_bleu: 1.57547494374317e-79
calculating bleu for 20 examples...
[2021-09-26 07:54:49] epoch 11: train_loss: 2.0642055066264406, valid_loss: 5.162138530186245, train_nll: 0.00016829028613905535, valid_nll: 0.05127439868868789, valid_bleu: 0.006732424311542355
calculating bleu for 20 examples...
[2021-09-26 07:58:54] epoch 12: train_loss: 1.8708022528765154, valid_loss: 5.274752344403948, train_nll: 0.00011284806397496438, valid_nll: 0.053635933355803786, valid_bleu: 0.014879641171245492
calculating bleu for 20 examples...
[2021-09-26 08:02:45] epoch 13: train_loss: 1.6871877428220243, valid_loss: 5.395341191973005, train_nll: 7.015655553196484e-05, valid_nll: 0.05241985710299745, valid_bleu: 1.3632877985652803e-79
calculating bleu for 20 examples...
[2021-09-26 08:06:51] epoch 14: train_loss: 1.526154847169409, valid_loss: 5.5233034406389505, train_nll: 4.8386000355287476e-05, valid_nll: 0.05333055207606163, valid_bleu: 8.010438005934996e-79
calculating bleu for 20 examples...
[2021-09-26 08:10:41] epoch 15: train_loss: 1.377326518905406, valid_loss: 5.6452750478472025, train_nll: 3.097189147797368e-05, valid_nll: 0.05441135140678685, valid_bleu: 0.006313572708553872
calculating bleu for 20 examples...
[2021-09-26 08:14:34] epoch 16: train_loss: 1.2499259740722424, valid_loss: 5.77361604145595, train_nll: 2.1420207602671428e-05, valid_nll: 0.0546384503854989, valid_bleu: 5.431386430692667e-79
calculating bleu for 20 examples...
[2021-09-26 08:18:20] epoch 17: train_loss: 1.1330681765566066, valid_loss: 5.878398486546108, train_nll: 1.5107541804057515e-05, valid_nll: 0.05474188976985695, valid_bleu: 0.02401514047520026
calculating bleu for 20 examples...
[2021-09-26 08:22:26] epoch 18: train_loss: 1.0317809672988192, valid_loss: 6.012505940028599, train_nll: 1.0494725441142004e-05, valid_nll: 0.05653985358923975, valid_bleu: 0.005250780901202968
calculating bleu for 20 examples...
[2021-09-26 08:26:25] epoch 19: train_loss: 0.9396135153210893, valid_loss: 6.127757413046701, train_nll: 7.196918039361094e-06, valid_nll: 0.05700750363225949, valid_bleu: 0.005016820765498724
saving at epoch 19...
calculating bleu for 20 examples...
[2021-09-26 08:30:18] epoch 20: train_loss: 0.8625846745408311, valid_loss: 6.242443697793143, train_nll: 4.894231783766582e-06, valid_nll: 0.057404066626914704, valid_bleu: 3.6123656702397264e-79
calculating bleu for 20 examples...
[2021-09-26 08:34:08] epoch 21: train_loss: 0.7970303707585042, valid_loss: 6.379285131181989, train_nll: 4.517604846860609e-06, valid_nll: 0.057738386723328476, valid_bleu: 0.0058214885063452545
calculating bleu for 20 examples...
[2021-09-26 08:38:08] epoch 22: train_loss: 0.7386262392511174, valid_loss: 6.503719874790737, train_nll: 2.5853013975266956e-06, valid_nll: 0.05822075620953882, valid_bleu: 2.81560136193495e-79
calculating bleu for 20 examples...
[2021-09-26 08:41:57] epoch 23: train_loss: 0.6921861895493099, valid_loss: 6.606845787593296, train_nll: 2.9311793995544774e-06, valid_nll: 0.05842878731280308, valid_bleu: 1.8555650979024412e-79
calculating bleu for 20 examples...
[2021-09-26 08:45:49] epoch 24: train_loss: 0.6490279401139337, valid_loss: 6.732893535069057, train_nll: 1.6730070145496604e-06, valid_nll: 0.05889236034990168, valid_bleu: 1.5302689141109291e-80
calculating bleu for 20 examples...
[2021-09-26 08:49:38] epoch 25: train_loss: 0.612572254422976, valid_loss: 6.8366868155343195, train_nll: 1.453070082910815e-06, valid_nll: 0.06084576519255823, valid_bleu: 0.0024678263099056235
calculating bleu for 20 examples...
[2021-09-26 08:53:24] epoch 26: train_loss: 0.5841488255834093, valid_loss: 6.9263443265642435, train_nll: 9.62762403472954e-07, valid_nll: 0.0601117975200268, valid_bleu: 3.270464827918598e-79
calculating bleu for 20 examples...
[2021-09-26 08:57:27] epoch 27: train_loss: 0.5561367674749724, valid_loss: 7.06321770804269, train_nll: 6.727598456956756e-07, valid_nll: 0.059771527786381125, valid_bleu: 0.006313572708553872
calculating bleu for 20 examples...
[2021-09-26 09:01:27] epoch 28: train_loss: 0.5347675427186246, valid_loss: 7.142443111964634, train_nll: 5.437589013397846e-07, valid_nll: 0.0618844527623127, valid_bleu: 2.706152247104446e-79
calculating bleu for 20 examples...
[2021-09-26 09:05:18] epoch 29: train_loss: 0.5233368913129884, valid_loss: 7.221323694501605, train_nll: 5.409285701740424e-07, valid_nll: 0.06049625714444615, valid_bleu: 2.1539830145276186e-79
saving at epoch 29...
calculating bleu for 20 examples...
[2021-09-26 09:09:17] epoch 30: train_loss: 0.5110077839724871, valid_loss: 7.3289682524544855, train_nll: 1.058029374677916e-06, valid_nll: 0.06354195590754777, valid_bleu: 0.006736762801718188
calculating bleu for 20 examples...
[2021-09-26 09:13:20] epoch 31: train_loss: 0.4955828332779359, valid_loss: 7.419708320072719, train_nll: 3.9784890295443484e-07, valid_nll: 0.06358755483064478, valid_bleu: 0.017978997475541048
calculating bleu for 20 examples...
[2021-09-26 09:17:09] epoch 32: train_loss: 0.48517685642047803, valid_loss: 7.488691125597272, train_nll: 2.6068387837347733e-07, valid_nll: 0.06384906814387231, valid_bleu: 0.004484117624173301
calculating bleu for 20 examples...
[2021-09-26 09:20:59] epoch 33: train_loss: 0.47734156463827404, valid_loss: 7.573575496673584, train_nll: 2.317926184881061e-07, valid_nll: 0.06481023228416155, valid_bleu: 2.6153065135966018e-79
calculating bleu for 20 examples...
[2021-09-26 09:24:38] epoch 34: train_loss: 0.47264906201435597, valid_loss: 7.623282841273716, train_nll: 2.1062599651857602e-07, valid_nll: 0.06457046463902019, valid_bleu: 0.008412972501305429
calculating bleu for 20 examples...
[2021-09-26 09:28:14] epoch 35: train_loss: 0.46769227148318776, valid_loss: 7.7121599061148505, train_nll: 1.6062042229466475e-07, valid_nll: 0.06576111588896275, valid_bleu: 0.01881718620976486
calculating bleu for 20 examples...
[2021-09-26 09:31:53] epoch 36: train_loss: 0.4641579646541148, valid_loss: 7.778868743351528, train_nll: 1.738799635881596e-07, valid_nll: 0.06707258762781136, valid_bleu: 3.4806372359988356e-79
calculating bleu for 20 examples...
[2021-09-26 09:35:31] epoch 37: train_loss: 0.4597409779624063, valid_loss: 7.853232724325998, train_nll: 1.2335195656324147e-07, valid_nll: 0.06847201973490251, valid_bleu: 0.0058214885063452545
calculating bleu for 20 examples...
[2021-09-26 09:39:09] epoch 38: train_loss: 0.4605827355871395, valid_loss: 7.906807831355503, train_nll: 1.3166143660876517e-07, valid_nll: 0.06789936136511192, valid_bleu: 0.0029726848724959307
calculating bleu for 20 examples...
[2021-09-26 09:42:46] epoch 39: train_loss: 0.45865120343407806, valid_loss: 8.010585989270892, train_nll: 1.0251219604135852e-07, valid_nll: 0.06927936720177408, valid_bleu: 3.0086012181502646e-79
saving at epoch 39...
calculating bleu for 20 examples...
[2021-09-26 09:46:28] epoch 40: train_loss: 0.45793458910620943, valid_loss: 8.018674373626709, train_nll: 1.0207789162984196e-07, valid_nll: 0.07003619851029781, valid_bleu: 9.259362925692052e-79
calculating bleu for 20 examples...
[2021-09-26 09:50:19] epoch 41: train_loss: 0.458672038906691, valid_loss: 8.08057791846139, train_nll: 7.655857755087724e-08, valid_nll: 0.0692275570341497, valid_bleu: 1.9890338454691287e-79
calculating bleu for 20 examples...
[2021-09-26 09:54:11] epoch 42: train_loss: 0.4627740223492895, valid_loss: 8.125543321881976, train_nll: 9.312627674318014e-08, valid_nll: 0.07065810708356136, valid_bleu: 2.0552076183542642e-79
calculating bleu for 20 examples...
[2021-09-26 09:57:47] epoch 43: train_loss: 0.4669298692321291, valid_loss: 8.168678624289376, train_nll: 1.2584381217697674e-07, valid_nll: 0.07127879388763265, valid_bleu: 0.006313572708553872
calculating bleu for 20 examples...
[2021-09-26 10:01:39] epoch 44: train_loss: 0.4670487035598074, valid_loss: 8.224860804421562, train_nll: 5.682570485182867e-08, valid_nll: 0.07301034031380711, valid_bleu: 0.013290780346859316
calculating bleu for 20 examples...
[2021-09-26 10:05:14] epoch 45: train_loss: 0.4691318367816964, valid_loss: 8.269909994942802, train_nll: 5.1315958978670034e-08, valid_nll: 0.07549641408076903, valid_bleu: 0.0029432214685052947
calculating bleu for 20 examples...
[2021-09-26 10:08:50] epoch 46: train_loss: 0.47076830648037854, valid_loss: 8.29091249193464, train_nll: 5.770988012212614e-08, valid_nll: 0.0729651993788172, valid_bleu: 0.006130375200157649
calculating bleu for 20 examples...
[2021-09-26 10:12:23] epoch 47: train_loss: 0.4697598513900017, valid_loss: 8.357250145503453, train_nll: 4.454576454976471e-08, valid_nll: 0.07356607556715676, valid_bleu: 5.955341485326496e-79
calculating bleu for 20 examples...
[2021-09-26 10:16:15] epoch 48: train_loss: 0.47418116017871975, valid_loss: 8.407187257494245, train_nll: 4.069769066017197e-08, valid_nll: 0.07534203491659808, valid_bleu: 0.005079846694551124
calculating bleu for 20 examples...
[2021-09-26 10:20:07] epoch 49: train_loss: 0.4819533902467514, valid_loss: 8.44889565876552, train_nll: 3.553417198723784e-08, valid_nll: 0.07703024150036915, valid_bleu: 0.005700641124869928
saving at epoch 49...
calculating bleu for 888 examples...
calculating bleu for 20 examples...
[2021-09-26 11:05:39] epoch 50: train_loss: 0.48033932246723954, valid_loss: 8.46750020980835, train_nll: 4.94644232213079e-08, valid_nll: 0.07794425460778959, valid_bleu: 0.02003529880604108
calculating bleu for 20 examples...
[2021-09-26 11:09:14] epoch 51: train_loss: 0.4855996084456541, valid_loss: 8.484786919185094, train_nll: 3.0781066102585825e-08, valid_nll: 0.07771324694956636, valid_bleu: 0.006736762801718188
calculating bleu for 20 examples...
[2021-09-26 11:12:52] epoch 52: train_loss: 0.4884592829918375, valid_loss: 8.545893737248011, train_nll: 5.515449950043872e-08, valid_nll: 0.07989906076780902, valid_bleu: 0.004913066235323287
calculating bleu for 20 examples...
[2021-09-26 11:16:28] epoch 53: train_loss: 0.4915079220521207, valid_loss: 8.602522850036621, train_nll: 6.532081238058147e-08, valid_nll: 0.0806168964580263, valid_bleu: 0.009286257581049803
calculating bleu for 20 examples...
[2021-09-26 11:20:05] epoch 54: train_loss: 0.4973166785678085, valid_loss: 8.633120945521764, train_nll: 3.9347356057022605e-08, valid_nll: 0.08004637162548191, valid_bleu: 0.014594949570225054
calculating bleu for 20 examples...
[2021-09-26 11:23:40] epoch 55: train_loss: 0.5000592775794924, valid_loss: 8.64821652003697, train_nll: 4.270561512830496e-08, valid_nll: 0.08382337639975754, valid_bleu: 0.016630124752777524
calculating bleu for 20 examples...
[2021-09-26 11:27:19] epoch 56: train_loss: 0.5032121180271616, valid_loss: 8.68913037436349, train_nll: 2.3589904425423404e-08, valid_nll: 0.08330477254972407, valid_bleu: 4.6776881514670674e-80
calculating bleu for 20 examples...
[2021-09-26 11:30:56] epoch 57: train_loss: 0.5069708638653463, valid_loss: 8.720552444458008, train_nll: 2.502471020882379e-08, valid_nll: 0.08411233112596812, valid_bleu: 4.310825816204169e-79
calculating bleu for 20 examples...
[2021-09-26 11:34:46] epoch 58: train_loss: 0.5119646314759644, valid_loss: 8.69042682647705, train_nll: 2.092929529654377e-08, valid_nll: 0.08166846520630264, valid_bleu: 0.004577540547600857
calculating bleu for 20 examples...
[2021-09-26 11:38:22] epoch 59: train_loss: 0.5201795085960504, valid_loss: 8.775164876665388, train_nll: 3.734890963101494e-08, valid_nll: 0.0841808490925007, valid_bleu: 1.2184216828161774e-79
saving at epoch 59...
calculating bleu for 20 examples...
[2021-09-26 11:42:00] epoch 60: train_loss: 0.5246218237645772, valid_loss: 8.809075628008161, train_nll: 2.5285409658919184e-08, valid_nll: 0.08351493508615439, valid_bleu: 0.017282716163657903
calculating bleu for 20 examples...
[2021-09-26 11:45:36] epoch 61: train_loss: 0.5307771315684124, valid_loss: 8.833876064845494, train_nll: 2.2694609888784786e-08, valid_nll: 0.08682494488768903, valid_bleu: 0.017282716163657903
calculating bleu for 20 examples...
[2021-09-26 11:49:10] epoch 62: train_loss: 0.537517822822746, valid_loss: 8.83680180140904, train_nll: 1.989967419590079e-08, valid_nll: 0.08545725703743544, valid_bleu: 0.016317991633049464
calculating bleu for 20 examples...
[2021-09-26 11:52:46] epoch 63: train_loss: 0.5387885584210863, valid_loss: 8.834524427141462, train_nll: 2.145642799126906e-08, valid_nll: 0.08902357676204983, valid_bleu: 0.014211011212459495
calculating bleu for 20 examples...
[2021-09-26 11:56:22] epoch 64: train_loss: 0.5430276016799771, valid_loss: 8.87602697099958, train_nll: 1.9347255598819878e-08, valid_nll: 0.08936565600460254, valid_bleu: 0.0068450196788456584
calculating bleu for 20 examples...
[2021-09-26 11:59:58] epoch 65: train_loss: 0.5488055772623237, valid_loss: 8.899428640093122, train_nll: 1.9302862083523265e-08, valid_nll: 0.09055531763552654, valid_bleu: 0.03390573234138554
calculating bleu for 20 examples...
[2021-09-26 12:03:34] epoch 66: train_loss: 0.5544156756023971, valid_loss: 8.862363542829241, train_nll: 1.73977036557721e-08, valid_nll: 0.08792993412624499, valid_bleu: 0.007851779254373551
calculating bleu for 20 examples...
[2021-09-26 12:07:10] epoch 67: train_loss: 0.5598333731901889, valid_loss: 8.926800182887487, train_nll: 1.6756404977652946e-08, valid_nll: 0.08943094561086418, valid_bleu: 0.006736762801718188
calculating bleu for 20 examples...
[2021-09-26 12:10:45] epoch 68: train_loss: 0.5636535670076098, valid_loss: 8.959981918334961, train_nll: 3.088709256350125e-08, valid_nll: 0.09176086927955039, valid_bleu: 0.012468257194435665
calculating bleu for 20 examples...
[2021-09-26 12:14:22] epoch 69: train_loss: 0.5702303191836999, valid_loss: 8.98724092755999, train_nll: 1.6716467423010523e-08, valid_nll: 0.09167335637901433, valid_bleu: 0.004711318533924974
saving at epoch 69...
calculating bleu for 20 examples...
[2021-09-26 12:17:59] epoch 70: train_loss: 0.57236092279152, valid_loss: 8.964407784598214, train_nll: 1.4380359255912533e-08, valid_nll: 0.09230935527551128, valid_bleu: 2.1768610454935224e-79
calculating bleu for 20 examples...
[2021-09-26 12:21:34] epoch 71: train_loss: 0.5778820722991106, valid_loss: 8.989165033612933, train_nll: 1.7240135002422753e-08, valid_nll: 0.09328930814995182, valid_bleu: 5.4291226876333e-79
calculating bleu for 20 examples...
[2021-09-26 12:25:28] epoch 72: train_loss: 0.5777943572219537, valid_loss: 8.99573026384626, train_nll: 1.5256070072248096e-08, valid_nll: 0.09248675728440395, valid_bleu: 0.01413328873311171
calculating bleu for 20 examples...
[2021-09-26 12:29:17] epoch 73: train_loss: 0.583995228975403, valid_loss: 8.993998800005231, train_nll: 2.692293243872344e-08, valid_nll: 0.0941004331420068, valid_bleu: 0.0029726848724959307
calculating bleu for 20 examples...
[2021-09-26 12:33:07] epoch 74: train_loss: 0.5902509497744697, valid_loss: 9.019011088779994, train_nll: 1.5683006897969096e-08, valid_nll: 0.09396677425754138, valid_bleu: 0.006040738708017652
calculating bleu for 20 examples...
[2021-09-26 12:36:39] epoch 75: train_loss: 0.5987740855435936, valid_loss: 9.009214401245117, train_nll: 7.501992053243603e-07, valid_nll: 0.09617044961196049, valid_bleu: 4.583634769621216e-79
calculating bleu for 20 examples...
[2021-09-26 12:40:11] epoch 76: train_loss: 0.6049570573531852, valid_loss: 9.077641759599958, train_nll: 3.1680595512829756e-08, valid_nll: 0.09929934440454286, valid_bleu: 0.016956540068797234
calculating bleu for 20 examples...
[2021-09-26 12:44:01] epoch 77: train_loss: 0.6107408199079183, valid_loss: 9.019217763628278, train_nll: 1.6352896495725477e-08, valid_nll: 0.0958994300647307, valid_bleu: 0.003482725513065597
calculating bleu for 20 examples...
[2021-09-26 12:47:34] epoch 78: train_loss: 0.6041905206381059, valid_loss: 9.087640626089913, train_nll: 2.4368957717514216e-08, valid_nll: 0.0982245936028154, valid_bleu: 3.465582540078247e-79
calculating bleu for 20 examples...
[2021-09-26 12:51:24] epoch 79: train_loss: 0.5981709481197961, valid_loss: 9.088475636073522, train_nll: 3.4503284410240125e-08, valid_nll: 0.09674817390533072, valid_bleu: 0.005857222798499028
saving at epoch 79...
calculating bleu for 20 examples...
[2021-09-26 12:55:03] epoch 80: train_loss: 0.6233786347569251, valid_loss: 9.118628910609655, train_nll: 2.0267922036307437e-08, valid_nll: 0.10076740248761297, valid_bleu: 2.4877562865376198e-79
calculating bleu for 20 examples...
[2021-09-26 12:58:37] epoch 81: train_loss: 0.6343621768209399, valid_loss: 9.09997204371861, train_nll: 4.5771818152927004e-07, valid_nll: 0.09978452704587959, valid_bleu: 0.03262890108419577
calculating bleu for 20 examples...
[2021-09-26 13:02:11] epoch 82: train_loss: 0.6368029824629122, valid_loss: 9.105005945478167, train_nll: 1.4361866539859745e-08, valid_nll: 0.09899492118261737, valid_bleu: 2.8959845794061497e-79
calculating bleu for 20 examples...
[2021-09-26 13:05:44] epoch 83: train_loss: 0.6378995894777532, valid_loss: 9.082327706473214, train_nll: 4.8722584251663645e-08, valid_nll: 0.10139535888851423, valid_bleu: 0.024932555799250328
calculating bleu for 20 examples...
[2021-09-26 13:09:19] epoch 84: train_loss: 0.6396039777568409, valid_loss: 9.093991824558803, train_nll: 2.5762380167633837e-08, valid_nll: 0.10057507623839759, valid_bleu: 0.013955105689074723
calculating bleu for 20 examples...
[2021-09-26 13:13:08] epoch 85: train_loss: 0.6325563394597599, valid_loss: 9.119015148707799, train_nll: 1.5118051473554985e-08, valid_nll: 0.10461459797212012, valid_bleu: 4.9462718287213714e-79
calculating bleu for 20 examples...
[2021-09-26 13:16:41] epoch 86: train_loss: 0.6347964152085538, valid_loss: 9.101344244820732, train_nll: 1.4776969480723837e-08, valid_nll: 0.10580245570501744, valid_bleu: 4.452474828998673e-79
calculating bleu for 20 examples...
[2021-09-26 13:20:31] epoch 87: train_loss: 0.6520940307147649, valid_loss: 9.148036548069545, train_nll: 8.690880319164183e-08, valid_nll: 0.1056046623542787, valid_bleu: 0.005400706822362007
calculating bleu for 20 examples...
[2021-09-26 13:24:05] epoch 88: train_loss: 0.6607618420099726, valid_loss: 9.151441710335869, train_nll: 1.6934645721697567e-08, valid_nll: 0.10675137059218219, valid_bleu: 4.233938666722646e-79
calculating bleu for 20 examples...
[2021-09-26 13:27:40] epoch 89: train_loss: 0.6706050591809409, valid_loss: 9.145782334463936, train_nll: 1.6017680394056974e-08, valid_nll: 0.10396931377003399, valid_bleu: 0.006732424311542355
saving at epoch 89...
calculating bleu for 20 examples...
[2021-09-26 13:31:32] epoch 90: train_loss: 0.6829365853752408, valid_loss: 9.121604919433594, train_nll: 1.6623343825423426e-08, valid_nll: 0.1048966814740043, valid_bleu: 1.5740981783416653e-79
calculating bleu for 20 examples...
[2021-09-26 13:35:05] epoch 91: train_loss: 0.6937937721305963, valid_loss: 9.123241697038923, train_nll: 9.726495330831796e-08, valid_nll: 0.10716710596493137, valid_bleu: 3.265392612527978e-79
calculating bleu for 20 examples...
[2021-09-26 13:38:36] epoch 92: train_loss: 0.6932909303173727, valid_loss: 9.139868600027901, train_nll: 3.323883739595862e-08, valid_nll: 0.10927169387404984, valid_bleu: 2.618363285069903e-79
calculating bleu for 20 examples...
[2021-09-26 13:42:08] epoch 93: train_loss: 0.7000432865960258, valid_loss: 9.169752529689244, train_nll: 1.70965203473883e-08, valid_nll: 0.1088319256981192, valid_bleu: 0.020585152890049297
calculating bleu for 20 examples...
[2021-09-26 13:46:00] epoch 94: train_loss: 0.7004934889929635, valid_loss: 9.186536516462054, train_nll: 1.5856079945497558e-08, valid_nll: 0.11259869903210967, valid_bleu: 0.005857222798499028
calculating bleu for 20 examples...
[2021-09-26 13:49:36] epoch 95: train_loss: 0.7019675821065903, valid_loss: 9.166160038539342, train_nll: 1.769838516407659e-08, valid_nll: 0.11059197469501948, valid_bleu: 3.7231350745169267e-79
calculating bleu for 20 examples...
[2021-09-26 13:53:12] epoch 96: train_loss: 0.7115236946514675, valid_loss: 9.167988913399833, train_nll: 3.640879859241457e-08, valid_nll: 0.10949522012471057, valid_bleu: 2.6307081477471576e-79
calculating bleu for 20 examples...
[2021-09-26 13:56:44] epoch 97: train_loss: 0.720301585842152, valid_loss: 9.15078844342913, train_nll: 2.490230382711755e-08, valid_nll: 0.11171686362203243, valid_bleu: 0.012716571564598605
calculating bleu for 20 examples...
[2021-09-26 14:00:19] epoch 98: train_loss: 0.7303776604180433, valid_loss: 9.164993149893624, train_nll: 6.140828217416574e-08, valid_nll: 0.11124894846491701, valid_bleu: 0.0029726848724959307
calculating bleu for 20 examples...
[2021-09-26 14:03:51] epoch 99: train_loss: 0.7150692504887678, valid_loss: 9.164352416992188, train_nll: 1.5141490286475103e-08, valid_nll: 0.1127954235101452, valid_bleu: 3.367389373189799e-79
saving at epoch 99...
calculating bleu for 888 examples...
