------------ Configs ------------
building it vocab...
found previously built it vocab, loading...
there are 7426 tokens in it vocab
building en vocab...
found previously built en vocab, loading...
there are 6141 tokens in en vocab
building translation train it->en dataset...
found preprocessed train it->en dataset, loading...
taking 25000 subset of full data...
truncating all sequences to have max 50 tokens...
building it vocab...
found previously built it vocab, loading...
there are 7426 tokens in it vocab
building en vocab...
found previously built en vocab, loading...
there are 6141 tokens in en vocab
building translation valid it->en dataset...
found preprocessed valid it->en dataset, loading...
taking 5000 subset of full data...
truncating all sequences to have max 50 tokens...
model summary: 
=================================================================
                Kernel Shape     Output Shape   Params  Mult-Adds
Layer                                                            
0_src_embedding  [512, 7426]   [128, 50, 512]  3802112    3802112
1_enc                      -   [128, 50, 587]  4009797    4002753
2_tgt_embedding  [512, 6141]   [128, 50, 512]  3144192    3144192
3_dec                      -   [128, 50, 587]  4009797    4002753
4_mlp            [587, 6141]  [128, 50, 6141]  3610908    3604767
-----------------------------------------------------------------
                        Totals
Total params          18576806
Trainable params      18576806
Non-trainable params         0
Mult-Adds             18556577
=================================================================
rnn:  gru
num layers: 2
embedding dim:  512
data:  iwslt_it_en
max seq tokens:  50
train subset:  25000
valid subset:  5000
optimizer:  sgd
learning rate:  0.1
momentum:  0.9
weight decay:  0.0001
gradient clipping:  1.0
loss criterion:  ce
continue training:  False
save directory:  ./exp/translation/it_en/gru
log directory:  ./log/translation/it_en/gru
starting epoch:  0
ending epoch:  100
steps per epoch:  196
cuda:  True
---------------------------------
calculating bleu for 20 examples...
[2021-09-26 06:22:12] epoch 0: train_loss: 5.9039342257441305, valid_loss: 5.19508159160614, train_nll: 0.08514089716697226, valid_nll: 0.04947218034228349, valid_bleu: 2.5979806556128965e-155
calculating bleu for 20 examples...
[2021-09-26 06:25:49] epoch 1: train_loss: 4.996181840799292, valid_loss: 4.926405429840088, train_nll: 0.0450071405527543, valid_nll: 0.04089254274998754, valid_bleu: 0.0007561265187215127
calculating bleu for 20 examples...
[2021-09-26 06:29:35] epoch 2: train_loss: 4.76692562930438, valid_loss: 4.762121498584747, train_nll: 0.038064681514817844, valid_nll: 0.03657839356207268, valid_bleu: 0.0012085535259051257
calculating bleu for 20 examples...
[2021-09-26 06:33:11] epoch 3: train_loss: 4.607378392803426, valid_loss: 4.6458189487457275, train_nll: 0.03361188041774001, valid_nll: 0.03360675463069588, valid_bleu: 5.205585336607513e-79
calculating bleu for 20 examples...
[2021-09-26 06:36:56] epoch 4: train_loss: 4.475012803564266, valid_loss: 4.5455180406570435, train_nll: 0.030085828658123405, valid_nll: 0.031217901825498346, valid_bleu: 6.286753083287405e-79
calculating bleu for 20 examples...
[2021-09-26 06:40:48] epoch 5: train_loss: 4.360683343848404, valid_loss: 4.468637526035309, train_nll: 0.027222833787567763, valid_nll: 0.029538239636524532, valid_bleu: 0.014128386352314105
calculating bleu for 20 examples...
[2021-09-26 06:44:23] epoch 6: train_loss: 4.253763337524569, valid_loss: 4.4038257002830505, train_nll: 0.024737978397291534, valid_nll: 0.027787547289322027, valid_bleu: 0.009103526405546066
calculating bleu for 20 examples...
[2021-09-26 06:47:59] epoch 7: train_loss: 4.1621623002752965, valid_loss: 4.376897871494293, train_nll: 0.022589678674814654, valid_nll: 0.026617558531445935, valid_bleu: 0.01413328873311171
calculating bleu for 20 examples...
[2021-09-26 06:51:34] epoch 8: train_loss: 4.079169724668775, valid_loss: 4.318365395069122, train_nll: 0.02072444380156848, valid_nll: 0.025479490032370183, valid_bleu: 0.01413328873311171
calculating bleu for 20 examples...
[2021-09-26 06:55:09] epoch 9: train_loss: 3.9977579566897177, valid_loss: 4.276558876037598, train_nll: 0.019037188593027544, valid_nll: 0.02469275317927973, valid_bleu: 0.014498922073576037
saving at epoch 9...
calculating bleu for 20 examples...
[2021-09-26 06:58:46] epoch 10: train_loss: 3.9220380770916843, valid_loss: 4.250456094741821, train_nll: 0.017539875539662887, valid_nll: 0.024225733359121485, valid_bleu: 0.012729922658368396
calculating bleu for 20 examples...
[2021-09-26 07:02:18] epoch 11: train_loss: 3.855438076719946, valid_loss: 4.231172621250153, train_nll: 0.01624818924884407, valid_nll: 0.023258328230621503, valid_bleu: 0.01310125503586631
calculating bleu for 20 examples...
[2021-09-26 07:05:53] epoch 12: train_loss: 3.7844122563089644, valid_loss: 4.1964991092681885, train_nll: 0.015047695932193678, valid_nll: 0.022696885274799596, valid_bleu: 1.010093270986632e-78
calculating bleu for 20 examples...
[2021-09-26 07:09:42] epoch 13: train_loss: 3.7202184115137373, valid_loss: 4.1942726373672485, train_nll: 0.013961558054709921, valid_nll: 0.02233850380307232, valid_bleu: 0.004066870399856362
calculating bleu for 20 examples...
[2021-09-26 07:13:26] epoch 14: train_loss: 3.654040106705257, valid_loss: 4.180189907550812, train_nll: 0.012977627331480689, valid_nll: 0.022092155764538546, valid_bleu: 0.026112189004911468
calculating bleu for 20 examples...
[2021-09-26 07:17:01] epoch 15: train_loss: 3.590842681271689, valid_loss: 4.199682533740997, train_nll: 0.012080789397881956, valid_nll: 0.022084832771057054, valid_bleu: 0.011643948477069972
calculating bleu for 20 examples...
[2021-09-26 07:20:39] epoch 16: train_loss: 3.5260028863439756, valid_loss: 4.2047072649002075, train_nll: 0.011246058840070452, valid_nll: 0.021317787325666783, valid_bleu: 0.040078542535614534
calculating bleu for 20 examples...
[2021-09-26 07:24:30] epoch 17: train_loss: 3.4657208943853575, valid_loss: 4.186125993728638, train_nll: 0.010491590560601682, valid_nll: 0.02139828175998025, valid_bleu: 0.032703690808086515
calculating bleu for 20 examples...
[2021-09-26 07:28:04] epoch 18: train_loss: 3.4013058713504245, valid_loss: 4.180212318897247, train_nll: 0.009816818343182, valid_nll: 0.020836057905290088, valid_bleu: 0.026582101522246014
calculating bleu for 20 examples...
[2021-09-26 07:31:40] epoch 19: train_loss: 3.3391238901079916, valid_loss: 4.210798501968384, train_nll: 0.00915278065117038, valid_nll: 0.020635665366521384, valid_bleu: 0.033641895576014214
saving at epoch 19...
calculating bleu for 20 examples...
[2021-09-26 07:35:15] epoch 20: train_loss: 3.2784890009432424, valid_loss: 4.1980410516262054, train_nll: 0.008568429819223832, valid_nll: 0.020573913805844852, valid_bleu: 0.02086130724305753
calculating bleu for 20 examples...
[2021-09-26 07:38:48] epoch 21: train_loss: 3.213751656668527, valid_loss: 4.213949978351593, train_nll: 0.008008564921787807, valid_nll: 0.02113056906692896, valid_bleu: 0.04822350970175647
calculating bleu for 20 examples...
[2021-09-26 07:42:24] epoch 22: train_loss: 3.150988851274763, valid_loss: 4.299123227596283, train_nll: 0.007513490038501973, valid_nll: 0.021558588842212165, valid_bleu: 0.030175127071405943
calculating bleu for 20 examples...
[2021-09-26 07:46:07] epoch 23: train_loss: 3.08868877498471, valid_loss: 4.269100785255432, train_nll: 0.007029095515037069, valid_nll: 0.021062998362020774, valid_bleu: 0.02086130724305753
calculating bleu for 20 examples...
[2021-09-26 07:49:56] epoch 24: train_loss: 3.0249825825496597, valid_loss: 4.282743036746979, train_nll: 0.00659024145632374, valid_nll: 0.021635342389099303, valid_bleu: 0.04161453431372985
calculating bleu for 20 examples...
[2021-09-26 07:53:31] epoch 25: train_loss: 2.960212990945699, valid_loss: 4.317761540412903, train_nll: 0.006190098697895907, valid_nll: 0.021570051648726676, valid_bleu: 0.02893211683491053
calculating bleu for 20 examples...
[2021-09-26 07:57:04] epoch 26: train_loss: 2.8980584837952437, valid_loss: 4.355474591255188, train_nll: 0.005818326998037267, valid_nll: 0.022122520184099916, valid_bleu: 0.014128386352314105
calculating bleu for 20 examples...
[2021-09-26 08:00:39] epoch 27: train_loss: 2.83437372835315, valid_loss: 4.416388273239136, train_nll: 0.0054718786325260085, valid_nll: 0.0239373507220128, valid_bleu: 0.024354252562412276
calculating bleu for 20 examples...
[2021-09-26 08:04:12] epoch 28: train_loss: 2.772746594584718, valid_loss: 4.448291122913361, train_nll: 0.005149986608077068, valid_nll: 0.023248176377489153, valid_bleu: 7.410903241610592e-79
calculating bleu for 20 examples...
[2021-09-26 08:07:50] epoch 29: train_loss: 2.7121759336821887, valid_loss: 4.458496332168579, train_nll: 0.004854856284005301, valid_nll: 0.0238426110306768, valid_bleu: 0.03837774842709222
saving at epoch 29...
calculating bleu for 20 examples...
[2021-09-26 08:11:32] epoch 30: train_loss: 2.648314746058717, valid_loss: 4.5624741315841675, train_nll: 0.0045876292699697065, valid_nll: 0.025166024806121567, valid_bleu: 0.013539893582992447
calculating bleu for 20 examples...
[2021-09-26 08:15:04] epoch 31: train_loss: 2.592813306925248, valid_loss: 4.557655870914459, train_nll: 0.004350096866062709, valid_nll: 0.02733607721753593, valid_bleu: 0.025104164067251484
calculating bleu for 20 examples...
[2021-09-26 08:18:53] epoch 32: train_loss: 2.5342577987787673, valid_loss: 4.602820932865143, train_nll: 0.004104510023155991, valid_nll: 0.027898874095060318, valid_bleu: 0.036029427264959855
calculating bleu for 20 examples...
[2021-09-26 08:22:40] epoch 33: train_loss: 2.4798376681853314, valid_loss: 4.681286573410034, train_nll: 0.003899218328047772, valid_nll: 0.029257091286814182, valid_bleu: 0.018073820538851103
calculating bleu for 20 examples...
[2021-09-26 08:26:24] epoch 34: train_loss: 2.427673858039233, valid_loss: 4.715220212936401, train_nll: 0.0037094766250921757, valid_nll: 0.030048836634741564, valid_bleu: 0.02286166716185937
calculating bleu for 20 examples...
[2021-09-26 08:30:00] epoch 35: train_loss: 2.377603159875286, valid_loss: 4.754204273223877, train_nll: 0.0035209289714268274, valid_nll: 0.030556700193190938, valid_bleu: 0.019968042710921924
calculating bleu for 20 examples...
[2021-09-26 08:33:49] epoch 36: train_loss: 2.325241889272417, valid_loss: 4.8180519342422485, train_nll: 0.0033409808743362474, valid_nll: 0.032436939340628565, valid_bleu: 0.0431383218608009
calculating bleu for 20 examples...
[2021-09-26 08:37:23] epoch 37: train_loss: 2.275960677740525, valid_loss: 4.928649067878723, train_nll: 0.003178457558221257, valid_nll: 0.03784402468170143, valid_bleu: 0.03269940321157339
calculating bleu for 20 examples...
[2021-09-26 08:40:58] epoch 38: train_loss: 2.231821041934344, valid_loss: 4.913377285003662, train_nll: 0.003027146095742985, valid_nll: 0.03772942229684149, valid_bleu: 0.030563976069410238
calculating bleu for 20 examples...
[2021-09-26 08:44:38] epoch 39: train_loss: 2.186656212320133, valid_loss: 4.950030148029327, train_nll: 0.0028944047713766294, valid_nll: 0.03882500947787153, valid_bleu: 0.017194656088289215
saving at epoch 39...
calculating bleu for 20 examples...
[2021-09-26 08:48:32] epoch 40: train_loss: 2.145177895925483, valid_loss: 4.988018214702606, train_nll: 0.0027588088144574847, valid_nll: 0.0418304849544278, valid_bleu: 0.035947537779429474
calculating bleu for 20 examples...
[2021-09-26 08:52:06] epoch 41: train_loss: 2.1041168083949966, valid_loss: 5.052930653095245, train_nll: 0.002628589102297413, valid_nll: 0.04383032541439722, valid_bleu: 0.02113419608170621
calculating bleu for 20 examples...
[2021-09-26 08:55:44] epoch 42: train_loss: 2.062301385159395, valid_loss: 5.081341028213501, train_nll: 0.0025200144333742103, valid_nll: 0.04682784142922731, valid_bleu: 0.034008327073757484
calculating bleu for 20 examples...
[2021-09-26 08:59:20] epoch 43: train_loss: 2.027979308853344, valid_loss: 5.134654223918915, train_nll: 0.0024058331143126197, valid_nll: 0.04844916791310602, valid_bleu: 0.028401461554065865
calculating bleu for 20 examples...
[2021-09-26 09:02:59] epoch 44: train_loss: 1.9950310624375636, valid_loss: 5.201516151428223, train_nll: 0.0023179812606500118, valid_nll: 0.05089891622751253, valid_bleu: 0.026022687864961126
calculating bleu for 20 examples...
[2021-09-26 09:06:46] epoch 45: train_loss: 1.9606896273943843, valid_loss: 5.225755095481873, train_nll: 0.0022225310489109584, valid_nll: 0.05238109584846534, valid_bleu: 0.031876785146571995
calculating bleu for 20 examples...
[2021-09-26 09:10:19] epoch 46: train_loss: 1.9294113972965552, valid_loss: 5.241717636585236, train_nll: 0.0021301505332090415, valid_nll: 0.05221803980080316, valid_bleu: 0.02684685019656171
calculating bleu for 20 examples...
[2021-09-26 09:13:52] epoch 47: train_loss: 1.8996102597032274, valid_loss: 5.258687078952789, train_nll: 0.0020569830730983187, valid_nll: 0.05227483267464689, valid_bleu: 0.03222503937200342
calculating bleu for 20 examples...
[2021-09-26 09:17:42] epoch 48: train_loss: 1.8713845318677473, valid_loss: 5.346803963184357, train_nll: 0.0019779144178118024, valid_nll: 0.06043002919885352, valid_bleu: 0.03580437419595792
calculating bleu for 20 examples...
[2021-09-26 09:21:15] epoch 49: train_loss: 1.8415121764552838, valid_loss: 5.345644414424896, train_nll: 0.001901449602672032, valid_nll: 0.058573540119090994, valid_bleu: 0.021970337152056485
saving at epoch 49...
calculating bleu for 929 examples...
calculating bleu for 20 examples...
[2021-09-26 10:05:35] epoch 50: train_loss: 1.814626517952705, valid_loss: 5.398970663547516, train_nll: 0.0018279265707366321, valid_nll: 0.06034845770316711, valid_bleu: 0.02891088442927764
calculating bleu for 20 examples...
[2021-09-26 10:08:53] epoch 51: train_loss: 1.789526668130135, valid_loss: 5.427121520042419, train_nll: 0.0017656209223611014, valid_nll: 0.0635402841833398, valid_bleu: 0.02838796108239964
calculating bleu for 20 examples...
[2021-09-26 10:12:24] epoch 52: train_loss: 1.7646111487125864, valid_loss: 5.4682923555374146, train_nll: 0.0017025868419725068, valid_nll: 0.06767041306332543, valid_bleu: 0.022681259744619785
calculating bleu for 20 examples...
[2021-09-26 10:15:42] epoch 53: train_loss: 1.7420015839897856, valid_loss: 5.444421052932739, train_nll: 0.0016461124447413854, valid_nll: 0.060276437091586116, valid_bleu: 0.027076822669377897
calculating bleu for 20 examples...
[2021-09-26 10:18:59] epoch 54: train_loss: 1.7201304873641656, valid_loss: 5.477784276008606, train_nll: 0.0015879866055079868, valid_nll: 0.06575743004166638, valid_bleu: 0.02663191177341708
calculating bleu for 20 examples...
[2021-09-26 10:22:21] epoch 55: train_loss: 1.70120542450827, valid_loss: 5.503865659236908, train_nll: 0.0015470789514269148, valid_nll: 0.06337682262215463, valid_bleu: 0.02428829245440781
calculating bleu for 20 examples...
[2021-09-26 10:25:53] epoch 56: train_loss: 1.6805843029703413, valid_loss: 5.513917088508606, train_nll: 0.0015005987110916449, valid_nll: 0.07177965698980705, valid_bleu: 0.021985909498998073
calculating bleu for 20 examples...
[2021-09-26 10:29:10] epoch 57: train_loss: 1.6630383979301064, valid_loss: 5.555598735809326, train_nll: 0.0014525745218627306, valid_nll: 0.06604828998707084, valid_bleu: 0.023751266571596135
calculating bleu for 20 examples...
[2021-09-26 10:32:27] epoch 58: train_loss: 1.6437582172909562, valid_loss: 5.5606778264045715, train_nll: 0.0014196211045316492, valid_nll: 0.07157315762047457, valid_bleu: 0.03176978955558478
calculating bleu for 20 examples...
[2021-09-26 10:35:44] epoch 59: train_loss: 1.6286105051332591, valid_loss: 5.58629447221756, train_nll: 0.00137873934337071, valid_nll: 0.07176399268722157, valid_bleu: 0.03241298728085499
saving at epoch 59...
calculating bleu for 20 examples...
[2021-09-26 10:39:18] epoch 60: train_loss: 1.6143584324389089, valid_loss: 5.6226049065589905, train_nll: 0.0013469253835872727, valid_nll: 0.08023765361711617, valid_bleu: 0.017925619613170577
calculating bleu for 20 examples...
[2021-09-26 10:42:46] epoch 61: train_loss: 1.5964437163605982, valid_loss: 5.665348529815674, train_nll: 0.001315264514222437, valid_nll: 0.08610961363530896, valid_bleu: 0.02120929490660107
calculating bleu for 20 examples...
[2021-09-26 10:46:03] epoch 62: train_loss: 1.5867153552113746, valid_loss: 5.613596081733704, train_nll: 0.001287558799961829, valid_nll: 0.0779654005522933, valid_bleu: 0.020447895531138974
calculating bleu for 20 examples...
[2021-09-26 10:49:21] epoch 63: train_loss: 1.5715783305314122, valid_loss: 5.6133493185043335, train_nll: 0.0012567021710532052, valid_nll: 0.07798562520356242, valid_bleu: 0.03032730986129948
calculating bleu for 20 examples...
[2021-09-26 10:52:40] epoch 64: train_loss: 1.558003306388855, valid_loss: 5.613069415092468, train_nll: 0.0012338321915451361, valid_nll: 0.0762452919141463, valid_bleu: 0.026928450402896494
calculating bleu for 20 examples...
[2021-09-26 10:55:58] epoch 65: train_loss: 1.546841977810373, valid_loss: 5.651517689228058, train_nll: 0.001210815463358042, valid_nll: 0.07921197564147406, valid_bleu: 0.02800796956454068
calculating bleu for 20 examples...
[2021-09-26 10:59:16] epoch 66: train_loss: 1.5376864896745097, valid_loss: 5.623014688491821, train_nll: 0.0011857629853851942, valid_nll: 0.07696827233998167, valid_bleu: 0.014609453854117627
calculating bleu for 20 examples...
[2021-09-26 11:02:34] epoch 67: train_loss: 1.5278450074244518, valid_loss: 5.694362759590149, train_nll: 0.0011752776451500095, valid_nll: 0.07968137533590484, valid_bleu: 0.025249225669479874
calculating bleu for 20 examples...
[2021-09-26 11:05:52] epoch 68: train_loss: 1.5203441241566016, valid_loss: 5.679989278316498, train_nll: 0.0011518717510846197, valid_nll: 0.07796145418062421, valid_bleu: 0.026776303234660535
calculating bleu for 20 examples...
[2021-09-26 11:09:11] epoch 69: train_loss: 1.513073096469957, valid_loss: 5.67594987154007, train_nll: 0.0011411981337411062, valid_nll: 0.07670455695955736, valid_bleu: 0.02457607835238616
saving at epoch 69...
calculating bleu for 20 examples...
[2021-09-26 11:12:30] epoch 70: train_loss: 1.506049552134105, valid_loss: 5.703211307525635, train_nll: 0.0011272322372514374, valid_nll: 0.07815550901802994, valid_bleu: 0.029174714603990525
calculating bleu for 20 examples...
[2021-09-26 11:15:49] epoch 71: train_loss: 1.500333239229358, valid_loss: 5.690368294715881, train_nll: 0.0011160946194006473, valid_nll: 0.0821810021493291, valid_bleu: 0.02023321590227542
calculating bleu for 20 examples...
[2021-09-26 11:19:07] epoch 72: train_loss: 1.492361635577922, valid_loss: 5.684209227561951, train_nll: 0.0011043555814392713, valid_nll: 0.08051333953518375, valid_bleu: 0.02840908209373405
calculating bleu for 20 examples...
[2021-09-26 11:22:25] epoch 73: train_loss: 1.4892127307093874, valid_loss: 5.664020895957947, train_nll: 0.0011015242835453578, valid_nll: 0.07922680323672837, valid_bleu: 0.03372767182059862
calculating bleu for 20 examples...
[2021-09-26 11:25:42] epoch 74: train_loss: 1.4833462481596031, valid_loss: 5.684801280498505, train_nll: 0.0010946865960995036, valid_nll: 0.081755235609265, valid_bleu: 0.03146913217272355
calculating bleu for 20 examples...
[2021-09-26 11:29:15] epoch 75: train_loss: 1.4818817608210506, valid_loss: 5.689144611358643, train_nll: 0.0010861186172524276, valid_nll: 0.07937523746710776, valid_bleu: 0.023035753894030123
calculating bleu for 20 examples...
[2021-09-26 11:32:43] epoch 76: train_loss: 1.4776572804061734, valid_loss: 5.767375588417053, train_nll: 0.001085111222559092, valid_nll: 0.09158765117060744, valid_bleu: 0.021693996391439263
calculating bleu for 20 examples...
[2021-09-26 11:36:00] epoch 77: train_loss: 1.47619962935545, valid_loss: 5.680440664291382, train_nll: 0.0010827076426290114, valid_nll: 0.08009852756697042, valid_bleu: 0.01532026006806153
calculating bleu for 20 examples...
[2021-09-26 11:39:34] epoch 78: train_loss: 1.4776335024103826, valid_loss: 5.651179909706116, train_nll: 0.0010869318171909878, valid_nll: 0.07653403281641012, valid_bleu: 0.01985374362293088
calculating bleu for 20 examples...
[2021-09-26 11:42:51] epoch 79: train_loss: 1.4733479904885194, valid_loss: 5.6150564551353455, train_nll: 0.0010835407146142454, valid_nll: 0.07105987350771023, valid_bleu: 0.03802540903596977
saving at epoch 79...
calculating bleu for 20 examples...
[2021-09-26 11:46:23] epoch 80: train_loss: 1.4733569944391445, valid_loss: 5.642793297767639, train_nll: 0.0010857555955770064, valid_nll: 0.07479765429091315, valid_bleu: 0.03345010769728577
calculating bleu for 20 examples...
[2021-09-26 11:49:41] epoch 81: train_loss: 1.475672147711929, valid_loss: 5.692448258399963, train_nll: 0.0010892440194499736, valid_nll: 0.08525837596238295, valid_bleu: 0.02862642270904634
calculating bleu for 20 examples...
[2021-09-26 11:52:59] epoch 82: train_loss: 1.4774398517851928, valid_loss: 5.676424086093903, train_nll: 0.0010917105250455895, valid_nll: 0.07543376653635807, valid_bleu: 0.02904267790340148
calculating bleu for 20 examples...
[2021-09-26 11:56:17] epoch 83: train_loss: 1.476155705597936, valid_loss: 5.627136707305908, train_nll: 0.0010972836214182327, valid_nll: 0.07274383471070074, valid_bleu: 0.02903348665119415
calculating bleu for 20 examples...
[2021-09-26 11:59:35] epoch 84: train_loss: 1.4758071960235128, valid_loss: 5.655375003814697, train_nll: 0.001103755373273577, valid_nll: 0.07628795912053087, valid_bleu: 0.02037970621403131
calculating bleu for 20 examples...
[2021-09-26 12:02:53] epoch 85: train_loss: 1.4801605812140874, valid_loss: 5.628956913948059, train_nll: 0.0011087692562414676, valid_nll: 0.07382486209317594, valid_bleu: 0.02477682859884909
calculating bleu for 20 examples...
[2021-09-26 12:06:26] epoch 86: train_loss: 1.4815754768799763, valid_loss: 5.616864800453186, train_nll: 0.0011203528995903172, valid_nll: 0.0779817176040886, valid_bleu: 0.03028158454410333
calculating bleu for 20 examples...
[2021-09-26 12:09:53] epoch 87: train_loss: 1.4868887285796963, valid_loss: 5.642007827758789, train_nll: 0.0011258408390745825, valid_nll: 0.07440360944901293, valid_bleu: 0.02517596304940799
calculating bleu for 20 examples...
[2021-09-26 12:13:11] epoch 88: train_loss: 1.485957798300957, valid_loss: 5.637258470058441, train_nll: 0.001138084208138135, valid_nll: 0.07473306333831192, valid_bleu: 0.018786648024193678
calculating bleu for 20 examples...
[2021-09-26 12:16:29] epoch 89: train_loss: 1.4919900012259582, valid_loss: 5.602479934692383, train_nll: 0.0011494565990019818, valid_nll: 0.07482604577640747, valid_bleu: 0.028087483784105215
saving at epoch 89...
calculating bleu for 20 examples...
[2021-09-26 12:19:48] epoch 90: train_loss: 1.4952823318997208, valid_loss: 5.6177303194999695, train_nll: 0.0011565157102078807, valid_nll: 0.07608928183179106, valid_bleu: 0.01569317208977388
calculating bleu for 20 examples...
[2021-09-26 12:23:06] epoch 91: train_loss: 1.4988638849890963, valid_loss: 5.601119756698608, train_nll: 0.0011671512457789206, valid_nll: 0.07253509108585672, valid_bleu: 0.02372591944387723
calculating bleu for 20 examples...
[2021-09-26 12:26:22] epoch 92: train_loss: 1.504069477927928, valid_loss: 5.616681337356567, train_nll: 0.0011827890861277677, valid_nll: 0.07435875857916226, valid_bleu: 0.021346181549529376
calculating bleu for 20 examples...
[2021-09-26 12:29:39] epoch 93: train_loss: 1.5079004867952697, valid_loss: 5.576433598995209, train_nll: 0.0011971985711856765, valid_nll: 0.07129998417423053, valid_bleu: 0.01890872401461747
calculating bleu for 20 examples...
[2021-09-26 12:32:57] epoch 94: train_loss: 1.518057689374807, valid_loss: 5.539381325244904, train_nll: 0.0012176467366989809, valid_nll: 0.07444597755560531, valid_bleu: 0.018277700416860262
calculating bleu for 20 examples...
[2021-09-26 12:36:13] epoch 95: train_loss: 1.5207872786084, valid_loss: 5.5742992758750916, train_nll: 0.0012336241399025431, valid_nll: 0.07208456505828008, valid_bleu: 0.020414659533010387
calculating bleu for 20 examples...
[2021-09-26 12:39:28] epoch 96: train_loss: 1.530984480162056, valid_loss: 5.5098196268081665, train_nll: 0.0012530979532125045, valid_nll: 0.07126487183919665, valid_bleu: 0.026749705336231926
calculating bleu for 20 examples...
[2021-09-26 12:42:44] epoch 97: train_loss: 1.5331247357689604, valid_loss: 5.5084986090660095, train_nll: 0.0012709862356769794, valid_nll: 0.0658644879615657, valid_bleu: 0.028679076181739326
calculating bleu for 20 examples...
[2021-09-26 12:46:00] epoch 98: train_loss: 1.5395777973593499, valid_loss: 5.524885594844818, train_nll: 0.0012868897206442696, valid_nll: 0.06653451010045563, valid_bleu: 0.030841230882592413
calculating bleu for 20 examples...
[2021-09-26 12:49:16] epoch 99: train_loss: 1.5481534150181984, valid_loss: 5.507816791534424, train_nll: 0.0013076462009974888, valid_nll: 0.06629679021813298, valid_bleu: 0.01714435028086582
saving at epoch 99...
calculating bleu for 929 examples...
