------------ Configs ------------
building de vocab...
found previously built de vocab, loading...
there are 6702 tokens in de vocab
building it vocab...
found previously built it vocab, loading...
there are 7447 tokens in it vocab
building translation train de->it dataset...
found preprocessed train de->it dataset, loading...
taking 25000 subset of full data...
truncating all sequences to have max 50 tokens...
building de vocab...
found previously built de vocab, loading...
there are 6702 tokens in de vocab
building it vocab...
found previously built it vocab, loading...
there are 7447 tokens in it vocab
building translation valid de->it dataset...
found preprocessed valid de->it dataset, loading...
taking 5000 subset of full data...
truncating all sequences to have max 50 tokens...
model summary: 
=================================================================
                Kernel Shape     Output Shape   Params  Mult-Adds
Layer                                                            
0_src_embedding  [512, 6702]   [128, 50, 512]  3431424    3431424
1_enc                      -   [128, 50, 958]  3247620    3243788
2_tgt_embedding  [512, 7447]   [128, 50, 512]  3812864    3812864
3_dec                      -   [128, 50, 958]  3247620    3243788
4_mlp            [958, 7447]  [128, 50, 7447]  7141673    7134226
-----------------------------------------------------------------
                        Totals
Total params          20881201
Trainable params      20881201
Non-trainable params         0
Mult-Adds             20866090
=================================================================
rnn:  tanh
num layers: 2
embedding dim:  512
data:  iwslt_de_it
max seq tokens:  50
train subset:  25000
valid subset:  5000
optimizer:  sgd
learning rate:  0.1
momentum:  0.9
weight decay:  0.0001
gradient clipping:  1.0
loss criterion:  ce
continue training:  False
save directory:  ./exp/translation/de_it/tanh
log directory:  ./log/translation/de_it/tanh
starting epoch:  0
ending epoch:  100
steps per epoch:  196
cuda:  True
---------------------------------
calculating bleu for 20 examples...
[2021-09-26 06:22:48] epoch 0: train_loss: 6.1349292433991724, valid_loss: 5.608909904956818, train_nll: 0.07758130488804409, valid_nll: 0.04534970493879816, valid_bleu: 0.007796037894057232
calculating bleu for 20 examples...
[2021-09-26 06:26:47] epoch 1: train_loss: 5.343756262136965, valid_loss: 5.3747798204422, train_nll: 0.03868431645607462, valid_nll: 0.0343042776941689, valid_bleu: 0.015925177647011353
calculating bleu for 20 examples...
[2021-09-26 06:30:43] epoch 2: train_loss: 5.0601829460689, valid_loss: 5.222630143165588, train_nll: 0.027511772952955597, valid_nll: 0.028423923257588465, valid_bleu: 3.894199049754329e-155
calculating bleu for 20 examples...
[2021-09-26 06:34:40] epoch 3: train_loss: 4.86327735745177, valid_loss: 5.098295509815216, train_nll: 0.02098324609873246, valid_nll: 0.02465082861709705, valid_bleu: 0.009111821689187219
calculating bleu for 20 examples...
[2021-09-26 06:38:37] epoch 4: train_loss: 4.696054434289738, valid_loss: 5.069367289543152, train_nll: 0.01666588242890862, valid_nll: 0.02198539108937759, valid_bleu: 0.03455438047012101
calculating bleu for 20 examples...
[2021-09-26 06:42:32] epoch 5: train_loss: 4.559240774232514, valid_loss: 4.957944571971893, train_nll: 0.013552823224080239, valid_nll: 0.02032352760323247, valid_bleu: 0.018211495943944573
calculating bleu for 20 examples...
[2021-09-26 06:46:28] epoch 6: train_loss: 4.433035828629318, valid_loss: 4.956091642379761, train_nll: 0.011215658891638931, valid_nll: 0.019530744294759414, valid_bleu: 0.025483385893669608
calculating bleu for 20 examples...
[2021-09-26 06:50:23] epoch 7: train_loss: 4.312111698851293, valid_loss: 4.929322361946106, train_nll: 0.00938208133152553, valid_nll: 0.018336177706514516, valid_bleu: 0.02909063018484077
calculating bleu for 20 examples...
[2021-09-26 06:54:17] epoch 8: train_loss: 4.195720074128132, valid_loss: 4.940154850482941, train_nll: 0.0079431868058808, valid_nll: 0.01814642450634734, valid_bleu: 0.03860167129106497
calculating bleu for 20 examples...
[2021-09-26 06:58:12] epoch 9: train_loss: 4.080838048944668, valid_loss: 4.934045851230621, train_nll: 0.006785022301187321, valid_nll: 0.017568297436066194, valid_bleu: 0.019352783426113046
saving at epoch 9...
calculating bleu for 20 examples...
[2021-09-26 07:02:08] epoch 10: train_loss: 3.9651057513392702, valid_loss: 4.977638363838196, train_nll: 0.00584828718847158, valid_nll: 0.017829394653561682, valid_bleu: 0.03553326214750109
calculating bleu for 20 examples...
[2021-09-26 07:06:05] epoch 11: train_loss: 3.851573880837888, valid_loss: 5.003920078277588, train_nll: 0.0050968147439683755, valid_nll: 0.017714773132632033, valid_bleu: 0.03961526928969158
calculating bleu for 20 examples...
[2021-09-26 07:09:58] epoch 12: train_loss: 3.7363309312839896, valid_loss: 5.020117282867432, train_nll: 0.004477978644857601, valid_nll: 0.017247314658220807, valid_bleu: 0.02641273588046219
calculating bleu for 20 examples...
[2021-09-26 07:13:54] epoch 13: train_loss: 3.6262718864849637, valid_loss: 5.0381916761398315, train_nll: 0.003971044201753577, valid_nll: 0.017116691214928495, valid_bleu: 0.012167531184826696
calculating bleu for 20 examples...
[2021-09-26 07:17:49] epoch 14: train_loss: 3.5163060378055184, valid_loss: 5.069225490093231, train_nll: 0.0035607324291410188, valid_nll: 0.017827059527620027, valid_bleu: 0.02314994398824846
calculating bleu for 20 examples...
[2021-09-26 07:21:45] epoch 15: train_loss: 3.4066819548606873, valid_loss: 5.0856674909591675, train_nll: 0.003194508445895448, valid_nll: 0.018016107138884824, valid_bleu: 0.029020119038182003
calculating bleu for 20 examples...
[2021-09-26 07:25:43] epoch 16: train_loss: 3.2972056707557367, valid_loss: 5.15814596414566, train_nll: 0.0028788998113359722, valid_nll: 0.01817054445128962, valid_bleu: 0.02688016017528288
calculating bleu for 20 examples...
[2021-09-26 07:29:39] epoch 17: train_loss: 3.189983288852536, valid_loss: 5.201685786247253, train_nll: 0.0026153385894152584, valid_nll: 0.018787100924713737, valid_bleu: 0.011335540367166896
calculating bleu for 20 examples...
[2021-09-26 07:33:35] epoch 18: train_loss: 3.0879515372976964, valid_loss: 5.2573360204696655, train_nll: 0.0023881810301177356, valid_nll: 0.01969231915313442, valid_bleu: 0.012043252478753994
calculating bleu for 20 examples...
[2021-09-26 07:37:29] epoch 19: train_loss: 2.9870493594481022, valid_loss: 5.3245022892951965, train_nll: 0.0021828388757121806, valid_nll: 0.0201615177213951, valid_bleu: 0.003887234976144508
saving at epoch 19...
calculating bleu for 20 examples...
[2021-09-26 07:41:26] epoch 20: train_loss: 2.891043645995004, valid_loss: 5.403722286224365, train_nll: 0.0020133534197904627, valid_nll: 0.02261925879306814, valid_bleu: 0.024903953984316732
calculating bleu for 20 examples...
[2021-09-26 07:45:23] epoch 21: train_loss: 2.7975703465695285, valid_loss: 5.437789261341095, train_nll: 0.001851913369626415, valid_nll: 0.02246370803078052, valid_bleu: 0.019530913776680835
calculating bleu for 20 examples...
[2021-09-26 07:49:17] epoch 22: train_loss: 2.70938016930405, valid_loss: 5.501810133457184, train_nll: 0.001709690479161788, valid_nll: 0.024331964682341972, valid_bleu: 2.3343267681344388e-79
calculating bleu for 20 examples...
[2021-09-26 07:53:12] epoch 23: train_loss: 2.6230892587681205, valid_loss: 5.574904978275299, train_nll: 0.0015790188869164914, valid_nll: 0.025787895070256698, valid_bleu: 0.027401236777555384
calculating bleu for 20 examples...
[2021-09-26 07:57:08] epoch 24: train_loss: 2.5422522754085306, valid_loss: 5.655223906040192, train_nll: 0.0014643221426983268, valid_nll: 0.028222047878205293, valid_bleu: 0.01944282399524008
calculating bleu for 20 examples...
[2021-09-26 08:01:06] epoch 25: train_loss: 2.4652973413467407, valid_loss: 5.689646542072296, train_nll: 0.0013567108103693748, valid_nll: 0.029603801468891154, valid_bleu: 0.01682944372255558
calculating bleu for 20 examples...
[2021-09-26 08:05:01] epoch 26: train_loss: 2.389729856228342, valid_loss: 5.744656205177307, train_nll: 0.0012605598583999946, valid_nll: 0.028960654239299014, valid_bleu: 0.0009483677065276629
calculating bleu for 20 examples...
[2021-09-26 08:08:58] epoch 27: train_loss: 2.3167503099052276, valid_loss: 5.808366775512695, train_nll: 0.0011660040320182333, valid_nll: 0.03133381956306026, valid_bleu: 0.003079325933377433
calculating bleu for 20 examples...
[2021-09-26 08:12:54] epoch 28: train_loss: 2.2519537624047725, valid_loss: 5.876757860183716, train_nll: 0.0010859454686301096, valid_nll: 0.03340828970933082, valid_bleu: 2.18899166739579e-79
calculating bleu for 20 examples...
[2021-09-26 08:16:52] epoch 29: train_loss: 2.1885898879596164, valid_loss: 5.940603733062744, train_nll: 0.0010067742459628046, valid_nll: 0.037189930022585194, valid_bleu: 0.014916454206013558
saving at epoch 29...
calculating bleu for 20 examples...
[2021-09-26 08:20:48] epoch 30: train_loss: 2.12973801396331, valid_loss: 5.981648743152618, train_nll: 0.0009413027649509664, valid_nll: 0.04002786833693691, valid_bleu: 0.002942119767893453
calculating bleu for 20 examples...
[2021-09-26 08:24:45] epoch 31: train_loss: 2.075001377232221, valid_loss: 6.035533308982849, train_nll: 0.0008763394349935104, valid_nll: 0.04310606308374945, valid_bleu: 0.004905646837569677
calculating bleu for 20 examples...
[2021-09-26 08:28:41] epoch 32: train_loss: 2.0195648670196533, valid_loss: 6.082980632781982, train_nll: 0.0008171656406169035, valid_nll: 0.041601915095287906, valid_bleu: 0.0026063999792657272
calculating bleu for 20 examples...
[2021-09-26 08:32:37] epoch 33: train_loss: 1.9705811787624747, valid_loss: 6.118826508522034, train_nll: 0.0007661014993823305, valid_nll: 0.04735986454030096, valid_bleu: 0.002865635676360147
calculating bleu for 20 examples...
[2021-09-26 08:36:33] epoch 34: train_loss: 1.9217827247113597, valid_loss: 6.164308309555054, train_nll: 0.0007158285005299257, valid_nll: 0.0487341358630347, valid_bleu: 0.00337983171059997
calculating bleu for 20 examples...
[2021-09-26 08:40:31] epoch 35: train_loss: 1.8772613929242503, valid_loss: 6.2088006138801575, train_nll: 0.0006716345742284035, valid_nll: 0.049735517328728496, valid_bleu: 0.0023166455860627157
calculating bleu for 20 examples...
[2021-09-26 08:44:26] epoch 36: train_loss: 1.8343745585607023, valid_loss: 6.276455640792847, train_nll: 0.0006267113336251706, valid_nll: 0.05581488927869281, valid_bleu: 0.0030698162512166477
calculating bleu for 20 examples...
[2021-09-26 08:48:24] epoch 37: train_loss: 1.7927829653632885, valid_loss: 6.256060063838959, train_nll: 0.0005862724409298021, valid_nll: 0.05310860882783015, valid_bleu: 0.004466984600916846
calculating bleu for 20 examples...
[2021-09-26 08:52:20] epoch 38: train_loss: 1.7548237582858728, valid_loss: 6.315150320529938, train_nll: 0.0005591130590512654, valid_nll: 0.05696830741884189, valid_bleu: 0.004602096839188565
calculating bleu for 20 examples...
[2021-09-26 08:56:18] epoch 39: train_loss: 1.7182606373514449, valid_loss: 6.337355375289917, train_nll: 0.0005270726826726174, valid_nll: 0.057270809750818504, valid_bleu: 0.01987042691041881
saving at epoch 39...
calculating bleu for 20 examples...
[2021-09-26 09:00:15] epoch 40: train_loss: 1.6822672157871479, valid_loss: 6.386843919754028, train_nll: 0.0004931660935740157, valid_nll: 0.058992246492334206, valid_bleu: 0.00429483757531923
calculating bleu for 20 examples...
[2021-09-26 09:04:12] epoch 41: train_loss: 1.6513849721879374, valid_loss: 6.408966541290283, train_nll: 0.00046633108902950675, valid_nll: 0.06276160571949708, valid_bleu: 0.0027933990221908865
calculating bleu for 20 examples...
[2021-09-26 09:08:07] epoch 42: train_loss: 1.6198059137986631, valid_loss: 6.430505573749542, train_nll: 0.00044462476146464445, valid_nll: 0.06120780657859589, valid_bleu: 0.00742795267350204
calculating bleu for 20 examples...
[2021-09-26 09:12:04] epoch 43: train_loss: 1.591826626840903, valid_loss: 6.441798627376556, train_nll: 0.00042325175655131436, valid_nll: 0.06362553917891034, valid_bleu: 0.021703852434780426
calculating bleu for 20 examples...
[2021-09-26 09:16:00] epoch 44: train_loss: 1.563326055906257, valid_loss: 6.461472868919373, train_nll: 0.00040204790525939825, valid_nll: 0.064739374675752, valid_bleu: 0.03717745670271869
calculating bleu for 20 examples...
[2021-09-26 09:19:59] epoch 45: train_loss: 1.5358522218100878, valid_loss: 6.514405250549316, train_nll: 0.00038519105704445543, valid_nll: 0.06997982900702181, valid_bleu: 0.004466984600916846
calculating bleu for 20 examples...
[2021-09-26 09:23:58] epoch 46: train_loss: 1.5134240735550315, valid_loss: 6.497074663639069, train_nll: 0.00036510608952349997, valid_nll: 0.0659559380012067, valid_bleu: 0.004192917682967132
calculating bleu for 20 examples...
[2021-09-26 09:27:56] epoch 47: train_loss: 1.4885883732717864, valid_loss: 6.547383069992065, train_nll: 0.0003513028385737153, valid_nll: 0.06755738759342225, valid_bleu: 0.022809037873383495
calculating bleu for 20 examples...
[2021-09-26 09:31:52] epoch 48: train_loss: 1.4690638135890572, valid_loss: 6.549209296703339, train_nll: 0.00033199865764501143, valid_nll: 0.06958665263212895, valid_bleu: 0.02283654941920978
calculating bleu for 20 examples...
[2021-09-26 09:35:50] epoch 49: train_loss: 1.4452889129823567, valid_loss: 6.571208357810974, train_nll: 0.00032149411279328016, valid_nll: 0.07009710177263744, valid_bleu: 0.012438712659820324
saving at epoch 49...
calculating bleu for 923 examples...
calculating bleu for 20 examples...
[2021-09-26 10:25:07] epoch 50: train_loss: 1.4295816877666785, valid_loss: 6.597397983074188, train_nll: 0.0003051872732201401, valid_nll: 0.07054685170721832, valid_bleu: 0.0049982772697164425
calculating bleu for 20 examples...
[2021-09-26 10:29:04] epoch 51: train_loss: 1.4133591402550132, valid_loss: 6.61701500415802, train_nll: 0.0002954409315634747, valid_nll: 0.07319317460232269, valid_bleu: 1.9266668801882998e-79
calculating bleu for 20 examples...
[2021-09-26 10:33:01] epoch 52: train_loss: 1.3936356427718182, valid_loss: 6.618851006031036, train_nll: 0.00028780601017344817, valid_nll: 0.07576579479356435, valid_bleu: 0.006798317193644944
calculating bleu for 20 examples...
[2021-09-26 10:37:00] epoch 53: train_loss: 1.3768361131755673, valid_loss: 6.616934061050415, train_nll: 0.00027859749049825177, valid_nll: 0.0702789585299722, valid_bleu: 0.026519119219574273
calculating bleu for 20 examples...
[2021-09-26 10:40:55] epoch 54: train_loss: 1.365016898330377, valid_loss: 6.647936522960663, train_nll: 0.0002688817053425069, valid_nll: 0.07553161411251924, valid_bleu: 0.003938016660786983
calculating bleu for 20 examples...
[2021-09-26 10:44:53] epoch 55: train_loss: 1.3501217237540655, valid_loss: 6.624456822872162, train_nll: 0.0002619517806598118, valid_nll: 0.06900044754142563, valid_bleu: 0.004798366537962815
calculating bleu for 20 examples...
[2021-09-26 10:48:50] epoch 56: train_loss: 1.3379362268107278, valid_loss: 6.670038223266602, train_nll: 0.0002568736111874483, valid_nll: 0.0726902321378624, valid_bleu: 0.00802873258012901
calculating bleu for 20 examples...
[2021-09-26 10:52:49] epoch 57: train_loss: 1.3265119955247762, valid_loss: 6.668493747711182, train_nll: 0.0002497347399653221, valid_nll: 0.07522750635497326, valid_bleu: 0.004228516270915887
calculating bleu for 20 examples...
[2021-09-26 10:56:45] epoch 58: train_loss: 1.3154517917000517, valid_loss: 6.671716630458832, train_nll: 0.00023963473271350471, valid_nll: 0.0785490027832335, valid_bleu: 0.017015991688406572
calculating bleu for 20 examples...
[2021-09-26 11:00:41] epoch 59: train_loss: 1.3058816267519582, valid_loss: 6.674127399921417, train_nll: 0.0002354788995275692, valid_nll: 0.07452589792151285, valid_bleu: 0.004385922048917432
saving at epoch 59...
calculating bleu for 20 examples...
[2021-09-26 11:04:39] epoch 60: train_loss: 1.299639426932043, valid_loss: 6.684905588626862, train_nll: 0.0002321827335746921, valid_nll: 0.07656935609858737, valid_bleu: 0.004361805382086356
calculating bleu for 20 examples...
[2021-09-26 11:08:37] epoch 61: train_loss: 1.2891468600350984, valid_loss: 6.668602705001831, train_nll: 0.0002276474834354613, valid_nll: 0.0753293163374734, valid_bleu: 0.0028045040512160863
calculating bleu for 20 examples...
[2021-09-26 11:12:32] epoch 62: train_loss: 1.2827004516611293, valid_loss: 6.703466296195984, train_nll: 0.00022526916241159245, valid_nll: 0.0795573511501008, valid_bleu: 0.015881076016027916
calculating bleu for 20 examples...
[2021-09-26 11:16:29] epoch 63: train_loss: 1.2768158912658691, valid_loss: 6.676458537578583, train_nll: 0.00021929063812173394, valid_nll: 0.07514372361593294, valid_bleu: 0.0024531587092804746
calculating bleu for 20 examples...
[2021-09-26 11:20:24] epoch 64: train_loss: 1.2705461024021616, valid_loss: 6.712210595607758, train_nll: 0.00021854720515849494, valid_nll: 0.07509954555528679, valid_bleu: 0.026696605430544973
calculating bleu for 20 examples...
[2021-09-26 11:24:21] epoch 65: train_loss: 1.2641701771288503, valid_loss: 6.683753192424774, train_nll: 0.00021469147825133164, valid_nll: 0.07946659854362531, valid_bleu: 0.003409498282619743
calculating bleu for 20 examples...
[2021-09-26 11:28:18] epoch 66: train_loss: 1.2617900985844281, valid_loss: 6.681657671928406, train_nll: 0.00020845667275078917, valid_nll: 0.08071806875173243, valid_bleu: 0.019863888399970785
calculating bleu for 20 examples...
[2021-09-26 11:32:15] epoch 67: train_loss: 1.2581454466800301, valid_loss: 6.685114622116089, train_nll: 0.00020835176122431854, valid_nll: 0.07678928821454648, valid_bleu: 0.006883553351163235
calculating bleu for 20 examples...
[2021-09-26 11:36:11] epoch 68: train_loss: 1.2550935799978218, valid_loss: 6.666938841342926, train_nll: 0.00020785665113098767, valid_nll: 0.07213214602134257, valid_bleu: 0.003723816338360001
calculating bleu for 20 examples...
[2021-09-26 11:40:08] epoch 69: train_loss: 1.2508466572177654, valid_loss: 6.701585531234741, train_nll: 0.00020466567647700406, valid_nll: 0.07956542972140013, valid_bleu: 0.008418380756501349
saving at epoch 69...
calculating bleu for 20 examples...
[2021-09-26 11:44:06] epoch 70: train_loss: 1.2496783964487972, valid_loss: 6.653118014335632, train_nll: 0.0002050794632480517, valid_nll: 0.07487986345281179, valid_bleu: 0.008226846239128685
calculating bleu for 20 examples...
[2021-09-26 11:48:03] epoch 71: train_loss: 1.249842340848884, valid_loss: 6.662907421588898, train_nll: 0.0002051201780474916, valid_nll: 0.07661195144675355, valid_bleu: 0.016403444744322267
calculating bleu for 20 examples...
[2021-09-26 11:52:00] epoch 72: train_loss: 1.248276701387094, valid_loss: 6.678943634033203, train_nll: 0.00020148820601901976, valid_nll: 0.0762254789079987, valid_bleu: 0.0035570925797438536
calculating bleu for 20 examples...
[2021-09-26 11:55:56] epoch 73: train_loss: 1.2465596953216864, valid_loss: 6.6637638211250305, train_nll: 0.0002017959968654477, valid_nll: 0.07358892001407794, valid_bleu: 0.003813611287750791
calculating bleu for 20 examples...
[2021-09-26 11:59:52] epoch 74: train_loss: 1.2491660172841987, valid_loss: 6.682839751243591, train_nll: 0.0002003118226479511, valid_nll: 0.07510034729344263, valid_bleu: 0.003979496654859445
calculating bleu for 20 examples...
[2021-09-26 12:03:51] epoch 75: train_loss: 1.2484370470046997, valid_loss: 6.651003539562225, train_nll: 0.0002015199595081563, valid_nll: 0.07098082129918372, valid_bleu: 0.014395389291186588
calculating bleu for 20 examples...
[2021-09-26 12:07:49] epoch 76: train_loss: 1.2495678055043122, valid_loss: 6.679359257221222, train_nll: 0.00020108192872027962, valid_nll: 0.07787666592849352, valid_bleu: 0.0036388332078583175
calculating bleu for 20 examples...
[2021-09-26 12:11:48] epoch 77: train_loss: 1.2525701261296565, valid_loss: 6.689538061618805, train_nll: 0.0002024218362691451, valid_nll: 0.07466837950435684, valid_bleu: 0.006999931850898089
calculating bleu for 20 examples...
[2021-09-26 12:15:47] epoch 78: train_loss: 1.252989687481705, valid_loss: 6.662397146224976, train_nll: 0.00020149449670250712, valid_nll: 0.07264719261319781, valid_bleu: 0.003991459581742357
calculating bleu for 20 examples...
[2021-09-26 12:19:48] epoch 79: train_loss: 1.2582484118792476, valid_loss: 6.644422173500061, train_nll: 0.0002046643936877348, valid_nll: 0.07413207252856528, valid_bleu: 0.0029314307895667744
saving at epoch 79...
calculating bleu for 20 examples...
[2021-09-26 12:23:49] epoch 80: train_loss: 1.26052975593781, valid_loss: 6.658109664916992, train_nll: 0.00020333418981515838, valid_nll: 0.07691277478987124, valid_bleu: 0.006442720265795891
calculating bleu for 20 examples...
[2021-09-26 12:27:49] epoch 81: train_loss: 1.2632652338670225, valid_loss: 6.628118455410004, train_nll: 0.00020256059958010303, valid_nll: 0.07168902635961014, valid_bleu: 0.009692105835936958
calculating bleu for 20 examples...
[2021-09-26 12:31:48] epoch 82: train_loss: 1.2657679082179556, valid_loss: 6.631438493728638, train_nll: 0.00020609677657582818, valid_nll: 0.07178040315229259, valid_bleu: 0.01999330904122088
calculating bleu for 20 examples...
[2021-09-26 12:35:48] epoch 83: train_loss: 1.2710810790256577, valid_loss: 6.649485766887665, train_nll: 0.000208227838861699, valid_nll: 0.07234590026173399, valid_bleu: 1.5587991979706347e-79
calculating bleu for 20 examples...
[2021-09-26 12:39:45] epoch 84: train_loss: 1.2765636249464385, valid_loss: 6.6488707065582275, train_nll: 0.00020932933989836245, valid_nll: 0.07804771261127705, valid_bleu: 0.0030416119168112793
calculating bleu for 20 examples...
[2021-09-26 12:43:44] epoch 85: train_loss: 1.2833388088917246, valid_loss: 6.597398459911346, train_nll: 0.00020855857481761854, valid_nll: 0.06917497051339273, valid_bleu: 0.01020326768115087
calculating bleu for 20 examples...
[2021-09-26 12:47:44] epoch 86: train_loss: 1.2907159973163993, valid_loss: 6.628996968269348, train_nll: 0.00020950815689807034, valid_nll: 0.07521268267412345, valid_bleu: 0.029141142202824148
calculating bleu for 20 examples...
[2021-09-26 12:51:42] epoch 87: train_loss: 1.2940214702061243, valid_loss: 6.629239320755005, train_nll: 0.00021814814516476222, valid_nll: 0.07613957427485607, valid_bleu: 0.008774176544343653
calculating bleu for 20 examples...
[2021-09-26 12:55:42] epoch 88: train_loss: 1.2979145433221544, valid_loss: 6.591722130775452, train_nll: 0.0002185670230340509, valid_nll: 0.06775762856262198, valid_bleu: 0.02364022670138301
calculating bleu for 20 examples...
[2021-09-26 12:59:41] epoch 89: train_loss: 1.3055052240284122, valid_loss: 6.612726330757141, train_nll: 0.00021980545793260847, valid_nll: 0.0729275373094563, valid_bleu: 0.0075236943609348714
saving at epoch 89...
calculating bleu for 20 examples...
[2021-09-26 13:03:47] epoch 90: train_loss: 1.3115567765673812, valid_loss: 6.612454354763031, train_nll: 0.0002225541257876655, valid_nll: 0.07607487807369527, valid_bleu: 0.026454136239050095
calculating bleu for 20 examples...
[2021-09-26 13:07:45] epoch 91: train_loss: 1.3187620499912573, valid_loss: 6.588706374168396, train_nll: 0.00022285513926525506, valid_nll: 0.07225084928783901, valid_bleu: 0.007726345053202357
calculating bleu for 20 examples...
[2021-09-26 13:11:43] epoch 92: train_loss: 1.3256745563477885, valid_loss: 6.587884545326233, train_nll: 0.00023126957427359597, valid_nll: 0.06960721230030706, valid_bleu: 0.03383552443972311
calculating bleu for 20 examples...
[2021-09-26 13:15:41] epoch 93: train_loss: 1.328872557805509, valid_loss: 6.548632383346558, train_nll: 0.00023212898531738593, valid_nll: 0.06597253270977771, valid_bleu: 0.010174747593751506
calculating bleu for 20 examples...
[2021-09-26 13:19:39] epoch 94: train_loss: 1.3388003214281432, valid_loss: 6.554834544658661, train_nll: 0.00023424752690354172, valid_nll: 0.0691925044251607, valid_bleu: 0.003217930009795785
calculating bleu for 20 examples...
[2021-09-26 13:23:39] epoch 95: train_loss: 1.3483186339845463, valid_loss: 6.560899317264557, train_nll: 0.0002391803836092657, valid_nll: 0.06860510579550932, valid_bleu: 0.023342798970470563
calculating bleu for 20 examples...
[2021-09-26 13:27:38] epoch 96: train_loss: 1.3545691985256818, valid_loss: 6.544119298458099, train_nll: 0.00024133438593209745, valid_nll: 0.06991202518062858, valid_bleu: 0.007050444963392573
calculating bleu for 20 examples...
[2021-09-26 13:31:38] epoch 97: train_loss: 1.367115273767588, valid_loss: 6.520331382751465, train_nll: 0.0002464723359322061, valid_nll: 0.06645142175830761, valid_bleu: 0.008597575922157333
calculating bleu for 20 examples...
[2021-09-26 13:35:34] epoch 98: train_loss: 1.3711815415596476, valid_loss: 6.511494815349579, train_nll: 0.0002505564352745491, valid_nll: 0.0637720840317484, valid_bleu: 0.005971040455193842
calculating bleu for 20 examples...
[2021-09-26 13:39:32] epoch 99: train_loss: 1.3773712643555232, valid_loss: 6.517554044723511, train_nll: 0.0002538344087406081, valid_nll: 0.06455353016097042, valid_bleu: 0.007400538711774761
saving at epoch 99...
calculating bleu for 923 examples...
