------------ Configs ------------
building it vocab...
found previously built it vocab, loading...
there are 7426 tokens in it vocab
building en vocab...
found previously built en vocab, loading...
there are 6141 tokens in en vocab
building translation train it->en dataset...
found preprocessed train it->en dataset, loading...
taking 25000 subset of full data...
truncating all sequences to have max 50 tokens...
building it vocab...
found previously built it vocab, loading...
there are 7426 tokens in it vocab
building en vocab...
found previously built en vocab, loading...
there are 6141 tokens in en vocab
building translation valid it->en dataset...
found preprocessed valid it->en dataset, loading...
taking 5000 subset of full data...
truncating all sequences to have max 50 tokens...
model summary: 
=================================================================
                Kernel Shape     Output Shape   Params  Mult-Adds
Layer                                                            
0_src_embedding  [512, 7426]   [128, 50, 512]  3802112    3802112
1_enc                      -   [128, 50, 958]  3247620    3243788
2_tgt_embedding  [512, 6141]   [128, 50, 512]  3144192    3144192
3_dec                      -   [128, 50, 958]  3247620    3243788
4_mlp            [958, 6141]  [128, 50, 6141]  5889219    5883078
-----------------------------------------------------------------
                        Totals
Total params          19330763
Trainable params      19330763
Non-trainable params         0
Mult-Adds             19316958
=================================================================
rnn:  tanh
num layers: 2
embedding dim:  512
data:  iwslt_it_en
max seq tokens:  50
train subset:  25000
valid subset:  5000
optimizer:  sgd
learning rate:  0.1
momentum:  0.9
weight decay:  0.0001
gradient clipping:  1.0
loss criterion:  ce
continue training:  False
save directory:  ./exp/translation/it_en/tanh
log directory:  ./log/translation/it_en/tanh
starting epoch:  0
ending epoch:  100
steps per epoch:  196
cuda:  True
---------------------------------
calculating bleu for 20 examples...
[2021-09-26 06:22:11] epoch 0: train_loss: 5.537414884080692, valid_loss: 4.971448540687561, train_nll: 0.07198297639807877, valid_nll: 0.043142828093203446, valid_bleu: 0.013805184551789742
calculating bleu for 20 examples...
[2021-09-26 06:25:43] epoch 1: train_loss: 4.780544137468143, valid_loss: 4.771261215209961, train_nll: 0.03836226774877431, valid_nll: 0.036064784837075946, valid_bleu: 3.358822497534366e-79
calculating bleu for 20 examples...
[2021-09-26 06:29:22] epoch 2: train_loss: 4.551897902877963, valid_loss: 4.661536335945129, train_nll: 0.030832279341909446, valid_nll: 0.03183704569662067, valid_bleu: 0.0003322677995892306
calculating bleu for 20 examples...
[2021-09-26 06:32:59] epoch 3: train_loss: 4.389027138145602, valid_loss: 4.542765021324158, train_nll: 0.025706088431222098, valid_nll: 0.029246929782594265, valid_bleu: 0.0005069635194510094
calculating bleu for 20 examples...
[2021-09-26 06:36:37] epoch 4: train_loss: 4.255955941823064, valid_loss: 4.488026797771454, train_nll: 0.02184657374167929, valid_nll: 0.027594391261897926, valid_bleu: 7.294329090771991e-79
calculating bleu for 20 examples...
[2021-09-26 06:40:14] epoch 5: train_loss: 4.1368869457926065, valid_loss: 4.460642695426941, train_nll: 0.018804266251544563, valid_nll: 0.026218947550209558, valid_bleu: 0.014211011212459495
calculating bleu for 20 examples...
[2021-09-26 06:43:51] epoch 6: train_loss: 4.025706905491498, valid_loss: 4.432489514350891, train_nll: 0.016264501965581154, valid_nll: 0.02486549623334333, valid_bleu: 0.010571070857151539
calculating bleu for 20 examples...
[2021-09-26 06:47:29] epoch 7: train_loss: 3.924185883025734, valid_loss: 4.412697076797485, train_nll: 0.014192177681436343, valid_nll: 0.024386151302976715, valid_bleu: 4.991494942224222e-79
calculating bleu for 20 examples...
[2021-09-26 06:51:07] epoch 8: train_loss: 3.8225653913556314, valid_loss: 4.415502727031708, train_nll: 0.01245293182061643, valid_nll: 0.0243961315345953, valid_bleu: 0.013805184551789742
calculating bleu for 20 examples...
[2021-09-26 06:54:46] epoch 9: train_loss: 3.7227320610260475, valid_loss: 4.403239905834198, train_nll: 0.010979093452160357, valid_nll: 0.023440107807784227, valid_bleu: 0.028738188347011827
saving at epoch 9...
calculating bleu for 20 examples...
[2021-09-26 06:58:23] epoch 10: train_loss: 3.6235427382040997, valid_loss: 4.405697047710419, train_nll: 0.00974990967108279, valid_nll: 0.02315693365283144, valid_bleu: 3.352019697242823e-79
calculating bleu for 20 examples...
[2021-09-26 07:02:00] epoch 11: train_loss: 3.520490584324817, valid_loss: 4.42592716217041, train_nll: 0.008688004496048908, valid_nll: 0.022852306389045486, valid_bleu: 0.028234800660989497
calculating bleu for 20 examples...
[2021-09-26 07:05:38] epoch 12: train_loss: 3.422310465452622, valid_loss: 4.456600069999695, train_nll: 0.007785406909864776, valid_nll: 0.023179773832754838, valid_bleu: 0.006311151102560747
calculating bleu for 20 examples...
[2021-09-26 07:09:16] epoch 13: train_loss: 3.3228896406232096, valid_loss: 4.455107688903809, train_nll: 0.007022632658822196, valid_nll: 0.022906159961227537, valid_bleu: 0.021409001104172574
calculating bleu for 20 examples...
[2021-09-26 07:12:54] epoch 14: train_loss: 3.2275663225018247, valid_loss: 4.476988971233368, train_nll: 0.006371198545961964, valid_nll: 0.022796146542623928, valid_bleu: 0.008217286636890763
calculating bleu for 20 examples...
[2021-09-26 07:16:30] epoch 15: train_loss: 3.130405612137853, valid_loss: 4.551335036754608, train_nll: 0.005819197252234634, valid_nll: 0.023765941700019035, valid_bleu: 0.01912570176891366
calculating bleu for 20 examples...
[2021-09-26 07:20:07] epoch 16: train_loss: 3.0349896087938424, valid_loss: 4.583964943885803, train_nll: 0.005333658956410934, valid_nll: 0.023289032368465377, valid_bleu: 0.025881191186445513
calculating bleu for 20 examples...
[2021-09-26 07:23:45] epoch 17: train_loss: 2.940108676345981, valid_loss: 4.632449150085449, train_nll: 0.004919619103645792, valid_nll: 0.024025782966047293, valid_bleu: 0.02925168208137787
calculating bleu for 20 examples...
[2021-09-26 07:27:22] epoch 18: train_loss: 2.8482193253478227, valid_loss: 4.6822739243507385, train_nll: 0.004540528610166707, valid_nll: 0.02415286353575673, valid_bleu: 0.018980218399381445
calculating bleu for 20 examples...
[2021-09-26 07:30:59] epoch 19: train_loss: 2.759729364696814, valid_loss: 4.7376397252082825, train_nll: 0.004208691384062475, valid_nll: 0.025022719079755004, valid_bleu: 0.024258578374473767
saving at epoch 19...
calculating bleu for 20 examples...
[2021-09-26 07:34:39] epoch 20: train_loss: 2.6742371576172963, valid_loss: 4.805897355079651, train_nll: 0.0039238330140405776, valid_nll: 0.02559881448457244, valid_bleu: 0.03438975782662114
calculating bleu for 20 examples...
[2021-09-26 07:38:16] epoch 21: train_loss: 2.590821316047591, valid_loss: 4.853634476661682, train_nll: 0.00365324113184092, valid_nll: 0.026756485433497717, valid_bleu: 0.020429551310659228
calculating bleu for 20 examples...
[2021-09-26 07:41:55] epoch 22: train_loss: 2.512199662169632, valid_loss: 4.936557948589325, train_nll: 0.00340215215410505, valid_nll: 0.028721329707174118, valid_bleu: 0.02495803756984565
calculating bleu for 20 examples...
[2021-09-26 07:45:33] epoch 23: train_loss: 2.435528179820703, valid_loss: 4.982931673526764, train_nll: 0.00318707884652274, valid_nll: 0.028386584252443607, valid_bleu: 0.029558069700021915
calculating bleu for 20 examples...
[2021-09-26 07:49:10] epoch 24: train_loss: 2.3632087464235267, valid_loss: 5.054389417171478, train_nll: 0.002979546237089196, valid_nll: 0.031777656092762806, valid_bleu: 0.029951073298772963
calculating bleu for 20 examples...
[2021-09-26 07:52:49] epoch 25: train_loss: 2.2940053222130756, valid_loss: 5.117637813091278, train_nll: 0.0027940672029767716, valid_nll: 0.03226931287358269, valid_bleu: 0.032423328361383306
calculating bleu for 20 examples...
[2021-09-26 07:56:27] epoch 26: train_loss: 2.2292333768338572, valid_loss: 5.1696929931640625, train_nll: 0.002613825760666205, valid_nll: 0.03417025578584546, valid_bleu: 0.01659582814952701
calculating bleu for 20 examples...
[2021-09-26 08:00:07] epoch 27: train_loss: 2.1669795355018304, valid_loss: 5.2447744607925415, train_nll: 0.002464801743955028, valid_nll: 0.03593367111983177, valid_bleu: 0.03401549525514001
calculating bleu for 20 examples...
[2021-09-26 08:03:46] epoch 28: train_loss: 2.107382219056694, valid_loss: 5.310390114784241, train_nll: 0.002317569809349216, valid_nll: 0.03794158374944571, valid_bleu: 0.020116020968087803
calculating bleu for 20 examples...
[2021-09-26 08:07:24] epoch 29: train_loss: 2.0553715964969324, valid_loss: 5.3653923869133, train_nll: 0.002169299825597268, valid_nll: 0.039414012918586636, valid_bleu: 0.025048737815936084
saving at epoch 29...
calculating bleu for 20 examples...
[2021-09-26 08:11:03] epoch 30: train_loss: 2.0033367738431815, valid_loss: 5.39537501335144, train_nll: 0.0020578002738952635, valid_nll: 0.04315680924611652, valid_bleu: 0.025956793761135057
calculating bleu for 20 examples...
[2021-09-26 08:14:42] epoch 31: train_loss: 1.953445810444501, valid_loss: 5.471351325511932, train_nll: 0.0019359169728415354, valid_nll: 0.044515485913561276, valid_bleu: 0.01963694582887656
calculating bleu for 20 examples...
[2021-09-26 08:18:20] epoch 32: train_loss: 1.9071730180662505, valid_loss: 5.497575879096985, train_nll: 0.0018289256200985033, valid_nll: 0.04474925732615232, valid_bleu: 0.018766907834122444
calculating bleu for 20 examples...
[2021-09-26 08:22:00] epoch 33: train_loss: 1.8632036179912335, valid_loss: 5.543609619140625, train_nll: 0.0017259301586540377, valid_nll: 0.04690685354041235, valid_bleu: 0.02820639440496885
calculating bleu for 20 examples...
[2021-09-26 08:25:40] epoch 34: train_loss: 1.825101070866293, valid_loss: 5.602307856082916, train_nll: 0.0016410878074412443, valid_nll: 0.04950406988544861, valid_bleu: 0.019075687607345494
calculating bleu for 20 examples...
[2021-09-26 08:29:19] epoch 35: train_loss: 1.785109389193204, valid_loss: 5.641186475753784, train_nll: 0.0015518705488710986, valid_nll: 0.05236850730552753, valid_bleu: 0.03308276048884062
calculating bleu for 20 examples...
[2021-09-26 08:33:01] epoch 36: train_loss: 1.748285741222148, valid_loss: 5.671450138092041, train_nll: 0.0014625863575448794, valid_nll: 0.054437684283740656, valid_bleu: 0.01994764111245654
calculating bleu for 20 examples...
[2021-09-26 08:36:39] epoch 37: train_loss: 1.7148811148137462, valid_loss: 5.7274675369262695, train_nll: 0.0013903525418651347, valid_nll: 0.056804113248540365, valid_bleu: 0.018369424539412132
calculating bleu for 20 examples...
[2021-09-26 08:40:13] epoch 38: train_loss: 1.6846491785681978, valid_loss: 5.739582657814026, train_nll: 0.0013205287372822663, valid_nll: 0.0607605245663852, valid_bleu: 0.02474030920744668
calculating bleu for 20 examples...
[2021-09-26 08:43:50] epoch 39: train_loss: 1.6526884655563199, valid_loss: 5.785978615283966, train_nll: 0.0012580770768924636, valid_nll: 0.057186956954283, valid_bleu: 0.005551277111446363
saving at epoch 39...
calculating bleu for 20 examples...
[2021-09-26 08:47:27] epoch 40: train_loss: 1.6240938129473705, valid_loss: 5.804282963275909, train_nll: 0.0011933251799369346, valid_nll: 0.06076437342010857, valid_bleu: 0.018455907959761743
calculating bleu for 20 examples...
[2021-09-26 08:51:04] epoch 41: train_loss: 1.5963932798833262, valid_loss: 5.81001603603363, train_nll: 0.001143034525379118, valid_nll: 0.06141978246965577, valid_bleu: 0.02024283189309473
calculating bleu for 20 examples...
[2021-09-26 08:54:40] epoch 42: train_loss: 1.5709034204483032, valid_loss: 5.863130271434784, train_nll: 0.0010946459875301438, valid_nll: 0.06451234910868665, valid_bleu: 0.018340433266405887
calculating bleu for 20 examples...
[2021-09-26 08:58:18] epoch 43: train_loss: 1.547523979629789, valid_loss: 5.897823870182037, train_nll: 0.0010427821830827362, valid_nll: 0.06415437902505741, valid_bleu: 0.026449008591378876
calculating bleu for 20 examples...
[2021-09-26 09:01:53] epoch 44: train_loss: 1.525023274883932, valid_loss: 5.906903505325317, train_nll: 0.0010112276110046834, valid_nll: 0.0628144394825583, valid_bleu: 0.026303915611856087
calculating bleu for 20 examples...
[2021-09-26 09:05:33] epoch 45: train_loss: 1.5059201474092445, valid_loss: 5.935267329216003, train_nll: 0.0009654671439346003, valid_nll: 0.06821125245778792, valid_bleu: 0.02024911131187554
calculating bleu for 20 examples...
[2021-09-26 09:09:08] epoch 46: train_loss: 1.4815998782916946, valid_loss: 5.917802572250366, train_nll: 0.0009283238235785037, valid_nll: 0.06748265090286108, valid_bleu: 0.021480609437847485
calculating bleu for 20 examples...
[2021-09-26 09:12:42] epoch 47: train_loss: 1.4625480704161586, valid_loss: 5.950442790985107, train_nll: 0.0008875797600648841, valid_nll: 0.06529673881727979, valid_bleu: 0.019613300581658034
calculating bleu for 20 examples...
[2021-09-26 09:16:19] epoch 48: train_loss: 1.4464508136924432, valid_loss: 5.932697772979736, train_nll: 0.0008589629670551845, valid_nll: 0.06692688152769351, valid_bleu: 0.005314812509672665
calculating bleu for 20 examples...
[2021-09-26 09:19:54] epoch 49: train_loss: 1.427565370287214, valid_loss: 5.983232617378235, train_nll: 0.0008275181866665276, valid_nll: 0.06912499225227474, valid_bleu: 0.02571885074979654
saving at epoch 49...
calculating bleu for 929 examples...
calculating bleu for 20 examples...
[2021-09-26 10:08:08] epoch 50: train_loss: 1.411959530139456, valid_loss: 5.988080143928528, train_nll: 0.0007967155066315009, valid_nll: 0.0683881975114575, valid_bleu: 0.0205069250000635
calculating bleu for 20 examples...
[2021-09-26 10:11:35] epoch 51: train_loss: 1.3949688168204561, valid_loss: 6.013412415981293, train_nll: 0.0007700256987007297, valid_nll: 0.07412998869584059, valid_bleu: 0.012562109273697544
calculating bleu for 20 examples...
[2021-09-26 10:15:02] epoch 52: train_loss: 1.3822072312539937, valid_loss: 6.021755278110504, train_nll: 0.000753622033547382, valid_nll: 0.07142102408626792, valid_bleu: 0.028679360463846514
calculating bleu for 20 examples...
[2021-09-26 10:18:30] epoch 53: train_loss: 1.3697842170997543, valid_loss: 6.00381201505661, train_nll: 0.0007246271904147401, valid_nll: 0.06981660479720886, valid_bleu: 0.020994987556145216
calculating bleu for 20 examples...
[2021-09-26 10:21:56] epoch 54: train_loss: 1.3584515014473273, valid_loss: 6.054574012756348, train_nll: 0.000703861421662934, valid_nll: 0.07449736028152414, valid_bleu: 0.02518695439619999
calculating bleu for 20 examples...
[2021-09-26 10:25:23] epoch 55: train_loss: 1.3488130599868542, valid_loss: 6.033611595630646, train_nll: 0.0006856648236755465, valid_nll: 0.07364709140994527, valid_bleu: 0.006038100099416043
calculating bleu for 20 examples...
[2021-09-26 10:28:49] epoch 56: train_loss: 1.3354051228688688, valid_loss: 6.06059193611145, train_nll: 0.0006701033306121826, valid_nll: 0.07286342981296749, valid_bleu: 0.027312182731794653
calculating bleu for 20 examples...
[2021-09-26 10:32:17] epoch 57: train_loss: 1.329344633890658, valid_loss: 6.057852506637573, train_nll: 0.000656076337366688, valid_nll: 0.07650948800265416, valid_bleu: 0.01927521529480387
calculating bleu for 20 examples...
[2021-09-26 10:35:44] epoch 58: train_loss: 1.3190411973972709, valid_loss: 6.061445415019989, train_nll: 0.00064417577403791, valid_nll: 0.07166116546842344, valid_bleu: 0.012566468175113827
calculating bleu for 20 examples...
[2021-09-26 10:39:11] epoch 59: train_loss: 1.3072429043906075, valid_loss: 6.056597828865051, train_nll: 0.0006276679818970817, valid_nll: 0.07150543468015026, valid_bleu: 0.017526945361497882
saving at epoch 59...
calculating bleu for 20 examples...
[2021-09-26 10:42:42] epoch 60: train_loss: 1.3021342103578606, valid_loss: 6.060169100761414, train_nll: 0.0006140949904188818, valid_nll: 0.07563190756031893, valid_bleu: 0.019025390401314828
calculating bleu for 20 examples...
[2021-09-26 10:46:08] epoch 61: train_loss: 1.2955026146100492, valid_loss: 6.09342896938324, train_nll: 0.0005987122177591129, valid_nll: 0.07242187795407203, valid_bleu: 0.03054834052860549
calculating bleu for 20 examples...
[2021-09-26 10:49:36] epoch 62: train_loss: 1.2888408868896717, valid_loss: 6.074988782405853, train_nll: 0.000597188823563712, valid_nll: 0.0743138701120313, valid_bleu: 0.0067616425332507725
calculating bleu for 20 examples...
[2021-09-26 10:53:03] epoch 63: train_loss: 1.284387542885177, valid_loss: 6.06127142906189, train_nll: 0.0005818491374229898, valid_nll: 0.07057745491575845, valid_bleu: 0.020953877987471614
calculating bleu for 20 examples...
[2021-09-26 10:56:36] epoch 64: train_loss: 1.279501167487125, valid_loss: 6.09176903963089, train_nll: 0.0005770159189068541, valid_nll: 0.0735301915627084, valid_bleu: 0.023683419118447097
calculating bleu for 20 examples...
[2021-09-26 11:00:06] epoch 65: train_loss: 1.2754784548769191, valid_loss: 6.070219874382019, train_nll: 0.0005710536879909282, valid_nll: 0.07487307460299421, valid_bleu: 0.028908099003876263
calculating bleu for 20 examples...
[2021-09-26 11:03:34] epoch 66: train_loss: 1.2714798693754235, valid_loss: 6.07123738527298, train_nll: 0.0005644952370195972, valid_nll: 0.07318662241234034, valid_bleu: 0.03205173843432481
calculating bleu for 20 examples...
[2021-09-26 11:07:04] epoch 67: train_loss: 1.2665064231473573, valid_loss: 6.082993030548096, train_nll: 0.0005520379146264524, valid_nll: 0.07593275042286199, valid_bleu: 0.013950796967929136
calculating bleu for 20 examples...
[2021-09-26 11:10:31] epoch 68: train_loss: 1.2619332202843256, valid_loss: 6.088530957698822, train_nll: 0.0005461960131781442, valid_nll: 0.07190498450240107, valid_bleu: 0.021577388337838052
calculating bleu for 20 examples...
[2021-09-26 11:13:59] epoch 69: train_loss: 1.2610322157947385, valid_loss: 6.076894164085388, train_nll: 0.0005471785882541112, valid_nll: 0.07337440068592478, valid_bleu: 0.02404488353876031
saving at epoch 69...
calculating bleu for 20 examples...
[2021-09-26 11:17:29] epoch 70: train_loss: 1.260980753874292, valid_loss: 6.064874827861786, train_nll: 0.0005420942868991774, valid_nll: 0.07278845110108469, valid_bleu: 0.027911956719485664
calculating bleu for 20 examples...
[2021-09-26 11:21:00] epoch 71: train_loss: 1.2590853133980109, valid_loss: 6.047670662403107, train_nll: 0.000534730309272299, valid_nll: 0.07136813310516797, valid_bleu: 0.03174668578333499
calculating bleu for 20 examples...
[2021-09-26 11:24:28] epoch 72: train_loss: 1.2554709315299988, valid_loss: 6.044345915317535, train_nll: 0.0005329332956975821, valid_nll: 0.0721414113068342, valid_bleu: 0.012108710160350462
calculating bleu for 20 examples...
[2021-09-26 11:27:56] epoch 73: train_loss: 1.2568154359350399, valid_loss: 6.055275797843933, train_nll: 0.0005295647605584593, valid_nll: 0.0712085096556261, valid_bleu: 0.0007331979186268269
calculating bleu for 20 examples...
[2021-09-26 11:31:24] epoch 74: train_loss: 1.2539378994581651, valid_loss: 6.055269837379456, train_nll: 0.0005311628597731811, valid_nll: 0.06950679263348968, valid_bleu: 0.02320578837461455
calculating bleu for 20 examples...
[2021-09-26 11:35:05] epoch 75: train_loss: 1.258323269230979, valid_loss: 6.000693619251251, train_nll: 0.0005283271590544253, valid_nll: 0.06752915554950896, valid_bleu: 0.024099447273687163
calculating bleu for 20 examples...
[2021-09-26 11:38:50] epoch 76: train_loss: 1.257975521744514, valid_loss: 6.057521283626556, train_nll: 0.000530863104255832, valid_nll: 0.07240306387219331, valid_bleu: 0.027489169796980926
calculating bleu for 20 examples...
[2021-09-26 11:42:19] epoch 77: train_loss: 1.2578670224364923, valid_loss: 6.026811122894287, train_nll: 0.0005271166498807012, valid_nll: 0.07087699916152694, valid_bleu: 0.026969874914481256
calculating bleu for 20 examples...
[2021-09-26 11:45:46] epoch 78: train_loss: 1.258206532317765, valid_loss: 6.031061828136444, train_nll: 0.0005277645019609101, valid_nll: 0.07115764003187605, valid_bleu: 0.011616710984175051
calculating bleu for 20 examples...
[2021-09-26 11:49:14] epoch 79: train_loss: 1.2618105046603145, valid_loss: 6.000637769699097, train_nll: 0.0005274080985906173, valid_nll: 0.07142139670217067, valid_bleu: 0.01310125503586631
saving at epoch 79...
calculating bleu for 20 examples...
[2021-09-26 11:52:42] epoch 80: train_loss: 1.2636266368992475, valid_loss: 6.0148433446884155, train_nll: 0.0005233406363214765, valid_nll: 0.06919705851769607, valid_bleu: 0.02170678690599776
calculating bleu for 20 examples...
[2021-09-26 11:56:08] epoch 81: train_loss: 1.264119339232542, valid_loss: 5.9898059368133545, train_nll: 0.0005274967510846196, valid_nll: 0.06878786163615415, valid_bleu: 0.018302043842712286
calculating bleu for 20 examples...
[2021-09-26 11:59:36] epoch 82: train_loss: 1.2665010617703807, valid_loss: 5.988673746585846, train_nll: 0.0005289176049524424, valid_nll: 0.06867073167342057, valid_bleu: 0.032018137042431234
calculating bleu for 20 examples...
[2021-09-26 12:03:09] epoch 83: train_loss: 1.2682101769106728, valid_loss: 5.986123025417328, train_nll: 0.0005319801817134935, valid_nll: 0.06693618987577214, valid_bleu: 0.01413328873311171
calculating bleu for 20 examples...
[2021-09-26 12:06:36] epoch 84: train_loss: 1.27353721005576, valid_loss: 5.989867269992828, train_nll: 0.0005296302966682279, valid_nll: 0.07157765536297274, valid_bleu: 0.012566468175113827
calculating bleu for 20 examples...
[2021-09-26 12:10:03] epoch 85: train_loss: 1.2765221103113524, valid_loss: 5.985011518001556, train_nll: 0.0005335520768652157, valid_nll: 0.06790761531166427, valid_bleu: 0.019646539360468625
calculating bleu for 20 examples...
[2021-09-26 12:13:31] epoch 86: train_loss: 1.2792990809800673, valid_loss: 5.995344638824463, train_nll: 0.0005414624483731328, valid_nll: 0.06935266040100829, valid_bleu: 0.02524957806361806
calculating bleu for 20 examples...
[2021-09-26 12:16:56] epoch 87: train_loss: 1.284286958830697, valid_loss: 5.9935911893844604, train_nll: 0.0005443131909078482, valid_nll: 0.06912327553360209, valid_bleu: 0.006028185805050662
calculating bleu for 20 examples...
[2021-09-26 12:20:23] epoch 88: train_loss: 1.2889689851780326, valid_loss: 5.93458616733551, train_nll: 0.000550102214618605, valid_nll: 0.06432053365928743, valid_bleu: 0.030382860008351737
calculating bleu for 20 examples...
[2021-09-26 12:23:52] epoch 89: train_loss: 1.295163251307546, valid_loss: 5.959063470363617, train_nll: 0.0005521981960413408, valid_nll: 0.06822363891534425, valid_bleu: 0.004807547001959648
saving at epoch 89...
calculating bleu for 20 examples...
[2021-09-26 12:27:24] epoch 90: train_loss: 1.2975268090257839, valid_loss: 5.947352766990662, train_nll: 0.0005540422665174482, valid_nll: 0.06542953778225889, valid_bleu: 0.014128386352314105
calculating bleu for 20 examples...
[2021-09-26 12:30:58] epoch 91: train_loss: 1.304094492780919, valid_loss: 5.953363656997681, train_nll: 0.0005626600131210016, valid_nll: 0.06896180327137158, valid_bleu: 0.025521442076090105
calculating bleu for 20 examples...
[2021-09-26 12:34:24] epoch 92: train_loss: 1.3064937512485348, valid_loss: 5.922733962535858, train_nll: 0.0005641485242454373, valid_nll: 0.06498637125445152, valid_bleu: 0.008337827756506652
calculating bleu for 20 examples...
[2021-09-26 12:37:52] epoch 93: train_loss: 1.3139884818573386, valid_loss: 5.938332498073578, train_nll: 0.000573133231085174, valid_nll: 0.06654126082640541, valid_bleu: 0.017194656088289215
calculating bleu for 20 examples...
[2021-09-26 12:41:21] epoch 94: train_loss: 1.3170256219348129, valid_loss: 5.90788334608078, train_nll: 0.0005761393206946704, valid_nll: 0.06406724262835496, valid_bleu: 0.030705947369883628
calculating bleu for 20 examples...
[2021-09-26 12:44:49] epoch 95: train_loss: 1.3255565227294455, valid_loss: 5.887339174747467, train_nll: 0.0005823254139569341, valid_nll: 0.06468476201163281, valid_bleu: 0.030101121980834734
calculating bleu for 20 examples...
[2021-09-26 12:48:32] epoch 96: train_loss: 1.3260963492247524, valid_loss: 5.9185797572135925, train_nll: 0.0005881790792698762, valid_nll: 0.06396155751272077, valid_bleu: 0.02449902352480978
calculating bleu for 20 examples...
[2021-09-26 12:51:59] epoch 97: train_loss: 1.334646920768582, valid_loss: 5.901806592941284, train_nll: 0.000595906177442901, valid_nll: 0.06402899578792298, valid_bleu: 0.02471849552852967
calculating bleu for 20 examples...
[2021-09-26 12:55:26] epoch 98: train_loss: 1.3400403851149034, valid_loss: 5.900293529033661, train_nll: 0.000602281620453815, valid_nll: 0.063799913545054, valid_bleu: 0.020440322596961293
calculating bleu for 20 examples...
[2021-09-26 12:58:51] epoch 99: train_loss: 1.3467933255798963, valid_loss: 5.884488582611084, train_nll: 0.0006097001275237726, valid_nll: 0.06250270448650494, valid_bleu: 0.010814557399793716
saving at epoch 99...
calculating bleu for 929 examples...
