------------ Configs ------------
loading JSB data...
loading JSB data...
model summary: 
====================================================
      Kernel Shape   Output Shape  Params  Mult-Adds
Layer                                               
0_rnn            -  [200, 1, 100]   19000      18800
1_mlp    [100, 88]   [200, 1, 88]    8888       8800
----------------------------------------------------
                      Totals
Total params           27888
Trainable params       27888
Non-trainable params       0
Mult-Adds              27600
====================================================
rnn:  tanh
data:  JSB
optimizer:  rmsprop
learning rate:  0.001
momentum:  0.9
weight decay:  0.0
gradient clipping:  1.0
loss criterion:  bce
continue training:  False
save directory:  ./exp/music/jsb/tanh
log directory:  ./log/music/jsb/tanh
starting epoch:  0
ending epoch:  500
steps per epoch:  229
cuda:  True
---------------------------------
[2021-09-24 19:26:05] epoch 0: train_loss: 0.14701397121603313, valid_loss: 0.13624531687482408, train_nll: 8.717016484463825, valid_nll: 8.616558865535803
[2021-09-24 19:26:09] epoch 1: train_loss: 0.13501298072947165, valid_loss: 0.12927496923427834, train_nll: 8.297414829390691, valid_nll: 7.775538074933371
[2021-09-24 19:26:13] epoch 2: train_loss: 0.13085428563528187, valid_loss: 0.12300859823038704, train_nll: 7.9481755143009805, valid_nll: 7.386673900757645
[2021-09-24 19:26:17] epoch 3: train_loss: 0.12284690099381984, valid_loss: 0.11594568565487862, train_nll: 7.370838514219276, valid_nll: 7.02715024387631
[2021-09-24 19:26:22] epoch 4: train_loss: 0.11684994916858632, valid_loss: 0.1138844545930624, train_nll: 6.8892600384986284, valid_nll: 6.755025913375065
[2021-09-24 19:26:26] epoch 5: train_loss: 0.11489875273022589, valid_loss: 0.11145378796285704, train_nll: 6.771580854419546, valid_nll: 6.4914416836996915
[2021-09-24 19:26:30] epoch 6: train_loss: 0.1129560997978048, valid_loss: 0.11340504306319513, train_nll: 6.593158385349419, valid_nll: 7.174620391940102
[2021-09-24 19:26:34] epoch 7: train_loss: 0.11116420724896885, valid_loss: 0.1134016863805683, train_nll: 6.512156040507997, valid_nll: 5.97872367518379
[2021-09-24 19:26:38] epoch 8: train_loss: 0.11031535583422174, valid_loss: 0.11018148368518603, train_nll: 6.41296428748409, valid_nll: 6.725890560377714
[2021-09-24 19:26:42] epoch 9: train_loss: 0.11113335982810982, valid_loss: 0.10827711940203842, train_nll: 6.51100034063353, valid_nll: 6.204184882365862
[2021-09-24 19:26:46] epoch 10: train_loss: 0.10953619819150741, valid_loss: 0.1067298806615566, train_nll: 6.387802782563016, valid_nll: 6.250614056690467
[2021-09-24 19:26:50] epoch 11: train_loss: 0.10956213789215255, valid_loss: 0.11029946196236108, train_nll: 6.38212914606629, valid_nll: 6.227505814117823
[2021-09-24 19:26:54] epoch 12: train_loss: 0.10803968329226606, valid_loss: 0.10817142046595875, train_nll: 6.2706783697555615, valid_nll: 6.299789132030991
[2021-09-24 19:26:58] epoch 13: train_loss: 0.10764960798243768, valid_loss: 0.10588328295240276, train_nll: 6.238088230476373, valid_nll: 6.146426175160056
[2021-09-24 19:27:02] epoch 14: train_loss: 0.10802671293764655, valid_loss: 0.11032164498771492, train_nll: 6.2693730858749275, valid_nll: 6.334205738696387
[2021-09-24 19:27:06] epoch 15: train_loss: 0.10863758698431165, valid_loss: 0.10887562052199715, train_nll: 6.328822155170157, valid_nll: 6.328936389311194
[2021-09-24 19:27:11] epoch 16: train_loss: 0.10798871204842647, valid_loss: 0.10756664674140905, train_nll: 6.2708826147942816, valid_nll: 6.172229218999211
[2021-09-24 19:27:15] epoch 17: train_loss: 0.10776248984201506, valid_loss: 0.10831930409920842, train_nll: 6.244601372328154, valid_nll: 6.312336027016431
[2021-09-24 19:27:19] epoch 18: train_loss: 0.10732860160446583, valid_loss: 0.10661140995982446, train_nll: 6.237924772187561, valid_nll: 6.274823848304631
[2021-09-24 19:27:23] epoch 19: train_loss: 0.10738761215491066, valid_loss: 0.11030117147847225, train_nll: 6.23751189147167, valid_nll: 6.449805751502171
[2021-09-24 19:27:27] epoch 20: train_loss: 0.10663520180372171, valid_loss: 0.10655328739238412, train_nll: 6.17357959654602, valid_nll: 5.7759114331604895
[2021-09-24 19:27:31] epoch 21: train_loss: 0.10647831466780999, valid_loss: 0.1079384540452769, train_nll: 6.157722028124612, valid_nll: 6.554718108604927
[2021-09-24 19:27:35] epoch 22: train_loss: 0.10624014556928493, valid_loss: 0.10733900797602378, train_nll: 6.15490117271829, valid_nll: 6.332878955633726
[2021-09-24 19:27:39] epoch 23: train_loss: 0.10639595865032038, valid_loss: 0.10679503089111102, train_nll: 6.173142949406468, valid_nll: 6.013050704733545
[2021-09-24 19:27:43] epoch 24: train_loss: 0.10661725520957506, valid_loss: 0.10822812016857297, train_nll: 6.184008994041372, valid_nll: 6.2687467742798555
[2021-09-24 19:27:47] epoch 25: train_loss: 0.10573577142308373, valid_loss: 0.10840529428893014, train_nll: 6.102728045378295, valid_nll: 6.590328241837957
[2021-09-24 19:27:51] epoch 26: train_loss: 0.10607186187562984, valid_loss: 0.11123068807156462, train_nll: 6.1475188361648465, valid_nll: 6.578651232683601
[2021-09-24 19:27:55] epoch 27: train_loss: 0.10679695377833978, valid_loss: 0.10750591029462062, train_nll: 6.174161812398373, valid_nll: 6.084811373722011
[2021-09-24 19:27:59] epoch 28: train_loss: 0.10518424918948302, valid_loss: 0.10751247856962054, train_nll: 6.066612052608439, valid_nll: 6.011073117123417
[2021-09-24 19:28:03] epoch 29: train_loss: 0.10612037677041308, valid_loss: 0.10757237535558249, train_nll: 6.149582972282829, valid_nll: 6.192100427132816
[2021-09-24 19:28:07] epoch 30: train_loss: 0.10551109373179066, valid_loss: 0.10757040359864109, train_nll: 6.117050762010755, valid_nll: 6.2411396466574205
[2021-09-24 19:28:12] epoch 31: train_loss: 0.10480328935592977, valid_loss: 0.10673482627852966, train_nll: 6.060189052013713, valid_nll: 6.224757897026814
[2021-09-24 19:28:16] epoch 32: train_loss: 0.1042224528292381, valid_loss: 0.11076222556202035, train_nll: 6.021473204550502, valid_nll: 6.08229766184916
[2021-09-24 19:28:20] epoch 33: train_loss: 0.10518995887197262, valid_loss: 0.10853415462923677, train_nll: 6.085761054097017, valid_nll: 5.891327089721842
[2021-09-24 19:28:24] epoch 34: train_loss: 0.10373800830289266, valid_loss: 0.1070968659692689, train_nll: 5.987448470514185, valid_nll: 6.521737547506551
[2021-09-24 19:28:28] epoch 35: train_loss: 0.10445499355095443, valid_loss: 0.10685732490138004, train_nll: 6.027930481793129, valid_nll: 5.875239912935763
[2021-09-24 19:28:32] epoch 36: train_loss: 0.10412779235683674, valid_loss: 0.10449067052257688, train_nll: 6.003378272074139, valid_nll: 6.072132081939118
[2021-09-24 19:28:36] epoch 37: train_loss: 0.10347473660410753, valid_loss: 0.1076816402767834, train_nll: 5.9871977714643085, valid_nll: 5.7368601328284665
[2021-09-24 19:28:40] epoch 38: train_loss: 0.1039922617408386, valid_loss: 0.11039714064253003, train_nll: 5.9883940254646335, valid_nll: 6.609531754895327
[2021-09-24 19:28:44] epoch 39: train_loss: 0.10335828256528971, valid_loss: 0.1045046916329547, train_nll: 5.959633444419295, valid_nll: 5.960453692548738
[2021-09-24 19:28:48] epoch 40: train_loss: 0.10351159560237909, valid_loss: 0.10517620824669537, train_nll: 5.976634257776359, valid_nll: 6.062810536248464
[2021-09-24 19:28:52] epoch 41: train_loss: 0.10259924477625101, valid_loss: 0.10465914824683416, train_nll: 5.918343774804241, valid_nll: 5.9965945221500165
[2021-09-24 19:28:56] epoch 42: train_loss: 0.10281276013132787, valid_loss: 0.10833733087699664, train_nll: 5.931968794600885, valid_nll: 6.228308977303229
[2021-09-24 19:29:00] epoch 43: train_loss: 0.1031822227104262, valid_loss: 0.10618532203922146, train_nll: 5.945624829813594, valid_nll: 6.346605463571587
[2021-09-24 19:29:04] epoch 44: train_loss: 0.10253161504279057, valid_loss: 0.10413441650177303, train_nll: 5.902476031047323, valid_nll: 5.894014571759219
[2021-09-24 19:29:08] epoch 45: train_loss: 0.10244048757714476, valid_loss: 0.11021528549884495, train_nll: 5.904899670214168, valid_nll: 6.483381074980408
[2021-09-24 19:29:13] epoch 46: train_loss: 0.10376491830338558, valid_loss: 0.10575700208152596, train_nll: 5.990488574648486, valid_nll: 6.069068588411919
[2021-09-24 19:29:17] epoch 47: train_loss: 0.10325061474564814, valid_loss: 0.11358671556962163, train_nll: 5.954547022382506, valid_nll: 6.7361056251542735
[2021-09-24 19:29:23] epoch 48: train_loss: 0.10316779510032661, valid_loss: 0.10271706824239932, train_nll: 5.954294773067531, valid_nll: 5.819335485737354
[2021-09-24 19:29:27] epoch 49: train_loss: 0.10179228202224298, valid_loss: 0.10565914537169431, train_nll: 5.869506757834256, valid_nll: 5.9693381443942375
[2021-09-24 19:29:31] epoch 50: train_loss: 0.10159602087788186, valid_loss: 0.10608389787375927, train_nll: 5.850589262787733, valid_nll: 5.876314480958973
[2021-09-24 19:29:35] epoch 51: train_loss: 0.10260728671821444, valid_loss: 0.10791824807069804, train_nll: 5.908175160667475, valid_nll: 6.130134805029491
[2021-09-24 19:29:39] epoch 52: train_loss: 0.10384556387579598, valid_loss: 0.10468216750182603, train_nll: 5.999491192206207, valid_nll: 6.029986376052297
[2021-09-24 19:29:43] epoch 53: train_loss: 0.10280766357631142, valid_loss: 0.10813549847195023, train_nll: 5.945604888201287, valid_nll: 6.436202699507015
[2021-09-24 19:29:47] epoch 54: train_loss: 0.10328604437118014, valid_loss: 0.1053779631068832, train_nll: 5.967555397967559, valid_nll: 6.1399771184242775
[2021-09-24 19:29:52] epoch 55: train_loss: 0.1025073364962657, valid_loss: 0.10538953464282186, train_nll: 5.900176431068986, valid_nll: 6.271694582856128
[2021-09-24 19:29:55] epoch 56: train_loss: 0.1018119411111919, valid_loss: 0.10813089018981707, train_nll: 5.848319629731559, valid_nll: 6.1713532883142195
[2021-09-24 19:29:59] epoch 57: train_loss: 0.10213296160947807, valid_loss: 0.10665602658532168, train_nll: 5.881842080123436, valid_nll: 6.299237216303847
[2021-09-24 19:30:04] epoch 58: train_loss: 0.10122997499189001, valid_loss: 0.10594404116272926, train_nll: 5.811609789345011, valid_nll: 6.084170062932829
[2021-09-24 19:30:08] epoch 59: train_loss: 0.10106654644142592, valid_loss: 0.10814028458767816, train_nll: 5.802482455516708, valid_nll: 6.544402742406935
[2021-09-24 19:30:12] epoch 60: train_loss: 0.10129925309310313, valid_loss: 0.10592078221471686, train_nll: 5.8278855736643, valid_nll: 5.916321144660278
[2021-09-24 19:30:16] epoch 61: train_loss: 0.1013732521945212, valid_loss: 0.10613539334582656, train_nll: 5.835572285862169, valid_nll: 6.263653342617438
[2021-09-24 19:30:20] epoch 62: train_loss: 0.10062391691593103, valid_loss: 0.10748923716968611, train_nll: 5.7890638586593, valid_nll: 6.146871650213696
[2021-09-24 19:30:24] epoch 63: train_loss: 0.10086675375439715, valid_loss: 0.10785442786781411, train_nll: 5.812473309480805, valid_nll: 6.142239734550203
[2021-09-24 19:30:28] epoch 64: train_loss: 0.1015831387914945, valid_loss: 0.10654929682220284, train_nll: 5.84115163207774, valid_nll: 6.085943976388376
[2021-09-24 19:30:32] epoch 65: train_loss: 0.10084247286533164, valid_loss: 0.10400026546497095, train_nll: 5.790436628799338, valid_nll: 5.581261918442575
[2021-09-24 19:30:36] epoch 66: train_loss: 0.10039289904083228, valid_loss: 0.1027861670836022, train_nll: 5.775580165276982, valid_nll: 5.695796951381601
[2021-09-24 19:30:40] epoch 67: train_loss: 0.10056650062705752, valid_loss: 0.10581291065012154, train_nll: 5.791276633678014, valid_nll: 6.191246528305209
[2021-09-24 19:30:44] epoch 68: train_loss: 0.10036358217745368, valid_loss: 0.10596479700976297, train_nll: 5.756459386592095, valid_nll: 6.086502624727486
[2021-09-24 19:30:48] epoch 69: train_loss: 0.10191415793640644, valid_loss: 0.10451891371294071, train_nll: 5.863686234983679, valid_nll: 6.088136485020144
[2021-09-24 19:30:52] epoch 70: train_loss: 0.09991503119728971, valid_loss: 0.10538630060067303, train_nll: 5.732738381932386, valid_nll: 6.199308360829271
[2021-09-24 19:30:56] epoch 71: train_loss: 0.10034615038914452, valid_loss: 0.10653354737319444, train_nll: 5.768868099521126, valid_nll: 5.9509363684357135
[2021-09-24 19:31:00] epoch 72: train_loss: 0.10070778660508743, valid_loss: 0.1046390596188997, train_nll: 5.778377372257347, valid_nll: 6.289119519862885
[2021-09-24 19:31:04] epoch 73: train_loss: 0.10047737821350972, valid_loss: 0.10569286277811778, train_nll: 5.768240737184577, valid_nll: 6.242488643631069
[2021-09-24 19:31:08] epoch 74: train_loss: 0.09986178219058107, valid_loss: 0.10578229346949804, train_nll: 5.743936908703382, valid_nll: 6.09820318285259
[2021-09-24 19:31:12] epoch 75: train_loss: 0.10006462658987295, valid_loss: 0.10514504158575284, train_nll: 5.737006465716888, valid_nll: 5.873980644789092
[2021-09-24 19:31:17] epoch 76: train_loss: 0.10057197573013181, valid_loss: 0.10568462214187573, train_nll: 5.770434284196158, valid_nll: 6.1039792885571735
[2021-09-24 19:31:21] epoch 77: train_loss: 0.10027471659745713, valid_loss: 0.10517386464696181, train_nll: 5.756629452752442, valid_nll: 6.257869833399646
[2021-09-24 19:31:25] epoch 78: train_loss: 0.10028694095049362, valid_loss: 0.10644208659466944, train_nll: 5.752209952625966, valid_nll: 5.866564138347577
[2021-09-24 19:31:29] epoch 79: train_loss: 0.0996052999553722, valid_loss: 0.10701292910073933, train_nll: 5.722052773770501, valid_nll: 6.208787696423701
[2021-09-24 19:31:33] epoch 80: train_loss: 0.1000726192408774, valid_loss: 0.10505532140010282, train_nll: 5.758077814470494, valid_nll: 6.279180374179221
[2021-09-24 19:31:37] epoch 81: train_loss: 0.10098110523286345, valid_loss: 0.12147484827590616, train_nll: 5.827679155220215, valid_nll: 7.350894393617476
[2021-09-24 19:31:41] epoch 82: train_loss: 0.10117420742865733, valid_loss: 0.1061065896953407, train_nll: 5.8268364111090785, valid_nll: 6.320614301046859
[2021-09-24 19:31:45] epoch 83: train_loss: 0.09967982072757321, valid_loss: 0.10411296637826845, train_nll: 5.714634964297176, valid_nll: 5.82773851031389
[2021-09-24 19:31:49] epoch 84: train_loss: 0.0993413755662056, valid_loss: 0.1050361298808926, train_nll: 5.690170753895929, valid_nll: 6.0994955678982805
[2021-09-24 19:31:53] epoch 85: train_loss: 0.09898199482646051, valid_loss: 0.1036438717457809, train_nll: 5.66235086123851, valid_nll: 5.842655372366777
[2021-09-24 19:31:57] epoch 86: train_loss: 0.09941639399814814, valid_loss: 0.10570504232064674, train_nll: 5.706221194624778, valid_nll: 6.1098613528303485
[2021-09-24 19:32:01] epoch 87: train_loss: 0.09937794272295773, valid_loss: 0.10574616383957236, train_nll: 5.704265659662107, valid_nll: 5.802566764315724
[2021-09-24 19:32:05] epoch 88: train_loss: 0.09949563967478849, valid_loss: 0.10552925508665412, train_nll: 5.695082417958825, valid_nll: 6.206321419628647
[2021-09-24 19:32:09] epoch 89: train_loss: 0.09890780513333441, valid_loss: 0.10915034548624565, train_nll: 5.666855673144503, valid_nll: 6.0681721058979115
[2021-09-24 19:32:13] epoch 90: train_loss: 0.09961584932679172, valid_loss: 0.10483470068950403, train_nll: 5.736735820559553, valid_nll: 5.8737408397369455
[2021-09-24 19:32:17] epoch 91: train_loss: 0.09914950213057505, valid_loss: 0.10345816925952309, train_nll: 5.6577417230655245, valid_nll: 5.865612965582537
[2021-09-24 19:32:21] epoch 92: train_loss: 0.1013982889758968, valid_loss: 0.10648641274555733, train_nll: 5.8444676148485835, valid_nll: 5.690154958498251
[2021-09-24 19:32:25] epoch 93: train_loss: 0.10036474219055676, valid_loss: 0.1049226640086425, train_nll: 5.773860379054842, valid_nll: 6.254502923942697
[2021-09-24 19:32:29] epoch 94: train_loss: 0.10013546775131767, valid_loss: 0.10707789414415234, train_nll: 5.75919580003056, valid_nll: 5.985276097909992
[2021-09-24 19:32:34] epoch 95: train_loss: 0.09851458681722916, valid_loss: 0.10491917066668209, train_nll: 5.639468900057121, valid_nll: 6.07883927045646
[2021-09-24 19:32:38] epoch 96: train_loss: 0.09884655745659332, valid_loss: 0.10436044045184788, train_nll: 5.671019880738977, valid_nll: 5.940275781406431
[2021-09-24 19:32:42] epoch 97: train_loss: 0.09897208802694837, valid_loss: 0.10797888844421036, train_nll: 5.670229655159189, valid_nll: 6.416234190465073
[2021-09-24 19:32:46] epoch 98: train_loss: 0.0991144659542621, valid_loss: 0.10373272138990854, train_nll: 5.668565331792108, valid_nll: 5.86815108949507
[2021-09-24 19:32:50] epoch 99: train_loss: 0.09867148189175076, valid_loss: 0.1092109995845117, train_nll: 5.658217633660789, valid_nll: 6.2459614004016295
[2021-09-24 19:32:54] epoch 100: train_loss: 0.09883844930532197, valid_loss: 0.10678968607987228, train_nll: 5.671309729180116, valid_nll: 6.158736936507687
[2021-09-24 19:32:58] epoch 101: train_loss: 0.09881802521418276, valid_loss: 0.1050965960480665, train_nll: 5.669667455651023, valid_nll: 5.863040018861293
[2021-09-24 19:33:02] epoch 102: train_loss: 0.09903497060183354, valid_loss: 0.10699479242688731, train_nll: 5.671895550705228, valid_nll: 6.013045101528193
[2021-09-24 19:33:06] epoch 103: train_loss: 0.09843404086786586, valid_loss: 0.10639728958669462, train_nll: 5.655000621184875, valid_nll: 5.986295358722735
[2021-09-24 19:33:10] epoch 104: train_loss: 0.09882062989161004, valid_loss: 0.10774112482996363, train_nll: 5.684642657455419, valid_nll: 5.69698072796736
[2021-09-24 19:33:14] epoch 105: train_loss: 0.09811019835643893, valid_loss: 0.1062235739082098, train_nll: 5.607389912230924, valid_nll: 6.262762314968809
[2021-09-24 19:33:18] epoch 106: train_loss: 0.1014144839027563, valid_loss: 0.10571778193116188, train_nll: 5.832572895431575, valid_nll: 5.910659901294043
[2021-09-24 19:33:22] epoch 107: train_loss: 0.09794439804866324, valid_loss: 0.10391057449343957, train_nll: 5.6133821475907935, valid_nll: 5.823193666843308
[2021-09-24 19:33:26] epoch 108: train_loss: 0.09894731673351022, valid_loss: 0.10645776800811291, train_nll: 5.672433133644355, valid_nll: 5.935607549420406
[2021-09-24 19:33:31] epoch 109: train_loss: 0.09845801465636257, valid_loss: 0.10583644517158207, train_nll: 5.647525462016984, valid_nll: 6.48430672652733
[2021-09-24 19:33:35] epoch 110: train_loss: 0.09850316673647368, valid_loss: 0.1080374157938518, train_nll: 5.658470026258692, valid_nll: 6.4378220325963875
[2021-09-24 19:33:39] epoch 111: train_loss: 0.0979894955345637, valid_loss: 0.10520080820118126, train_nll: 5.598217368986315, valid_nll: 6.0973443045217905
[2021-09-24 19:33:43] epoch 112: train_loss: 0.09850087068877365, valid_loss: 0.10332280171937064, train_nll: 5.655186437791394, valid_nll: 5.868397482190573
[2021-09-24 19:33:47] epoch 113: train_loss: 0.09838591633144946, valid_loss: 0.10590732656419277, train_nll: 5.6495472802243505, valid_nll: 6.336087202003873
[2021-09-24 19:33:51] epoch 114: train_loss: 0.09834331166666148, valid_loss: 0.1070566127370847, train_nll: 5.6326697441277505, valid_nll: 6.499070238761548
[2021-09-24 19:33:55] epoch 115: train_loss: 0.09833953409215769, valid_loss: 0.10385679208526485, train_nll: 5.6435156931914365, valid_nll: 6.224788488774926
[2021-09-24 19:33:59] epoch 116: train_loss: 0.09889622244121726, valid_loss: 0.10787505450609483, train_nll: 5.663338175577098, valid_nll: 6.508075776481544
[2021-09-24 19:34:03] epoch 117: train_loss: 0.0974463744650241, valid_loss: 0.10481528026100836, train_nll: 5.567818959554036, valid_nll: 6.077159667510244
[2021-09-24 19:34:07] epoch 118: train_loss: 0.09826426907527916, valid_loss: 0.10837882070949204, train_nll: 5.63837593450587, valid_nll: 6.372568124593279
[2021-09-24 19:34:11] epoch 119: train_loss: 0.09997265340199117, valid_loss: 0.10884924899590642, train_nll: 5.7592188933054045, valid_nll: 6.159149345232753
[2021-09-24 19:34:15] epoch 120: train_loss: 0.10140977415976045, valid_loss: 0.10727919422482189, train_nll: 5.8667077629077, valid_nll: 6.333940641678807
[2021-09-24 19:34:19] epoch 121: train_loss: 0.10101446496347152, valid_loss: 0.10839875807103358, train_nll: 5.846409708748757, valid_nll: 6.286841449408841
[2021-09-24 19:34:24] epoch 122: train_loss: 0.10115210806308354, valid_loss: 0.10697099458622306, train_nll: 5.831997620653801, valid_nll: 6.5270595204972395
[2021-09-24 19:34:28] epoch 123: train_loss: 0.10056812091685799, valid_loss: 0.10452670368709062, train_nll: 5.801098403672193, valid_nll: 6.131358990772498
[2021-09-24 19:34:32] epoch 124: train_loss: 0.10018607941517142, valid_loss: 0.10554292131411402, train_nll: 5.779355131591221, valid_nll: 6.174888105135389
[2021-09-24 19:34:36] epoch 125: train_loss: 0.10054010582282553, valid_loss: 0.10851750375801011, train_nll: 5.792498868525616, valid_nll: 6.176207056521737
[2021-09-24 19:34:40] epoch 126: train_loss: 0.09976065731465035, valid_loss: 0.10830137927673365, train_nll: 5.73966741962239, valid_nll: 6.041460719089618
[2021-09-24 19:34:44] epoch 127: train_loss: 0.10029038487563487, valid_loss: 0.10616550329876573, train_nll: 5.761816931957875, valid_nll: 6.118848108686918
[2021-09-24 19:34:48] epoch 128: train_loss: 0.10014539078593775, valid_loss: 0.1077866573867045, train_nll: 5.754443929584867, valid_nll: 6.0854571583099295
[2021-09-24 19:34:52] epoch 129: train_loss: 0.09928303553547922, valid_loss: 0.10668776507832502, train_nll: 5.699650926150284, valid_nll: 5.871766647089387
[2021-09-24 19:34:56] epoch 130: train_loss: 0.09923358954586838, valid_loss: 0.10636910423636436, train_nll: 5.70838047847391, valid_nll: 6.338323427100019
[2021-09-24 19:35:00] epoch 131: train_loss: 0.09951581799437385, valid_loss: 0.10694097747143946, train_nll: 5.723688224784614, valid_nll: 6.233925506281632
[2021-09-24 19:35:04] epoch 132: train_loss: 0.09962957423977456, valid_loss: 0.10617374540551712, train_nll: 5.729082034778694, valid_nll: 6.013389125525609
[2021-09-24 19:35:08] epoch 133: train_loss: 0.10000576186258199, valid_loss: 0.10590953595544163, train_nll: 5.739886054200405, valid_nll: 6.2499621227363855
[2021-09-24 19:35:12] epoch 134: train_loss: 0.09917050434121918, valid_loss: 0.10583567913425596, train_nll: 5.709751618559923, valid_nll: 6.233702284964217
[2021-09-24 19:35:16] epoch 135: train_loss: 0.09957400387291304, valid_loss: 0.1061083578357571, train_nll: 5.72673327077522, valid_nll: 6.244205331570587
[2021-09-24 19:35:20] epoch 136: train_loss: 0.0997872587179513, valid_loss: 0.10581070772911373, train_nll: 5.753914290138927, valid_nll: 6.357540216584992
[2021-09-24 19:35:24] epoch 137: train_loss: 0.09951186414368808, valid_loss: 0.1052481037025389, train_nll: 5.7200074150207945, valid_nll: 6.207138644769241
[2021-09-24 19:35:28] epoch 138: train_loss: 0.09926919151081269, valid_loss: 0.10733617450061597, train_nll: 5.715572926938086, valid_nll: 6.509959178322772
[2021-09-24 19:35:33] epoch 139: train_loss: 0.09906903166307633, valid_loss: 0.10856607870051735, train_nll: 5.693466648400173, valid_nll: 6.275437439747
[2021-09-24 19:35:37] epoch 140: train_loss: 0.09928227437245273, valid_loss: 0.10617823800758312, train_nll: 5.717708736548351, valid_nll: 6.228280684824702
[2021-09-24 19:35:41] epoch 141: train_loss: 0.09995048447597496, valid_loss: 0.10658281757251213, train_nll: 5.767531665369906, valid_nll: 6.0932636471696515
[2021-09-24 19:35:45] epoch 142: train_loss: 0.09942836148509812, valid_loss: 0.10865348253987338, train_nll: 5.717593694403976, valid_nll: 6.245970772790845
[2021-09-24 19:35:49] epoch 143: train_loss: 0.09948747263464865, valid_loss: 0.10582792004080195, train_nll: 5.722673097824837, valid_nll: 6.116516325677121
[2021-09-24 19:35:53] epoch 144: train_loss: 0.09918392088475707, valid_loss: 0.11055730302867137, train_nll: 5.711233001093149, valid_nll: 6.359006253797503
[2021-09-24 19:35:57] epoch 145: train_loss: 0.09906400899569541, valid_loss: 0.10594465358084754, train_nll: 5.711495922457788, valid_nll: 6.257169638383826
[2021-09-24 19:36:01] epoch 146: train_loss: 0.09863097581800935, valid_loss: 0.10751917585730553, train_nll: 5.655450962239152, valid_nll: 6.38608417856551
[2021-09-24 19:36:05] epoch 147: train_loss: 0.09936196939393423, valid_loss: 0.10562342905292385, train_nll: 5.722397965383312, valid_nll: 6.1213135628693935
[2021-09-24 19:36:09] epoch 148: train_loss: 0.09929117872725407, valid_loss: 0.10437729082217342, train_nll: 5.7158481144452065, valid_nll: 6.23684436833495
[2021-09-24 19:36:13] epoch 149: train_loss: 0.09927314148979936, valid_loss: 0.11067964332668405, train_nll: 5.711364190942638, valid_nll: 6.165429287656345
[2021-09-24 19:36:17] epoch 150: train_loss: 0.09953019221406836, valid_loss: 0.1078882486020264, train_nll: 5.726711709784872, valid_nll: 5.916975084575362
[2021-09-24 19:36:21] epoch 151: train_loss: 0.09891329897673369, valid_loss: 0.1052110613764901, train_nll: 5.679939670649838, valid_nll: 5.999681861327909
[2021-09-24 19:36:25] epoch 152: train_loss: 0.09894347844816191, valid_loss: 0.10767572235904242, train_nll: 5.698139431726284, valid_nll: 5.975600902980479
[2021-09-24 19:36:29] epoch 153: train_loss: 0.09873821065805885, valid_loss: 0.10859873645791882, train_nll: 5.660963240244336, valid_nll: 6.055374293847786
[2021-09-24 19:36:34] epoch 154: train_loss: 0.0989890778884617, valid_loss: 0.10668781850683062, train_nll: 5.6923805559343466, valid_nll: 6.199081114104402
[2021-09-24 19:36:38] epoch 155: train_loss: 0.09901513946628987, valid_loss: 0.10625571002693553, train_nll: 5.68830380936332, valid_nll: 6.129478754641153
[2021-09-24 19:36:42] epoch 156: train_loss: 0.09891577393597391, valid_loss: 0.10619791479487169, train_nll: 5.687054034413039, valid_nll: 5.995562740094989
[2021-09-24 19:36:46] epoch 157: train_loss: 0.09901641045725502, valid_loss: 0.10808510627401502, train_nll: 5.686287435345348, valid_nll: 6.1878419876941475
[2021-09-24 19:36:50] epoch 158: train_loss: 0.0987772246310284, valid_loss: 0.1055358359100003, train_nll: 5.6785814456936885, valid_nll: 6.1922922273468135
[2021-09-24 19:36:54] epoch 159: train_loss: 0.0995939481336477, valid_loss: 0.10785793297384914, train_nll: 5.730373756789655, valid_nll: 6.4030420705379765
[2021-09-24 19:36:58] epoch 160: train_loss: 0.09922978740722331, valid_loss: 0.10873877972756561, train_nll: 5.712252576566441, valid_nll: 6.003338428182092
[2021-09-24 19:37:02] epoch 161: train_loss: 0.09978550301628862, valid_loss: 0.10750425097189452, train_nll: 5.7486991505855345, valid_nll: 6.141376726299695
[2021-09-24 19:37:06] epoch 162: train_loss: 0.09878275331971947, valid_loss: 0.1085998342421494, train_nll: 5.677944642978769, valid_nll: 6.2942328897662465
[2021-09-24 19:37:10] epoch 163: train_loss: 0.09875245509449572, valid_loss: 0.10624622779065057, train_nll: 5.67692805172365, valid_nll: 6.243264033527855
[2021-09-24 19:37:14] epoch 164: train_loss: 0.09838544346359619, valid_loss: 0.10693099839906943, train_nll: 5.6659525333123035, valid_nll: 6.138045202669084
[2021-09-24 19:37:18] epoch 165: train_loss: 0.09850054299336854, valid_loss: 0.1083887394909796, train_nll: 5.659132274336063, valid_nll: 6.3730792973982355
[2021-09-24 19:37:22] epoch 166: train_loss: 0.09891435123296805, valid_loss: 0.1069081760942936, train_nll: 5.69808345867162, valid_nll: 5.89691374842382
[2021-09-24 19:37:26] epoch 167: train_loss: 0.09840290531451004, valid_loss: 0.10658943515859153, train_nll: 5.6575450832599, valid_nll: 6.069235555165856
[2021-09-24 19:37:30] epoch 168: train_loss: 0.09947856281391919, valid_loss: 0.10757355333158844, train_nll: 5.726670404406952, valid_nll: 6.227301752256493
[2021-09-24 19:37:35] epoch 169: train_loss: 0.0985445655134047, valid_loss: 0.10768297128379345, train_nll: 5.658817708746887, valid_nll: 6.401377578040851
[2021-09-24 19:37:39] epoch 170: train_loss: 0.0985699602480018, valid_loss: 0.10663353573334844, train_nll: 5.660431387498568, valid_nll: 6.216924275437447
[2021-09-24 19:37:43] epoch 171: train_loss: 0.0986863504525876, valid_loss: 0.11029391422083504, train_nll: 5.68493064378038, valid_nll: 5.998152311007322
[2021-09-24 19:37:47] epoch 172: train_loss: 0.09807915907499572, valid_loss: 0.10509258371434714, train_nll: 5.635843974568739, valid_nll: 6.046874494295546
[2021-09-24 19:37:51] epoch 173: train_loss: 0.09879491009696602, valid_loss: 0.10543590813483063, train_nll: 5.6924615225888155, valid_nll: 6.220709830641062
[2021-09-24 19:37:55] epoch 174: train_loss: 0.09857755548048228, valid_loss: 0.10866023315803001, train_nll: 5.668376770334191, valid_nll: 6.377510788901106
[2021-09-24 19:37:59] epoch 175: train_loss: 0.09933086862079962, valid_loss: 0.10910402718735368, train_nll: 5.732471003625824, valid_nll: 6.305314536438123
[2021-09-24 19:38:03] epoch 176: train_loss: 0.1022412581084597, valid_loss: 0.1071278564631939, train_nll: 5.9120467822740315, valid_nll: 6.309789178016382
[2021-09-24 19:38:07] epoch 177: train_loss: 0.09915706785355072, valid_loss: 0.10779051031721265, train_nll: 5.697516401591225, valid_nll: 6.5657994821963985
[2021-09-24 19:38:11] epoch 178: train_loss: 0.09836166735949996, valid_loss: 0.10738569968625118, train_nll: 5.658542223997927, valid_nll: 6.212382678589461
[2021-09-24 19:38:15] epoch 179: train_loss: 0.09932001104261157, valid_loss: 0.10616496175919708, train_nll: 5.705304399648529, valid_nll: 6.127398215718254
[2021-09-24 19:38:19] epoch 180: train_loss: 0.09813350315437566, valid_loss: 0.11132614824332689, train_nll: 5.636097052115231, valid_nll: 6.731274016915935
[2021-09-24 19:38:24] epoch 181: train_loss: 0.0993148561843618, valid_loss: 0.10799669366525977, train_nll: 5.715891026839502, valid_nll: 6.0461220970946075
[2021-09-24 19:38:28] epoch 182: train_loss: 0.09847566166559162, valid_loss: 0.10704738019328368, train_nll: 5.662783753803437, valid_nll: 6.180781810725099
[2021-09-24 19:38:32] epoch 183: train_loss: 0.09879487560956239, valid_loss: 0.10643568742824228, train_nll: 5.681113174130559, valid_nll: 6.161943271314998
[2021-09-24 19:38:36] epoch 184: train_loss: 0.09856238818064528, valid_loss: 0.10978175680104055, train_nll: 5.662331218553724, valid_nll: 6.410095191244209
[2021-09-24 19:38:40] epoch 185: train_loss: 0.09850149650500852, valid_loss: 0.10863602484919523, train_nll: 5.659067613278877, valid_nll: 6.33868257840334
[2021-09-24 19:38:44] epoch 186: train_loss: 0.09825018471245162, valid_loss: 0.10710648819804192, train_nll: 5.636137892245053, valid_nll: 6.438831836735838
[2021-09-24 19:38:48] epoch 187: train_loss: 0.09860608651908724, valid_loss: 0.10889350397414282, train_nll: 5.66477457288966, valid_nll: 5.659340724026372
[2021-09-24 19:38:52] epoch 188: train_loss: 0.09833882300093705, valid_loss: 0.10716180522975169, train_nll: 5.643252216113792, valid_nll: 6.19281913430302
[2021-09-24 19:38:56] epoch 189: train_loss: 0.09874755446697427, valid_loss: 0.10868611382810693, train_nll: 5.676283028501881, valid_nll: 6.193904234464328
[2021-09-24 19:39:00] epoch 190: train_loss: 0.09818411205273007, valid_loss: 0.10737194464002785, train_nll: 5.642341091208262, valid_nll: 5.990362918329513
[2021-09-24 19:39:04] epoch 191: train_loss: 0.09798114658963733, valid_loss: 0.10570054628739231, train_nll: 5.634790198865107, valid_nll: 5.904338369736142
[2021-09-24 19:39:08] epoch 192: train_loss: 0.09777150094899548, valid_loss: 0.1055525409940042, train_nll: 5.616759216088331, valid_nll: 6.249881135853739
[2021-09-24 19:39:12] epoch 193: train_loss: 0.09827126504031852, valid_loss: 0.10617329768444363, train_nll: 5.652644264309971, valid_nll: 6.101335543212351
[2021-09-24 19:39:16] epoch 194: train_loss: 0.09886550662559193, valid_loss: 0.10809303516227949, train_nll: 5.69268152874969, valid_nll: 6.115315722618491
[2021-09-24 19:39:20] epoch 195: train_loss: 0.09764005871709257, valid_loss: 0.10586555008041232, train_nll: 5.605380340499754, valid_nll: 5.922219900551803
[2021-09-24 19:39:24] epoch 196: train_loss: 0.09768414435558444, valid_loss: 0.10803431978351191, train_nll: 5.609442477830996, valid_nll: 6.237835441181421
[2021-09-24 19:39:28] epoch 197: train_loss: 0.09811803975089668, valid_loss: 0.10746246615522786, train_nll: 5.631342964436453, valid_nll: 5.9477849969598395
[2021-09-24 19:39:35] epoch 198: train_loss: 0.09847096461135747, valid_loss: 0.10784187765890046, train_nll: 5.650028549601147, valid_nll: 6.497709286934604
[2021-09-24 19:39:39] epoch 199: train_loss: 0.09787899714500102, valid_loss: 0.1063323000347928, train_nll: 5.63767935134364, valid_nll: 5.9039114439218805
[2021-09-24 19:39:43] epoch 200: train_loss: 0.09797932279162011, valid_loss: 0.10605916969085995, train_nll: 5.63233663098488, valid_nll: 6.427915956612662
[2021-09-24 19:39:47] epoch 201: train_loss: 0.09831235336554624, valid_loss: 0.10624955506309082, train_nll: 5.644029376538061, valid_nll: 6.018608760791598
[2021-09-24 19:39:51] epoch 202: train_loss: 0.09900600768983625, valid_loss: 0.10914685037967406, train_nll: 5.688251881944288, valid_nll: 6.651954839675236
[2021-09-24 19:39:55] epoch 203: train_loss: 0.09899650442548194, valid_loss: 0.10772244700867879, train_nll: 5.690035788681743, valid_nll: 6.560400001569707
[2021-09-24 19:39:59] epoch 204: train_loss: 0.09775074799118083, valid_loss: 0.10697001659948575, train_nll: 5.602157310702731, valid_nll: 6.155648811802209
[2021-09-24 19:40:03] epoch 205: train_loss: 0.09898955049603267, valid_loss: 0.10900663290368884, train_nll: 5.6970949604227155, valid_nll: 6.028022607659219
[2021-09-24 19:40:07] epoch 206: train_loss: 0.0971387206011464, valid_loss: 0.10709513929721556, train_nll: 5.567688366997697, valid_nll: 6.1643860395956604
[2021-09-24 19:40:11] epoch 207: train_loss: 0.09779233091783315, valid_loss: 0.10762300577602889, train_nll: 5.625262316766869, valid_nll: 6.323928178963385
[2021-09-24 19:40:16] epoch 208: train_loss: 0.0978547415358531, valid_loss: 0.11002632289340622, train_nll: 5.624662066931787, valid_nll: 6.0028867026213995
[2021-09-24 19:40:20] epoch 209: train_loss: 0.09829814009791378, valid_loss: 0.10530923699077807, train_nll: 5.642684314506959, valid_nll: 5.881149902208896
[2021-09-24 19:40:24] epoch 210: train_loss: 0.0974437743750722, valid_loss: 0.1053933009113136, train_nll: 5.580760221977195, valid_nll: 5.924522534756865
[2021-09-24 19:40:28] epoch 211: train_loss: 0.0975243827596502, valid_loss: 0.10552374508820082, train_nll: 5.6102510930723115, valid_nll: 6.044190906182465
[2021-09-24 19:40:32] epoch 212: train_loss: 0.09754473254019516, valid_loss: 0.10761037214021933, train_nll: 5.600701889912393, valid_nll: 6.160894032342214
[2021-09-24 19:40:36] epoch 213: train_loss: 0.0978317989532604, valid_loss: 0.107810174458121, train_nll: 5.6195001089444725, valid_nll: 5.887410085073784
[2021-09-24 19:40:40] epoch 214: train_loss: 0.09864881485049902, valid_loss: 0.1074573545667686, train_nll: 5.65067705206956, valid_nll: 6.342048183142796
[2021-09-24 19:40:44] epoch 215: train_loss: 0.09799654026999745, valid_loss: 0.1097372878146799, train_nll: 5.633523785676393, valid_nll: 6.769755779406269
[2021-09-24 19:40:48] epoch 216: train_loss: 0.09743659683059917, valid_loss: 0.10582231004771434, train_nll: 5.597462889406814, valid_nll: 6.098949882450011
[2021-09-24 19:40:52] epoch 217: train_loss: 0.09738084455895112, valid_loss: 0.1063561437553481, train_nll: 5.585682247924355, valid_nll: 6.132989661755732
[2021-09-24 19:40:56] epoch 218: train_loss: 0.09829836032926775, valid_loss: 0.10682800186699942, train_nll: 5.649659889368408, valid_nll: 6.082003308143228
[2021-09-24 19:41:00] epoch 219: train_loss: 0.09775578754437543, valid_loss: 0.10778162295096799, train_nll: 5.608541518146888, valid_nll: 6.445142772099743
[2021-09-24 19:41:04] epoch 220: train_loss: 0.09665628545409206, valid_loss: 0.1067699762551408, train_nll: 5.544816442925935, valid_nll: 6.074359052643753
[2021-09-24 19:41:08] epoch 221: train_loss: 0.09827840321709495, valid_loss: 0.1067137312340109, train_nll: 5.654693154562448, valid_nll: 6.044724994141919
[2021-09-24 19:41:12] epoch 222: train_loss: 0.09733042537385199, valid_loss: 0.10829349793493748, train_nll: 5.590361353118038, valid_nll: 6.298288710286962
[2021-09-24 19:41:16] epoch 223: train_loss: 0.09788317093422319, valid_loss: 0.10748625958436414, train_nll: 5.626030486327838, valid_nll: 6.452720867971166
[2021-09-24 19:41:29] epoch 224: train_loss: 0.0970480622617959, valid_loss: 0.1060989479485311, train_nll: 5.570562230344899, valid_nll: 6.090557110188443
[2021-09-24 19:41:39] epoch 225: train_loss: 0.09842431623342256, valid_loss: 0.10586798347924885, train_nll: 5.6472434643565474, valid_nll: 6.161957323156097
[2021-09-24 19:41:43] epoch 226: train_loss: 0.09801649256694786, valid_loss: 0.11076551626779531, train_nll: 5.637950469615586, valid_nll: 6.2840873290098616
[2021-09-24 19:41:47] epoch 227: train_loss: 0.09789468569266223, valid_loss: 0.10711645099677537, train_nll: 5.6240963263686545, valid_nll: 6.21262509307659
[2021-09-24 19:41:51] epoch 228: train_loss: 0.09672732439754311, valid_loss: 0.10767516199695437, train_nll: 5.5444315153046935, valid_nll: 6.049910244876391
[2021-09-24 19:41:55] epoch 229: train_loss: 0.0973282517238996, valid_loss: 0.10646919004226986, train_nll: 5.590814911014536, valid_nll: 6.066133897809186
[2021-09-24 19:41:59] epoch 230: train_loss: 0.09711340121827271, valid_loss: 0.10744828691608027, train_nll: 5.568172821750661, valid_nll: 6.214146393671849
[2021-09-24 19:42:03] epoch 231: train_loss: 0.09812912933821241, valid_loss: 0.10753715195153889, train_nll: 5.641310754344185, valid_nll: 6.1284807941000174
[2021-09-24 19:42:07] epoch 232: train_loss: 0.09733964584149649, valid_loss: 0.10713510176068858, train_nll: 5.5898949475189355, valid_nll: 6.276915718378665
[2021-09-24 19:42:11] epoch 233: train_loss: 0.09682232665312863, valid_loss: 0.11033772334064308, train_nll: 5.550035504498315, valid_nll: 6.336825183256506
[2021-09-24 19:42:15] epoch 234: train_loss: 0.09712259276204754, valid_loss: 0.10758044482453873, train_nll: 5.554649992462531, valid_nll: 5.991194953867887
[2021-09-24 19:42:19] epoch 235: train_loss: 0.09842776227335742, valid_loss: 0.10786305064041364, train_nll: 5.66835857171657, valid_nll: 5.965685798486565
[2021-09-24 19:42:23] epoch 236: train_loss: 0.09777052645209575, valid_loss: 0.10866433872204077, train_nll: 5.6173102479564685, valid_nll: 5.990804691626549
[2021-09-24 19:42:27] epoch 237: train_loss: 0.09909254969728046, valid_loss: 0.10747827413050752, train_nll: 5.709708284183356, valid_nll: 6.172383546513158
[2021-09-24 19:42:32] epoch 238: train_loss: 0.09853016357364613, valid_loss: 0.10672728031089432, train_nll: 5.6567472170477044, valid_nll: 5.946390112364024
[2021-09-24 19:42:36] epoch 239: train_loss: 0.09761946654866356, valid_loss: 0.10883367669425513, train_nll: 5.588570100180547, valid_nll: 6.470244481402375
[2021-09-24 19:42:40] epoch 240: train_loss: 0.09693804624039012, valid_loss: 0.10624209428696256, train_nll: 5.549463438696249, valid_nll: 5.910837744065106
[2021-09-24 19:42:44] epoch 241: train_loss: 0.09742806916934434, valid_loss: 0.10953092026083093, train_nll: 5.5887106124107016, valid_nll: 6.3108366638803925
[2021-09-24 19:42:48] epoch 242: train_loss: 0.09798204401044346, valid_loss: 0.11118063673769173, train_nll: 5.6365690867668015, valid_nll: 6.21576184969374
[2021-09-24 19:42:52] epoch 243: train_loss: 0.09750295996535814, valid_loss: 0.10811296105384827, train_nll: 5.595896845767136, valid_nll: 6.494660694831986
[2021-09-24 19:42:56] epoch 244: train_loss: 0.09738689238067277, valid_loss: 0.10584448552445362, train_nll: 5.600735211340769, valid_nll: 6.148396733478271
[2021-09-24 19:43:00] epoch 245: train_loss: 0.09726065504629018, valid_loss: 0.10765850945915047, train_nll: 5.591029773037324, valid_nll: 6.2248392412739415
[2021-09-24 19:43:04] epoch 246: train_loss: 0.09839233076077882, valid_loss: 0.10724332693376039, train_nll: 5.651538341486818, valid_nll: 6.094474809337284
[2021-09-24 19:43:08] epoch 247: train_loss: 0.09701986370128315, valid_loss: 0.10757945056416486, train_nll: 5.556923112631862, valid_nll: 6.31577050870254
[2021-09-24 19:43:12] epoch 248: train_loss: 0.09782618001168472, valid_loss: 0.10770041515168391, train_nll: 5.612713481000113, valid_nll: 6.332182502830866
[2021-09-24 19:43:16] epoch 249: train_loss: 0.09794249180623017, valid_loss: 0.10561106657903445, train_nll: 5.617538318979598, valid_nll: 6.26603122227391
[2021-09-24 19:43:20] epoch 250: train_loss: 0.09712250023169289, valid_loss: 0.10838184152778826, train_nll: 5.570607391438335, valid_nll: 6.171678429307318
[2021-09-24 19:43:24] epoch 251: train_loss: 0.0976631690190869, valid_loss: 0.10647598506980821, train_nll: 5.598553065155159, valid_nll: 6.127909762744507
[2021-09-24 19:43:28] epoch 252: train_loss: 0.09664412646444603, valid_loss: 0.1077767557611591, train_nll: 5.534996372660616, valid_nll: 6.00628831351799
[2021-09-24 19:43:32] epoch 253: train_loss: 0.09753031221799975, valid_loss: 0.10775028855392807, train_nll: 5.595271224177696, valid_nll: 6.01312105496584
[2021-09-24 19:43:36] epoch 254: train_loss: 0.09764802569775602, valid_loss: 0.10893330027006175, train_nll: 5.599291436362115, valid_nll: 5.888960278250188
[2021-09-24 19:43:40] epoch 255: train_loss: 0.09642279144848279, valid_loss: 0.10659261871325343, train_nll: 5.51258918873462, valid_nll: 6.1099145697957375
[2021-09-24 19:43:44] epoch 256: train_loss: 0.09656722746041144, valid_loss: 0.10690413150740297, train_nll: 5.523150310440502, valid_nll: 6.111282965592246
[2021-09-24 19:43:48] epoch 257: train_loss: 0.09660026649070098, valid_loss: 0.10658240337905131, train_nll: 5.530941568043959, valid_nll: 6.37911438783923
[2021-09-24 19:43:52] epoch 258: train_loss: 0.0970705121300106, valid_loss: 0.10821210220456123, train_nll: 5.5668521099509185, valid_nll: 6.302109658059639
[2021-09-24 19:43:56] epoch 259: train_loss: 0.09852596099069545, valid_loss: 0.10991038489890725, train_nll: 5.662475392646019, valid_nll: 6.28157741329178
[2021-09-24 19:44:00] epoch 260: train_loss: 0.09846519412041752, valid_loss: 0.1085714114535796, train_nll: 5.66607500875026, valid_nll: 6.492796263650514
[2021-09-24 19:44:04] epoch 261: train_loss: 0.09716329014327328, valid_loss: 0.10819061904361374, train_nll: 5.565687954697979, valid_nll: 6.0542126704884796
[2021-09-24 19:44:09] epoch 262: train_loss: 0.09643294353151946, valid_loss: 0.10594721530613146, train_nll: 5.516042734916756, valid_nll: 5.9781826017601425
[2021-09-24 19:44:13] epoch 263: train_loss: 0.09651519797384478, valid_loss: 0.10668486964545752, train_nll: 5.524622952715078, valid_nll: 6.438079493476709
[2021-09-24 19:44:17] epoch 264: train_loss: 0.09599756856152064, valid_loss: 0.10821138292943176, train_nll: 5.50031554721771, valid_nll: 5.915002166303027
[2021-09-24 19:44:21] epoch 265: train_loss: 0.09718280360428007, valid_loss: 0.10559964425077564, train_nll: 5.560015125080805, valid_nll: 5.7861991339534775
[2021-09-24 19:44:25] epoch 266: train_loss: 0.09624810334636655, valid_loss: 0.10721842032906256, train_nll: 5.498929622581033, valid_nll: 6.160065101829188
[2021-09-24 19:44:29] epoch 267: train_loss: 0.09679576927007026, valid_loss: 0.10546356861136462, train_nll: 5.557881999637403, valid_nll: 6.229762321333942
[2021-09-24 19:44:33] epoch 268: train_loss: 0.09683130551373594, valid_loss: 0.10674034039440908, train_nll: 5.544651668681753, valid_nll: 5.938951584179213
[2021-09-24 19:44:37] epoch 269: train_loss: 0.09595428797615668, valid_loss: 0.1053186614850634, train_nll: 5.477194596292134, valid_nll: 6.027705308456522
[2021-09-24 19:44:41] epoch 270: train_loss: 0.0960182921725069, valid_loss: 0.10699203257497988, train_nll: 5.508490833412268, valid_nll: 6.333857460038829
[2021-09-24 19:44:45] epoch 271: train_loss: 0.09668074610061521, valid_loss: 0.10563795719491809, train_nll: 5.537650122525222, valid_nll: 5.886387739463871
[2021-09-24 19:44:49] epoch 272: train_loss: 0.09641963890936697, valid_loss: 0.10635913281064284, train_nll: 5.510171281446816, valid_nll: 6.037528243256626
[2021-09-24 19:44:53] epoch 273: train_loss: 0.09776101023869743, valid_loss: 0.10723603418783138, train_nll: 5.598437119485493, valid_nll: 5.931290080786489
[2021-09-24 19:44:57] epoch 274: train_loss: 0.09615078636782659, valid_loss: 0.10660781828980696, train_nll: 5.4877734558626905, valid_nll: 5.826808293941428
[2021-09-24 19:45:01] epoch 275: train_loss: 0.09637945968511323, valid_loss: 0.10748224225091307, train_nll: 5.523822101722815, valid_nll: 6.014896411364762
[2021-09-24 19:45:05] epoch 276: train_loss: 0.09638634245989104, valid_loss: 0.10513577237725258, train_nll: 5.512744280424187, valid_nll: 5.954496049059212
[2021-09-24 19:45:09] epoch 277: train_loss: 0.09551447994323797, valid_loss: 0.10571836170397307, train_nll: 5.445569646781666, valid_nll: 6.276140503792757
[2021-09-24 19:45:13] epoch 278: train_loss: 0.09645076935468282, valid_loss: 0.10719757605540126, train_nll: 5.516852240759804, valid_nll: 6.027356116159585
[2021-09-24 19:45:17] epoch 279: train_loss: 0.09953014393170327, valid_loss: 0.1070517860352993, train_nll: 5.7283972294732, valid_nll: 6.4618498481484155
[2021-09-24 19:45:21] epoch 280: train_loss: 0.09813034807750752, valid_loss: 0.10513209914298434, train_nll: 5.639398208193373, valid_nll: 6.200120700864838
[2021-09-24 19:45:25] epoch 281: train_loss: 0.0967945578512146, valid_loss: 0.1064222122689611, train_nll: 5.53214642576273, valid_nll: 6.059128771827013
[2021-09-24 19:45:29] epoch 282: train_loss: 0.0967913462280186, valid_loss: 0.10597815629290908, train_nll: 5.5510032334652895, valid_nll: 5.901462236337834
[2021-09-24 19:45:33] epoch 283: train_loss: 0.09587604633845617, valid_loss: 0.10648366642233573, train_nll: 5.482177076397316, valid_nll: 6.298947380224372
[2021-09-24 19:45:37] epoch 284: train_loss: 0.09562526640022687, valid_loss: 0.10571592448181227, train_nll: 5.470029354165696, valid_nll: 6.259573460678795
[2021-09-24 19:45:42] epoch 285: train_loss: 0.09654909915668995, valid_loss: 0.10678605941173278, train_nll: 5.5283000034091225, valid_nll: 6.3081820863461635
[2021-09-24 19:45:46] epoch 286: train_loss: 0.09661444055331327, valid_loss: 0.10921217667821206, train_nll: 5.529703994056476, valid_nll: 6.2073384351136145
[2021-09-24 19:45:50] epoch 287: train_loss: 0.09612692570452086, valid_loss: 0.10685397410079052, train_nll: 5.5037664502512325, valid_nll: 6.048542614379289
[2021-09-24 19:45:54] epoch 288: train_loss: 0.09599650735808252, valid_loss: 0.10798618913088974, train_nll: 5.492625308574115, valid_nll: 6.025064823219748
[2021-09-24 19:45:58] epoch 289: train_loss: 0.09643257432108883, valid_loss: 0.10505060802556966, train_nll: 5.525240382454254, valid_nll: 5.99494411520762
[2021-09-24 19:46:02] epoch 290: train_loss: 0.09510483677340387, valid_loss: 0.10545209667792446, train_nll: 5.429429647479673, valid_nll: 6.251564956375102
[2021-09-24 19:46:06] epoch 291: train_loss: 0.09591937761379642, valid_loss: 0.10743545348706998, train_nll: 5.474422214905315, valid_nll: 6.412951106578441
[2021-09-24 19:46:10] epoch 292: train_loss: 0.0956346512036032, valid_loss: 0.10567089699600872, train_nll: 5.468248182165551, valid_nll: 6.21748201350854
[2021-09-24 19:46:14] epoch 293: train_loss: 0.09602612670201922, valid_loss: 0.10720179229974747, train_nll: 5.498449741643911, valid_nll: 6.134674958934101
[2021-09-24 19:46:18] epoch 294: train_loss: 0.09608633581988156, valid_loss: 0.10768159900448825, train_nll: 5.500092819243085, valid_nll: 6.2386998856325775
[2021-09-24 19:46:22] epoch 295: train_loss: 0.09679867154776269, valid_loss: 0.10666194567947011, train_nll: 5.538565846531815, valid_nll: 6.570366401352084
[2021-09-24 19:46:26] epoch 296: train_loss: 0.09574043298522458, valid_loss: 0.1052732794104438, train_nll: 5.4843341295279115, valid_nll: 6.1540321016332715
[2021-09-24 19:46:30] epoch 297: train_loss: 0.09564733915193632, valid_loss: 0.10653426694242578, train_nll: 5.461049803473809, valid_nll: 6.0890241008493895
[2021-09-24 19:46:34] epoch 298: train_loss: 0.09564176335215048, valid_loss: 0.1066381243106566, train_nll: 5.4587038877102, valid_nll: 5.887446418253131
[2021-09-24 19:46:38] epoch 299: train_loss: 0.0961672581049032, valid_loss: 0.1073636901809981, train_nll: 5.497754053016671, valid_nll: 6.192093262986383
[2021-09-24 19:46:42] epoch 300: train_loss: 0.09542204140315409, valid_loss: 0.1051991137822992, train_nll: 5.463217225231396, valid_nll: 5.782486133853577
[2021-09-24 19:46:47] epoch 301: train_loss: 0.09577639423733715, valid_loss: 0.10711158694405305, train_nll: 5.489292168936825, valid_nll: 5.822467542674444
[2021-09-24 19:46:51] epoch 302: train_loss: 0.09539565463513787, valid_loss: 0.1051535675008046, train_nll: 5.445669034001823, valid_nll: 5.991862750085012
[2021-09-24 19:46:55] epoch 303: train_loss: 0.09619401154559773, valid_loss: 0.10597536546227179, train_nll: 5.4994227816314405, valid_nll: 5.927815854101649
[2021-09-24 19:46:59] epoch 304: train_loss: 0.09507668242834541, valid_loss: 0.10699679261367571, train_nll: 5.419667815824973, valid_nll: 6.232832645242635
[2021-09-24 19:47:03] epoch 305: train_loss: 0.09514012626945711, valid_loss: 0.10704441564647775, train_nll: 5.442632345620162, valid_nll: 6.143636999328317
[2021-09-24 19:47:07] epoch 306: train_loss: 0.09638626203266294, valid_loss: 0.10641003753009595, train_nll: 5.528775234674737, valid_nll: 6.217928651682423
[2021-09-24 19:47:11] epoch 307: train_loss: 0.09607897890837432, valid_loss: 0.10738505374052022, train_nll: 5.499374665538312, valid_nll: 5.953677876565607
[2021-09-24 19:47:15] epoch 308: train_loss: 0.09617267519756176, valid_loss: 0.10560061419872861, train_nll: 5.506439966417268, valid_nll: 6.0955895606364185
[2021-09-24 19:47:19] epoch 309: train_loss: 0.09556958756072031, valid_loss: 0.10672723933270103, train_nll: 5.474111236446402, valid_nll: 6.239113551876053
[2021-09-24 19:47:23] epoch 310: train_loss: 0.09542320196935704, valid_loss: 0.10551176984843455, train_nll: 5.453045837024751, valid_nll: 6.145869161932015
[2021-09-24 19:47:27] epoch 311: train_loss: 0.09531291261900982, valid_loss: 0.10671800188720226, train_nll: 5.453254404150872, valid_nll: 6.207539806627247
[2021-09-24 19:47:31] epoch 312: train_loss: 0.09510747187132398, valid_loss: 0.10502851803443934, train_nll: 5.448164007277073, valid_nll: 5.955986474711865
[2021-09-24 19:47:35] epoch 313: train_loss: 0.09580607617916499, valid_loss: 0.10709616306580995, train_nll: 5.467605457089579, valid_nll: 6.348735868325025
[2021-09-24 19:47:39] epoch 314: train_loss: 0.09559815666561043, valid_loss: 0.10842636639350339, train_nll: 5.470448603948238, valid_nll: 5.846869670549326
[2021-09-24 19:47:43] epoch 315: train_loss: 0.09534249867934848, valid_loss: 0.10657435430115775, train_nll: 5.453929664003847, valid_nll: 5.848765866713244
[2021-09-24 19:47:48] epoch 316: train_loss: 0.09642537055317492, valid_loss: 0.10728560525335763, train_nll: 5.531094031756046, valid_nll: 6.044866375621841
[2021-09-24 19:48:02] epoch 317: train_loss: 0.09482279419898987, valid_loss: 0.10878105481204234, train_nll: 5.406305110547623, valid_nll: 6.202322676283988
[2021-09-24 19:48:06] epoch 318: train_loss: 0.09467681718575381, valid_loss: 0.10710407136694382, train_nll: 5.418466939124044, valid_nll: 6.213023149909248
[2021-09-24 19:48:10] epoch 319: train_loss: 0.0953441716437777, valid_loss: 0.10663291478627607, train_nll: 5.458202523324078, valid_nll: 6.06687994336218
[2021-09-24 19:48:14] epoch 320: train_loss: 0.09582546171142545, valid_loss: 0.10645263553842117, train_nll: 5.483196115823887, valid_nll: 6.132710469069336
[2021-09-24 19:48:18] epoch 321: train_loss: 0.09494232604337051, valid_loss: 0.10846928095347003, train_nll: 5.430939061210791, valid_nll: 6.083111579682623
[2021-09-24 19:48:23] epoch 322: train_loss: 0.09575749211436275, valid_loss: 0.10928235791231457, train_nll: 5.474696686559686, valid_nll: 6.4748393457861955
[2021-09-24 19:48:27] epoch 323: train_loss: 0.09584165888321973, valid_loss: 0.10670579273841883, train_nll: 5.500336646331324, valid_nll: 6.200478223799816
[2021-09-24 19:48:31] epoch 324: train_loss: 0.09478351457540646, valid_loss: 0.10741583855920717, train_nll: 5.422816864431721, valid_nll: 6.105234069419655
[2021-09-24 19:48:35] epoch 325: train_loss: 0.09487390098483281, valid_loss: 0.106368400058464, train_nll: 5.4214732661340665, valid_nll: 6.158146213020733
[2021-09-24 19:48:39] epoch 326: train_loss: 0.0949074126552286, valid_loss: 0.10678040040166754, train_nll: 5.429219681237895, valid_nll: 6.15830921505175
[2021-09-24 19:48:43] epoch 327: train_loss: 0.09500468665465517, valid_loss: 0.10972678680953227, train_nll: 5.429106754061926, valid_nll: 6.373583764562131
[2021-09-24 19:48:48] epoch 328: train_loss: 0.09596218689300087, valid_loss: 0.1061149301301492, train_nll: 5.491214897165876, valid_nll: 5.8497577419441145
[2021-09-24 19:48:52] epoch 329: train_loss: 0.09475496603281737, valid_loss: 0.10696820081456711, train_nll: 5.421184441463501, valid_nll: 5.975673761506867
[2021-09-24 19:48:56] epoch 330: train_loss: 0.09521361590082468, valid_loss: 0.1059611325985507, train_nll: 5.446827802940433, valid_nll: 6.158969135764843
[2021-09-24 19:49:00] epoch 331: train_loss: 0.09495426486673314, valid_loss: 0.10838693625440723, train_nll: 5.424910868578551, valid_nll: 6.414161611330282
[2021-09-24 19:49:04] epoch 332: train_loss: 0.09477674424257862, valid_loss: 0.10617037431189888, train_nll: 5.412330565633084, valid_nll: 5.685251914448723
[2021-09-24 19:49:08] epoch 333: train_loss: 0.09534266786283802, valid_loss: 0.10960075465079985, train_nll: 5.449447962791408, valid_nll: 6.269430597956814
[2021-09-24 19:49:12] epoch 334: train_loss: 0.09493762833843064, valid_loss: 0.10668796310691457, train_nll: 5.431436151270487, valid_nll: 6.082368865036301
[2021-09-24 19:49:16] epoch 335: train_loss: 0.09530635191103257, valid_loss: 0.10733719944561783, train_nll: 5.455233597653589, valid_nll: 6.299364761709904
[2021-09-24 19:49:20] epoch 336: train_loss: 0.09564284661451282, valid_loss: 0.1057659341512542, train_nll: 5.461677611954066, valid_nll: 6.02097658367216
[2021-09-24 19:49:24] epoch 337: train_loss: 0.09554407459289226, valid_loss: 0.10815396316741642, train_nll: 5.4576458888124835, valid_nll: 6.173781188883931
[2021-09-24 19:49:28] epoch 338: train_loss: 0.09509543947647753, valid_loss: 0.10847581923007965, train_nll: 5.426751621553694, valid_nll: 5.9556071795144545
[2021-09-24 19:49:32] epoch 339: train_loss: 0.09671139534904447, valid_loss: 0.1068460711915242, train_nll: 5.563382250304987, valid_nll: 5.976589861982331
[2021-09-24 19:49:36] epoch 340: train_loss: 0.09555659365055343, valid_loss: 0.1072424253154742, train_nll: 5.474356838557274, valid_nll: 6.183128670470356
[2021-09-24 19:49:40] epoch 341: train_loss: 0.09601185236565411, valid_loss: 0.10884454718938, train_nll: 5.498242611842226, valid_nll: 6.087083379093968
[2021-09-24 19:49:44] epoch 342: train_loss: 0.09538249538064524, valid_loss: 0.1057311714087662, train_nll: 5.465181199839512, valid_nll: 6.017605170074207
[2021-09-24 19:49:51] epoch 343: train_loss: 0.09541220901184207, valid_loss: 0.10832213110437519, train_nll: 5.458013589892442, valid_nll: 6.475808187864862
[2021-09-24 19:49:55] epoch 344: train_loss: 0.09505303099946684, valid_loss: 0.10806692156352495, train_nll: 5.441158933551028, valid_nll: 6.437409799182199
[2021-09-24 19:49:59] epoch 345: train_loss: 0.09509466757680651, valid_loss: 0.10768530194304492, train_nll: 5.427545216248934, valid_nll: 6.479679008210806
[2021-09-24 19:50:03] epoch 346: train_loss: 0.09804322921943456, valid_loss: 0.10775550562692315, train_nll: 5.645686636899599, valid_nll: 6.305496967634268
[2021-09-24 19:50:07] epoch 347: train_loss: 0.09486010114308528, valid_loss: 0.10982061873533223, train_nll: 5.419273945101407, valid_nll: 6.346242327317167
[2021-09-24 19:50:11] epoch 348: train_loss: 0.09511104021140061, valid_loss: 0.1067713969632199, train_nll: 5.444743324579837, valid_nll: 6.400762213261529
[2021-09-24 19:50:15] epoch 349: train_loss: 0.09577723403815099, valid_loss: 0.10803149297441307, train_nll: 5.482699410661469, valid_nll: 6.232548972014774
[2021-09-24 19:50:20] epoch 350: train_loss: 0.09518248282015063, valid_loss: 0.10703656694998867, train_nll: 5.447664287554215, valid_nll: 6.112919175724935
[2021-09-24 19:50:24] epoch 351: train_loss: 0.09475933574953455, valid_loss: 0.10728329596550841, train_nll: 5.415743266628354, valid_nll: 6.1301568402582385
[2021-09-24 19:50:28] epoch 352: train_loss: 0.09543240776358733, valid_loss: 0.10753362272915087, train_nll: 5.45761901399211, valid_nll: 6.289138251155865
[2021-09-24 19:50:32] epoch 353: train_loss: 0.09520542335302028, valid_loss: 0.10780300003917594, train_nll: 5.441040962254076, valid_nll: 5.9885084056980675
[2021-09-24 19:50:36] epoch 354: train_loss: 0.0950568871466874, valid_loss: 0.10694676176889946, train_nll: 5.434995038499887, valid_nll: 6.184471811386425
[2021-09-24 19:50:40] epoch 355: train_loss: 0.09501376861958524, valid_loss: 0.10816402801949727, train_nll: 5.436211826910518, valid_nll: 6.3230208912308745
[2021-09-24 19:50:44] epoch 356: train_loss: 0.09586207458025503, valid_loss: 0.10648058923451524, train_nll: 5.49111913359908, valid_nll: 5.92797271350923
[2021-09-24 19:50:48] epoch 357: train_loss: 0.09472623405628329, valid_loss: 0.1074535976115026, train_nll: 5.419392870494097, valid_nll: 6.3108420850321405
[2021-09-24 19:50:52] epoch 358: train_loss: 0.0948648846761108, valid_loss: 0.10929555210628007, train_nll: 5.429123426013991, valid_nll: 6.4435878859860045
[2021-09-24 19:50:56] epoch 359: train_loss: 0.09625799296724744, valid_loss: 0.10679679373769384, train_nll: 5.512997869294072, valid_nll: 6.175263074874035
[2021-09-24 19:51:00] epoch 360: train_loss: 0.09545974443182674, valid_loss: 0.10713426660942404, train_nll: 5.471698794699958, valid_nll: 6.213063538838318
[2021-09-24 19:51:04] epoch 361: train_loss: 0.09592649093361401, valid_loss: 0.10791819287758124, train_nll: 5.4959164342853555, valid_nll: 6.463530327649018
[2021-09-24 19:51:08] epoch 362: train_loss: 0.09519648359982728, valid_loss: 0.10731831026312552, train_nll: 5.439981636725007, valid_nll: 6.363764780999494
[2021-09-24 19:51:12] epoch 363: train_loss: 0.09454277587249289, valid_loss: 0.10710345875275762, train_nll: 5.398395016330703, valid_nll: 5.987318054954404
[2021-09-24 19:51:16] epoch 364: train_loss: 0.09510150571317132, valid_loss: 0.10950308332317754, train_nll: 5.441257326780986, valid_nll: 6.278107134473045
[2021-09-24 19:51:20] epoch 365: train_loss: 0.09551091475908413, valid_loss: 0.10648127468793016, train_nll: 5.459428189657348, valid_nll: 6.167132156378813
[2021-09-24 19:51:24] epoch 366: train_loss: 0.0944096821819851, valid_loss: 0.10813793716462035, train_nll: 5.394430455797672, valid_nll: 6.3389716862684
[2021-09-24 19:51:28] epoch 367: train_loss: 0.09615716243805324, valid_loss: 0.10759645171071354, train_nll: 5.528272336318437, valid_nll: 6.0682531770646335
[2021-09-24 19:51:32] epoch 368: train_loss: 0.09498641565116732, valid_loss: 0.10635738368881376, train_nll: 5.416494274265831, valid_nll: 5.954881395853256
[2021-09-24 19:51:36] epoch 369: train_loss: 0.09457815676016579, valid_loss: 0.11044733265512868, train_nll: 5.4095058904724524, valid_nll: 6.516929390469432
[2021-09-24 19:51:40] epoch 370: train_loss: 0.09555391524816705, valid_loss: 0.10599571740940998, train_nll: 5.459473469872277, valid_nll: 5.914227534962922
[2021-09-24 19:51:45] epoch 371: train_loss: 0.0944977471987233, valid_loss: 0.10619390138277882, train_nll: 5.406867487052348, valid_nll: 6.228010817328439
[2021-09-24 19:51:48] epoch 372: train_loss: 0.09524366715068901, valid_loss: 0.10990570377754538, train_nll: 5.446946423224768, valid_nll: 6.074921342054933
[2021-09-24 19:51:53] epoch 373: train_loss: 0.09506847546740911, valid_loss: 0.10857173476956393, train_nll: 5.438578969337642, valid_nll: 6.420686136027432
[2021-09-24 19:51:57] epoch 374: train_loss: 0.09502545890589469, valid_loss: 0.10835312502948861, train_nll: 5.446485490471647, valid_nll: 6.382385247163524
[2021-09-24 19:52:01] epoch 375: train_loss: 0.09542252406412857, valid_loss: 0.10893195896948639, train_nll: 5.482335236589131, valid_nll: 6.203612182185653
[2021-09-24 19:52:05] epoch 376: train_loss: 0.09537872148262881, valid_loss: 0.10721390615952642, train_nll: 5.449452377591292, valid_nll: 6.282806753848856
[2021-09-24 19:52:09] epoch 377: train_loss: 0.0950402981849737, valid_loss: 0.10711401210803735, train_nll: 5.430801992827969, valid_nll: 6.111184049801019
[2021-09-24 19:52:13] epoch 378: train_loss: 0.09447752306945459, valid_loss: 0.10545069881175693, train_nll: 5.395005027646255, valid_nll: 6.047312967028177
[2021-09-24 19:52:17] epoch 379: train_loss: 0.09425200466635966, valid_loss: 0.1092239794762511, train_nll: 5.379740878116542, valid_nll: 6.311721902898704
[2021-09-24 19:52:21] epoch 380: train_loss: 0.0945662505046249, valid_loss: 0.1073975312082391, train_nll: 5.402405526856116, valid_nll: 6.302497024300138
[2021-09-24 19:52:25] epoch 381: train_loss: 0.0953973018966908, valid_loss: 0.10590456083024803, train_nll: 5.448844347774131, valid_nll: 6.014870141704052
[2021-09-24 19:52:29] epoch 382: train_loss: 0.09435671031084644, valid_loss: 0.10517274804021183, train_nll: 5.3870484490759125, valid_nll: 6.13482632639131
[2021-09-24 19:52:33] epoch 383: train_loss: 0.09470151511212103, valid_loss: 0.11073764933175162, train_nll: 5.426959687470512, valid_nll: 6.152986358763947
[2021-09-24 19:52:37] epoch 384: train_loss: 0.0950694855904475, valid_loss: 0.10704044184010279, train_nll: 5.431998722190481, valid_nll: 6.288989675187243
[2021-09-24 19:52:41] epoch 385: train_loss: 0.09562413596169918, valid_loss: 0.10966884648721469, train_nll: 5.473580883957181, valid_nll: 6.435871709199064
[2021-09-24 19:52:45] epoch 386: train_loss: 0.09510289132595062, valid_loss: 0.10761838700426252, train_nll: 5.431036860518962, valid_nll: 5.893373645305423
[2021-09-24 19:52:49] epoch 387: train_loss: 0.09527035913222742, valid_loss: 0.10845286487356613, train_nll: 5.4532306461556175, valid_nll: 6.284417685501564
[2021-09-24 19:52:53] epoch 388: train_loss: 0.09531203901403336, valid_loss: 0.1086769746126313, train_nll: 5.440292596079531, valid_nll: 6.165841969461816
[2021-09-24 19:52:57] epoch 389: train_loss: 0.09432835128630093, valid_loss: 0.10823708880496652, train_nll: 5.383265711769894, valid_nll: 6.38168328892484
[2021-09-24 19:53:01] epoch 390: train_loss: 0.09449734447694762, valid_loss: 0.10770237906590889, train_nll: 5.403824698751182, valid_nll: 6.120524829117745
[2021-09-24 19:53:05] epoch 391: train_loss: 0.09573437768038703, valid_loss: 0.10520856866711065, train_nll: 5.493687003609498, valid_nll: 5.960058835139593
[2021-09-24 19:53:09] epoch 392: train_loss: 0.09469282376584007, valid_loss: 0.10900987174950148, train_nll: 5.4077998358119235, valid_nll: 6.480379735901985
[2021-09-24 19:53:13] epoch 393: train_loss: 0.09477493879446296, valid_loss: 0.10805386991093033, train_nll: 5.423910768345681, valid_nll: 6.381670194550842
[2021-09-24 19:53:18] epoch 394: train_loss: 0.09427387101421189, valid_loss: 0.10537974879537758, train_nll: 5.384648279652783, valid_nll: 6.025859305145358
[2021-09-24 19:53:22] epoch 395: train_loss: 0.09439322485804037, valid_loss: 0.10753787161880418, train_nll: 5.4155305965534275, valid_nll: 6.513267405834863
[2021-09-24 19:53:26] epoch 396: train_loss: 0.09555532405860559, valid_loss: 0.10598711826299366, train_nll: 5.481979225148577, valid_nll: 6.165635048684639
[2021-09-24 19:53:30] epoch 397: train_loss: 0.09548807687504322, valid_loss: 0.10548277689438117, train_nll: 5.464286488976776, valid_nll: 6.171575673533603
[2021-09-24 19:53:34] epoch 398: train_loss: 0.0951835765914105, valid_loss: 0.10603675079580985, train_nll: 5.451244505397489, valid_nll: 6.101468159148402
[2021-09-24 19:53:38] epoch 399: train_loss: 0.09482130941865746, valid_loss: 0.10605236378155257, train_nll: 5.439235688379647, valid_nll: 5.921047273063575
[2021-09-24 19:53:42] epoch 400: train_loss: 0.09462301319212893, valid_loss: 0.1073162310609692, train_nll: 5.4071768601805665, valid_nll: 6.2845453489053265
[2021-09-24 19:53:46] epoch 401: train_loss: 0.09512879039002298, valid_loss: 0.10788702082477118, train_nll: 5.452541993563016, valid_nll: 6.084152653214155
[2021-09-24 19:53:50] epoch 402: train_loss: 0.09366162811044002, valid_loss: 0.10733659045868799, train_nll: 5.3473534617056675, valid_nll: 6.209656102226416
[2021-09-24 19:53:54] epoch 403: train_loss: 0.09467424257093121, valid_loss: 0.10708438683497279, train_nll: 5.421497503986659, valid_nll: 6.14459519127118
[2021-09-24 19:53:59] epoch 404: train_loss: 0.09446623527717382, valid_loss: 0.10635089462524966, train_nll: 5.394469852422224, valid_nll: 5.936933681810002
[2021-09-24 19:54:03] epoch 405: train_loss: 0.09440077138519704, valid_loss: 0.1068929004433908, train_nll: 5.398956839931891, valid_nll: 6.167665344184339
[2021-09-24 19:54:07] epoch 406: train_loss: 0.09451523930745354, valid_loss: 0.10823725732533555, train_nll: 5.404182984737992, valid_nll: 6.630065435863837
[2021-09-24 19:54:11] epoch 407: train_loss: 0.09531579313059561, valid_loss: 0.10840096608980705, train_nll: 5.461303757012795, valid_nll: 6.466262901666888
[2021-09-24 19:54:15] epoch 408: train_loss: 0.09492222906200126, valid_loss: 0.10698886421558104, train_nll: 5.441595511577638, valid_nll: 6.059773447236497
[2021-09-24 19:54:19] epoch 409: train_loss: 0.09531107134954378, valid_loss: 0.10664806887507439, train_nll: 5.458258441313147, valid_nll: 6.136759270412227
[2021-09-24 19:54:23] epoch 410: train_loss: 0.09600575372381502, valid_loss: 0.10922124383873061, train_nll: 5.51734324607113, valid_nll: 6.222179758406507
[2021-09-24 19:54:27] epoch 411: train_loss: 0.09460508527323669, valid_loss: 0.10557266020853269, train_nll: 5.400879642330928, valid_nll: 6.136756381154113
[2021-09-24 19:54:31] epoch 412: train_loss: 0.09429544389378035, valid_loss: 0.10822129867186672, train_nll: 5.395790051774786, valid_nll: 6.470864249181811
[2021-09-24 19:54:35] epoch 413: train_loss: 0.0964100460102985, valid_loss: 0.10650303214788437, train_nll: 5.537193927660942, valid_nll: 6.33315127411091
[2021-09-24 19:54:39] epoch 414: train_loss: 0.09532650280337146, valid_loss: 0.10823988355696201, train_nll: 5.455782083580746, valid_nll: 6.171073724777889
[2021-09-24 19:54:43] epoch 415: train_loss: 0.09465237326236792, valid_loss: 0.10727431742768538, train_nll: 5.413624052552591, valid_nll: 6.23088350182237
[2021-09-24 19:54:47] epoch 416: train_loss: 0.09503605626686171, valid_loss: 0.10780692306396208, train_nll: 5.437809364137918, valid_nll: 5.926547776583386
[2021-09-24 19:54:51] epoch 417: train_loss: 0.09505478810014684, valid_loss: 0.10751353243463918, train_nll: 5.457003653146044, valid_nll: 5.856058738529814
[2021-09-24 19:54:55] epoch 418: train_loss: 0.09372841605843416, valid_loss: 0.10549391992390156, train_nll: 5.350868384113612, valid_nll: 6.117645907602213
[2021-09-24 19:54:59] epoch 419: train_loss: 0.0956629214068167, valid_loss: 0.10804529782188566, train_nll: 5.490734717863125, valid_nll: 6.299927543340085
[2021-09-24 19:55:03] epoch 420: train_loss: 0.09524499969841611, valid_loss: 0.10784137278403107, train_nll: 5.45764565113139, valid_nll: 6.101922898707641
[2021-09-24 19:55:08] epoch 421: train_loss: 0.09567070069141263, valid_loss: 0.10902007335894986, train_nll: 5.490799907662412, valid_nll: 6.007225033249731
[2021-09-24 19:55:12] epoch 422: train_loss: 0.09466991004204646, valid_loss: 0.1061296117933173, train_nll: 5.411677856265507, valid_nll: 6.04080543737205
[2021-09-24 19:55:16] epoch 423: train_loss: 0.09502716492617495, valid_loss: 0.10559569642339882, train_nll: 5.436128870028075, valid_nll: 5.935183964626904
[2021-09-24 19:55:20] epoch 424: train_loss: 0.09484262494411011, valid_loss: 0.10918852579044669, train_nll: 5.42250557018847, valid_nll: 5.870775742811067
[2021-09-24 19:55:24] epoch 425: train_loss: 0.09503430147618706, valid_loss: 0.107095913373326, train_nll: 5.432939110527089, valid_nll: 6.242765392079271
[2021-09-24 19:55:28] epoch 426: train_loss: 0.0946618782836277, valid_loss: 0.10917133083076853, train_nll: 5.416895837877931, valid_nll: 6.513398363060304
[2021-09-24 19:55:32] epoch 427: train_loss: 0.09508898717607474, valid_loss: 0.10701014807349757, train_nll: 5.435001265969293, valid_nll: 6.470699966032843
[2021-09-24 19:55:36] epoch 428: train_loss: 0.09391169526561378, valid_loss: 0.10754283301924404, train_nll: 5.366636722669772, valid_nll: 5.989551920096431
[2021-09-24 19:55:40] epoch 429: train_loss: 0.09392612944784123, valid_loss: 0.10724737122654915, train_nll: 5.366250535282545, valid_nll: 6.185496004503278
[2021-09-24 19:55:44] epoch 430: train_loss: 0.09463028954626691, valid_loss: 0.10705327585731682, train_nll: 5.4185467173730455, valid_nll: 6.211761842087945
[2021-09-24 19:55:48] epoch 431: train_loss: 0.09533684310304025, valid_loss: 0.10744135375869901, train_nll: 5.4611163333899, valid_nll: 5.908457329143637
[2021-09-24 19:55:52] epoch 432: train_loss: 0.09433556637649453, valid_loss: 0.10832690996559043, train_nll: 5.390492693667454, valid_nll: 5.964645614994874
[2021-09-24 19:55:57] epoch 433: train_loss: 0.0953305251408352, valid_loss: 0.10728343576192856, train_nll: 5.450781187405027, valid_nll: 6.157043443545798
[2021-09-24 19:56:01] epoch 434: train_loss: 0.09477111589830516, valid_loss: 0.10679395281170544, train_nll: 5.411268594707827, valid_nll: 5.947775169436614
[2021-09-24 19:56:05] epoch 435: train_loss: 0.09466255700223832, valid_loss: 0.10851529779794969, train_nll: 5.4178645872441145, valid_nll: 6.116350410788448
[2021-09-24 19:56:09] epoch 436: train_loss: 0.0950556002134319, valid_loss: 0.10877646476422485, train_nll: 5.4441643457978826, valid_nll: 6.359423712824385
[2021-09-24 19:56:13] epoch 437: train_loss: 0.0944117617073538, valid_loss: 0.10829608220803111, train_nll: 5.388236439303562, valid_nll: 6.074719704203621
[2021-09-24 19:56:17] epoch 438: train_loss: 0.09379185157051254, valid_loss: 0.10871290533166182, train_nll: 5.3572447329105515, valid_nll: 6.082280993830352
[2021-09-24 19:56:21] epoch 439: train_loss: 0.09446147032179687, valid_loss: 0.10804415200101702, train_nll: 5.396669198740106, valid_nll: 6.258398109129241
[2021-09-24 19:56:25] epoch 440: train_loss: 0.09599794593830817, valid_loss: 0.10955310661933924, train_nll: 5.5008501431291945, valid_nll: 6.053458921370968
[2021-09-24 19:56:29] epoch 441: train_loss: 0.0948118655962715, valid_loss: 0.10697723934917074, train_nll: 5.425270699211522, valid_nll: 6.177661954750806
[2021-09-24 19:56:33] epoch 442: train_loss: 0.09559847954579316, valid_loss: 0.10743802423147779, train_nll: 5.476026996068073, valid_nll: 6.3197642186022
[2021-09-24 19:56:37] epoch 443: train_loss: 0.09537205903681084, valid_loss: 0.10709047376325256, train_nll: 5.455508473871523, valid_nll: 6.070176556528642
[2021-09-24 19:56:41] epoch 444: train_loss: 0.0944678668567187, valid_loss: 0.10672240586657274, train_nll: 5.402731947281484, valid_nll: 6.106028460318464
[2021-09-24 19:56:45] epoch 445: train_loss: 0.09417643576990568, valid_loss: 0.10622306815103481, train_nll: 5.369592915825893, valid_nll: 6.133002870756075
[2021-09-24 19:56:50] epoch 446: train_loss: 0.0941183055917769, valid_loss: 0.10625975118263771, train_nll: 5.367521455421734, valid_nll: 6.070391484293008
[2021-09-24 19:56:54] epoch 447: train_loss: 0.09473864298199983, valid_loss: 0.10685505698385991, train_nll: 5.419424875405211, valid_nll: 6.2164495942658995
[2021-09-24 19:56:58] epoch 448: train_loss: 0.09409249342945465, valid_loss: 0.10979562115512397, train_nll: 5.377691176489362, valid_nll: 5.91706097341985
[2021-09-24 19:57:02] epoch 449: train_loss: 0.09513893056514482, valid_loss: 0.10682754375432667, train_nll: 5.441956852581245, valid_nll: 6.3914038927429715
[2021-09-24 19:57:06] epoch 450: train_loss: 0.09470726029060814, valid_loss: 0.10921196217991803, train_nll: 5.4138007108514445, valid_nll: 5.931808812187353
[2021-09-24 19:57:10] epoch 451: train_loss: 0.09438282752401443, valid_loss: 0.10694449600812636, train_nll: 5.401337456573248, valid_nll: 6.1429905640673335
[2021-09-24 19:57:14] epoch 452: train_loss: 0.09410513000457048, valid_loss: 0.10675970151236183, train_nll: 5.3786364690353885, valid_nll: 5.899933882851123
[2021-09-24 19:57:18] epoch 453: train_loss: 0.09456640449413566, valid_loss: 0.10705104607500528, train_nll: 5.419233806215096, valid_nll: 6.290542184490047
[2021-09-24 19:57:22] epoch 454: train_loss: 0.094365971903093, valid_loss: 0.10695408941491653, train_nll: 5.4089594655718924, valid_nll: 5.845755620493701
[2021-09-24 19:57:26] epoch 455: train_loss: 0.09521009659142474, valid_loss: 0.10777393522623338, train_nll: 5.4516715581997595, valid_nll: 6.165127506837663
[2021-09-24 19:57:30] epoch 456: train_loss: 0.09377608568647543, valid_loss: 0.10692402553793631, train_nll: 5.350454404895269, valid_nll: 6.169443859550419
[2021-09-24 19:57:34] epoch 457: train_loss: 0.09438913133336987, valid_loss: 0.10699052794983513, train_nll: 5.38541528946487, valid_nll: 6.190312529263431
[2021-09-24 19:57:38] epoch 458: train_loss: 0.09394540406731018, valid_loss: 0.10790100105498966, train_nll: 5.366387804823361, valid_nll: 5.823534150909545
[2021-09-24 19:57:42] epoch 459: train_loss: 0.09591136374978519, valid_loss: 0.11035802881968648, train_nll: 5.4997371882046595, valid_nll: 6.266653832112379
[2021-09-24 19:57:47] epoch 460: train_loss: 0.09487541315987641, valid_loss: 0.10821280971561607, train_nll: 5.424162872692046, valid_nll: 6.379554256316154
[2021-09-24 19:57:51] epoch 461: train_loss: 0.09427587814856825, valid_loss: 0.10575623310318119, train_nll: 5.390765061029403, valid_nll: 5.991888851177571
[2021-09-24 19:57:55] epoch 462: train_loss: 0.09425032828572535, valid_loss: 0.10687239272029776, train_nll: 5.387304429365971, valid_nll: 6.066038977083147
[2021-09-24 19:57:59] epoch 463: train_loss: 0.09498457080281979, valid_loss: 0.10891651607265598, train_nll: 5.44276017365882, valid_nll: 6.3277009668152155
[2021-09-24 19:58:03] epoch 464: train_loss: 0.09406055207465934, valid_loss: 0.10730072218728692, train_nll: 5.367518575715815, valid_nll: 5.971890782024604
[2021-09-24 19:58:07] epoch 465: train_loss: 0.09386562887888288, valid_loss: 0.10648228443766895, train_nll: 5.353424604379089, valid_nll: 6.141414623791488
[2021-09-24 19:58:11] epoch 466: train_loss: 0.09598401702907929, valid_loss: 0.1079735040272537, train_nll: 5.496927370078997, valid_nll: 5.875823897068026
[2021-09-24 19:58:15] epoch 467: train_loss: 0.0938200788596832, valid_loss: 0.10684260824008991, train_nll: 5.348576282046649, valid_nll: 6.250285864613828
[2021-09-24 19:58:19] epoch 468: train_loss: 0.0938214959666198, valid_loss: 0.1089434535487702, train_nll: 5.352761279151232, valid_nll: 6.4711463715826785
[2021-09-24 19:58:24] epoch 469: train_loss: 0.09440990120953348, valid_loss: 0.10531245289664519, train_nll: 5.3939125970179385, valid_nll: 6.277904006479274
[2021-09-24 19:58:28] epoch 470: train_loss: 0.09509467538527526, valid_loss: 0.10625809107563998, train_nll: 5.439684814057552, valid_nll: 5.948028685822194
[2021-09-24 19:58:32] epoch 471: train_loss: 0.09382879141897094, valid_loss: 0.10845951941844664, train_nll: 5.357246124159695, valid_nll: 6.409103349726968
[2021-09-24 19:58:36] epoch 472: train_loss: 0.09513476367340337, valid_loss: 0.1061231809619226, train_nll: 5.437608592726904, valid_nll: 6.1789030006803145
[2021-09-24 19:58:40] epoch 473: train_loss: 0.09365966138490943, valid_loss: 0.10825813679318678, train_nll: 5.357278985958911, valid_nll: 6.2525620808182065
[2021-09-24 19:58:44] epoch 474: train_loss: 0.09422456678084411, valid_loss: 0.10794770227451074, train_nll: 5.3996333780933465, valid_nll: 6.309800027062606
[2021-09-24 19:58:48] epoch 475: train_loss: 0.09464673219679745, valid_loss: 0.10742069957287688, train_nll: 5.408191436484383, valid_nll: 5.84161079598906
[2021-09-24 19:58:52] epoch 476: train_loss: 0.09463919181880992, valid_loss: 0.1075502231128906, train_nll: 5.397179888316362, valid_nll: 6.399312594586961
[2021-09-24 19:58:56] epoch 477: train_loss: 0.09475749220259845, valid_loss: 0.10752627645668231, train_nll: 5.42652236549646, valid_nll: 6.132524106863901
[2021-09-24 19:59:01] epoch 478: train_loss: 0.09389270497201312, valid_loss: 0.10894629986662614, train_nll: 5.35976695354179, valid_nll: 6.350677365493943
[2021-09-24 19:59:05] epoch 479: train_loss: 0.09481092034859429, valid_loss: 0.10641022104966014, train_nll: 5.407463323211333, valid_nll: 6.245027226048974
[2021-09-24 19:59:09] epoch 480: train_loss: 0.09412976243740606, valid_loss: 0.10765957636268515, train_nll: 5.392731809707397, valid_nll: 6.0980817058999826
[2021-09-24 19:59:13] epoch 481: train_loss: 0.09442250450105126, valid_loss: 0.10724590434447716, train_nll: 5.389636342735139, valid_nll: 6.121737919705029
[2021-09-24 19:59:17] epoch 482: train_loss: 0.09414890005078379, valid_loss: 0.10654703086536181, train_nll: 5.378184850234525, valid_nll: 6.195630800497516
[2021-09-24 19:59:21] epoch 483: train_loss: 0.09440698425842685, valid_loss: 0.10917680357631884, train_nll: 5.400795604364741, valid_nll: 6.305246943980785
[2021-09-24 19:59:25] epoch 484: train_loss: 0.09463858799642871, valid_loss: 0.10713142587950356, train_nll: 5.411683534202739, valid_nll: 6.146883045420729
[2021-09-24 19:59:29] epoch 485: train_loss: 0.09347292800397332, valid_loss: 0.10622631680024297, train_nll: 5.3400688368049565, valid_nll: 6.1451240300184
[2021-09-24 19:59:33] epoch 486: train_loss: 0.09483408918156895, valid_loss: 0.10638811939248913, train_nll: 5.419575759071826, valid_nll: 6.320322432035479
[2021-09-24 19:59:37] epoch 487: train_loss: 0.0941253778195277, valid_loss: 0.10940828762556377, train_nll: 5.3751076532404065, valid_nll: 6.379406334391959
[2021-09-24 19:59:41] epoch 488: train_loss: 0.09457028598634437, valid_loss: 0.10879582264705707, train_nll: 5.408709514964609, valid_nll: 6.3570856894216226
[2021-09-24 19:59:45] epoch 489: train_loss: 0.09382940106516842, valid_loss: 0.10923390051251963, train_nll: 5.357671785712822, valid_nll: 6.516092928331403
[2021-09-24 19:59:49] epoch 490: train_loss: 0.09431748778669075, valid_loss: 0.10705374494979256, train_nll: 5.389449345027773, valid_nll: 6.319368450925038
[2021-09-24 19:59:53] epoch 491: train_loss: 0.09446905982806693, valid_loss: 0.10729186109414227, train_nll: 5.408730128601946, valid_nll: 6.226444428124051
[2021-09-24 19:59:57] epoch 492: train_loss: 0.09456393343912982, valid_loss: 0.10698422387634453, train_nll: 5.407065269188144, valid_nll: 6.276264590180347
[2021-09-24 20:00:04] epoch 493: train_loss: 0.0965224944347898, valid_loss: 0.10818493827001045, train_nll: 5.534240953594617, valid_nll: 6.252740371980553
[2021-09-24 20:00:08] epoch 494: train_loss: 0.09755761238164777, valid_loss: 0.1084147653493442, train_nll: 5.620921094632847, valid_nll: 6.032199089262689
[2021-09-24 20:00:12] epoch 495: train_loss: 0.09431958598731387, valid_loss: 0.1086778974062518, train_nll: 5.394745913674263, valid_nll: 6.358782934710561
[2021-09-24 20:00:16] epoch 496: train_loss: 0.09508620719852406, valid_loss: 0.10880236278631185, train_nll: 5.460546812405027, valid_nll: 6.59161758928556
[2021-09-24 20:00:20] epoch 497: train_loss: 0.09535577177480839, valid_loss: 0.10876472686466418, train_nll: 5.464951373460034, valid_nll: 5.956676434269533
[2021-09-24 20:00:24] epoch 498: train_loss: 0.0956550782229182, valid_loss: 0.1099282237456033, train_nll: 5.493893150096966, valid_nll: 6.090190676740983
[2021-09-24 20:00:28] epoch 499: train_loss: 0.09467018821874561, valid_loss: 0.11037301615272697, train_nll: 5.417862182338488, valid_nll: 6.134049743032013
