------------ Configs ------------
loading JSB data...
loading JSB data...
model summary: 
===================================================
      Kernel Shape  Output Shape  Params  Mult-Adds
Layer                                              
0_rnn            -  [200, 1, 46]   18768      18492
1_mlp     [46, 88]  [200, 1, 88]    4136       4048
---------------------------------------------------
                      Totals
Total params           22904
Trainable params       22904
Non-trainable params       0
Mult-Adds              22540
===================================================
rnn:  gru
data:  JSB
optimizer:  rmsprop
learning rate:  0.001
momentum:  0.9
weight decay:  0.0
gradient clipping:  1.0
loss criterion:  bce
continue training:  False
save directory:  ./exp/music/jsb/gru
log directory:  ./log/music/jsb/gru
starting epoch:  0
ending epoch:  500
steps per epoch:  229
cuda:  True
---------------------------------
[2021-09-24 19:26:07] epoch 0: train_loss: 0.12797809076621544, valid_loss: 0.1064973751965322, train_nll: 7.1838850458796655, valid_nll: 6.074017172833222
[2021-09-24 19:26:11] epoch 1: train_loss: 0.1044077982548543, valid_loss: 0.10290151148250229, train_nll: 6.001006104630422, valid_nll: 5.98018969891085
[2021-09-24 19:26:15] epoch 2: train_loss: 0.1018511768772092, valid_loss: 0.1010331011524326, train_nll: 5.809468381586439, valid_nll: 5.666099282002165
[2021-09-24 19:26:19] epoch 3: train_loss: 0.10057230352314278, valid_loss: 0.10076402804177058, train_nll: 5.7252420000342354, valid_nll: 5.721242816164806
[2021-09-24 19:26:24] epoch 4: train_loss: 0.09979445565345506, valid_loss: 0.10073420219123363, train_nll: 5.6714816552090666, valid_nll: 5.687039384155003
[2021-09-24 19:26:28] epoch 5: train_loss: 0.09906843542141686, valid_loss: 0.0997576785126799, train_nll: 5.617747186718923, valid_nll: 5.732322908638327
[2021-09-24 19:26:32] epoch 6: train_loss: 0.09844979829272849, valid_loss: 0.09977474298916365, train_nll: 5.581864315835905, valid_nll: 5.88388651174831
[2021-09-24 19:26:36] epoch 7: train_loss: 0.09783941120169569, valid_loss: 0.09943348257557343, train_nll: 5.54895299017245, valid_nll: 5.670541211244968
[2021-09-24 19:26:40] epoch 8: train_loss: 0.09733329999655095, valid_loss: 0.0994832755899743, train_nll: 5.507726929187424, valid_nll: 5.789145115250989
[2021-09-24 19:26:44] epoch 9: train_loss: 0.09679488265097923, valid_loss: 0.0989440869736044, train_nll: 5.4797763950889005, valid_nll: 5.731073147735393
[2021-09-24 19:26:49] epoch 10: train_loss: 0.09644069828450941, valid_loss: 0.098988264897152, train_nll: 5.454069805384068, valid_nll: 5.577263852741884
[2021-09-24 19:26:53] epoch 11: train_loss: 0.09597235033085252, valid_loss: 0.09948746467891492, train_nll: 5.428953410424089, valid_nll: 5.67598691663013
[2021-09-24 19:26:57] epoch 12: train_loss: 0.09557778430557667, valid_loss: 0.09908338204810493, train_nll: 5.407545538955803, valid_nll: 5.65332020124502
[2021-09-24 19:27:01] epoch 13: train_loss: 0.09516932324030514, valid_loss: 0.09892645017489006, train_nll: 5.380096509716862, valid_nll: 5.651298307181985
[2021-09-24 19:27:05] epoch 14: train_loss: 0.09461903991787715, valid_loss: 0.09903971311685286, train_nll: 5.3413704346620134, valid_nll: 5.691384234999431
[2021-09-24 19:27:09] epoch 15: train_loss: 0.0942276867196029, valid_loss: 0.09905487142111126, train_nll: 5.336110785812038, valid_nll: 5.416264239423738
[2021-09-24 19:27:13] epoch 16: train_loss: 0.09387460734906676, valid_loss: 0.09953479919778674, train_nll: 5.293702842947274, valid_nll: 5.6925142349735385
[2021-09-24 19:27:17] epoch 17: train_loss: 0.0936376003133678, valid_loss: 0.0991741081601695, train_nll: 5.28513166545891, valid_nll: 5.77472673282126
[2021-09-24 19:27:21] epoch 18: train_loss: 0.09308301091324293, valid_loss: 0.09916558920552856, train_nll: 5.256267778545789, valid_nll: 5.653551554290057
[2021-09-24 19:27:26] epoch 19: train_loss: 0.09281745507467262, valid_loss: 0.0994276529864261, train_nll: 5.245915394781756, valid_nll: 5.818703216943812
[2021-09-24 19:27:30] epoch 20: train_loss: 0.09245678753181316, valid_loss: 0.09910266591530097, train_nll: 5.221328497108575, valid_nll: 5.729370784717379
[2021-09-24 19:27:34] epoch 21: train_loss: 0.09198958394178657, valid_loss: 0.09894294948562195, train_nll: 5.187763875460376, valid_nll: 5.7273952940950545
[2021-09-24 19:27:38] epoch 22: train_loss: 0.09173229219611555, valid_loss: 0.10016219641425107, train_nll: 5.179939058185554, valid_nll: 5.817560924980106
[2021-09-24 19:27:42] epoch 23: train_loss: 0.09153518633811235, valid_loss: 0.09943237685059246, train_nll: 5.15138261879047, valid_nll: 5.884181125049195
[2021-09-24 19:27:46] epoch 24: train_loss: 0.09113494830620862, valid_loss: 0.09971347862952634, train_nll: 5.140542686486002, valid_nll: 5.81615431478368
[2021-09-24 19:27:50] epoch 25: train_loss: 0.0907496813863646, valid_loss: 0.09998208107916932, train_nll: 5.118170960870648, valid_nll: 5.721500024192901
[2021-09-24 19:27:54] epoch 26: train_loss: 0.09080313468213685, valid_loss: 0.10112642261542772, train_nll: 5.112055560067189, valid_nll: 5.821814883877312
[2021-09-24 19:27:58] epoch 27: train_loss: 0.09027598947937311, valid_loss: 0.10052119666024258, train_nll: 5.077992026699469, valid_nll: 5.738508746205733
[2021-09-24 19:28:03] epoch 28: train_loss: 0.09018688938503182, valid_loss: 0.10017847622695722, train_nll: 5.080164916807886, valid_nll: 5.693428137320309
[2021-09-24 19:28:07] epoch 29: train_loss: 0.08973347509531995, valid_loss: 0.10051699345441241, train_nll: 5.048680803178424, valid_nll: 5.84968143451335
[2021-09-24 19:28:11] epoch 30: train_loss: 0.08955088485536616, valid_loss: 0.10057519817430723, train_nll: 5.039526626557696, valid_nll: 5.800555311363985
[2021-09-24 19:28:15] epoch 31: train_loss: 0.08931361747230505, valid_loss: 0.10084854987891097, train_nll: 5.027831209199315, valid_nll: 5.847986485122633
[2021-09-24 19:28:19] epoch 32: train_loss: 0.08900920438323999, valid_loss: 0.10096443277832709, train_nll: 5.004086791547167, valid_nll: 5.7818220225362404
[2021-09-24 19:28:23] epoch 33: train_loss: 0.08880464911591017, valid_loss: 0.10120249814108799, train_nll: 4.9994242251367105, valid_nll: 5.922272237591442
[2021-09-24 19:28:27] epoch 34: train_loss: 0.08868819221398716, valid_loss: 0.10152035461444604, train_nll: 4.989233350451766, valid_nll: 5.916291500265178
[2021-09-24 19:28:31] epoch 35: train_loss: 0.08856186208896762, valid_loss: 0.10142420546004646, train_nll: 4.984115989978367, valid_nll: 5.822173947525193
[2021-09-24 19:28:35] epoch 36: train_loss: 0.08844508354320277, valid_loss: 0.10167758362857919, train_nll: 4.973284165240085, valid_nll: 5.794367821828696
[2021-09-24 19:28:40] epoch 37: train_loss: 0.08804802469681444, valid_loss: 0.1020709683040255, train_nll: 4.948455514990716, valid_nll: 5.888177700607428
[2021-09-24 19:28:44] epoch 38: train_loss: 0.08779762102917292, valid_loss: 0.10155510304397658, train_nll: 4.933261884261449, valid_nll: 5.864270468596805
[2021-09-24 19:28:48] epoch 39: train_loss: 0.08781011383085792, valid_loss: 0.1022130540130954, train_nll: 4.932898938489041, valid_nll: 5.7793171132922545
[2021-09-24 19:28:52] epoch 40: train_loss: 0.0876096693644357, valid_loss: 0.10212397849873493, train_nll: 4.922332667026135, valid_nll: 6.043617423846034
[2021-09-24 19:28:56] epoch 41: train_loss: 0.08735624785376428, valid_loss: 0.10270772041066696, train_nll: 4.905930096981258, valid_nll: 5.9004361114299675
[2021-09-24 19:29:00] epoch 42: train_loss: 0.08743120446866257, valid_loss: 0.10225599788521465, train_nll: 4.9126953133990305, valid_nll: 5.9744534224890735
[2021-09-24 19:29:04] epoch 43: train_loss: 0.08715581044749922, valid_loss: 0.10336280339642574, train_nll: 4.8902679985025035, valid_nll: 5.961865669955103
[2021-09-24 19:29:08] epoch 44: train_loss: 0.0869490231944484, valid_loss: 0.10277992143834892, train_nll: 4.888491734083138, valid_nll: 5.944670670020912
[2021-09-24 19:29:13] epoch 45: train_loss: 0.08685882168305493, valid_loss: 0.10319500504747818, train_nll: 4.87596003326897, valid_nll: 5.930454680627814
[2021-09-24 19:29:17] epoch 46: train_loss: 0.08687360653059972, valid_loss: 0.10259855391555711, train_nll: 4.889104321983114, valid_nll: 5.899837492210803
[2021-09-24 19:29:21] epoch 47: train_loss: 0.08689288280936829, valid_loss: 0.10404583488247897, train_nll: 4.880521948760029, valid_nll: 5.950421551187324
[2021-09-24 19:29:25] epoch 48: train_loss: 0.08640611962329872, valid_loss: 0.10338987998272244, train_nll: 4.860574453423838, valid_nll: 5.951792681159248
[2021-09-24 19:29:29] epoch 49: train_loss: 0.0863895261717155, valid_loss: 0.10345892225833316, train_nll: 4.8554925023763165, valid_nll: 6.085263824125755
[2021-09-24 19:29:33] epoch 50: train_loss: 0.08623459941695351, valid_loss: 0.10303782887364689, train_nll: 4.8414900534316985, valid_nll: 6.001876251180247
[2021-09-24 19:29:38] epoch 51: train_loss: 0.08613128677075607, valid_loss: 0.10340685936573304, train_nll: 4.8346639912159, valid_nll: 5.979529936651819
[2021-09-24 19:29:42] epoch 52: train_loss: 0.08628275990486145, valid_loss: 0.10374241136014462, train_nll: 4.84198146948742, valid_nll: 6.129000813361559
[2021-09-24 19:29:46] epoch 53: train_loss: 0.08595257044228924, valid_loss: 0.10413562702505212, train_nll: 4.829581141138238, valid_nll: 6.090027202719142
[2021-09-24 19:29:50] epoch 54: train_loss: 0.08582690345147811, valid_loss: 0.10375075669665086, train_nll: 4.816594681098546, valid_nll: 6.062529961303225
[2021-09-24 19:29:54] epoch 55: train_loss: 0.08568261659757019, valid_loss: 0.10434466531794322, train_nll: 4.815375850765707, valid_nll: 6.106392277588214
[2021-09-24 19:29:58] epoch 56: train_loss: 0.08573625558848985, valid_loss: 0.10413090541566673, train_nll: 4.810178197348551, valid_nll: 5.9256011383016185
[2021-09-24 19:30:02] epoch 57: train_loss: 0.08537258703961123, valid_loss: 0.10501037283163321, train_nll: 4.790916196199699, valid_nll: 6.132850657086745
[2021-09-24 19:30:06] epoch 58: train_loss: 0.08547228685372782, valid_loss: 0.10438027732858532, train_nll: 4.801887719545857, valid_nll: 6.119026413334717
[2021-09-24 19:30:10] epoch 59: train_loss: 0.08530560152109012, valid_loss: 0.10472256474589046, train_nll: 4.790539627873085, valid_nll: 6.140965639148936
[2021-09-24 19:30:14] epoch 60: train_loss: 0.08518321255799464, valid_loss: 0.10585293252217143, train_nll: 4.773352587727001, valid_nll: 6.0906856467752295
[2021-09-24 19:30:18] epoch 61: train_loss: 0.08533683448509358, valid_loss: 0.10420742091771804, train_nll: 4.792479285401577, valid_nll: 5.994565423484192
[2021-09-24 19:30:22] epoch 62: train_loss: 0.08516280382351063, valid_loss: 0.10437001925157874, train_nll: 4.776738359960089, valid_nll: 6.04752614168377
[2021-09-24 19:30:26] epoch 63: train_loss: 0.08503438002027279, valid_loss: 0.10573013420951993, train_nll: 4.7780270404397065, valid_nll: 6.121510639266529
[2021-09-24 19:30:30] epoch 64: train_loss: 0.08522133976546438, valid_loss: 0.10474849894250694, train_nll: 4.782497610535216, valid_nll: 6.072313484869539
[2021-09-24 19:30:35] epoch 65: train_loss: 0.08488935755980588, valid_loss: 0.10469478604040648, train_nll: 4.764851725071621, valid_nll: 6.017524280961088
[2021-09-24 19:30:39] epoch 66: train_loss: 0.08486477353947652, valid_loss: 0.10462508781960136, train_nll: 4.769202672464188, valid_nll: 6.056296021128143
[2021-09-24 19:30:43] epoch 67: train_loss: 0.08505203594417031, valid_loss: 0.10541461270890738, train_nll: 4.77672582186099, valid_nll: 6.010475563254969
[2021-09-24 19:30:47] epoch 68: train_loss: 0.08500716168287019, valid_loss: 0.10434519499540329, train_nll: 4.77110427011357, valid_nll: 6.156920560734808
[2021-09-24 19:30:51] epoch 69: train_loss: 0.08455357206049965, valid_loss: 0.10568354357230036, train_nll: 4.750705852724874, valid_nll: 6.1400177467201225
[2021-09-24 19:30:55] epoch 70: train_loss: 0.084559119749798, valid_loss: 0.10507517670722384, train_nll: 4.742857262283665, valid_nll: 6.148015004156756
[2021-09-24 19:30:59] epoch 71: train_loss: 0.0847453748945586, valid_loss: 0.10496429785301811, train_nll: 4.755233142070065, valid_nll: 6.137621476278334
[2021-09-24 19:31:03] epoch 72: train_loss: 0.08468165922112861, valid_loss: 0.10552438593616612, train_nll: 4.766732287663285, valid_nll: 6.102693100076727
[2021-09-24 19:31:07] epoch 73: train_loss: 0.08470183339246495, valid_loss: 0.10622574732099709, train_nll: 4.752223413916641, valid_nll: 6.107809514320903
[2021-09-24 19:31:11] epoch 74: train_loss: 0.084597970102812, valid_loss: 0.10519413042225335, train_nll: 4.754399029210172, valid_nll: 6.0443287511025705
[2021-09-24 19:31:15] epoch 75: train_loss: 0.08442326547277026, valid_loss: 0.10554079878094949, train_nll: 4.732302482673531, valid_nll: 6.163625770262054
[2021-09-24 19:31:19] epoch 76: train_loss: 0.08447853182991519, valid_loss: 0.10570233462280348, train_nll: 4.753138134942734, valid_nll: 6.135944789561138
[2021-09-24 19:31:24] epoch 77: train_loss: 0.0839507689772735, valid_loss: 0.10575689728322782, train_nll: 4.701287072227075, valid_nll: 6.13557620855543
[2021-09-24 19:31:28] epoch 78: train_loss: 0.08446755256975583, valid_loss: 0.10565189870172426, train_nll: 4.743703327187384, valid_nll: 6.118943289007911
[2021-09-24 19:31:32] epoch 79: train_loss: 0.08405303637859082, valid_loss: 0.1056592736981417, train_nll: 4.717064510653938, valid_nll: 6.115480551928268
[2021-09-24 19:31:36] epoch 80: train_loss: 0.08384807726701794, valid_loss: 0.10608950365138681, train_nll: 4.701575364784176, valid_nll: 6.2080222149628534
[2021-09-24 19:31:40] epoch 81: train_loss: 0.08441647324369464, valid_loss: 0.10525774240101639, train_nll: 4.742781778027372, valid_nll: 6.185457341712079
[2021-09-24 19:31:44] epoch 82: train_loss: 0.08424573977311105, valid_loss: 0.10552926479201567, train_nll: 4.733443937977313, valid_nll: 6.154983962156369
[2021-09-24 19:31:48] epoch 83: train_loss: 0.08406739813727063, valid_loss: 0.10535896922412671, train_nll: 4.71488798509239, valid_nll: 6.087558555855879
[2021-09-24 19:31:52] epoch 84: train_loss: 0.08396665049171864, valid_loss: 0.10563047475328571, train_nll: 4.718571473404135, valid_nll: 6.0660354068097
[2021-09-24 19:31:56] epoch 85: train_loss: 0.08399053339289266, valid_loss: 0.10650518222859032, train_nll: 4.717269200150684, valid_nll: 6.2958041809324765
[2021-09-24 19:32:00] epoch 86: train_loss: 0.08390072629050917, valid_loss: 0.10566723474154346, train_nll: 4.696190742878135, valid_nll: 6.126731488223209
[2021-09-24 19:32:04] epoch 87: train_loss: 0.08409483841412974, valid_loss: 0.10583950304671337, train_nll: 4.718315305441535, valid_nll: 6.137458848468613
[2021-09-24 19:32:08] epoch 88: train_loss: 0.08377783228216212, valid_loss: 0.10650013769535642, train_nll: 4.697588339735507, valid_nll: 6.339646491549261
[2021-09-24 19:32:12] epoch 89: train_loss: 0.08367592584358031, valid_loss: 0.10567874863351646, train_nll: 4.693695446513928, valid_nll: 6.128075846201331
[2021-09-24 19:32:16] epoch 90: train_loss: 0.08355404978300807, valid_loss: 0.10577710463028205, train_nll: 4.685670334875961, valid_nll: 6.2228967360674785
[2021-09-24 19:32:20] epoch 91: train_loss: 0.08389515742073933, valid_loss: 0.10576446324979004, train_nll: 4.697612841678203, valid_nll: 6.202974104533615
[2021-09-24 19:32:24] epoch 92: train_loss: 0.08397268910595423, valid_loss: 0.10524693925521876, train_nll: 4.713518493602897, valid_nll: 6.138921150210891
[2021-09-24 19:32:28] epoch 93: train_loss: 0.0835799442108021, valid_loss: 0.10623171053042538, train_nll: 4.684170685174065, valid_nll: 6.237853521801337
[2021-09-24 19:32:32] epoch 94: train_loss: 0.08378765758078172, valid_loss: 0.10620834119617939, train_nll: 4.704209043238999, valid_nll: 6.178088944620966
[2021-09-24 19:32:36] epoch 95: train_loss: 0.08385666410995883, valid_loss: 0.10557949739067178, train_nll: 4.69948604907953, valid_nll: 6.201840824223281
[2021-09-24 19:32:40] epoch 96: train_loss: 0.08374560495846657, valid_loss: 0.10578995717591361, train_nll: 4.701412884190641, valid_nll: 6.068812816584474
[2021-09-24 19:32:44] epoch 97: train_loss: 0.08368540984704505, valid_loss: 0.10623268106658208, train_nll: 4.700827916182269, valid_nll: 6.249038018645094
[2021-09-24 19:32:49] epoch 98: train_loss: 0.08376305634928582, valid_loss: 0.10597126195697408, train_nll: 4.693361613023156, valid_nll: 6.16997538190261
[2021-09-24 19:32:53] epoch 99: train_loss: 0.08350035593759544, valid_loss: 0.106409577652812, train_nll: 4.687416643611039, valid_nll: 6.186564490587586
[2021-09-24 19:32:57] epoch 100: train_loss: 0.08352718425825173, valid_loss: 0.10622749085489072, train_nll: 4.674493478102718, valid_nll: 6.2857112336675
[2021-09-24 19:33:01] epoch 101: train_loss: 0.08349190880117457, valid_loss: 0.10642914699488565, train_nll: 4.695995016149998, valid_nll: 6.256400842873122
[2021-09-24 19:33:05] epoch 102: train_loss: 0.08323170993005344, valid_loss: 0.10719075612723827, train_nll: 4.664514566068359, valid_nll: 6.398987635647465
[2021-09-24 19:33:09] epoch 103: train_loss: 0.08349897491229154, valid_loss: 0.10606441039003824, train_nll: 4.690240997930289, valid_nll: 6.1760787289594585
[2021-09-24 19:33:13] epoch 104: train_loss: 0.08359684427492484, valid_loss: 0.1064115540173493, train_nll: 4.694148071104761, valid_nll: 6.231940946692763
[2021-09-24 19:33:17] epoch 105: train_loss: 0.0832766300823751, valid_loss: 0.10664187401140991, train_nll: 4.6742936371879, valid_nll: 6.181453382868815
[2021-09-24 19:33:21] epoch 106: train_loss: 0.08330907726326885, valid_loss: 0.10613494464441349, train_nll: 4.676098389624847, valid_nll: 6.137758390702245
[2021-09-24 19:33:25] epoch 107: train_loss: 0.08315430835344906, valid_loss: 0.10639884048386623, train_nll: 4.662583553838456, valid_nll: 6.159447744574317
[2021-09-24 19:33:29] epoch 108: train_loss: 0.08308888493536862, valid_loss: 0.10733361473601115, train_nll: 4.655388216116165, valid_nll: 6.3213735556001955
[2021-09-24 19:33:34] epoch 109: train_loss: 0.08350864036504879, valid_loss: 0.10734851825001993, train_nll: 4.692755425655889, valid_nll: 6.270911388253934
[2021-09-24 19:33:38] epoch 110: train_loss: 0.08332622334296005, valid_loss: 0.10687835730220142, train_nll: 4.678636620859103, valid_nll: 6.223788609928227
[2021-09-24 19:33:42] epoch 111: train_loss: 0.08320969365960125, valid_loss: 0.10729733501610003, train_nll: 4.6636574419701216, valid_nll: 6.29539152609791
[2021-09-24 19:33:46] epoch 112: train_loss: 0.08334088693149225, valid_loss: 0.10686581915146426, train_nll: 4.681753881445759, valid_nll: 6.218658191042035
[2021-09-24 19:33:50] epoch 113: train_loss: 0.0837978992009267, valid_loss: 0.10779923622153308, train_nll: 4.715366817535612, valid_nll: 6.276766660305129
[2021-09-24 19:33:54] epoch 114: train_loss: 0.08282267852121045, valid_loss: 0.1076960638165474, train_nll: 4.6480368005806225, valid_nll: 6.225500830811733
[2021-09-24 19:33:58] epoch 115: train_loss: 0.08295478367584241, valid_loss: 0.10697944344658601, train_nll: 4.661411987205794, valid_nll: 6.0093308809948764
[2021-09-24 19:34:02] epoch 116: train_loss: 0.08307859293433256, valid_loss: 0.10716680094207588, train_nll: 4.652360436561304, valid_nll: 6.226805784298791
[2021-09-24 19:34:06] epoch 117: train_loss: 0.08292889390059434, valid_loss: 0.10710374207088821, train_nll: 4.6479648753599, valid_nll: 6.268239316716955
[2021-09-24 19:34:10] epoch 118: train_loss: 0.08297059818386511, valid_loss: 0.10692703968992359, train_nll: 4.647350166310686, valid_nll: 6.280704712372568
[2021-09-24 19:34:14] epoch 119: train_loss: 0.08364002712428831, valid_loss: 0.10763651985479028, train_nll: 4.695315382515388, valid_nll: 6.223147015944551
[2021-09-24 19:34:18] epoch 120: train_loss: 0.08288031380509706, valid_loss: 0.10663648047729542, train_nll: 4.650563181473837, valid_nll: 6.260846190678036
[2021-09-24 19:34:22] epoch 121: train_loss: 0.08259605357675573, valid_loss: 0.10674557413317655, train_nll: 4.6314162146028455, valid_nll: 6.243542916048853
[2021-09-24 19:34:26] epoch 122: train_loss: 0.08319247484727718, valid_loss: 0.10733524807973911, train_nll: 4.6659818619230675, valid_nll: 6.319422493874368
[2021-09-24 19:34:30] epoch 123: train_loss: 0.08296621356598675, valid_loss: 0.10716002395278529, train_nll: 4.665461984820667, valid_nll: 6.304879108046306
[2021-09-24 19:34:35] epoch 124: train_loss: 0.08309609133864074, valid_loss: 0.10689490935520123, train_nll: 4.665339448136281, valid_nll: 6.348378537557739
[2021-09-24 19:34:39] epoch 125: train_loss: 0.0829728962487529, valid_loss: 0.10712007903739025, train_nll: 4.654103208174672, valid_nll: 6.184747821506124
[2021-09-24 19:34:43] epoch 126: train_loss: 0.08299828343516354, valid_loss: 0.10943174587660714, train_nll: 4.655091389515453, valid_nll: 6.422965666281666
[2021-09-24 19:34:47] epoch 127: train_loss: 0.08294651654089383, valid_loss: 0.10800528428272198, train_nll: 4.652278445574369, valid_nll: 6.355471679714471
[2021-09-24 19:34:51] epoch 128: train_loss: 0.08316296124302143, valid_loss: 0.10813371445003309, train_nll: 4.659073090058115, valid_nll: 6.411133850879812
[2021-09-24 19:34:55] epoch 129: train_loss: 0.08265273355956161, valid_loss: 0.10720875074988917, train_nll: 4.63970336318455, valid_nll: 6.252211614146045
[2021-09-24 19:34:59] epoch 130: train_loss: 0.08276226457745227, valid_loss: 0.10753329568787624, train_nll: 4.642907566166641, valid_nll: 6.206892063277409
[2021-09-24 19:35:03] epoch 131: train_loss: 0.08266260914146639, valid_loss: 0.10773285870489321, train_nll: 4.628827293801684, valid_nll: 6.270369117996411
[2021-09-24 19:35:07] epoch 132: train_loss: 0.08339899103258895, valid_loss: 0.10717680530720636, train_nll: 4.686971407924174, valid_nll: 6.273527953670028
[2021-09-24 19:35:11] epoch 133: train_loss: 0.0828250573386792, valid_loss: 0.10832050599549946, train_nll: 4.649398655370964, valid_nll: 6.279067524544602
[2021-09-24 19:35:15] epoch 134: train_loss: 0.08315388480909006, valid_loss: 0.10737932787129753, train_nll: 4.674059525806013, valid_nll: 6.260436344188871
[2021-09-24 19:35:19] epoch 135: train_loss: 0.08333077759982196, valid_loss: 0.1073223700452792, train_nll: 4.67870100827399, valid_nll: 6.323770372202794
[2021-09-24 19:35:23] epoch 136: train_loss: 0.08255450281123407, valid_loss: 0.10704013518989086, train_nll: 4.628670132657112, valid_nll: 6.235149176206096
[2021-09-24 19:35:27] epoch 137: train_loss: 0.08311745563448777, valid_loss: 0.1078938660456946, train_nll: 4.674841232513324, valid_nll: 6.340906245172208
[2021-09-24 19:35:31] epoch 138: train_loss: 0.08265760033411751, valid_loss: 0.1081344353917398, train_nll: 4.640026772420841, valid_nll: 6.253930742952395
[2021-09-24 19:35:35] epoch 139: train_loss: 0.08281037561172482, valid_loss: 0.10892648328291743, train_nll: 4.643905206428289, valid_nll: 6.365767185212867
[2021-09-24 19:35:39] epoch 140: train_loss: 0.08287951265620352, valid_loss: 0.1077801109732766, train_nll: 4.6515909499211805, valid_nll: 6.254473397545302
[2021-09-24 19:35:43] epoch 141: train_loss: 0.08268007126893019, valid_loss: 0.10707625403608147, train_nll: 4.635532920254157, valid_nll: 6.2216303206311885
[2021-09-24 19:35:48] epoch 142: train_loss: 0.08263399578858671, valid_loss: 0.10765102446863525, train_nll: 4.627516038675234, valid_nll: 6.344960245156889
[2021-09-24 19:35:52] epoch 143: train_loss: 0.08311882748484091, valid_loss: 0.10816364725561518, train_nll: 4.6649259543942145, valid_nll: 6.348643466007167
[2021-09-24 19:35:56] epoch 144: train_loss: 0.08285718655221848, valid_loss: 0.10713033642815917, train_nll: 4.642975609824731, valid_nll: 6.342601447415151
[2021-09-24 19:36:00] epoch 145: train_loss: 0.08275893047517044, valid_loss: 0.10776394811507903, train_nll: 4.649368558651324, valid_nll: 6.300898458807015
[2021-09-24 19:36:04] epoch 146: train_loss: 0.08275540626920988, valid_loss: 0.10728451442953787, train_nll: 4.64230095962657, valid_nll: 6.309995636916824
[2021-09-24 19:36:08] epoch 147: train_loss: 0.08350483054807613, valid_loss: 0.10852494022171748, train_nll: 4.684267482625524, valid_nll: 6.3482218096333165
[2021-09-24 19:36:12] epoch 148: train_loss: 0.08310172698708601, valid_loss: 0.10718239343872196, train_nll: 4.666006870132112, valid_nll: 6.253527409936599
[2021-09-24 19:36:16] epoch 149: train_loss: 0.08295741560157209, valid_loss: 0.10769601636811306, train_nll: 4.65211373313851, valid_nll: 6.272414284578425
[2021-09-24 19:36:20] epoch 150: train_loss: 0.08280487231682482, valid_loss: 0.10852454475274212, train_nll: 4.6457637641334735, valid_nll: 6.399213584397569
[2021-09-24 19:36:24] epoch 151: train_loss: 0.08259697053500138, valid_loss: 0.10788601156520217, train_nll: 4.623213433819011, valid_nll: 6.138345513573485
[2021-09-24 19:36:28] epoch 152: train_loss: 0.08282833328413651, valid_loss: 0.10776107621036078, train_nll: 4.650285852027406, valid_nll: 6.289420103847691
[2021-09-24 19:36:32] epoch 153: train_loss: 0.08278990979408073, valid_loss: 0.1074147599896318, train_nll: 4.647752249674587, valid_nll: 6.217744325780258
[2021-09-24 19:36:36] epoch 154: train_loss: 0.08242848608236125, valid_loss: 0.10802882458818586, train_nll: 4.623327947221285, valid_nll: 6.4111760300026495
[2021-09-24 19:36:40] epoch 155: train_loss: 0.08221858367323875, valid_loss: 0.10858225871465708, train_nll: 4.595510252692559, valid_nll: 6.394403660766224
[2021-09-24 19:36:44] epoch 156: train_loss: 0.0828764065124062, valid_loss: 0.10791071455337499, train_nll: 4.658232453610764, valid_nll: 6.341452483524014
[2021-09-24 19:36:48] epoch 157: train_loss: 0.08271199624220878, valid_loss: 0.10862384618897188, train_nll: 4.648554989192039, valid_nll: 6.336001117620329
[2021-09-24 19:36:53] epoch 158: train_loss: 0.0829324901396791, valid_loss: 0.10783177937724088, train_nll: 4.656651308512298, valid_nll: 6.301541374364997
[2021-09-24 19:36:57] epoch 159: train_loss: 0.0825033924790449, valid_loss: 0.10808788445827208, train_nll: 4.6289528062758345, valid_nll: 6.3573560963359705
[2021-09-24 19:37:01] epoch 160: train_loss: 0.08316211552078547, valid_loss: 0.10778453103021572, train_nll: 4.677791437004922, valid_nll: 6.249956300392437
[2021-09-24 19:37:05] epoch 161: train_loss: 0.08271258199123836, valid_loss: 0.10813865634171586, train_nll: 4.637077102290283, valid_nll: 6.511371856972648
[2021-09-24 19:37:09] epoch 162: train_loss: 0.08332953686667322, valid_loss: 0.1080689045943712, train_nll: 4.684410385152064, valid_nll: 6.348203165995774
[2021-09-24 19:37:13] epoch 163: train_loss: 0.08221798656939419, valid_loss: 0.1088515161291549, train_nll: 4.6164729502823025, valid_nll: 6.403701475432527
[2021-09-24 19:37:17] epoch 164: train_loss: 0.08270770064087414, valid_loss: 0.1075033518044572, train_nll: 4.6365316500279565, valid_nll: 6.38751374437279
[2021-09-24 19:37:21] epoch 165: train_loss: 0.08290700851959953, valid_loss: 0.10836527359328772, train_nll: 4.6473227048731465, valid_nll: 6.392530868604443
[2021-09-24 19:37:25] epoch 166: train_loss: 0.08257321688025279, valid_loss: 0.10888922675267647, train_nll: 4.638897615849384, valid_nll: 6.395994762061604
[2021-09-24 19:37:29] epoch 167: train_loss: 0.08322479712520624, valid_loss: 0.10837613144203236, train_nll: 4.677337338004658, valid_nll: 6.440591347728532
[2021-09-24 19:37:33] epoch 168: train_loss: 0.08277955083542515, valid_loss: 0.108552584228547, train_nll: 4.653870309921581, valid_nll: 6.299996234861771
[2021-09-24 19:37:37] epoch 169: train_loss: 0.08273489143715675, valid_loss: 0.10847678731538747, train_nll: 4.640875252344275, valid_nll: 6.519827822062804
[2021-09-24 19:37:41] epoch 170: train_loss: 0.08265990571944475, valid_loss: 0.10788679230762155, train_nll: 4.645640950997319, valid_nll: 6.299905821648099
[2021-09-24 19:37:45] epoch 171: train_loss: 0.08258813970994741, valid_loss: 0.10929433619113345, train_nll: 4.639329527909563, valid_nll: 6.429683579104799
[2021-09-24 19:37:50] epoch 172: train_loss: 0.08289667267726498, valid_loss: 0.10756956403584857, train_nll: 4.6427065632553655, valid_nll: 6.117654925998312
[2021-09-24 19:37:53] epoch 173: train_loss: 0.08286344147730602, valid_loss: 0.10813483154695284, train_nll: 4.641284588071941, valid_nll: 6.481776258980232
[2021-09-24 19:37:57] epoch 174: train_loss: 0.0832301020687324, valid_loss: 0.1090870538824483, train_nll: 4.679946879185884, valid_nll: 6.170063654300759
[2021-09-24 19:38:02] epoch 175: train_loss: 0.08284950715095195, valid_loss: 0.10796619383128066, train_nll: 4.646027574976057, valid_nll: 6.330860426190992
[2021-09-24 19:38:06] epoch 176: train_loss: 0.08257785620062112, valid_loss: 0.10984605658603341, train_nll: 4.637431898354466, valid_nll: 6.344664684502993
[2021-09-24 19:38:10] epoch 177: train_loss: 0.0832974696979252, valid_loss: 0.10771592863296207, train_nll: 4.67387723395954, valid_nll: 6.3922903960224176
[2021-09-24 19:38:14] epoch 178: train_loss: 0.08242874543739719, valid_loss: 0.10757064387986534, train_nll: 4.626904895404316, valid_nll: 6.244102734250934
[2021-09-24 19:38:18] epoch 179: train_loss: 0.08263628563831467, valid_loss: 0.10792887779442888, train_nll: 4.638158496761729, valid_nll: 6.409480733361542
[2021-09-24 19:38:22] epoch 180: train_loss: 0.0830087393001698, valid_loss: 0.10856363138085917, train_nll: 4.664249678637181, valid_nll: 6.341698454799138
[2021-09-24 19:38:26] epoch 181: train_loss: 0.0830134336702428, valid_loss: 0.10803713894596226, train_nll: 4.663812951708704, valid_nll: 6.2430702104960405
[2021-09-24 19:38:30] epoch 182: train_loss: 0.08229389025394573, valid_loss: 0.10860251713740199, train_nll: 4.609032280720076, valid_nll: 6.401807844875873
[2021-09-24 19:38:34] epoch 183: train_loss: 0.08284205232450015, valid_loss: 0.10815916965274434, train_nll: 4.64590381111553, valid_nll: 6.233037742112413
[2021-09-24 19:38:38] epoch 184: train_loss: 0.08268176113544072, valid_loss: 0.10859246826485584, train_nll: 4.644233206899129, valid_nll: 6.353293839883236
[2021-09-24 19:38:42] epoch 185: train_loss: 0.08275999714453668, valid_loss: 0.10805306358164862, train_nll: 4.651854842238371, valid_nll: 6.261968126351782
[2021-09-24 19:38:46] epoch 186: train_loss: 0.08283536949532522, valid_loss: 0.10765931451399076, train_nll: 4.661668501856893, valid_nll: 6.239771163205472
[2021-09-24 19:38:50] epoch 187: train_loss: 0.08265645109019425, valid_loss: 0.10787579927005266, train_nll: 4.637162411260331, valid_nll: 6.146860386489821
[2021-09-24 19:38:54] epoch 188: train_loss: 0.08240130820258736, valid_loss: 0.10817948660176051, train_nll: 4.617650503331913, valid_nll: 6.300067296451664
[2021-09-24 19:38:58] epoch 189: train_loss: 0.08296733074638521, valid_loss: 0.10788054793680969, train_nll: 4.651754504855734, valid_nll: 6.188716118071283
[2021-09-24 19:39:02] epoch 190: train_loss: 0.08319578996521937, valid_loss: 0.10786645349703337, train_nll: 4.669539747857647, valid_nll: 6.313399786449774
[2021-09-24 19:39:06] epoch 191: train_loss: 0.08278113284746112, valid_loss: 0.10808253915686357, train_nll: 4.637822816887806, valid_nll: 6.38633210523119
[2021-09-24 19:39:10] epoch 192: train_loss: 0.08266119434453514, valid_loss: 0.109061719163468, train_nll: 4.641077277902335, valid_nll: 6.42889194935231
[2021-09-24 19:39:14] epoch 193: train_loss: 0.08269348860958257, valid_loss: 0.10810318138254316, train_nll: 4.64130524272753, valid_nll: 6.3336808613007225
[2021-09-24 19:39:18] epoch 194: train_loss: 0.08240012557746021, valid_loss: 0.10899527900313076, train_nll: 4.618413632143262, valid_nll: 6.334902569091905
[2021-09-24 19:39:22] epoch 195: train_loss: 0.08224196172437293, valid_loss: 0.1089813471036522, train_nll: 4.606373544047658, valid_nll: 6.417237015883058
[2021-09-24 19:39:27] epoch 196: train_loss: 0.08291508315952584, valid_loss: 0.10825265944004059, train_nll: 4.661034735054379, valid_nll: 6.3165055332697975
[2021-09-24 19:39:31] epoch 197: train_loss: 0.08265350077415137, valid_loss: 0.1074229852345429, train_nll: 4.646906094867854, valid_nll: 6.230382092484741
[2021-09-24 19:39:35] epoch 198: train_loss: 0.0826108082315547, valid_loss: 0.10886691098934725, train_nll: 4.628622050839507, valid_nll: 6.307764637433371
[2021-09-24 19:39:39] epoch 199: train_loss: 0.0826200455687452, valid_loss: 0.1083204954078323, train_nll: 4.635387684182507, valid_nll: 6.491543121270463
[2021-09-24 19:39:43] epoch 200: train_loss: 0.082109936818025, valid_loss: 0.10936822663796575, train_nll: 4.605899903503499, valid_nll: 6.392647082859365
[2021-09-24 19:39:47] epoch 201: train_loss: 0.08284695888971137, valid_loss: 0.10835550460768373, train_nll: 4.650247737082699, valid_nll: 6.35217333029605
[2021-09-24 19:39:51] epoch 202: train_loss: 0.08249606026182008, valid_loss: 0.10830989127096377, train_nll: 4.635661323672104, valid_nll: 6.331068958479696
[2021-09-24 19:39:55] epoch 203: train_loss: 0.08269527382075005, valid_loss: 0.1084186320046061, train_nll: 4.641065802906377, valid_nll: 6.365368302396268
[2021-09-24 19:39:59] epoch 204: train_loss: 0.08329928396310349, valid_loss: 0.10841210304122222, train_nll: 4.688737416657209, valid_nll: 6.12529808243344
[2021-09-24 19:40:03] epoch 205: train_loss: 0.08351268020649665, valid_loss: 0.10881292270986657, train_nll: 4.691352882447062, valid_nll: 6.3767117590067715
[2021-09-24 19:40:07] epoch 206: train_loss: 0.08241621320294501, valid_loss: 0.10842859568564515, train_nll: 4.630049078572322, valid_nll: 6.42862326520447
[2021-09-24 19:40:11] epoch 207: train_loss: 0.0822123624709756, valid_loss: 0.10903305648580978, train_nll: 4.620657710267687, valid_nll: 6.524320362207376
[2021-09-24 19:40:15] epoch 208: train_loss: 0.08262277661322506, valid_loss: 0.1091630183356373, train_nll: 4.638028497565283, valid_nll: 6.414605690639629
[2021-09-24 19:40:19] epoch 209: train_loss: 0.08214470376484259, valid_loss: 0.10906056873500347, train_nll: 4.611026593662182, valid_nll: 6.406302397724174
[2021-09-24 19:40:24] epoch 210: train_loss: 0.08242108874576061, valid_loss: 0.10807641419140916, train_nll: 4.6284037989111955, valid_nll: 6.322715840190057
[2021-09-24 19:40:28] epoch 211: train_loss: 0.08278560054419343, valid_loss: 0.10857504714084298, train_nll: 4.647381950959416, valid_nll: 6.360389338622723
[2021-09-24 19:40:32] epoch 212: train_loss: 0.08244840446127555, valid_loss: 0.10901801180290549, train_nll: 4.635699957244824, valid_nll: 6.324095597479968
[2021-09-24 19:40:36] epoch 213: train_loss: 0.08335190723491548, valid_loss: 0.10755674923328977, train_nll: 4.6808328464186095, valid_nll: 6.318322327091691
[2021-09-24 19:40:40] epoch 214: train_loss: 0.08240311988121037, valid_loss: 0.1087790402142625, train_nll: 4.620775999034658, valid_nll: 6.515857071145361
[2021-09-24 19:40:44] epoch 215: train_loss: 0.08253449922240458, valid_loss: 0.10981980123017963, train_nll: 4.6393747086692825, valid_nll: 6.531604694361398
[2021-09-24 19:40:48] epoch 216: train_loss: 0.08301814564190577, valid_loss: 0.10869636161154822, train_nll: 4.6819421271193375, valid_nll: 6.418486254224723
[2021-09-24 19:40:52] epoch 217: train_loss: 0.08330744667605021, valid_loss: 0.10879214421698921, train_nll: 4.660936538487265, valid_nll: 6.338872881732153
[2021-09-24 19:40:56] epoch 218: train_loss: 0.08220272779659933, valid_loss: 0.1092978154162043, train_nll: 4.615063939113507, valid_nll: 6.437576186061696
[2021-09-24 19:41:00] epoch 219: train_loss: 0.08247791839088416, valid_loss: 0.10978382512142784, train_nll: 4.640550932278074, valid_nll: 6.39749353183775
[2021-09-24 19:41:04] epoch 220: train_loss: 0.08304060754817646, valid_loss: 0.10918869882037766, train_nll: 4.670930745833786, valid_nll: 6.313613446581643
[2021-09-24 19:41:08] epoch 221: train_loss: 0.08344590377599391, valid_loss: 0.10845112908435495, train_nll: 4.693291322351608, valid_nll: 6.286358373543355
[2021-09-24 19:41:12] epoch 222: train_loss: 0.08225473127120447, valid_loss: 0.1084743673472028, train_nll: 4.613781591739337, valid_nll: 6.414497712624584
[2021-09-24 19:41:18] epoch 223: train_loss: 0.0826515182852745, valid_loss: 0.10990478206229837, train_nll: 4.655800723172653, valid_nll: 6.324693505341534
[2021-09-24 19:41:35] epoch 224: train_loss: 0.08258693806794533, valid_loss: 0.10893868831427474, train_nll: 4.639067381958421, valid_nll: 6.281414579828914
[2021-09-24 19:41:39] epoch 225: train_loss: 0.08297214852279972, valid_loss: 0.1083799866273215, train_nll: 4.661536147763371, valid_nll: 6.250042897223162
[2021-09-24 19:41:44] epoch 226: train_loss: 0.08298856839862974, valid_loss: 0.10799524580177508, train_nll: 4.657236660856055, valid_nll: 6.297136128923295
[2021-09-24 19:41:48] epoch 227: train_loss: 0.08292731104264092, valid_loss: 0.10833955379693132, train_nll: 4.665722525441114, valid_nll: 6.298537301111158
[2021-09-24 19:41:52] epoch 228: train_loss: 0.08176796893105236, valid_loss: 0.10953939921761814, train_nll: 4.5856102670761425, valid_nll: 6.421646613754428
[2021-09-24 19:41:56] epoch 229: train_loss: 0.082419946220374, valid_loss: 0.10840920741228681, train_nll: 4.620496153427621, valid_nll: 6.317498318768686
[2021-09-24 19:42:00] epoch 230: train_loss: 0.08283533045298147, valid_loss: 0.10851056148347102, train_nll: 4.644850034850005, valid_nll: 6.4063281583090665
[2021-09-24 19:42:04] epoch 231: train_loss: 0.08239666359523498, valid_loss: 0.10957461124972294, train_nll: 4.612981886448609, valid_nll: 6.416238684491989
[2021-09-24 19:42:08] epoch 232: train_loss: 0.0824743396557835, valid_loss: 0.10904636067387305, train_nll: 4.629324263616099, valid_nll: 6.368367837795471
[2021-09-24 19:42:12] epoch 233: train_loss: 0.08224619337760204, valid_loss: 0.10899526968990501, train_nll: 4.620527780746076, valid_nll: 6.388161764174397
[2021-09-24 19:42:16] epoch 234: train_loss: 0.08279431282693121, valid_loss: 0.10987080790494617, train_nll: 4.652459331000566, valid_nll: 6.393862081638122
[2021-09-24 19:42:20] epoch 235: train_loss: 0.08279374690815872, valid_loss: 0.10897030230415494, train_nll: 4.652832151495281, valid_nll: 6.327569399373067
[2021-09-24 19:42:24] epoch 236: train_loss: 0.08285509306921189, valid_loss: 0.10817457921802998, train_nll: 4.649313580148752, valid_nll: 6.3964024879634245
[2021-09-24 19:42:28] epoch 237: train_loss: 0.08254925164853641, valid_loss: 0.10801271662900322, train_nll: 4.632060857422486, valid_nll: 6.287045137048874
[2021-09-24 19:42:32] epoch 238: train_loss: 0.08328405113719957, valid_loss: 0.10823990522246611, train_nll: 4.6712575977936215, valid_nll: 6.367957971078129
[2021-09-24 19:42:36] epoch 239: train_loss: 0.08186803276622139, valid_loss: 0.10893092608373416, train_nll: 4.597269402949409, valid_nll: 6.371211326285584
[2021-09-24 19:42:40] epoch 240: train_loss: 0.08237533313608586, valid_loss: 0.10882824629937347, train_nll: 4.61660688779266, valid_nll: 6.437138637082533
[2021-09-24 19:42:45] epoch 241: train_loss: 0.08312208176179745, valid_loss: 0.10875327806723745, train_nll: 4.6581578312996195, valid_nll: 6.458038448075831
[2021-09-24 19:42:49] epoch 242: train_loss: 0.08272863994454192, valid_loss: 0.10861890694420588, train_nll: 4.639258575327075, valid_nll: 6.430083115965826
[2021-09-24 19:42:53] epoch 243: train_loss: 0.08259773213725423, valid_loss: 0.10923557581478044, train_nll: 4.643559862542247, valid_nll: 6.345870186152102
[2021-09-24 19:42:57] epoch 244: train_loss: 0.08233212834167168, valid_loss: 0.10938764667432559, train_nll: 4.621028147208742, valid_nll: 6.332374144590802
[2021-09-24 19:43:01] epoch 245: train_loss: 0.08317486600193914, valid_loss: 0.10840737486356183, train_nll: 4.667198466594414, valid_nll: 6.333437917509597
[2021-09-24 19:43:05] epoch 246: train_loss: 0.08230580283759983, valid_loss: 0.10886173803163202, train_nll: 4.611382245490681, valid_nll: 6.2875158534975
[2021-09-24 19:43:09] epoch 247: train_loss: 0.08294349856772278, valid_loss: 0.10867776290366524, train_nll: 4.657358329414461, valid_nll: 6.395907089766074
[2021-09-24 19:43:13] epoch 248: train_loss: 0.08284323008560197, valid_loss: 0.10819045905219882, train_nll: 4.653111286868507, valid_nll: 6.408614967336077
[2021-09-24 19:43:17] epoch 249: train_loss: 0.08261922756657329, valid_loss: 0.10967062511726429, train_nll: 4.634588787457012, valid_nll: 6.362235931922417
[2021-09-24 19:43:21] epoch 250: train_loss: 0.08251987835270348, valid_loss: 0.10998868540321526, train_nll: 4.624297599550866, valid_nll: 6.591922869579064
[2021-09-24 19:43:25] epoch 251: train_loss: 0.08252285474577846, valid_loss: 0.10919581118382905, train_nll: 4.634912516410896, valid_nll: 6.496292744702699
[2021-09-24 19:43:29] epoch 252: train_loss: 0.0828130554456638, valid_loss: 0.10912125998813856, train_nll: 4.653357437387765, valid_nll: 6.409978319573497
[2021-09-24 19:43:34] epoch 253: train_loss: 0.08296282927802556, valid_loss: 0.10800730025297717, train_nll: 4.6562094312649025, valid_nll: 6.376093835362912
[2021-09-24 19:43:38] epoch 254: train_loss: 0.08199225164396794, valid_loss: 0.1077065230592301, train_nll: 4.597435530795846, valid_nll: 6.314828880266231
[2021-09-24 19:43:42] epoch 255: train_loss: 0.08225252210898691, valid_loss: 0.10885815959619849, train_nll: 4.6221035041309, valid_nll: 6.468471700724805
[2021-09-24 19:43:46] epoch 256: train_loss: 0.0824632310353252, valid_loss: 0.10941689588913792, train_nll: 4.633018098640976, valid_nll: 6.466407934332969
[2021-09-24 19:43:50] epoch 257: train_loss: 0.08367595004983344, valid_loss: 0.10931851410944211, train_nll: 4.717419535970807, valid_nll: 6.387161699902732
[2021-09-24 19:43:54] epoch 258: train_loss: 0.0828701933463588, valid_loss: 0.1083372633316015, train_nll: 4.648397127927746, valid_nll: 6.3141674694106795
[2021-09-24 19:43:58] epoch 259: train_loss: 0.08245834932707283, valid_loss: 0.10855697467923164, train_nll: 4.626361877827989, valid_nll: 6.43030005643392
[2021-09-24 19:44:02] epoch 260: train_loss: 0.08271342515945435, valid_loss: 0.1089242913417126, train_nll: 4.640357753738491, valid_nll: 6.2996281663032425
[2021-09-24 19:44:06] epoch 261: train_loss: 0.08240154932159524, valid_loss: 0.11004043497929447, train_nll: 4.623443973803664, valid_nll: 6.412528189314818
[2021-09-24 19:44:10] epoch 262: train_loss: 0.08216116219498705, valid_loss: 0.1101182169820133, train_nll: 4.616631400411339, valid_nll: 6.407352479537715
[2021-09-24 19:44:14] epoch 263: train_loss: 0.08270167848949349, valid_loss: 0.10915778391063213, train_nll: 4.639448277429482, valid_nll: 6.465228361836904
[2021-09-24 19:44:18] epoch 264: train_loss: 0.08195569899795357, valid_loss: 0.10933159968178523, train_nll: 4.604406469471238, valid_nll: 6.431275162505092
[2021-09-24 19:44:22] epoch 265: train_loss: 0.08213729901019663, valid_loss: 0.10857408464347061, train_nll: 4.616135936472409, valid_nll: 6.362207669786158
[2021-09-24 19:44:26] epoch 266: train_loss: 0.08298236242288065, valid_loss: 0.10947234791360404, train_nll: 4.657094496096123, valid_nll: 6.480174514291774
[2021-09-24 19:44:30] epoch 267: train_loss: 0.08209158376054472, valid_loss: 0.10906749316736271, train_nll: 4.603622643862264, valid_nll: 6.364938524408884
[2021-09-24 19:44:34] epoch 268: train_loss: 0.08283313347522869, valid_loss: 0.10922100796903435, train_nll: 4.654861110811434, valid_nll: 6.404903770915396
[2021-09-24 19:44:38] epoch 269: train_loss: 0.0829644683732216, valid_loss: 0.10923918415057032, train_nll: 4.661354293632198, valid_nll: 6.380672520575564
[2021-09-24 19:44:42] epoch 270: train_loss: 0.08331240342694078, valid_loss: 0.10827529400979218, train_nll: 4.686699186654624, valid_nll: 6.3318375989077
[2021-09-24 19:44:47] epoch 271: train_loss: 0.08220076697622324, valid_loss: 0.10902646919222254, train_nll: 4.616437580750887, valid_nll: 6.386662036931151
[2021-09-24 19:44:51] epoch 272: train_loss: 0.08215341985420889, valid_loss: 0.10948874850414302, train_nll: 4.615076677246813, valid_nll: 6.197207691497735
[2021-09-24 19:44:55] epoch 273: train_loss: 0.08231229824725718, valid_loss: 0.10873408105812575, train_nll: 4.611659088898941, valid_nll: 6.39664476422467
[2021-09-24 19:44:59] epoch 274: train_loss: 0.08230430876844315, valid_loss: 0.10977106727659702, train_nll: 4.614137286271767, valid_nll: 6.347273310359157
[2021-09-24 19:45:03] epoch 275: train_loss: 0.08313900237195357, valid_loss: 0.10973773396721012, train_nll: 4.686166261815414, valid_nll: 6.252756028590453
[2021-09-24 19:45:07] epoch 276: train_loss: 0.08254337810207663, valid_loss: 0.10973238984220907, train_nll: 4.640073261831309, valid_nll: 6.296351012644176
[2021-09-24 19:45:11] epoch 277: train_loss: 0.08281300558533732, valid_loss: 0.10894991682940408, train_nll: 4.664809697435362, valid_nll: 6.2055509047227995
[2021-09-24 19:45:15] epoch 278: train_loss: 0.08307942982323825, valid_loss: 0.10894319699390938, train_nll: 4.661905657579593, valid_nll: 6.354924716519614
[2021-09-24 19:45:19] epoch 279: train_loss: 0.08265923383324428, valid_loss: 0.10949025263911799, train_nll: 4.642012229916062, valid_nll: 6.476927244394583
[2021-09-24 19:45:23] epoch 280: train_loss: 0.08211317621008798, valid_loss: 0.10959897533451256, train_nll: 4.619771449164484, valid_nll: 6.371585180103068
[2021-09-24 19:45:27] epoch 281: train_loss: 0.08258601941786478, valid_loss: 0.1082824271564421, train_nll: 4.643302746102848, valid_nll: 6.343376749656499
[2021-09-24 19:45:31] epoch 282: train_loss: 0.08380907196470223, valid_loss: 0.10955288290585342, train_nll: 4.713905781740151, valid_nll: 6.401322894532544
[2021-09-24 19:45:35] epoch 283: train_loss: 0.08280638408517733, valid_loss: 0.10929297665624242, train_nll: 4.655845161108719, valid_nll: 6.241214140294876
[2021-09-24 19:45:39] epoch 284: train_loss: 0.08243397119003612, valid_loss: 0.10920079052448273, train_nll: 4.635179299671883, valid_nll: 6.403376924427958
[2021-09-24 19:45:43] epoch 285: train_loss: 0.08227573535262757, valid_loss: 0.10957423274062182, train_nll: 4.609871443881784, valid_nll: 6.441158407618396
[2021-09-24 19:45:48] epoch 286: train_loss: 0.08295178532144909, valid_loss: 0.10980547356762384, train_nll: 4.6429663385764055, valid_nll: 6.4057430312847385
[2021-09-24 19:45:52] epoch 287: train_loss: 0.08235746724571724, valid_loss: 0.10916634423560218, train_nll: 4.619336117980301, valid_nll: 6.334139872376918
[2021-09-24 19:45:56] epoch 288: train_loss: 0.08221642620959137, valid_loss: 0.10949295288638065, train_nll: 4.610340753910134, valid_nll: 6.432605118020361
[2021-09-24 19:46:00] epoch 289: train_loss: 0.08234430795868931, valid_loss: 0.10936845858630381, train_nll: 4.626162381915987, valid_nll: 6.381807553994672
[2021-09-24 19:46:04] epoch 290: train_loss: 0.08272731060154052, valid_loss: 0.10878364790819194, train_nll: 4.648419358133655, valid_nll: 6.341348443260985
[2021-09-24 19:46:08] epoch 291: train_loss: 0.08302292728788467, valid_loss: 0.10892222517807233, train_nll: 4.662430874359135, valid_nll: 6.384014097610723
[2021-09-24 19:46:12] epoch 292: train_loss: 0.08299162513759459, valid_loss: 0.10810022173743498, train_nll: 4.669804540328766, valid_nll: 6.23791823511465
[2021-09-24 19:46:16] epoch 293: train_loss: 0.0829659094586643, valid_loss: 0.10841866817913558, train_nll: 4.666415167479966, valid_nll: 6.219050600841622
[2021-09-24 19:46:20] epoch 294: train_loss: 0.08272430412959324, valid_loss: 0.1082667959363837, train_nll: 4.652764280338599, valid_nll: 6.250989174769086
[2021-09-24 19:46:24] epoch 295: train_loss: 0.08210197525448674, valid_loss: 0.1093847899648704, train_nll: 4.6112513056839495, valid_nll: 6.277531116871617
[2021-09-24 19:46:28] epoch 296: train_loss: 0.08260035396077747, valid_loss: 0.10904474772120777, train_nll: 4.62497955886407, valid_nll: 6.349539557443063
[2021-09-24 19:46:32] epoch 297: train_loss: 0.08306620175661479, valid_loss: 0.1092142383322904, train_nll: 4.664658317054594, valid_nll: 6.282412958419065
[2021-09-24 19:46:37] epoch 298: train_loss: 0.08337439845547925, valid_loss: 0.10844250239039722, train_nll: 4.6751538842920874, valid_nll: 6.432359952501002
[2021-09-24 19:46:41] epoch 299: train_loss: 0.08220833377286337, valid_loss: 0.1085553117292492, train_nll: 4.617359765412829, valid_nll: 6.372827969027261
[2021-09-24 19:46:45] epoch 300: train_loss: 0.08194236595622838, valid_loss: 0.11051443523090136, train_nll: 4.591596417125747, valid_nll: 6.41162634970496
[2021-09-24 19:46:49] epoch 301: train_loss: 0.0832050348017934, valid_loss: 0.10917336405499985, train_nll: 4.671189350168068, valid_nll: 6.401768383071636
[2021-09-24 19:46:53] epoch 302: train_loss: 0.08184293525773365, valid_loss: 0.10990336625591705, train_nll: 4.5919055508871915, valid_nll: 6.42773779356211
[2021-09-24 19:46:57] epoch 303: train_loss: 0.08272854066311532, valid_loss: 0.10853035248031742, train_nll: 4.635431956921784, valid_nll: 6.375596228922777
[2021-09-24 19:47:01] epoch 304: train_loss: 0.08339219624949334, valid_loss: 0.10897856950759888, train_nll: 4.679426501436075, valid_nll: 6.35955273825881
[2021-09-24 19:47:06] epoch 305: train_loss: 0.0825150750707591, valid_loss: 0.10853164113665882, train_nll: 4.630744920596579, valid_nll: 6.210415498376999
[2021-09-24 19:47:10] epoch 306: train_loss: 0.08186978329477351, valid_loss: 0.10866796617445193, train_nll: 4.5822536616283935, valid_nll: 6.377586921020994
[2021-09-24 19:47:14] epoch 307: train_loss: 0.08241561634311509, valid_loss: 0.11051225446556744, train_nll: 4.628598269806605, valid_nll: 6.314833023671392
[2021-09-24 19:47:18] epoch 308: train_loss: 0.08185215644115444, valid_loss: 0.10822375422637713, train_nll: 4.5923022102898745, valid_nll: 6.341720146148857
[2021-09-24 19:47:22] epoch 309: train_loss: 0.08227361514188317, valid_loss: 0.11022039659713444, train_nll: 4.621301830526058, valid_nll: 6.567637937025744
[2021-09-24 19:47:26] epoch 310: train_loss: 0.08317423914457513, valid_loss: 0.10833217595752917, train_nll: 4.664306411372314, valid_nll: 6.335243282410827
[2021-09-24 19:47:30] epoch 311: train_loss: 0.08194187369734439, valid_loss: 0.10922195674165298, train_nll: 4.590803466360845, valid_nll: 6.25471851586558
[2021-09-24 19:47:34] epoch 312: train_loss: 0.0825971793790051, valid_loss: 0.10872428040755422, train_nll: 4.634991139968061, valid_nll: 6.375257986812954
[2021-09-24 19:47:38] epoch 313: train_loss: 0.08244761751403455, valid_loss: 0.10982526564284374, train_nll: 4.6309411210012215, valid_nll: 6.3707006052432735
[2021-09-24 19:47:46] epoch 314: train_loss: 0.08256405993775509, valid_loss: 0.10849312849734959, train_nll: 4.6357531112781025, valid_nll: 6.35521586743067
[2021-09-24 19:47:54] epoch 315: train_loss: 0.08319779036477143, valid_loss: 0.10827380154085786, train_nll: 4.676703949918591, valid_nll: 6.337222751241525
[2021-09-24 19:48:04] epoch 316: train_loss: 0.08225825071074556, valid_loss: 0.10865514803873866, train_nll: 4.612428273240181, valid_nll: 6.3751774382075
[2021-09-24 19:48:08] epoch 317: train_loss: 0.08334793618933083, valid_loss: 0.10853381043201998, train_nll: 4.692086437661933, valid_nll: 6.380340714397759
[2021-09-24 19:48:12] epoch 318: train_loss: 0.08255325823892153, valid_loss: 0.1082904095712461, train_nll: 4.634124622128642, valid_nll: 6.368945045488048
[2021-09-24 19:48:16] epoch 319: train_loss: 0.08415825538109484, valid_loss: 0.10982473135778778, train_nll: 4.735506415384686, valid_nll: 6.41686184386263
[2021-09-24 19:48:22] epoch 320: train_loss: 0.08373474228850619, valid_loss: 0.10787643305957317, train_nll: 4.711750317645329, valid_nll: 6.275023237456804
[2021-09-24 19:48:26] epoch 321: train_loss: 0.08246628665182268, valid_loss: 0.10932258536156855, train_nll: 4.624667031263845, valid_nll: 6.339741341476676
[2021-09-24 19:48:30] epoch 322: train_loss: 0.08279302091577688, valid_loss: 0.10877491318081554, train_nll: 4.654908200324521, valid_nll: 6.352684017624731
[2021-09-24 19:48:34] epoch 323: train_loss: 0.0832000431893434, valid_loss: 0.10954776327860982, train_nll: 4.6716184684920865, valid_nll: 6.434150719400322
[2021-09-24 19:48:38] epoch 324: train_loss: 0.08238195901224186, valid_loss: 0.10862316289230396, train_nll: 4.630525022319322, valid_nll: 6.298052212541945
[2021-09-24 19:48:44] epoch 325: train_loss: 0.08356381114978978, valid_loss: 0.10942463135640872, train_nll: 4.701544441518701, valid_nll: 6.464989143401924
[2021-09-24 19:48:48] epoch 326: train_loss: 0.08268809497486555, valid_loss: 0.10846652404258125, train_nll: 4.643938305346705, valid_nll: 6.423979377830866
[2021-09-24 19:48:52] epoch 327: train_loss: 0.08277701046399154, valid_loss: 0.10874373201084764, train_nll: 4.650895355692105, valid_nll: 6.337756235726998
[2021-09-24 19:48:56] epoch 328: train_loss: 0.08255452428452313, valid_loss: 0.11003689242428855, train_nll: 4.637809156686713, valid_nll: 6.493022289941967
[2021-09-24 19:49:00] epoch 329: train_loss: 0.08362926251568129, valid_loss: 0.10947150678226822, train_nll: 4.702105695921431, valid_nll: 6.515964927791337
[2021-09-24 19:49:04] epoch 330: train_loss: 0.08317645637554373, valid_loss: 0.1092954003497174, train_nll: 4.657085537822666, valid_nll: 6.60876034994964
[2021-09-24 19:49:08] epoch 331: train_loss: 0.08225996810210845, valid_loss: 0.10959907591735062, train_nll: 4.623292683325911, valid_nll: 6.399136508296034
[2021-09-24 19:49:12] epoch 332: train_loss: 0.08291594861441304, valid_loss: 0.10935013437349546, train_nll: 4.658438287123364, valid_nll: 6.4824829506126065
[2021-09-24 19:49:16] epoch 333: train_loss: 0.08216970519662944, valid_loss: 0.11032081993394777, train_nll: 4.614059372948414, valid_nll: 6.46270884447692
[2021-09-24 19:49:20] epoch 334: train_loss: 0.08369960673316076, valid_loss: 0.1088206079837523, train_nll: 4.703550604239956, valid_nll: 6.3871897226722165
[2021-09-24 19:49:25] epoch 335: train_loss: 0.08271931211045215, valid_loss: 0.10870186327711533, train_nll: 4.6449713342441585, valid_nll: 6.453920092142319
[2021-09-24 19:49:29] epoch 336: train_loss: 0.08236180665581508, valid_loss: 0.10863958563851683, train_nll: 4.62697740499463, valid_nll: 6.401406393080647
[2021-09-24 19:49:33] epoch 337: train_loss: 0.08227432559866572, valid_loss: 0.11159224965070423, train_nll: 4.6192523042097555, valid_nll: 6.380222477325021
[2021-09-24 19:49:37] epoch 338: train_loss: 0.08273899207078733, valid_loss: 0.10901743183402639, train_nll: 4.64429754374357, valid_nll: 6.488958475919514
[2021-09-24 19:49:41] epoch 339: train_loss: 0.08258807520874202, valid_loss: 0.10911955939311731, train_nll: 4.632979535304986, valid_nll: 6.4261146912888725
[2021-09-24 19:49:45] epoch 340: train_loss: 0.08423082117300366, valid_loss: 0.10953175903935182, train_nll: 4.748089213138793, valid_nll: 6.4132176499107585
[2021-09-24 19:49:49] epoch 341: train_loss: 0.08296648360886429, valid_loss: 0.11028478578909447, train_nll: 4.668633813727392, valid_nll: 6.504493507725762
[2021-09-24 19:49:53] epoch 342: train_loss: 0.08579208330946718, valid_loss: 0.1090590807756311, train_nll: 4.828263404566369, valid_nll: 6.461528068404254
[2021-09-24 19:49:57] epoch 343: train_loss: 0.08482693952374062, valid_loss: 0.10818331629822128, train_nll: 4.793693214896361, valid_nll: 6.221735126193624
[2021-09-24 19:50:01] epoch 344: train_loss: 0.0831679710589642, valid_loss: 0.10753505157404825, train_nll: 4.6699857376060425, valid_nll: 6.256194104149549
[2021-09-24 19:50:06] epoch 345: train_loss: 0.08294679115497909, valid_loss: 0.10830862280961714, train_nll: 4.655537394434982, valid_nll: 6.252305199812326
[2021-09-24 19:50:10] epoch 346: train_loss: 0.08278483428939461, valid_loss: 0.10900780901704964, train_nll: 4.650442286643246, valid_nll: 6.4701278018993555
[2021-09-24 19:50:14] epoch 347: train_loss: 0.08302795371309118, valid_loss: 0.10892796212513196, train_nll: 4.667687555847753, valid_nll: 6.400346800652005
[2021-09-24 19:50:18] epoch 348: train_loss: 0.08263882399256052, valid_loss: 0.10769521807761569, train_nll: 4.649379485238896, valid_nll: 6.366834198011532
[2021-09-24 19:50:22] epoch 349: train_loss: 0.08293877348433935, valid_loss: 0.10916241150545447, train_nll: 4.658173708171904, valid_nll: 6.383453112917035
[2021-09-24 19:50:26] epoch 350: train_loss: 0.08307472699399078, valid_loss: 0.10952751113003806, train_nll: 4.654454011421243, valid_nll: 6.385203558314547
[2021-09-24 19:50:30] epoch 351: train_loss: 0.0826319403067947, valid_loss: 0.10896967635735084, train_nll: 4.638517875632054, valid_nll: 6.3376375839766075
[2021-09-24 19:50:34] epoch 352: train_loss: 0.08245759410173611, valid_loss: 0.10901153401324623, train_nll: 4.627714771535404, valid_nll: 6.378025660091304
[2021-09-24 19:50:38] epoch 353: train_loss: 0.08258340976253868, valid_loss: 0.10870207199140598, train_nll: 4.635928480592493, valid_nll: 6.342279401333312
[2021-09-24 19:50:42] epoch 354: train_loss: 0.08415644236852508, valid_loss: 0.10806812336178202, train_nll: 4.73289391246104, valid_nll: 6.363866970384221
[2021-09-24 19:50:47] epoch 355: train_loss: 0.08289048558824968, valid_loss: 0.10799303092062473, train_nll: 4.6535925742259066, valid_nll: 6.214968099353906
[2021-09-24 19:50:51] epoch 356: train_loss: 0.08299550895607628, valid_loss: 0.10854871463226645, train_nll: 4.655573481504828, valid_nll: 6.348742290771592
[2021-09-24 19:50:55] epoch 357: train_loss: 0.08337341097700023, valid_loss: 0.10841560873546098, train_nll: 4.681523931449635, valid_nll: 6.29172316958722
[2021-09-24 19:50:59] epoch 358: train_loss: 0.08243414453804232, valid_loss: 0.10866580109455083, train_nll: 4.626599338659044, valid_nll: 6.276756212451107
[2021-09-24 19:51:03] epoch 359: train_loss: 0.08234269972321248, valid_loss: 0.1092821680205433, train_nll: 4.6266419167265065, valid_nll: 6.340726423411047
[2021-09-24 19:51:07] epoch 360: train_loss: 0.0826719787996669, valid_loss: 0.10915610204009633, train_nll: 4.645799185359121, valid_nll: 6.345055283880634
[2021-09-24 19:51:11] epoch 361: train_loss: 0.08223051665651746, valid_loss: 0.10935202476225402, train_nll: 4.610723317082105, valid_nll: 6.508597070118309
[2021-09-24 19:51:15] epoch 362: train_loss: 0.08231853402532865, valid_loss: 0.10850646689926323, train_nll: 4.622512207166104, valid_nll: 6.307698329465346
[2021-09-24 19:51:19] epoch 363: train_loss: 0.08259124821255301, valid_loss: 0.10938443204289988, train_nll: 4.637692769930384, valid_nll: 6.511402590318006
[2021-09-24 19:51:23] epoch 364: train_loss: 0.08378800116967426, valid_loss: 0.11050056019111683, train_nll: 4.703511230653051, valid_nll: 6.603808920097941
[2021-09-24 19:51:27] epoch 365: train_loss: 0.08296622127684963, valid_loss: 0.11047916702534023, train_nll: 4.66365803757759, valid_nll: 6.371576653925971
[2021-09-24 19:51:31] epoch 366: train_loss: 0.08259187767273994, valid_loss: 0.10981580497402894, train_nll: 4.643929213342513, valid_nll: 6.470966725132395
[2021-09-24 19:51:35] epoch 367: train_loss: 0.08514493215812867, valid_loss: 0.10806606651136749, train_nll: 4.811065227684418, valid_nll: 6.257176397966696
[2021-09-24 19:51:39] epoch 368: train_loss: 0.08267474890275814, valid_loss: 0.11004442358879667, train_nll: 4.637708562518592, valid_nll: 6.498469229245997
[2021-09-24 19:51:43] epoch 369: train_loss: 0.08330353316911963, valid_loss: 0.1093992380131232, train_nll: 4.678074963016597, valid_nll: 6.365524757240285
[2021-09-24 19:51:47] epoch 370: train_loss: 0.08308174252900494, valid_loss: 0.10943780829639811, train_nll: 4.677529543906007, valid_nll: 6.348554977841784
[2021-09-24 19:51:51] epoch 371: train_loss: 0.0824201733492087, valid_loss: 0.11000289934638299, train_nll: 4.6198843252081145, valid_nll: 6.475484142564747
[2021-09-24 19:51:56] epoch 372: train_loss: 0.08239497751908531, valid_loss: 0.10850351666541476, train_nll: 4.633322557445688, valid_nll: 6.394302199595911
[2021-09-24 19:52:00] epoch 373: train_loss: 0.08294152652267285, valid_loss: 0.10835579145503671, train_nll: 4.663468342779803, valid_nll: 6.243492547885222
[2021-09-24 19:52:04] epoch 374: train_loss: 0.08330046753175394, valid_loss: 0.1090845639180196, train_nll: 4.68349962997268, valid_nll: 6.238840835578031
[2021-09-24 19:52:08] epoch 375: train_loss: 0.08243782509232192, valid_loss: 0.10856499444497258, train_nll: 4.6268026503921, valid_nll: 6.220951634911484
[2021-09-24 19:52:12] epoch 376: train_loss: 0.0828521731248589, valid_loss: 0.1087238482738796, train_nll: 4.651329947423998, valid_nll: 6.401669025631853
[2021-09-24 19:52:16] epoch 377: train_loss: 0.08243341978200137, valid_loss: 0.1091378889977932, train_nll: 4.6256992268727375, valid_nll: 6.478195227514681
[2021-09-24 19:52:20] epoch 378: train_loss: 0.08245782437022596, valid_loss: 0.10907652601599693, train_nll: 4.62606249685789, valid_nll: 6.479901872163739
[2021-09-24 19:52:24] epoch 379: train_loss: 0.08222592755436377, valid_loss: 0.10933895026774783, train_nll: 4.622919575141551, valid_nll: 6.445055956130422
[2021-09-24 19:52:28] epoch 380: train_loss: 0.08252782372993674, valid_loss: 0.1098960606675399, train_nll: 4.629189604634054, valid_nll: 6.426469001314886
[2021-09-24 19:52:32] epoch 381: train_loss: 0.08185587986067393, valid_loss: 0.10949684757935374, train_nll: 4.6005438825557015, valid_nll: 6.422645794728979
[2021-09-24 19:52:36] epoch 382: train_loss: 0.08274065215124314, valid_loss: 0.10908311272138044, train_nll: 4.645818693751281, valid_nll: 6.479838214087055
[2021-09-24 19:52:40] epoch 383: train_loss: 0.08263651380827854, valid_loss: 0.11071712484485224, train_nll: 4.642662424246821, valid_nll: 6.543604171017972
[2021-09-24 19:52:44] epoch 384: train_loss: 0.08392355278719982, valid_loss: 0.10893022063139238, train_nll: 4.723953626348653, valid_nll: 6.4429192671563005
[2021-09-24 19:52:48] epoch 385: train_loss: 0.08392106279665726, valid_loss: 0.10892104181019883, train_nll: 4.718348566185377, valid_nll: 6.354751175607773
[2021-09-24 19:52:52] epoch 386: train_loss: 0.08294334498490309, valid_loss: 0.1100552354596163, train_nll: 4.673058409669084, valid_nll: 6.514203626604877
[2021-09-24 19:52:56] epoch 387: train_loss: 0.08240871198117472, valid_loss: 0.10860830408177878, train_nll: 4.631819066075622, valid_nll: 6.388321809520039
[2021-09-24 19:53:00] epoch 388: train_loss: 0.08322593488417337, valid_loss: 0.1088791286670848, train_nll: 4.683384015258484, valid_nll: 6.32549615607976
[2021-09-24 19:53:05] epoch 389: train_loss: 0.08227195294663375, valid_loss: 0.1097252379710737, train_nll: 4.631809740323595, valid_nll: 6.380352847933295
[2021-09-24 19:53:09] epoch 390: train_loss: 0.0829550067703016, valid_loss: 0.10780813799876916, train_nll: 4.669035243046865, valid_nll: 6.263682771245305
[2021-09-24 19:53:13] epoch 391: train_loss: 0.0825018954329095, valid_loss: 0.10985085211302105, train_nll: 4.6385588551115475, valid_nll: 6.463626559835275
[2021-09-24 19:53:17] epoch 392: train_loss: 0.08255357389627065, valid_loss: 0.11015195987726513, train_nll: 4.633230079834056, valid_nll: 6.359295884223833
[2021-09-24 19:53:21] epoch 393: train_loss: 0.08217205632656943, valid_loss: 0.10911662621717703, train_nll: 4.617534075557334, valid_nll: 6.40081798234873
[2021-09-24 19:53:25] epoch 394: train_loss: 0.08252550596493301, valid_loss: 0.10911238997390396, train_nll: 4.648502958946436, valid_nll: 6.261847377613589
[2021-09-24 19:53:29] epoch 395: train_loss: 0.0827912753325883, valid_loss: 0.10924220467476468, train_nll: 4.650846381025192, valid_nll: 6.457919850267249
[2021-09-24 19:53:33] epoch 396: train_loss: 0.08295578895112313, valid_loss: 0.10946964727420556, train_nll: 4.6727832558755935, valid_nll: 6.282074456714288
[2021-09-24 19:53:38] epoch 397: train_loss: 0.08377026953616518, valid_loss: 0.10831378557180103, train_nll: 4.711595999121683, valid_nll: 6.331057522816306
[2021-09-24 19:53:42] epoch 398: train_loss: 0.08380198854481288, valid_loss: 0.10930535501163256, train_nll: 4.699012883897558, valid_nll: 6.241941134275402
[2021-09-24 19:53:45] epoch 399: train_loss: 0.0829026715984511, valid_loss: 0.10931088167585824, train_nll: 4.65350550428057, valid_nll: 6.381547170142605
[2021-09-24 19:53:50] epoch 400: train_loss: 0.08210425947561015, valid_loss: 0.1090794256643245, train_nll: 4.600417022098233, valid_nll: 6.416976143183352
[2021-09-24 19:53:54] epoch 401: train_loss: 0.08258587102442329, valid_loss: 0.10949017646673478, train_nll: 4.638975172932044, valid_nll: 6.480388666642645
[2021-09-24 19:53:58] epoch 402: train_loss: 0.08303883234160957, valid_loss: 0.1085963616833875, train_nll: 4.65804933297088, valid_nll: 6.213165714737593
[2021-09-24 19:54:02] epoch 403: train_loss: 0.08192909033928375, valid_loss: 0.10902722366154194, train_nll: 4.595402604509197, valid_nll: 6.39927325078043
[2021-09-24 19:54:06] epoch 404: train_loss: 0.08210754075685443, valid_loss: 0.10926229702798944, train_nll: 4.606102654466504, valid_nll: 6.451015201017386
[2021-09-24 19:54:10] epoch 405: train_loss: 0.08289355856232247, valid_loss: 0.10985068084770128, train_nll: 4.667866863476052, valid_nll: 6.525205736080208
[2021-09-24 19:54:14] epoch 406: train_loss: 0.08225566137370584, valid_loss: 0.11110671413572211, train_nll: 4.624181018379269, valid_nll: 6.50280908710178
[2021-09-24 19:54:18] epoch 407: train_loss: 0.08219617081391238, valid_loss: 0.11049237229714268, train_nll: 4.616545848141259, valid_nll: 6.43561209738913
[2021-09-24 19:54:22] epoch 408: train_loss: 0.08258320527826334, valid_loss: 0.1100308209853737, train_nll: 4.634806276895386, valid_nll: 6.540536763338299
[2021-09-24 19:54:26] epoch 409: train_loss: 0.08283551229269744, valid_loss: 0.10915479818849187, train_nll: 4.668364524981782, valid_nll: 6.436588106985593
[2021-09-24 19:54:30] epoch 410: train_loss: 0.08224477160185185, valid_loss: 0.110182412066742, train_nll: 4.618967466737863, valid_nll: 6.486119066778664
[2021-09-24 19:54:34] epoch 411: train_loss: 0.0831506272135343, valid_loss: 0.11073071715470992, train_nll: 4.673761609131255, valid_nll: 6.485715915816471
[2021-09-24 19:54:38] epoch 412: train_loss: 0.08451943353273983, valid_loss: 0.10925810460589434, train_nll: 4.741914360034025, valid_nll: 6.374554133868249
[2021-09-24 19:54:42] epoch 413: train_loss: 0.0838256142057446, valid_loss: 0.10939488834456394, train_nll: 4.7087253346360995, valid_nll: 6.41113714470149
[2021-09-24 19:54:46] epoch 414: train_loss: 0.08345327780106182, valid_loss: 0.10879699876041789, train_nll: 4.692810087812229, valid_nll: 6.373181813805176
[2021-09-24 19:54:50] epoch 415: train_loss: 0.08271568613411558, valid_loss: 0.1101560665196494, train_nll: 4.635523711937941, valid_nll: 6.446768264669367
[2021-09-24 19:54:54] epoch 416: train_loss: 0.08316352143558352, valid_loss: 0.10792118928542263, train_nll: 4.67070860616201, valid_nll: 6.282960707141507
[2021-09-24 19:54:58] epoch 417: train_loss: 0.082842694099293, valid_loss: 0.10959504485914581, train_nll: 4.6539858021429215, valid_nll: 6.366939691332026
[2021-09-24 19:55:03] epoch 418: train_loss: 0.0835321413832981, valid_loss: 0.10837537197298125, train_nll: 4.698447423157557, valid_nll: 6.335635938319916
[2021-09-24 19:55:06] epoch 419: train_loss: 0.0818479387455632, valid_loss: 0.10823562888330535, train_nll: 4.588808159428539, valid_nll: 6.315267909273762
[2021-09-24 19:55:10] epoch 420: train_loss: 0.08288693782674172, valid_loss: 0.10811332005419229, train_nll: 4.6581832738526, valid_nll: 6.31326105148983
[2021-09-24 19:55:14] epoch 421: train_loss: 0.08328505239437241, valid_loss: 0.10816671267936104, train_nll: 4.676892826598951, valid_nll: 6.416124600938502
[2021-09-24 19:55:19] epoch 422: train_loss: 0.0833680645672515, valid_loss: 0.10857250864960645, train_nll: 4.690121185869123, valid_nll: 6.417651410340946
[2021-09-24 19:55:22] epoch 423: train_loss: 0.08363078957561842, valid_loss: 0.10864044598450787, train_nll: 4.710545465545497, valid_nll: 6.323296345075674
[2021-09-24 19:55:27] epoch 424: train_loss: 0.08326972425634684, valid_loss: 0.10947733686158531, train_nll: 4.687468646885738, valid_nll: 6.444413890155922
[2021-09-24 19:55:31] epoch 425: train_loss: 0.08300084183114585, valid_loss: 0.10887767894095496, train_nll: 4.667982709690509, valid_nll: 6.26366040562298
[2021-09-24 19:55:35] epoch 426: train_loss: 0.08282595589822037, valid_loss: 0.10833753243480858, train_nll: 4.663919367658879, valid_nll: 6.377048716627282
[2021-09-24 19:55:40] epoch 427: train_loss: 0.08270508644687556, valid_loss: 0.10932075212660589, train_nll: 4.650891955672492, valid_nll: 6.4551101192351314
[2021-09-24 19:55:44] epoch 428: train_loss: 0.08364502337301663, valid_loss: 0.10872790580125231, train_nll: 4.714925724692014, valid_nll: 6.264228527492198
[2021-09-24 19:55:48] epoch 429: train_loss: 0.08421647337196175, valid_loss: 0.1084498217035281, train_nll: 4.72544171901809, valid_nll: 6.341976855215224
[2021-09-24 19:55:52] epoch 430: train_loss: 0.08327270635936458, valid_loss: 0.10920420455697336, train_nll: 4.680240599637461, valid_nll: 6.550630425332239
[2021-09-24 19:55:56] epoch 431: train_loss: 0.08307328023114059, valid_loss: 0.10828171062626336, train_nll: 4.670093676850413, valid_nll: 6.414718243594303
[2021-09-24 19:56:00] epoch 432: train_loss: 0.08272161331499508, valid_loss: 0.109562659342038, train_nll: 4.650456198572779, valid_nll: 6.448460469770579
[2021-09-24 19:56:04] epoch 433: train_loss: 0.08315599532431911, valid_loss: 0.10767388383024618, train_nll: 4.678280658865207, valid_nll: 6.402520699359862
[2021-09-24 19:56:08] epoch 434: train_loss: 0.08275657126021177, valid_loss: 0.10831105954160816, train_nll: 4.654759455225854, valid_nll: 6.392261425899922
[2021-09-24 19:56:12] epoch 435: train_loss: 0.08399194605876265, valid_loss: 0.10977855863931932, train_nll: 4.716778426901514, valid_nll: 6.515687174676954
[2021-09-24 19:56:17] epoch 436: train_loss: 0.08323575377334154, valid_loss: 0.10847439548294795, train_nll: 4.673089486893471, valid_nll: 6.386423472540598
[2021-09-24 19:56:21] epoch 437: train_loss: 0.08385707976451087, valid_loss: 0.10837754273885175, train_nll: 4.7115886085320335, valid_nll: 6.433279161373177
[2021-09-24 19:56:25] epoch 438: train_loss: 0.08394586281875335, valid_loss: 0.10720060687316091, train_nll: 4.71592697062642, valid_nll: 6.312699628518947
[2021-09-24 19:56:29] epoch 439: train_loss: 0.08373610161277405, valid_loss: 0.10835576292715575, train_nll: 4.708135912495274, valid_nll: 6.380018648087741
[2021-09-24 19:56:33] epoch 440: train_loss: 0.08412555097622643, valid_loss: 0.10855528476991151, train_nll: 4.733593897328564, valid_nll: 6.36990030771644
[2021-09-24 19:56:37] epoch 441: train_loss: 0.0840186343312784, valid_loss: 0.10861936750772752, train_nll: 4.735883047767198, valid_nll: 6.354915876805756
[2021-09-24 19:56:41] epoch 442: train_loss: 0.08368782471361119, valid_loss: 0.10851902877421755, train_nll: 4.709807893351579, valid_nll: 6.316299202481151
[2021-09-24 19:56:45] epoch 443: train_loss: 0.08322147891641184, valid_loss: 0.10959100958548094, train_nll: 4.675785709751391, valid_nll: 6.280980267358258
[2021-09-24 19:56:49] epoch 444: train_loss: 0.08283334944446014, valid_loss: 0.10929635765129014, train_nll: 4.658537206847848, valid_nll: 6.333565240405695
[2021-09-24 19:56:54] epoch 445: train_loss: 0.08389720502899203, valid_loss: 0.10826629968850236, train_nll: 4.727807882626149, valid_nll: 6.449197021565288
[2021-09-24 19:56:57] epoch 446: train_loss: 0.08443482382849314, valid_loss: 0.10807219069255025, train_nll: 4.751449687225616, valid_nll: 6.3640855527061095
[2021-09-24 19:57:01] epoch 447: train_loss: 0.08447364854370142, valid_loss: 0.1077842932978743, train_nll: 4.7635405497340955, valid_nll: 6.287818770465522
[2021-09-24 19:57:06] epoch 448: train_loss: 0.08348049099788915, valid_loss: 0.10796867967828323, train_nll: 4.690397779234626, valid_nll: 6.234015019341375
[2021-09-24 19:57:10] epoch 449: train_loss: 0.08301714508424159, valid_loss: 0.10832367317849084, train_nll: 4.669398769255607, valid_nll: 6.276215209826083
[2021-09-24 19:57:14] epoch 450: train_loss: 0.08363766799066785, valid_loss: 0.10872002955722182, train_nll: 4.6987654472033045, valid_nll: 6.423626665830929
[2021-09-24 19:57:18] epoch 451: train_loss: 0.0832379319294311, valid_loss: 0.10851223100172847, train_nll: 4.675261587541046, valid_nll: 6.3743081659644885
[2021-09-24 19:57:22] epoch 452: train_loss: 0.08316644948122283, valid_loss: 0.10786066165095881, train_nll: 4.67542829020488, valid_nll: 6.3088294993024245
[2021-09-24 19:57:26] epoch 453: train_loss: 0.08269707149293225, valid_loss: 0.10842949916657649, train_nll: 4.647494865773721, valid_nll: 6.345483254817435
[2021-09-24 19:57:30] epoch 454: train_loss: 0.0839330893514198, valid_loss: 0.10721941802062486, train_nll: 4.717172805015214, valid_nll: 6.373069267593229
[2021-09-24 19:57:34] epoch 455: train_loss: 0.08424637691162559, valid_loss: 0.10844814149956954, train_nll: 4.742460512977968, valid_nll: 6.3040321137701785
[2021-09-24 19:57:38] epoch 456: train_loss: 0.08368689267526026, valid_loss: 0.10876731152989362, train_nll: 4.704670576094738, valid_nll: 6.393135185427124
[2021-09-24 19:57:42] epoch 457: train_loss: 0.08443441043514352, valid_loss: 0.1084057767140238, train_nll: 4.758561996704946, valid_nll: 6.300268944417066
[2021-09-24 19:57:46] epoch 458: train_loss: 0.0837283674058175, valid_loss: 0.10813069588651783, train_nll: 4.722340215058439, valid_nll: 6.24243138440141
[2021-09-24 19:57:50] epoch 459: train_loss: 0.08339531095007101, valid_loss: 0.10900044568667286, train_nll: 4.6863829696594586, valid_nll: 6.5224275542633015
[2021-09-24 19:57:55] epoch 460: train_loss: 0.0827961450841229, valid_loss: 0.10835898902855422, train_nll: 4.655042076026556, valid_nll: 6.407911296444976
[2021-09-24 19:57:59] epoch 461: train_loss: 0.0830410907622508, valid_loss: 0.10881489936850573, train_nll: 4.676922674399621, valid_nll: 6.387605431961687
[2021-09-24 19:58:03] epoch 462: train_loss: 0.08334733815823059, valid_loss: 0.10780967105376094, train_nll: 4.684850242953006, valid_nll: 6.401817072296479
[2021-09-24 19:58:07] epoch 463: train_loss: 0.08280572435090636, valid_loss: 0.10808844462429222, train_nll: 4.652576683652403, valid_nll: 6.369734750192249
[2021-09-24 19:58:11] epoch 464: train_loss: 0.08267955556837232, valid_loss: 0.10942013385264497, train_nll: 4.65468118903317, valid_nll: 6.4267906293477095
[2021-09-24 19:58:15] epoch 465: train_loss: 0.08330955278274794, valid_loss: 0.109411174921613, train_nll: 4.690496630408062, valid_nll: 6.409984600422818
[2021-09-24 19:58:19] epoch 466: train_loss: 0.08338542565638321, valid_loss: 0.1085768492010079, train_nll: 4.702485453557469, valid_nll: 6.5287830388182515
[2021-09-24 19:58:23] epoch 467: train_loss: 0.08345527497962052, valid_loss: 0.10798349104037411, train_nll: 4.698373385777897, valid_nll: 6.398778408857979
[2021-09-24 19:58:27] epoch 468: train_loss: 0.08285453681341946, valid_loss: 0.10837359638198425, train_nll: 4.669921019797579, valid_nll: 6.274778945120467
[2021-09-24 19:58:31] epoch 469: train_loss: 0.08317448449317025, valid_loss: 0.10863808238584745, train_nll: 4.670153968621115, valid_nll: 6.457768540123212
[2021-09-24 19:58:35] epoch 470: train_loss: 0.08232938312807458, valid_loss: 0.10875385146784156, train_nll: 4.621898097095722, valid_nll: 6.423521887239397
[2021-09-24 19:58:40] epoch 471: train_loss: 0.08261750814175502, valid_loss: 0.10829416485993486, train_nll: 4.647584987926384, valid_nll: 6.349533070940598
[2021-09-24 19:58:44] epoch 472: train_loss: 0.08361651074938378, valid_loss: 0.10909534373173588, train_nll: 4.702452665366345, valid_nll: 6.242401851261289
[2021-09-24 19:58:48] epoch 473: train_loss: 0.08324882069269122, valid_loss: 0.10857795090659668, train_nll: 4.680614956911823, valid_nll: 6.372443991006606
[2021-09-24 19:58:52] epoch 474: train_loss: 0.0834184924392721, valid_loss: 0.10832428118508113, train_nll: 4.69603764254033, valid_nll: 6.322683633559055
[2021-09-24 19:58:56] epoch 475: train_loss: 0.08269378320033373, valid_loss: 0.1093002114641039, train_nll: 4.656729752263434, valid_nll: 6.291233651046989
[2021-09-24 19:59:00] epoch 476: train_loss: 0.08338063096375445, valid_loss: 0.10928187401671159, train_nll: 4.685271582980626, valid_nll: 6.342993584134333
[2021-09-24 19:59:04] epoch 477: train_loss: 0.08313209060823552, valid_loss: 0.10903775829233621, train_nll: 4.6742842957028445, valid_nll: 6.286957919887352
[2021-09-24 19:59:08] epoch 478: train_loss: 0.08257154498948802, valid_loss: 0.10937623140451155, train_nll: 4.641896615201866, valid_nll: 6.490113228440969
[2021-09-24 19:59:12] epoch 479: train_loss: 0.08268604577238382, valid_loss: 0.10859698694395392, train_nll: 4.648177214479355, valid_nll: 6.357984811712881
[2021-09-24 19:59:16] epoch 480: train_loss: 0.08330842335281413, valid_loss: 0.10800104803944889, train_nll: 4.686043053667892, valid_nll: 6.355481035246872
[2021-09-24 19:59:20] epoch 481: train_loss: 0.08339452737023216, valid_loss: 0.10748351051619179, train_nll: 4.699060086351306, valid_nll: 6.288736964557427
[2021-09-24 19:59:25] epoch 482: train_loss: 0.08307550071563784, valid_loss: 0.10772992396040966, train_nll: 4.677212304825951, valid_nll: 6.287376127356826
[2021-09-24 19:59:29] epoch 483: train_loss: 0.08380519605229515, valid_loss: 0.10780073976830433, train_nll: 4.720517555064877, valid_nll: 6.284558352252524
[2021-09-24 19:59:33] epoch 484: train_loss: 0.08288074325461055, valid_loss: 0.1077502486541083, train_nll: 4.665197768290732, valid_nll: 6.341166598682007
[2021-09-24 19:59:37] epoch 485: train_loss: 0.08242421600495883, valid_loss: 0.10937819149541228, train_nll: 4.62922011940271, valid_nll: 6.435047741332414
[2021-09-24 19:59:41] epoch 486: train_loss: 0.08277651532573471, valid_loss: 0.1079249824152181, train_nll: 4.653577276666169, valid_nll: 6.301580778856063
[2021-09-24 19:59:45] epoch 487: train_loss: 0.08360194030937669, valid_loss: 0.10851720367607318, train_nll: 4.702676976757806, valid_nll: 6.283321129448689
[2021-09-24 19:59:49] epoch 488: train_loss: 0.08303654714442757, valid_loss: 0.10866752041405753, train_nll: 4.670208813954846, valid_nll: 6.263806881232436
[2021-09-24 19:59:53] epoch 489: train_loss: 0.0832474447103567, valid_loss: 0.1102314415926996, train_nll: 4.698191088874379, valid_nll: 6.357895308767227
[2021-09-24 19:59:57] epoch 490: train_loss: 0.08395106592683292, valid_loss: 0.1076378435092537, train_nll: 4.733420659277502, valid_nll: 6.280042714899849
[2021-09-24 20:00:01] epoch 491: train_loss: 0.08378338605555904, valid_loss: 0.10882600132179887, train_nll: 4.705286292057709, valid_nll: 6.371516947086754
[2021-09-24 20:00:06] epoch 492: train_loss: 0.08315005345375777, valid_loss: 0.10912054110514491, train_nll: 4.67625488773469, valid_nll: 6.384282002973704
[2021-09-24 20:00:10] epoch 493: train_loss: 0.08312414031817403, valid_loss: 0.10912491439988739, train_nll: 4.684865732118542, valid_nll: 6.356201323586336
[2021-09-24 20:00:14] epoch 494: train_loss: 0.08417511441822136, valid_loss: 0.10806149185488098, train_nll: 4.731068654270372, valid_nll: 6.411325054362554
[2021-09-24 20:00:18] epoch 495: train_loss: 0.08293237556666787, valid_loss: 0.10821895389572571, train_nll: 4.670131730548691, valid_nll: 6.3078489417372365
[2021-09-24 20:00:22] epoch 496: train_loss: 0.08337585235982482, valid_loss: 0.10901979229560024, train_nll: 4.68672363296983, valid_nll: 6.450082213384516
[2021-09-24 20:00:26] epoch 497: train_loss: 0.08268160019964631, valid_loss: 0.10884759555521764, train_nll: 4.657679645596205, valid_nll: 6.333943686019621
[2021-09-24 20:00:30] epoch 498: train_loss: 0.08293991142225057, valid_loss: 0.10826457301644903, train_nll: 4.657269610872604, valid_nll: 6.335768304775102
[2021-09-24 20:00:34] epoch 499: train_loss: 0.08219559724934757, valid_loss: 0.10833827994371716, train_nll: 4.627015714916499, valid_nll: 6.319487510610354
