------------ Configs ------------
loading Piano data...
loading Piano data...
model summary: 
====================================================
      Kernel Shape   Output Shape  Params  Mult-Adds
Layer                                               
0_rnn            -  [200, 1, 100]   19000      18800
1_mlp    [100, 88]   [200, 1, 88]    8888       8800
----------------------------------------------------
                      Totals
Total params           27888
Trainable params       27888
Non-trainable params       0
Mult-Adds              27600
====================================================
rnn:  tanh
data:  Piano
optimizer:  rmsprop
learning rate:  0.001
momentum:  0.9
weight decay:  0.0
gradient clipping:  1.0
loss criterion:  bce
continue training:  False
save directory:  ./exp/music/piano/tanh
log directory:  ./log/music/piano/tanh
starting epoch:  0
ending epoch:  500
steps per epoch:  87
cuda:  True
---------------------------------
[2021-09-25 07:44:52] epoch 0: train_loss: 0.16795827812333217, valid_loss: 0.1437048881004254, train_nll: 10.273490399040485, valid_nll: 10.291019675879273
[2021-09-25 07:45:04] epoch 1: train_loss: 0.13501865001416755, valid_loss: 0.14594493309656778, train_nll: 9.043359291606322, valid_nll: 8.445671296253884
[2021-09-25 07:45:16] epoch 2: train_loss: 0.13542227579773158, valid_loss: 0.13587363126377264, train_nll: 8.999908143796356, valid_nll: 9.088484100284541
[2021-09-25 07:45:29] epoch 3: train_loss: 0.13440737153949409, valid_loss: 0.13133235275745392, train_nll: 8.976185347264666, valid_nll: 8.920580751229407
[2021-09-25 07:45:41] epoch 4: train_loss: 0.13218679745820747, valid_loss: 0.13603037719925246, train_nll: 8.767770275784887, valid_nll: 8.753886525223894
[2021-09-25 07:45:53] epoch 5: train_loss: 0.13179320589393034, valid_loss: 0.13362753267089525, train_nll: 8.744162069893406, valid_nll: 8.525840401425818
[2021-09-25 07:46:06] epoch 6: train_loss: 0.131103385882131, valid_loss: 0.1305849254131317, train_nll: 8.738014098837748, valid_nll: 9.275194035685756
[2021-09-25 07:46:18] epoch 7: train_loss: 0.1285698734566398, valid_loss: 0.12742742213110128, train_nll: 8.483677772510703, valid_nll: 7.886867859573794
[2021-09-25 07:46:29] epoch 8: train_loss: 0.12630683196515874, valid_loss: 0.12704278404513994, train_nll: 8.215874742973602, valid_nll: 8.398910436576571
[2021-09-25 07:46:41] epoch 9: train_loss: 0.12483292317082142, valid_loss: 0.12410655555625756, train_nll: 8.000948808343633, valid_nll: 7.699239605586927
[2021-09-25 07:46:53] epoch 10: train_loss: 0.11902887862304161, valid_loss: 0.11886322125792503, train_nll: 7.682989057294174, valid_nll: 7.582534718468757
[2021-09-25 07:47:05] epoch 11: train_loss: 0.11308754584484401, valid_loss: 0.11399075947701931, train_nll: 7.186128332585215, valid_nll: 7.245990760330859
[2021-09-25 07:47:16] epoch 12: train_loss: 0.11086364978945804, valid_loss: 0.1109857155630986, train_nll: 7.027875714725672, valid_nll: 7.029263881089316
[2021-09-25 07:47:28] epoch 13: train_loss: 0.10801668415895138, valid_loss: 0.110269986713926, train_nll: 6.793721355398789, valid_nll: 6.588453740161087
[2021-09-25 07:47:40] epoch 14: train_loss: 0.10567512149098275, valid_loss: 0.10856614013512929, train_nll: 6.666450989902913, valid_nll: 7.370351451422886
[2021-09-25 07:47:52] epoch 15: train_loss: 0.10541445603487136, valid_loss: 0.1079182866960764, train_nll: 6.532104661228738, valid_nll: 7.262073051638719
[2021-09-25 07:48:03] epoch 16: train_loss: 0.10407469400215423, valid_loss: 0.10486478793124358, train_nll: 6.453647700460884, valid_nll: 7.145833299933858
[2021-09-25 07:48:15] epoch 17: train_loss: 0.10214863593379657, valid_loss: 0.10406503950556119, train_nll: 6.358849008869687, valid_nll: 6.945279577659622
[2021-09-25 07:48:27] epoch 18: train_loss: 0.10043262187177422, valid_loss: 0.10269711973766486, train_nll: 6.235844536656744, valid_nll: 6.798973112124216
[2021-09-25 07:48:39] epoch 19: train_loss: 0.0997968910840051, valid_loss: 0.10460465587675571, train_nll: 6.194198321833292, valid_nll: 6.65483290795761
[2021-09-25 07:48:51] epoch 20: train_loss: 0.0995235543954989, valid_loss: 0.10296027796963851, train_nll: 6.16598416240086, valid_nll: 6.805080750198794
[2021-09-25 07:49:03] epoch 21: train_loss: 0.09953539126991541, valid_loss: 0.10266756638884544, train_nll: 6.168489233605794, valid_nll: 6.942396067320518
[2021-09-25 07:49:14] epoch 22: train_loss: 0.0986044734673596, valid_loss: 0.10298916511237621, train_nll: 6.084937802999174, valid_nll: 6.742279696867121
[2021-09-25 07:49:26] epoch 23: train_loss: 0.09834317779489632, valid_loss: 0.10603499660889308, train_nll: 6.087557241870875, valid_nll: 6.9169743378658906
[2021-09-25 07:49:38] epoch 24: train_loss: 0.0978135440455771, valid_loss: 0.10422160911063354, train_nll: 6.016579716737373, valid_nll: 7.372509811429995
[2021-09-25 07:49:50] epoch 25: train_loss: 0.09778453568103669, valid_loss: 0.10271594487130642, train_nll: 5.988323418544199, valid_nll: 7.003114310259219
[2021-09-25 07:50:02] epoch 26: train_loss: 0.09647193086472736, valid_loss: 0.10181701369583607, train_nll: 5.988283515957544, valid_nll: 6.325161330919105
[2021-09-25 07:50:14] epoch 27: train_loss: 0.09647893421780104, valid_loss: 0.10253404267132282, train_nll: 5.937231703382123, valid_nll: 6.480949201458614
[2021-09-25 07:50:25] epoch 28: train_loss: 0.09661647090795396, valid_loss: 0.10109033000965913, train_nll: 5.965547573317402, valid_nll: 6.126968856153077
[2021-09-25 07:50:37] epoch 29: train_loss: 0.09607155805175331, valid_loss: 0.10151875639955203, train_nll: 5.881215391945904, valid_nll: 6.5981714130566225
[2021-09-25 07:50:50] epoch 30: train_loss: 0.0953751456463474, valid_loss: 0.1049599318454663, train_nll: 5.830900612046483, valid_nll: 7.471937555309532
[2021-09-25 07:51:02] epoch 31: train_loss: 0.09645160685839324, valid_loss: 0.10137675578395526, train_nll: 5.939412867426746, valid_nll: 6.375015659582772
[2021-09-25 07:51:14] epoch 32: train_loss: 0.09603540738509304, valid_loss: 0.10259558881322543, train_nll: 5.910738174461016, valid_nll: 6.689923842897111
[2021-09-25 07:51:26] epoch 33: train_loss: 0.09589054450478363, valid_loss: 0.10243124638994534, train_nll: 5.894100665744284, valid_nll: 6.423672631354985
[2021-09-25 07:51:37] epoch 34: train_loss: 0.09576142581458065, valid_loss: 0.10109199211001396, train_nll: 5.887165444690634, valid_nll: 6.084121832928112
[2021-09-25 07:51:49] epoch 35: train_loss: 0.09527231956264753, valid_loss: 0.10214304737746716, train_nll: 5.891548678351244, valid_nll: 6.631624962554416
[2021-09-25 07:52:01] epoch 36: train_loss: 0.09481317462164095, valid_loss: 0.10040446805457275, train_nll: 5.817345204849388, valid_nll: 6.603779476087044
[2021-09-25 07:52:13] epoch 37: train_loss: 0.09476628188771763, valid_loss: 0.10055010144909222, train_nll: 5.789242312384447, valid_nll: 6.485755963352339
[2021-09-25 07:52:24] epoch 38: train_loss: 0.0948111558354449, valid_loss: 0.10094900925954182, train_nll: 5.880261703140249, valid_nll: 6.875227479057956
[2021-09-25 07:52:37] epoch 39: train_loss: 0.09398971078382141, valid_loss: 0.10003907668093841, train_nll: 5.749985578367544, valid_nll: 6.467007377581569
[2021-09-25 07:52:49] epoch 40: train_loss: 0.0947227715461076, valid_loss: 0.10025260287026565, train_nll: 5.767125554113957, valid_nll: 6.404019296728424
[2021-09-25 07:53:00] epoch 41: train_loss: 0.09422104178403301, valid_loss: 0.10033790705104668, train_nll: 5.776078172061081, valid_nll: 6.448729824617254
[2021-09-25 07:53:12] epoch 42: train_loss: 0.09427199739663081, valid_loss: 0.0998939046015342, train_nll: 5.773811487639396, valid_nll: 6.362377846665946
[2021-09-25 07:53:24] epoch 43: train_loss: 0.09392505558742874, valid_loss: 0.10088163428008556, train_nll: 5.7708769953434516, valid_nll: 6.244503142909753
[2021-09-25 07:53:35] epoch 44: train_loss: 0.09379594402666065, valid_loss: 0.10021725421150525, train_nll: 5.7523799798840285, valid_nll: 6.618869344915279
[2021-09-25 07:53:47] epoch 45: train_loss: 0.09371149313004537, valid_loss: 0.10047758743166924, train_nll: 5.745980381286453, valid_nll: 6.366465241108334
[2021-09-25 07:53:59] epoch 46: train_loss: 0.0938681538120426, valid_loss: 0.09873802835742633, train_nll: 5.763751281718962, valid_nll: 6.4771433645967695
[2021-09-25 07:54:11] epoch 47: train_loss: 0.09265078756230316, valid_loss: 0.09953765509029229, train_nll: 5.667437483173153, valid_nll: 6.501129422357785
[2021-09-25 07:54:23] epoch 48: train_loss: 0.09360423303027263, valid_loss: 0.10158881296714146, train_nll: 5.770221381782102, valid_nll: 6.302509715812068
[2021-09-25 07:54:35] epoch 49: train_loss: 0.09408797991686854, valid_loss: 0.09981704317033291, train_nll: 5.76454112770739, valid_nll: 6.549704589271188
[2021-09-25 07:54:47] epoch 50: train_loss: 0.0926704688276025, valid_loss: 0.10111131394902866, train_nll: 5.657329362111395, valid_nll: 6.497166073568319
[2021-09-25 07:54:59] epoch 51: train_loss: 0.09280489907525051, valid_loss: 0.09966660353044669, train_nll: 5.730456002680755, valid_nll: 6.313165446383421
[2021-09-25 07:55:10] epoch 52: train_loss: 0.09257507450536065, valid_loss: 0.10098924736181895, train_nll: 5.698612907813757, valid_nll: 6.518508238371944
[2021-09-25 07:55:22] epoch 53: train_loss: 0.09277215681370647, valid_loss: 0.09999903105199337, train_nll: 5.680744592940714, valid_nll: 6.458522961242561
[2021-09-25 07:55:34] epoch 54: train_loss: 0.09597066139010177, valid_loss: 0.10160246739784877, train_nll: 5.8783343955670055, valid_nll: 6.945925943399684
[2021-09-25 07:55:46] epoch 55: train_loss: 0.09335100044892437, valid_loss: 0.10516431120534737, train_nll: 5.74242643254496, valid_nll: 7.492362832933608
[2021-09-25 07:55:57] epoch 56: train_loss: 0.09312951528392303, valid_loss: 0.10161856623987357, train_nll: 5.719699880548056, valid_nll: 7.153949186457479
[2021-09-25 07:56:09] epoch 57: train_loss: 0.09389101771702027, valid_loss: 0.10357513837516308, train_nll: 5.762342718236681, valid_nll: 6.7236571034615755
[2021-09-25 07:56:20] epoch 58: train_loss: 0.0925662897141843, valid_loss: 0.10080422709385554, train_nll: 5.6886823138599025, valid_nll: 6.722518219509447
[2021-09-25 07:56:32] epoch 59: train_loss: 0.09215125345207494, valid_loss: 0.10313720069825649, train_nll: 5.665108705880043, valid_nll: 6.853937746659899
[2021-09-25 07:56:44] epoch 60: train_loss: 0.09115814762297032, valid_loss: 0.1011948324739933, train_nll: 5.598889774500406, valid_nll: 6.42438906442381
[2021-09-25 07:56:55] epoch 61: train_loss: 0.09167278234729137, valid_loss: 0.10039981827139854, train_nll: 5.624455682384638, valid_nll: 6.527611222544486
[2021-09-25 07:57:07] epoch 62: train_loss: 0.09155187678748164, valid_loss: 0.09935774592061837, train_nll: 5.58798694469728, valid_nll: 6.288446079275621
[2021-09-25 07:57:19] epoch 63: train_loss: 0.09131716949672535, valid_loss: 0.10036913864314556, train_nll: 5.6017971058942315, valid_nll: 6.483343843671215
[2021-09-25 07:57:30] epoch 64: train_loss: 0.09131783349760647, valid_loss: 0.10091972599426906, train_nll: 5.628895498172319, valid_nll: 6.563991625358195
[2021-09-25 07:57:42] epoch 65: train_loss: 0.09262327404542901, valid_loss: 0.10118826727072398, train_nll: 5.688461339129102, valid_nll: 6.904120454197753
[2021-09-25 07:57:54] epoch 66: train_loss: 0.09177768144799375, valid_loss: 0.10007601045072079, train_nll: 5.651706989366411, valid_nll: 6.393148626216581
[2021-09-25 07:58:05] epoch 67: train_loss: 0.09188431661961408, valid_loss: 0.10279221832752228, train_nll: 5.629290397017785, valid_nll: 6.311341090676485
[2021-09-25 07:58:17] epoch 68: train_loss: 0.09181376792833038, valid_loss: 0.09991193562746048, train_nll: 5.703451506370581, valid_nll: 6.486813729520587
[2021-09-25 07:58:29] epoch 69: train_loss: 0.09099483258765319, valid_loss: 0.09980995021760464, train_nll: 5.564870051528663, valid_nll: 6.679484827209817
[2021-09-25 07:58:40] epoch 70: train_loss: 0.09130247795804479, valid_loss: 0.09965116841097672, train_nll: 5.692619653763361, valid_nll: 6.81003632107103
[2021-09-25 07:58:52] epoch 71: train_loss: 0.09091638035044589, valid_loss: 0.09955239792664845, train_nll: 5.597211999967647, valid_nll: 6.577932504507212
[2021-09-25 07:59:03] epoch 72: train_loss: 0.09094863851693855, valid_loss: 0.10024139905969302, train_nll: 5.600617004059669, valid_nll: 6.71207820183788
[2021-09-25 07:59:15] epoch 73: train_loss: 0.09049030487564788, valid_loss: 0.10132165749867757, train_nll: 5.516761144673077, valid_nll: 6.535486618528671
[2021-09-25 07:59:27] epoch 74: train_loss: 0.09106009220169194, valid_loss: 0.09880124218761921, train_nll: 5.5447420465163875, valid_nll: 6.298058257541334
[2021-09-25 07:59:39] epoch 75: train_loss: 0.09057000724748633, valid_loss: 0.10053853628536065, train_nll: 5.596582590213027, valid_nll: 6.613366776514679
[2021-09-25 07:59:50] epoch 76: train_loss: 0.09073235786081045, valid_loss: 0.10070002389450868, train_nll: 5.58907417688573, valid_nll: 6.775921104101929
[2021-09-25 08:00:02] epoch 77: train_loss: 0.09113349962508542, valid_loss: 0.09969837342699368, train_nll: 5.602823525094916, valid_nll: 6.35087174635667
[2021-09-25 08:00:13] epoch 78: train_loss: 0.09060073269252804, valid_loss: 0.10167628278334935, train_nll: 5.5771895531587745, valid_nll: 6.910603263812038
[2021-09-25 08:00:25] epoch 79: train_loss: 0.09043763481594365, valid_loss: 0.0987696647644043, train_nll: 5.5550150825997955, valid_nll: 6.383268617554856
[2021-09-25 08:00:36] epoch 80: train_loss: 0.08948940661703718, valid_loss: 0.10008668464918931, train_nll: 5.567458079318554, valid_nll: 6.643622765174279
[2021-09-25 08:00:48] epoch 81: train_loss: 0.09165507111826847, valid_loss: 0.10074380040168762, train_nll: 5.674064150840629, valid_nll: 6.397511380251085
[2021-09-25 08:01:00] epoch 82: train_loss: 0.09097693280327594, valid_loss: 0.10037072189152241, train_nll: 5.593806189307434, valid_nll: 6.8335683081879175
[2021-09-25 08:01:11] epoch 83: train_loss: 0.09029310881748967, valid_loss: 0.10057888428370158, train_nll: 5.536906878086403, valid_nll: 6.307421185062259
[2021-09-25 08:01:23] epoch 84: train_loss: 0.0900057895515842, valid_loss: 0.10065496402482192, train_nll: 5.505392754372224, valid_nll: 6.60857172352288
[2021-09-25 08:01:35] epoch 85: train_loss: 0.09006174735125454, valid_loss: 0.10010255314409733, train_nll: 5.576571117400318, valid_nll: 6.581306686544508
[2021-09-25 08:01:46] epoch 86: train_loss: 0.09046022908697868, valid_loss: 0.09990617570777734, train_nll: 5.627827186528125, valid_nll: 6.666934916941802
[2021-09-25 08:01:58] epoch 87: train_loss: 0.0899311490142825, valid_loss: 0.10089140944182873, train_nll: 5.511517854148412, valid_nll: 6.263778815349987
[2021-09-25 08:02:10] epoch 88: train_loss: 0.08972067811965258, valid_loss: 0.0998834998657306, train_nll: 5.516665170302897, valid_nll: 6.090994307068902
[2021-09-25 08:02:21] epoch 89: train_loss: 0.08943559064519131, valid_loss: 0.10027602004508178, train_nll: 5.556594776589047, valid_nll: 7.0201525088770085
[2021-09-25 08:02:32] epoch 90: train_loss: 0.08993014937330937, valid_loss: 0.10186605714261532, train_nll: 5.530742682291753, valid_nll: 6.986388244056344
[2021-09-25 08:02:44] epoch 91: train_loss: 0.08982478617422882, valid_loss: 0.09946480517586072, train_nll: 5.587703815113268, valid_nll: 6.496407385391321
[2021-09-25 08:02:56] epoch 92: train_loss: 0.08970391955868952, valid_loss: 0.10060665880640347, train_nll: 5.552727125545775, valid_nll: 6.331495531951733
[2021-09-25 08:03:07] epoch 93: train_loss: 0.0888415736242615, valid_loss: 0.09891856896380584, train_nll: 5.479498529766249, valid_nll: 6.618120690895066
[2021-09-25 08:03:19] epoch 94: train_loss: 0.08903262400250325, valid_loss: 0.09958078774313132, train_nll: 5.515504599170963, valid_nll: 6.774430165818663
[2021-09-25 08:03:31] epoch 95: train_loss: 0.0890460292241354, valid_loss: 0.10028324214120705, train_nll: 5.532661459722155, valid_nll: 6.051832567683752
[2021-09-25 08:03:42] epoch 96: train_loss: 0.09015626038542424, valid_loss: 0.09927813025812308, train_nll: 5.506342539130245, valid_nll: 6.407384274824476
[2021-09-25 08:03:54] epoch 97: train_loss: 0.08969758269002383, valid_loss: 0.10102445011337598, train_nll: 5.5837814764122236, valid_nll: 6.706558714217137
[2021-09-25 08:04:06] epoch 98: train_loss: 0.08981386398703887, valid_loss: 0.09952143331368764, train_nll: 5.560543207610099, valid_nll: 6.3019805679178145
[2021-09-25 08:04:17] epoch 99: train_loss: 0.08928692452181344, valid_loss: 0.10161854202548663, train_nll: 5.525101984671637, valid_nll: 6.441117105967108
[2021-09-25 08:04:29] epoch 100: train_loss: 0.08878010419336543, valid_loss: 0.09933142301936944, train_nll: 5.506851497343457, valid_nll: 6.607152928107228
[2021-09-25 08:04:41] epoch 101: train_loss: 0.08885878979645927, valid_loss: 0.10106229968369007, train_nll: 5.481767170236543, valid_nll: 6.490920934623446
[2021-09-25 08:04:52] epoch 102: train_loss: 0.09039384634073439, valid_loss: 0.09983176986376445, train_nll: 5.607077488896213, valid_nll: 6.722079865704334
[2021-09-25 08:05:04] epoch 103: train_loss: 0.08859129494120335, valid_loss: 0.09899220615625381, train_nll: 5.4896436430880176, valid_nll: 6.759004746771664
[2021-09-25 08:05:15] epoch 104: train_loss: 0.08866365303167667, valid_loss: 0.1027784813195467, train_nll: 5.450342713641979, valid_nll: 6.692769463916657
[2021-09-25 08:05:27] epoch 105: train_loss: 0.09234917091055848, valid_loss: 0.10128890474637349, train_nll: 5.7140682636622415, valid_nll: 6.730583835050715
[2021-09-25 08:05:38] epoch 106: train_loss: 0.08993039344405306, valid_loss: 0.10081214954455693, train_nll: 5.605086377110253, valid_nll: 6.5946598589755805
[2021-09-25 08:05:50] epoch 107: train_loss: 0.0884866669517139, valid_loss: 0.10009172869225343, train_nll: 5.488201567180349, valid_nll: 6.683329240466148
[2021-09-25 08:06:02] epoch 108: train_loss: 0.08972102707658691, valid_loss: 0.10143089666962624, train_nll: 5.512990959990148, valid_nll: 6.932707666679797
[2021-09-25 08:06:14] epoch 109: train_loss: 0.0889639414033328, valid_loss: 0.10055055965979894, train_nll: 5.490895927543503, valid_nll: 6.7973616923892255
[2021-09-25 08:06:26] epoch 110: train_loss: 0.09135749814068449, valid_loss: 0.10171451357503732, train_nll: 5.650679428734893, valid_nll: 6.836802169484895
[2021-09-25 08:06:37] epoch 111: train_loss: 0.08985203573073464, valid_loss: 0.10053600246707599, train_nll: 5.516042546346535, valid_nll: 6.727677379271774
[2021-09-25 08:06:49] epoch 112: train_loss: 0.0890060253869528, valid_loss: 0.09946895577013493, train_nll: 5.524425164887009, valid_nll: 6.579842315158522
[2021-09-25 08:07:01] epoch 113: train_loss: 0.08861745637038658, valid_loss: 0.10113866689304511, train_nll: 5.473499667571551, valid_nll: 6.943320011332156
[2021-09-25 08:07:13] epoch 114: train_loss: 0.09340199312173772, valid_loss: 0.100902384147048, train_nll: 5.853411624390859, valid_nll: 6.757921802170057
[2021-09-25 08:07:24] epoch 115: train_loss: 0.09158334429322303, valid_loss: 0.10170157626271248, train_nll: 5.60564764634193, valid_nll: 6.6328080053848355
[2021-09-25 08:07:36] epoch 116: train_loss: 0.08957721269421878, valid_loss: 0.10010271519422531, train_nll: 5.515250957623442, valid_nll: 6.71849768604615
[2021-09-25 08:07:48] epoch 117: train_loss: 0.08970986274552756, valid_loss: 0.10149241052567959, train_nll: 5.530066150279708, valid_nll: 6.899036858363626
[2021-09-25 08:08:00] epoch 118: train_loss: 0.09045875160259077, valid_loss: 0.10024008837838967, train_nll: 5.5974812456313305, valid_nll: 6.473387254782957
[2021-09-25 08:08:11] epoch 119: train_loss: 0.08996516012254803, valid_loss: 0.1016874158134063, train_nll: 5.586377713971562, valid_nll: 6.64674387461249
[2021-09-25 08:08:23] epoch 120: train_loss: 0.08911949119948108, valid_loss: 0.09961380499104659, train_nll: 5.500663478003697, valid_nll: 6.668534269923341
[2021-09-25 08:08:34] epoch 121: train_loss: 0.08868557595829854, valid_loss: 0.09919072439273198, train_nll: 5.460688592412095, valid_nll: 6.3748283600941384
[2021-09-25 08:08:46] epoch 122: train_loss: 0.08847393996842291, valid_loss: 0.09995991426209609, train_nll: 5.464009807994784, valid_nll: 6.364954234511499
[2021-09-25 08:08:57] epoch 123: train_loss: 0.09468585406911784, valid_loss: 0.10206176402668159, train_nll: 5.84331178232496, valid_nll: 7.087261980067498
[2021-09-25 08:09:09] epoch 124: train_loss: 0.09217182195734704, valid_loss: 0.10019525264700253, train_nll: 5.738224042420348, valid_nll: 6.631453780698508
[2021-09-25 08:09:21] epoch 125: train_loss: 0.09078986807886896, valid_loss: 0.10028226114809513, train_nll: 5.573121232054711, valid_nll: 6.614390689928581
[2021-09-25 08:09:32] epoch 126: train_loss: 0.0906212936829904, valid_loss: 0.09948675024012725, train_nll: 5.589585062974011, valid_nll: 6.508192151840811
[2021-09-25 08:09:44] epoch 127: train_loss: 0.0893760287556155, valid_loss: 0.10041462567945321, train_nll: 5.541863473866855, valid_nll: 6.753802229718464
[2021-09-25 08:09:55] epoch 128: train_loss: 0.089049165747289, valid_loss: 0.10108330473303795, train_nll: 5.511944010328658, valid_nll: 6.848442106264841
[2021-09-25 08:10:07] epoch 129: train_loss: 0.09046026492684052, valid_loss: 0.09995290264487267, train_nll: 5.577610965719905, valid_nll: 6.426401735917712
[2021-09-25 08:10:19] epoch 130: train_loss: 0.089325872046509, valid_loss: 0.09991514434417088, train_nll: 5.550910024005015, valid_nll: 6.6254986016880055
[2021-09-25 08:10:30] epoch 131: train_loss: 0.08972803173565316, valid_loss: 0.10157009214162827, train_nll: 5.539490047148145, valid_nll: 6.974665085325546
[2021-09-25 08:10:42] epoch 132: train_loss: 0.08864848253627618, valid_loss: 0.09979914998014768, train_nll: 5.460622670354157, valid_nll: 6.773102035665602
[2021-09-25 08:10:53] epoch 133: train_loss: 0.09022247084769709, valid_loss: 0.10027001549800237, train_nll: 5.605066040644391, valid_nll: 6.5713043212890625
[2021-09-25 08:11:05] epoch 134: train_loss: 0.08950633358681338, valid_loss: 0.09904823824763298, train_nll: 5.531270239870869, valid_nll: 6.2641248291473675
[2021-09-25 08:11:17] epoch 135: train_loss: 0.08846053847208105, valid_loss: 0.09986877689758937, train_nll: 5.445355951647689, valid_nll: 6.456114878126649
[2021-09-25 08:11:29] epoch 136: train_loss: 0.08815757459265063, valid_loss: 0.1026487307002147, train_nll: 5.414382575558922, valid_nll: 7.340215400280693
[2021-09-25 08:11:40] epoch 137: train_loss: 0.0901592453706196, valid_loss: 0.09991056472063065, train_nll: 5.616680992884736, valid_nll: 6.727248258036028
[2021-09-25 08:11:52] epoch 138: train_loss: 0.08835152408172345, valid_loss: 0.10064959960679214, train_nll: 5.483594359916885, valid_nll: 6.841779111250257
[2021-09-25 08:12:03] epoch 139: train_loss: 0.08997638065410757, valid_loss: 0.10353475498656432, train_nll: 5.60746702953692, valid_nll: 7.065085863753958
[2021-09-25 08:12:15] epoch 140: train_loss: 0.09157327162208913, valid_loss: 0.10058554944892724, train_nll: 5.658102928623667, valid_nll: 6.677661774082434
[2021-09-25 08:12:26] epoch 141: train_loss: 0.0889196399513675, valid_loss: 0.09981252811849117, train_nll: 5.517243496197944, valid_nll: 6.572622889649353
[2021-09-25 08:12:38] epoch 142: train_loss: 0.09125871909247048, valid_loss: 0.10031404594580333, train_nll: 5.621513848064267, valid_nll: 6.6005665848894814
[2021-09-25 08:12:50] epoch 143: train_loss: 0.08861962489612486, valid_loss: 0.0996045774469773, train_nll: 5.4580991712394304, valid_nll: 6.606792514364447
[2021-09-25 08:13:01] epoch 144: train_loss: 0.09018025975460293, valid_loss: 0.10132386659582455, train_nll: 5.584195806145492, valid_nll: 6.663294593567696
[2021-09-25 08:13:13] epoch 145: train_loss: 0.08937680772666273, valid_loss: 0.09905677723387878, train_nll: 5.518367481573796, valid_nll: 6.323695556755138
[2021-09-25 08:13:24] epoch 146: train_loss: 0.08843907088726416, valid_loss: 0.10137517626086871, train_nll: 5.46381008617484, valid_nll: 6.417868723341493
[2021-09-25 08:13:36] epoch 147: train_loss: 0.08999799887767468, valid_loss: 0.1001846231520176, train_nll: 5.538776153802721, valid_nll: 6.642194737189259
[2021-09-25 08:13:48] epoch 148: train_loss: 0.09135008958735685, valid_loss: 0.10058545507490635, train_nll: 5.710045768832778, valid_nll: 6.257749904611098
[2021-09-25 08:13:59] epoch 149: train_loss: 0.08990995376103225, valid_loss: 0.09994319826364517, train_nll: 5.521451622857703, valid_nll: 6.705359267472773
[2021-09-25 08:14:11] epoch 150: train_loss: 0.09025681721067977, valid_loss: 0.10087660203377406, train_nll: 5.566529970476964, valid_nll: 7.082890766422923
[2021-09-25 08:14:22] epoch 151: train_loss: 0.08975815612437396, valid_loss: 0.09993534845610459, train_nll: 5.553063945846735, valid_nll: 6.357308464694426
[2021-09-25 08:14:34] epoch 152: train_loss: 0.09035759768181148, valid_loss: 0.10045568210383256, train_nll: 5.586258062558678, valid_nll: 6.7486073850019785
[2021-09-25 08:14:46] epoch 153: train_loss: 0.08884041460937467, valid_loss: 0.09992526036997636, train_nll: 5.4844938452471705, valid_nll: 6.608481802591464
[2021-09-25 08:14:57] epoch 154: train_loss: 0.08884790653213002, valid_loss: 0.09955588231484096, train_nll: 5.457911939554562, valid_nll: 6.412445726806182
[2021-09-25 08:15:16] epoch 155: train_loss: 0.09049516250432908, valid_loss: 0.10096089914441109, train_nll: 5.601505394650049, valid_nll: 6.784553427633604
[2021-09-25 08:15:27] epoch 156: train_loss: 0.08943753845818427, valid_loss: 0.10130141799648602, train_nll: 5.511455787035653, valid_nll: 6.650739315526794
[2021-09-25 08:15:39] epoch 157: train_loss: 0.09038382505291495, valid_loss: 0.10057452196876208, train_nll: 5.518762725746362, valid_nll: 7.067571443196309
[2021-09-25 08:15:50] epoch 158: train_loss: 0.0898515220260483, valid_loss: 0.10012076919277509, train_nll: 5.601725691605982, valid_nll: 6.514712364096579
[2021-09-25 08:16:02] epoch 159: train_loss: 0.09058436798467033, valid_loss: 0.09981330794592698, train_nll: 5.57012423796854, valid_nll: 6.757505606531426
[2021-09-25 08:16:14] epoch 160: train_loss: 0.08952714337956631, valid_loss: 0.09972513404985268, train_nll: 5.523893503228128, valid_nll: 6.606848496657151
[2021-09-25 08:16:25] epoch 161: train_loss: 0.08908144358930917, valid_loss: 0.10050385259091854, train_nll: 5.478903473215934, valid_nll: 6.293482581848946
[2021-09-25 08:16:36] epoch 162: train_loss: 0.08998622019486181, valid_loss: 0.10120423200229804, train_nll: 5.537165445978568, valid_nll: 6.5531626373920835
[2021-09-25 08:16:48] epoch 163: train_loss: 0.0897973199728234, valid_loss: 0.09889691323041916, train_nll: 5.537423307117367, valid_nll: 6.672882924607726
[2021-09-25 08:16:59] epoch 164: train_loss: 0.09118720674994348, valid_loss: 0.10620113151768844, train_nll: 5.613812724506083, valid_nll: 7.345364940994005
[2021-09-25 08:17:11] epoch 165: train_loss: 0.09447421944946394, valid_loss: 0.10170134467383225, train_nll: 5.817040503188562, valid_nll: 6.432127188562676
[2021-09-25 08:17:23] epoch 166: train_loss: 0.09216752449243233, valid_loss: 0.10088160323599975, train_nll: 5.662130027814464, valid_nll: 6.651270710728629
[2021-09-25 08:17:34] epoch 167: train_loss: 0.09130561045617208, valid_loss: 0.100340294962128, train_nll: 5.624708778975407, valid_nll: 6.458527298403054
[2021-09-25 08:17:46] epoch 168: train_loss: 0.09187008337727909, valid_loss: 0.09994032668570678, train_nll: 5.670043284441756, valid_nll: 6.730415573263258
[2021-09-25 08:17:57] epoch 169: train_loss: 0.08982303464549711, valid_loss: 0.10096217629810174, train_nll: 5.504676071041419, valid_nll: 7.003448815551529
[2021-09-25 08:18:09] epoch 170: train_loss: 0.0978830989621494, valid_loss: 0.10514750828345616, train_nll: 6.019728988805233, valid_nll: 6.5334011886625305
[2021-09-25 08:18:20] epoch 171: train_loss: 0.09427542682608654, valid_loss: 0.10196434830625851, train_nll: 5.803221981694965, valid_nll: 6.265160007727303
[2021-09-25 08:18:32] epoch 172: train_loss: 0.09164968777405119, valid_loss: 0.10128147589663665, train_nll: 5.651970349980145, valid_nll: 6.9306246702040335
[2021-09-25 08:18:43] epoch 173: train_loss: 0.09119188691350236, valid_loss: 0.10047756011287372, train_nll: 5.598212885086887, valid_nll: 6.769106394354442
[2021-09-25 08:18:55] epoch 174: train_loss: 0.0935457492910925, valid_loss: 0.10282959726949532, train_nll: 5.749339639599702, valid_nll: 7.006425567684209
[2021-09-25 08:19:06] epoch 175: train_loss: 0.09606029962499936, valid_loss: 0.10435310068229835, train_nll: 5.930529725428346, valid_nll: 7.657093556244869
[2021-09-25 08:19:18] epoch 176: train_loss: 0.09401081121344676, valid_loss: 0.10123528850575288, train_nll: 5.719702895921754, valid_nll: 6.8432130080003
[2021-09-25 08:19:29] epoch 177: train_loss: 0.09357268849237897, valid_loss: 0.10207944922149181, train_nll: 5.779458102507792, valid_nll: 6.256692854145902
[2021-09-25 08:19:41] epoch 178: train_loss: 0.09337752860510486, valid_loss: 0.10231493413448334, train_nll: 5.746978241372496, valid_nll: 6.675156555748344
[2021-09-25 08:19:52] epoch 179: train_loss: 0.09715104743238838, valid_loss: 0.10427218737701575, train_nll: 6.061838201944223, valid_nll: 6.676638776768439
[2021-09-25 08:20:04] epoch 180: train_loss: 0.09773792405666291, valid_loss: 0.10158328463633855, train_nll: 6.030248503917429, valid_nll: 6.492285250722803
[2021-09-25 08:20:15] epoch 181: train_loss: 0.09471308084568758, valid_loss: 0.1026462900141875, train_nll: 5.870438343312927, valid_nll: 6.835859058945532
[2021-09-25 08:20:27] epoch 182: train_loss: 0.09729873797931206, valid_loss: 0.10377643629908562, train_nll: 5.977198367934862, valid_nll: 7.080109830645191
[2021-09-25 08:20:39] epoch 183: train_loss: 0.09793779528004, valid_loss: 0.10598198076089223, train_nll: 6.110675995298065, valid_nll: 7.041811315024772
[2021-09-25 08:20:50] epoch 184: train_loss: 0.09925329704479925, valid_loss: 0.10360085529585679, train_nll: 6.117732746537211, valid_nll: 6.616835044875154
[2021-09-25 08:21:01] epoch 185: train_loss: 0.09521715822576106, valid_loss: 0.10366993645826976, train_nll: 5.842980379393191, valid_nll: 7.135762914260377
[2021-09-25 08:21:13] epoch 186: train_loss: 0.09549224535110352, valid_loss: 0.10230517697830994, train_nll: 5.884095934328336, valid_nll: 6.535833920591544
[2021-09-25 08:21:24] epoch 187: train_loss: 0.09957485583921273, valid_loss: 0.10661804800232251, train_nll: 6.191113974480066, valid_nll: 6.905655522731187
[2021-09-25 08:21:36] epoch 188: train_loss: 0.10122671787594927, valid_loss: 0.10712794711192448, train_nll: 6.322141667060345, valid_nll: 7.221063266775621
[2021-09-25 08:21:48] epoch 189: train_loss: 0.10398419779436342, valid_loss: 0.11068198767801125, train_nll: 6.386337941144181, valid_nll: 7.67426699411131
[2021-09-25 08:21:59] epoch 190: train_loss: 0.10146364340580058, valid_loss: 0.10431346793969472, train_nll: 6.271265701644907, valid_nll: 6.863200189472363
[2021-09-25 08:22:10] epoch 191: train_loss: 0.10207809854684205, valid_loss: 0.10529047871629398, train_nll: 6.29341702884852, valid_nll: 6.633445324638323
[2021-09-25 08:22:22] epoch 192: train_loss: 0.09888469928811336, valid_loss: 0.10289947502315044, train_nll: 6.152319348494849, valid_nll: 6.711604435045769
[2021-09-25 08:22:33] epoch 193: train_loss: 0.10241147415476969, valid_loss: 0.10711788261930148, train_nll: 6.374555821608934, valid_nll: 7.017294964244621
[2021-09-25 08:22:45] epoch 194: train_loss: 0.10175833478569984, valid_loss: 0.1055862307548523, train_nll: 6.226227233268511, valid_nll: 6.966638361088107
[2021-09-25 08:22:57] epoch 195: train_loss: 0.1019093474780006, valid_loss: 0.10728648739556472, train_nll: 6.332100661552061, valid_nll: 6.885449507894033
[2021-09-25 08:23:08] epoch 196: train_loss: 0.10345350053889313, valid_loss: 0.10987493519981702, train_nll: 6.420311477220015, valid_nll: 6.784515395173436
[2021-09-25 08:23:19] epoch 197: train_loss: 0.10526796798596437, valid_loss: 0.10864586258927982, train_nll: 6.559557272980902, valid_nll: 7.294305597416232
[2021-09-25 08:23:31] epoch 198: train_loss: 0.10466337732799437, valid_loss: 0.1140737384557724, train_nll: 6.5573948966624185, valid_nll: 7.792925135056029
[2021-09-25 08:23:43] epoch 199: train_loss: 0.10521786749876778, valid_loss: 0.11239009785155456, train_nll: 6.697503206824974, valid_nll: 7.59118582204851
[2021-09-25 08:23:54] epoch 200: train_loss: 0.10651976499578049, valid_loss: 0.10960353103776772, train_nll: 6.688169965967394, valid_nll: 7.211460993840144
[2021-09-25 08:24:05] epoch 201: train_loss: 0.10545784772384441, valid_loss: 0.10764087115724881, train_nll: 6.615140666587364, valid_nll: 6.9975793634525605
[2021-09-25 08:24:17] epoch 202: train_loss: 0.10614326626233671, valid_loss: 0.11074237090845902, train_nll: 6.579539673920547, valid_nll: 6.589916465430054
[2021-09-25 08:24:29] epoch 203: train_loss: 0.10858765535656063, valid_loss: 0.11042788003881772, train_nll: 6.794303783763685, valid_nll: 7.316178670743617
[2021-09-25 08:24:40] epoch 204: train_loss: 0.10651593925110225, valid_loss: 0.10965304697553317, train_nll: 6.63657221700552, valid_nll: 7.247013929413586
[2021-09-25 08:24:52] epoch 205: train_loss: 0.10602688592398303, valid_loss: 0.1077573752651612, train_nll: 6.6482596476889535, valid_nll: 7.152302568446404
[2021-09-25 08:25:03] epoch 206: train_loss: 0.10526568907173886, valid_loss: 0.10764565380911033, train_nll: 6.580260737834285, valid_nll: 7.21378400849133
[2021-09-25 08:25:14] epoch 207: train_loss: 0.10461032315660482, valid_loss: 0.11211796353260677, train_nll: 6.527118363292893, valid_nll: 6.855599737972525
[2021-09-25 08:25:26] epoch 208: train_loss: 0.10563950750163231, valid_loss: 0.1079925677428643, train_nll: 6.632269015516453, valid_nll: 7.095214657667206
[2021-09-25 08:25:38] epoch 209: train_loss: 0.10629914598218326, valid_loss: 0.10764678443471591, train_nll: 6.641821888434432, valid_nll: 6.910007355137122
[2021-09-25 08:25:49] epoch 210: train_loss: 0.1039897663326099, valid_loss: 0.10631855577230453, train_nll: 6.464005335244129, valid_nll: 6.952219349358364
[2021-09-25 08:26:00] epoch 211: train_loss: 0.10588506202416859, valid_loss: 0.11086347264548142, train_nll: 6.64328319117298, valid_nll: 6.971994024280312
[2021-09-25 08:26:12] epoch 212: train_loss: 0.10768251305167702, valid_loss: 0.11273379375537236, train_nll: 6.744802816680374, valid_nll: 7.571793504324908
[2021-09-25 08:26:24] epoch 213: train_loss: 0.10657491081062405, valid_loss: 0.11002870400746663, train_nll: 6.669076855561481, valid_nll: 7.6324638953575725
[2021-09-25 08:26:35] epoch 214: train_loss: 0.10509763732980723, valid_loss: 0.10788653542598088, train_nll: 6.575026647982705, valid_nll: 7.229686042828587
[2021-09-25 08:26:47] epoch 215: train_loss: 0.1059347896397799, valid_loss: 0.11708512591818969, train_nll: 6.604721726986848, valid_nll: 7.5304151037620555
[2021-09-25 08:26:58] epoch 216: train_loss: 0.11385124964618135, valid_loss: 0.11495861907800038, train_nll: 7.105276725593562, valid_nll: 8.493340783897528
[2021-09-25 08:27:10] epoch 217: train_loss: 0.10844739515805381, valid_loss: 0.10948816686868668, train_nll: 6.848109947022669, valid_nll: 7.187562552446719
[2021-09-25 08:27:21] epoch 218: train_loss: 0.10863968682871468, valid_loss: 0.11275044828653336, train_nll: 6.863589968402619, valid_nll: 7.347484724606627
[2021-09-25 08:27:33] epoch 219: train_loss: 0.10786233514804265, valid_loss: 0.11011020715037982, train_nll: 6.705895797591039, valid_nll: 7.211550327895059
[2021-09-25 08:27:44] epoch 220: train_loss: 0.10905905733762801, valid_loss: 0.11320582032203674, train_nll: 6.901173572496011, valid_nll: 7.579110923895916
[2021-09-25 08:27:56] epoch 221: train_loss: 0.10940448507324033, valid_loss: 0.11295428251226743, train_nll: 6.862948832820805, valid_nll: 7.13267631602332
[2021-09-25 08:28:07] epoch 222: train_loss: 0.10866207239785414, valid_loss: 0.11293049218753974, train_nll: 6.774561541320453, valid_nll: 7.60320297727889
[2021-09-25 08:28:19] epoch 223: train_loss: 0.11071733826364594, valid_loss: 0.11642023796836536, train_nll: 6.921214681457532, valid_nll: 8.224913248201696
[2021-09-25 08:28:31] epoch 224: train_loss: 0.10872385154167812, valid_loss: 0.11031124989191692, train_nll: 6.792823335092565, valid_nll: 7.349043568795438
[2021-09-25 08:28:42] epoch 225: train_loss: 0.10817025640401347, valid_loss: 0.11092110785345237, train_nll: 6.743807028556931, valid_nll: 7.220522953913762
[2021-09-25 08:28:54] epoch 226: train_loss: 0.10725603017142449, valid_loss: 0.1132829301059246, train_nll: 6.740216449384172, valid_nll: 7.357052629481561
[2021-09-25 08:29:05] epoch 227: train_loss: 0.10740116551175885, valid_loss: 0.11086177018781503, train_nll: 6.764027437144479, valid_nll: 7.45901536494214
[2021-09-25 08:29:17] epoch 228: train_loss: 0.10883879122035257, valid_loss: 0.11534383334219456, train_nll: 6.877269513045063, valid_nll: 7.250058415683081
[2021-09-25 08:29:28] epoch 229: train_loss: 0.10834282987761772, valid_loss: 0.11106988973915577, train_nll: 6.904894139550864, valid_nll: 7.012562821551067
[2021-09-25 08:29:40] epoch 230: train_loss: 0.10635070802494027, valid_loss: 0.11029415888090928, train_nll: 6.674077967949421, valid_nll: 7.168161145294361
[2021-09-25 08:29:51] epoch 231: train_loss: 0.10777142922254815, valid_loss: 0.11537581620117028, train_nll: 6.708291125614498, valid_nll: 7.835283232898247
[2021-09-25 08:30:03] epoch 232: train_loss: 0.1116775018644744, valid_loss: 0.11421535598735015, train_nll: 6.894717203411127, valid_nll: 8.177049633262305
[2021-09-25 08:30:14] epoch 233: train_loss: nan, valid_loss: nan, train_nll: nan, valid_nll: nan
[2021-09-25 08:30:26] epoch 234: train_loss: nan, valid_loss: nan, train_nll: nan, valid_nll: nan
[2021-09-25 08:30:37] epoch 235: train_loss: nan, valid_loss: nan, train_nll: nan, valid_nll: nan
[2021-09-25 08:30:48] epoch 236: train_loss: nan, valid_loss: nan, train_nll: nan, valid_nll: nan
[2021-09-25 08:30:59] epoch 237: train_loss: nan, valid_loss: nan, train_nll: nan, valid_nll: nan
[2021-09-25 08:31:11] epoch 238: train_loss: nan, valid_loss: nan, train_nll: nan, valid_nll: nan
[2021-09-25 08:31:22] epoch 239: train_loss: nan, valid_loss: nan, train_nll: nan, valid_nll: nan
[2021-09-25 08:31:33] epoch 240: train_loss: nan, valid_loss: nan, train_nll: nan, valid_nll: nan
[2021-09-25 08:31:45] epoch 241: train_loss: nan, valid_loss: nan, train_nll: nan, valid_nll: nan
[2021-09-25 08:31:56] epoch 242: train_loss: nan, valid_loss: nan, train_nll: nan, valid_nll: nan
[2021-09-25 08:32:07] epoch 243: train_loss: nan, valid_loss: nan, train_nll: nan, valid_nll: nan
[2021-09-25 08:32:19] epoch 244: train_loss: nan, valid_loss: nan, train_nll: nan, valid_nll: nan
[2021-09-25 08:32:30] epoch 245: train_loss: nan, valid_loss: nan, train_nll: nan, valid_nll: nan
[2021-09-25 08:32:41] epoch 246: train_loss: nan, valid_loss: nan, train_nll: nan, valid_nll: nan
[2021-09-25 08:32:53] epoch 247: train_loss: nan, valid_loss: nan, train_nll: nan, valid_nll: nan
[2021-09-25 08:33:04] epoch 248: train_loss: nan, valid_loss: nan, train_nll: nan, valid_nll: nan
[2021-09-25 08:33:15] epoch 249: train_loss: nan, valid_loss: nan, train_nll: nan, valid_nll: nan
[2021-09-25 08:33:27] epoch 250: train_loss: nan, valid_loss: nan, train_nll: nan, valid_nll: nan
[2021-09-25 08:33:38] epoch 251: train_loss: nan, valid_loss: nan, train_nll: nan, valid_nll: nan
[2021-09-25 08:33:49] epoch 252: train_loss: nan, valid_loss: nan, train_nll: nan, valid_nll: nan
[2021-09-25 08:34:00] epoch 253: train_loss: nan, valid_loss: nan, train_nll: nan, valid_nll: nan
[2021-09-25 08:34:12] epoch 254: train_loss: nan, valid_loss: nan, train_nll: nan, valid_nll: nan
[2021-09-25 08:34:23] epoch 255: train_loss: nan, valid_loss: nan, train_nll: nan, valid_nll: nan
[2021-09-25 08:34:34] epoch 256: train_loss: nan, valid_loss: nan, train_nll: nan, valid_nll: nan
[2021-09-25 08:34:46] epoch 257: train_loss: nan, valid_loss: nan, train_nll: nan, valid_nll: nan
[2021-09-25 08:34:57] epoch 258: train_loss: nan, valid_loss: nan, train_nll: nan, valid_nll: nan
[2021-09-25 08:35:08] epoch 259: train_loss: nan, valid_loss: nan, train_nll: nan, valid_nll: nan
[2021-09-25 08:35:20] epoch 260: train_loss: nan, valid_loss: nan, train_nll: nan, valid_nll: nan
[2021-09-25 08:35:31] epoch 261: train_loss: nan, valid_loss: nan, train_nll: nan, valid_nll: nan
[2021-09-25 08:35:42] epoch 262: train_loss: nan, valid_loss: nan, train_nll: nan, valid_nll: nan
[2021-09-25 08:35:54] epoch 263: train_loss: nan, valid_loss: nan, train_nll: nan, valid_nll: nan
[2021-09-25 08:36:05] epoch 264: train_loss: nan, valid_loss: nan, train_nll: nan, valid_nll: nan
[2021-09-25 08:36:16] epoch 265: train_loss: nan, valid_loss: nan, train_nll: nan, valid_nll: nan
[2021-09-25 08:36:27] epoch 266: train_loss: nan, valid_loss: nan, train_nll: nan, valid_nll: nan
[2021-09-25 08:36:39] epoch 267: train_loss: nan, valid_loss: nan, train_nll: nan, valid_nll: nan
[2021-09-25 08:36:50] epoch 268: train_loss: nan, valid_loss: nan, train_nll: nan, valid_nll: nan
[2021-09-25 08:37:01] epoch 269: train_loss: nan, valid_loss: nan, train_nll: nan, valid_nll: nan
[2021-09-25 08:37:13] epoch 270: train_loss: nan, valid_loss: nan, train_nll: nan, valid_nll: nan
[2021-09-25 08:37:24] epoch 271: train_loss: nan, valid_loss: nan, train_nll: nan, valid_nll: nan
[2021-09-25 08:37:36] epoch 272: train_loss: nan, valid_loss: nan, train_nll: nan, valid_nll: nan
[2021-09-25 08:37:47] epoch 273: train_loss: nan, valid_loss: nan, train_nll: nan, valid_nll: nan
[2021-09-25 08:37:58] epoch 274: train_loss: nan, valid_loss: nan, train_nll: nan, valid_nll: nan
[2021-09-25 08:38:10] epoch 275: train_loss: nan, valid_loss: nan, train_nll: nan, valid_nll: nan
[2021-09-25 08:38:21] epoch 276: train_loss: nan, valid_loss: nan, train_nll: nan, valid_nll: nan
[2021-09-25 08:38:32] epoch 277: train_loss: nan, valid_loss: nan, train_nll: nan, valid_nll: nan
[2021-09-25 08:38:44] epoch 278: train_loss: nan, valid_loss: nan, train_nll: nan, valid_nll: nan
[2021-09-25 08:38:55] epoch 279: train_loss: nan, valid_loss: nan, train_nll: nan, valid_nll: nan
[2021-09-25 08:39:07] epoch 280: train_loss: nan, valid_loss: nan, train_nll: nan, valid_nll: nan
[2021-09-25 08:39:18] epoch 281: train_loss: nan, valid_loss: nan, train_nll: nan, valid_nll: nan
[2021-09-25 08:39:29] epoch 282: train_loss: nan, valid_loss: nan, train_nll: nan, valid_nll: nan
[2021-09-25 08:39:41] epoch 283: train_loss: nan, valid_loss: nan, train_nll: nan, valid_nll: nan
[2021-09-25 08:39:52] epoch 284: train_loss: nan, valid_loss: nan, train_nll: nan, valid_nll: nan
[2021-09-25 08:40:03] epoch 285: train_loss: nan, valid_loss: nan, train_nll: nan, valid_nll: nan
[2021-09-25 08:40:15] epoch 286: train_loss: nan, valid_loss: nan, train_nll: nan, valid_nll: nan
[2021-09-25 08:40:26] epoch 287: train_loss: nan, valid_loss: nan, train_nll: nan, valid_nll: nan
[2021-09-25 08:40:37] epoch 288: train_loss: nan, valid_loss: nan, train_nll: nan, valid_nll: nan
[2021-09-25 08:40:49] epoch 289: train_loss: nan, valid_loss: nan, train_nll: nan, valid_nll: nan
[2021-09-25 08:41:00] epoch 290: train_loss: nan, valid_loss: nan, train_nll: nan, valid_nll: nan
[2021-09-25 08:41:11] epoch 291: train_loss: nan, valid_loss: nan, train_nll: nan, valid_nll: nan
[2021-09-25 08:41:23] epoch 292: train_loss: nan, valid_loss: nan, train_nll: nan, valid_nll: nan
[2021-09-25 08:41:34] epoch 293: train_loss: nan, valid_loss: nan, train_nll: nan, valid_nll: nan
[2021-09-25 08:41:46] epoch 294: train_loss: nan, valid_loss: nan, train_nll: nan, valid_nll: nan
[2021-09-25 08:41:57] epoch 295: train_loss: nan, valid_loss: nan, train_nll: nan, valid_nll: nan
[2021-09-25 08:42:09] epoch 296: train_loss: nan, valid_loss: nan, train_nll: nan, valid_nll: nan
[2021-09-25 08:42:20] epoch 297: train_loss: nan, valid_loss: nan, train_nll: nan, valid_nll: nan
[2021-09-25 08:42:31] epoch 298: train_loss: nan, valid_loss: nan, train_nll: nan, valid_nll: nan
[2021-09-25 08:42:43] epoch 299: train_loss: nan, valid_loss: nan, train_nll: nan, valid_nll: nan
[2021-09-25 08:42:54] epoch 300: train_loss: nan, valid_loss: nan, train_nll: nan, valid_nll: nan
[2021-09-25 08:43:05] epoch 301: train_loss: nan, valid_loss: nan, train_nll: nan, valid_nll: nan
[2021-09-25 08:43:16] epoch 302: train_loss: nan, valid_loss: nan, train_nll: nan, valid_nll: nan
[2021-09-25 08:43:28] epoch 303: train_loss: nan, valid_loss: nan, train_nll: nan, valid_nll: nan
[2021-09-25 08:43:39] epoch 304: train_loss: nan, valid_loss: nan, train_nll: nan, valid_nll: nan
[2021-09-25 08:43:51] epoch 305: train_loss: nan, valid_loss: nan, train_nll: nan, valid_nll: nan
[2021-09-25 08:44:02] epoch 306: train_loss: nan, valid_loss: nan, train_nll: nan, valid_nll: nan
[2021-09-25 08:44:13] epoch 307: train_loss: nan, valid_loss: nan, train_nll: nan, valid_nll: nan
[2021-09-25 08:44:24] epoch 308: train_loss: nan, valid_loss: nan, train_nll: nan, valid_nll: nan
[2021-09-25 08:44:36] epoch 309: train_loss: nan, valid_loss: nan, train_nll: nan, valid_nll: nan
[2021-09-25 08:44:47] epoch 310: train_loss: nan, valid_loss: nan, train_nll: nan, valid_nll: nan
[2021-09-25 08:44:58] epoch 311: train_loss: nan, valid_loss: nan, train_nll: nan, valid_nll: nan
[2021-09-25 08:45:10] epoch 312: train_loss: nan, valid_loss: nan, train_nll: nan, valid_nll: nan
[2021-09-25 08:45:21] epoch 313: train_loss: nan, valid_loss: nan, train_nll: nan, valid_nll: nan
[2021-09-25 08:45:32] epoch 314: train_loss: nan, valid_loss: nan, train_nll: nan, valid_nll: nan
[2021-09-25 08:45:44] epoch 315: train_loss: nan, valid_loss: nan, train_nll: nan, valid_nll: nan
[2021-09-25 08:45:55] epoch 316: train_loss: nan, valid_loss: nan, train_nll: nan, valid_nll: nan
[2021-09-25 08:46:06] epoch 317: train_loss: nan, valid_loss: nan, train_nll: nan, valid_nll: nan
[2021-09-25 08:46:18] epoch 318: train_loss: nan, valid_loss: nan, train_nll: nan, valid_nll: nan
[2021-09-25 08:46:29] epoch 319: train_loss: nan, valid_loss: nan, train_nll: nan, valid_nll: nan
[2021-09-25 08:46:40] epoch 320: train_loss: nan, valid_loss: nan, train_nll: nan, valid_nll: nan
[2021-09-25 08:46:52] epoch 321: train_loss: nan, valid_loss: nan, train_nll: nan, valid_nll: nan
[2021-09-25 08:47:03] epoch 322: train_loss: nan, valid_loss: nan, train_nll: nan, valid_nll: nan
[2021-09-25 08:47:14] epoch 323: train_loss: nan, valid_loss: nan, train_nll: nan, valid_nll: nan
[2021-09-25 08:47:26] epoch 324: train_loss: nan, valid_loss: nan, train_nll: nan, valid_nll: nan
[2021-09-25 08:47:37] epoch 325: train_loss: nan, valid_loss: nan, train_nll: nan, valid_nll: nan
[2021-09-25 08:47:48] epoch 326: train_loss: nan, valid_loss: nan, train_nll: nan, valid_nll: nan
[2021-09-25 08:48:00] epoch 327: train_loss: nan, valid_loss: nan, train_nll: nan, valid_nll: nan
[2021-09-25 08:48:11] epoch 328: train_loss: nan, valid_loss: nan, train_nll: nan, valid_nll: nan
[2021-09-25 08:48:23] epoch 329: train_loss: nan, valid_loss: nan, train_nll: nan, valid_nll: nan
[2021-09-25 08:48:34] epoch 330: train_loss: nan, valid_loss: nan, train_nll: nan, valid_nll: nan
[2021-09-25 08:48:45] epoch 331: train_loss: nan, valid_loss: nan, train_nll: nan, valid_nll: nan
[2021-09-25 08:48:57] epoch 332: train_loss: nan, valid_loss: nan, train_nll: nan, valid_nll: nan
[2021-09-25 08:49:08] epoch 333: train_loss: nan, valid_loss: nan, train_nll: nan, valid_nll: nan
[2021-09-25 08:49:19] epoch 334: train_loss: nan, valid_loss: nan, train_nll: nan, valid_nll: nan
[2021-09-25 08:49:31] epoch 335: train_loss: nan, valid_loss: nan, train_nll: nan, valid_nll: nan
[2021-09-25 08:49:42] epoch 336: train_loss: nan, valid_loss: nan, train_nll: nan, valid_nll: nan
[2021-09-25 08:49:53] epoch 337: train_loss: nan, valid_loss: nan, train_nll: nan, valid_nll: nan
[2021-09-25 08:50:04] epoch 338: train_loss: nan, valid_loss: nan, train_nll: nan, valid_nll: nan
[2021-09-25 08:50:16] epoch 339: train_loss: nan, valid_loss: nan, train_nll: nan, valid_nll: nan
[2021-09-25 08:50:27] epoch 340: train_loss: nan, valid_loss: nan, train_nll: nan, valid_nll: nan
[2021-09-25 08:50:38] epoch 341: train_loss: nan, valid_loss: nan, train_nll: nan, valid_nll: nan
[2021-09-25 08:50:50] epoch 342: train_loss: nan, valid_loss: nan, train_nll: nan, valid_nll: nan
[2021-09-25 08:51:01] epoch 343: train_loss: nan, valid_loss: nan, train_nll: nan, valid_nll: nan
[2021-09-25 08:51:12] epoch 344: train_loss: nan, valid_loss: nan, train_nll: nan, valid_nll: nan
[2021-09-25 08:51:24] epoch 345: train_loss: nan, valid_loss: nan, train_nll: nan, valid_nll: nan
[2021-09-25 08:51:35] epoch 346: train_loss: nan, valid_loss: nan, train_nll: nan, valid_nll: nan
[2021-09-25 08:51:50] epoch 347: train_loss: nan, valid_loss: nan, train_nll: nan, valid_nll: nan
[2021-09-25 08:52:02] epoch 348: train_loss: nan, valid_loss: nan, train_nll: nan, valid_nll: nan
[2021-09-25 08:52:13] epoch 349: train_loss: nan, valid_loss: nan, train_nll: nan, valid_nll: nan
[2021-09-25 08:52:24] epoch 350: train_loss: nan, valid_loss: nan, train_nll: nan, valid_nll: nan
[2021-09-25 08:52:35] epoch 351: train_loss: nan, valid_loss: nan, train_nll: nan, valid_nll: nan
[2021-09-25 08:52:47] epoch 352: train_loss: nan, valid_loss: nan, train_nll: nan, valid_nll: nan
[2021-09-25 08:52:58] epoch 353: train_loss: nan, valid_loss: nan, train_nll: nan, valid_nll: nan
[2021-09-25 08:53:10] epoch 354: train_loss: nan, valid_loss: nan, train_nll: nan, valid_nll: nan
[2021-09-25 08:53:21] epoch 355: train_loss: nan, valid_loss: nan, train_nll: nan, valid_nll: nan
[2021-09-25 08:53:33] epoch 356: train_loss: nan, valid_loss: nan, train_nll: nan, valid_nll: nan
[2021-09-25 08:53:44] epoch 357: train_loss: nan, valid_loss: nan, train_nll: nan, valid_nll: nan
[2021-09-25 08:53:56] epoch 358: train_loss: nan, valid_loss: nan, train_nll: nan, valid_nll: nan
[2021-09-25 08:54:07] epoch 359: train_loss: nan, valid_loss: nan, train_nll: nan, valid_nll: nan
[2021-09-25 08:54:18] epoch 360: train_loss: nan, valid_loss: nan, train_nll: nan, valid_nll: nan
[2021-09-25 08:54:30] epoch 361: train_loss: nan, valid_loss: nan, train_nll: nan, valid_nll: nan
[2021-09-25 08:54:41] epoch 362: train_loss: nan, valid_loss: nan, train_nll: nan, valid_nll: nan
[2021-09-25 08:54:52] epoch 363: train_loss: nan, valid_loss: nan, train_nll: nan, valid_nll: nan
[2021-09-25 08:55:04] epoch 364: train_loss: nan, valid_loss: nan, train_nll: nan, valid_nll: nan
[2021-09-25 08:55:15] epoch 365: train_loss: nan, valid_loss: nan, train_nll: nan, valid_nll: nan
[2021-09-25 08:55:26] epoch 366: train_loss: nan, valid_loss: nan, train_nll: nan, valid_nll: nan
[2021-09-25 08:55:37] epoch 367: train_loss: nan, valid_loss: nan, train_nll: nan, valid_nll: nan
[2021-09-25 08:55:49] epoch 368: train_loss: nan, valid_loss: nan, train_nll: nan, valid_nll: nan
[2021-09-25 08:56:00] epoch 369: train_loss: nan, valid_loss: nan, train_nll: nan, valid_nll: nan
[2021-09-25 08:56:11] epoch 370: train_loss: nan, valid_loss: nan, train_nll: nan, valid_nll: nan
[2021-09-25 08:56:23] epoch 371: train_loss: nan, valid_loss: nan, train_nll: nan, valid_nll: nan
[2021-09-25 08:56:34] epoch 372: train_loss: nan, valid_loss: nan, train_nll: nan, valid_nll: nan
[2021-09-25 08:56:45] epoch 373: train_loss: nan, valid_loss: nan, train_nll: nan, valid_nll: nan
[2021-09-25 08:56:57] epoch 374: train_loss: nan, valid_loss: nan, train_nll: nan, valid_nll: nan
[2021-09-25 08:57:08] epoch 375: train_loss: nan, valid_loss: nan, train_nll: nan, valid_nll: nan
[2021-09-25 08:57:19] epoch 376: train_loss: nan, valid_loss: nan, train_nll: nan, valid_nll: nan
[2021-09-25 08:57:30] epoch 377: train_loss: nan, valid_loss: nan, train_nll: nan, valid_nll: nan
[2021-09-25 08:57:42] epoch 378: train_loss: nan, valid_loss: nan, train_nll: nan, valid_nll: nan
[2021-09-25 08:57:53] epoch 379: train_loss: nan, valid_loss: nan, train_nll: nan, valid_nll: nan
[2021-09-25 08:58:04] epoch 380: train_loss: nan, valid_loss: nan, train_nll: nan, valid_nll: nan
[2021-09-25 08:58:16] epoch 381: train_loss: nan, valid_loss: nan, train_nll: nan, valid_nll: nan
[2021-09-25 08:58:27] epoch 382: train_loss: nan, valid_loss: nan, train_nll: nan, valid_nll: nan
[2021-09-25 08:58:38] epoch 383: train_loss: nan, valid_loss: nan, train_nll: nan, valid_nll: nan
[2021-09-25 08:58:50] epoch 384: train_loss: nan, valid_loss: nan, train_nll: nan, valid_nll: nan
[2021-09-25 08:59:01] epoch 385: train_loss: nan, valid_loss: nan, train_nll: nan, valid_nll: nan
[2021-09-25 08:59:12] epoch 386: train_loss: nan, valid_loss: nan, train_nll: nan, valid_nll: nan
[2021-09-25 08:59:24] epoch 387: train_loss: nan, valid_loss: nan, train_nll: nan, valid_nll: nan
[2021-09-25 08:59:35] epoch 388: train_loss: nan, valid_loss: nan, train_nll: nan, valid_nll: nan
[2021-09-25 08:59:46] epoch 389: train_loss: nan, valid_loss: nan, train_nll: nan, valid_nll: nan
[2021-09-25 08:59:57] epoch 390: train_loss: nan, valid_loss: nan, train_nll: nan, valid_nll: nan
[2021-09-25 09:00:09] epoch 391: train_loss: nan, valid_loss: nan, train_nll: nan, valid_nll: nan
[2021-09-25 09:00:20] epoch 392: train_loss: nan, valid_loss: nan, train_nll: nan, valid_nll: nan
[2021-09-25 09:00:31] epoch 393: train_loss: nan, valid_loss: nan, train_nll: nan, valid_nll: nan
[2021-09-25 09:00:43] epoch 394: train_loss: nan, valid_loss: nan, train_nll: nan, valid_nll: nan
[2021-09-25 09:00:54] epoch 395: train_loss: nan, valid_loss: nan, train_nll: nan, valid_nll: nan
[2021-09-25 09:01:05] epoch 396: train_loss: nan, valid_loss: nan, train_nll: nan, valid_nll: nan
[2021-09-25 09:01:16] epoch 397: train_loss: nan, valid_loss: nan, train_nll: nan, valid_nll: nan
[2021-09-25 09:01:28] epoch 398: train_loss: nan, valid_loss: nan, train_nll: nan, valid_nll: nan
[2021-09-25 09:01:39] epoch 399: train_loss: nan, valid_loss: nan, train_nll: nan, valid_nll: nan
[2021-09-25 09:01:50] epoch 400: train_loss: nan, valid_loss: nan, train_nll: nan, valid_nll: nan
[2021-09-25 09:02:02] epoch 401: train_loss: nan, valid_loss: nan, train_nll: nan, valid_nll: nan
[2021-09-25 09:02:13] epoch 402: train_loss: nan, valid_loss: nan, train_nll: nan, valid_nll: nan
[2021-09-25 09:02:24] epoch 403: train_loss: nan, valid_loss: nan, train_nll: nan, valid_nll: nan
[2021-09-25 09:02:36] epoch 404: train_loss: nan, valid_loss: nan, train_nll: nan, valid_nll: nan
[2021-09-25 09:02:47] epoch 405: train_loss: nan, valid_loss: nan, train_nll: nan, valid_nll: nan
[2021-09-25 09:02:58] epoch 406: train_loss: nan, valid_loss: nan, train_nll: nan, valid_nll: nan
[2021-09-25 09:03:09] epoch 407: train_loss: nan, valid_loss: nan, train_nll: nan, valid_nll: nan
[2021-09-25 09:03:21] epoch 408: train_loss: nan, valid_loss: nan, train_nll: nan, valid_nll: nan
[2021-09-25 09:03:32] epoch 409: train_loss: nan, valid_loss: nan, train_nll: nan, valid_nll: nan
[2021-09-25 09:03:43] epoch 410: train_loss: nan, valid_loss: nan, train_nll: nan, valid_nll: nan
[2021-09-25 09:03:55] epoch 411: train_loss: nan, valid_loss: nan, train_nll: nan, valid_nll: nan
[2021-09-25 09:04:06] epoch 412: train_loss: nan, valid_loss: nan, train_nll: nan, valid_nll: nan
[2021-09-25 09:04:21] epoch 413: train_loss: nan, valid_loss: nan, train_nll: nan, valid_nll: nan
[2021-09-25 09:04:33] epoch 414: train_loss: nan, valid_loss: nan, train_nll: nan, valid_nll: nan
[2021-09-25 09:04:44] epoch 415: train_loss: nan, valid_loss: nan, train_nll: nan, valid_nll: nan
[2021-09-25 09:04:55] epoch 416: train_loss: nan, valid_loss: nan, train_nll: nan, valid_nll: nan
[2021-09-25 09:05:07] epoch 417: train_loss: nan, valid_loss: nan, train_nll: nan, valid_nll: nan
[2021-09-25 09:05:18] epoch 418: train_loss: nan, valid_loss: nan, train_nll: nan, valid_nll: nan
[2021-09-25 09:05:29] epoch 419: train_loss: nan, valid_loss: nan, train_nll: nan, valid_nll: nan
[2021-09-25 09:05:41] epoch 420: train_loss: nan, valid_loss: nan, train_nll: nan, valid_nll: nan
[2021-09-25 09:05:52] epoch 421: train_loss: nan, valid_loss: nan, train_nll: nan, valid_nll: nan
[2021-09-25 09:06:03] epoch 422: train_loss: nan, valid_loss: nan, train_nll: nan, valid_nll: nan
[2021-09-25 09:06:15] epoch 423: train_loss: nan, valid_loss: nan, train_nll: nan, valid_nll: nan
[2021-09-25 09:06:26] epoch 424: train_loss: nan, valid_loss: nan, train_nll: nan, valid_nll: nan
[2021-09-25 09:06:38] epoch 425: train_loss: nan, valid_loss: nan, train_nll: nan, valid_nll: nan
[2021-09-25 09:06:49] epoch 426: train_loss: nan, valid_loss: nan, train_nll: nan, valid_nll: nan
[2021-09-25 09:07:01] epoch 427: train_loss: nan, valid_loss: nan, train_nll: nan, valid_nll: nan
[2021-09-25 09:07:12] epoch 428: train_loss: nan, valid_loss: nan, train_nll: nan, valid_nll: nan
[2021-09-25 09:07:23] epoch 429: train_loss: nan, valid_loss: nan, train_nll: nan, valid_nll: nan
[2021-09-25 09:07:35] epoch 430: train_loss: nan, valid_loss: nan, train_nll: nan, valid_nll: nan
[2021-09-25 09:07:46] epoch 431: train_loss: nan, valid_loss: nan, train_nll: nan, valid_nll: nan
[2021-09-25 09:07:57] epoch 432: train_loss: nan, valid_loss: nan, train_nll: nan, valid_nll: nan
[2021-09-25 09:08:09] epoch 433: train_loss: nan, valid_loss: nan, train_nll: nan, valid_nll: nan
[2021-09-25 09:08:20] epoch 434: train_loss: nan, valid_loss: nan, train_nll: nan, valid_nll: nan
[2021-09-25 09:08:32] epoch 435: train_loss: nan, valid_loss: nan, train_nll: nan, valid_nll: nan
[2021-09-25 09:08:43] epoch 436: train_loss: nan, valid_loss: nan, train_nll: nan, valid_nll: nan
[2021-09-25 09:08:55] epoch 437: train_loss: nan, valid_loss: nan, train_nll: nan, valid_nll: nan
[2021-09-25 09:09:06] epoch 438: train_loss: nan, valid_loss: nan, train_nll: nan, valid_nll: nan
[2021-09-25 09:09:18] epoch 439: train_loss: nan, valid_loss: nan, train_nll: nan, valid_nll: nan
[2021-09-25 09:09:29] epoch 440: train_loss: nan, valid_loss: nan, train_nll: nan, valid_nll: nan
[2021-09-25 09:09:40] epoch 441: train_loss: nan, valid_loss: nan, train_nll: nan, valid_nll: nan
[2021-09-25 09:09:52] epoch 442: train_loss: nan, valid_loss: nan, train_nll: nan, valid_nll: nan
[2021-09-25 09:10:03] epoch 443: train_loss: nan, valid_loss: nan, train_nll: nan, valid_nll: nan
[2021-09-25 09:10:14] epoch 444: train_loss: nan, valid_loss: nan, train_nll: nan, valid_nll: nan
[2021-09-25 09:10:26] epoch 445: train_loss: nan, valid_loss: nan, train_nll: nan, valid_nll: nan
[2021-09-25 09:10:37] epoch 446: train_loss: nan, valid_loss: nan, train_nll: nan, valid_nll: nan
[2021-09-25 09:10:49] epoch 447: train_loss: nan, valid_loss: nan, train_nll: nan, valid_nll: nan
[2021-09-25 09:11:00] epoch 448: train_loss: nan, valid_loss: nan, train_nll: nan, valid_nll: nan
[2021-09-25 09:11:11] epoch 449: train_loss: nan, valid_loss: nan, train_nll: nan, valid_nll: nan
[2021-09-25 09:11:22] epoch 450: train_loss: nan, valid_loss: nan, train_nll: nan, valid_nll: nan
[2021-09-25 09:11:34] epoch 451: train_loss: nan, valid_loss: nan, train_nll: nan, valid_nll: nan
[2021-09-25 09:11:45] epoch 452: train_loss: nan, valid_loss: nan, train_nll: nan, valid_nll: nan
[2021-09-25 09:11:56] epoch 453: train_loss: nan, valid_loss: nan, train_nll: nan, valid_nll: nan
[2021-09-25 09:12:08] epoch 454: train_loss: nan, valid_loss: nan, train_nll: nan, valid_nll: nan
[2021-09-25 09:12:19] epoch 455: train_loss: nan, valid_loss: nan, train_nll: nan, valid_nll: nan
[2021-09-25 09:12:31] epoch 456: train_loss: nan, valid_loss: nan, train_nll: nan, valid_nll: nan
[2021-09-25 09:12:42] epoch 457: train_loss: nan, valid_loss: nan, train_nll: nan, valid_nll: nan
[2021-09-25 09:12:53] epoch 458: train_loss: nan, valid_loss: nan, train_nll: nan, valid_nll: nan
[2021-09-25 09:13:05] epoch 459: train_loss: nan, valid_loss: nan, train_nll: nan, valid_nll: nan
[2021-09-25 09:13:16] epoch 460: train_loss: nan, valid_loss: nan, train_nll: nan, valid_nll: nan
[2021-09-25 09:13:27] epoch 461: train_loss: nan, valid_loss: nan, train_nll: nan, valid_nll: nan
[2021-09-25 09:13:39] epoch 462: train_loss: nan, valid_loss: nan, train_nll: nan, valid_nll: nan
[2021-09-25 09:13:50] epoch 463: train_loss: nan, valid_loss: nan, train_nll: nan, valid_nll: nan
[2021-09-25 09:14:01] epoch 464: train_loss: nan, valid_loss: nan, train_nll: nan, valid_nll: nan
[2021-09-25 09:14:13] epoch 465: train_loss: nan, valid_loss: nan, train_nll: nan, valid_nll: nan
[2021-09-25 09:14:24] epoch 466: train_loss: nan, valid_loss: nan, train_nll: nan, valid_nll: nan
[2021-09-25 09:14:35] epoch 467: train_loss: nan, valid_loss: nan, train_nll: nan, valid_nll: nan
[2021-09-25 09:14:47] epoch 468: train_loss: nan, valid_loss: nan, train_nll: nan, valid_nll: nan
[2021-09-25 09:14:58] epoch 469: train_loss: nan, valid_loss: nan, train_nll: nan, valid_nll: nan
[2021-09-25 09:15:09] epoch 470: train_loss: nan, valid_loss: nan, train_nll: nan, valid_nll: nan
[2021-09-25 09:15:21] epoch 471: train_loss: nan, valid_loss: nan, train_nll: nan, valid_nll: nan
[2021-09-25 09:15:32] epoch 472: train_loss: nan, valid_loss: nan, train_nll: nan, valid_nll: nan
[2021-09-25 09:15:45] epoch 473: train_loss: nan, valid_loss: nan, train_nll: nan, valid_nll: nan
[2021-09-25 09:15:57] epoch 474: train_loss: nan, valid_loss: nan, train_nll: nan, valid_nll: nan
[2021-09-25 09:16:08] epoch 475: train_loss: nan, valid_loss: nan, train_nll: nan, valid_nll: nan
[2021-09-25 09:16:19] epoch 476: train_loss: nan, valid_loss: nan, train_nll: nan, valid_nll: nan
[2021-09-25 09:16:30] epoch 477: train_loss: nan, valid_loss: nan, train_nll: nan, valid_nll: nan
[2021-09-25 09:16:42] epoch 478: train_loss: nan, valid_loss: nan, train_nll: nan, valid_nll: nan
[2021-09-25 09:16:53] epoch 479: train_loss: nan, valid_loss: nan, train_nll: nan, valid_nll: nan
[2021-09-25 09:17:04] epoch 480: train_loss: nan, valid_loss: nan, train_nll: nan, valid_nll: nan
[2021-09-25 09:17:16] epoch 481: train_loss: nan, valid_loss: nan, train_nll: nan, valid_nll: nan
[2021-09-25 09:17:27] epoch 482: train_loss: nan, valid_loss: nan, train_nll: nan, valid_nll: nan
[2021-09-25 09:17:38] epoch 483: train_loss: nan, valid_loss: nan, train_nll: nan, valid_nll: nan
[2021-09-25 09:17:50] epoch 484: train_loss: nan, valid_loss: nan, train_nll: nan, valid_nll: nan
[2021-09-25 09:18:01] epoch 485: train_loss: nan, valid_loss: nan, train_nll: nan, valid_nll: nan
[2021-09-25 09:18:12] epoch 486: train_loss: nan, valid_loss: nan, train_nll: nan, valid_nll: nan
[2021-09-25 09:18:24] epoch 487: train_loss: nan, valid_loss: nan, train_nll: nan, valid_nll: nan
[2021-09-25 09:18:35] epoch 488: train_loss: nan, valid_loss: nan, train_nll: nan, valid_nll: nan
[2021-09-25 09:18:46] epoch 489: train_loss: nan, valid_loss: nan, train_nll: nan, valid_nll: nan
[2021-09-25 09:18:58] epoch 490: train_loss: nan, valid_loss: nan, train_nll: nan, valid_nll: nan
[2021-09-25 09:19:10] epoch 491: train_loss: nan, valid_loss: nan, train_nll: nan, valid_nll: nan
[2021-09-25 09:19:21] epoch 492: train_loss: nan, valid_loss: nan, train_nll: nan, valid_nll: nan
[2021-09-25 09:19:32] epoch 493: train_loss: nan, valid_loss: nan, train_nll: nan, valid_nll: nan
[2021-09-25 09:19:43] epoch 494: train_loss: nan, valid_loss: nan, train_nll: nan, valid_nll: nan
[2021-09-25 09:19:55] epoch 495: train_loss: nan, valid_loss: nan, train_nll: nan, valid_nll: nan
[2021-09-25 09:20:06] epoch 496: train_loss: nan, valid_loss: nan, train_nll: nan, valid_nll: nan
[2021-09-25 09:20:17] epoch 497: train_loss: nan, valid_loss: nan, train_nll: nan, valid_nll: nan
[2021-09-25 09:20:29] epoch 498: train_loss: nan, valid_loss: nan, train_nll: nan, valid_nll: nan
[2021-09-25 09:20:40] epoch 499: train_loss: nan, valid_loss: nan, train_nll: nan, valid_nll: nan
