------------ Configs ------------
loading JSB data...
loading JSB data...
model summary: 
===================================================
      Kernel Shape  Output Shape  Params  Mult-Adds
Layer                                              
0_rnn            -  [200, 1, 38]   19456      19152
1_mlp     [38, 88]  [200, 1, 88]    3432       3344
---------------------------------------------------
                      Totals
Total params           22888
Trainable params       22888
Non-trainable params       0
Mult-Adds              22496
===================================================
rnn:  lstm
data:  JSB
optimizer:  rmsprop
learning rate:  0.001
momentum:  0.9
weight decay:  0.0
gradient clipping:  1.0
loss criterion:  bce
continue training:  False
save directory:  ./exp/music/jsb/lstm
log directory:  ./log/music/jsb/lstm
starting epoch:  0
ending epoch:  500
steps per epoch:  229
cuda:  True
---------------------------------
[2021-09-24 19:26:04] epoch 0: train_loss: 0.13987197564288517, valid_loss: 0.11987166851758957, train_nll: 8.077639274243175, valid_nll: 7.169862110847611
[2021-09-24 19:26:08] epoch 1: train_loss: 0.11586028864550278, valid_loss: 0.11098586238528553, train_nll: 6.849075582596704, valid_nll: 6.715213389613699
[2021-09-24 19:26:12] epoch 2: train_loss: 0.10923544613555008, valid_loss: 0.10557798874613486, train_nll: 6.3748250768293175, valid_nll: 6.143339965388778
[2021-09-24 19:26:16] epoch 3: train_loss: 0.10576864208326589, valid_loss: 0.10423635691404343, train_nll: 6.100058197817126, valid_nll: 6.074869409578857
[2021-09-24 19:26:20] epoch 4: train_loss: 0.10374982264624932, valid_loss: 0.10228390246629715, train_nll: 5.959092233893552, valid_nll: 5.951006462444418
[2021-09-24 19:26:24] epoch 5: train_loss: 0.1022184060715692, valid_loss: 0.10162105048565488, train_nll: 5.854147513953308, valid_nll: 5.8749075740826004
[2021-09-24 19:26:28] epoch 6: train_loss: 0.10093502768652929, valid_loss: 0.10082464047560566, train_nll: 5.769690011980116, valid_nll: 5.859139921598818
[2021-09-24 19:26:33] epoch 7: train_loss: 0.09998421631265415, valid_loss: 0.10009092327795531, train_nll: 5.687902041221863, valid_nll: 5.728870069880534
[2021-09-24 19:26:37] epoch 8: train_loss: 0.09884217023589205, valid_loss: 0.09871743060648441, train_nll: 5.604289084791453, valid_nll: 5.623516367643847
[2021-09-24 19:26:41] epoch 9: train_loss: 0.09797357292805176, valid_loss: 0.0989584400269546, train_nll: 5.551776895538524, valid_nll: 5.634121000160962
[2021-09-24 19:26:45] epoch 10: train_loss: 0.09680857929079814, valid_loss: 0.09829174442902992, train_nll: 5.469961984218317, valid_nll: 5.489322185305647
[2021-09-24 19:26:49] epoch 11: train_loss: 0.09597075619942236, valid_loss: 0.09745878667423599, train_nll: 5.418591203070087, valid_nll: 5.47671216491888
[2021-09-24 19:26:53] epoch 12: train_loss: 0.09503420855540896, valid_loss: 0.09758111167895167, train_nll: 5.360719156258235, valid_nll: 5.51567295089634
[2021-09-24 19:26:57] epoch 13: train_loss: 0.09430600452240898, valid_loss: 0.09682362663902734, train_nll: 5.304407897131101, valid_nll: 5.401177504501983
[2021-09-24 19:27:01] epoch 14: train_loss: 0.09340288102887083, valid_loss: 0.09729803049642789, train_nll: 5.261137330913108, valid_nll: 5.403255717184393
[2021-09-24 19:27:05] epoch 15: train_loss: 0.09265800373522996, valid_loss: 0.09702974969619199, train_nll: 5.200684480418476, valid_nll: 5.4542273446831935
[2021-09-24 19:27:09] epoch 16: train_loss: 0.0918328119482536, valid_loss: 0.09694774772383664, train_nll: 5.1602933127638835, valid_nll: 5.634233347462491
[2021-09-24 19:27:13] epoch 17: train_loss: 0.09125602560923089, valid_loss: 0.09669703892187069, train_nll: 5.1259607092272566, valid_nll: 5.515635087118178
[2021-09-24 19:27:17] epoch 18: train_loss: 0.09042813423939668, valid_loss: 0.0970884087054353, train_nll: 5.07879109705016, valid_nll: 5.514371105805994
[2021-09-24 19:27:22] epoch 19: train_loss: 0.08964426841538026, valid_loss: 0.09702525640788831, train_nll: 5.023887783741104, valid_nll: 5.555988471907322
[2021-09-24 19:27:26] epoch 20: train_loss: 0.08919442890773173, valid_loss: 0.0969929234369805, train_nll: 4.999642038787829, valid_nll: 5.5340571249684976
[2021-09-24 19:27:30] epoch 21: train_loss: 0.08847374387703608, valid_loss: 0.09668335387189138, train_nll: 4.963948676715738, valid_nll: 5.614726077967705
[2021-09-24 19:27:34] epoch 22: train_loss: 0.08778081844076839, valid_loss: 0.09707428436530263, train_nll: 4.918948233786064, valid_nll: 5.497425161944097
[2021-09-24 19:27:38] epoch 23: train_loss: 0.08720354195765533, valid_loss: 0.09686081346712615, train_nll: 4.89312551186281, valid_nll: 5.603798162078521
[2021-09-24 19:27:42] epoch 24: train_loss: 0.0868029373994821, valid_loss: 0.09931423417047451, train_nll: 4.869702009762101, valid_nll: 5.664819512596923
[2021-09-24 19:27:46] epoch 25: train_loss: 0.08634448539481933, valid_loss: 0.098109413820662, train_nll: 4.842537676959699, valid_nll: 5.595403191688257
[2021-09-24 19:27:50] epoch 26: train_loss: 0.08572226216178794, valid_loss: 0.09771425443652429, train_nll: 4.808979294580675, valid_nll: 5.506512357447983
[2021-09-24 19:27:54] epoch 27: train_loss: 0.08532121909302395, valid_loss: 0.09818603147409465, train_nll: 4.780151811645526, valid_nll: 5.723726007088169
[2021-09-24 19:27:59] epoch 28: train_loss: 0.08463771094661612, valid_loss: 0.0986611310784754, train_nll: 4.757375811280304, valid_nll: 5.721425898034015
[2021-09-24 19:28:03] epoch 29: train_loss: 0.08421269078702386, valid_loss: 0.09833310348422904, train_nll: 4.710703525158316, valid_nll: 5.671353075918349
[2021-09-24 19:28:07] epoch 30: train_loss: 0.0837972223368274, valid_loss: 0.09914785986276049, train_nll: 4.695788539268953, valid_nll: 5.700563084378582
[2021-09-24 19:28:11] epoch 31: train_loss: 0.08355573291471431, valid_loss: 0.09973389488693915, train_nll: 4.693416512298696, valid_nll: 5.783180081733707
[2021-09-24 19:28:15] epoch 32: train_loss: 0.08295858856371917, valid_loss: 0.09956458220748525, train_nll: 4.649319224372355, valid_nll: 5.797328745007146
[2021-09-24 19:28:19] epoch 33: train_loss: 0.08274445355784424, valid_loss: 0.09984746732209858, train_nll: 4.649410660794706, valid_nll: 5.787990106505943
[2021-09-24 19:28:23] epoch 34: train_loss: 0.08230517905482038, valid_loss: 0.10043605564064101, train_nll: 4.608740590390935, valid_nll: 5.831967062619319
[2021-09-24 19:28:27] epoch 35: train_loss: 0.08209542972422063, valid_loss: 0.10068675669792451, train_nll: 4.601723990536593, valid_nll: 5.778678209656274
[2021-09-24 19:28:32] epoch 36: train_loss: 0.08165654675083389, valid_loss: 0.10174987053400592, train_nll: 4.580997432203597, valid_nll: 5.798005232598157
[2021-09-24 19:28:36] epoch 37: train_loss: 0.08142485300396207, valid_loss: 0.10167529590820011, train_nll: 4.556680335161313, valid_nll: 5.786286617452678
[2021-09-24 19:28:40] epoch 38: train_loss: 0.08129874356579052, valid_loss: 0.10167064841248487, train_nll: 4.561084133726382, valid_nll: 5.924627229064321
[2021-09-24 19:28:44] epoch 39: train_loss: 0.08091422687711675, valid_loss: 0.10262843917467092, train_nll: 4.540226250127483, valid_nll: 5.918331822198521
[2021-09-24 19:28:48] epoch 40: train_loss: 0.08046050418542462, valid_loss: 0.10312946748576667, train_nll: 4.5144151543496305, valid_nll: 5.796707058922148
[2021-09-24 19:28:52] epoch 41: train_loss: 0.08026308668818016, valid_loss: 0.10377861941723447, train_nll: 4.496108405315081, valid_nll: 6.024587805693622
[2021-09-24 19:28:56] epoch 42: train_loss: 0.08016926743187759, valid_loss: 0.10296672121866753, train_nll: 4.498632921844541, valid_nll: 5.924615783286843
[2021-09-24 19:29:00] epoch 43: train_loss: 0.07982489554512448, valid_loss: 0.10282404191399876, train_nll: 4.471076023597959, valid_nll: 5.95620783840825
[2021-09-24 19:29:04] epoch 44: train_loss: 0.07950616536832793, valid_loss: 0.10462589218820396, train_nll: 4.457915437153046, valid_nll: 6.017662371990695
[2021-09-24 19:29:09] epoch 45: train_loss: 0.07942101879931954, valid_loss: 0.1040379095234369, train_nll: 4.44701200016891, valid_nll: 6.103548728413567
[2021-09-24 19:29:13] epoch 46: train_loss: 0.07916022020526328, valid_loss: 0.10477082215641674, train_nll: 4.442401459508905, valid_nll: 5.960617712731389
[2021-09-24 19:29:18] epoch 47: train_loss: 0.07900305762561648, valid_loss: 0.10490257440036849, train_nll: 4.424355973690279, valid_nll: 6.143543706970619
[2021-09-24 19:29:22] epoch 48: train_loss: 0.07880891291790654, valid_loss: 0.10444996898111544, train_nll: 4.4133693033719315, valid_nll: 6.026912970717797
[2021-09-24 19:29:26] epoch 49: train_loss: 0.07868386570803464, valid_loss: 0.10537022205167695, train_nll: 4.418919557534045, valid_nll: 6.020309249331769
[2021-09-24 19:29:30] epoch 50: train_loss: 0.0784373453708455, valid_loss: 0.10469390363677551, train_nll: 4.3920027254817935, valid_nll: 6.045329718899526
[2021-09-24 19:29:34] epoch 51: train_loss: 0.07831696590091464, valid_loss: 0.1059585508743399, train_nll: 4.397824636772045, valid_nll: 6.174781897085934
[2021-09-24 19:29:38] epoch 52: train_loss: 0.07807342709737573, valid_loss: 0.10618515322475057, train_nll: 4.3797444253523405, valid_nll: 6.144261932035911
[2021-09-24 19:29:42] epoch 53: train_loss: 0.07790057920732874, valid_loss: 0.10673879253629007, train_nll: 4.3663032605908265, valid_nll: 6.2557126532810425
[2021-09-24 19:29:46] epoch 54: train_loss: 0.07785204685736431, valid_loss: 0.10673251091257523, train_nll: 4.365277468324112, valid_nll: 6.197161079032517
[2021-09-24 19:29:50] epoch 55: train_loss: 0.07763110341984111, valid_loss: 0.10812559606213319, train_nll: 4.345525396293385, valid_nll: 6.180554988791971
[2021-09-24 19:29:54] epoch 56: train_loss: 0.07754533056283622, valid_loss: 0.10735030031125796, train_nll: 4.353258042188716, valid_nll: 6.10150157609873
[2021-09-24 19:29:58] epoch 57: train_loss: 0.07742657201714391, valid_loss: 0.10766023083737022, train_nll: 4.342893345645011, valid_nll: 6.23418329755553
[2021-09-24 19:30:02] epoch 58: train_loss: 0.07716610157398678, valid_loss: 0.10761911990611177, train_nll: 4.324241135850503, valid_nll: 6.114442526108914
[2021-09-24 19:30:07] epoch 59: train_loss: 0.07708606899890837, valid_loss: 0.1077777678637128, train_nll: 4.314664272342625, valid_nll: 6.3690484182211975
[2021-09-24 19:30:11] epoch 60: train_loss: 0.07719268186188681, valid_loss: 0.10826129936858227, train_nll: 4.3201824255097785, valid_nll: 6.33439831432388
[2021-09-24 19:30:15] epoch 61: train_loss: 0.07686138862345417, valid_loss: 0.10812781221772495, train_nll: 4.307893638144468, valid_nll: 6.278035321069195
[2021-09-24 19:30:19] epoch 62: train_loss: 0.07693443333477953, valid_loss: 0.10807943638218076, train_nll: 4.314198539330447, valid_nll: 6.327216592974964
[2021-09-24 19:30:23] epoch 63: train_loss: 0.0769528367406156, valid_loss: 0.10856147247709726, train_nll: 4.308297218393553, valid_nll: 6.292331026341079
[2021-09-24 19:30:27] epoch 64: train_loss: 0.07653755964670639, valid_loss: 0.10795672747649644, train_nll: 4.296575395396153, valid_nll: 6.232197918725445
[2021-09-24 19:30:31] epoch 65: train_loss: 0.07656194635679107, valid_loss: 0.10924556302396875, train_nll: 4.294321817894504, valid_nll: 6.369289052628649
[2021-09-24 19:30:35] epoch 66: train_loss: 0.07642136802124144, valid_loss: 0.1092892672474447, train_nll: 4.286780345139649, valid_nll: 6.267174940324177
[2021-09-24 19:30:39] epoch 67: train_loss: 0.07638987952509822, valid_loss: 0.10911338884187372, train_nll: 4.281060719879865, valid_nll: 6.466921780628806
[2021-09-24 19:30:43] epoch 68: train_loss: 0.07607668486940287, valid_loss: 0.11009874420338556, train_nll: 4.267307781579657, valid_nll: 6.394948607885991
[2021-09-24 19:30:47] epoch 69: train_loss: 0.07636794617082354, valid_loss: 0.11016022766891279, train_nll: 4.277277070058254, valid_nll: 6.373432265621764
[2021-09-24 19:30:51] epoch 70: train_loss: 0.07580061827879805, valid_loss: 0.10976704670802544, train_nll: 4.248433688336961, valid_nll: 6.397776760045691
[2021-09-24 19:30:56] epoch 71: train_loss: 0.07593805339659146, valid_loss: 0.10945750478851168, train_nll: 4.255739211193292, valid_nll: 6.44450338635885
[2021-09-24 19:31:00] epoch 72: train_loss: 0.07587660639241793, valid_loss: 0.11024160741975433, train_nll: 4.2591786858680445, valid_nll: 6.342415796567316
[2021-09-24 19:31:04] epoch 73: train_loss: 0.07560975818719927, valid_loss: 0.10959171297910966, train_nll: 4.2233228476975695, valid_nll: 6.388004854196371
[2021-09-24 19:31:08] epoch 74: train_loss: 0.07579331721411, valid_loss: 0.11085887184660685, train_nll: 4.261618064243184, valid_nll: 6.463034052897279
[2021-09-24 19:31:12] epoch 75: train_loss: 0.07551328696343056, valid_loss: 0.11069085145075071, train_nll: 4.231468547933986, valid_nll: 6.411874674191477
[2021-09-24 19:31:16] epoch 76: train_loss: 0.07593462593430515, valid_loss: 0.10997272429889754, train_nll: 4.270000389774517, valid_nll: 6.455883870649485
[2021-09-24 19:31:20] epoch 77: train_loss: 0.0756702058700495, valid_loss: 0.11101619360086165, train_nll: 4.2431827763742715, valid_nll: 6.308445878646251
[2021-09-24 19:31:24] epoch 78: train_loss: 0.0753930386920423, valid_loss: 0.11019843924594552, train_nll: 4.231781299729852, valid_nll: 6.362804515668369
[2021-09-24 19:31:28] epoch 79: train_loss: 0.0756585305825071, valid_loss: 0.11150253936648369, train_nll: 4.233519851520497, valid_nll: 6.525129620817136
[2021-09-24 19:31:33] epoch 80: train_loss: 0.0753728568261107, valid_loss: 0.1113092660119659, train_nll: 4.227490401369849, valid_nll: 6.512155941614681
[2021-09-24 19:31:37] epoch 81: train_loss: 0.0752127328196207, valid_loss: 0.11112946536588042, train_nll: 4.223914129145104, valid_nll: 6.405760599457475
[2021-09-24 19:31:41] epoch 82: train_loss: 0.07526702943001772, valid_loss: 0.11113767982705643, train_nll: 4.223044100031092, valid_nll: 6.427509265719291
[2021-09-24 19:31:45] epoch 83: train_loss: 0.07542033475624421, valid_loss: 0.11140678048525986, train_nll: 4.22982090101412, valid_nll: 6.389968352880406
[2021-09-24 19:31:49] epoch 84: train_loss: 0.07510336278632739, valid_loss: 0.11140046562803418, train_nll: 4.212929949702141, valid_nll: 6.415280317238248
[2021-09-24 19:31:53] epoch 85: train_loss: 0.07498060087124334, valid_loss: 0.1111468730592414, train_nll: 4.20742525613998, valid_nll: 6.551558157010148
[2021-09-24 19:31:57] epoch 86: train_loss: 0.07525094670109353, valid_loss: 0.11142140921009214, train_nll: 4.227826526825585, valid_nll: 6.4204835777940135
[2021-09-24 19:32:01] epoch 87: train_loss: 0.07503360893788817, valid_loss: 0.11188445191242193, train_nll: 4.212912701808892, valid_nll: 6.485904135642935
[2021-09-24 19:32:05] epoch 88: train_loss: 0.0746851199383819, valid_loss: 0.11187257480464484, train_nll: 4.184272237933073, valid_nll: 6.543521636679696
[2021-09-24 19:32:09] epoch 89: train_loss: 0.07486728668277962, valid_loss: 0.1120217552310542, train_nll: 4.201315685546983, valid_nll: 6.514702153427117
[2021-09-24 19:32:13] epoch 90: train_loss: 0.07478574381970422, valid_loss: 0.11234271477319692, train_nll: 4.188013547930209, valid_nll: 6.634506508780432
[2021-09-24 19:32:17] epoch 91: train_loss: 0.07486413830818048, valid_loss: 0.11220856716758326, train_nll: 4.201109830682417, valid_nll: 6.534157871409849
[2021-09-24 19:32:21] epoch 92: train_loss: 0.07473625171132484, valid_loss: 0.11260915822104405, train_nll: 4.182154903954093, valid_nll: 6.605543196438373
[2021-09-24 19:32:25] epoch 93: train_loss: 0.07487563060100422, valid_loss: 0.11233079413834371, train_nll: 4.206909490976686, valid_nll: 6.40876015845622
[2021-09-24 19:32:30] epoch 94: train_loss: 0.07471555103771552, valid_loss: 0.11288160889556534, train_nll: 4.182570117372251, valid_nll: 6.561824962095091
[2021-09-24 19:32:34] epoch 95: train_loss: 0.07486005015183224, valid_loss: 0.11194795134820436, train_nll: 4.198781428587842, valid_nll: 6.509746974619731
[2021-09-24 19:32:38] epoch 96: train_loss: 0.07449265971259258, valid_loss: 0.11265661959585391, train_nll: 4.184063647207411, valid_nll: 6.5862023205658105
[2021-09-24 19:32:42] epoch 97: train_loss: 0.07461384171416666, valid_loss: 0.1126277396749509, train_nll: 4.174354443091464, valid_nll: 6.7085498265339325
[2021-09-24 19:32:46] epoch 98: train_loss: 0.0745404687543363, valid_loss: 0.1122084118817982, train_nll: 4.183702355088568, valid_nll: 6.51348197623475
[2021-09-24 19:32:50] epoch 99: train_loss: 0.07486007051892156, valid_loss: 0.11327649878436014, train_nll: 4.198414904675475, valid_nll: 6.490529497376702
[2021-09-24 19:32:54] epoch 100: train_loss: 0.07446553009891614, valid_loss: 0.11303274411904185, train_nll: 4.189006113728607, valid_nll: 6.611899810399938
[2021-09-24 19:32:58] epoch 101: train_loss: 0.07440673961714886, valid_loss: 0.11243207419389173, train_nll: 4.172010893462806, valid_nll: 6.644054259444779
[2021-09-24 19:33:02] epoch 102: train_loss: 0.07420126677340295, valid_loss: 0.11314181797206402, train_nll: 4.158255408659724, valid_nll: 6.590300134784397
[2021-09-24 19:33:06] epoch 103: train_loss: 0.07435848765628307, valid_loss: 0.1133295971115953, train_nll: 4.172035898862382, valid_nll: 6.4928602251498715
[2021-09-24 19:33:10] epoch 104: train_loss: 0.07446973458518108, valid_loss: 0.11240881161862298, train_nll: 4.1756063740284, valid_nll: 6.484149671580694
[2021-09-24 19:33:14] epoch 105: train_loss: 0.0744353985682325, valid_loss: 0.11263150564934078, train_nll: 4.173449574873819, valid_nll: 6.508609655416492
[2021-09-24 19:33:19] epoch 106: train_loss: 0.07416049960398778, valid_loss: 0.11213125327700063, train_nll: 4.160895215690636, valid_nll: 6.453281228962695
[2021-09-24 19:33:23] epoch 107: train_loss: 0.07432269890625924, valid_loss: 0.11245708912611008, train_nll: 4.165140092135846, valid_nll: 6.5561848133473175
[2021-09-24 19:33:27] epoch 108: train_loss: 0.07417115639065551, valid_loss: 0.11366783239339527, train_nll: 4.164326976686782, valid_nll: 6.624385687085943
[2021-09-24 19:33:31] epoch 109: train_loss: 0.07442017098050971, valid_loss: 0.11372915273042102, train_nll: 4.173305391229328, valid_nll: 6.619322341467183
[2021-09-24 19:33:35] epoch 110: train_loss: 0.07417413289760398, valid_loss: 0.11318716838171608, train_nll: 4.1494367877343805, valid_nll: 6.703087065423214
[2021-09-24 19:33:39] epoch 111: train_loss: 0.07381835383033648, valid_loss: 0.1137406607403567, train_nll: 4.143192992503275, valid_nll: 6.665776693130877
[2021-09-24 19:33:43] epoch 112: train_loss: 0.07437487021413954, valid_loss: 0.11321766527467653, train_nll: 4.176642962523317, valid_nll: 6.622222256460287
[2021-09-24 19:33:47] epoch 113: train_loss: 0.07407244102923631, valid_loss: 0.111822972172185, train_nll: 4.1592504338674505, valid_nll: 6.485439861869054
[2021-09-24 19:33:51] epoch 114: train_loss: 0.07407322877359182, valid_loss: 0.11340622731337421, train_nll: 4.152411100842988, valid_nll: 6.61198109396253
[2021-09-24 19:33:56] epoch 115: train_loss: 0.07392707537030029, valid_loss: 0.11265273862763454, train_nll: 4.142550655134052, valid_nll: 6.572699135086255
[2021-09-24 19:34:00] epoch 116: train_loss: 0.0739223142052842, valid_loss: 0.11331452821430407, train_nll: 4.147398330164791, valid_nll: 6.590743024002594
[2021-09-24 19:34:04] epoch 117: train_loss: 0.0737734596737087, valid_loss: 0.11374655650242378, train_nll: 4.135002591926371, valid_nll: 6.606633630095991
[2021-09-24 19:34:08] epoch 118: train_loss: 0.07376961091199817, valid_loss: 0.11391126511520461, train_nll: 4.131981600610967, valid_nll: 6.801608353234265
[2021-09-24 19:34:12] epoch 119: train_loss: 0.07413170690034154, valid_loss: 0.11332333548680733, train_nll: 4.161906093609212, valid_nll: 6.557552035909493
[2021-09-24 19:34:16] epoch 120: train_loss: 0.07402368999334402, valid_loss: 0.11322664616531447, train_nll: 4.139753783604308, valid_nll: 6.59541665691219
[2021-09-24 19:34:20] epoch 121: train_loss: 0.07409056137808025, valid_loss: 0.11364374682307243, train_nll: 4.158265877303819, valid_nll: 6.607626348167618
[2021-09-24 19:34:24] epoch 122: train_loss: 0.07387219169319457, valid_loss: 0.1135524076066519, train_nll: 4.143195753649595, valid_nll: 6.545606109983248
[2021-09-24 19:34:28] epoch 123: train_loss: 0.07380281411534313, valid_loss: 0.11337900387221261, train_nll: 4.134760022075596, valid_nll: 6.581555260739599
[2021-09-24 19:34:32] epoch 124: train_loss: 0.07404209268340377, valid_loss: 0.11363544619004977, train_nll: 4.1501866749555445, valid_nll: 6.70240940459787
[2021-09-24 19:34:37] epoch 125: train_loss: 0.07402789508151175, valid_loss: 0.1141748052874678, train_nll: 4.152785637361484, valid_nll: 6.570955617839765
[2021-09-24 19:34:41] epoch 126: train_loss: 0.07375640924775966, valid_loss: 0.11310508523724581, train_nll: 4.129681916348554, valid_nll: 6.569742476682035
[2021-09-24 19:34:45] epoch 127: train_loss: 0.07443242671383, valid_loss: 0.11284448735808071, train_nll: 4.164606185106206, valid_nll: 6.531766341104478
[2021-09-24 19:34:49] epoch 128: train_loss: 0.07414020601188251, valid_loss: 0.11339669086431202, train_nll: 4.152769246918233, valid_nll: 6.5949427511541385
[2021-09-24 19:34:53] epoch 129: train_loss: 0.07369024516388319, valid_loss: 0.11350957314042669, train_nll: 4.128180169096961, valid_nll: 6.568763048523461
[2021-09-24 19:34:57] epoch 130: train_loss: 0.07390558067302516, valid_loss: 0.11338651317514871, train_nll: 4.142938086554235, valid_nll: 6.633574984319116
[2021-09-24 19:35:01] epoch 131: train_loss: 0.07347142169308975, valid_loss: 0.11340278455693471, train_nll: 4.1145421819143255, valid_nll: 6.759723611073952
[2021-09-24 19:35:05] epoch 132: train_loss: 0.07358620493107487, valid_loss: 0.11370651972921271, train_nll: 4.127883518649966, valid_nll: 6.704210393469891
[2021-09-24 19:35:09] epoch 133: train_loss: 0.07397118321412516, valid_loss: 0.11359363637472454, train_nll: 4.152091669253176, valid_nll: 6.650007078513813
[2021-09-24 19:35:13] epoch 134: train_loss: 0.07381644314683682, valid_loss: 0.11333188140078594, train_nll: 4.140629409180947, valid_nll: 6.548919003461769
[2021-09-24 19:35:18] epoch 135: train_loss: 0.07339211904716283, valid_loss: 0.11366320548481063, train_nll: 4.112343483460039, valid_nll: 6.569707390907007
[2021-09-24 19:35:22] epoch 136: train_loss: 0.07369283537937564, valid_loss: 0.11333996498663175, train_nll: 4.1400902596817994, valid_nll: 6.484249022277751
[2021-09-24 19:35:26] epoch 137: train_loss: 0.07356931080464192, valid_loss: 0.11447193061834887, train_nll: 4.1188967293607135, valid_nll: 6.52803483559292
[2021-09-24 19:35:30] epoch 138: train_loss: 0.0737171638187623, valid_loss: 0.11347493921455584, train_nll: 4.137216659300913, valid_nll: 6.611755580118258
[2021-09-24 19:35:34] epoch 139: train_loss: 0.0732846999272509, valid_loss: 0.11407716111525108, train_nll: 4.104787284872426, valid_nll: 6.5954400541716005
[2021-09-24 19:35:38] epoch 140: train_loss: 0.07358901035121955, valid_loss: 0.1133897970185468, train_nll: 4.121568666605065, valid_nll: 6.623557370160988
[2021-09-24 19:35:42] epoch 141: train_loss: 0.07342942221716502, valid_loss: 0.11345592248988778, train_nll: 4.118110946675501, valid_nll: 6.655528015864933
[2021-09-24 19:35:46] epoch 142: train_loss: 0.07334186045623763, valid_loss: 0.11403179854938858, train_nll: 4.110237039826478, valid_nll: 6.5700650756674115
[2021-09-24 19:35:50] epoch 143: train_loss: 0.07329683988375435, valid_loss: 0.11396554798672073, train_nll: 4.095391799290694, valid_nll: 6.707719459820257
[2021-09-24 19:35:54] epoch 144: train_loss: 0.07331220124030738, valid_loss: 0.11391461415118292, train_nll: 4.112367919099262, valid_nll: 6.734429980188253
[2021-09-24 19:35:58] epoch 145: train_loss: 0.07341214853408035, valid_loss: 0.114288027937475, train_nll: 4.1100741886639565, valid_nll: 6.653451441664955
[2021-09-24 19:36:02] epoch 146: train_loss: 0.07361842402334297, valid_loss: 0.113729879652199, train_nll: 4.129580323133189, valid_nll: 6.60720418271795
[2021-09-24 19:36:07] epoch 147: train_loss: 0.07341932049875176, valid_loss: 0.11374261838040854, train_nll: 4.107858600242795, valid_nll: 6.718211350586369
[2021-09-24 19:36:11] epoch 148: train_loss: 0.07318624597059066, valid_loss: 0.11325015024723191, train_nll: 4.101972525452353, valid_nll: 6.64679381555548
[2021-09-24 19:36:15] epoch 149: train_loss: 0.0731259281848716, valid_loss: 0.11454646348168976, train_nll: 4.102211294653209, valid_nll: 6.63866529409937
[2021-09-24 19:36:19] epoch 150: train_loss: 0.07335761337496308, valid_loss: 0.11500642017314308, train_nll: 4.104666895465343, valid_nll: 6.61910270728003
[2021-09-24 19:36:23] epoch 151: train_loss: 0.07321629857066937, valid_loss: 0.1148013868614247, train_nll: 4.105113606123532, valid_nll: 6.713851348836497
[2021-09-24 19:36:27] epoch 152: train_loss: 0.07306060478026169, valid_loss: 0.1145712014679846, train_nll: 4.080090281573184, valid_nll: 6.75176457477996
[2021-09-24 19:36:31] epoch 153: train_loss: 0.0736301933053279, valid_loss: 0.11441182237314551, train_nll: 4.139637900866751, valid_nll: 6.627715666632287
[2021-09-24 19:36:35] epoch 154: train_loss: 0.07349206978967616, valid_loss: 0.11469962565522444, train_nll: 4.110476088850466, valid_nll: 6.633970903707615
[2021-09-24 19:36:39] epoch 155: train_loss: 0.0734993519188275, valid_loss: 0.11484514333699879, train_nll: 4.1167139111500735, valid_nll: 6.769347719739509
[2021-09-24 19:36:43] epoch 156: train_loss: 0.07313948516697343, valid_loss: 0.11499403573964771, train_nll: 4.103606012928449, valid_nll: 6.696177763692373
[2021-09-24 19:36:48] epoch 157: train_loss: 0.07305979378944401, valid_loss: 0.11460210814287788, train_nll: 4.093891043781725, valid_nll: 6.6231235397952455
[2021-09-24 19:36:52] epoch 158: train_loss: 0.07316940918760008, valid_loss: 0.11541761369689514, train_nll: 4.102414488950452, valid_nll: 6.716256732072548
[2021-09-24 19:36:56] epoch 159: train_loss: 0.07311514797559472, valid_loss: 0.11556695754590787, train_nll: 4.103715495133298, valid_nll: 6.74039311562815
[2021-09-24 19:37:00] epoch 160: train_loss: 0.07347825595775546, valid_loss: 0.11490014636594999, train_nll: 4.115868271038097, valid_nll: 6.708921273198214
[2021-09-24 19:37:04] epoch 161: train_loss: 0.07323098888693938, valid_loss: 0.1148697126068567, train_nll: 4.102756742420385, valid_nll: 6.641755532649467
[2021-09-24 19:37:08] epoch 162: train_loss: 0.07334205041350757, valid_loss: 0.11464491761044453, train_nll: 4.109994954890084, valid_nll: 6.6069876737843245
[2021-09-24 19:37:12] epoch 163: train_loss: 0.07281909442169177, valid_loss: 0.11503610407051287, train_nll: 4.077313605069868, valid_nll: 6.710351115457263
[2021-09-24 19:37:16] epoch 164: train_loss: 0.07327000214413264, valid_loss: 0.1157336225733161, train_nll: 4.108385604125689, valid_nll: 6.719928385776279
[2021-09-24 19:37:20] epoch 165: train_loss: 0.07355079671376137, valid_loss: 0.11488400909461473, train_nll: 4.122685204164711, valid_nll: 6.757584241866223
[2021-09-24 19:37:25] epoch 166: train_loss: 0.07350715547474711, valid_loss: 0.11388214334453407, train_nll: 4.117199907177835, valid_nll: 6.611573523143409
[2021-09-24 19:37:29] epoch 167: train_loss: 0.07310250891152949, valid_loss: 0.11505830170292604, train_nll: 4.1094394469756335, valid_nll: 6.626707042469896
[2021-09-24 19:37:33] epoch 168: train_loss: 0.07336978790020839, valid_loss: 0.1152922018480144, train_nll: 4.108004364494653, valid_nll: 6.769928103256057
[2021-09-24 19:37:37] epoch 169: train_loss: 0.07335891843037314, valid_loss: 0.11463167194865252, train_nll: 4.118778248987944, valid_nll: 6.603373538905205
[2021-09-24 19:37:41] epoch 170: train_loss: 0.07313278055542421, valid_loss: 0.11492623006434817, train_nll: 4.102794361774727, valid_nll: 6.68363439515266
[2021-09-24 19:37:45] epoch 171: train_loss: 0.07310847716820813, valid_loss: 0.11411853762049425, train_nll: 4.105010083926621, valid_nll: 6.6310741038539485
[2021-09-24 19:37:49] epoch 172: train_loss: 0.07315266132354736, valid_loss: 0.11521358337057264, train_nll: 4.0973425755744515, valid_nll: 6.637680046968211
[2021-09-24 19:37:53] epoch 173: train_loss: 0.07280831956446952, valid_loss: 0.11457869395809739, train_nll: 4.0737945448757005, valid_nll: 6.674178237679044
[2021-09-24 19:37:58] epoch 174: train_loss: 0.07338339806123592, valid_loss: 0.11462967759488445, train_nll: 4.117038244139834, valid_nll: 6.543741240524582
[2021-09-24 19:38:02] epoch 175: train_loss: 0.07285839935772805, valid_loss: 0.11521263200005419, train_nll: 4.083549205079348, valid_nll: 6.72588883086848
[2021-09-24 19:38:06] epoch 176: train_loss: 0.07300139693583985, valid_loss: 0.11498491818967618, train_nll: 4.087066342472802, valid_nll: 6.776158051737315
[2021-09-24 19:38:10] epoch 177: train_loss: 0.0730970863854781, valid_loss: 0.11570135758895624, train_nll: 4.099953448444074, valid_nll: 6.700808819658294
[2021-09-24 19:38:14] epoch 178: train_loss: 0.07333608262859057, valid_loss: 0.11445677800005988, train_nll: 4.110631975619813, valid_nll: 6.685527867255251
[2021-09-24 19:38:18] epoch 179: train_loss: 0.07295870185549082, valid_loss: 0.1157898492130794, train_nll: 4.086097381834535, valid_nll: 6.699956754852174
[2021-09-24 19:38:22] epoch 180: train_loss: 0.07327912106914812, valid_loss: 0.11521969118008488, train_nll: 4.103221853416084, valid_nll: 6.795168746429052
[2021-09-24 19:38:26] epoch 181: train_loss: 0.07277485949503802, valid_loss: 0.11552065341292243, train_nll: 4.079479483866976, valid_nll: 6.723891230847421
[2021-09-24 19:38:30] epoch 182: train_loss: 0.07298386609385107, valid_loss: 0.11561119394670975, train_nll: 4.082036586586725, valid_nll: 6.858535820543371
[2021-09-24 19:38:34] epoch 183: train_loss: 0.07288290203984127, valid_loss: 0.11569487254478429, train_nll: 4.093705420466687, valid_nll: 6.643898384475202
[2021-09-24 19:38:39] epoch 184: train_loss: 0.07259852515623039, valid_loss: 0.11499495907245498, train_nll: 4.064331835158041, valid_nll: 6.622422552509114
[2021-09-24 19:38:43] epoch 185: train_loss: 0.07270301636064418, valid_loss: 0.11662356437821138, train_nll: 4.0803970424569505, valid_nll: 6.795897530603345
[2021-09-24 19:38:47] epoch 186: train_loss: 0.07307011840710473, valid_loss: 0.11623629280611088, train_nll: 4.094805713675479, valid_nll: 6.802679984800277
[2021-09-24 19:38:51] epoch 187: train_loss: 0.07321533020667113, valid_loss: 0.11658448436738629, train_nll: 4.10152449293891, valid_nll: 6.853334842400376
[2021-09-24 19:38:55] epoch 188: train_loss: 0.07281359314397953, valid_loss: 0.1159057036826485, train_nll: 4.084334807396638, valid_nll: 6.731134809965167
[2021-09-24 19:38:59] epoch 189: train_loss: 0.07327062410493605, valid_loss: 0.11589625026834638, train_nll: 4.1113238686541775, valid_nll: 6.713443515051059
[2021-09-24 19:39:03] epoch 190: train_loss: 0.07266643771893593, valid_loss: 0.11569724741734956, train_nll: 4.075712836952901, valid_nll: 6.801263968501004
[2021-09-24 19:39:07] epoch 191: train_loss: 0.07259970909903664, valid_loss: 0.11618270587764289, train_nll: 4.0657655258279854, valid_nll: 6.856747167488668
[2021-09-24 19:39:11] epoch 192: train_loss: 0.07246438387830184, valid_loss: 0.11633670643756264, train_nll: 4.066938472471913, valid_nll: 6.787666091548095
[2021-09-24 19:39:16] epoch 193: train_loss: 0.0728594245608717, valid_loss: 0.11617679570458438, train_nll: 4.081586720613689, valid_nll: 6.79388177242102
[2021-09-24 19:39:20] epoch 194: train_loss: 0.07248231438374936, valid_loss: 0.11608018824144413, train_nll: 4.056471935479555, valid_nll: 6.802600252064677
[2021-09-24 19:39:24] epoch 195: train_loss: 0.0728453732538952, valid_loss: 0.11662700850712626, train_nll: 4.076261611974438, valid_nll: 6.713015402517011
[2021-09-24 19:39:28] epoch 196: train_loss: 0.07288476465245522, valid_loss: 0.11559235353611018, train_nll: 4.083317428366358, valid_nll: 6.7090158601593135
[2021-09-24 19:39:32] epoch 197: train_loss: 0.07287092855013094, valid_loss: 0.11634605172041215, train_nll: 4.080573317544206, valid_nll: 6.820074771707478
[2021-09-24 19:39:36] epoch 198: train_loss: 0.07291182340427778, valid_loss: 0.11625465495805991, train_nll: 4.093930193453935, valid_nll: 6.745913004485369
[2021-09-24 19:39:40] epoch 199: train_loss: 0.07260566300765396, valid_loss: 0.11651484589827688, train_nll: 4.059077665334879, valid_nll: 6.818466766397878
[2021-09-24 19:39:44] epoch 200: train_loss: 0.0742080393674332, valid_loss: 0.11565457176613181, train_nll: 4.169616669719323, valid_nll: 6.736145693803856
[2021-09-24 19:39:49] epoch 201: train_loss: 0.07274415742557122, valid_loss: 0.11546393944636772, train_nll: 4.078078190871938, valid_nll: 6.730929527670422
[2021-09-24 19:39:53] epoch 202: train_loss: 0.07258787167189423, valid_loss: 0.11592437258284342, train_nll: 4.0639805458733, valid_nll: 6.772535390681099
[2021-09-24 19:39:57] epoch 203: train_loss: 0.07277621725761213, valid_loss: 0.11539916983364444, train_nll: 4.076815011944155, valid_nll: 6.665180204613146
[2021-09-24 19:40:01] epoch 204: train_loss: 0.07397900294008214, valid_loss: 0.1165143515130407, train_nll: 4.151914577734174, valid_nll: 6.743368734578037
[2021-09-24 19:40:05] epoch 205: train_loss: 0.07330052056817508, valid_loss: 0.11663565255309406, train_nll: 4.107508061648223, valid_nll: 6.766923278188263
[2021-09-24 19:40:09] epoch 206: train_loss: 0.07269460543599712, valid_loss: 0.1160052272638208, train_nll: 4.079582069948753, valid_nll: 6.68521907063011
[2021-09-24 19:40:13] epoch 207: train_loss: 0.07350469167511016, valid_loss: 0.11550509841426422, train_nll: 4.127759567116898, valid_nll: 6.657088633295818
[2021-09-24 19:40:17] epoch 208: train_loss: 0.07299538216996922, valid_loss: 0.1167222419263501, train_nll: 4.091798817466998, valid_nll: 6.780783888833269
[2021-09-24 19:40:21] epoch 209: train_loss: 0.07289519946713115, valid_loss: 0.11660783532026567, train_nll: 4.075434660732457, valid_nll: 6.8270352203868105
[2021-09-24 19:40:25] epoch 210: train_loss: 0.07288168243836107, valid_loss: 0.11679117499213469, train_nll: 4.086864005063662, valid_nll: 6.865539854203923
[2021-09-24 19:40:30] epoch 211: train_loss: 0.07300953973719126, valid_loss: 0.11645395857723136, train_nll: 4.097060489696683, valid_nll: 6.760918803094922
[2021-09-24 19:40:34] epoch 212: train_loss: 0.07284936097381417, valid_loss: 0.11656694320079528, train_nll: 4.090431755044566, valid_nll: 6.893576759813741
[2021-09-24 19:40:38] epoch 213: train_loss: 0.07328336842065294, valid_loss: 0.11617955261547315, train_nll: 4.091644150569173, valid_nll: 6.783300682131927
[2021-09-24 19:40:42] epoch 214: train_loss: 0.07256193961704142, valid_loss: 0.1178978182571499, train_nll: 4.070902194097442, valid_nll: 6.884609146556441
[2021-09-24 19:40:46] epoch 215: train_loss: 0.0732138123704877, valid_loss: 0.11688625253736973, train_nll: 4.10702382659575, valid_nll: 6.765328340281758
[2021-09-24 19:40:50] epoch 216: train_loss: 0.0731237404634078, valid_loss: 0.11593093860306238, train_nll: 4.098940497137236, valid_nll: 6.847247816111944
[2021-09-24 19:40:54] epoch 217: train_loss: 0.07313934983644943, valid_loss: 0.11644930500341089, train_nll: 4.109001561983956, valid_nll: 6.7977262084799115
[2021-09-24 19:40:58] epoch 218: train_loss: 0.07298924354226308, valid_loss: 0.11593829276726435, train_nll: 4.085137038400166, valid_nll: 6.81726742422902
[2021-09-24 19:41:02] epoch 219: train_loss: 0.07240648068259897, valid_loss: 0.11588784630753492, train_nll: 4.060208298563342, valid_nll: 6.768935880774794
[2021-09-24 19:41:06] epoch 220: train_loss: 0.07331257822667146, valid_loss: 0.1157195771505174, train_nll: 4.108084518088738, valid_nll: 6.761424928969427
[2021-09-24 19:41:10] epoch 221: train_loss: 0.07257745554874037, valid_loss: 0.11629801714106609, train_nll: 4.068826525108437, valid_nll: 6.811218460629169
[2021-09-24 19:41:15] epoch 222: train_loss: 0.07265026350078624, valid_loss: 0.11611259537503908, train_nll: 4.069607799719387, valid_nll: 6.746267705589493
[2021-09-24 19:41:21] epoch 223: train_loss: 0.07265312652465558, valid_loss: 0.11599224247038364, train_nll: 4.073405569371252, valid_nll: 6.787570968540274
[2021-09-24 19:41:38] epoch 224: train_loss: 0.0728931472876707, valid_loss: 0.11770566307792538, train_nll: 4.081328633221738, valid_nll: 6.964926918154526
[2021-09-24 19:41:42] epoch 225: train_loss: 0.07265761211579544, valid_loss: 0.1161813989869858, train_nll: 4.0667791466313306, valid_nll: 6.795666184301035
[2021-09-24 19:41:46] epoch 226: train_loss: 0.07290708605509137, valid_loss: 0.11683638040956698, train_nll: 4.088271868002399, valid_nll: 6.839575406359826
[2021-09-24 19:41:50] epoch 227: train_loss: 0.07295954993653506, valid_loss: 0.11649073464305777, train_nll: 4.080542596560512, valid_nll: 6.832790568609234
[2021-09-24 19:41:54] epoch 228: train_loss: 0.07246980619287387, valid_loss: 0.1167132199594849, train_nll: 4.061925046625501, valid_nll: 6.806028800151857
[2021-09-24 19:41:59] epoch 229: train_loss: 0.0728282543899711, valid_loss: 0.11648605440400149, train_nll: 4.087632661505641, valid_nll: 6.871632294901377
[2021-09-24 19:42:03] epoch 230: train_loss: 0.07328252515483111, valid_loss: 0.11537003870073118, train_nll: 4.10488242220854, valid_nll: 6.805404379891443
[2021-09-24 19:42:07] epoch 231: train_loss: 0.0726410064309445, valid_loss: 0.11637303958597936, train_nll: 4.0740307436931955, valid_nll: 6.809259091864842
[2021-09-24 19:42:11] epoch 232: train_loss: 0.07238869072958892, valid_loss: 0.11694970452471783, train_nll: 4.055677211377701, valid_nll: 6.78817133749685
[2021-09-24 19:42:15] epoch 233: train_loss: 0.07263025621920173, valid_loss: 0.11598446416227441, train_nll: 4.076418894488079, valid_nll: 6.741103586558478
[2021-09-24 19:42:19] epoch 234: train_loss: 0.07247462733669052, valid_loss: 0.11630576172549474, train_nll: 4.056978877223913, valid_nll: 6.798481248829463
[2021-09-24 19:42:23] epoch 235: train_loss: 0.07302830968556445, valid_loss: 0.11624666264182643, train_nll: 4.090485950829021, valid_nll: 6.692983265740652
[2021-09-24 19:42:27] epoch 236: train_loss: 0.07268981082470656, valid_loss: 0.11658374906370514, train_nll: 4.080389510831947, valid_nll: 6.769589840918055
[2021-09-24 19:42:31] epoch 237: train_loss: 0.07344148628511284, valid_loss: 0.11520058357794034, train_nll: 4.122632529988769, valid_nll: 6.607680590027368
[2021-09-24 19:42:35] epoch 238: train_loss: 0.07321702345685147, valid_loss: 0.11608276712267022, train_nll: 4.105244479064896, valid_nll: 6.85945076801268
[2021-09-24 19:42:39] epoch 239: train_loss: 0.07261716489838721, valid_loss: 0.116374921053648, train_nll: 4.066293040753324, valid_nll: 6.769683133275752
[2021-09-24 19:42:43] epoch 240: train_loss: 0.07245302489881432, valid_loss: 0.11595968382531091, train_nll: 4.065463844464513, valid_nll: 6.737991477976423
[2021-09-24 19:42:48] epoch 241: train_loss: 0.07277380505893949, valid_loss: 0.11540739252967269, train_nll: 4.071714819013185, valid_nll: 6.723114725029474
[2021-09-24 19:42:52] epoch 242: train_loss: 0.07260579773627514, valid_loss: 0.11575797906047419, train_nll: 4.066555945261148, valid_nll: 6.745236489923454
[2021-09-24 19:42:56] epoch 243: train_loss: 0.07365146765737554, valid_loss: 0.11581880638473913, train_nll: 4.121092586879755, valid_nll: 6.798232270298518
[2021-09-24 19:43:00] epoch 244: train_loss: 0.07270243282401405, valid_loss: 0.11611412524392731, train_nll: 4.075925713523812, valid_nll: 6.816882158347689
[2021-09-24 19:43:04] epoch 245: train_loss: 0.07252397952707053, valid_loss: 0.11634405986650993, train_nll: 4.067708921636181, valid_nll: 6.86647054593857
[2021-09-24 19:43:08] epoch 246: train_loss: 0.0728905353060716, valid_loss: 0.1158047286107352, train_nll: 4.084159523771058, valid_nll: 6.8435546126557405
[2021-09-24 19:43:12] epoch 247: train_loss: 0.07274216909661044, valid_loss: 0.11759260836008348, train_nll: 4.084664753143945, valid_nll: 6.81980012024708
[2021-09-24 19:43:16] epoch 248: train_loss: 0.07421743915330895, valid_loss: 0.11531860665663292, train_nll: 4.1623520684674205, valid_nll: 6.711723368093075
[2021-09-24 19:43:20] epoch 249: train_loss: 0.07312906801895803, valid_loss: 0.1150151196082956, train_nll: 4.099625639298085, valid_nll: 6.715753104378047
[2021-09-24 19:43:24] epoch 250: train_loss: 0.07321238283507168, valid_loss: 0.11567675586985915, train_nll: 4.098625333693017, valid_nll: 6.760755079592217
[2021-09-24 19:43:28] epoch 251: train_loss: 0.07277333150784522, valid_loss: 0.11648268497696049, train_nll: 4.073149844180995, valid_nll: 6.680295208413886
[2021-09-24 19:43:33] epoch 252: train_loss: 0.07330958468750054, valid_loss: 0.1171850831689019, train_nll: 4.101679463259408, valid_nll: 6.891194504128059
[2021-09-24 19:43:37] epoch 253: train_loss: 0.07294230817056639, valid_loss: 0.11623617496929671, train_nll: 4.088773550139487, valid_nll: 6.7477368410846275
[2021-09-24 19:43:41] epoch 254: train_loss: 0.07287826099510276, valid_loss: 0.11583903676977284, train_nll: 4.083516756272102, valid_nll: 6.772097150572517
[2021-09-24 19:43:45] epoch 255: train_loss: 0.07279826739729753, valid_loss: 0.11566425286429494, train_nll: 4.0823012045898075, valid_nll: 6.729380888692373
[2021-09-24 19:43:49] epoch 256: train_loss: 0.0728478981873354, valid_loss: 0.11672262004331539, train_nll: 4.076757202620429, valid_nll: 6.889908170679003
[2021-09-24 19:43:53] epoch 257: train_loss: 0.07309223363363065, valid_loss: 0.11627348032044738, train_nll: 4.101586600188602, valid_nll: 6.775444192587144
[2021-09-24 19:43:57] epoch 258: train_loss: 0.07257416985896477, valid_loss: 0.11615617087993182, train_nll: 4.070834171229424, valid_nll: 6.767326226868674
[2021-09-24 19:44:01] epoch 259: train_loss: 0.07303415203068454, valid_loss: 0.1162000119097923, train_nll: 4.096253412358802, valid_nll: 6.764195198197308
[2021-09-24 19:44:05] epoch 260: train_loss: 0.07299922117109382, valid_loss: 0.11694388836622238, train_nll: 4.07713033889948, valid_nll: 6.7316335087269215
[2021-09-24 19:44:09] epoch 261: train_loss: 0.07269974654808836, valid_loss: 0.116183668963219, train_nll: 4.072366523714581, valid_nll: 6.748957894831382
[2021-09-24 19:44:14] epoch 262: train_loss: 0.07229494095239056, valid_loss: 0.11681427649761501, train_nll: 4.056274752041643, valid_nll: 6.75709154750202
[2021-09-24 19:44:18] epoch 263: train_loss: 0.07292130997803013, valid_loss: 0.11633494613986266, train_nll: 4.089129145497654, valid_nll: 6.840611399247274
[2021-09-24 19:44:22] epoch 264: train_loss: 0.07274931739186095, valid_loss: 0.11553329508751631, train_nll: 4.066088429921716, valid_nll: 6.747917461858826
[2021-09-24 19:44:26] epoch 265: train_loss: 0.07242991474322877, valid_loss: 0.11694984324276447, train_nll: 4.056963985913421, valid_nll: 6.759945193908934
[2021-09-24 19:44:30] epoch 266: train_loss: 0.07271234422726923, valid_loss: 0.11740891174658348, train_nll: 4.071662958740468, valid_nll: 6.813901664406864
[2021-09-24 19:44:34] epoch 267: train_loss: 0.07375957794064518, valid_loss: 0.11592408877454306, train_nll: 4.120989434970884, valid_nll: 6.798601653688627
[2021-09-24 19:44:38] epoch 268: train_loss: 0.07253331380314702, valid_loss: 0.11588528840557526, train_nll: 4.061911915728403, valid_nll: 6.761493323811166
[2021-09-24 19:44:42] epoch 269: train_loss: 0.0723236633147475, valid_loss: 0.11704207197027772, train_nll: 4.046600956789681, valid_nll: 6.847831078772518
[2021-09-24 19:44:46] epoch 270: train_loss: 0.07262811734947054, valid_loss: 0.11655494335450624, train_nll: 4.07815144834295, valid_nll: 6.820214325908639
[2021-09-24 19:44:50] epoch 271: train_loss: 0.07270267854676496, valid_loss: 0.11639981030633575, train_nll: 4.070534900390517, valid_nll: 6.806804250733177
[2021-09-24 19:44:54] epoch 272: train_loss: 0.07244767393412549, valid_loss: 0.1175118671043923, train_nll: 4.053327995049688, valid_nll: 6.889789202020488
[2021-09-24 19:44:58] epoch 273: train_loss: 0.07341871441516813, valid_loss: 0.11608756941400077, train_nll: 4.122575784330078, valid_nll: 6.728660607095635
[2021-09-24 19:45:03] epoch 274: train_loss: 0.07241375451525225, valid_loss: 0.1158376807641042, train_nll: 4.059937339307353, valid_nll: 6.761777044238109
[2021-09-24 19:45:07] epoch 275: train_loss: 0.07287383281247585, valid_loss: 0.1169819727932152, train_nll: 4.068960781774495, valid_nll: 6.828171507952964
[2021-09-24 19:45:11] epoch 276: train_loss: 0.07328948528225245, valid_loss: 0.1157745744444822, train_nll: 4.10993638757157, valid_nll: 6.820907120782613
[2021-09-24 19:45:15] epoch 277: train_loss: 0.07260273767871107, valid_loss: 0.11624984379465643, train_nll: 4.06502119742256, valid_nll: 6.862621305687365
[2021-09-24 19:45:19] epoch 278: train_loss: 0.07254103372711282, valid_loss: 0.11691876138119321, train_nll: 4.063994042844234, valid_nll: 6.809600408657746
[2021-09-24 19:45:23] epoch 279: train_loss: 0.0728210642868775, valid_loss: 0.11611798150758994, train_nll: 4.080657184694666, valid_nll: 6.828843740883834
[2021-09-24 19:45:27] epoch 280: train_loss: 0.07282495908601835, valid_loss: 0.1165356746335563, train_nll: 4.087901184670896, valid_nll: 6.73571943214811
[2021-09-24 19:45:31] epoch 281: train_loss: 0.07297207076736933, valid_loss: 0.11705315465989866, train_nll: 4.091012958083277, valid_nll: 6.801889841818883
[2021-09-24 19:45:36] epoch 282: train_loss: 0.07257743085445796, valid_loss: 0.11637161515260998, train_nll: 4.06832753022863, valid_nll: 6.711625069261282
[2021-09-24 19:45:40] epoch 283: train_loss: 0.07330523249103513, valid_loss: 0.11687647727759261, train_nll: 4.111313705961278, valid_nll: 6.848202764803574
[2021-09-24 19:45:44] epoch 284: train_loss: 0.07250050735135266, valid_loss: 0.11724561727360676, train_nll: 4.059093614129575, valid_nll: 6.833760344555459
[2021-09-24 19:45:48] epoch 285: train_loss: 0.07234545335108536, valid_loss: 0.11678977918468024, train_nll: 4.052956566646956, valid_nll: 6.857039832141723
[2021-09-24 19:45:52] epoch 286: train_loss: 0.07290515144188851, valid_loss: 0.11636590781180482, train_nll: 4.083141494910555, valid_nll: 6.778257895084908
[2021-09-24 19:45:56] epoch 287: train_loss: 0.07290060849103865, valid_loss: 0.11659876766957734, train_nll: 4.079005802866461, valid_nll: 6.838078305408378
[2021-09-24 19:46:00] epoch 288: train_loss: 0.07315030544345556, valid_loss: 0.11688156220081605, train_nll: 4.11004216942455, valid_nll: 6.754255978343658
[2021-09-24 19:46:05] epoch 289: train_loss: 0.0727525979410613, valid_loss: 0.11693218566085163, train_nll: 4.080080532715096, valid_nll: 6.712291189910983
[2021-09-24 19:46:08] epoch 290: train_loss: 0.0726488335749468, valid_loss: 0.11692896102996249, train_nll: 4.062028469367202, valid_nll: 6.878129201392605
[2021-09-24 19:46:13] epoch 291: train_loss: 0.07301482540356019, valid_loss: 0.11690560081287434, train_nll: 4.096440751416674, valid_nll: 6.821811290004324
[2021-09-24 19:46:17] epoch 292: train_loss: 0.07278901323936392, valid_loss: 0.11563444627743018, train_nll: 4.076373529708127, valid_nll: 6.783246784151206
[2021-09-24 19:46:21] epoch 293: train_loss: 0.07253489729553851, valid_loss: 0.11607756357836096, train_nll: 4.051917334722479, valid_nll: 6.71240958206642
[2021-09-24 19:46:25] epoch 294: train_loss: 0.07242566968546163, valid_loss: 0.1172112938212721, train_nll: 4.052761642584167, valid_nll: 6.832527629263992
[2021-09-24 19:46:29] epoch 295: train_loss: 0.07260151192806173, valid_loss: 0.1173165344486111, train_nll: 4.07092642689299, valid_nll: 6.8993798094516405
[2021-09-24 19:46:33] epoch 296: train_loss: 0.07243034734866505, valid_loss: 0.11713949198785581, train_nll: 4.055117908151323, valid_nll: 6.8858997380370015
[2021-09-24 19:46:37] epoch 297: train_loss: 0.07234456866784388, valid_loss: 0.11672731626190637, train_nll: 4.058482911664373, valid_nll: 6.806328895289025
[2021-09-24 19:46:41] epoch 298: train_loss: 0.07237574794862468, valid_loss: 0.11638975780653327, train_nll: 4.04794345855151, valid_nll: 6.83258692479692
[2021-09-24 19:46:45] epoch 299: train_loss: 0.07236962872821691, valid_loss: 0.11677261525274892, train_nll: 4.0551105869555615, valid_nll: 6.861434440933072
[2021-09-24 19:46:50] epoch 300: train_loss: 0.07296253247877917, valid_loss: 0.11658256549976374, train_nll: 4.089774906766978, valid_nll: 6.764684332402154
[2021-09-24 19:46:54] epoch 301: train_loss: 0.07253720325023326, valid_loss: 0.11712465739171755, train_nll: 4.069097809981907, valid_nll: 6.856359838333163
[2021-09-24 19:46:58] epoch 302: train_loss: 0.07214142684723092, valid_loss: 0.11589109441755634, train_nll: 4.0399722229804045, valid_nll: 6.673016904256958
[2021-09-24 19:47:02] epoch 303: train_loss: 0.07256789751123133, valid_loss: 0.11758591362128132, train_nll: 4.056380707519819, valid_nll: 6.906305566805419
[2021-09-24 19:47:06] epoch 304: train_loss: 0.07246533415268082, valid_loss: 0.11689424377522971, train_nll: 4.06648339493353, valid_nll: 6.9179681937251
[2021-09-24 19:47:10] epoch 305: train_loss: 0.07227105915741629, valid_loss: 0.1168326667853092, train_nll: 4.043507383680604, valid_nll: 6.821488188685857
[2021-09-24 19:47:14] epoch 306: train_loss: 0.07257137221475356, valid_loss: 0.11736673322555266, train_nll: 4.052870016734367, valid_nll: 6.750191092227762
[2021-09-24 19:47:18] epoch 307: train_loss: 0.07257195059454076, valid_loss: 0.11767307884599033, train_nll: 4.073892230119423, valid_nll: 6.899851925015923
[2021-09-24 19:47:22] epoch 308: train_loss: 0.07221366787191041, valid_loss: 0.11672446729713365, train_nll: 4.044168274784355, valid_nll: 6.847191864971139
[2021-09-24 19:47:26] epoch 309: train_loss: 0.07223932220555809, valid_loss: 0.11659006362682894, train_nll: 4.054446331793403, valid_nll: 6.809178843310698
[2021-09-24 19:47:31] epoch 310: train_loss: 0.07270237276387527, valid_loss: 0.11738112098292301, train_nll: 4.071205592327536, valid_nll: 6.895026668425529
[2021-09-24 19:47:35] epoch 311: train_loss: 0.072857177332369, valid_loss: 0.11682317592203617, train_nll: 4.078762926502596, valid_nll: 6.816110706202919
[2021-09-24 19:47:39] epoch 312: train_loss: 0.07254929183351941, valid_loss: 0.11731458651392083, train_nll: 4.058978089037446, valid_nll: 6.923227570618458
[2021-09-24 19:47:43] epoch 313: train_loss: 0.07263543251820527, valid_loss: 0.11799149077973868, train_nll: 4.07561865034116, valid_nll: 6.8926191174030516
[2021-09-24 19:47:47] epoch 314: train_loss: 0.07269955120622851, valid_loss: 0.11702990183900845, train_nll: 4.075203073096742, valid_nll: 6.787921721778293
[2021-09-24 19:48:01] epoch 315: train_loss: 0.07255294338259113, valid_loss: 0.11680890168798597, train_nll: 4.063720691606176, valid_nll: 6.862983116996115
[2021-09-24 19:48:06] epoch 316: train_loss: 0.07273086010759054, valid_loss: 0.11618098646010223, train_nll: 4.07433871489629, valid_nll: 6.73365937088424
[2021-09-24 19:48:10] epoch 317: train_loss: 0.07293217778856577, valid_loss: 0.1176633596616356, train_nll: 4.076535800996208, valid_nll: 6.816683153530901
[2021-09-24 19:48:14] epoch 318: train_loss: 0.07265256273694434, valid_loss: 0.11640283102659803, train_nll: 4.069093851158871, valid_nll: 6.731569061751288
[2021-09-24 19:48:18] epoch 319: train_loss: 0.07377959462492747, valid_loss: 0.11591552384197712, train_nll: 4.129562048659898, valid_nll: 6.799669671153475
[2021-09-24 19:48:22] epoch 320: train_loss: 0.0722379551541597, valid_loss: 0.1175026185810566, train_nll: 4.043039963863124, valid_nll: 6.809339620242117
[2021-09-24 19:48:26] epoch 321: train_loss: 0.07315566153245201, valid_loss: 0.1160160111949632, train_nll: 4.098522956635748, valid_nll: 6.762239450276873
[2021-09-24 19:48:30] epoch 322: train_loss: 0.07222074574453341, valid_loss: 0.1171235637249131, train_nll: 4.0326380039248235, valid_nll: 6.790277481921942
[2021-09-24 19:48:34] epoch 323: train_loss: 0.0727836562231118, valid_loss: 0.11633462600998189, train_nll: 4.083381296029444, valid_nll: 6.80321648665566
[2021-09-24 19:48:38] epoch 324: train_loss: 0.07233311149686185, valid_loss: 0.11648512219912127, train_nll: 4.05009418756696, valid_nll: 6.743691822411052
[2021-09-24 19:48:42] epoch 325: train_loss: 0.07303547501303743, valid_loss: 0.11690844869927357, train_nll: 4.08974308278568, valid_nll: 6.904212422356161
[2021-09-24 19:48:47] epoch 326: train_loss: 0.0734472699528438, valid_loss: 0.11669498534971162, train_nll: 4.116357039450054, valid_nll: 6.711305497759905
[2021-09-24 19:48:51] epoch 327: train_loss: 0.07234082514151735, valid_loss: 0.11678328580762211, train_nll: 4.0429928732262495, valid_nll: 6.880451170364629
[2021-09-24 19:48:55] epoch 328: train_loss: 0.07266167718835793, valid_loss: 0.11661048664858467, train_nll: 4.085777033233979, valid_nll: 6.827973416775557
[2021-09-24 19:48:59] epoch 329: train_loss: 0.07259364170734019, valid_loss: 0.11754563823342323, train_nll: 4.05443760277263, valid_nll: 6.861288885705723
[2021-09-24 19:49:03] epoch 330: train_loss: 0.07329664747007028, valid_loss: 0.11634557292257484, train_nll: 4.106580231638891, valid_nll: 6.830548753793188
[2021-09-24 19:49:07] epoch 331: train_loss: 0.07222688321723689, valid_loss: 0.11667714238558945, train_nll: 4.040369309984298, valid_nll: 6.915297174053386
[2021-09-24 19:49:11] epoch 332: train_loss: 0.07296093403642355, valid_loss: 0.11561162563923158, train_nll: 4.094157614646841, valid_nll: 6.755037730002477
[2021-09-24 19:49:15] epoch 333: train_loss: 0.07215507635968742, valid_loss: 0.11672342352961239, train_nll: 4.039684468717599, valid_nll: 6.777359116672679
[2021-09-24 19:49:19] epoch 334: train_loss: 0.07254323395839425, valid_loss: 0.11640633853446496, train_nll: 4.061199487159944, valid_nll: 6.7426273415060205
[2021-09-24 19:49:24] epoch 335: train_loss: 0.07184141300065548, valid_loss: 0.11836318769737293, train_nll: 4.027314956593116, valid_nll: 6.828031161481492
[2021-09-24 19:49:28] epoch 336: train_loss: 0.07255319671859908, valid_loss: 0.11749449499735706, train_nll: 4.059491243922916, valid_nll: 6.963062331890354
[2021-09-24 19:49:32] epoch 337: train_loss: 0.07242963593209155, valid_loss: 0.11692358455375622, train_nll: 4.050388880375823, valid_nll: 6.810571988283192
[2021-09-24 19:49:36] epoch 338: train_loss: 0.07286614382956746, valid_loss: 0.11786000293336417, train_nll: 4.075511657045066, valid_nll: 6.905632106698407
[2021-09-24 19:49:40] epoch 339: train_loss: 0.07312091623786755, valid_loss: 0.11707726875810247, train_nll: 4.09469384595034, valid_nll: 6.78022052058592
[2021-09-24 19:49:44] epoch 340: train_loss: 0.07320872948029156, valid_loss: 0.1172053866872662, train_nll: 4.090303088098409, valid_nll: 6.929197826377069
[2021-09-24 19:49:48] epoch 341: train_loss: 0.07404241671858916, valid_loss: 0.11732059756391927, train_nll: 4.164222614458584, valid_nll: 6.8938584911364975
[2021-09-24 19:49:52] epoch 342: train_loss: 0.07297189577633116, valid_loss: 0.11688183238239665, train_nll: 4.08076282298377, valid_nll: 6.828484980658625
[2021-09-24 19:49:56] epoch 343: train_loss: 0.07378809005998108, valid_loss: 0.11735149904301292, train_nll: 4.127613014247038, valid_nll: 6.789044871142729
[2021-09-24 19:50:00] epoch 344: train_loss: 0.07322764440590117, valid_loss: 0.11684530669529188, train_nll: 4.098904188400271, valid_nll: 6.917467569915057
[2021-09-24 19:50:04] epoch 345: train_loss: 0.07289824368001072, valid_loss: 0.1161319698746267, train_nll: 4.0918871025077586, valid_nll: 6.723603734493888
[2021-09-24 19:50:08] epoch 346: train_loss: 0.07244343173946356, valid_loss: 0.11624200926407387, train_nll: 4.050693625184499, valid_nll: 6.734217732657493
[2021-09-24 19:50:12] epoch 347: train_loss: 0.07246319381886174, valid_loss: 0.11689823473754682, train_nll: 4.051438591620378, valid_nll: 6.856472620540523
[2021-09-24 19:50:17] epoch 348: train_loss: 0.07259395269587571, valid_loss: 0.11662514399933188, train_nll: 4.065448288995504, valid_nll: 6.88663045400231
[2021-09-24 19:50:21] epoch 349: train_loss: 0.07235632138936801, valid_loss: 0.11657220144805155, train_nll: 4.0612856693130155, valid_nll: 6.840533803955833
[2021-09-24 19:50:25] epoch 350: train_loss: 0.07280506619850101, valid_loss: 0.11680919314293485, train_nll: 4.073451413165699, valid_nll: 6.774731216734087
[2021-09-24 19:50:29] epoch 351: train_loss: 0.07329483344890665, valid_loss: 0.11726091606052298, train_nll: 4.105008858436161, valid_nll: 6.877568648233384
[2021-09-24 19:50:33] epoch 352: train_loss: 0.07270500836609232, valid_loss: 0.11587494592133321, train_nll: 4.070844101017328, valid_nll: 6.877124194702742
[2021-09-24 19:50:37] epoch 353: train_loss: 0.07206381501133785, valid_loss: 0.11635294409566804, train_nll: 4.033874071755875, valid_nll: 6.861676643024332
[2021-09-24 19:50:41] epoch 354: train_loss: 0.072763873288595, valid_loss: 0.1156167502662069, train_nll: 4.078171778223901, valid_nll: 6.786813146816225
[2021-09-24 19:50:45] epoch 355: train_loss: 0.07276007469629617, valid_loss: 0.1168745670859751, train_nll: 4.080577170450253, valid_nll: 6.8189680644805275
[2021-09-24 19:50:49] epoch 356: train_loss: 0.07231476258763059, valid_loss: 0.11660471284075787, train_nll: 4.050226843959366, valid_nll: 6.87910915548381
[2021-09-24 19:50:53] epoch 357: train_loss: 0.07229596376419067, valid_loss: 0.11649921899171252, train_nll: 4.053922253691724, valid_nll: 6.730310228510446
[2021-09-24 19:50:58] epoch 358: train_loss: 0.07230714161973853, valid_loss: 0.11635417030437996, train_nll: 4.046101050237121, valid_nll: 6.826070592511928
[2021-09-24 19:51:02] epoch 359: train_loss: 0.07313604903403328, valid_loss: 0.11768295841389581, train_nll: 4.0968741067011765, valid_nll: 7.026537087339771
[2021-09-24 19:51:06] epoch 360: train_loss: 0.0727143690933567, valid_loss: 0.11663989242362349, train_nll: 4.0762534810896565, valid_nll: 6.872344694251357
[2021-09-24 19:51:10] epoch 361: train_loss: 0.07240126576421042, valid_loss: 0.11734086657433133, train_nll: 4.056160042257473, valid_nll: 6.98629839294946
[2021-09-24 19:51:14] epoch 362: train_loss: 0.07227740941089314, valid_loss: 0.11796034009833085, train_nll: 4.04786877106068, valid_nll: 6.909358076431874
[2021-09-24 19:51:18] epoch 363: train_loss: 0.07307827493834704, valid_loss: 0.1176934774572912, train_nll: 4.095491251971483, valid_nll: 6.937604218945269
[2021-09-24 19:51:22] epoch 364: train_loss: 0.07354030179014373, valid_loss: 0.11662048405330432, train_nll: 4.125158695676643, valid_nll: 6.7589947459869455
[2021-09-24 19:51:26] epoch 365: train_loss: 0.07215606165830225, valid_loss: 0.11693829719565417, train_nll: 4.0387144556521735, valid_nll: 6.884106850550336
[2021-09-24 19:51:30] epoch 366: train_loss: 0.07243237089707341, valid_loss: 0.11755013112959109, train_nll: 4.0552592753029515, valid_nll: 6.875782699011829
[2021-09-24 19:51:34] epoch 367: train_loss: 0.07278068402708879, valid_loss: 0.11776347576003325, train_nll: 4.073701796993133, valid_nll: 6.847485878169405
[2021-09-24 19:51:39] epoch 368: train_loss: 0.07303528775619628, valid_loss: 0.11743895366395775, train_nll: 4.086515770795718, valid_nll: 6.995893042644884
[2021-09-24 19:51:43] epoch 369: train_loss: 0.07260881450564059, valid_loss: 0.11717105901947147, train_nll: 4.065897963643689, valid_nll: 6.865890647898298
[2021-09-24 19:51:47] epoch 370: train_loss: 0.0727309370210077, valid_loss: 0.11772645137419827, train_nll: 4.072919437084234, valid_nll: 6.9116499728456935
[2021-09-24 19:51:51] epoch 371: train_loss: 0.0724953446683665, valid_loss: 0.1167034750902339, train_nll: 4.067702711023591, valid_nll: 6.798768694612551
[2021-09-24 19:51:55] epoch 372: train_loss: 0.0724513646231468, valid_loss: 0.1174064734460492, train_nll: 4.0571789999284915, valid_nll: 6.951642958927197
[2021-09-24 19:51:59] epoch 373: train_loss: 0.07260080812474526, valid_loss: 0.11764647488139178, train_nll: 4.069257780033774, valid_nll: 6.856133279366352
[2021-09-24 19:52:03] epoch 374: train_loss: 0.07231349515927932, valid_loss: 0.1174412762354079, train_nll: 4.039951962493344, valid_nll: 6.941144568173168
[2021-09-24 19:52:07] epoch 375: train_loss: 0.07340272138602869, valid_loss: 0.1179809765400071, train_nll: 4.110554397185187, valid_nll: 6.908213060406842
[2021-09-24 19:52:12] epoch 376: train_loss: 0.07340536055085961, valid_loss: 0.11640582498359053, train_nll: 4.1192408500038695, valid_nll: 6.856617329555752
[2021-09-24 19:52:16] epoch 377: train_loss: 0.07237196485938985, valid_loss: 0.1176118357597213, train_nll: 4.052151981589193, valid_nll: 6.929509529117141
[2021-09-24 19:52:20] epoch 378: train_loss: 0.07206234731203083, valid_loss: 0.11733253604095233, train_nll: 4.039837927262726, valid_nll: 6.825861227496556
[2021-09-24 19:52:24] epoch 379: train_loss: 0.07278632595484434, valid_loss: 0.11741387432343081, train_nll: 4.072516809245205, valid_nll: 6.973706510495782
[2021-09-24 19:52:28] epoch 380: train_loss: 0.07287894516337387, valid_loss: 0.11700554172459401, train_nll: 4.077646826096356, valid_nll: 6.869385035334042
[2021-09-24 19:52:32] epoch 381: train_loss: 0.07263101691046657, valid_loss: 0.11791522849939372, train_nll: 4.066868584678247, valid_nll: 6.907194531179876
[2021-09-24 19:52:36] epoch 382: train_loss: 0.07335706247122527, valid_loss: 0.11737851014262751, train_nll: 4.103899252960794, valid_nll: 6.79318452734785
[2021-09-24 19:52:40] epoch 383: train_loss: 0.07257842820739642, valid_loss: 0.11675855566404368, train_nll: 4.06493074206685, valid_nll: 6.827952827861548
[2021-09-24 19:52:44] epoch 384: train_loss: 0.07290800603911866, valid_loss: 0.11648139230122692, train_nll: 4.094922904782837, valid_nll: 6.88040846530916
[2021-09-24 19:52:49] epoch 385: train_loss: 0.07275840654708933, valid_loss: 0.1171425674110651, train_nll: 4.074888991017215, valid_nll: 6.847995213581512
[2021-09-24 19:52:53] epoch 386: train_loss: 0.07318813166699034, valid_loss: 0.11755050816818287, train_nll: 4.098248202910671, valid_nll: 6.9355674268290155
[2021-09-24 19:52:57] epoch 387: train_loss: 0.07251308946239896, valid_loss: 0.11589001873998266, train_nll: 4.063440934778366, valid_nll: 6.768769237671708
[2021-09-24 19:53:01] epoch 388: train_loss: 0.0728013765343412, valid_loss: 0.11717711271424043, train_nll: 4.080491949135643, valid_nll: 6.954621217654334
[2021-09-24 19:53:05] epoch 389: train_loss: 0.0735934453174537, valid_loss: 0.11702483196399714, train_nll: 4.112371230620596, valid_nll: 6.9129007990993445
[2021-09-24 19:53:09] epoch 390: train_loss: 0.07335765526414438, valid_loss: 0.11699063301478561, train_nll: 4.105414171003948, valid_nll: 6.825294238405316
[2021-09-24 19:53:13] epoch 391: train_loss: 0.07282753456302606, valid_loss: 0.11653675031112998, train_nll: 4.074706007479428, valid_nll: 6.734119336056172
[2021-09-24 19:53:17] epoch 392: train_loss: 0.07336310606335969, valid_loss: 0.11562513579663478, train_nll: 4.111431637925662, valid_nll: 6.759954006651888
[2021-09-24 19:53:21] epoch 393: train_loss: 0.07302261537599772, valid_loss: 0.11637814980196326, train_nll: 4.094865153334175, valid_nll: 6.704676396753006
[2021-09-24 19:53:26] epoch 394: train_loss: 0.07227351518111978, valid_loss: 0.11601559111946508, train_nll: 4.039161969537604, valid_nll: 6.905051662497325
[2021-09-24 19:53:30] epoch 395: train_loss: 0.0726641991773547, valid_loss: 0.11680843053679717, train_nll: 4.075558298728764, valid_nll: 6.802906681992973
[2021-09-24 19:53:34] epoch 396: train_loss: 0.07238257134650472, valid_loss: 0.11608596724507056, train_nll: 4.050975240476178, valid_nll: 6.79464627618659
[2021-09-24 19:53:38] epoch 397: train_loss: 0.07258751788318939, valid_loss: 0.11595826154868853, train_nll: 4.067111143010199, valid_nll: 6.730683553023935
[2021-09-24 19:53:42] epoch 398: train_loss: 0.07338768795262778, valid_loss: 0.11576422803888195, train_nll: 4.1091758794330815, valid_nll: 6.812362950721568
[2021-09-24 19:53:46] epoch 399: train_loss: 0.07318546216300481, valid_loss: 0.11678508090737619, train_nll: 4.101423823477014, valid_nll: 6.784343009810504
[2021-09-24 19:53:50] epoch 400: train_loss: 0.07246532616526799, valid_loss: 0.11571308058735572, train_nll: 4.052229643184107, valid_nll: 6.783548585198066
[2021-09-24 19:53:54] epoch 401: train_loss: 0.07242710369447954, valid_loss: 0.11645311136779032, train_nll: 4.053534242116153, valid_nll: 6.778033952295806
[2021-09-24 19:53:59] epoch 402: train_loss: 0.07258859766427607, valid_loss: 0.1177494011231159, train_nll: 4.072506050382944, valid_nll: 6.8884443484519995
[2021-09-24 19:54:03] epoch 403: train_loss: 0.0727784223203836, valid_loss: 0.11676925822700325, train_nll: 4.078175799136204, valid_nll: 6.918090719171609
[2021-09-24 19:54:07] epoch 404: train_loss: 0.07316081160801467, valid_loss: 0.11581924856689416, train_nll: 4.101649103854397, valid_nll: 6.744901882142974
[2021-09-24 19:54:11] epoch 405: train_loss: 0.07252301041476071, valid_loss: 0.1167611970909332, train_nll: 4.061571529431694, valid_nll: 6.8859970591735165
[2021-09-24 19:54:15] epoch 406: train_loss: 0.0729534809668772, valid_loss: 0.11656092166116364, train_nll: 4.085342112513245, valid_nll: 6.737416205446224
[2021-09-24 19:54:19] epoch 407: train_loss: 0.07233994852702691, valid_loss: 0.11760267723155649, train_nll: 4.04382278986296, valid_nll: 6.80812435512568
[2021-09-24 19:54:23] epoch 408: train_loss: 0.07271495476104807, valid_loss: 0.11640031802418985, train_nll: 4.074012177035109, valid_nll: 6.750774176206096
[2021-09-24 19:54:27] epoch 409: train_loss: 0.07302478598390083, valid_loss: 0.11698373431633961, train_nll: 4.088620364955712, valid_nll: 6.849912554934337
[2021-09-24 19:54:31] epoch 410: train_loss: 0.07265902248792773, valid_loss: 0.11705942510774262, train_nll: 4.071427736213517, valid_nll: 6.825637254365187
[2021-09-24 19:54:35] epoch 411: train_loss: 0.07319976137259641, valid_loss: 0.1168142443424777, train_nll: 4.095650644115539, valid_nll: 6.926946602086814
[2021-09-24 19:54:39] epoch 412: train_loss: 0.07281459225382347, valid_loss: 0.11678367965903722, train_nll: 4.082155660319388, valid_nll: 6.788136932737154
[2021-09-24 19:54:43] epoch 413: train_loss: 0.07278669383132823, valid_loss: 0.11683508111654144, train_nll: 4.068742750108567, valid_nll: 6.876319713314392
[2021-09-24 19:54:47] epoch 414: train_loss: 0.07259500521239234, valid_loss: 0.11679490469396114, train_nll: 4.061561324315809, valid_nll: 6.8794636677916055
[2021-09-24 19:54:51] epoch 415: train_loss: 0.07300176136358336, valid_loss: 0.11772284127379719, train_nll: 4.085365337833141, valid_nll: 6.834659082511332
[2021-09-24 19:54:56] epoch 416: train_loss: 0.07261308614473676, valid_loss: 0.11669162905922062, train_nll: 4.062594386926894, valid_nll: 6.967056206986802
[2021-09-24 19:55:00] epoch 417: train_loss: 0.07217136189731968, valid_loss: 0.1169587403143707, train_nll: 4.042434027100509, valid_nll: 6.830801120543975
[2021-09-24 19:55:04] epoch 418: train_loss: 0.07328510652072565, valid_loss: 0.11599709171997874, train_nll: 4.111724355677684, valid_nll: 6.839375262022335
[2021-09-24 19:55:08] epoch 419: train_loss: 0.07236285209981115, valid_loss: 0.11778583274664063, train_nll: 4.044881716166457, valid_nll: 6.913309556638252
[2021-09-24 19:55:12] epoch 420: train_loss: 0.07209542318853228, valid_loss: 0.11708912351413776, train_nll: 4.040472384913714, valid_nll: 6.837938940003547
[2021-09-24 19:55:16] epoch 421: train_loss: 0.07269378461952293, valid_loss: 0.11705300309940388, train_nll: 4.079702132052676, valid_nll: 6.835233626827117
[2021-09-24 19:55:20] epoch 422: train_loss: 0.07446547841661362, valid_loss: 0.11551768210177359, train_nll: 4.171039775714096, valid_nll: 6.761485896698416
[2021-09-24 19:55:24] epoch 423: train_loss: 0.07354552427298637, valid_loss: 0.11569236748312649, train_nll: 4.123008421795202, valid_nll: 6.772887903770619
[2021-09-24 19:55:28] epoch 424: train_loss: 0.07355876571161257, valid_loss: 0.11601845429916131, train_nll: 4.119014476181078, valid_nll: 6.77570395273705
[2021-09-24 19:55:32] epoch 425: train_loss: 0.07343965760680266, valid_loss: 0.1154825795245798, train_nll: 4.1283075594203185, valid_nll: 6.6931994038243445
[2021-09-24 19:55:36] epoch 426: train_loss: 0.0725480776816997, valid_loss: 0.1158445369648306, train_nll: 4.05166040426994, valid_nll: 6.752250222995436
[2021-09-24 19:55:41] epoch 427: train_loss: 0.07312180482534342, valid_loss: 0.11609385731188875, train_nll: 4.097806681903969, valid_nll: 6.918141630124688
[2021-09-24 19:55:45] epoch 428: train_loss: 0.0738528731510889, valid_loss: 0.11599063481155195, train_nll: 4.1454466028757135, valid_nll: 6.711835991846372
[2021-09-24 19:55:49] epoch 429: train_loss: 0.0725968000865399, valid_loss: 0.11627668607980013, train_nll: 4.070970476560414, valid_nll: 6.769117877065108
[2021-09-24 19:55:53] epoch 430: train_loss: 0.07280141728478748, valid_loss: 0.11671578991962106, train_nll: 4.071260709336939, valid_nll: 6.798991713648184
[2021-09-24 19:55:57] epoch 431: train_loss: 0.0731532337656448, valid_loss: 0.11765363086995326, train_nll: 4.095967570220727, valid_nll: 6.900018308524057
[2021-09-24 19:56:01] epoch 432: train_loss: 0.07259160390847635, valid_loss: 0.11662942925958257, train_nll: 4.0616459500229505, valid_nll: 6.902468116210722
[2021-09-24 19:56:05] epoch 433: train_loss: 0.07351808176746015, valid_loss: 0.11645410347141717, train_nll: 4.126778858964161, valid_nll: 6.883447981702507
[2021-09-24 19:56:09] epoch 434: train_loss: 0.07268898865801798, valid_loss: 0.11634746566414833, train_nll: 4.071371391747026, valid_nll: 6.804474203975339
[2021-09-24 19:56:13] epoch 435: train_loss: 0.07304623483895735, valid_loss: 0.11676584223383352, train_nll: 4.095360526527251, valid_nll: 6.708949154370452
[2021-09-24 19:56:17] epoch 436: train_loss: 0.07331427341270134, valid_loss: 0.11712316335423996, train_nll: 4.113857268163322, valid_nll: 6.8759842121227095
[2021-09-24 19:56:21] epoch 437: train_loss: 0.07402738865351052, valid_loss: 0.11609686156244654, train_nll: 4.147738761974901, valid_nll: 6.802239728616604
[2021-09-24 19:56:25] epoch 438: train_loss: 0.07257803069126659, valid_loss: 0.1170483615837599, train_nll: 4.068759013844758, valid_nll: 6.786018122101167
[2021-09-24 19:56:29] epoch 439: train_loss: 0.07260892486533223, valid_loss: 0.11650111937993451, train_nll: 4.061647726169372, valid_nll: 6.861360817107277
[2021-09-24 19:56:33] epoch 440: train_loss: 0.07218509977561417, valid_loss: 0.11739883111103584, train_nll: 4.044588434273021, valid_nll: 6.97630372765946
[2021-09-24 19:56:38] epoch 441: train_loss: 0.07319834844644413, valid_loss: 0.11876288958285984, train_nll: 4.109869564346895, valid_nll: 6.8524924062070625
[2021-09-24 19:56:42] epoch 442: train_loss: 0.07314641502031072, valid_loss: 0.1171374044528133, train_nll: 4.0959521546632836, valid_nll: 6.910716472765644
[2021-09-24 19:56:46] epoch 443: train_loss: 0.07321430188013997, valid_loss: 0.11642476333011138, train_nll: 4.098772070021214, valid_nll: 6.917148150125016
[2021-09-24 19:56:50] epoch 444: train_loss: 0.07342415023188403, valid_loss: 0.11663968341523095, train_nll: 4.121912450111918, valid_nll: 6.801901145999114
[2021-09-24 19:56:54] epoch 445: train_loss: 0.07264444669586602, valid_loss: 0.11727944055670186, train_nll: 4.06616700599885, valid_nll: 6.778411271874482
[2021-09-24 19:56:58] epoch 446: train_loss: 0.07233392515557302, valid_loss: 0.11688213824833694, train_nll: 4.049560953124245, valid_nll: 6.787439293214509
[2021-09-24 19:57:02] epoch 447: train_loss: 0.07258929740068173, valid_loss: 0.1176346141452852, train_nll: 4.062608462929427, valid_nll: 6.942118790947227
[2021-09-24 19:57:06] epoch 448: train_loss: 0.07271484955819933, valid_loss: 0.11651724189715951, train_nll: 4.069982763839095, valid_nll: 6.809434473540896
[2021-09-24 19:57:10] epoch 449: train_loss: 0.07386605867782535, valid_loss: 0.11625085810297414, train_nll: 4.137455096141564, valid_nll: 6.709554897279693
[2021-09-24 19:57:15] epoch 450: train_loss: 0.0725973681851766, valid_loss: 0.11723703670462496, train_nll: 4.067591558589309, valid_nll: 6.878809003033472
[2021-09-24 19:57:19] epoch 451: train_loss: 0.07242906527943486, valid_loss: 0.11677483498658005, train_nll: 4.058196099978481, valid_nll: 6.85106190316086
[2021-09-24 19:57:23] epoch 452: train_loss: 0.07262921627757331, valid_loss: 0.11677601364882369, train_nll: 4.069339372357031, valid_nll: 6.850854894728245
[2021-09-24 19:57:27] epoch 453: train_loss: 0.07291871847739387, valid_loss: 0.11688918228212156, train_nll: 4.093346340804831, valid_nll: 6.811468201088157
[2021-09-24 19:57:31] epoch 454: train_loss: 0.07269872098705654, valid_loss: 0.11674196116234127, train_nll: 4.0658006433500145, valid_nll: 6.844264672279779
[2021-09-24 19:57:35] epoch 455: train_loss: 0.0723831550946142, valid_loss: 0.117734889744928, train_nll: 4.056801412326455, valid_nll: 6.900066114451787
[2021-09-24 19:57:39] epoch 456: train_loss: 0.07223270094941277, valid_loss: 0.11798030088998769, train_nll: 4.0423725182677535, valid_nll: 6.862437492232379
[2021-09-24 19:57:44] epoch 457: train_loss: 0.07290362441448665, valid_loss: 0.11668119383485694, train_nll: 4.076615431186183, valid_nll: 6.861721000047685
[2021-09-24 19:57:48] epoch 458: train_loss: 0.07227150145836793, valid_loss: 0.11774198534457307, train_nll: 4.041823741279588, valid_nll: 6.896864000590987
[2021-09-24 19:57:52] epoch 459: train_loss: 0.07200600172689908, valid_loss: 0.1174404893658663, train_nll: 4.031432531775142, valid_nll: 6.8414574225708495
[2021-09-24 19:57:56] epoch 460: train_loss: 0.07299411700282034, valid_loss: 0.1186137237635098, train_nll: 4.087430289540029, valid_nll: 6.924627781967858
[2021-09-24 19:58:00] epoch 461: train_loss: 0.07283632442615438, valid_loss: 0.11790866228310685, train_nll: 4.0787685302698415, valid_nll: 6.852120939314602
[2021-09-24 19:58:04] epoch 462: train_loss: 0.07278899809418807, valid_loss: 0.1174602173268795, train_nll: 4.083612433307247, valid_nll: 6.837073521228475
[2021-09-24 19:58:08] epoch 463: train_loss: 0.07216636420077112, valid_loss: 0.11780508725266707, train_nll: 4.044828547242991, valid_nll: 6.864749704479802
[2021-09-24 19:58:12] epoch 464: train_loss: 0.07373678757439013, valid_loss: 0.11823851085807148, train_nll: 4.1310472621853105, valid_nll: 6.854712613957465
[2021-09-24 19:58:17] epoch 465: train_loss: 0.07313771700429604, valid_loss: 0.11696339035896879, train_nll: 4.096615316941928, valid_nll: 6.837080304410886
[2021-09-24 19:58:21] epoch 466: train_loss: 0.07375187578094579, valid_loss: 0.11737306592495818, train_nll: 4.134336352436123, valid_nll: 6.811229754695311
[2021-09-24 19:58:25] epoch 467: train_loss: 0.07288003651075488, valid_loss: 0.11682488955557346, train_nll: 4.07040496693565, valid_nll: 6.934870272782646
[2021-09-24 19:58:29] epoch 468: train_loss: 0.07292240374928999, valid_loss: 0.11655116345929473, train_nll: 4.089790949959839, valid_nll: 6.8373221592517535
[2021-09-24 19:58:33] epoch 469: train_loss: 0.07386399044220104, valid_loss: 0.11731798946857452, train_nll: 4.139607143921851, valid_nll: 6.900681199407978
[2021-09-24 19:58:37] epoch 470: train_loss: 0.07315332927297817, valid_loss: 0.11739249066694786, train_nll: 4.09789308572416, valid_nll: 6.885741489627853
[2021-09-24 19:58:41] epoch 471: train_loss: 0.0728415241993671, valid_loss: 0.116987715916414, train_nll: 4.07893262911763, valid_nll: 6.859734680607316
[2021-09-24 19:58:45] epoch 472: train_loss: 0.0724112467929786, valid_loss: 0.11721738280826494, train_nll: 4.045120625559826, valid_nll: 6.9406406876264395
[2021-09-24 19:58:49] epoch 473: train_loss: 0.07250206889869344, valid_loss: 0.1174177596051442, train_nll: 4.058203892884119, valid_nll: 6.941227115996896
[2021-09-24 19:58:54] epoch 474: train_loss: 0.0724387613966996, valid_loss: 0.11821951952419783, train_nll: 4.053382689514924, valid_nll: 7.026206279085423
[2021-09-24 19:58:58] epoch 475: train_loss: 0.07333698627990407, valid_loss: 0.11715939611588654, train_nll: 4.113609378582635, valid_nll: 6.817921246146398
[2021-09-24 19:59:02] epoch 476: train_loss: 0.0736011904237312, valid_loss: 0.11683384476131514, train_nll: 4.117646452358289, valid_nll: 6.8053133530897005
[2021-09-24 19:59:06] epoch 477: train_loss: 0.07370981696065856, valid_loss: 0.11791084197006728, train_nll: 4.125579644626152, valid_nll: 6.943704602574017
[2021-09-24 19:59:10] epoch 478: train_loss: 0.07393602366400598, valid_loss: 0.11703546129559216, train_nll: 4.134845506075574, valid_nll: 6.936677087369978
[2021-09-24 19:59:14] epoch 479: train_loss: 0.07276877793422433, valid_loss: 0.11701118053966447, train_nll: 4.079066165435787, valid_nll: 6.83661799614165
[2021-09-24 19:59:18] epoch 480: train_loss: 0.07396428192676936, valid_loss: 0.11547598223152913, train_nll: 4.143568783168818, valid_nll: 6.73335695624931
[2021-09-24 19:59:22] epoch 481: train_loss: 0.07338111047271037, valid_loss: 0.11653133001374572, train_nll: 4.109902548077075, valid_nll: 6.829761914747561
[2021-09-24 19:59:26] epoch 482: train_loss: 0.0730281257798578, valid_loss: 0.11659569072684176, train_nll: 4.092685723624325, valid_nll: 6.785076153157193
[2021-09-24 19:59:30] epoch 483: train_loss: 0.07248764219958188, valid_loss: 0.11791221826876465, train_nll: 4.064333271358691, valid_nll: 6.89895278586785
[2021-09-24 19:59:34] epoch 484: train_loss: 0.0727796476806095, valid_loss: 0.11756521924153755, train_nll: 4.075198957505327, valid_nll: 6.8390447403338435
[2021-09-24 19:59:39] epoch 485: train_loss: 0.07290739097579597, valid_loss: 0.11717971620198928, train_nll: 4.078503705489827, valid_nll: 6.946371310272419
[2021-09-24 19:59:43] epoch 486: train_loss: 0.07464418034821618, valid_loss: 0.11648227637143511, train_nll: 4.186375470624298, valid_nll: 6.693693413020129
[2021-09-24 19:59:47] epoch 487: train_loss: 0.07337916834385634, valid_loss: 0.11566641426792271, train_nll: 4.114366169793386, valid_nll: 6.641058901164366
[2021-09-24 19:59:51] epoch 488: train_loss: 0.07280336444034327, valid_loss: 0.11638315943510909, train_nll: 4.073270306353331, valid_nll: 6.710754711439375
[2021-09-24 19:59:55] epoch 489: train_loss: 0.07274138289768102, valid_loss: 0.11687873401924183, train_nll: 4.073318326362613, valid_nll: 6.913216466562336
[2021-09-24 19:59:59] epoch 490: train_loss: 0.0731312607345883, valid_loss: 0.11820520784117673, train_nll: 4.090403560335567, valid_nll: 6.8733620873289825
[2021-09-24 20:00:03] epoch 491: train_loss: 0.07434105917030547, valid_loss: 0.11695859502804906, train_nll: 4.1758642186822135, valid_nll: 6.853518898593499
[2021-09-24 20:00:07] epoch 492: train_loss: 0.07319288155852967, valid_loss: 0.11629013829913579, train_nll: 4.109250608504055, valid_nll: 6.8071599969598395
[2021-09-24 20:00:12] epoch 493: train_loss: 0.07334999190277408, valid_loss: 0.11654350132142242, train_nll: 4.1021541907871955, valid_nll: 6.777484875256332
[2021-09-24 20:00:16] epoch 494: train_loss: 0.07302609818080627, valid_loss: 0.11635280699518166, train_nll: 4.0841553427190105, valid_nll: 6.750707844638529
[2021-09-24 20:00:20] epoch 495: train_loss: 0.07269760331862879, valid_loss: 0.11700282951718882, train_nll: 4.0724692660028445, valid_nll: 6.816826493772742
[2021-09-24 20:00:24] epoch 496: train_loss: 0.07388091012510149, valid_loss: 0.11620355544513777, train_nll: 4.149687680356684, valid_nll: 6.869206160925891
[2021-09-24 20:00:28] epoch 497: train_loss: 0.07326905783997872, valid_loss: 0.1164809264438717, train_nll: 4.107559639007393, valid_nll: 6.877798514507326
[2021-09-24 20:00:32] epoch 498: train_loss: 0.07268889280906411, valid_loss: 0.1163136682620174, train_nll: 4.066749041483282, valid_nll: 6.913118316070516
[2021-09-24 20:00:36] epoch 499: train_loss: 0.07337550804279257, valid_loss: 0.11651968029572775, train_nll: 4.108617836815529, valid_nll: 6.785945162433889
