------------ Configs ------------
loading Nott data...
loading Nott data...
model summary: 
====================================================
      Kernel Shape   Output Shape  Params  Mult-Adds
Layer                                               
0_rnn            -  [200, 1, 100]   19000      18800
1_mlp    [100, 88]   [200, 1, 88]    8888       8800
----------------------------------------------------
                      Totals
Total params           27888
Trainable params       27888
Non-trainable params       0
Mult-Adds              27600
====================================================
rnn:  tanh
data:  Nott
optimizer:  rmsprop
learning rate:  0.001
momentum:  0.9
weight decay:  0.0
gradient clipping:  1.0
loss criterion:  bce
continue training:  False
save directory:  ./exp/music/nott/tanh
log directory:  ./log/music/nott/tanh
starting epoch:  0
ending epoch:  500
steps per epoch:  694
cuda:  True
---------------------------------
[2021-09-24 19:26:04] epoch 0: train_loss: 0.09110009573636206, valid_loss: 0.0778998621238794, train_nll: 5.377075810290278, valid_nll: 4.213242751678076
[2021-09-24 19:26:19] epoch 1: train_loss: 0.07438223767671358, valid_loss: 0.07224615850631212, train_nll: 4.371628701885805, valid_nll: 3.9887268268331115
[2021-09-24 19:26:35] epoch 2: train_loss: 0.06686712300098939, valid_loss: 0.06545252977423585, train_nll: 3.8447042941963065, valid_nll: 3.81049094450437
[2021-09-24 19:26:50] epoch 3: train_loss: 0.062534109810072, valid_loss: 0.05995215785641202, train_nll: 3.549486007368972, valid_nll: 3.0728313114551598
[2021-09-24 19:27:06] epoch 4: train_loss: 0.06100761663887961, valid_loss: 0.05955213754077178, train_nll: 3.4441662553441708, valid_nll: 3.468588863956702
[2021-09-24 19:27:21] epoch 5: train_loss: 0.05976905625431613, valid_loss: 0.06350314167107461, train_nll: 3.3656281478827954, valid_nll: 3.405624135223106
[2021-09-24 19:27:36] epoch 6: train_loss: 0.058965486761515355, valid_loss: 0.059219184013977216, train_nll: 3.3063443560283243, valid_nll: 3.250623869086132
[2021-09-24 19:27:52] epoch 7: train_loss: 0.058463385854700116, valid_loss: 0.06061057571989263, train_nll: 3.2505625881004256, valid_nll: 3.172630248808051
[2021-09-24 19:28:07] epoch 8: train_loss: 0.0588587208916715, valid_loss: 0.060175174125873976, train_nll: 3.3112286777747193, valid_nll: 3.234890657213747
[2021-09-24 19:28:22] epoch 9: train_loss: 0.057788579657630894, valid_loss: 0.05665619307429115, train_nll: 3.2402369221949217, valid_nll: 3.343416339014404
[2021-09-24 19:28:38] epoch 10: train_loss: 0.05727578901956851, valid_loss: 0.05743678876688715, train_nll: 3.2205459670731154, valid_nll: 3.0549499646335327
[2021-09-24 19:28:53] epoch 11: train_loss: 0.056926040606900666, valid_loss: 0.05672356419566739, train_nll: 3.206884816355461, valid_nll: 2.977801182515094
[2021-09-24 19:29:08] epoch 12: train_loss: 0.0566820050307928, valid_loss: 0.05734400261688784, train_nll: 3.1925296139338735, valid_nll: 3.319139845570016
[2021-09-24 19:29:25] epoch 13: train_loss: 0.057283969308848166, valid_loss: 0.058579803417528296, train_nll: 3.2116301794132975, valid_nll: 3.2986401760267907
[2021-09-24 19:29:40] epoch 14: train_loss: 0.05689882480885608, valid_loss: 0.0556106944433871, train_nll: 3.1933231648863205, valid_nll: 3.0327026720556014
[2021-09-24 19:29:55] epoch 15: train_loss: 0.056328571154615203, valid_loss: 0.057877499050315404, train_nll: 3.164731644453202, valid_nll: 3.144984142571017
[2021-09-24 19:30:11] epoch 16: train_loss: 0.05610347949022089, valid_loss: 0.05854426449261649, train_nll: 3.165920304398813, valid_nll: 3.4175229352320877
[2021-09-24 19:30:26] epoch 17: train_loss: 0.05547756801013129, valid_loss: 0.0549452683613824, train_nll: 3.1081461640368238, valid_nll: 3.282133021815316
[2021-09-24 19:30:43] epoch 18: train_loss: 0.05568069568231315, valid_loss: 0.056635119279340514, train_nll: 3.126867930795737, valid_nll: 3.084020162144052
[2021-09-24 19:30:58] epoch 19: train_loss: 0.0558885359594475, valid_loss: 0.05531596538820708, train_nll: 3.1483121478683054, valid_nll: 3.0411367974199277
[2021-09-24 19:31:13] epoch 20: train_loss: 0.055647614930007576, valid_loss: 0.058440311515779164, train_nll: 3.1272878459170874, valid_nll: 3.281646591206716
[2021-09-24 19:31:28] epoch 21: train_loss: 0.05637754806148302, valid_loss: 0.057302463390579116, train_nll: 3.1827608062416695, valid_nll: 2.8406771332985197
[2021-09-24 19:31:44] epoch 22: train_loss: 0.05514623172935474, valid_loss: 0.06251735182080655, train_nll: 3.100685340397946, valid_nll: 3.6655436512022015
[2021-09-24 19:31:59] epoch 23: train_loss: 0.05491454034549874, valid_loss: 0.05420897733097132, train_nll: 3.0854077542984615, valid_nll: 3.039317932936606
[2021-09-24 19:32:14] epoch 24: train_loss: 0.05637930740497641, valid_loss: 0.05730647402088766, train_nll: 3.151493058345668, valid_nll: 3.1306069588208967
[2021-09-24 19:32:29] epoch 25: train_loss: 0.059441350676892296, valid_loss: 0.06187503186264479, train_nll: 3.3571324435348506, valid_nll: 3.5987126438324286
[2021-09-24 19:32:45] epoch 26: train_loss: 0.05816724593952427, valid_loss: 0.05788210505953414, train_nll: 3.257819966800237, valid_nll: 3.04183161045204
[2021-09-24 19:33:00] epoch 27: train_loss: 0.05729918127144105, valid_loss: 0.05720128650868559, train_nll: 3.2158814738967503, valid_nll: 3.027863154602724
[2021-09-24 19:33:15] epoch 28: train_loss: 0.05716618368407491, valid_loss: 0.05652199704953701, train_nll: 3.210739810977029, valid_nll: 3.2339838446106843
[2021-09-24 19:33:31] epoch 29: train_loss: 0.05642169030377862, valid_loss: 0.055629235471604185, train_nll: 3.1851474379098446, valid_nll: 3.069089740606778
[2021-09-24 19:33:46] epoch 30: train_loss: 0.056156021824659466, valid_loss: 0.0571077527166102, train_nll: 3.1696598108268383, valid_nll: 2.9423616124082885
[2021-09-24 19:34:02] epoch 31: train_loss: 0.05798299056115515, valid_loss: 0.06355191991163817, train_nll: 3.2517713309574794, valid_nll: 3.88929941709945
[2021-09-24 19:34:17] epoch 32: train_loss: 0.0587845950653127, valid_loss: 0.057784574676972594, train_nll: 3.2973095124275433, valid_nll: 3.075587403811071
[2021-09-24 19:34:32] epoch 33: train_loss: 0.05758418179833752, valid_loss: 0.058937476764869136, train_nll: 3.2304215205656095, valid_nll: 3.126357351739763
[2021-09-24 19:34:47] epoch 34: train_loss: 0.05850525395488447, valid_loss: 0.05774845897806862, train_nll: 3.2870423442008496, valid_nll: 3.0383895991812944
[2021-09-24 19:35:03] epoch 35: train_loss: 0.05617099664622236, valid_loss: 0.056197182528373135, train_nll: 3.1466173606040977, valid_nll: 2.9806117016994644
[2021-09-24 19:35:18] epoch 36: train_loss: 0.05616074555985608, valid_loss: 0.056251905255579535, train_nll: 3.147813660572736, valid_nll: 3.125790495803086
[2021-09-24 19:35:33] epoch 37: train_loss: 0.056228514505759615, valid_loss: 0.0594302451162669, train_nll: 3.1453228546362784, valid_nll: 3.189388282550396
[2021-09-24 19:35:48] epoch 38: train_loss: 0.05843428844419611, valid_loss: 0.05743645306009089, train_nll: 3.3156731251259246, valid_nll: 3.0603850268350072
[2021-09-24 19:36:03] epoch 39: train_loss: 0.05682059615764563, valid_loss: 0.055816971454661704, train_nll: 3.177499624369005, valid_nll: 2.9653962850886186
[2021-09-24 19:36:19] epoch 40: train_loss: 0.05641694610900855, valid_loss: 0.055816393991598504, train_nll: 3.1558084442201664, valid_nll: 3.1146499909753045
[2021-09-24 19:36:34] epoch 41: train_loss: 0.055998786991349386, valid_loss: 0.05929786647330819, train_nll: 3.1373701961857683, valid_nll: 3.0269517438339144
[2021-09-24 19:36:49] epoch 42: train_loss: 0.05559190901892759, valid_loss: 0.05557970437786482, train_nll: 3.1164748337655372, valid_nll: 3.084181532420195
[2021-09-24 19:37:05] epoch 43: train_loss: 0.0567246688642574, valid_loss: 0.05556140398617425, train_nll: 3.181342385678741, valid_nll: 2.9858864224319897
[2021-09-24 19:37:20] epoch 44: train_loss: 0.055607257496769556, valid_loss: 0.05667659485271211, train_nll: 3.1310209942921983, valid_nll: 3.061989867114053
[2021-09-24 19:37:36] epoch 45: train_loss: 0.05638169335410729, valid_loss: 0.0568077254803539, train_nll: 3.1538282756851728, valid_nll: 3.183596629785135
[2021-09-24 19:37:51] epoch 46: train_loss: 0.05662662937958062, valid_loss: 0.057924850892297104, train_nll: 3.1779073263075923, valid_nll: 3.246354589138359
[2021-09-24 19:38:06] epoch 47: train_loss: 0.056617984658252095, valid_loss: 0.05620599650061889, train_nll: 3.188136470331601, valid_nll: 3.288953943845718
[2021-09-24 19:38:21] epoch 48: train_loss: 0.05645504221320152, valid_loss: 0.058387999482065266, train_nll: 3.172108877315698, valid_nll: 3.1535648630324786
[2021-09-24 19:38:37] epoch 49: train_loss: 0.05618719168554895, valid_loss: 0.05493659971852523, train_nll: 3.167509719151143, valid_nll: 3.017241197206609
[2021-09-24 19:38:52] epoch 50: train_loss: 0.05736223131053214, valid_loss: 0.05827784191580177, train_nll: 3.22150761475688, valid_nll: 3.157062659412951
[2021-09-24 19:39:07] epoch 51: train_loss: 0.058650199688906626, valid_loss: 0.060683934588652816, train_nll: 3.2974433403724643, valid_nll: 3.3892931257936993
[2021-09-24 19:39:23] epoch 52: train_loss: 0.06328767345901525, valid_loss: 0.0623910109044155, train_nll: 3.609852734788895, valid_nll: 3.5895568470729833
[2021-09-24 19:39:38] epoch 53: train_loss: 0.06227830187108915, valid_loss: 0.06438517204426616, train_nll: 3.548364803449104, valid_nll: 3.8733212249311624
[2021-09-24 19:39:53] epoch 54: train_loss: 0.05989369236856098, valid_loss: 0.05796113965569893, train_nll: 3.3918070179166433, valid_nll: 3.452490096393008
[2021-09-24 19:40:08] epoch 55: train_loss: 0.06063671434239111, valid_loss: 0.05956317990415358, train_nll: 3.427984406804971, valid_nll: 3.294215542154266
[2021-09-24 19:40:23] epoch 56: train_loss: 0.06181145401440711, valid_loss: 0.06272655208675848, train_nll: 3.499850874656379, valid_nll: 3.3038645821307586
[2021-09-24 19:40:39] epoch 57: train_loss: 0.06607407094207553, valid_loss: 0.06525393172754029, train_nll: 3.7689470007649684, valid_nll: 3.4406632647621618
[2021-09-24 19:40:54] epoch 58: train_loss: 0.06143556043548611, valid_loss: 0.06239611323858272, train_nll: 3.4765021744802125, valid_nll: 3.6457329378603416
[2021-09-24 19:41:09] epoch 59: train_loss: 0.06067938873979131, valid_loss: 0.061103339183192724, train_nll: 3.413364383482098, valid_nll: 3.4466539824645217
[2021-09-24 19:41:40] epoch 60: train_loss: 0.06033611132277535, valid_loss: 0.06113733702226181, train_nll: 3.4094159242116073, valid_nll: 3.7667102233186713
[2021-09-24 19:41:55] epoch 61: train_loss: 0.06370378376631555, valid_loss: 0.0633660549287162, train_nll: 3.645198893449314, valid_nll: 3.077739715576172
[2021-09-24 19:42:10] epoch 62: train_loss: 0.06290362389377112, valid_loss: 0.06916334594174617, train_nll: 3.5849156044929207, valid_nll: 4.346782103792181
[2021-09-24 19:42:26] epoch 63: train_loss: 0.0642741714746447, valid_loss: 0.06426358875425565, train_nll: 3.6308711964033957, valid_nll: 3.832630612811277
[2021-09-24 19:42:41] epoch 64: train_loss: 0.06575018314574912, valid_loss: 0.06841672948330124, train_nll: 3.731474588496296, valid_nll: 3.8480633561075863
[2021-09-24 19:42:56] epoch 65: train_loss: 0.06672276979478704, valid_loss: 0.06389330282290547, train_nll: 3.843435007913612, valid_nll: 3.4238713362483026
[2021-09-24 19:43:11] epoch 66: train_loss: 0.06128777716018968, valid_loss: 0.05950047088668525, train_nll: 3.477797384575029, valid_nll: 3.3907651099435125
[2021-09-24 19:43:26] epoch 67: train_loss: 0.06097341870744136, valid_loss: 0.06067446108928995, train_nll: 3.442341132485215, valid_nll: 3.427006308980907
[2021-09-24 19:43:42] epoch 68: train_loss: 0.06078613861879972, valid_loss: 0.06029792356094873, train_nll: 3.4337036930253353, valid_nll: 3.238819184911162
[2021-09-24 19:43:57] epoch 69: train_loss: 0.062181093056366835, valid_loss: 0.06536892618488714, train_nll: 3.5158811528207394, valid_nll: 3.803297832877719
[2021-09-24 19:44:13] epoch 70: train_loss: 0.0649015759131321, valid_loss: 0.06401953813915996, train_nll: 3.7186689651816267, valid_nll: 3.6424958783096293
[2021-09-24 19:44:28] epoch 71: train_loss: 0.06911656127904438, valid_loss: 0.07197497937979036, train_nll: 3.965956572982234, valid_nll: 4.250916607641785
[2021-09-24 19:44:43] epoch 72: train_loss: 0.06572259113632722, valid_loss: 0.06390199844720047, train_nll: 3.804761486477197, valid_nll: 3.5612917499180456
[2021-09-24 19:44:58] epoch 73: train_loss: 0.0642946404525715, valid_loss: 0.061448840672053355, train_nll: 3.6803530880717643, valid_nll: 3.336743947530981
[2021-09-24 19:45:13] epoch 74: train_loss: 0.06385702061700374, valid_loss: 0.07399667935133669, train_nll: 3.657030312965787, valid_nll: 4.549884635612309
[2021-09-24 19:45:29] epoch 75: train_loss: 0.06746683292820921, valid_loss: 0.0669679036417793, train_nll: 3.8547320750348213, valid_nll: 3.5569329169651565
[2021-09-24 19:45:44] epoch 76: train_loss: 0.06533613578504976, valid_loss: 0.07100589448489206, train_nll: 3.746448789520846, valid_nll: 3.8639692231638083
[2021-09-24 19:45:59] epoch 77: train_loss: 0.065728430934143, valid_loss: 0.06609627895186403, train_nll: 3.7415831244719104, valid_nll: 3.839324670496311
[2021-09-24 19:46:14] epoch 78: train_loss: 0.06658631604519118, valid_loss: 0.06491942406562022, train_nll: 3.837280555548144, valid_nll: 3.7335226630239062
[2021-09-24 19:46:30] epoch 79: train_loss: 0.06385474973586348, valid_loss: 0.06147474020374993, train_nll: 3.6618811854044973, valid_nll: 3.544066693575623
[2021-09-24 19:46:45] epoch 80: train_loss: 0.06161237600117235, valid_loss: 0.06179821159626018, train_nll: 3.5086708718053528, valid_nll: 3.446878090123537
[2021-09-24 19:47:01] epoch 81: train_loss: 0.05958022531229326, valid_loss: 0.06013499736527487, train_nll: 3.373432073289631, valid_nll: 3.1025717097123815
[2021-09-24 19:47:16] epoch 82: train_loss: 0.06039778559981317, valid_loss: 0.05991912013016684, train_nll: 3.42052529630608, valid_nll: 3.520570439497279
[2021-09-24 19:47:31] epoch 83: train_loss: 0.06020225590411627, valid_loss: 0.06175387138231641, train_nll: 3.4050123271584134, valid_nll: 3.1689460633239612
[2021-09-24 19:47:47] epoch 84: train_loss: 0.06294726991827361, valid_loss: 0.061838295095401, train_nll: 3.5706585673351774, valid_nll: 3.1875387567857523
[2021-09-24 19:48:12] epoch 85: train_loss: 0.059514215704515275, valid_loss: 0.06486200959007175, train_nll: 3.346964995542619, valid_nll: 3.4474173284597107
[2021-09-24 19:48:28] epoch 86: train_loss: 0.06761735479645324, valid_loss: 0.06758359651689584, train_nll: 3.8930317737087594, valid_nll: 3.653816409588491
[2021-09-24 19:48:42] epoch 87: train_loss: 0.06894827957240923, valid_loss: 0.06710246002915278, train_nll: 3.981627444962501, valid_nll: 3.566912460495419
[2021-09-24 19:48:58] epoch 88: train_loss: 0.06816793983582117, valid_loss: 0.06709776114607822, train_nll: 3.9142735545081986, valid_nll: 3.7161808469929674
[2021-09-24 19:49:13] epoch 89: train_loss: 0.06594980883838808, valid_loss: 0.06593025396066594, train_nll: 3.7592069836287862, valid_nll: 3.4000612714083434
[2021-09-24 19:49:28] epoch 90: train_loss: 0.06850917854209454, valid_loss: 0.06715413174360474, train_nll: 3.9564874434059414, valid_nll: 3.934797466532165
[2021-09-24 19:49:44] epoch 91: train_loss: 0.06657392782312134, valid_loss: 0.06475363684699714, train_nll: 3.8314930914753402, valid_nll: 3.6702498514640682
[2021-09-24 19:49:59] epoch 92: train_loss: 0.06629772387144373, valid_loss: 0.07106435441040579, train_nll: 3.7625018943102884, valid_nll: 4.6370877279812515
[2021-09-24 19:50:14] epoch 93: train_loss: 0.06667190629140787, valid_loss: 0.06730181418057811, train_nll: 3.8297219837162713, valid_nll: 3.4669015370332357
[2021-09-24 19:50:30] epoch 94: train_loss: 0.06379056928051308, valid_loss: 0.06600600000836945, train_nll: 3.5981847067036044, valid_nll: 4.0788405463408415
[2021-09-24 19:50:45] epoch 95: train_loss: 0.06373282314763976, valid_loss: 0.06264969308166146, train_nll: 3.6196826923383396, valid_nll: 3.329971047608822
[2021-09-24 19:51:00] epoch 96: train_loss: 0.06273221326267256, valid_loss: 0.06245039803961109, train_nll: 3.5477538023336788, valid_nll: 3.813403998106968
[2021-09-24 19:51:16] epoch 97: train_loss: 0.06068454114639708, valid_loss: 0.06331215333731878, train_nll: 3.4231240078069307, valid_nll: 3.4901334327593427
[2021-09-24 19:51:31] epoch 98: train_loss: 0.06066535226195535, valid_loss: 0.05925613747252894, train_nll: 3.4286982155810346, valid_nll: 3.3731715959129116
[2021-09-24 19:51:46] epoch 99: train_loss: 0.061105017448300415, valid_loss: 0.06401490282288866, train_nll: 3.4737273046424804, valid_nll: 3.3996613046909463
[2021-09-24 19:52:02] epoch 100: train_loss: 0.06869727444515619, valid_loss: 0.06833861023187637, train_nll: 3.9202803124726247, valid_nll: 3.989025291304889
[2021-09-24 19:52:17] epoch 101: train_loss: 0.06914002316271194, valid_loss: 0.06527852693389606, train_nll: 3.8895456679718015, valid_nll: 3.4885618710444266
[2021-09-24 19:52:33] epoch 102: train_loss: 0.06746069565469061, valid_loss: 0.06685176687691942, train_nll: 3.8684270262343357, valid_nll: 3.5692018620811163
[2021-09-24 19:52:48] epoch 103: train_loss: 0.06754634974615632, valid_loss: 0.06655747413290719, train_nll: 3.8967021833749707, valid_nll: 3.114281163428079
[2021-09-24 19:53:04] epoch 104: train_loss: 0.06356884761356484, valid_loss: 0.06471718892971905, train_nll: 3.594937745851596, valid_nll: 3.4349327965775514
[2021-09-24 19:53:19] epoch 105: train_loss: 0.06683989382357007, valid_loss: 0.06965889094795795, train_nll: 3.8127311475275576, valid_nll: 3.5731925139828933
[2021-09-24 19:53:35] epoch 106: train_loss: 0.06849936811892203, valid_loss: 0.06938815911467365, train_nll: 3.9324987970330145, valid_nll: 4.051242256585228
[2021-09-24 19:53:50] epoch 107: train_loss: 0.06695154074160785, valid_loss: 0.0687990371848462, train_nll: 3.8358040037075276, valid_nll: 3.751324026059831
[2021-09-24 19:54:05] epoch 108: train_loss: 0.06461318278475865, valid_loss: 0.06441313661419587, train_nll: 3.670162604528592, valid_nll: 3.5072296331041333
[2021-09-24 19:54:20] epoch 109: train_loss: 0.060925818518104746, valid_loss: 0.06048483870966586, train_nll: 3.4608735696415107, valid_nll: 3.2126249201454464
[2021-09-24 19:54:36] epoch 110: train_loss: 0.060282076386901244, valid_loss: 0.0596041396647864, train_nll: 3.4102310212939986, valid_nll: 3.1735268638688243
[2021-09-24 19:54:51] epoch 111: train_loss: 0.0661028394668822, valid_loss: 0.06473799555890822, train_nll: 3.7433460125428093, valid_nll: 3.6573020820634503
[2021-09-24 19:55:07] epoch 112: train_loss: 0.06462159170165271, valid_loss: 0.06352930819626489, train_nll: 3.664125623547209, valid_nll: 3.723149617737382
[2021-09-24 19:55:22] epoch 113: train_loss: 0.066992594535739, valid_loss: 0.0667007347148967, train_nll: 3.8540953215947993, valid_nll: 3.369363884574577
[2021-09-24 19:55:37] epoch 114: train_loss: 0.06600774909431378, valid_loss: 0.06758858782449209, train_nll: 3.735875758868696, valid_nll: 3.8097973601850685
[2021-09-24 19:55:53] epoch 115: train_loss: 0.06730559435525442, valid_loss: 0.06391420577130566, train_nll: 3.8634816934084872, valid_nll: 3.571125957689256
[2021-09-24 19:56:08] epoch 116: train_loss: 0.06439911389471131, valid_loss: 0.06488110773222294, train_nll: 3.674202265055611, valid_nll: 4.300311116410816
[2021-09-24 19:56:23] epoch 117: train_loss: 0.06077834100110902, valid_loss: 0.062400634492063796, train_nll: 3.4252867436183547, valid_nll: 3.1746373392381906
[2021-09-24 19:56:38] epoch 118: train_loss: 0.06146021837889289, valid_loss: 0.060973290332479974, train_nll: 3.4537202983589124, valid_nll: 3.3621682334061913
[2021-09-24 19:56:53] epoch 119: train_loss: 0.06323234518447768, valid_loss: 0.0637558673460015, train_nll: 3.585251147144564, valid_nll: 3.487738264611391
[2021-09-24 19:57:09] epoch 120: train_loss: 0.06255212183021847, valid_loss: 0.06155090649865266, train_nll: 3.548299854750578, valid_nll: 3.3476738211653227
[2021-09-24 19:57:24] epoch 121: train_loss: 0.06311528041142896, valid_loss: 0.06317147515671101, train_nll: 3.613107604109366, valid_nll: 3.616723488772762
[2021-09-24 19:57:39] epoch 122: train_loss: 0.06592742692389303, valid_loss: 0.06618597640553651, train_nll: 3.824679956263336, valid_nll: 3.9089444746464217
[2021-09-24 19:57:54] epoch 123: train_loss: 0.06493546542918219, valid_loss: 0.06455177542446666, train_nll: 3.744542659694514, valid_nll: 3.6601907118438466
[2021-09-24 19:58:10] epoch 124: train_loss: 0.06354969079399572, valid_loss: 0.06600029863460216, train_nll: 3.6297836206102305, valid_nll: 3.751697678938278
[2021-09-24 19:58:25] epoch 125: train_loss: 0.06403236573170172, valid_loss: 0.062071137496329455, train_nll: 3.671514881403021, valid_nll: 3.4789509393383238
[2021-09-24 19:58:40] epoch 126: train_loss: 0.0635079181020387, valid_loss: 0.06470598590511807, train_nll: 3.615824941639372, valid_nll: 3.869867968128071
[2021-09-24 19:58:55] epoch 127: train_loss: 0.06430767042836126, valid_loss: 0.06445069298837226, train_nll: 3.671592267784169, valid_nll: 3.5994419920744223
[2021-09-24 19:59:10] epoch 128: train_loss: 0.06565915632144861, valid_loss: 0.06759789465479768, train_nll: 3.7512676855444735, valid_nll: 3.881952298723447
[2021-09-24 19:59:25] epoch 129: train_loss: 0.06711398989702937, valid_loss: 0.06758427307698768, train_nll: 3.8492557949668362, valid_nll: 3.520628194047535
[2021-09-24 19:59:41] epoch 130: train_loss: 0.06416117931348446, valid_loss: 0.06081400699698167, train_nll: 3.6768969898752806, valid_nll: 3.412461413504218
[2021-09-24 19:59:56] epoch 131: train_loss: 0.06437870829503028, valid_loss: 0.0659235299624115, train_nll: 3.6946368175469435, valid_nll: 3.9123334281393016
[2021-09-24 20:00:11] epoch 132: train_loss: 0.06633819371290096, valid_loss: 0.06691366080948383, train_nll: 3.8176155574687765, valid_nll: 3.6186452891682546
[2021-09-24 20:00:26] epoch 133: train_loss: 0.06392490023462591, valid_loss: 0.06551964419511701, train_nll: 3.634509962131223, valid_nll: 3.3141277439435464
[2021-09-24 20:00:42] epoch 134: train_loss: 0.063198877589761, valid_loss: 0.06370332787577816, train_nll: 3.5817716109458946, valid_nll: 3.470699524679634
[2021-09-24 20:00:57] epoch 135: train_loss: 0.06479794570709169, valid_loss: 0.0651870061767239, train_nll: 3.7141344782467867, valid_nll: 3.3639673243969823
[2021-09-24 20:01:12] epoch 136: train_loss: 0.06423762918420416, valid_loss: 0.06462330956851815, train_nll: 3.6572331930328397, valid_nll: 3.5977791394543743
[2021-09-24 20:01:27] epoch 137: train_loss: 0.06519285169422025, valid_loss: 0.0642972281687177, train_nll: 3.725950687561606, valid_nll: 3.6132586340784343
[2021-09-24 20:01:43] epoch 138: train_loss: 0.06440167503715935, valid_loss: 0.06625056921402155, train_nll: 3.689821325852192, valid_nll: 3.5813957244644197
[2021-09-24 20:01:58] epoch 139: train_loss: 0.06564818111433506, valid_loss: 0.0687875325193984, train_nll: 3.805143647186127, valid_nll: 3.653954319897127
[2021-09-24 20:02:14] epoch 140: train_loss: 0.06575227226600351, valid_loss: 0.06506652531424009, train_nll: 3.764665925843797, valid_nll: 3.4530670455441266
[2021-09-24 20:02:29] epoch 141: train_loss: 0.06559335253059177, valid_loss: 0.06480982742471501, train_nll: 3.7438078138283797, valid_nll: 3.3620191132386035
[2021-09-24 20:02:44] epoch 142: train_loss: 0.06499307880698775, valid_loss: 0.06519895983655329, train_nll: 3.7227603287419657, valid_nll: 3.578337550825835
[2021-09-24 20:02:59] epoch 143: train_loss: 0.0651270440465607, valid_loss: 0.06648223575829082, train_nll: 3.733032539690999, valid_nll: 3.7291733710209494
[2021-09-24 20:03:14] epoch 144: train_loss: 0.06927139695830407, valid_loss: 0.07260808064413897, train_nll: 4.040268592630796, valid_nll: 4.150143318193097
[2021-09-24 20:03:30] epoch 145: train_loss: 0.07062222741501303, valid_loss: 0.06918232943970344, train_nll: 4.098328554370058, valid_nll: 3.8401196910991087
[2021-09-24 20:03:45] epoch 146: train_loss: 0.0657812585834124, valid_loss: 0.06446576585745536, train_nll: 3.75448084587124, valid_nll: 3.56292690349456
[2021-09-24 20:04:00] epoch 147: train_loss: 0.06470253368469239, valid_loss: 0.06403362232050455, train_nll: 3.7293498564981977, valid_nll: 3.5192643376347457
[2021-09-24 20:04:16] epoch 148: train_loss: 0.06520584668502512, valid_loss: 0.06592674755808935, train_nll: 3.71134842328381, valid_nll: 3.3183782818983136
[2021-09-24 20:04:31] epoch 149: train_loss: 0.06376617658958483, valid_loss: 0.06485314514337248, train_nll: 3.6155904747675227, valid_nll: 3.7717400798620924
[2021-09-24 20:04:46] epoch 150: train_loss: 0.062491157889280266, valid_loss: 0.06238818498102227, train_nll: 3.5515010951109196, valid_nll: 3.4700213499199624
[2021-09-24 20:05:02] epoch 151: train_loss: 0.0629735684843589, valid_loss: 0.0617558317463522, train_nll: 3.580321855625354, valid_nll: 3.644403059344803
[2021-09-24 20:05:17] epoch 152: train_loss: 0.060828079402403805, valid_loss: 0.062814362713195, train_nll: 3.4356613101915956, valid_nll: 3.6093294541637015
[2021-09-24 20:05:32] epoch 153: train_loss: 0.06270983996626624, valid_loss: 0.0630373687757922, train_nll: 3.5532863148660514, valid_nll: 3.818683297485836
[2021-09-24 20:05:48] epoch 154: train_loss: 0.06714890249374106, valid_loss: 0.06676416740768906, train_nll: 3.825030005163162, valid_nll: 3.4417437660678347
[2021-09-24 20:06:03] epoch 155: train_loss: 0.06328848280785579, valid_loss: 0.06271057593167861, train_nll: 3.585542132365646, valid_nll: 3.5423325076311447
[2021-09-24 20:06:19] epoch 156: train_loss: 0.06377059049496389, valid_loss: 0.06522205418158818, train_nll: 3.6621946853802285, valid_nll: 3.5218689977833497
[2021-09-24 20:06:34] epoch 157: train_loss: 0.06274121822064652, valid_loss: 0.06214964312280534, train_nll: 3.57486897260731, valid_nll: 3.650255623419063
[2021-09-24 20:06:58] epoch 158: train_loss: 0.06264097807172052, valid_loss: 0.06286990472433195, train_nll: 3.570863501868766, valid_nll: 3.584475066223279
[2021-09-24 20:07:13] epoch 159: train_loss: 0.06177530227824831, valid_loss: 0.06251879141940547, train_nll: 3.511276795976938, valid_nll: 3.2974055468168455
[2021-09-24 20:07:29] epoch 160: train_loss: 0.0625241834788398, valid_loss: 0.0683380369032394, train_nll: 3.54382952545051, valid_nll: 3.7933427740836594
[2021-09-24 20:07:44] epoch 161: train_loss: 0.06423979215001854, valid_loss: 0.06282977520816588, train_nll: 3.676455870991694, valid_nll: 3.5575196520683785
[2021-09-24 20:07:59] epoch 162: train_loss: 0.06302424928210998, valid_loss: 0.06457116075850636, train_nll: 3.576918319591699, valid_nll: 3.7816303806784504
[2021-09-24 20:08:14] epoch 163: train_loss: 0.06397693111461933, valid_loss: 0.06277169216144292, train_nll: 3.6804079833846246, valid_nll: 3.527745179999595
[2021-09-24 20:08:30] epoch 164: train_loss: 0.0623312513008499, valid_loss: 0.06023496499209735, train_nll: 3.535493937829137, valid_nll: 3.464115489796494
[2021-09-24 20:08:45] epoch 165: train_loss: 0.062480980025802976, valid_loss: 0.06403881485837733, train_nll: 3.542125912196677, valid_nll: 3.5637777112263334
[2021-09-24 20:09:01] epoch 166: train_loss: 0.06352593802366545, valid_loss: 0.06392180260723036, train_nll: 3.6241081429669855, valid_nll: 3.297504584232931
[2021-09-24 20:09:16] epoch 167: train_loss: 0.06226796480781407, valid_loss: 0.06240275833820332, train_nll: 3.5319587529524763, valid_nll: 3.436090642847466
[2021-09-24 20:09:31] epoch 168: train_loss: 0.06147678583989226, valid_loss: 0.06787394217586931, train_nll: 3.458156898539878, valid_nll: 3.484789021361174
[2021-09-24 20:09:46] epoch 169: train_loss: 0.061482617443679735, valid_loss: 0.061374642794704164, train_nll: 3.4798700116091426, valid_nll: 3.269908808105361
[2021-09-24 20:10:02] epoch 170: train_loss: 0.061113226316031874, valid_loss: 0.060642613991664325, train_nll: 3.473036370731854, valid_nll: 3.496643954875662
[2021-09-24 20:10:17] epoch 171: train_loss: 0.06235315194970764, valid_loss: 0.06254726572963544, train_nll: 3.5324685818073953, valid_nll: 3.488245959591119
[2021-09-24 20:10:32] epoch 172: train_loss: 0.061949088189869, valid_loss: 0.062384837818455836, train_nll: 3.508286683222817, valid_nll: 3.4018361660789487
[2021-09-24 20:10:47] epoch 173: train_loss: 0.06153280032471209, valid_loss: 0.06261135713127307, train_nll: 3.476254892982886, valid_nll: 3.468138496792679
[2021-09-24 20:11:02] epoch 174: train_loss: 0.062308649830412795, valid_loss: 0.06224505411665564, train_nll: 3.515346619697667, valid_nll: 3.7189204215582743
[2021-09-24 20:11:18] epoch 175: train_loss: 0.06112509507481921, valid_loss: 0.06149818332639733, train_nll: 3.4582907913836953, valid_nll: 3.3011371923849664
[2021-09-24 20:11:33] epoch 176: train_loss: 0.06199090616503779, valid_loss: 0.06550714823638083, train_nll: 3.5252527904158564, valid_nll: 3.418209239486876
[2021-09-24 20:11:49] epoch 177: train_loss: 0.06343709658938715, valid_loss: 0.07056495323346529, train_nll: 3.6170239776431035, valid_nll: 4.451205416066456
[2021-09-24 20:12:04] epoch 178: train_loss: 0.06433877695126389, valid_loss: 0.06218943499416285, train_nll: 3.699424018615408, valid_nll: 3.4271924604862654
[2021-09-24 20:12:20] epoch 179: train_loss: 0.062295788732660604, valid_loss: 0.06274253920237453, train_nll: 3.504989919278711, valid_nll: 3.1910033015254102
[2021-09-24 20:12:35] epoch 180: train_loss: 0.0626524953380957, valid_loss: 0.06312650319382634, train_nll: 3.54480229678777, valid_nll: 3.6867330112802232
[2021-09-24 20:12:50] epoch 181: train_loss: 0.06168235218426164, valid_loss: 0.06394708335313494, train_nll: 3.493666641462758, valid_nll: 3.678897738193803
[2021-09-24 20:13:06] epoch 182: train_loss: 0.06178852935088128, valid_loss: 0.0620492953871716, train_nll: 3.4972274035758155, valid_nll: 3.6556541937587017
[2021-09-24 20:13:21] epoch 183: train_loss: 0.06372540599266631, valid_loss: 0.06482020886130416, train_nll: 3.636274604337735, valid_nll: 3.4898280900535363
[2021-09-24 20:13:37] epoch 184: train_loss: 0.06369533479718292, valid_loss: 0.06659969866189654, train_nll: 3.6455386684981055, valid_nll: 4.144277304576576
[2021-09-24 20:13:52] epoch 185: train_loss: 0.0657907203403476, valid_loss: 0.06572864135738053, train_nll: 3.807806666855954, valid_nll: 3.5343485390924387
[2021-09-24 20:14:08] epoch 186: train_loss: 0.0650720830029816, valid_loss: 0.06468210095873458, train_nll: 3.739925308712112, valid_nll: 3.3486433031698866
[2021-09-24 20:14:23] epoch 187: train_loss: 0.06602012860435745, valid_loss: 0.06549583502501422, train_nll: 3.797963568798339, valid_nll: 3.4352869600044458
[2021-09-24 20:14:39] epoch 188: train_loss: 0.06355765093686945, valid_loss: 0.061881002813922184, train_nll: 3.6181259808166746, valid_nll: 3.3840637738766732
[2021-09-24 20:14:54] epoch 189: train_loss: 0.06269170399701561, valid_loss: 0.06352438278108663, train_nll: 3.5772873977069146, valid_nll: 3.9303124665477807
[2021-09-24 20:15:09] epoch 190: train_loss: 0.06324836984276772, valid_loss: 0.06302049829263907, train_nll: 3.6157978925515324, valid_nll: 3.827111456979988
[2021-09-24 20:15:25] epoch 191: train_loss: 0.06564506020407683, valid_loss: 0.06474808693965735, train_nll: 3.7287989152769296, valid_nll: 3.8501951832680854
[2021-09-24 20:15:40] epoch 192: train_loss: 0.06474394394723586, valid_loss: 0.06408522588152417, train_nll: 3.683628817181644, valid_nll: 3.678156199074549
[2021-09-24 20:15:55] epoch 193: train_loss: 0.06454494400674568, valid_loss: 0.06393646317496465, train_nll: 3.6819489483343455, valid_nll: 3.638802593754523
[2021-09-24 20:16:11] epoch 194: train_loss: 0.06476886203829253, valid_loss: 0.06623215383360151, train_nll: 3.706736257358827, valid_nll: 3.625588357906064
[2021-09-24 20:16:26] epoch 195: train_loss: 0.0663523644541715, valid_loss: 0.06747853695657212, train_nll: 3.8402844624846146, valid_nll: 4.216789279932696
[2021-09-24 20:16:41] epoch 196: train_loss: 0.06721993801465811, valid_loss: 0.06710044363502822, train_nll: 3.9213138969824097, valid_nll: 4.002539036249767
[2021-09-24 20:16:56] epoch 197: train_loss: 0.06629680393945415, valid_loss: 0.06666172926739461, train_nll: 3.8685301036852393, valid_nll: 3.7989376968363597
[2021-09-24 20:17:12] epoch 198: train_loss: 0.0655302219200203, valid_loss: 0.06559630761170662, train_nll: 3.7892635156119923, valid_nll: 3.60653416482583
[2021-09-24 20:17:27] epoch 199: train_loss: 0.0655250322256205, valid_loss: 0.06355673016581921, train_nll: 3.750049275267985, valid_nll: 3.5405259753724896
[2021-09-24 20:17:42] epoch 200: train_loss: 0.0674858985291606, valid_loss: 0.06796248338987372, train_nll: 3.8806158855330453, valid_nll: 4.4004378794572085
[2021-09-24 20:17:57] epoch 201: train_loss: 0.06479351012095251, valid_loss: 0.06828619778759218, train_nll: 3.702493528401781, valid_nll: 3.5409550300399584
[2021-09-24 20:18:13] epoch 202: train_loss: 0.06753658267645224, valid_loss: 0.0636917397466009, train_nll: 3.816907266356976, valid_nll: 3.7298536868572865
[2021-09-24 20:18:28] epoch 203: train_loss: 0.0652059161718881, valid_loss: 0.06469453976764156, train_nll: 3.735291159674174, valid_nll: 3.6705705263249717
[2021-09-24 20:18:43] epoch 204: train_loss: 0.06486294920467678, valid_loss: 0.06548315381383621, train_nll: 3.739308570247923, valid_nll: 3.491991743938377
[2021-09-24 20:18:59] epoch 205: train_loss: 0.06336408365593005, valid_loss: 0.06142982892218353, train_nll: 3.5750806929799213, valid_nll: 3.2261540093609136
[2021-09-24 20:19:14] epoch 206: train_loss: 0.062455204135660476, valid_loss: 0.06613122176572767, train_nll: 3.538340601073269, valid_nll: 4.358763563427885
[2021-09-24 20:19:29] epoch 207: train_loss: 0.06453341961186111, valid_loss: 0.06901398904061731, train_nll: 3.6513230606319698, valid_nll: 3.995972642532571
[2021-09-24 20:19:44] epoch 208: train_loss: 0.0666954382309309, valid_loss: 0.06588153678902312, train_nll: 3.8149523790656197, valid_nll: 3.740172435220349
[2021-09-24 20:19:59] epoch 209: train_loss: 0.0648635779145128, valid_loss: 0.06555029870457732, train_nll: 3.7162677984164953, valid_nll: 3.5540348263316917
[2021-09-24 20:20:14] epoch 210: train_loss: 0.06535107667641096, valid_loss: 0.06418574263336342, train_nll: 3.6969194463909796, valid_nll: 3.7996561932994974
[2021-09-24 20:20:30] epoch 211: train_loss: 0.06680893897473468, valid_loss: 0.06415523431463048, train_nll: 3.8284935805714704, valid_nll: 3.498360120708531
[2021-09-24 20:20:45] epoch 212: train_loss: 0.06630108507097798, valid_loss: 0.06845285446313075, train_nll: 3.8285800466379296, valid_nll: 3.7652319428149856
[2021-09-24 20:21:01] epoch 213: train_loss: 0.06861737578226956, valid_loss: 0.06709919462917167, train_nll: 3.933772040586654, valid_nll: 3.8335140892940838
[2021-09-24 20:21:16] epoch 214: train_loss: 0.06660538242448132, valid_loss: 0.06797018759167953, train_nll: 3.835566955065609, valid_nll: 3.8281515793701497
[2021-09-24 20:21:32] epoch 215: train_loss: 0.06653775543146244, valid_loss: 0.06537142587621088, train_nll: 3.7949479510815913, valid_nll: 3.832669676522826
[2021-09-24 20:21:47] epoch 216: train_loss: 0.06580506308106249, valid_loss: 0.06534333940530788, train_nll: 3.76186628696916, valid_nll: 3.9648383717311866
[2021-09-24 20:22:02] epoch 217: train_loss: 0.06555309516487788, valid_loss: 0.06230620535984205, train_nll: 3.750061146560238, valid_nll: 3.427937431318622
[2021-09-24 20:22:18] epoch 218: train_loss: 0.0650565848613335, valid_loss: 0.06708470893474673, train_nll: 3.721943001757787, valid_nll: 4.299667911672572
[2021-09-24 20:22:33] epoch 219: train_loss: 0.06509064006423229, valid_loss: 0.06699637164270257, train_nll: 3.734204254300491, valid_nll: 3.667986180154458
[2021-09-24 20:22:48] epoch 220: train_loss: 0.06507213576361322, valid_loss: 0.06656349166108004, train_nll: 3.711244986286079, valid_nll: 4.393524015785894
[2021-09-24 20:23:03] epoch 221: train_loss: 0.0644165424077157, valid_loss: 0.06561196285348407, train_nll: 3.643817748279009, valid_nll: 3.2994025046571953
[2021-09-24 20:23:19] epoch 222: train_loss: 0.06431691519250443, valid_loss: 0.06500784464912608, train_nll: 3.6861020264937925, valid_nll: 3.172445094474991
[2021-09-24 20:23:34] epoch 223: train_loss: 0.0639614361936833, valid_loss: 0.064287164759946, train_nll: 3.642995248254118, valid_nll: 3.913313540478451
[2021-09-24 20:23:49] epoch 224: train_loss: 0.06457375205774128, valid_loss: 0.06443694406162108, train_nll: 3.715586572704022, valid_nll: 3.775581408325249
[2021-09-24 20:24:04] epoch 225: train_loss: 0.06338060656374572, valid_loss: 0.06228668714275939, train_nll: 3.6023922340393804, valid_nll: 3.5249402292299545
[2021-09-24 20:24:20] epoch 226: train_loss: 0.06329153380987451, valid_loss: 0.06639630715712647, train_nll: 3.5793638831886527, valid_nll: 3.7100801186042047
[2021-09-24 20:24:35] epoch 227: train_loss: 0.06436472854735356, valid_loss: 0.06425298696566868, train_nll: 3.6962117617541606, valid_nll: 3.5060996453983964
[2021-09-24 20:24:51] epoch 228: train_loss: 0.06386071122560102, valid_loss: 0.06267981825536387, train_nll: 3.6580294831004747, valid_nll: 3.6220120416951693
[2021-09-24 20:25:06] epoch 229: train_loss: 0.06520552358855775, valid_loss: 0.06449513053360013, train_nll: 3.736064993508958, valid_nll: 3.3761738831427954
[2021-09-24 20:25:22] epoch 230: train_loss: 0.06271637984758152, valid_loss: 0.06502314637592763, train_nll: 3.572700483699596, valid_nll: 3.0678731476624317
[2021-09-24 20:25:37] epoch 231: train_loss: 0.0636466513454957, valid_loss: 0.0645432248711586, train_nll: 3.641303473322511, valid_nll: 3.8635391639201293
[2021-09-24 20:25:52] epoch 232: train_loss: 0.06413604362038439, valid_loss: 0.064989394212217, train_nll: 3.6665506633453635, valid_nll: 3.838251140983188
[2021-09-24 20:26:08] epoch 233: train_loss: 0.06549087535557727, valid_loss: 0.06577206805692931, train_nll: 3.7719400029081926, valid_nll: 3.4371378174635825
[2021-09-24 20:26:23] epoch 234: train_loss: 0.06518681285639832, valid_loss: 0.06414684302286605, train_nll: 3.7192330168042247, valid_nll: 3.7122156736342773
[2021-09-24 20:26:38] epoch 235: train_loss: 0.06538597809456782, valid_loss: 0.06645922259443757, train_nll: 3.7251156174534037, valid_nll: 3.4618672115559823
[2021-09-24 20:26:53] epoch 236: train_loss: 0.06597671874125169, valid_loss: 0.06676235058576385, train_nll: 3.746272768616921, valid_nll: 3.9475860952437056
[2021-09-24 20:27:09] epoch 237: train_loss: 0.06967080760779401, valid_loss: 0.0677196627235137, train_nll: 3.9511189602747843, valid_nll: 3.7150125457265593
[2021-09-24 20:27:24] epoch 238: train_loss: 0.06896369255306226, valid_loss: 0.06689639912778242, train_nll: 3.9194143057632753, valid_nll: 3.6953159983483084
[2021-09-24 20:27:40] epoch 239: train_loss: 0.069159181595321, valid_loss: 0.07028838679883521, train_nll: 3.952838160976797, valid_nll: 4.089740682836666
[2021-09-24 20:27:55] epoch 240: train_loss: 0.06866178534366728, valid_loss: 0.07151874223713241, train_nll: 3.9550157495687466, valid_nll: 3.8411053462758376
[2021-09-24 20:28:10] epoch 241: train_loss: 0.07003314444736204, valid_loss: 0.06900876202765917, train_nll: 4.040728938289648, valid_nll: 3.8784723588954417
[2021-09-24 20:28:25] epoch 242: train_loss: 0.07362064559238102, valid_loss: 0.07029180648612839, train_nll: 4.20669876705368, valid_nll: 3.8811699704446614
[2021-09-24 20:28:41] epoch 243: train_loss: nan, valid_loss: nan, train_nll: nan, valid_nll: nan
[2021-09-24 20:28:56] epoch 244: train_loss: nan, valid_loss: nan, train_nll: nan, valid_nll: nan
[2021-09-24 20:29:11] epoch 245: train_loss: nan, valid_loss: nan, train_nll: nan, valid_nll: nan
[2021-09-24 20:29:26] epoch 246: train_loss: nan, valid_loss: nan, train_nll: nan, valid_nll: nan
[2021-09-24 20:29:42] epoch 247: train_loss: nan, valid_loss: nan, train_nll: nan, valid_nll: nan
[2021-09-24 20:29:57] epoch 248: train_loss: nan, valid_loss: nan, train_nll: nan, valid_nll: nan
[2021-09-24 20:30:12] epoch 249: train_loss: nan, valid_loss: nan, train_nll: nan, valid_nll: nan
[2021-09-24 20:30:27] epoch 250: train_loss: nan, valid_loss: nan, train_nll: nan, valid_nll: nan
[2021-09-24 20:30:42] epoch 251: train_loss: nan, valid_loss: nan, train_nll: nan, valid_nll: nan
[2021-09-24 20:30:57] epoch 252: train_loss: nan, valid_loss: nan, train_nll: nan, valid_nll: nan
[2021-09-24 20:31:13] epoch 253: train_loss: nan, valid_loss: nan, train_nll: nan, valid_nll: nan
[2021-09-24 20:31:28] epoch 254: train_loss: nan, valid_loss: nan, train_nll: nan, valid_nll: nan
[2021-09-24 20:31:43] epoch 255: train_loss: nan, valid_loss: nan, train_nll: nan, valid_nll: nan
[2021-09-24 20:31:58] epoch 256: train_loss: nan, valid_loss: nan, train_nll: nan, valid_nll: nan
[2021-09-24 20:32:14] epoch 257: train_loss: nan, valid_loss: nan, train_nll: nan, valid_nll: nan
[2021-09-24 20:32:29] epoch 258: train_loss: nan, valid_loss: nan, train_nll: nan, valid_nll: nan
[2021-09-24 20:32:45] epoch 259: train_loss: nan, valid_loss: nan, train_nll: nan, valid_nll: nan
[2021-09-24 20:33:00] epoch 260: train_loss: nan, valid_loss: nan, train_nll: nan, valid_nll: nan
[2021-09-24 20:33:15] epoch 261: train_loss: nan, valid_loss: nan, train_nll: nan, valid_nll: nan
[2021-09-24 20:33:30] epoch 262: train_loss: nan, valid_loss: nan, train_nll: nan, valid_nll: nan
[2021-09-24 20:33:45] epoch 263: train_loss: nan, valid_loss: nan, train_nll: nan, valid_nll: nan
[2021-09-24 20:34:01] epoch 264: train_loss: nan, valid_loss: nan, train_nll: nan, valid_nll: nan
[2021-09-24 20:34:16] epoch 265: train_loss: nan, valid_loss: nan, train_nll: nan, valid_nll: nan
[2021-09-24 20:34:32] epoch 266: train_loss: nan, valid_loss: nan, train_nll: nan, valid_nll: nan
[2021-09-24 20:34:47] epoch 267: train_loss: nan, valid_loss: nan, train_nll: nan, valid_nll: nan
[2021-09-24 20:35:02] epoch 268: train_loss: nan, valid_loss: nan, train_nll: nan, valid_nll: nan
[2021-09-24 20:35:17] epoch 269: train_loss: nan, valid_loss: nan, train_nll: nan, valid_nll: nan
[2021-09-24 20:35:32] epoch 270: train_loss: nan, valid_loss: nan, train_nll: nan, valid_nll: nan
[2021-09-24 20:35:48] epoch 271: train_loss: nan, valid_loss: nan, train_nll: nan, valid_nll: nan
[2021-09-24 20:36:03] epoch 272: train_loss: nan, valid_loss: nan, train_nll: nan, valid_nll: nan
[2021-09-24 20:36:18] epoch 273: train_loss: nan, valid_loss: nan, train_nll: nan, valid_nll: nan
[2021-09-24 20:36:33] epoch 274: train_loss: nan, valid_loss: nan, train_nll: nan, valid_nll: nan
[2021-09-24 20:36:48] epoch 275: train_loss: nan, valid_loss: nan, train_nll: nan, valid_nll: nan
[2021-09-24 20:37:03] epoch 276: train_loss: nan, valid_loss: nan, train_nll: nan, valid_nll: nan
[2021-09-24 20:37:19] epoch 277: train_loss: nan, valid_loss: nan, train_nll: nan, valid_nll: nan
[2021-09-24 20:37:34] epoch 278: train_loss: nan, valid_loss: nan, train_nll: nan, valid_nll: nan
[2021-09-24 20:37:49] epoch 279: train_loss: nan, valid_loss: nan, train_nll: nan, valid_nll: nan
[2021-09-24 20:38:04] epoch 280: train_loss: nan, valid_loss: nan, train_nll: nan, valid_nll: nan
[2021-09-24 20:38:20] epoch 281: train_loss: nan, valid_loss: nan, train_nll: nan, valid_nll: nan
[2021-09-24 20:38:35] epoch 282: train_loss: nan, valid_loss: nan, train_nll: nan, valid_nll: nan
[2021-09-24 20:38:50] epoch 283: train_loss: nan, valid_loss: nan, train_nll: nan, valid_nll: nan
[2021-09-24 20:39:05] epoch 284: train_loss: nan, valid_loss: nan, train_nll: nan, valid_nll: nan
[2021-09-24 20:39:20] epoch 285: train_loss: nan, valid_loss: nan, train_nll: nan, valid_nll: nan
[2021-09-24 20:39:36] epoch 286: train_loss: nan, valid_loss: nan, train_nll: nan, valid_nll: nan
[2021-09-24 20:39:51] epoch 287: train_loss: nan, valid_loss: nan, train_nll: nan, valid_nll: nan
[2021-09-24 20:40:06] epoch 288: train_loss: nan, valid_loss: nan, train_nll: nan, valid_nll: nan
[2021-09-24 20:40:21] epoch 289: train_loss: nan, valid_loss: nan, train_nll: nan, valid_nll: nan
[2021-09-24 20:40:36] epoch 290: train_loss: nan, valid_loss: nan, train_nll: nan, valid_nll: nan
[2021-09-24 20:40:51] epoch 291: train_loss: nan, valid_loss: nan, train_nll: nan, valid_nll: nan
[2021-09-24 20:41:06] epoch 292: train_loss: nan, valid_loss: nan, train_nll: nan, valid_nll: nan
[2021-09-24 20:41:22] epoch 293: train_loss: nan, valid_loss: nan, train_nll: nan, valid_nll: nan
[2021-09-24 20:41:37] epoch 294: train_loss: nan, valid_loss: nan, train_nll: nan, valid_nll: nan
[2021-09-24 20:41:52] epoch 295: train_loss: nan, valid_loss: nan, train_nll: nan, valid_nll: nan
[2021-09-24 20:42:07] epoch 296: train_loss: nan, valid_loss: nan, train_nll: nan, valid_nll: nan
[2021-09-24 20:42:22] epoch 297: train_loss: nan, valid_loss: nan, train_nll: nan, valid_nll: nan
[2021-09-24 20:42:38] epoch 298: train_loss: nan, valid_loss: nan, train_nll: nan, valid_nll: nan
[2021-09-24 20:42:53] epoch 299: train_loss: nan, valid_loss: nan, train_nll: nan, valid_nll: nan
[2021-09-24 20:43:08] epoch 300: train_loss: nan, valid_loss: nan, train_nll: nan, valid_nll: nan
[2021-09-24 20:43:23] epoch 301: train_loss: nan, valid_loss: nan, train_nll: nan, valid_nll: nan
[2021-09-24 20:43:38] epoch 302: train_loss: nan, valid_loss: nan, train_nll: nan, valid_nll: nan
[2021-09-24 20:43:54] epoch 303: train_loss: nan, valid_loss: nan, train_nll: nan, valid_nll: nan
[2021-09-24 20:44:09] epoch 304: train_loss: nan, valid_loss: nan, train_nll: nan, valid_nll: nan
[2021-09-24 20:44:24] epoch 305: train_loss: nan, valid_loss: nan, train_nll: nan, valid_nll: nan
[2021-09-24 20:44:39] epoch 306: train_loss: nan, valid_loss: nan, train_nll: nan, valid_nll: nan
[2021-09-24 20:44:54] epoch 307: train_loss: nan, valid_loss: nan, train_nll: nan, valid_nll: nan
[2021-09-24 20:45:10] epoch 308: train_loss: nan, valid_loss: nan, train_nll: nan, valid_nll: nan
[2021-09-24 20:45:25] epoch 309: train_loss: nan, valid_loss: nan, train_nll: nan, valid_nll: nan
[2021-09-24 20:45:40] epoch 310: train_loss: nan, valid_loss: nan, train_nll: nan, valid_nll: nan
[2021-09-24 20:45:56] epoch 311: train_loss: nan, valid_loss: nan, train_nll: nan, valid_nll: nan
[2021-09-24 20:46:11] epoch 312: train_loss: nan, valid_loss: nan, train_nll: nan, valid_nll: nan
[2021-09-24 20:46:26] epoch 313: train_loss: nan, valid_loss: nan, train_nll: nan, valid_nll: nan
[2021-09-24 20:46:41] epoch 314: train_loss: nan, valid_loss: nan, train_nll: nan, valid_nll: nan
[2021-09-24 20:46:56] epoch 315: train_loss: nan, valid_loss: nan, train_nll: nan, valid_nll: nan
[2021-09-24 20:47:12] epoch 316: train_loss: nan, valid_loss: nan, train_nll: nan, valid_nll: nan
[2021-09-24 20:47:27] epoch 317: train_loss: nan, valid_loss: nan, train_nll: nan, valid_nll: nan
[2021-09-24 20:47:42] epoch 318: train_loss: nan, valid_loss: nan, train_nll: nan, valid_nll: nan
[2021-09-24 20:47:58] epoch 319: train_loss: nan, valid_loss: nan, train_nll: nan, valid_nll: nan
[2021-09-24 20:48:13] epoch 320: train_loss: nan, valid_loss: nan, train_nll: nan, valid_nll: nan
[2021-09-24 20:48:28] epoch 321: train_loss: nan, valid_loss: nan, train_nll: nan, valid_nll: nan
[2021-09-24 20:48:43] epoch 322: train_loss: nan, valid_loss: nan, train_nll: nan, valid_nll: nan
[2021-09-24 20:48:59] epoch 323: train_loss: nan, valid_loss: nan, train_nll: nan, valid_nll: nan
[2021-09-24 20:49:14] epoch 324: train_loss: nan, valid_loss: nan, train_nll: nan, valid_nll: nan
[2021-09-24 20:49:29] epoch 325: train_loss: nan, valid_loss: nan, train_nll: nan, valid_nll: nan
[2021-09-24 20:49:44] epoch 326: train_loss: nan, valid_loss: nan, train_nll: nan, valid_nll: nan
[2021-09-24 20:49:59] epoch 327: train_loss: nan, valid_loss: nan, train_nll: nan, valid_nll: nan
[2021-09-24 20:50:15] epoch 328: train_loss: nan, valid_loss: nan, train_nll: nan, valid_nll: nan
[2021-09-24 20:50:30] epoch 329: train_loss: nan, valid_loss: nan, train_nll: nan, valid_nll: nan
[2021-09-24 20:50:45] epoch 330: train_loss: nan, valid_loss: nan, train_nll: nan, valid_nll: nan
[2021-09-24 20:51:00] epoch 331: train_loss: nan, valid_loss: nan, train_nll: nan, valid_nll: nan
[2021-09-24 20:51:16] epoch 332: train_loss: nan, valid_loss: nan, train_nll: nan, valid_nll: nan
[2021-09-24 20:51:31] epoch 333: train_loss: nan, valid_loss: nan, train_nll: nan, valid_nll: nan
[2021-09-24 20:51:46] epoch 334: train_loss: nan, valid_loss: nan, train_nll: nan, valid_nll: nan
[2021-09-24 20:52:01] epoch 335: train_loss: nan, valid_loss: nan, train_nll: nan, valid_nll: nan
[2021-09-24 20:52:16] epoch 336: train_loss: nan, valid_loss: nan, train_nll: nan, valid_nll: nan
[2021-09-24 20:52:32] epoch 337: train_loss: nan, valid_loss: nan, train_nll: nan, valid_nll: nan
[2021-09-24 20:52:47] epoch 338: train_loss: nan, valid_loss: nan, train_nll: nan, valid_nll: nan
[2021-09-24 20:53:02] epoch 339: train_loss: nan, valid_loss: nan, train_nll: nan, valid_nll: nan
[2021-09-24 20:53:17] epoch 340: train_loss: nan, valid_loss: nan, train_nll: nan, valid_nll: nan
[2021-09-24 20:53:33] epoch 341: train_loss: nan, valid_loss: nan, train_nll: nan, valid_nll: nan
[2021-09-24 20:53:48] epoch 342: train_loss: nan, valid_loss: nan, train_nll: nan, valid_nll: nan
[2021-09-24 20:54:03] epoch 343: train_loss: nan, valid_loss: nan, train_nll: nan, valid_nll: nan
[2021-09-24 20:54:18] epoch 344: train_loss: nan, valid_loss: nan, train_nll: nan, valid_nll: nan
[2021-09-24 20:54:33] epoch 345: train_loss: nan, valid_loss: nan, train_nll: nan, valid_nll: nan
[2021-09-24 20:54:49] epoch 346: train_loss: nan, valid_loss: nan, train_nll: nan, valid_nll: nan
[2021-09-24 20:55:04] epoch 347: train_loss: nan, valid_loss: nan, train_nll: nan, valid_nll: nan
[2021-09-24 20:55:19] epoch 348: train_loss: nan, valid_loss: nan, train_nll: nan, valid_nll: nan
[2021-09-24 20:55:35] epoch 349: train_loss: nan, valid_loss: nan, train_nll: nan, valid_nll: nan
[2021-09-24 20:55:50] epoch 350: train_loss: nan, valid_loss: nan, train_nll: nan, valid_nll: nan
[2021-09-24 20:56:05] epoch 351: train_loss: nan, valid_loss: nan, train_nll: nan, valid_nll: nan
[2021-09-24 20:56:20] epoch 352: train_loss: nan, valid_loss: nan, train_nll: nan, valid_nll: nan
[2021-09-24 20:56:36] epoch 353: train_loss: nan, valid_loss: nan, train_nll: nan, valid_nll: nan
[2021-09-24 20:56:50] epoch 354: train_loss: nan, valid_loss: nan, train_nll: nan, valid_nll: nan
[2021-09-24 20:57:06] epoch 355: train_loss: nan, valid_loss: nan, train_nll: nan, valid_nll: nan
[2021-09-24 20:57:21] epoch 356: train_loss: nan, valid_loss: nan, train_nll: nan, valid_nll: nan
[2021-09-24 20:57:37] epoch 357: train_loss: nan, valid_loss: nan, train_nll: nan, valid_nll: nan
[2021-09-24 20:57:52] epoch 358: train_loss: nan, valid_loss: nan, train_nll: nan, valid_nll: nan
[2021-09-24 20:58:07] epoch 359: train_loss: nan, valid_loss: nan, train_nll: nan, valid_nll: nan
[2021-09-24 20:58:23] epoch 360: train_loss: nan, valid_loss: nan, train_nll: nan, valid_nll: nan
[2021-09-24 20:58:38] epoch 361: train_loss: nan, valid_loss: nan, train_nll: nan, valid_nll: nan
[2021-09-24 20:58:53] epoch 362: train_loss: nan, valid_loss: nan, train_nll: nan, valid_nll: nan
[2021-09-24 20:59:09] epoch 363: train_loss: nan, valid_loss: nan, train_nll: nan, valid_nll: nan
[2021-09-24 20:59:24] epoch 364: train_loss: nan, valid_loss: nan, train_nll: nan, valid_nll: nan
[2021-09-24 20:59:39] epoch 365: train_loss: nan, valid_loss: nan, train_nll: nan, valid_nll: nan
[2021-09-24 20:59:54] epoch 366: train_loss: nan, valid_loss: nan, train_nll: nan, valid_nll: nan
[2021-09-24 21:00:09] epoch 367: train_loss: nan, valid_loss: nan, train_nll: nan, valid_nll: nan
[2021-09-24 21:00:24] epoch 368: train_loss: nan, valid_loss: nan, train_nll: nan, valid_nll: nan
[2021-09-24 21:00:40] epoch 369: train_loss: nan, valid_loss: nan, train_nll: nan, valid_nll: nan
[2021-09-24 21:00:55] epoch 370: train_loss: nan, valid_loss: nan, train_nll: nan, valid_nll: nan
[2021-09-24 21:01:11] epoch 371: train_loss: nan, valid_loss: nan, train_nll: nan, valid_nll: nan
[2021-09-24 21:01:26] epoch 372: train_loss: nan, valid_loss: nan, train_nll: nan, valid_nll: nan
[2021-09-24 21:01:41] epoch 373: train_loss: nan, valid_loss: nan, train_nll: nan, valid_nll: nan
[2021-09-24 21:01:56] epoch 374: train_loss: nan, valid_loss: nan, train_nll: nan, valid_nll: nan
[2021-09-24 21:02:11] epoch 375: train_loss: nan, valid_loss: nan, train_nll: nan, valid_nll: nan
[2021-09-24 21:02:27] epoch 376: train_loss: nan, valid_loss: nan, train_nll: nan, valid_nll: nan
[2021-09-24 21:02:42] epoch 377: train_loss: nan, valid_loss: nan, train_nll: nan, valid_nll: nan
[2021-09-24 21:02:57] epoch 378: train_loss: nan, valid_loss: nan, train_nll: nan, valid_nll: nan
[2021-09-24 21:03:12] epoch 379: train_loss: nan, valid_loss: nan, train_nll: nan, valid_nll: nan
[2021-09-24 21:03:27] epoch 380: train_loss: nan, valid_loss: nan, train_nll: nan, valid_nll: nan
[2021-09-24 21:03:42] epoch 381: train_loss: nan, valid_loss: nan, train_nll: nan, valid_nll: nan
[2021-09-24 21:04:04] epoch 382: train_loss: nan, valid_loss: nan, train_nll: nan, valid_nll: nan
[2021-09-24 21:04:20] epoch 383: train_loss: nan, valid_loss: nan, train_nll: nan, valid_nll: nan
[2021-09-24 21:04:35] epoch 384: train_loss: nan, valid_loss: nan, train_nll: nan, valid_nll: nan
[2021-09-24 21:04:50] epoch 385: train_loss: nan, valid_loss: nan, train_nll: nan, valid_nll: nan
[2021-09-24 21:05:05] epoch 386: train_loss: nan, valid_loss: nan, train_nll: nan, valid_nll: nan
[2021-09-24 21:05:20] epoch 387: train_loss: nan, valid_loss: nan, train_nll: nan, valid_nll: nan
[2021-09-24 21:05:36] epoch 388: train_loss: nan, valid_loss: nan, train_nll: nan, valid_nll: nan
[2021-09-24 21:05:51] epoch 389: train_loss: nan, valid_loss: nan, train_nll: nan, valid_nll: nan
[2021-09-24 21:06:06] epoch 390: train_loss: nan, valid_loss: nan, train_nll: nan, valid_nll: nan
[2021-09-24 21:06:22] epoch 391: train_loss: nan, valid_loss: nan, train_nll: nan, valid_nll: nan
[2021-09-24 21:06:37] epoch 392: train_loss: nan, valid_loss: nan, train_nll: nan, valid_nll: nan
[2021-09-24 21:06:52] epoch 393: train_loss: nan, valid_loss: nan, train_nll: nan, valid_nll: nan
[2021-09-24 21:07:07] epoch 394: train_loss: nan, valid_loss: nan, train_nll: nan, valid_nll: nan
[2021-09-24 21:07:22] epoch 395: train_loss: nan, valid_loss: nan, train_nll: nan, valid_nll: nan
[2021-09-24 21:07:38] epoch 396: train_loss: nan, valid_loss: nan, train_nll: nan, valid_nll: nan
[2021-09-24 21:07:53] epoch 397: train_loss: nan, valid_loss: nan, train_nll: nan, valid_nll: nan
[2021-09-24 21:08:08] epoch 398: train_loss: nan, valid_loss: nan, train_nll: nan, valid_nll: nan
[2021-09-24 21:08:23] epoch 399: train_loss: nan, valid_loss: nan, train_nll: nan, valid_nll: nan
[2021-09-24 21:08:39] epoch 400: train_loss: nan, valid_loss: nan, train_nll: nan, valid_nll: nan
[2021-09-24 21:08:54] epoch 401: train_loss: nan, valid_loss: nan, train_nll: nan, valid_nll: nan
[2021-09-24 21:09:09] epoch 402: train_loss: nan, valid_loss: nan, train_nll: nan, valid_nll: nan
[2021-09-24 21:09:25] epoch 403: train_loss: nan, valid_loss: nan, train_nll: nan, valid_nll: nan
[2021-09-24 21:09:40] epoch 404: train_loss: nan, valid_loss: nan, train_nll: nan, valid_nll: nan
[2021-09-24 21:09:55] epoch 405: train_loss: nan, valid_loss: nan, train_nll: nan, valid_nll: nan
[2021-09-24 21:10:11] epoch 406: train_loss: nan, valid_loss: nan, train_nll: nan, valid_nll: nan
[2021-09-24 21:10:26] epoch 407: train_loss: nan, valid_loss: nan, train_nll: nan, valid_nll: nan
[2021-09-24 21:10:41] epoch 408: train_loss: nan, valid_loss: nan, train_nll: nan, valid_nll: nan
[2021-09-24 21:10:57] epoch 409: train_loss: nan, valid_loss: nan, train_nll: nan, valid_nll: nan
[2021-09-24 21:11:12] epoch 410: train_loss: nan, valid_loss: nan, train_nll: nan, valid_nll: nan
[2021-09-24 21:11:27] epoch 411: train_loss: nan, valid_loss: nan, train_nll: nan, valid_nll: nan
[2021-09-24 21:11:42] epoch 412: train_loss: nan, valid_loss: nan, train_nll: nan, valid_nll: nan
[2021-09-24 21:11:57] epoch 413: train_loss: nan, valid_loss: nan, train_nll: nan, valid_nll: nan
[2021-09-24 21:12:13] epoch 414: train_loss: nan, valid_loss: nan, train_nll: nan, valid_nll: nan
[2021-09-24 21:12:28] epoch 415: train_loss: nan, valid_loss: nan, train_nll: nan, valid_nll: nan
[2021-09-24 21:12:43] epoch 416: train_loss: nan, valid_loss: nan, train_nll: nan, valid_nll: nan
[2021-09-24 21:12:59] epoch 417: train_loss: nan, valid_loss: nan, train_nll: nan, valid_nll: nan
[2021-09-24 21:13:14] epoch 418: train_loss: nan, valid_loss: nan, train_nll: nan, valid_nll: nan
[2021-09-24 21:13:29] epoch 419: train_loss: nan, valid_loss: nan, train_nll: nan, valid_nll: nan
[2021-09-24 21:13:44] epoch 420: train_loss: nan, valid_loss: nan, train_nll: nan, valid_nll: nan
[2021-09-24 21:14:00] epoch 421: train_loss: nan, valid_loss: nan, train_nll: nan, valid_nll: nan
[2021-09-24 21:14:15] epoch 422: train_loss: nan, valid_loss: nan, train_nll: nan, valid_nll: nan
[2021-09-24 21:14:30] epoch 423: train_loss: nan, valid_loss: nan, train_nll: nan, valid_nll: nan
[2021-09-24 21:14:45] epoch 424: train_loss: nan, valid_loss: nan, train_nll: nan, valid_nll: nan
[2021-09-24 21:15:00] epoch 425: train_loss: nan, valid_loss: nan, train_nll: nan, valid_nll: nan
[2021-09-24 21:15:16] epoch 426: train_loss: nan, valid_loss: nan, train_nll: nan, valid_nll: nan
[2021-09-24 21:15:31] epoch 427: train_loss: nan, valid_loss: nan, train_nll: nan, valid_nll: nan
[2021-09-24 21:15:47] epoch 428: train_loss: nan, valid_loss: nan, train_nll: nan, valid_nll: nan
[2021-09-24 21:16:02] epoch 429: train_loss: nan, valid_loss: nan, train_nll: nan, valid_nll: nan
[2021-09-24 21:16:17] epoch 430: train_loss: nan, valid_loss: nan, train_nll: nan, valid_nll: nan
[2021-09-24 21:16:33] epoch 431: train_loss: nan, valid_loss: nan, train_nll: nan, valid_nll: nan
[2021-09-24 21:16:48] epoch 432: train_loss: nan, valid_loss: nan, train_nll: nan, valid_nll: nan
[2021-09-24 21:17:03] epoch 433: train_loss: nan, valid_loss: nan, train_nll: nan, valid_nll: nan
[2021-09-24 21:17:18] epoch 434: train_loss: nan, valid_loss: nan, train_nll: nan, valid_nll: nan
[2021-09-24 21:17:33] epoch 435: train_loss: nan, valid_loss: nan, train_nll: nan, valid_nll: nan
[2021-09-24 21:17:49] epoch 436: train_loss: nan, valid_loss: nan, train_nll: nan, valid_nll: nan
[2021-09-24 21:18:04] epoch 437: train_loss: nan, valid_loss: nan, train_nll: nan, valid_nll: nan
[2021-09-24 21:18:19] epoch 438: train_loss: nan, valid_loss: nan, train_nll: nan, valid_nll: nan
[2021-09-24 21:18:35] epoch 439: train_loss: nan, valid_loss: nan, train_nll: nan, valid_nll: nan
[2021-09-24 21:18:50] epoch 440: train_loss: nan, valid_loss: nan, train_nll: nan, valid_nll: nan
[2021-09-24 21:19:05] epoch 441: train_loss: nan, valid_loss: nan, train_nll: nan, valid_nll: nan
[2021-09-24 21:19:21] epoch 442: train_loss: nan, valid_loss: nan, train_nll: nan, valid_nll: nan
[2021-09-24 21:19:36] epoch 443: train_loss: nan, valid_loss: nan, train_nll: nan, valid_nll: nan
[2021-09-24 21:19:51] epoch 444: train_loss: nan, valid_loss: nan, train_nll: nan, valid_nll: nan
[2021-09-24 21:20:06] epoch 445: train_loss: nan, valid_loss: nan, train_nll: nan, valid_nll: nan
[2021-09-24 21:20:21] epoch 446: train_loss: nan, valid_loss: nan, train_nll: nan, valid_nll: nan
[2021-09-24 21:20:36] epoch 447: train_loss: nan, valid_loss: nan, train_nll: nan, valid_nll: nan
[2021-09-24 21:20:52] epoch 448: train_loss: nan, valid_loss: nan, train_nll: nan, valid_nll: nan
[2021-09-24 21:21:07] epoch 449: train_loss: nan, valid_loss: nan, train_nll: nan, valid_nll: nan
[2021-09-24 21:21:22] epoch 450: train_loss: nan, valid_loss: nan, train_nll: nan, valid_nll: nan
[2021-09-24 21:21:37] epoch 451: train_loss: nan, valid_loss: nan, train_nll: nan, valid_nll: nan
[2021-09-24 21:21:52] epoch 452: train_loss: nan, valid_loss: nan, train_nll: nan, valid_nll: nan
[2021-09-24 21:22:08] epoch 453: train_loss: nan, valid_loss: nan, train_nll: nan, valid_nll: nan
[2021-09-24 21:22:23] epoch 454: train_loss: nan, valid_loss: nan, train_nll: nan, valid_nll: nan
[2021-09-24 21:22:38] epoch 455: train_loss: nan, valid_loss: nan, train_nll: nan, valid_nll: nan
[2021-09-24 21:22:54] epoch 456: train_loss: nan, valid_loss: nan, train_nll: nan, valid_nll: nan
[2021-09-24 21:23:09] epoch 457: train_loss: nan, valid_loss: nan, train_nll: nan, valid_nll: nan
[2021-09-24 21:23:24] epoch 458: train_loss: nan, valid_loss: nan, train_nll: nan, valid_nll: nan
[2021-09-24 21:23:39] epoch 459: train_loss: nan, valid_loss: nan, train_nll: nan, valid_nll: nan
[2021-09-24 21:23:55] epoch 460: train_loss: nan, valid_loss: nan, train_nll: nan, valid_nll: nan
[2021-09-24 21:24:10] epoch 461: train_loss: nan, valid_loss: nan, train_nll: nan, valid_nll: nan
[2021-09-24 21:24:25] epoch 462: train_loss: nan, valid_loss: nan, train_nll: nan, valid_nll: nan
[2021-09-24 21:24:40] epoch 463: train_loss: nan, valid_loss: nan, train_nll: nan, valid_nll: nan
[2021-09-24 21:24:56] epoch 464: train_loss: nan, valid_loss: nan, train_nll: nan, valid_nll: nan
[2021-09-24 21:25:11] epoch 465: train_loss: nan, valid_loss: nan, train_nll: nan, valid_nll: nan
[2021-09-24 21:25:26] epoch 466: train_loss: nan, valid_loss: nan, train_nll: nan, valid_nll: nan
[2021-09-24 21:25:42] epoch 467: train_loss: nan, valid_loss: nan, train_nll: nan, valid_nll: nan
[2021-09-24 21:25:57] epoch 468: train_loss: nan, valid_loss: nan, train_nll: nan, valid_nll: nan
[2021-09-24 21:26:12] epoch 469: train_loss: nan, valid_loss: nan, train_nll: nan, valid_nll: nan
[2021-09-24 21:26:28] epoch 470: train_loss: nan, valid_loss: nan, train_nll: nan, valid_nll: nan
[2021-09-24 21:26:43] epoch 471: train_loss: nan, valid_loss: nan, train_nll: nan, valid_nll: nan
[2021-09-24 21:26:58] epoch 472: train_loss: nan, valid_loss: nan, train_nll: nan, valid_nll: nan
[2021-09-24 21:27:14] epoch 473: train_loss: nan, valid_loss: nan, train_nll: nan, valid_nll: nan
[2021-09-24 21:27:29] epoch 474: train_loss: nan, valid_loss: nan, train_nll: nan, valid_nll: nan
[2021-09-24 21:27:44] epoch 475: train_loss: nan, valid_loss: nan, train_nll: nan, valid_nll: nan
[2021-09-24 21:27:59] epoch 476: train_loss: nan, valid_loss: nan, train_nll: nan, valid_nll: nan
[2021-09-24 21:28:15] epoch 477: train_loss: nan, valid_loss: nan, train_nll: nan, valid_nll: nan
[2021-09-24 21:28:30] epoch 478: train_loss: nan, valid_loss: nan, train_nll: nan, valid_nll: nan
[2021-09-24 21:28:45] epoch 479: train_loss: nan, valid_loss: nan, train_nll: nan, valid_nll: nan
[2021-09-24 21:29:01] epoch 480: train_loss: nan, valid_loss: nan, train_nll: nan, valid_nll: nan
[2021-09-24 21:29:16] epoch 481: train_loss: nan, valid_loss: nan, train_nll: nan, valid_nll: nan
[2021-09-24 21:29:31] epoch 482: train_loss: nan, valid_loss: nan, train_nll: nan, valid_nll: nan
[2021-09-24 21:29:46] epoch 483: train_loss: nan, valid_loss: nan, train_nll: nan, valid_nll: nan
[2021-09-24 21:30:02] epoch 484: train_loss: nan, valid_loss: nan, train_nll: nan, valid_nll: nan
[2021-09-24 21:30:17] epoch 485: train_loss: nan, valid_loss: nan, train_nll: nan, valid_nll: nan
[2021-09-24 21:30:32] epoch 486: train_loss: nan, valid_loss: nan, train_nll: nan, valid_nll: nan
[2021-09-24 21:30:47] epoch 487: train_loss: nan, valid_loss: nan, train_nll: nan, valid_nll: nan
[2021-09-24 21:31:02] epoch 488: train_loss: nan, valid_loss: nan, train_nll: nan, valid_nll: nan
[2021-09-24 21:31:18] epoch 489: train_loss: nan, valid_loss: nan, train_nll: nan, valid_nll: nan
[2021-09-24 21:31:33] epoch 490: train_loss: nan, valid_loss: nan, train_nll: nan, valid_nll: nan
[2021-09-24 21:31:48] epoch 491: train_loss: nan, valid_loss: nan, train_nll: nan, valid_nll: nan
[2021-09-24 21:32:04] epoch 492: train_loss: nan, valid_loss: nan, train_nll: nan, valid_nll: nan
[2021-09-24 21:32:19] epoch 493: train_loss: nan, valid_loss: nan, train_nll: nan, valid_nll: nan
[2021-09-24 21:32:34] epoch 494: train_loss: nan, valid_loss: nan, train_nll: nan, valid_nll: nan
[2021-09-24 21:32:50] epoch 495: train_loss: nan, valid_loss: nan, train_nll: nan, valid_nll: nan
[2021-09-24 21:33:05] epoch 496: train_loss: nan, valid_loss: nan, train_nll: nan, valid_nll: nan
[2021-09-24 21:33:20] epoch 497: train_loss: nan, valid_loss: nan, train_nll: nan, valid_nll: nan
[2021-09-24 21:33:36] epoch 498: train_loss: nan, valid_loss: nan, train_nll: nan, valid_nll: nan
[2021-09-24 21:33:51] epoch 499: train_loss: nan, valid_loss: nan, train_nll: nan, valid_nll: nan
