------------ Configs ------------
loading Nott data...
loading Nott data...
model summary: 
===================================================
      Kernel Shape  Output Shape  Params  Mult-Adds
Layer                                              
0_rnn            -  [200, 1, 46]   18768      18492
1_mlp     [46, 88]  [200, 1, 88]    4136       4048
---------------------------------------------------
                      Totals
Total params           22904
Trainable params       22904
Non-trainable params       0
Mult-Adds              22540
===================================================
rnn:  gru
data:  Nott
optimizer:  rmsprop
learning rate:  0.001
momentum:  0.9
weight decay:  0.0
gradient clipping:  1.0
loss criterion:  bce
continue training:  False
save directory:  ./exp/music/nott/gru
log directory:  ./log/music/nott/gru
starting epoch:  0
ending epoch:  500
steps per epoch:  694
cuda:  True
---------------------------------
[2021-09-24 19:26:03] epoch 0: train_loss: 0.06804947062832993, valid_loss: 0.056239128823397475, train_nll: 3.698867519168066, valid_nll: 3.0550262148284575
[2021-09-24 19:26:19] epoch 1: train_loss: 0.054832235389316634, valid_loss: 0.05446289098590096, train_nll: 3.0381869779671593, valid_nll: 2.9583105328748758
[2021-09-24 19:26:34] epoch 2: train_loss: 0.0533783069787606, valid_loss: 0.053671653538597805, train_nll: 2.9417656506312464, valid_nll: 2.9236572013218916
[2021-09-24 19:26:48] epoch 3: train_loss: 0.05234284313551287, valid_loss: 0.052470025235001064, train_nll: 2.8845773614571955, valid_nll: 2.9285565043526387
[2021-09-24 19:27:04] epoch 4: train_loss: 0.05135658022649694, valid_loss: 0.05221589081893767, train_nll: 2.828401702605126, valid_nll: 2.911137281097291
[2021-09-24 19:27:19] epoch 5: train_loss: 0.05065807677075396, valid_loss: 0.051702894528821715, train_nll: 2.7875758588971222, valid_nll: 2.841411499709982
[2021-09-24 19:27:33] epoch 6: train_loss: 0.05014917755000272, valid_loss: 0.051055836367469305, train_nll: 2.752772854544795, valid_nll: 2.8345949150257086
[2021-09-24 19:27:48] epoch 7: train_loss: 0.04977648900902323, valid_loss: 0.05046049733726964, train_nll: 2.737940445331952, valid_nll: 2.773282358769441
[2021-09-24 19:28:04] epoch 8: train_loss: 0.04935761023801282, valid_loss: 0.050696066779897395, train_nll: 2.707256510946038, valid_nll: 2.618319037479086
[2021-09-24 19:28:19] epoch 9: train_loss: 0.04910136273087832, valid_loss: 0.04997327087199412, train_nll: 2.6994808806771777, valid_nll: 2.717692383512506
[2021-09-24 19:28:34] epoch 10: train_loss: 0.04869826059917294, valid_loss: 0.0509968139231205, train_nll: 2.67016005759396, valid_nll: 2.770370320175837
[2021-09-24 19:28:49] epoch 11: train_loss: 0.0486082184834336, valid_loss: 0.04988849565731308, train_nll: 2.6683447859189613, valid_nll: 2.8119081373513404
[2021-09-24 19:29:04] epoch 12: train_loss: 0.048363360811175204, valid_loss: 0.04953226550466063, train_nll: 2.6495510829847517, valid_nll: 2.7268980163385756
[2021-09-24 19:29:20] epoch 13: train_loss: 0.048214570733232785, valid_loss: 0.04984818451709486, train_nll: 2.6444672053309546, valid_nll: 2.7796900166569167
[2021-09-24 19:29:35] epoch 14: train_loss: 0.048015360951273345, valid_loss: 0.049419471531072796, train_nll: 2.636895014795366, valid_nll: 2.7423163718150794
[2021-09-24 19:29:50] epoch 15: train_loss: 0.047831139630592434, valid_loss: 0.049500898129678186, train_nll: 2.626116791966214, valid_nll: 2.6761470678570936
[2021-09-24 19:30:05] epoch 16: train_loss: 0.04771736895219995, valid_loss: 0.049442451813317446, train_nll: 2.6171098952358007, valid_nll: 2.698100018595934
[2021-09-24 19:30:21] epoch 17: train_loss: 0.04763197441657828, valid_loss: 0.04924681311139482, train_nll: 2.613196855926249, valid_nll: 2.742104504504917
[2021-09-24 19:30:36] epoch 18: train_loss: 0.04753614967737229, valid_loss: 0.04990524886918895, train_nll: 2.608040491801366, valid_nll: 2.751437422353158
[2021-09-24 19:30:52] epoch 19: train_loss: 0.04737727381879469, valid_loss: 0.04997054711414899, train_nll: 2.595352268291116, valid_nll: 2.7044145938316313
[2021-09-24 19:31:06] epoch 20: train_loss: 0.047305982790737056, valid_loss: 0.049593515554173837, train_nll: 2.59368081552056, valid_nll: 2.697701766893734
[2021-09-24 19:31:21] epoch 21: train_loss: 0.0472740734677751, valid_loss: 0.049178041043998186, train_nll: 2.593349067936001, valid_nll: 2.6715227848115237
[2021-09-24 19:31:37] epoch 22: train_loss: 0.04724502128680433, valid_loss: 0.04921143514917076, train_nll: 2.5878318043016826, valid_nll: 2.693421133720354
[2021-09-24 19:31:52] epoch 23: train_loss: 0.04723357769287586, valid_loss: 0.049519373696146674, train_nll: 2.5872282891828595, valid_nll: 2.704483896128449
[2021-09-24 19:32:07] epoch 24: train_loss: 0.047034291359958284, valid_loss: 0.04942902494114258, train_nll: 2.5770990660983557, valid_nll: 2.724200809648713
[2021-09-24 19:32:22] epoch 25: train_loss: 0.04712931817982571, valid_loss: 0.049250761445374845, train_nll: 2.588195711284978, valid_nll: 2.717488982911987
[2021-09-24 19:32:38] epoch 26: train_loss: 0.04707417611478256, valid_loss: 0.04958580587209994, train_nll: 2.5800297460829498, valid_nll: 2.6780990667894224
[2021-09-24 19:32:53] epoch 27: train_loss: 0.04697544409783412, valid_loss: 0.049222856480089915, train_nll: 2.5800541213015515, valid_nll: 2.7316476223697
[2021-09-24 19:33:08] epoch 28: train_loss: 0.047013799439825824, valid_loss: 0.04934538466952784, train_nll: 2.577251079703158, valid_nll: 2.6874693407379273
[2021-09-24 19:33:23] epoch 29: train_loss: 0.0478062093625602, valid_loss: 0.0570473627031194, train_nll: 2.6254545348650145, valid_nll: 3.2176047686495655
[2021-09-24 19:33:39] epoch 30: train_loss: 0.052006755700544256, valid_loss: 0.05093732287816574, train_nll: 2.85496865368032, valid_nll: 2.8476988248484325
[2021-09-24 19:33:54] epoch 31: train_loss: 0.048377017877051225, valid_loss: 0.049677704218667365, train_nll: 2.652948719595929, valid_nll: 2.800302257966932
[2021-09-24 19:34:09] epoch 32: train_loss: 0.047159120486109846, valid_loss: 0.04903589088921947, train_nll: 2.5916700588255535, valid_nll: 2.6765693472722156
[2021-09-24 19:34:24] epoch 33: train_loss: 0.04697424254946475, valid_loss: 0.049464878222415215, train_nll: 2.5736645935936986, valid_nll: 2.62795117163269
[2021-09-24 19:34:40] epoch 34: train_loss: 0.04686028037424218, valid_loss: 0.04918749577694201, train_nll: 2.5674659529752146, valid_nll: 2.774298405657795
[2021-09-24 19:34:55] epoch 35: train_loss: 0.04715090691748072, valid_loss: 0.05001391720220533, train_nll: 2.583351002462782, valid_nll: 2.8201114080737852
[2021-09-24 19:35:10] epoch 36: train_loss: 0.04770006992926644, valid_loss: 0.04943367311289545, train_nll: 2.6179667171028034, valid_nll: 2.688695379054436
[2021-09-24 19:35:25] epoch 37: train_loss: 0.04706979617047035, valid_loss: 0.04961153725969654, train_nll: 2.5799611816569366, valid_nll: 2.666263324214227
[2021-09-24 19:35:40] epoch 38: train_loss: 0.046815108294499454, valid_loss: 0.04932195538213487, train_nll: 2.566940611548784, valid_nll: 2.668670393477256
[2021-09-24 19:35:56] epoch 39: train_loss: 0.04681081975533785, valid_loss: 0.04949510288074871, train_nll: 2.561765311695892, valid_nll: 2.6108492652277198
[2021-09-24 19:36:11] epoch 40: train_loss: 0.04668701012948963, valid_loss: 0.04870782695667592, train_nll: 2.5603550652270557, valid_nll: 2.6245819849015124
[2021-09-24 19:36:27] epoch 41: train_loss: 0.04941948845590698, valid_loss: 0.06226352199567536, train_nll: 2.7300554264114174, valid_nll: 3.3642905775018868
[2021-09-24 19:36:42] epoch 42: train_loss: 0.05613201084179047, valid_loss: 0.053887174653180075, train_nll: 3.118752439582487, valid_nll: 2.9863081320824474
[2021-09-24 19:36:57] epoch 43: train_loss: 0.05223062466454265, valid_loss: 0.05297683134158223, train_nll: 2.8823341170897727, valid_nll: 2.8683768950110236
[2021-09-24 19:37:12] epoch 44: train_loss: 0.05222640323696889, valid_loss: 0.05310616114666696, train_nll: 2.857207714021096, valid_nll: 2.9328686233338774
[2021-09-24 19:37:27] epoch 45: train_loss: 0.05104761878001673, valid_loss: 0.05183296489147093, train_nll: 2.812449299862862, valid_nll: 2.898414835953008
[2021-09-24 19:37:42] epoch 46: train_loss: 0.05018613895438934, valid_loss: 0.05196124928965734, train_nll: 2.7476583832649015, valid_nll: 2.8830444672478945
[2021-09-24 19:37:57] epoch 47: train_loss: 0.04976577138640953, valid_loss: 0.05141278504894648, train_nll: 2.7331341611247497, valid_nll: 2.8250894116577094
[2021-09-24 19:38:13] epoch 48: train_loss: 0.050345321215410056, valid_loss: 0.05137898144177619, train_nll: 2.767826515895374, valid_nll: 2.771919900686351
[2021-09-24 19:38:28] epoch 49: train_loss: 0.05030603090204535, valid_loss: 0.05141704053634164, train_nll: 2.760787585275831, valid_nll: 2.7573625753879756
[2021-09-24 19:38:43] epoch 50: train_loss: 0.05138050791369993, valid_loss: 0.05225796370923175, train_nll: 2.819841692691101, valid_nll: 2.8358581024694924
[2021-09-24 19:38:58] epoch 51: train_loss: 0.05134803204332889, valid_loss: 0.05270615476318177, train_nll: 2.8113092793409007, valid_nll: 2.8979756715805665
[2021-09-24 19:39:13] epoch 52: train_loss: 0.051068825762643766, valid_loss: 0.05293869886095124, train_nll: 2.797884193803947, valid_nll: 2.869707692284704
[2021-09-24 19:39:28] epoch 53: train_loss: 0.05064833111610124, valid_loss: 0.051219727499464345, train_nll: 2.7747543616854675, valid_nll: 2.8388921120958703
[2021-09-24 19:39:43] epoch 54: train_loss: 0.04994008421189332, valid_loss: 0.05163267938517077, train_nll: 2.7277566897133454, valid_nll: 2.851299267042351
[2021-09-24 19:39:59] epoch 55: train_loss: 0.04941873028954915, valid_loss: 0.050980777711193, train_nll: 2.7019817414742757, valid_nll: 2.9033357584061052
[2021-09-24 19:40:13] epoch 56: train_loss: 0.049225939961112714, valid_loss: 0.05048471803351634, train_nll: 2.698016076794882, valid_nll: 2.719864352999882
[2021-09-24 19:40:29] epoch 57: train_loss: 0.04862002060568814, valid_loss: 0.050272417486230764, train_nll: 2.666002724218635, valid_nll: 2.662516565242947
[2021-09-24 19:40:44] epoch 58: train_loss: 0.04893366019818556, valid_loss: 0.05029354481338766, train_nll: 2.6705473876995467, valid_nll: 2.750674056165482
[2021-09-24 19:40:59] epoch 59: train_loss: 0.04956450611513956, valid_loss: 0.05032545967684316, train_nll: 2.7077979838694857, valid_nll: 2.704409778260112
[2021-09-24 19:41:14] epoch 60: train_loss: 0.048916904443622664, valid_loss: 0.04993853888156786, train_nll: 2.667126430173163, valid_nll: 2.791871055801587
[2021-09-24 19:41:44] epoch 61: train_loss: 0.048746713630382715, valid_loss: 0.050986028023365604, train_nll: 2.661107049286618, valid_nll: 2.7896881507365356
[2021-09-24 19:41:59] epoch 62: train_loss: 0.04887762907704591, valid_loss: 0.0506482004171851, train_nll: 2.6668504884381874, valid_nll: 2.702081577820982
[2021-09-24 19:42:14] epoch 63: train_loss: 0.048445776436392016, valid_loss: 0.050235050337421414, train_nll: 2.64320486409781, valid_nll: 2.767356140917495
[2021-09-24 19:42:29] epoch 64: train_loss: 0.048370444955255956, valid_loss: 0.0500872891848487, train_nll: 2.6365367715856145, valid_nll: 2.7342327351816227
[2021-09-24 19:42:44] epoch 65: train_loss: 0.048160666666967895, valid_loss: 0.049502757254105086, train_nll: 2.624589772644062, valid_nll: 2.647738650153269
[2021-09-24 19:43:00] epoch 66: train_loss: 0.04810279681849205, valid_loss: 0.0502135922130994, train_nll: 2.6261488868564884, valid_nll: 2.694440851939319
[2021-09-24 19:43:15] epoch 67: train_loss: 0.04803464804059404, valid_loss: 0.05005733121854032, train_nll: 2.6247700399573968, valid_nll: 2.7801303242606425
[2021-09-24 19:43:30] epoch 68: train_loss: 0.04873704833786409, valid_loss: 0.05187714314142059, train_nll: 2.6633353995742177, valid_nll: 2.7291751856524145
[2021-09-24 19:43:45] epoch 69: train_loss: 0.04857571642867341, valid_loss: 0.04967198432611592, train_nll: 2.6550068996411462, valid_nll: 2.6819012810598135
[2021-09-24 19:44:00] epoch 70: train_loss: 0.04802902752764373, valid_loss: 0.04985380941474369, train_nll: 2.62407102626431, valid_nll: 2.7105400189777065
[2021-09-24 19:44:15] epoch 71: train_loss: 0.04789755676312087, valid_loss: 0.050187678620046965, train_nll: 2.6092358984124013, valid_nll: 2.714302939342201
[2021-09-24 19:44:31] epoch 72: train_loss: 0.04821600723120596, valid_loss: 0.050191130575244824, train_nll: 2.6310869559514405, valid_nll: 2.7314052462314895
[2021-09-24 19:44:46] epoch 73: train_loss: 0.0483374774498967, valid_loss: 0.0496644493773838, train_nll: 2.6422340034170304, valid_nll: 2.6659749852648695
[2021-09-24 19:45:01] epoch 74: train_loss: 0.048207958901209776, valid_loss: 0.050179898717327615, train_nll: 2.6389862105924045, valid_nll: 2.704993859397508
[2021-09-24 19:45:16] epoch 75: train_loss: 0.047820445379612685, valid_loss: 0.04934278244658702, train_nll: 2.6172760903773953, valid_nll: 2.704428583522909
[2021-09-24 19:45:31] epoch 76: train_loss: 0.047838148075861786, valid_loss: 0.05053866223965077, train_nll: 2.6148521040583854, valid_nll: 2.7061410992272794
[2021-09-24 19:45:46] epoch 77: train_loss: 0.04793519823830736, valid_loss: 0.049851040382778024, train_nll: 2.622343390093973, valid_nll: 2.619341593078963
[2021-09-24 19:46:02] epoch 78: train_loss: 0.04791111024552876, valid_loss: 0.04975810663160906, train_nll: 2.6215444918368656, valid_nll: 2.688154663974407
[2021-09-24 19:46:17] epoch 79: train_loss: 0.0486644075388996, valid_loss: 0.049611565027106015, train_nll: 2.660147846373781, valid_nll: 2.722670569838434
[2021-09-24 19:46:32] epoch 80: train_loss: 0.047724899057545817, valid_loss: 0.05010893639457019, train_nll: 2.610946907147096, valid_nll: 2.73739281962714
[2021-09-24 19:46:47] epoch 81: train_loss: 0.047809448044865206, valid_loss: 0.050093851531344345, train_nll: 2.6071649786617566, valid_nll: 2.7588963943165097
[2021-09-24 19:47:02] epoch 82: train_loss: 0.04786566482663627, valid_loss: 0.049672273229915284, train_nll: 2.6168460633485804, valid_nll: 2.7249195066905516
[2021-09-24 19:47:17] epoch 83: train_loss: 0.04752226447772439, valid_loss: 0.04991847529705894, train_nll: 2.5958761503166277, valid_nll: 2.7414802743098154
[2021-09-24 19:47:33] epoch 84: train_loss: 0.04736398648127098, valid_loss: 0.05022499777075183, train_nll: 2.5852721362545683, valid_nll: 2.7157823822600338
[2021-09-24 19:47:49] epoch 85: train_loss: 0.047294935035742065, valid_loss: 0.049309909763622144, train_nll: 2.5835406479269407, valid_nll: 2.7230220220874575
[2021-09-24 19:48:14] epoch 86: train_loss: 0.047751492078574403, valid_loss: 0.04937371854923364, train_nll: 2.5975207785425845, valid_nll: 2.6208834890021486
[2021-09-24 19:48:29] epoch 87: train_loss: 0.047426676450120095, valid_loss: 0.05044297648949086, train_nll: 2.594064545732949, valid_nll: 2.758157680462676
[2021-09-24 19:48:44] epoch 88: train_loss: 0.04837902593735058, valid_loss: 0.05154347362675074, train_nll: 2.658084973609096, valid_nll: 2.778621998683019
[2021-09-24 19:49:00] epoch 89: train_loss: 0.04883605756552659, valid_loss: 0.05033101864977379, train_nll: 2.668688624827326, valid_nll: 2.7452164026099677
[2021-09-24 19:49:16] epoch 90: train_loss: 0.04826861729721944, valid_loss: 0.04965449919159702, train_nll: 2.635406551230831, valid_nll: 2.705430356005924
[2021-09-24 19:49:31] epoch 91: train_loss: 0.047646938613817226, valid_loss: 0.05009045626300608, train_nll: 2.600376723803882, valid_nll: 2.679771162520225
[2021-09-24 19:49:46] epoch 92: train_loss: 0.047545740724425835, valid_loss: 0.049971599777826683, train_nll: 2.593313545551068, valid_nll: 2.740498358445069
[2021-09-24 19:50:01] epoch 93: train_loss: 0.0480169089798217, valid_loss: 0.04981887469746474, train_nll: 2.6248039226474176, valid_nll: 2.756311385495893
[2021-09-24 19:50:17] epoch 94: train_loss: 0.04741846045253729, valid_loss: 0.05068995878961734, train_nll: 2.5872925114779286, valid_nll: 2.7575372037142976
[2021-09-24 19:50:32] epoch 95: train_loss: 0.0476821615663961, valid_loss: 0.049591724034075794, train_nll: 2.6093544380253797, valid_nll: 2.7191836383619337
[2021-09-24 19:50:48] epoch 96: train_loss: 0.047398772556334734, valid_loss: 0.049679387576145935, train_nll: 2.5885701901076223, valid_nll: 2.7534616908682144
[2021-09-24 19:51:03] epoch 97: train_loss: 0.04750060202333786, valid_loss: 0.050401957501048984, train_nll: 2.594079123951231, valid_nll: 2.7659471458835543
[2021-09-24 19:51:19] epoch 98: train_loss: 0.048363327545245374, valid_loss: 0.05099328652541072, train_nll: 2.64608788000761, valid_nll: 2.7227544420239784
[2021-09-24 19:51:34] epoch 99: train_loss: 0.047973050071619, valid_loss: 0.04988803395818424, train_nll: 2.626282976002115, valid_nll: 2.742587376187749
[2021-09-24 19:51:49] epoch 100: train_loss: 0.047860675547755076, valid_loss: 0.04971128188590438, train_nll: 2.613546467582775, valid_nll: 2.669273065837091
[2021-09-24 19:52:05] epoch 101: train_loss: 0.04842251381683848, valid_loss: 0.05025701053612838, train_nll: 2.6398241742109634, valid_nll: 2.7086414190762675
[2021-09-24 19:52:20] epoch 102: train_loss: 0.04803404393565629, valid_loss: 0.05011947477785494, train_nll: 2.623923143456913, valid_nll: 2.786703866118106
[2021-09-24 19:52:35] epoch 103: train_loss: 0.04789292584616229, valid_loss: 0.049918925831083615, train_nll: 2.6131879021343853, valid_nll: 2.612056027459951
[2021-09-24 19:52:51] epoch 104: train_loss: 0.04754005652860408, valid_loss: 0.049716062434663665, train_nll: 2.5944505984234922, valid_nll: 2.7108644136311884
[2021-09-24 19:53:06] epoch 105: train_loss: 0.04738004245159219, valid_loss: 0.04951313609591109, train_nll: 2.5830804650792905, valid_nll: 2.6793887306216746
[2021-09-24 19:53:21] epoch 106: train_loss: 0.04729357138893403, valid_loss: 0.04935294972205093, train_nll: 2.5815821321105203, valid_nll: 2.7359713944349724
[2021-09-24 19:53:36] epoch 107: train_loss: 0.04693754073849715, valid_loss: 0.04971873968021374, train_nll: 2.5613183281385017, valid_nll: 2.681469806995905
[2021-09-24 19:53:52] epoch 108: train_loss: 0.04693489427267646, valid_loss: 0.049758299539199455, train_nll: 2.5621303121561816, valid_nll: 2.6924034317211794
[2021-09-24 19:54:07] epoch 109: train_loss: 0.04719993785581946, valid_loss: 0.04941892810165882, train_nll: 2.575972473444385, valid_nll: 2.6999261692015146
[2021-09-24 19:54:22] epoch 110: train_loss: 0.04705280439139099, valid_loss: 0.049610243141220485, train_nll: 2.572302877617276, valid_nll: 2.6821024867370364
[2021-09-24 19:54:38] epoch 111: train_loss: 0.04719026011659063, valid_loss: 0.049403096780697736, train_nll: 2.5774871845346548, valid_nll: 2.676753340873836
[2021-09-24 19:54:53] epoch 112: train_loss: 0.046982520108274924, valid_loss: 0.049308377947938235, train_nll: 2.556260565436223, valid_nll: 2.6214528945768043
[2021-09-24 19:55:08] epoch 113: train_loss: 0.04679347990987882, valid_loss: 0.04920821893163499, train_nll: 2.5508737451999663, valid_nll: 2.7743490686067465
[2021-09-24 19:55:23] epoch 114: train_loss: 0.04705570879330596, valid_loss: 0.05028132116691226, train_nll: 2.5708041397245087, valid_nll: 2.618206162151914
[2021-09-24 19:55:39] epoch 115: train_loss: 0.04703482419053785, valid_loss: 0.049968941653997914, train_nll: 2.56524485349079, valid_nll: 2.6781834360466794
[2021-09-24 19:55:54] epoch 116: train_loss: 0.0470470221248866, valid_loss: 0.050666935806501806, train_nll: 2.571646303464294, valid_nll: 2.806971264179972
[2021-09-24 19:56:09] epoch 117: train_loss: 0.048084106247990206, valid_loss: 0.04941075174622453, train_nll: 2.5992866034186917, valid_nll: 2.696810013510658
[2021-09-24 19:56:25] epoch 118: train_loss: 0.04730451486263993, valid_loss: 0.0495311063795076, train_nll: 2.582861995828793, valid_nll: 2.7416651301306145
[2021-09-24 19:56:40] epoch 119: train_loss: 0.047060395648665404, valid_loss: 0.04961597613688838, train_nll: 2.574738959294582, valid_nll: 2.714204691115801
[2021-09-24 19:56:55] epoch 120: train_loss: 0.04701800713643045, valid_loss: 0.049539965895042254, train_nll: 2.5737952454404214, valid_nll: 2.673805635618017
[2021-09-24 19:57:10] epoch 121: train_loss: 0.047142700246543295, valid_loss: 0.04988387782621935, train_nll: 2.5743858879976207, valid_nll: 2.6456899372869827
[2021-09-24 19:57:25] epoch 122: train_loss: 0.04707538386302267, valid_loss: 0.049592339460646485, train_nll: 2.564629766694839, valid_nll: 2.6848836107089964
[2021-09-24 19:57:40] epoch 123: train_loss: 0.04729108433762528, valid_loss: 0.04922938550354084, train_nll: 2.5843127657585514, valid_nll: 2.661872742951153
[2021-09-24 19:57:56] epoch 124: train_loss: 0.04678964529787687, valid_loss: 0.04918645006857511, train_nll: 2.554475320996952, valid_nll: 2.6753567228245747
[2021-09-24 19:58:11] epoch 125: train_loss: 0.04669993161425123, valid_loss: 0.049557304020561924, train_nll: 2.5521339137950556, valid_nll: 2.6813889441639516
[2021-09-24 19:58:26] epoch 126: train_loss: 0.04705894394490535, valid_loss: 0.04909440978414061, train_nll: 2.571712823401543, valid_nll: 2.669033646888548
[2021-09-24 19:58:41] epoch 127: train_loss: 0.04673413131708113, valid_loss: 0.04969592615316024, train_nll: 2.5557999628714456, valid_nll: 2.729528086712353
[2021-09-24 19:58:56] epoch 128: train_loss: 0.04689937569898814, valid_loss: 0.049251928537911764, train_nll: 2.5648490932961994, valid_nll: 2.7154277968101685
[2021-09-24 19:59:11] epoch 129: train_loss: 0.04693787123589248, valid_loss: 0.04968140739409221, train_nll: 2.5639855830686633, valid_nll: 2.699017489466522
[2021-09-24 19:59:26] epoch 130: train_loss: 0.04667009904400931, valid_loss: 0.04928777627431588, train_nll: 2.5466712737311594, valid_nll: 2.6827543961197255
[2021-09-24 19:59:41] epoch 131: train_loss: 0.04677266282933933, valid_loss: 0.04953491581183982, train_nll: 2.551200039845632, valid_nll: 2.720400507606806
[2021-09-24 19:59:57] epoch 132: train_loss: 0.0470810523202981, valid_loss: 0.04990405930647616, train_nll: 2.5726877937094996, valid_nll: 2.6679336329099623
[2021-09-24 20:00:12] epoch 133: train_loss: 0.04685670060242502, valid_loss: 0.04966954915983484, train_nll: 2.556517391019052, valid_nll: 2.6896575830137355
[2021-09-24 20:00:27] epoch 134: train_loss: 0.046942342465920564, valid_loss: 0.04948560206617923, train_nll: 2.564778869653547, valid_nll: 2.6942402150171363
[2021-09-24 20:00:42] epoch 135: train_loss: 0.046623107495446625, valid_loss: 0.049402886980100175, train_nll: 2.5498951970800543, valid_nll: 2.65683811694239
[2021-09-24 20:00:57] epoch 136: train_loss: 0.04684513965916823, valid_loss: 0.04950297423611487, train_nll: 2.557102594172422, valid_nll: 2.7045245873544204
[2021-09-24 20:01:13] epoch 137: train_loss: 0.046542855971345214, valid_loss: 0.04969529305837747, train_nll: 2.542017017314548, valid_nll: 2.742221873669988
[2021-09-24 20:01:28] epoch 138: train_loss: 0.0465418937259088, valid_loss: 0.04976755559358294, train_nll: 2.5487173118696074, valid_nll: 2.7532894748709618
[2021-09-24 20:01:43] epoch 139: train_loss: 0.04670129797316722, valid_loss: 0.05059089567619941, train_nll: 2.5530292335486005, valid_nll: 2.803658047992856
[2021-09-24 20:01:58] epoch 140: train_loss: 0.046676822852139345, valid_loss: 0.04999170115357534, train_nll: 2.5547242134271797, valid_nll: 2.7347921057635065
[2021-09-24 20:02:13] epoch 141: train_loss: 0.04635383868160569, valid_loss: 0.04981302854341234, train_nll: 2.532374500402048, valid_nll: 2.676401854297586
[2021-09-24 20:02:28] epoch 142: train_loss: 0.04690204886182799, valid_loss: 0.051547370894106825, train_nll: 2.5637500692682926, valid_nll: 2.801326951614602
[2021-09-24 20:02:44] epoch 143: train_loss: 0.04774995893508368, valid_loss: 0.04948412433180506, train_nll: 2.6064588409265745, valid_nll: 2.721145728825997
[2021-09-24 20:02:59] epoch 144: train_loss: 0.04670631503605791, valid_loss: 0.0499704406096067, train_nll: 2.5455327590284456, valid_nll: 2.7495972813832164
[2021-09-24 20:03:14] epoch 145: train_loss: 0.04687783309937554, valid_loss: 0.04971915161549356, train_nll: 2.562262989924337, valid_nll: 2.7435563220817927
[2021-09-24 20:03:29] epoch 146: train_loss: 0.04672597744971815, valid_loss: 0.049310498424089716, train_nll: 2.561983715310006, valid_nll: 2.7099760875861763
[2021-09-24 20:03:44] epoch 147: train_loss: 0.0465157052799952, valid_loss: 0.049439053831761975, train_nll: 2.5441803322271546, valid_nll: 2.746441400676874
[2021-09-24 20:03:59] epoch 148: train_loss: 0.04661704169221287, valid_loss: 0.049406142657719594, train_nll: 2.5498962316448153, valid_nll: 2.6822085087342464
[2021-09-24 20:04:14] epoch 149: train_loss: 0.04643948334980466, valid_loss: 0.049426674896668146, train_nll: 2.539144658792643, valid_nll: 2.724624577923183
[2021-09-24 20:04:29] epoch 150: train_loss: 0.04656610132117222, valid_loss: 0.04931156188680257, train_nll: 2.5515538105409945, valid_nll: 2.656792256776383
[2021-09-24 20:04:45] epoch 151: train_loss: 0.04648899142187551, valid_loss: 0.0493570773652351, train_nll: 2.540650165605603, valid_nll: 2.6880135645990495
[2021-09-24 20:05:00] epoch 152: train_loss: 0.04669518178323504, valid_loss: 0.04942548201780099, train_nll: 2.5591253035869728, valid_nll: 2.7040363609606755
[2021-09-24 20:05:15] epoch 153: train_loss: 0.04679167912118888, valid_loss: 0.04964486900394018, train_nll: 2.5613382128827262, valid_nll: 2.708684195849566
[2021-09-24 20:05:30] epoch 154: train_loss: 0.047249376437001424, valid_loss: 0.05069453075442011, train_nll: 2.585222262927635, valid_nll: 2.731309979425741
[2021-09-24 20:05:45] epoch 155: train_loss: 0.0476547601775022, valid_loss: 0.04980230262513795, train_nll: 2.6066621447452456, valid_nll: 2.6530319082616023
[2021-09-24 20:06:00] epoch 156: train_loss: 0.04745995180187505, valid_loss: 0.049921825054408495, train_nll: 2.599847266676848, valid_nll: 2.7499575489988186
[2021-09-24 20:06:15] epoch 157: train_loss: 0.04699807343414048, valid_loss: 0.04952223844438619, train_nll: 2.569868233823608, valid_nll: 2.700250818953411
[2021-09-24 20:06:30] epoch 158: train_loss: 0.04667508460967788, valid_loss: 0.04974126998830393, train_nll: 2.549521942920409, valid_nll: 2.6513856673272214
[2021-09-24 20:06:49] epoch 159: train_loss: 0.04670217441346614, valid_loss: 0.049896572000546265, train_nll: 2.552062904988549, valid_nll: 2.682589672881178
[2021-09-24 20:07:09] epoch 160: train_loss: 0.04670663857805712, valid_loss: 0.05017260244557623, train_nll: 2.554968857495825, valid_nll: 2.676089845042319
[2021-09-24 20:07:24] epoch 161: train_loss: 0.04714271224101184, valid_loss: 0.04948627907847394, train_nll: 2.5752067002173877, valid_nll: 2.6782807836881752
[2021-09-24 20:07:39] epoch 162: train_loss: 0.04745239083271377, valid_loss: 0.05012072015532179, train_nll: 2.5938480348153274, valid_nll: 2.761396004063051
[2021-09-24 20:07:54] epoch 163: train_loss: 0.04761537605418853, valid_loss: 0.050203231104105885, train_nll: 2.6061151431386045, valid_nll: 2.719203174592747
[2021-09-24 20:08:09] epoch 164: train_loss: 0.047615432089210756, valid_loss: 0.05036394761046233, train_nll: 2.604196705123772, valid_nll: 2.6997896434243787
[2021-09-24 20:08:25] epoch 165: train_loss: 0.04730924237546342, valid_loss: 0.05002828515161668, train_nll: 2.588484124236564, valid_nll: 2.669840727453985
[2021-09-24 20:08:40] epoch 166: train_loss: 0.04736422550104966, valid_loss: 0.05068477284098636, train_nll: 2.5921482250879944, valid_nll: 2.7458723955865363
[2021-09-24 20:08:55] epoch 167: train_loss: 0.04761522652457874, valid_loss: 0.04993275530377909, train_nll: 2.604940919596775, valid_nll: 2.654270939097091
[2021-09-24 20:09:11] epoch 168: train_loss: 0.04770480972910649, valid_loss: 0.05075489777016502, train_nll: 2.618067961506936, valid_nll: 2.6421771634660947
[2021-09-24 20:09:26] epoch 169: train_loss: 0.048273606487531054, valid_loss: 0.05148220464931747, train_nll: 2.636760430795654, valid_nll: 2.7729422247457145
[2021-09-24 20:09:41] epoch 170: train_loss: 0.04895567264869508, valid_loss: 0.052172384553217474, train_nll: 2.683419989885573, valid_nll: 2.819915484077982
[2021-09-24 20:09:56] epoch 171: train_loss: 0.0491779574061548, valid_loss: 0.05165123254749816, train_nll: 2.6914312957682287, valid_nll: 2.8263642023773934
[2021-09-24 20:10:11] epoch 172: train_loss: 0.04951168362437734, valid_loss: 0.05141354584797269, train_nll: 2.7123945863797037, valid_nll: 2.800701528043541
[2021-09-24 20:10:27] epoch 173: train_loss: 0.04989675195989674, valid_loss: 0.05250015471539746, train_nll: 2.7278499296888827, valid_nll: 2.870063021154618
[2021-09-24 20:10:42] epoch 174: train_loss: 0.05066761995802609, valid_loss: 0.05234690117138314, train_nll: 2.7671047414304972, valid_nll: 2.8703352377495683
[2021-09-24 20:10:57] epoch 175: train_loss: 0.05097280293756758, valid_loss: 0.05303200379530818, train_nll: 2.7999700564821133, valid_nll: 2.9559878860426516
[2021-09-24 20:11:12] epoch 176: train_loss: 0.05231844802099878, valid_loss: 0.05349175170107039, train_nll: 2.8897283894698744, valid_nll: 2.9128839022481183
[2021-09-24 20:11:28] epoch 177: train_loss: 0.05287668965112751, valid_loss: 0.055042634249767124, train_nll: 2.924838410415532, valid_nll: 3.0564500432630757
[2021-09-24 20:11:43] epoch 178: train_loss: 0.05323164440659264, valid_loss: 0.05388682688764065, train_nll: 2.9465565948390022, valid_nll: 2.963310470883942
[2021-09-24 20:11:58] epoch 179: train_loss: 0.0524869672900404, valid_loss: 0.05353216003260516, train_nll: 2.8972424788346167, valid_nll: 2.9593544019809315
[2021-09-24 20:12:13] epoch 180: train_loss: 0.05182761203239991, valid_loss: 0.05346142578159453, train_nll: 2.852599195839232, valid_nll: 2.9553690246932036
[2021-09-24 20:12:29] epoch 181: train_loss: 0.0527528918157694, valid_loss: 0.053418008707506806, train_nll: 2.9215732039068687, valid_nll: 2.887277442787416
[2021-09-24 20:12:44] epoch 182: train_loss: 0.05216871651549762, valid_loss: 0.053027773114470385, train_nll: 2.8748870644674627, valid_nll: 2.9138732065437227
[2021-09-24 20:12:59] epoch 183: train_loss: 0.05146359054838718, valid_loss: 0.0523858403496315, train_nll: 2.824736582936461, valid_nll: 2.9748656146264465
[2021-09-24 20:13:14] epoch 184: train_loss: 0.051335620677758875, valid_loss: 0.052364558412160485, train_nll: 2.7984851691677957, valid_nll: 2.852433787961336
[2021-09-24 20:13:30] epoch 185: train_loss: 0.050910543873154634, valid_loss: 0.052791751415140364, train_nll: 2.7800247660557202, valid_nll: 2.8097665679891257
[2021-09-24 20:13:45] epoch 186: train_loss: 0.050372008312096345, valid_loss: 0.05172289566626783, train_nll: 2.7527956986092863, valid_nll: 2.7439818514776375
[2021-09-24 20:14:00] epoch 187: train_loss: 0.05020906289057103, valid_loss: 0.052030961852886776, train_nll: 2.7419147088982143, valid_nll: 2.810819598762906
[2021-09-24 20:14:15] epoch 188: train_loss: 0.05029990395493483, valid_loss: 0.05185591603893076, train_nll: 2.75397491155745, valid_nll: 2.824069723054392
[2021-09-24 20:14:31] epoch 189: train_loss: 0.05036311967013892, valid_loss: 0.051364965543064765, train_nll: 2.7464895744861444, valid_nll: 2.7886569053000376
[2021-09-24 20:14:46] epoch 190: train_loss: 0.050228050110126266, valid_loss: 0.05214473274617181, train_nll: 2.740383843362053, valid_nll: 2.826901428195733
[2021-09-24 20:15:02] epoch 191: train_loss: 0.050173487310279, valid_loss: 0.051957397070320356, train_nll: 2.741383863906545, valid_nll: 2.795095916734585
[2021-09-24 20:15:17] epoch 192: train_loss: 0.05014604356633741, valid_loss: 0.051788364628577506, train_nll: 2.7477164035290356, valid_nll: 2.7410382203925376
[2021-09-24 20:15:32] epoch 193: train_loss: 0.05030905868675592, valid_loss: 0.0522004901243083, train_nll: 2.7503060829342068, valid_nll: 2.8892385219444408
[2021-09-24 20:15:48] epoch 194: train_loss: 0.0504817306292203, valid_loss: 0.05341651075320437, train_nll: 2.76397108550548, valid_nll: 2.771327887267124
[2021-09-24 20:16:03] epoch 195: train_loss: 0.05328305115284511, valid_loss: 0.0551256942051339, train_nll: 2.929408409453862, valid_nll: 3.0117522903933733
[2021-09-24 20:16:18] epoch 196: train_loss: 0.05467632094596751, valid_loss: 0.055435766503645505, train_nll: 3.0394527288651183, valid_nll: 3.0871961337015077
[2021-09-24 20:16:33] epoch 197: train_loss: 0.055282299838938696, valid_loss: 0.055793364397707705, train_nll: 3.0674233794293, valid_nll: 2.955142615090712
[2021-09-24 20:16:49] epoch 198: train_loss: 0.05464053776125915, valid_loss: 0.0548865601118934, train_nll: 3.0428060849072027, valid_nll: 3.0968780446904423
[2021-09-24 20:17:04] epoch 199: train_loss: 0.05447631790665024, valid_loss: 0.05541173000470062, train_nll: 3.033216530439695, valid_nll: 3.0771043670613913
[2021-09-24 20:17:19] epoch 200: train_loss: 0.05427533580306971, valid_loss: 0.05526683524767787, train_nll: 3.025864591054451, valid_nll: 2.976733535409868
[2021-09-24 20:17:34] epoch 201: train_loss: 0.054676368201865416, valid_loss: 0.05495694335657737, train_nll: 3.02125967719071, valid_nll: 3.031553041771955
[2021-09-24 20:17:50] epoch 202: train_loss: 0.05437681528468555, valid_loss: 0.0549452021890293, train_nll: 3.0128781285699944, valid_nll: 3.042471344101834
[2021-09-24 20:18:05] epoch 203: train_loss: 0.05410096549324326, valid_loss: 0.05493587085363493, train_nll: 2.9994444998047842, valid_nll: 2.9916110627284174
[2021-09-24 20:18:20] epoch 204: train_loss: 0.05391010614407252, valid_loss: 0.054563619562483935, train_nll: 2.9835465961710885, valid_nll: 2.953316710833468
[2021-09-24 20:18:35] epoch 205: train_loss: 0.05354563755544187, valid_loss: 0.05496523641265197, train_nll: 2.9594195884310643, valid_nll: 2.9864178355065114
[2021-09-24 20:18:50] epoch 206: train_loss: 0.05341143292570836, valid_loss: 0.05445368656877837, train_nll: 2.963942721616321, valid_nll: 2.921346174256098
[2021-09-24 20:19:05] epoch 207: train_loss: 0.05374191741671102, valid_loss: 0.055175388005772076, train_nll: 2.991018953506489, valid_nll: 3.1540057508336536
[2021-09-24 20:19:21] epoch 208: train_loss: 0.05375458114654341, valid_loss: 0.05469334470054318, train_nll: 2.9936850701464475, valid_nll: 3.0590506911645865
[2021-09-24 20:19:36] epoch 209: train_loss: 0.05332450060877058, valid_loss: 0.05418555121976516, train_nll: 2.961498607138844, valid_nll: 2.8814413887633066
[2021-09-24 20:19:51] epoch 210: train_loss: 0.053140606011884015, valid_loss: 0.054303048512322365, train_nll: 2.943694501621953, valid_nll: 3.0453621809210185
[2021-09-24 20:20:06] epoch 211: train_loss: 0.05363428220421248, valid_loss: 0.054248145657639975, train_nll: 2.9814209853048466, valid_nll: 2.9513774688411085
[2021-09-24 20:20:21] epoch 212: train_loss: 0.053622965250024704, valid_loss: 0.055056947051961985, train_nll: 2.9739177675030337, valid_nll: 3.1241799137904667
[2021-09-24 20:20:36] epoch 213: train_loss: 0.05368548440840901, valid_loss: 0.0543185643894824, train_nll: 2.9810280360220167, valid_nll: 3.098776432907313
[2021-09-24 20:20:51] epoch 214: train_loss: 0.05308527821776932, valid_loss: 0.054050035688573916, train_nll: 2.941743570907435, valid_nll: 3.0830476307374663
[2021-09-24 20:21:07] epoch 215: train_loss: 0.05273859875453824, valid_loss: 0.053678622824608245, train_nll: 2.91169953352353, valid_nll: 2.9260567290277066
[2021-09-24 20:21:22] epoch 216: train_loss: 0.05208561816105152, valid_loss: 0.05290213457680162, train_nll: 2.8661734380847146, valid_nll: 2.8687406535710225
[2021-09-24 20:21:37] epoch 217: train_loss: 0.05168004290493318, valid_loss: 0.05282786318418608, train_nll: 2.843844016463069, valid_nll: 2.9466798638477165
[2021-09-24 20:21:52] epoch 218: train_loss: 0.051280661625653416, valid_loss: 0.05241789877673105, train_nll: 2.8218314640936852, valid_nll: 2.8986428118193786
[2021-09-24 20:22:07] epoch 219: train_loss: 0.05091742795196923, valid_loss: 0.05194772784248253, train_nll: 2.8011254439868853, valid_nll: 2.8461621917603455
[2021-09-24 20:22:22] epoch 220: train_loss: 0.050766722336733544, valid_loss: 0.052045716069681794, train_nll: 2.7843143645966584, valid_nll: 2.823548224490805
[2021-09-24 20:22:37] epoch 221: train_loss: 0.050609326556389375, valid_loss: 0.051799731425984055, train_nll: 2.77171685282479, valid_nll: 2.855857060604491
[2021-09-24 20:22:52] epoch 222: train_loss: 0.05034078939707805, valid_loss: 0.05158612674715891, train_nll: 2.761625491847566, valid_nll: 2.791277277222487
[2021-09-24 20:23:07] epoch 223: train_loss: 0.050348450735705215, valid_loss: 0.05206724779540404, train_nll: 2.755606232169254, valid_nll: 2.79756424158851
[2021-09-24 20:23:22] epoch 224: train_loss: 0.050230620114900364, valid_loss: 0.05171966755148993, train_nll: 2.7523700618433176, valid_nll: 2.784419918523047
[2021-09-24 20:23:37] epoch 225: train_loss: 0.0500664132182897, valid_loss: 0.05201415006997268, train_nll: 2.740835032550135, valid_nll: 2.8169841926214607
[2021-09-24 20:23:52] epoch 226: train_loss: 0.050039317018704045, valid_loss: 0.051519646659235044, train_nll: 2.741692705911482, valid_nll: 2.8395683840502186
[2021-09-24 20:24:07] epoch 227: train_loss: 0.04999022786465261, valid_loss: 0.051751223538135514, train_nll: 2.736867714510621, valid_nll: 2.8353412713991895
[2021-09-24 20:24:22] epoch 228: train_loss: 0.04982835733431045, valid_loss: 0.05170522372889726, train_nll: 2.728757936612719, valid_nll: 2.7811365054365713
[2021-09-24 20:24:37] epoch 229: train_loss: 0.049851770555702515, valid_loss: 0.05112690406426185, train_nll: 2.7305205111213025, valid_nll: 2.788580902463074
[2021-09-24 20:24:53] epoch 230: train_loss: 0.04952178722896992, valid_loss: 0.051162538285544845, train_nll: 2.7162000833157456, valid_nll: 2.7686569425888297
[2021-09-24 20:25:08] epoch 231: train_loss: 0.04968305982874776, valid_loss: 0.05087141745395399, train_nll: 2.716551841798266, valid_nll: 2.783947118516004
[2021-09-24 20:25:23] epoch 232: train_loss: 0.04975489018382961, valid_loss: 0.05120883607494004, train_nll: 2.7261339834322653, valid_nll: 2.7851644451206985
[2021-09-24 20:25:39] epoch 233: train_loss: 0.049509571068074756, valid_loss: 0.05082723840726593, train_nll: 2.7082923664833825, valid_nll: 2.7173490987877833
[2021-09-24 20:25:54] epoch 234: train_loss: 0.04965547759687093, valid_loss: 0.051388019534377, train_nll: 2.720983797153067, valid_nll: 2.8659465014066896
[2021-09-24 20:26:09] epoch 235: train_loss: 0.04986175110225461, valid_loss: 0.05110061668247157, train_nll: 2.737701786104185, valid_nll: 2.7437761775396656
[2021-09-24 20:26:24] epoch 236: train_loss: 0.049951474284296936, valid_loss: 0.05097072580129425, train_nll: 2.730798546409649, valid_nll: 2.753789691563267
[2021-09-24 20:26:39] epoch 237: train_loss: 0.04978089557654662, valid_loss: 0.05105638320993826, train_nll: 2.7159270011233216, valid_nll: 2.7553165888439257
[2021-09-24 20:26:55] epoch 238: train_loss: 0.04945270960307774, valid_loss: 0.051280399299942686, train_nll: 2.7072835697079785, valid_nll: 2.810403532912461
[2021-09-24 20:27:10] epoch 239: train_loss: 0.049192509163031486, valid_loss: 0.05104163273996701, train_nll: 2.686273248523437, valid_nll: 2.9042020117074423
[2021-09-24 20:27:26] epoch 240: train_loss: 0.04926324038302005, valid_loss: 0.051366328633245015, train_nll: 2.69183349474892, valid_nll: 2.75497604693197
[2021-09-24 20:27:41] epoch 241: train_loss: 0.04910455756587237, valid_loss: 0.05057124080771656, train_nll: 2.682628206386895, valid_nll: 2.7178782008322107
[2021-09-24 20:27:56] epoch 242: train_loss: 0.04892901572337111, valid_loss: 0.050584425891324274, train_nll: 2.670486606846325, valid_nll: 2.6639384393814014
[2021-09-24 20:28:11] epoch 243: train_loss: 0.04877683506629051, valid_loss: 0.05024648998255674, train_nll: 2.6670741091253523, valid_nll: 2.699166443382637
[2021-09-24 20:28:27] epoch 244: train_loss: 0.048789969838683306, valid_loss: 0.05038653514374887, train_nll: 2.6573688797498303, valid_nll: 2.7550308796294103
[2021-09-24 20:28:42] epoch 245: train_loss: 0.04870716201125373, valid_loss: 0.050592224226693884, train_nll: 2.656020777575001, valid_nll: 2.757525935297134
[2021-09-24 20:28:57] epoch 246: train_loss: 0.04858264674886159, valid_loss: 0.05046863528776031, train_nll: 2.650903738667445, valid_nll: 2.718709190647982
[2021-09-24 20:29:13] epoch 247: train_loss: 0.04851829506166988, valid_loss: 0.0504661740336804, train_nll: 2.648033972717631, valid_nll: 2.745760067475752
[2021-09-24 20:29:29] epoch 248: train_loss: 0.04850690968613803, valid_loss: 0.050097561479045476, train_nll: 2.637766532618355, valid_nll: 2.7858004256603106
[2021-09-24 20:29:44] epoch 249: train_loss: 0.04838552436273363, valid_loss: 0.05015343728049987, train_nll: 2.6379385915227394, valid_nll: 2.7724038839655716
[2021-09-24 20:30:00] epoch 250: train_loss: 0.04818917256954424, valid_loss: 0.05037815858087788, train_nll: 2.626394940545649, valid_nll: 2.801996507547898
[2021-09-24 20:30:15] epoch 251: train_loss: 0.04819547794947148, valid_loss: 0.050198985942009555, train_nll: 2.627850590278091, valid_nll: 2.7103210408833776
[2021-09-24 20:30:30] epoch 252: train_loss: 0.048232202086683565, valid_loss: 0.05034374630864645, train_nll: 2.6275091690705263, valid_nll: 2.738561451377246
[2021-09-24 20:30:46] epoch 253: train_loss: 0.04839172850494469, valid_loss: 0.050420431797042746, train_nll: 2.631731150813455, valid_nll: 2.8332539434310986
[2021-09-24 20:31:01] epoch 254: train_loss: 0.04847800528083093, valid_loss: 0.05067766385658973, train_nll: 2.6504309440901324, valid_nll: 2.747403040256172
[2021-09-24 20:31:16] epoch 255: train_loss: 0.04870541038404968, valid_loss: 0.050442336837766485, train_nll: 2.661760351034216, valid_nll: 2.739945188639287
[2021-09-24 20:31:32] epoch 256: train_loss: 0.04837155798637987, valid_loss: 0.050382481500334135, train_nll: 2.643659392238674, valid_nll: 2.742064894923146
[2021-09-24 20:31:47] epoch 257: train_loss: 0.04846902970514483, valid_loss: 0.05128744479290323, train_nll: 2.6475419507577103, valid_nll: 2.6934500799864782
[2021-09-24 20:32:02] epoch 258: train_loss: 0.04854457559445148, valid_loss: 0.050249015212575826, train_nll: 2.6565515633507655, valid_nll: 2.714971898924058
[2021-09-24 20:32:17] epoch 259: train_loss: 0.04848220071994219, valid_loss: 0.04991507193213598, train_nll: 2.6441048933595077, valid_nll: 2.6549679679180698
[2021-09-24 20:32:32] epoch 260: train_loss: 0.04856933188230143, valid_loss: 0.05008129457905458, train_nll: 2.65009621067914, valid_nll: 2.6789239520799444
[2021-09-24 20:32:48] epoch 261: train_loss: 0.0484676399155485, valid_loss: 0.050446174575844945, train_nll: 2.6432170159823505, valid_nll: 2.6993908832080575
[2021-09-24 20:33:03] epoch 262: train_loss: 0.0484542992631623, valid_loss: 0.049979144298186194, train_nll: 2.6483392409884847, valid_nll: 2.7066094952529887
[2021-09-24 20:33:18] epoch 263: train_loss: 0.04815801905511049, valid_loss: 0.050214106669229576, train_nll: 2.6219272988017184, valid_nll: 2.7143267038797143
[2021-09-24 20:33:33] epoch 264: train_loss: 0.04797487757477362, valid_loss: 0.05023036636627479, train_nll: 2.6148964985476, valid_nll: 2.759754306774703
[2021-09-24 20:33:48] epoch 265: train_loss: 0.04789266276632245, valid_loss: 0.050029195629792404, train_nll: 2.6081584219026506, valid_nll: 2.746714493962285
[2021-09-24 20:34:03] epoch 266: train_loss: 0.04787791409779351, valid_loss: 0.04966505286364541, train_nll: 2.609954905000079, valid_nll: 2.6947452927140554
[2021-09-24 20:34:18] epoch 267: train_loss: 0.04799489490285258, valid_loss: 0.050362666885804576, train_nll: 2.6208325759308204, valid_nll: 2.668041954158317
[2021-09-24 20:34:33] epoch 268: train_loss: 0.04790648966973986, valid_loss: 0.050117013039271956, train_nll: 2.610481211927739, valid_nll: 2.799909705257542
[2021-09-24 20:34:48] epoch 269: train_loss: 0.04799569501764321, valid_loss: 0.04979212177282124, train_nll: 2.6164694887601025, valid_nll: 2.702871721938259
[2021-09-24 20:35:03] epoch 270: train_loss: 0.04779773047972224, valid_loss: 0.049851522571003504, train_nll: 2.6060563010531506, valid_nll: 2.7589600841116684
[2021-09-24 20:35:19] epoch 271: train_loss: 0.047765952113597125, valid_loss: 0.049749914707476, train_nll: 2.6017004827757413, valid_nll: 2.7257426402828586
[2021-09-24 20:35:34] epoch 272: train_loss: 0.04771519114829664, valid_loss: 0.04978440318665753, train_nll: 2.6057675975965777, valid_nll: 2.6808107975983755
[2021-09-24 20:35:49] epoch 273: train_loss: 0.04784319780885057, valid_loss: 0.05001306983862998, train_nll: 2.6043037153783892, valid_nll: 2.7913963149600374
[2021-09-24 20:36:04] epoch 274: train_loss: 0.04783432084331638, valid_loss: 0.04997392253939471, train_nll: 2.604774752045888, valid_nll: 2.7908749442821987
[2021-09-24 20:36:19] epoch 275: train_loss: 0.04774113331709368, valid_loss: 0.049929788702226786, train_nll: 2.6028353218409572, valid_nll: 2.6688797575921597
[2021-09-24 20:36:33] epoch 276: train_loss: 0.04783947005470737, valid_loss: 0.049977420597751704, train_nll: 2.6106073082927344, valid_nll: 2.713167957024896
[2021-09-24 20:36:49] epoch 277: train_loss: 0.048138533257248595, valid_loss: 0.05119307539452707, train_nll: 2.631335833198103, valid_nll: 2.7952381590046858
[2021-09-24 20:37:04] epoch 278: train_loss: 0.04884593229558351, valid_loss: 0.05041785055846837, train_nll: 2.658301429432066, valid_nll: 2.7356038763705044
[2021-09-24 20:37:19] epoch 279: train_loss: 0.04826818697251143, valid_loss: 0.05000918263817109, train_nll: 2.6300620476345626, valid_nll: 2.7059439852209306
[2021-09-24 20:37:34] epoch 280: train_loss: 0.04809969618530026, valid_loss: 0.05020679124345669, train_nll: 2.6305634755529232, valid_nll: 2.799183217617821
[2021-09-24 20:37:49] epoch 281: train_loss: 0.04824196582160869, valid_loss: 0.05027165382325305, train_nll: 2.631998734256, valid_nll: 2.7973100740477332
[2021-09-24 20:38:04] epoch 282: train_loss: 0.048264553538263276, valid_loss: 0.05054102228642199, train_nll: 2.6274012799477657, valid_nll: 2.7943207406345634
[2021-09-24 20:38:20] epoch 283: train_loss: 0.047995936929352945, valid_loss: 0.05042382883112555, train_nll: 2.6192670536247866, valid_nll: 2.7537633026755746
[2021-09-24 20:38:35] epoch 284: train_loss: 0.04803744754391677, valid_loss: 0.050366170187561496, train_nll: 2.616395092478477, valid_nll: 2.6834157673651076
[2021-09-24 20:38:50] epoch 285: train_loss: 0.047987607864646904, valid_loss: 0.04991079040000893, train_nll: 2.6140776028625226, valid_nll: 2.740991663585742
[2021-09-24 20:39:05] epoch 286: train_loss: 0.048002386531424884, valid_loss: 0.05070362621218483, train_nll: 2.6175365552656196, valid_nll: 2.7794556646763517
[2021-09-24 20:39:20] epoch 287: train_loss: 0.04804723177867424, valid_loss: 0.050355022460911315, train_nll: 2.626253672024677, valid_nll: 2.805158828647851
[2021-09-24 20:39:35] epoch 288: train_loss: 0.04835019558426583, valid_loss: 0.05019134231385468, train_nll: 2.6385371859733975, valid_nll: 2.7513709120041585
[2021-09-24 20:39:50] epoch 289: train_loss: 0.048410401974807386, valid_loss: 0.0502485797842803, train_nll: 2.6423398295704588, valid_nll: 2.755384517042028
[2021-09-24 20:40:05] epoch 290: train_loss: 0.04832939702818863, valid_loss: 0.05030216877429471, train_nll: 2.633751335634906, valid_nll: 2.7019042645670215
[2021-09-24 20:40:20] epoch 291: train_loss: 0.04842482626126805, valid_loss: 0.05080589451800192, train_nll: 2.642621732459951, valid_nll: 2.7666955178037425
[2021-09-24 20:40:35] epoch 292: train_loss: 0.04823674480175809, valid_loss: 0.05015567049513318, train_nll: 2.626907788869444, valid_nll: 2.8207027659102795
[2021-09-24 20:40:50] epoch 293: train_loss: 0.04812083539072564, valid_loss: 0.050383638805908966, train_nll: 2.6212562625630382, valid_nll: 2.758817470299814
[2021-09-24 20:41:05] epoch 294: train_loss: 0.04788975002947304, valid_loss: 0.050112473762276545, train_nll: 2.6108274525724697, valid_nll: 2.7219451375926806
[2021-09-24 20:41:20] epoch 295: train_loss: 0.04807038298842929, valid_loss: 0.05017413994609621, train_nll: 2.6225965488891534, valid_nll: 2.714198051489656
[2021-09-24 20:41:35] epoch 296: train_loss: 0.04794082678559233, valid_loss: 0.049844969451599726, train_nll: 2.6167847741929733, valid_nll: 2.7162335934699975
[2021-09-24 20:41:50] epoch 297: train_loss: 0.04775465012498479, valid_loss: 0.05048145586355573, train_nll: 2.6006420201242886, valid_nll: 2.7690979865452348
[2021-09-24 20:42:05] epoch 298: train_loss: 0.047799129775787035, valid_loss: 0.05020136840512298, train_nll: 2.6058292541727757, valid_nll: 2.7758568553815186
[2021-09-24 20:42:20] epoch 299: train_loss: 0.04783725315001753, valid_loss: 0.050323442033777345, train_nll: 2.611263376681155, valid_nll: 2.785100111185216
[2021-09-24 20:42:35] epoch 300: train_loss: 0.047701391265311574, valid_loss: 0.05023274343525399, train_nll: 2.6033591946261847, valid_nll: 2.7090892716026223
[2021-09-24 20:42:51] epoch 301: train_loss: 0.04770855624389751, valid_loss: 0.050053609858100125, train_nll: 2.60147940611664, valid_nll: 2.7665507595498076
[2021-09-24 20:43:06] epoch 302: train_loss: 0.0475949340081245, valid_loss: 0.050214156939115136, train_nll: 2.5979779683190714, valid_nll: 2.786851714495578
[2021-09-24 20:43:21] epoch 303: train_loss: 0.04762393360426086, valid_loss: 0.05006143122351583, train_nll: 2.601812893867932, valid_nll: 2.7043543623363493
[2021-09-24 20:43:36] epoch 304: train_loss: 0.0477653778606344, valid_loss: 0.049810609828702286, train_nll: 2.6013362215815574, valid_nll: 2.74325000811738
[2021-09-24 20:43:51] epoch 305: train_loss: 0.047698887658200795, valid_loss: 0.04985538940079984, train_nll: 2.6110481938049217, valid_nll: 2.678203556513439
[2021-09-24 20:44:06] epoch 306: train_loss: 0.04764005089962388, valid_loss: 0.049954808591676586, train_nll: 2.598293255812569, valid_nll: 2.706329642196137
[2021-09-24 20:44:21] epoch 307: train_loss: 0.04764193601863357, valid_loss: 0.05034159654697586, train_nll: 2.5918748606113997, valid_nll: 2.8229277904831895
[2021-09-24 20:44:36] epoch 308: train_loss: 0.04785407491978419, valid_loss: 0.04987860911369668, train_nll: 2.6098969375747525, valid_nll: 2.713005151062954
[2021-09-24 20:44:52] epoch 309: train_loss: 0.04781675948667466, valid_loss: 0.0499705776916763, train_nll: 2.608539850807113, valid_nll: 2.6986175614513908
[2021-09-24 20:45:07] epoch 310: train_loss: 0.04771488489212753, valid_loss: 0.04990149491784201, train_nll: 2.600644681434549, valid_nll: 2.72651437120812
[2021-09-24 20:45:22] epoch 311: train_loss: 0.04774631296018788, valid_loss: 0.050256216554025006, train_nll: 2.6015178173484057, valid_nll: 2.675056539299102
[2021-09-24 20:45:37] epoch 312: train_loss: 0.047852736520674885, valid_loss: 0.05037626086847286, train_nll: 2.6053431634340565, valid_nll: 2.7490875122985705
[2021-09-24 20:45:52] epoch 313: train_loss: 0.04781726823974755, valid_loss: 0.04989376011697543, train_nll: 2.6049746784539756, valid_nll: 2.710847753483554
[2021-09-24 20:46:08] epoch 314: train_loss: 0.04759184091676681, valid_loss: 0.05009045824408531, train_nll: 2.5930008030834117, valid_nll: 2.665276431574609
[2021-09-24 20:46:22] epoch 315: train_loss: 0.047598484172203956, valid_loss: 0.0507121234701548, train_nll: 2.5968250500307675, valid_nll: 2.883041352893373
[2021-09-24 20:46:37] epoch 316: train_loss: 0.04766371777087922, valid_loss: 0.05029475469292933, train_nll: 2.6000874112694308, valid_nll: 2.783968163125569
[2021-09-24 20:46:53] epoch 317: train_loss: 0.047566332632906584, valid_loss: 0.050064239015727374, train_nll: 2.6023477241550688, valid_nll: 2.7878895743176124
[2021-09-24 20:47:08] epoch 318: train_loss: 0.04756547575843351, valid_loss: 0.050033028824308705, train_nll: 2.593390667326054, valid_nll: 2.6463671778076066
[2021-09-24 20:47:23] epoch 319: train_loss: 0.0472941565010643, valid_loss: 0.05023867661682512, train_nll: 2.5818571938494306, valid_nll: 2.7286165675771987
[2021-09-24 20:47:39] epoch 320: train_loss: 0.04739628341827295, valid_loss: 0.050104462040986626, train_nll: 2.590847260552058, valid_nll: 2.761891883072687
[2021-09-24 20:47:54] epoch 321: train_loss: 0.0474310818192702, valid_loss: 0.05016647300796013, train_nll: 2.5925139131902672, valid_nll: 2.7769177979081014
[2021-09-24 20:48:09] epoch 322: train_loss: 0.047402369193947455, valid_loss: 0.049872999967781106, train_nll: 2.5816093734006067, valid_nll: 2.658825099021262
[2021-09-24 20:48:24] epoch 323: train_loss: 0.04729608988378637, valid_loss: 0.050159149647103565, train_nll: 2.5776797230319723, valid_nll: 2.8269212814485862
[2021-09-24 20:48:39] epoch 324: train_loss: 0.047399079296952626, valid_loss: 0.05022501796914663, train_nll: 2.589619043666222, valid_nll: 2.6642779972461756
[2021-09-24 20:48:55] epoch 325: train_loss: 0.04758393969816244, valid_loss: 0.05006693751481227, train_nll: 2.5940612223758577, valid_nll: 2.7652134889014555
[2021-09-24 20:49:10] epoch 326: train_loss: 0.04757080723394664, valid_loss: 0.05001912885103267, train_nll: 2.588724996989559, valid_nll: 2.7150711924481823
[2021-09-24 20:49:25] epoch 327: train_loss: 0.04738834276741709, valid_loss: 0.04975331510078011, train_nll: 2.5834750688067816, valid_nll: 2.742730834045545
[2021-09-24 20:49:40] epoch 328: train_loss: 0.047309058533192366, valid_loss: 0.04985971143738383, train_nll: 2.576239729616024, valid_nll: 2.6709138891273096
[2021-09-24 20:49:56] epoch 329: train_loss: 0.04735154812076593, valid_loss: 0.05055221154036894, train_nll: 2.5823718195830754, valid_nll: 2.780484035039295
[2021-09-24 20:50:11] epoch 330: train_loss: 0.047714443693490385, valid_loss: 0.05036499270512534, train_nll: 2.6163746752032346, valid_nll: 2.757115557333631
[2021-09-24 20:50:26] epoch 331: train_loss: 0.04743141927340361, valid_loss: 0.050128463149673674, train_nll: 2.588723234502985, valid_nll: 2.7495382025423796
[2021-09-24 20:50:42] epoch 332: train_loss: 0.047460128812210615, valid_loss: 0.05018983974062294, train_nll: 2.5921646588247245, valid_nll: 2.7368804817216534
[2021-09-24 20:50:56] epoch 333: train_loss: 0.047456906279092735, valid_loss: 0.05009800676967023, train_nll: 2.591217448390683, valid_nll: 2.7683583690776246
[2021-09-24 20:51:12] epoch 334: train_loss: 0.04750641972572685, valid_loss: 0.05025168498601183, train_nll: 2.5913633067299315, valid_nll: 2.744067162377854
[2021-09-24 20:51:27] epoch 335: train_loss: 0.047770932142324855, valid_loss: 0.05010675579697066, train_nll: 2.6088161614810357, valid_nll: 2.720025133318874
[2021-09-24 20:51:42] epoch 336: train_loss: 0.0475421641531913, valid_loss: 0.05105932937622759, train_nll: 2.600671882770168, valid_nll: 2.8000720642924466
[2021-09-24 20:51:57] epoch 337: train_loss: 0.047905620999408816, valid_loss: 0.04988921832056404, train_nll: 2.6162317582893366, valid_nll: 2.7536087483732934
[2021-09-24 20:52:13] epoch 338: train_loss: 0.047729776699836725, valid_loss: 0.05053184842529324, train_nll: 2.6048832002492155, valid_nll: 2.773239998297908
[2021-09-24 20:52:28] epoch 339: train_loss: 0.047648730146985833, valid_loss: 0.05023122695140067, train_nll: 2.5994498472222367, valid_nll: 2.7587547366188967
[2021-09-24 20:52:43] epoch 340: train_loss: 0.04765263548314099, valid_loss: 0.04997785624138193, train_nll: 2.5996844855816112, valid_nll: 2.703641882561144
[2021-09-24 20:52:58] epoch 341: train_loss: 0.047373377589202924, valid_loss: 0.049942889094697254, train_nll: 2.5869127974270265, valid_nll: 2.6696861495938027
[2021-09-24 20:53:13] epoch 342: train_loss: 0.047540128830906206, valid_loss: 0.049822039966810644, train_nll: 2.5959142734510863, valid_nll: 2.6781322201601356
[2021-09-24 20:53:28] epoch 343: train_loss: 0.04748578217707209, valid_loss: 0.049797493813699384, train_nll: 2.586119479021728, valid_nll: 2.6749848361156245
[2021-09-24 20:53:43] epoch 344: train_loss: 0.047311984936596684, valid_loss: 0.050418182561507804, train_nll: 2.5843355518652045, valid_nll: 2.722406833078244
[2021-09-24 20:53:58] epoch 345: train_loss: 0.04735215685816122, valid_loss: 0.05090840729330316, train_nll: 2.5821458178959564, valid_nll: 2.815247928870108
[2021-09-24 20:54:14] epoch 346: train_loss: 0.047568001040936544, valid_loss: 0.050001922994852066, train_nll: 2.624120335022902, valid_nll: 2.7110757051189407
[2021-09-24 20:54:29] epoch 347: train_loss: 0.047277535858056816, valid_loss: 0.05006514233402434, train_nll: 2.5812049595281668, valid_nll: 2.7957559832087897
[2021-09-24 20:54:44] epoch 348: train_loss: 0.047277694168132905, valid_loss: 0.05008103666191845, train_nll: 2.5743762632223137, valid_nll: 2.7469399269215065
[2021-09-24 20:55:00] epoch 349: train_loss: 0.04731950450350426, valid_loss: 0.0499313644569561, train_nll: 2.5799099059108364, valid_nll: 2.730263471161683
[2021-09-24 20:55:15] epoch 350: train_loss: 0.04725654620639658, valid_loss: 0.050523131116794025, train_nll: 2.5816051374895475, valid_nll: 2.761115150468487
[2021-09-24 20:55:30] epoch 351: train_loss: 0.04754618588319687, valid_loss: 0.0504275129817297, train_nll: 2.591729582804927, valid_nll: 2.75056076588271
[2021-09-24 20:55:46] epoch 352: train_loss: 0.047666146131420256, valid_loss: 0.051078707625755684, train_nll: 2.5977696681746982, valid_nll: 2.8496981085267
[2021-09-24 20:56:01] epoch 353: train_loss: 0.04745370884605761, valid_loss: 0.05071941364793419, train_nll: 2.5920793795924957, valid_nll: 2.753124272060857
[2021-09-24 20:56:17] epoch 354: train_loss: 0.04761496335348538, valid_loss: 0.05045158327745564, train_nll: 2.5999254314326277, valid_nll: 2.745513902890509
[2021-09-24 20:56:32] epoch 355: train_loss: 0.047761492299651376, valid_loss: 0.050090124776769926, train_nll: 2.599372982114578, valid_nll: 2.7617085702944077
[2021-09-24 20:56:47] epoch 356: train_loss: 0.04745492245867763, valid_loss: 0.050235256681897045, train_nll: 2.588797853484132, valid_nll: 2.6894270787114976
[2021-09-24 20:57:02] epoch 357: train_loss: 0.04756133553574683, valid_loss: 0.05024641952504312, train_nll: 2.598587927885296, valid_nll: 2.71971501508998
[2021-09-24 20:57:17] epoch 358: train_loss: 0.04769136598172681, valid_loss: 0.05111490913553734, train_nll: 2.6063071463935525, valid_nll: 2.8150904826672
[2021-09-24 20:57:32] epoch 359: train_loss: 0.047462993090762955, valid_loss: 0.050373045975245494, train_nll: 2.592306547138834, valid_nll: 2.7463872626009733
[2021-09-24 20:57:47] epoch 360: train_loss: 0.047284284993061414, valid_loss: 0.05002853776075247, train_nll: 2.5794054410841905, valid_nll: 2.7607427498607526
[2021-09-24 20:58:02] epoch 361: train_loss: 0.04741121098662187, valid_loss: 0.050992585697098275, train_nll: 2.587890834576583, valid_nll: 2.80577165076109
[2021-09-24 20:58:17] epoch 362: train_loss: 0.04850454371884164, valid_loss: 0.050475061671926794, train_nll: 2.6656814836612925, valid_nll: 2.7332454948946934
[2021-09-24 20:58:32] epoch 363: train_loss: 0.047862672069853424, valid_loss: 0.05043124945866579, train_nll: 2.617293084821503, valid_nll: 2.7313834393555547
[2021-09-24 20:58:48] epoch 364: train_loss: 0.0474907228554081, valid_loss: 0.05024941377557082, train_nll: 2.599494864671447, valid_nll: 2.7375975906244183
[2021-09-24 20:59:03] epoch 365: train_loss: 0.04747054378987862, valid_loss: 0.05016806441752208, train_nll: 2.5973918761896417, valid_nll: 2.7558810290861193
[2021-09-24 20:59:18] epoch 366: train_loss: 0.047283290735088954, valid_loss: 0.05010375046747268, train_nll: 2.58276928532587, valid_nll: 2.7907301829993907
[2021-09-24 20:59:33] epoch 367: train_loss: 0.04716367459579529, valid_loss: 0.049871929420556634, train_nll: 2.577444017831915, valid_nll: 2.7750251699345827
[2021-09-24 20:59:48] epoch 368: train_loss: 0.047013453105920845, valid_loss: 0.050111585635842615, train_nll: 2.5697820594551297, valid_nll: 2.6733486557511648
[2021-09-24 21:00:03] epoch 369: train_loss: 0.047315499467522934, valid_loss: 0.05005132144241664, train_nll: 2.5882413467052974, valid_nll: 2.7195500855515276
[2021-09-24 21:00:18] epoch 370: train_loss: 0.04718901294280885, valid_loss: 0.05018308629534837, train_nll: 2.581875097311904, valid_nll: 2.7050694664617336
[2021-09-24 21:00:33] epoch 371: train_loss: 0.047216828825268946, valid_loss: 0.05092080955991166, train_nll: 2.576633528159045, valid_nll: 2.7359006487119024
[2021-09-24 21:00:48] epoch 372: train_loss: 0.047389855636525306, valid_loss: 0.05020759035052592, train_nll: 2.586942166411815, valid_nll: 2.804179937617601
[2021-09-24 21:01:03] epoch 373: train_loss: 0.0474280925408564, valid_loss: 0.05015851836113227, train_nll: 2.5856999503871885, valid_nll: 2.745594508268258
[2021-09-24 21:01:18] epoch 374: train_loss: 0.04758939295550889, valid_loss: 0.05012071251093997, train_nll: 2.59647164608358, valid_nll: 2.7424603590525662
[2021-09-24 21:01:34] epoch 375: train_loss: 0.04741448115675525, valid_loss: 0.04998910356033055, train_nll: 2.5821860965761143, valid_nll: 2.7490390937445075
[2021-09-24 21:01:49] epoch 376: train_loss: 0.047255826004182315, valid_loss: 0.049898566688933124, train_nll: 2.575744230055679, valid_nll: 2.687678397927034
[2021-09-24 21:02:04] epoch 377: train_loss: 0.04725585584139575, valid_loss: 0.04983126018950016, train_nll: 2.5754386596752568, valid_nll: 2.691410934656898
[2021-09-24 21:02:19] epoch 378: train_loss: 0.04714820839824311, valid_loss: 0.050008274991646666, train_nll: 2.57466488457918, valid_nll: 2.7323343368685085
[2021-09-24 21:02:34] epoch 379: train_loss: 0.04717910487838197, valid_loss: 0.04994374793561208, train_nll: 2.5832726378262096, valid_nll: 2.7600480031273045
[2021-09-24 21:02:50] epoch 380: train_loss: 0.04727535103568512, valid_loss: 0.05019796604150637, train_nll: 2.5812234256284996, valid_nll: 2.7799464329676216
[2021-09-24 21:03:05] epoch 381: train_loss: 0.047122659387136744, valid_loss: 0.05013500986287015, train_nll: 2.5720585078288933, valid_nll: 2.7196524890551337
[2021-09-24 21:03:20] epoch 382: train_loss: 0.047129510739490774, valid_loss: 0.05064818969351708, train_nll: 2.574578306870134, valid_nll: 2.6910905731160786
[2021-09-24 21:03:35] epoch 383: train_loss: 0.04752842014285089, valid_loss: 0.050950586752739946, train_nll: 2.595501916990544, valid_nll: 2.8095022254543363
[2021-09-24 21:03:54] epoch 384: train_loss: 0.04740498053656102, valid_loss: 0.05083637630749989, train_nll: 2.5833011998912636, valid_nll: 2.7542881979519542
[2021-09-24 21:04:13] epoch 385: train_loss: 0.04749765611181213, valid_loss: 0.050375340581801584, train_nll: 2.597102822925414, valid_nll: 2.7491827632868717
[2021-09-24 21:04:28] epoch 386: train_loss: 0.047255483587468394, valid_loss: 0.05041143513483808, train_nll: 2.5857510077285464, valid_nll: 2.685842084779474
[2021-09-24 21:04:43] epoch 387: train_loss: 0.04720617843636175, valid_loss: 0.050589509093003464, train_nll: 2.582198121938174, valid_nll: 2.823486962842163
[2021-09-24 21:04:58] epoch 388: train_loss: 0.04720588339095458, valid_loss: 0.05025838171212659, train_nll: 2.5769492285587567, valid_nll: 2.701866462549345
[2021-09-24 21:05:13] epoch 389: train_loss: 0.047212192447861435, valid_loss: 0.05053148280850725, train_nll: 2.5777189600978567, valid_nll: 2.7772885195105728
[2021-09-24 21:05:28] epoch 390: train_loss: 0.04760640261893399, valid_loss: 0.05027705115519163, train_nll: 2.643075604670792, valid_nll: 2.8033398312306583
[2021-09-24 21:05:44] epoch 391: train_loss: 0.04735680759323476, valid_loss: 0.05000907510002225, train_nll: 2.585501726642428, valid_nll: 2.678029230401334
[2021-09-24 21:05:59] epoch 392: train_loss: 0.04716641658927805, valid_loss: 0.05035727791961907, train_nll: 2.5782391721254805, valid_nll: 2.9039000566278097
[2021-09-24 21:06:15] epoch 393: train_loss: 0.047327964126484025, valid_loss: 0.05050812605660775, train_nll: 2.5883282495595497, valid_nll: 2.7989459747462533
[2021-09-24 21:06:30] epoch 394: train_loss: 0.047292142203319225, valid_loss: 0.05026941659262759, train_nll: 2.5886766200680627, valid_nll: 2.783929915863562
[2021-09-24 21:06:45] epoch 395: train_loss: 0.047202629149926324, valid_loss: 0.05089832332006769, train_nll: 2.576287522404071, valid_nll: 2.7101670546630534
[2021-09-24 21:07:00] epoch 396: train_loss: 0.04746346224920679, valid_loss: 0.0505283671630428, train_nll: 2.589561050667433, valid_nll: 2.8013890714439253
[2021-09-24 21:07:15] epoch 397: train_loss: 0.04742239891774201, valid_loss: 0.05025548875504146, train_nll: 2.5832877897880446, valid_nll: 2.703119902743292
[2021-09-24 21:07:30] epoch 398: train_loss: 0.047240843494511305, valid_loss: 0.05028728025324772, train_nll: 2.578291155056982, valid_nll: 2.7814033151566853
[2021-09-24 21:07:45] epoch 399: train_loss: 0.04704424281542858, valid_loss: 0.05029212711432766, train_nll: 2.5671809523130307, valid_nll: 2.7078441227802266
[2021-09-24 21:08:01] epoch 400: train_loss: 0.04722345381524274, valid_loss: 0.05010791758150723, train_nll: 2.5765013589318744, valid_nll: 2.718051864630754
[2021-09-24 21:08:16] epoch 401: train_loss: 0.047111613344487005, valid_loss: 0.049916107875074264, train_nll: 2.568044240231479, valid_nll: 2.6735459410571085
[2021-09-24 21:08:31] epoch 402: train_loss: 0.0470798910616948, valid_loss: 0.050574069530460876, train_nll: 2.568426439463284, valid_nll: 2.688595596535594
[2021-09-24 21:08:46] epoch 403: train_loss: 0.047052817066234966, valid_loss: 0.0514089153121317, train_nll: 2.571556140655181, valid_nll: 2.851559655551717
[2021-09-24 21:09:01] epoch 404: train_loss: 0.04736217242056338, valid_loss: 0.05052264772269423, train_nll: 2.5847643111530765, valid_nll: 2.7693111067991927
[2021-09-24 21:09:17] epoch 405: train_loss: 0.04736234782322683, valid_loss: 0.05038816636869673, train_nll: 2.5885470448445767, valid_nll: 2.746537011427978
[2021-09-24 21:09:32] epoch 406: train_loss: 0.04770643421199162, valid_loss: 0.050906252568167755, train_nll: 2.6067165757446777, valid_nll: 2.769935922576406
[2021-09-24 21:09:47] epoch 407: train_loss: 0.047584825826094884, valid_loss: 0.05023330376844186, train_nll: 2.5927192305666105, valid_nll: 2.6939542365694655
[2021-09-24 21:10:02] epoch 408: train_loss: 0.04733329774108675, valid_loss: 0.0503327783218698, train_nll: 2.580087041982563, valid_nll: 2.774296948433343
[2021-09-24 21:10:17] epoch 409: train_loss: 0.0479023294719285, valid_loss: 0.05027595922523151, train_nll: 2.5929750612788567, valid_nll: 2.7307463768352007
[2021-09-24 21:10:33] epoch 410: train_loss: 0.04705396353774395, valid_loss: 0.0505659719121594, train_nll: 2.575008124647727, valid_nll: 2.7860037505390047
[2021-09-24 21:10:47] epoch 411: train_loss: 0.04736561508264167, valid_loss: 0.050591879518907194, train_nll: 2.585105815653342, valid_nll: 2.717163694067889
[2021-09-24 21:11:02] epoch 412: train_loss: 0.04762781027607856, valid_loss: 0.050674008087098946, train_nll: 2.625730437448082, valid_nll: 2.871984864963957
[2021-09-24 21:11:17] epoch 413: train_loss: 0.047253747696126745, valid_loss: 0.050373415435755874, train_nll: 2.5869724769294904, valid_nll: 2.7230388027169288
[2021-09-24 21:11:33] epoch 414: train_loss: 0.047436651253069, valid_loss: 0.050271202287922014, train_nll: 2.6013806973679197, valid_nll: 2.7100065593946647
[2021-09-24 21:11:48] epoch 415: train_loss: 0.04768740045717281, valid_loss: 0.05012714924193876, train_nll: 2.6142224595202745, valid_nll: 2.7655018557837527
[2021-09-24 21:12:03] epoch 416: train_loss: 0.047663588767941044, valid_loss: 0.05065148890104597, train_nll: 2.6121247855900105, valid_nll: 2.7603887392236737
[2021-09-24 21:12:18] epoch 417: train_loss: 0.04748936423425286, valid_loss: 0.05034892484976377, train_nll: 2.607508994241749, valid_nll: 2.707253797452882
[2021-09-24 21:12:34] epoch 418: train_loss: 0.047361238172508625, valid_loss: 0.05028359187131672, train_nll: 2.599713549311664, valid_nll: 2.742597071610204
[2021-09-24 21:12:49] epoch 419: train_loss: 0.047460197766314154, valid_loss: 0.05030663225347596, train_nll: 2.609968331566621, valid_nll: 2.743699156328293
[2021-09-24 21:13:03] epoch 420: train_loss: 0.04757064619431707, valid_loss: 0.049992311724348565, train_nll: 2.6113989956143713, valid_nll: 2.725054828995485
[2021-09-24 21:13:19] epoch 421: train_loss: 0.04729888573294285, valid_loss: 0.05016307127958088, train_nll: 2.5844355757926643, valid_nll: 2.6470085961838676
[2021-09-24 21:13:34] epoch 422: train_loss: 0.04719823691725559, valid_loss: 0.05053843245599311, train_nll: 2.5765289363860977, valid_nll: 2.7001850584187483
[2021-09-24 21:13:49] epoch 423: train_loss: 0.047702740083424434, valid_loss: 0.05015488912087644, train_nll: 2.5722616535649583, valid_nll: 2.7606891125585205
[2021-09-24 21:14:04] epoch 424: train_loss: 0.047133807770596545, valid_loss: 0.050225997419026544, train_nll: 2.5693289645994524, valid_nll: 2.6982551154030228
[2021-09-24 21:14:19] epoch 425: train_loss: 0.04734427848245723, valid_loss: 0.05015695114442379, train_nll: 2.583224246632162, valid_nll: 2.7482286585339586
[2021-09-24 21:14:35] epoch 426: train_loss: 0.04705439574254263, valid_loss: 0.050345908161360406, train_nll: 2.5686878201157155, valid_nll: 2.7238813722506987
[2021-09-24 21:14:50] epoch 427: train_loss: 0.047137145222747104, valid_loss: 0.0500432994927285, train_nll: 2.587595684113094, valid_nll: 2.6167617595926695
[2021-09-24 21:15:06] epoch 428: train_loss: 0.04692790023338383, valid_loss: 0.05000757895453128, train_nll: 2.56117928528961, valid_nll: 2.7064856786269367
[2021-09-24 21:15:21] epoch 429: train_loss: 0.04702468574723438, valid_loss: 0.05075936867839339, train_nll: 2.5773072532119303, valid_nll: 2.7548586121413168
[2021-09-24 21:15:37] epoch 430: train_loss: 0.04707233911052733, valid_loss: 0.050135415822612064, train_nll: 2.570323792277834, valid_nll: 2.7348841686947103
[2021-09-24 21:15:51] epoch 431: train_loss: 0.04709354161502262, valid_loss: 0.05081188410649754, train_nll: 2.5692330342262815, valid_nll: 2.7938811155368852
[2021-09-24 21:16:06] epoch 432: train_loss: 0.04740161491928337, valid_loss: 0.050148747064646955, train_nll: 2.6077613713652954, valid_nll: 2.6835083354450187
[2021-09-24 21:16:22] epoch 433: train_loss: 0.047369500587262234, valid_loss: 0.05060315343169119, train_nll: 2.584844921959542, valid_nll: 2.800105044344316
[2021-09-24 21:16:37] epoch 434: train_loss: 0.04791235381748087, valid_loss: 0.05081475261232756, train_nll: 2.6106701670168726, valid_nll: 2.8118630805097595
[2021-09-24 21:16:52] epoch 435: train_loss: 0.04824184943715202, valid_loss: 0.051059274831948255, train_nll: 2.624053716067116, valid_nll: 2.795417076551709
[2021-09-24 21:17:07] epoch 436: train_loss: 0.04794006469533363, valid_loss: 0.05072615513136621, train_nll: 2.600139403636433, valid_nll: 2.7665829867584675
[2021-09-24 21:17:22] epoch 437: train_loss: 0.04729545324563078, valid_loss: 0.05041309237221762, train_nll: 2.5864390438774176, valid_nll: 2.7299506171873924
[2021-09-24 21:17:37] epoch 438: train_loss: 0.047284902934983414, valid_loss: 0.0516136831716995, train_nll: 2.585833066439803, valid_nll: 2.9518822332179435
[2021-09-24 21:17:53] epoch 439: train_loss: 0.048011129389192254, valid_loss: 0.050585303067988745, train_nll: 2.621319364462821, valid_nll: 2.6999279229189783
[2021-09-24 21:18:08] epoch 440: train_loss: 0.047668430581152096, valid_loss: 0.05067382395439754, train_nll: 2.6038747711546915, valid_nll: 2.7917583918224413
[2021-09-24 21:18:23] epoch 441: train_loss: 0.04760589609754618, valid_loss: 0.0506325425698578, train_nll: 2.588452443619025, valid_nll: 2.813509474570498
[2021-09-24 21:18:38] epoch 442: train_loss: 0.04739200684271474, valid_loss: 0.050237844014443415, train_nll: 2.5901502387692177, valid_nll: 2.793433553109255
[2021-09-24 21:18:53] epoch 443: train_loss: 0.04761954948510062, valid_loss: 0.05012289436824749, train_nll: 2.5989042618518075, valid_nll: 2.751147567957679
[2021-09-24 21:19:08] epoch 444: train_loss: 0.04788990528121462, valid_loss: 0.050691701407205164, train_nll: 2.6039290939169937, valid_nll: 2.807285156721158
[2021-09-24 21:19:23] epoch 445: train_loss: 0.047371232043414965, valid_loss: 0.050016741984324646, train_nll: 2.5946164812608385, valid_nll: 2.6714175708503203
[2021-09-24 21:19:38] epoch 446: train_loss: 0.0473748509146767, valid_loss: 0.05043967690512624, train_nll: 2.5867432986886665, valid_nll: 2.760503844810994
[2021-09-24 21:19:53] epoch 447: train_loss: 0.04724153454391345, valid_loss: 0.0502173471657527, train_nll: 2.581526763287329, valid_nll: 2.7280271068248236
[2021-09-24 21:20:08] epoch 448: train_loss: 0.0472407993707559, valid_loss: 0.05015269186713792, train_nll: 2.585798326051867, valid_nll: 2.714082976191066
[2021-09-24 21:20:23] epoch 449: train_loss: 0.04739722475323622, valid_loss: 0.050444357915420755, train_nll: 2.584822703609779, valid_nll: 2.74015914452565
[2021-09-24 21:20:38] epoch 450: train_loss: 0.04739444808610406, valid_loss: 0.050293415806369285, train_nll: 2.584358076293954, valid_nll: 2.7370684084831276
[2021-09-24 21:20:54] epoch 451: train_loss: 0.04736054800075052, valid_loss: 0.05014942459374494, train_nll: 2.5818518435514384, valid_nll: 2.734540371080827
[2021-09-24 21:21:09] epoch 452: train_loss: 0.047309380870108476, valid_loss: 0.050221319337283944, train_nll: 2.5838095811884445, valid_nll: 2.7217035354997914
[2021-09-24 21:21:24] epoch 453: train_loss: 0.047283034393247166, valid_loss: 0.05008044893815683, train_nll: 2.583652068269802, valid_nll: 2.791802280192129
[2021-09-24 21:21:39] epoch 454: train_loss: 0.047251495725934206, valid_loss: 0.050199636748071354, train_nll: 2.5782500227784717, valid_nll: 2.7029662496989975
[2021-09-24 21:21:55] epoch 455: train_loss: 0.047296644052925385, valid_loss: 0.05040547611310303, train_nll: 2.5818524446904814, valid_nll: 2.782023061273589
[2021-09-24 21:22:09] epoch 456: train_loss: 0.04729723601980452, valid_loss: 0.05021014538286738, train_nll: 2.580059665775653, valid_nll: 2.787421149349339
[2021-09-24 21:22:25] epoch 457: train_loss: 0.047014861118037696, valid_loss: 0.04985790697567036, train_nll: 2.5691579173543357, valid_nll: 2.7240047883924325
[2021-09-24 21:22:40] epoch 458: train_loss: 0.047158646755596834, valid_loss: 0.05045477710018268, train_nll: 2.5905857350050314, valid_nll: 2.785275178025039
[2021-09-24 21:22:55] epoch 459: train_loss: 0.04809802279590229, valid_loss: 0.05012840734568635, train_nll: 2.588899663866508, valid_nll: 2.7030415495008846
[2021-09-24 21:23:10] epoch 460: train_loss: 0.04705997404940319, valid_loss: 0.05057784392783752, train_nll: 2.5712722508443284, valid_nll: 2.8199853379662256
[2021-09-24 21:23:25] epoch 461: train_loss: 0.04723588246932677, valid_loss: 0.050336486105457205, train_nll: 2.5860817910048706, valid_nll: 2.774851588588693
[2021-09-24 21:23:40] epoch 462: train_loss: 0.046990301544571386, valid_loss: 0.0501155294908609, train_nll: 2.5773512201319453, valid_nll: 2.7340795983919026
[2021-09-24 21:23:55] epoch 463: train_loss: 0.047050160192146424, valid_loss: 0.05150696310090881, train_nll: 2.571578269378527, valid_nll: 2.726167683376317
[2021-09-24 21:24:10] epoch 464: train_loss: 0.04690798184960565, valid_loss: 0.050214006570894594, train_nll: 2.561765299765948, valid_nll: 2.6938738014816868
[2021-09-24 21:24:25] epoch 465: train_loss: 0.04692099587213495, valid_loss: 0.05230818393860938, train_nll: 2.5656321231440957, valid_nll: 2.7085365679067404
[2021-09-24 21:24:40] epoch 466: train_loss: 0.047156598817514155, valid_loss: 0.05013130488940057, train_nll: 2.5794360731030164, valid_nll: 2.7653856476866627
[2021-09-24 21:24:56] epoch 467: train_loss: 0.04699326936096511, valid_loss: 0.04978738229915586, train_nll: 2.5813977294664014, valid_nll: 2.683905345645832
[2021-09-24 21:25:11] epoch 468: train_loss: 0.047032869779249864, valid_loss: 0.05022736029387209, train_nll: 2.5700344654925225, valid_nll: 2.743961669423794
[2021-09-24 21:25:26] epoch 469: train_loss: 0.04694684489525489, valid_loss: 0.05037834460852463, train_nll: 2.573235317153591, valid_nll: 2.698603770656106
[2021-09-24 21:25:41] epoch 470: train_loss: 0.04705783808925954, valid_loss: 0.05012512070293716, train_nll: 2.5777597413323368, valid_nll: 2.679993900455564
[2021-09-24 21:25:56] epoch 471: train_loss: 0.047455493825077154, valid_loss: 0.05021991520431, train_nll: 2.6138764956936313, valid_nll: 2.7219371743490375
[2021-09-24 21:26:11] epoch 472: train_loss: 0.046974683177767464, valid_loss: 0.05002219397897665, train_nll: 2.5713198235791315, valid_nll: 2.738656966887122
[2021-09-24 21:26:26] epoch 473: train_loss: 0.04715090214009115, valid_loss: 0.05068227833922888, train_nll: 2.5938756993798338, valid_nll: 2.8017575287955627
[2021-09-24 21:26:41] epoch 474: train_loss: 0.04819237363661615, valid_loss: 0.05072822212914511, train_nll: 2.578712671306988, valid_nll: 2.8446256778079295
[2021-09-24 21:26:57] epoch 475: train_loss: 0.0474697615097811, valid_loss: 0.05081363931039854, train_nll: 2.612942889408774, valid_nll: 2.833001071238339
[2021-09-24 21:27:12] epoch 476: train_loss: 0.04736340275673083, valid_loss: 0.050715822446553004, train_nll: 2.5825369484045666, valid_nll: 2.8139835564639
[2021-09-24 21:27:27] epoch 477: train_loss: 0.0474512931147338, valid_loss: 0.05023797745735659, train_nll: 2.5920575210281585, valid_nll: 2.7625730517050426
[2021-09-24 21:27:42] epoch 478: train_loss: 0.047039987500595945, valid_loss: 0.05051499397380848, train_nll: 2.573532654419233, valid_nll: 2.7139093675853188
[2021-09-24 21:27:57] epoch 479: train_loss: 0.047141814627214965, valid_loss: 0.05027079534840721, train_nll: 2.5769626883773067, valid_nll: 2.81933518465679
[2021-09-24 21:28:12] epoch 480: train_loss: 0.047037203513053634, valid_loss: 0.0505858266327767, train_nll: 2.5791127753894783, valid_nll: 2.787599835019307
[2021-09-24 21:28:28] epoch 481: train_loss: 0.04707258153218314, valid_loss: 0.05029102399772992, train_nll: 2.5779716484628015, valid_nll: 2.7102223433741504
[2021-09-24 21:28:43] epoch 482: train_loss: 0.04794695560474174, valid_loss: 0.051008829631643486, train_nll: 2.6067096010004116, valid_nll: 2.8020889023089652
[2021-09-24 21:28:58] epoch 483: train_loss: 0.04783342886039778, valid_loss: 0.05068846660628484, train_nll: 2.632941246699707, valid_nll: 2.8358792907822536
[2021-09-24 21:29:14] epoch 484: train_loss: 0.047299288062953124, valid_loss: 0.05085753483665472, train_nll: 2.5900303874046475, valid_nll: 2.7297048110187867
[2021-09-24 21:29:29] epoch 485: train_loss: 0.04754816577836914, valid_loss: 0.05013222785698885, train_nll: 2.6060995654946697, valid_nll: 2.7631495519098754
[2021-09-24 21:29:44] epoch 486: train_loss: 0.047483143034345476, valid_loss: 0.050251870292287344, train_nll: 2.6095283150966417, valid_nll: 2.7550002516656917
[2021-09-24 21:29:59] epoch 487: train_loss: 0.04760825282945069, valid_loss: 0.05031474161828529, train_nll: 2.592569376845669, valid_nll: 2.8042206167280805
[2021-09-24 21:30:14] epoch 488: train_loss: 0.04724517915940036, valid_loss: 0.050329628265920405, train_nll: 2.5744379809448983, valid_nll: 2.781422964128882
[2021-09-24 21:30:29] epoch 489: train_loss: 0.04740926408093498, valid_loss: 0.050233679182956674, train_nll: 2.5877924806027126, valid_nll: 2.73592788501095
[2021-09-24 21:30:44] epoch 490: train_loss: 0.04727953412470754, valid_loss: 0.050186455831190066, train_nll: 2.581971457965626, valid_nll: 2.8183615032880907
[2021-09-24 21:30:59] epoch 491: train_loss: 0.04734584788445609, valid_loss: 0.05062813987966218, train_nll: 2.6002407427860135, valid_nll: 2.8316648869457675
[2021-09-24 21:31:14] epoch 492: train_loss: 0.04748305408632979, valid_loss: 0.050844888315896765, train_nll: 2.596496935504651, valid_nll: 2.782352503375645
[2021-09-24 21:31:29] epoch 493: train_loss: 0.04779101976915464, valid_loss: 0.05088255794535827, train_nll: 2.6202872734735947, valid_nll: 2.7873420573984626
[2021-09-24 21:31:44] epoch 494: train_loss: 0.04785769383130482, valid_loss: 0.05081500987269286, train_nll: 2.6098895439159184, valid_nll: 2.828384550857712
[2021-09-24 21:31:59] epoch 495: train_loss: 0.047436537429078426, valid_loss: 0.05061228622849277, train_nll: 2.5808168241947285, valid_nll: 2.827274463857172
[2021-09-24 21:32:14] epoch 496: train_loss: 0.04756725502605698, valid_loss: 0.05057357940715172, train_nll: 2.620906396213049, valid_nll: 2.7945414502346204
[2021-09-24 21:32:29] epoch 497: train_loss: 0.04735947787756321, valid_loss: 0.05040967933876666, train_nll: 2.6075385444315446, valid_nll: 2.778220384258713
[2021-09-24 21:32:44] epoch 498: train_loss: 0.04719576273940138, valid_loss: 0.05076238487152695, train_nll: 2.5794420837993375, valid_nll: 2.7391273222571173
[2021-09-24 21:32:59] epoch 499: train_loss: 0.04703224631514862, valid_loss: 0.05101380429386748, train_nll: 2.565993163036438, valid_nll: 2.837253073484928
