------------ Configs ------------
building de vocab...
found previously built de vocab, loading...
there are 6702 tokens in de vocab
building it vocab...
found previously built it vocab, loading...
there are 7447 tokens in it vocab
building translation train de->it dataset...
found preprocessed train de->it dataset, loading...
taking 25000 subset of full data...
truncating all sequences to have max 50 tokens...
building de vocab...
found previously built de vocab, loading...
there are 6702 tokens in de vocab
building it vocab...
found previously built it vocab, loading...
there are 7447 tokens in it vocab
building translation valid de->it dataset...
found preprocessed valid de->it dataset, loading...
taking 5000 subset of full data...
truncating all sequences to have max 50 tokens...
model summary: 
=================================================================
                Kernel Shape     Output Shape   Params  Mult-Adds
Layer                                                            
0_src_embedding  [512, 6702]   [128, 50, 512]  3431424    3431424
1_enc                      -   [128, 50, 587]  4009797    4002753
2_tgt_embedding  [512, 7447]   [128, 50, 512]  3812864    3812864
3_dec                      -   [128, 50, 587]  4009797    4002753
4_mlp            [587, 7447]  [128, 50, 7447]  4378836    4371389
-----------------------------------------------------------------
                        Totals
Total params          19642718
Trainable params      19642718
Non-trainable params         0
Mult-Adds             19621183
=================================================================
rnn:  gru
num layers: 2
embedding dim:  512
data:  iwslt_de_it
max seq tokens:  50
train subset:  25000
valid subset:  5000
optimizer:  sgd
learning rate:  0.1
momentum:  0.9
weight decay:  0.0001
gradient clipping:  1.0
loss criterion:  ce
continue training:  False
save directory:  ./exp/translation/de_it/gru
log directory:  ./log/translation/de_it/gru
starting epoch:  0
ending epoch:  100
steps per epoch:  196
cuda:  True
---------------------------------
calculating bleu for 20 examples...
[2021-09-26 06:22:45] epoch 0: train_loss: 6.514955902586178, valid_loss: 5.891874372959137, train_nll: 0.09265540716677297, valid_nll: 0.05390423707787662, valid_bleu: 3.30488054370339e-155
calculating bleu for 20 examples...
[2021-09-26 06:27:03] epoch 1: train_loss: 5.676091408242985, valid_loss: 5.575819730758667, train_nll: 0.0508770255762217, valid_nll: 0.04254844953508977, valid_bleu: 0.00025285077504291255
calculating bleu for 20 examples...
[2021-09-26 06:31:04] epoch 2: train_loss: 5.3582823568460896, valid_loss: 5.365157842636108, train_nll: 0.03955247737339565, valid_nll: 0.03494158706653174, valid_bleu: 0.007796037894057232
calculating bleu for 20 examples...
[2021-09-26 06:35:19] epoch 3: train_loss: 5.1454392476957675, valid_loss: 5.230166077613831, train_nll: 0.031762993930115994, valid_nll: 0.030164003292738946, valid_bleu: 4.505704907819947e-155
calculating bleu for 20 examples...
[2021-09-26 06:39:33] epoch 4: train_loss: 4.990127434535903, valid_loss: 5.143321394920349, train_nll: 0.026277770986751634, valid_nll: 0.02675440715532069, valid_bleu: 4.390144155427152e-155
calculating bleu for 20 examples...
[2021-09-26 06:43:30] epoch 5: train_loss: 4.856613319747302, valid_loss: 5.039252519607544, train_nll: 0.022211967667560187, valid_nll: 0.023801072998616397, valid_bleu: 4.0707118025986376e-155
calculating bleu for 20 examples...
[2021-09-26 06:47:43] epoch 6: train_loss: 4.73943123768787, valid_loss: 4.993513584136963, train_nll: 0.01909999352726531, valid_nll: 0.021908809247181853, valid_bleu: 1.8016176563065755e-79
calculating bleu for 20 examples...
[2021-09-26 06:51:56] epoch 7: train_loss: 4.633453400767579, valid_loss: 4.91707569360733, train_nll: 0.016621396867401744, valid_nll: 0.020280942340355972, valid_bleu: 0.02285170349293563
calculating bleu for 20 examples...
[2021-09-26 06:55:52] epoch 8: train_loss: 4.5368138040815085, valid_loss: 4.873350203037262, train_nll: 0.014617150312151227, valid_nll: 0.018852270286987032, valid_bleu: 0.02212997620743625
calculating bleu for 20 examples...
[2021-09-26 06:59:47] epoch 9: train_loss: 4.44750901144378, valid_loss: 4.827412664890289, train_nll: 0.01293003125249123, valid_nll: 0.017934567825925212, valid_bleu: 0.026171621262187472
saving at epoch 9...
calculating bleu for 20 examples...
[2021-09-26 07:03:43] epoch 10: train_loss: 4.3662124750565505, valid_loss: 4.7905548214912415, train_nll: 0.01152702120099749, valid_nll: 0.016959781226790614, valid_bleu: 0.025399004401225778
calculating bleu for 20 examples...
[2021-09-26 07:07:38] epoch 11: train_loss: 4.291040354845475, valid_loss: 4.813775360584259, train_nll: 0.010339566035368005, valid_nll: 0.016590569873230206, valid_bleu: 0.01757362254453691
calculating bleu for 20 examples...
[2021-09-26 07:11:34] epoch 12: train_loss: 4.2182601811934495, valid_loss: 4.749468445777893, train_nll: 0.009325005482264927, valid_nll: 0.015497990099056516, valid_bleu: 0.02312491680305751
calculating bleu for 20 examples...
[2021-09-26 07:15:30] epoch 13: train_loss: 4.148534512033268, valid_loss: 4.767605841159821, train_nll: 0.008440896514581174, valid_nll: 0.015504304719287477, valid_bleu: 0.028278774233972525
calculating bleu for 20 examples...
[2021-09-26 07:19:42] epoch 14: train_loss: 4.0787020228347, valid_loss: 4.732785284519196, train_nll: 0.0076712745832887095, valid_nll: 0.015493990688438812, valid_bleu: 0.02990566437599191
calculating bleu for 20 examples...
[2021-09-26 07:23:39] epoch 15: train_loss: 4.010369585484875, valid_loss: 4.737630784511566, train_nll: 0.0069968091053865394, valid_nll: 0.01486858704293996, valid_bleu: 5.046594434744899e-155
calculating bleu for 20 examples...
[2021-09-26 07:27:32] epoch 16: train_loss: 3.9433600038898233, valid_loss: 4.741138339042664, train_nll: 0.006400117966009646, valid_nll: 0.014588996751775999, valid_bleu: 0.034703139659539785
calculating bleu for 20 examples...
[2021-09-26 07:31:28] epoch 17: train_loss: 3.8786789738402074, valid_loss: 4.753613591194153, train_nll: 0.0058647692612332734, valid_nll: 0.014403049011088088, valid_bleu: 0.02846134651164175
calculating bleu for 20 examples...
[2021-09-26 07:35:40] epoch 18: train_loss: 3.8106411768465627, valid_loss: 4.738947689533234, train_nll: 0.005379876847559092, valid_nll: 0.014428833304269167, valid_bleu: 0.028243241603055337
calculating bleu for 20 examples...
[2021-09-26 07:39:36] epoch 19: train_loss: 3.744488148056731, valid_loss: 4.75450724363327, train_nll: 0.004961111162146744, valid_nll: 0.014500434899048875, valid_bleu: 0.0031218607744129354
saving at epoch 19...
calculating bleu for 20 examples...
[2021-09-26 07:43:50] epoch 20: train_loss: 3.6790478168701637, valid_loss: 4.788093030452728, train_nll: 0.00457014626405677, valid_nll: 0.014586200160267898, valid_bleu: 0.030231437132246214
calculating bleu for 20 examples...
[2021-09-26 07:47:45] epoch 21: train_loss: 3.6138404267174855, valid_loss: 4.797345876693726, train_nll: 0.0042181085874596425, valid_nll: 0.014804556513274402, valid_bleu: 0.02143811129122981
calculating bleu for 20 examples...
[2021-09-26 07:51:57] epoch 22: train_loss: 3.5469857284000943, valid_loss: 4.817228853702545, train_nll: 0.003919051776205037, valid_nll: 0.015379205133238481, valid_bleu: 0.012413995469361668
calculating bleu for 20 examples...
[2021-09-26 07:55:53] epoch 23: train_loss: 3.479356050491333, valid_loss: 4.871955573558807, train_nll: 0.0036263482790577168, valid_nll: 0.014247940942168021, valid_bleu: 0.0317836778900535
calculating bleu for 20 examples...
[2021-09-26 07:59:49] epoch 24: train_loss: 3.4109958118321946, valid_loss: 4.862067222595215, train_nll: 0.003361753624896614, valid_nll: 0.015329471582286992, valid_bleu: 0.03217145890004185
calculating bleu for 20 examples...
[2021-09-26 08:03:45] epoch 25: train_loss: 3.341821985585349, valid_loss: 4.922178626060486, train_nll: 0.0031320783591757017, valid_nll: 0.016451721643125528, valid_bleu: 0.028448603697880055
calculating bleu for 20 examples...
[2021-09-26 08:07:40] epoch 26: train_loss: 3.272416681659465, valid_loss: 4.951427578926086, train_nll: 0.002912014524304137, valid_nll: 0.016385670686694553, valid_bleu: 0.0338743538295729
calculating bleu for 20 examples...
[2021-09-26 08:11:36] epoch 27: train_loss: 3.204809519709373, valid_loss: 4.983506441116333, train_nll: 0.002723023995769267, valid_nll: 0.016538142087986023, valid_bleu: 0.033000396894233376
calculating bleu for 20 examples...
[2021-09-26 08:15:32] epoch 28: train_loss: 3.136442925248827, valid_loss: 5.041305899620056, train_nll: 0.0025301727559615154, valid_nll: 0.01749645735384774, valid_bleu: 0.04171210395629789
calculating bleu for 20 examples...
[2021-09-26 08:19:45] epoch 29: train_loss: 3.0703845644483763, valid_loss: 5.063526749610901, train_nll: 0.0023782834531822982, valid_nll: 0.018361686751799645, valid_bleu: 0.020094697719900932
saving at epoch 29...
calculating bleu for 20 examples...
[2021-09-26 08:23:43] epoch 30: train_loss: 3.003473469189235, valid_loss: 5.134823560714722, train_nll: 0.0022264188622455206, valid_nll: 0.02093459835706339, valid_bleu: 0.028252612355887406
calculating bleu for 20 examples...
[2021-09-26 08:27:38] epoch 31: train_loss: 2.9386540262066587, valid_loss: 5.157871186733246, train_nll: 0.0020915677158200013, valid_nll: 0.019954834328461353, valid_bleu: 0.003176174369049615
calculating bleu for 20 examples...
[2021-09-26 08:31:32] epoch 32: train_loss: 2.8760047360342376, valid_loss: 5.228367984294891, train_nll: 0.001966611124859305, valid_nll: 0.02311279314418319, valid_bleu: 0.003418162356587951
calculating bleu for 20 examples...
[2021-09-26 08:35:28] epoch 33: train_loss: 2.8129045890302073, valid_loss: 5.287045538425446, train_nll: 0.0018526683219598264, valid_nll: 0.024194907671725493, valid_bleu: 0.019152058141771854
calculating bleu for 20 examples...
[2021-09-26 08:39:24] epoch 34: train_loss: 2.754450798034668, valid_loss: 5.3373982310295105, train_nll: 0.0017503693541701959, valid_nll: 0.022286999411272653, valid_bleu: 0.024578858634399223
calculating bleu for 20 examples...
[2021-09-26 08:43:38] epoch 35: train_loss: 2.697137267005687, valid_loss: 5.354246258735657, train_nll: 0.0016508786919644074, valid_nll: 0.024942807669651346, valid_bleu: 0.016009559139455183
calculating bleu for 20 examples...
[2021-09-26 08:47:34] epoch 36: train_loss: 2.639215743055149, valid_loss: 5.429872572422028, train_nll: 0.0015599964479390833, valid_nll: 0.02917748275566656, valid_bleu: 0.008569299494944038
calculating bleu for 20 examples...
[2021-09-26 08:51:31] epoch 37: train_loss: 2.586371607926427, valid_loss: 5.501278638839722, train_nll: 0.001473579455784389, valid_nll: 0.033225368403055726, valid_bleu: 0.016233395773754947
calculating bleu for 20 examples...
[2021-09-26 08:55:28] epoch 38: train_loss: 2.5321135022202315, valid_loss: 5.50932240486145, train_nll: 0.0013955645640042363, valid_nll: 0.034542047636592264, valid_bleu: 0.009842330616707699
calculating bleu for 20 examples...
[2021-09-26 08:59:25] epoch 39: train_loss: 2.4850218892097473, valid_loss: 5.597524106502533, train_nll: 0.0013210276342898, valid_nll: 0.03165240716935264, valid_bleu: 0.016009559139455183
saving at epoch 39...
calculating bleu for 20 examples...
[2021-09-26 09:03:23] epoch 40: train_loss: 2.4356849558499394, valid_loss: 5.613523960113525, train_nll: 0.00125549134974577, valid_nll: 0.03634625820680194, valid_bleu: 0.03458626843425433
calculating bleu for 20 examples...
[2021-09-26 09:07:36] epoch 41: train_loss: 2.386587989573576, valid_loss: 5.660742163658142, train_nll: 0.0011939659803740833, valid_nll: 0.03923871052060972, valid_bleu: 0.009842330616707699
calculating bleu for 20 examples...
[2021-09-26 09:11:32] epoch 42: train_loss: 2.3444266477409674, valid_loss: 5.709418058395386, train_nll: 0.0011341893830591318, valid_nll: 0.03991462273767324, valid_bleu: 5.22395033819456e-79
calculating bleu for 20 examples...
[2021-09-26 09:15:28] epoch 43: train_loss: 2.3002156700406755, valid_loss: 5.751489102840424, train_nll: 0.0010789844045833667, valid_nll: 0.0429546616130445, valid_bleu: 0.028841225809379378
calculating bleu for 20 examples...
[2021-09-26 09:19:23] epoch 44: train_loss: 2.2600430955692214, valid_loss: 5.805732190608978, train_nll: 0.0010263228620801654, valid_nll: 0.04140421807685183, valid_bleu: 0.01887955666314265
calculating bleu for 20 examples...
[2021-09-26 09:23:20] epoch 45: train_loss: 2.2213936180484537, valid_loss: 5.852521300315857, train_nll: 0.0009736560924685731, valid_nll: 0.04980239508822648, valid_bleu: 0.025288956984219013
calculating bleu for 20 examples...
[2021-09-26 09:27:16] epoch 46: train_loss: 2.182975103660506, valid_loss: 5.902348697185516, train_nll: 0.0009301242915951476, valid_nll: 0.048917310572807245, valid_bleu: 0.019856474216752358
calculating bleu for 20 examples...
[2021-09-26 09:31:11] epoch 47: train_loss: 2.147943583678226, valid_loss: 5.916345655918121, train_nll: 0.0008886989725852499, valid_nll: 0.05099633804114159, valid_bleu: 0.028891651537541363
calculating bleu for 20 examples...
[2021-09-26 09:35:06] epoch 48: train_loss: 2.1128499142977657, valid_loss: 5.94208300113678, train_nll: 0.0008478303594005351, valid_nll: 0.05476719853571384, valid_bleu: 0.03194150656878425
calculating bleu for 20 examples...
[2021-09-26 09:38:59] epoch 49: train_loss: 2.077064593835753, valid_loss: 6.031282126903534, train_nll: 0.0008112009213895214, valid_nll: 0.05897179199932009, valid_bleu: 0.004385922048917432
saving at epoch 49...
calculating bleu for 923 examples...
calculating bleu for 20 examples...
[2021-09-26 10:27:23] epoch 50: train_loss: 2.046357954035, valid_loss: 6.0113168358802795, train_nll: 0.0007725874553407942, valid_nll: 0.051693095619757795, valid_bleu: 0.022610476949331867
calculating bleu for 20 examples...
[2021-09-26 10:31:17] epoch 51: train_loss: 2.0129082208993485, valid_loss: 6.070923686027527, train_nll: 0.000739364115559325, valid_nll: 0.05955153428383413, valid_bleu: 0.032567235026215044
calculating bleu for 20 examples...
[2021-09-26 10:35:12] epoch 52: train_loss: 1.982843157588219, valid_loss: 6.081535279750824, train_nll: 0.0007138119520728828, valid_nll: 0.06490129925637861, valid_bleu: 0.02903834529673759
calculating bleu for 20 examples...
[2021-09-26 10:39:25] epoch 53: train_loss: 1.9594058017341458, valid_loss: 6.114422798156738, train_nll: 0.0006874395961177592, valid_nll: 0.07092886451391851, valid_bleu: 0.026212826820606057
calculating bleu for 20 examples...
[2021-09-26 10:43:18] epoch 54: train_loss: 1.9326140813681545, valid_loss: 6.101235270500183, train_nll: 0.000657991966811978, valid_nll: 0.06280867054600629, valid_bleu: 0.003656382659515063
calculating bleu for 20 examples...
[2021-09-26 10:47:13] epoch 55: train_loss: 1.9086083593417187, valid_loss: 6.162499487400055, train_nll: 0.0006399642295740088, valid_nll: 0.06134950693286476, valid_bleu: 0.019313764872540932
calculating bleu for 20 examples...
[2021-09-26 10:51:09] epoch 56: train_loss: 1.8842935799335947, valid_loss: 6.1580392718315125, train_nll: 0.0006160426460966772, valid_nll: 0.07555433855846848, valid_bleu: 0.02083669029306171
calculating bleu for 20 examples...
[2021-09-26 10:55:03] epoch 57: train_loss: 1.8626316919618724, valid_loss: 6.220106065273285, train_nll: 0.0005952622134344918, valid_nll: 0.06901950856945473, valid_bleu: 0.028837223103464916
calculating bleu for 20 examples...
[2021-09-26 10:58:57] epoch 58: train_loss: 1.843661649494755, valid_loss: 6.20866858959198, train_nll: 0.0005768327368522177, valid_nll: 0.07446911901176652, valid_bleu: 0.020321775088590368
calculating bleu for 20 examples...
[2021-09-26 11:02:53] epoch 59: train_loss: 1.8211496752135607, valid_loss: 6.246280789375305, train_nll: 0.00055767403100009, valid_nll: 0.08299860657976314, valid_bleu: 0.03411013645881086
saving at epoch 59...
calculating bleu for 20 examples...
[2021-09-26 11:06:50] epoch 60: train_loss: 1.8023248369596443, valid_loss: 6.241526246070862, train_nll: 0.0005419728097500412, valid_nll: 0.07355895517762867, valid_bleu: 0.016009559139455183
calculating bleu for 20 examples...
[2021-09-26 11:11:02] epoch 61: train_loss: 1.7848812803930165, valid_loss: 6.220224916934967, train_nll: 0.000527264206847366, valid_nll: 0.07038655696025715, valid_bleu: 0.03266575358938832
calculating bleu for 20 examples...
[2021-09-26 11:15:14] epoch 62: train_loss: 1.769750986780439, valid_loss: 6.233554303646088, train_nll: 0.0005151736460413252, valid_nll: 0.07555293246568373, valid_bleu: 0.022496505976828486
calculating bleu for 20 examples...
[2021-09-26 11:19:10] epoch 63: train_loss: 1.7504230275446055, valid_loss: 6.306631028652191, train_nll: 0.0005006311523184484, valid_nll: 0.08282647831322222, valid_bleu: 0.023574616168319712
calculating bleu for 20 examples...
[2021-09-26 11:23:22] epoch 64: train_loss: 1.735302249387819, valid_loss: 6.284976124763489, train_nll: 0.0004895101887536357, valid_nll: 0.08110568304698153, valid_bleu: 0.02227880086978834
calculating bleu for 20 examples...
[2021-09-26 11:27:18] epoch 65: train_loss: 1.7218268702224808, valid_loss: 6.335537254810333, train_nll: 0.00048026604170701943, valid_nll: 0.0886214925538818, valid_bleu: 0.020277624106771454
calculating bleu for 20 examples...
[2021-09-26 11:31:12] epoch 66: train_loss: 1.7129938742335962, valid_loss: 6.299724876880646, train_nll: 0.00047380101486128206, valid_nll: 0.07546782957069695, valid_bleu: 0.021007836409171626
calculating bleu for 20 examples...
[2021-09-26 11:35:06] epoch 67: train_loss: 1.7016685203630098, valid_loss: 6.334714651107788, train_nll: 0.00046372976955102416, valid_nll: 0.07739080548702244, valid_bleu: 0.023170456178792265
calculating bleu for 20 examples...
[2021-09-26 11:39:18] epoch 68: train_loss: 1.6887052624809498, valid_loss: 6.323617696762085, train_nll: 0.00045652418788598507, valid_nll: 0.0803703091483616, valid_bleu: 0.02272984326664551
calculating bleu for 20 examples...
[2021-09-26 11:43:12] epoch 69: train_loss: 1.67789854322161, valid_loss: 6.322388291358948, train_nll: 0.00044867408032319984, valid_nll: 0.08395611440800907, valid_bleu: 0.01953106517045045
saving at epoch 69...
calculating bleu for 20 examples...
[2021-09-26 11:47:07] epoch 70: train_loss: 1.667800663685312, valid_loss: 6.31517630815506, train_nll: 0.000443838900855405, valid_nll: 0.07891642404024762, valid_bleu: 0.019367399055164956
calculating bleu for 20 examples...
[2021-09-26 11:51:19] epoch 71: train_loss: 1.6610021858799213, valid_loss: 6.343599438667297, train_nll: 0.0004378548339921601, valid_nll: 0.08363419357109625, valid_bleu: 0.0036680490361359593
calculating bleu for 20 examples...
[2021-09-26 11:55:29] epoch 72: train_loss: 1.655365734684224, valid_loss: 6.307435572147369, train_nll: 0.0004330051621130668, valid_nll: 0.07628012490609934, valid_bleu: 0.020090668048811433
calculating bleu for 20 examples...
[2021-09-26 11:59:43] epoch 73: train_loss: 1.6497285883037411, valid_loss: 6.3825690150260925, train_nll: 0.0004314570427914055, valid_nll: 0.08444637398504627, valid_bleu: 0.021170058699929356
calculating bleu for 20 examples...
[2021-09-26 12:03:39] epoch 74: train_loss: 1.6420902098928178, valid_loss: 6.325799882411957, train_nll: 0.00042752117069400086, valid_nll: 0.07936068647547831, valid_bleu: 0.03217205829973803
calculating bleu for 20 examples...
[2021-09-26 12:07:53] epoch 75: train_loss: 1.639604387842879, valid_loss: 6.338661968708038, train_nll: 0.0004262603184641624, valid_nll: 0.08211465619330813, valid_bleu: 0.03114668080082944
calculating bleu for 20 examples...
[2021-09-26 12:11:49] epoch 76: train_loss: 1.6346320558567435, valid_loss: 6.346031606197357, train_nll: 0.0004261408098786179, valid_nll: 0.08927231375668065, valid_bleu: 0.022848319452195703
calculating bleu for 20 examples...
[2021-09-26 12:15:47] epoch 77: train_loss: 1.6293148586944657, valid_loss: 6.348555862903595, train_nll: 0.00042351463892021957, valid_nll: 0.08687428476142464, valid_bleu: 0.019733098420662214
calculating bleu for 20 examples...
[2021-09-26 12:19:46] epoch 78: train_loss: 1.6295588308451128, valid_loss: 6.335119426250458, train_nll: 0.00042243441956383844, valid_nll: 0.0790825854595515, valid_bleu: 0.01278407439320008
calculating bleu for 20 examples...
[2021-09-26 12:23:44] epoch 79: train_loss: 1.6253496250327752, valid_loss: 6.3247488141059875, train_nll: 0.0004211822461108772, valid_nll: 0.08447645899746858, valid_bleu: 0.022644529678966498
saving at epoch 79...
calculating bleu for 20 examples...
[2021-09-26 12:27:43] epoch 80: train_loss: 1.6251432694950882, valid_loss: 6.360698401927948, train_nll: 0.00041982219443029286, valid_nll: 0.08079139228260263, valid_bleu: 0.003905728840527951
calculating bleu for 20 examples...
[2021-09-26 12:31:40] epoch 81: train_loss: 1.6238571569627644, valid_loss: 6.30090868473053, train_nll: 0.00042113156571680184, valid_nll: 0.08206003002678555, valid_bleu: 0.013196960269632966
calculating bleu for 20 examples...
[2021-09-26 12:35:37] epoch 82: train_loss: 1.623834749265593, valid_loss: 6.338355481624603, train_nll: 0.00042380595075840855, valid_nll: 0.0858354331392387, valid_bleu: 0.014702598369793051
calculating bleu for 20 examples...
[2021-09-26 12:39:34] epoch 83: train_loss: 1.6236312492769591, valid_loss: 6.325232625007629, train_nll: 0.0004287510632008922, valid_nll: 0.08891801481756934, valid_bleu: 0.031653227303115504
calculating bleu for 20 examples...
[2021-09-26 12:43:32] epoch 84: train_loss: 1.6268018563182987, valid_loss: 6.31416130065918, train_nll: 0.00042813926570269527, valid_nll: 0.08306708366280648, valid_bleu: 0.024958442804325055
calculating bleu for 20 examples...
[2021-09-26 12:47:30] epoch 85: train_loss: 1.6251932905644786, valid_loss: 6.308240234851837, train_nll: 0.00043231231580151663, valid_nll: 0.08090773347255133, valid_bleu: 0.0033741371099866154
calculating bleu for 20 examples...
[2021-09-26 12:51:44] epoch 86: train_loss: 1.6287945362986351, valid_loss: 6.338428974151611, train_nll: 0.0004351832202989228, valid_nll: 0.08809354391024078, valid_bleu: 0.009111821689187219
calculating bleu for 20 examples...
[2021-09-26 12:55:58] epoch 87: train_loss: 1.6296803221410634, valid_loss: 6.311699628829956, train_nll: 0.00044219315640780393, valid_nll: 0.07277110963546693, valid_bleu: 0.004085138580445746
calculating bleu for 20 examples...
[2021-09-26 12:59:57] epoch 88: train_loss: 1.6352469318983507, valid_loss: 6.287122488021851, train_nll: 0.00044529690494342724, valid_nll: 0.07505460830115225, valid_bleu: 0.003589000531086215
calculating bleu for 20 examples...
[2021-09-26 13:03:55] epoch 89: train_loss: 1.6424946997846877, valid_loss: 6.257966220378876, train_nll: 0.00045473968486396633, valid_nll: 0.06942459999374827, valid_bleu: 0.023374473593966324
saving at epoch 89...
calculating bleu for 20 examples...
[2021-09-26 13:07:52] epoch 90: train_loss: 1.643893039348174, valid_loss: 6.306876122951508, train_nll: 0.00045813541217726105, valid_nll: 0.08608545831890183, valid_bleu: 0.012926381455366653
calculating bleu for 20 examples...
[2021-09-26 13:11:49] epoch 91: train_loss: 1.6499953750444918, valid_loss: 6.234952032566071, train_nll: 0.0004617288819137885, valid_nll: 0.06920072410576547, valid_bleu: 0.02193874472395246
calculating bleu for 20 examples...
[2021-09-26 13:15:43] epoch 92: train_loss: 1.655646521217969, valid_loss: 6.271339654922485, train_nll: 0.00046948578192263234, valid_nll: 0.08646199591505019, valid_bleu: 0.016233395773754947
calculating bleu for 20 examples...
[2021-09-26 13:19:40] epoch 93: train_loss: 1.658627369574138, valid_loss: 6.242582559585571, train_nll: 0.0004767048218692997, valid_nll: 0.08012168099319754, valid_bleu: 0.019411797847947526
calculating bleu for 20 examples...
[2021-09-26 13:23:38] epoch 94: train_loss: 1.6631030391673653, valid_loss: 6.230367720127106, train_nll: 0.00048155899437106383, valid_nll: 0.07199860636144628, valid_bleu: 0.007802358371001648
calculating bleu for 20 examples...
[2021-09-26 13:27:54] epoch 95: train_loss: 1.668621940272195, valid_loss: 6.213969647884369, train_nll: 0.0004887488589968, valid_nll: 0.07493094485188126, valid_bleu: 0.018121739903545944
calculating bleu for 20 examples...
[2021-09-26 13:32:09] epoch 96: train_loss: 1.6769299397663193, valid_loss: 6.238677263259888, train_nll: 0.0004967201774947498, valid_nll: 0.07483919566623298, valid_bleu: 0.019602722657808925
calculating bleu for 20 examples...
[2021-09-26 13:36:06] epoch 97: train_loss: 1.6804549645404427, valid_loss: 6.232806742191315, train_nll: 0.0005062744677374344, valid_nll: 0.0745233403259455, valid_bleu: 0.014300226907948655
calculating bleu for 20 examples...
[2021-09-26 13:40:17] epoch 98: train_loss: 1.691099567072732, valid_loss: 6.186487197875977, train_nll: 0.0005183862882730912, valid_nll: 0.0719340691519113, valid_bleu: 0.024958175735770787
calculating bleu for 20 examples...
[2021-09-26 13:44:08] epoch 99: train_loss: 1.7034316239308338, valid_loss: 6.1723334193229675, train_nll: 0.0005277063291900012, valid_nll: 0.07043886342539879, valid_bleu: 0.015925177647011353
saving at epoch 99...
calculating bleu for 923 examples...
