------------ Configs ------------
building en vocab...
found previously built en vocab, loading...
there are 6079 tokens in en vocab
building de vocab...
found previously built de vocab, loading...
there are 6624 tokens in de vocab
building translation train en->de dataset...
found preprocessed train en->de dataset, loading...
taking 25000 subset of full data...
truncating all sequences to have max 50 tokens...
building en vocab...
found previously built en vocab, loading...
there are 6079 tokens in en vocab
building de vocab...
found previously built de vocab, loading...
there are 6624 tokens in de vocab
building translation valid en->de dataset...
found preprocessed valid en->de dataset, loading...
taking 5000 subset of full data...
truncating all sequences to have max 50 tokens...
model summary: 
=================================================================
                Kernel Shape     Output Shape   Params  Mult-Adds
Layer                                                            
0_src_embedding  [512, 6079]   [128, 50, 512]  3112448    3112448
1_enc                      -   [128, 50, 587]  4009797    4002753
2_tgt_embedding  [512, 6624]   [128, 50, 512]  3391488    3391488
3_dec                      -   [128, 50, 587]  4009797    4002753
4_mlp            [587, 6624]  [128, 50, 6624]  3894912    3888288
-----------------------------------------------------------------
                        Totals
Total params          18418442
Trainable params      18418442
Non-trainable params         0
Mult-Adds             18397730
=================================================================
rnn:  gru
num layers: 2
embedding dim:  512
data:  iwslt_en_de
max seq tokens:  50
train subset:  25000
valid subset:  5000
optimizer:  adamw
learning rate:  0.001
weight decay:  0.001
gradient clipping:  1.0
loss criterion:  ce
continue training:  False
save directory:  ./exp/translation/en_de/gru_adamw
log directory:  ./log/translation/en_de/gru_adamw
starting epoch:  0
ending epoch:  100
steps per epoch:  196
cuda:  True
---------------------------------
calculating bleu for 20 examples...
[2021-09-26 07:12:40] epoch 0: train_loss: 5.517354013968487, valid_loss: 4.803603989737375, train_nll: 0.1706744294458506, valid_nll: 0.09838267735072545, valid_bleu: 1.4407184301018693e-78
calculating bleu for 20 examples...
[2021-09-26 07:16:23] epoch 1: train_loss: 4.458010551880817, valid_loss: 4.335786206381662, train_nll: 0.06120927419857103, valid_nll: 0.051629245138755726, valid_bleu: 0.015476978650323159
calculating bleu for 20 examples...
[2021-09-26 07:20:14] epoch 2: train_loss: 3.8942927572191977, valid_loss: 4.1365654809134345, train_nll: 0.02372325908427336, valid_nll: 0.036809588469308756, valid_bleu: 0.004214341303207767
calculating bleu for 20 examples...
[2021-09-26 07:23:56] epoch 3: train_loss: 3.423100551780389, valid_loss: 4.0779290199279785, train_nll: 0.00962622338742626, valid_nll: 0.030564123358132977, valid_bleu: 0.010857437136921232
calculating bleu for 20 examples...
[2021-09-26 07:27:39] epoch 4: train_loss: 2.9803498545471503, valid_loss: 4.107659782682147, train_nll: 0.004050038230662443, valid_nll: 0.027479356736640627, valid_bleu: 0.02921280515402831
calculating bleu for 20 examples...
[2021-09-26 07:31:21] epoch 5: train_loss: 2.5527501763129723, valid_loss: 4.193545273372105, train_nll: 0.0017549035174801693, valid_nll: 0.025853073581612096, valid_bleu: 0.032951510529391444
calculating bleu for 20 examples...
[2021-09-26 07:35:03] epoch 6: train_loss: 2.147652017218726, valid_loss: 4.333533491407122, train_nll: 0.0007967867694582258, valid_nll: 0.024936078641975293, valid_bleu: 0.013423802007159424
calculating bleu for 20 examples...
[2021-09-26 07:38:45] epoch 7: train_loss: 1.7744693172221282, valid_loss: 4.481942926134382, train_nll: 0.0003849664393866414, valid_nll: 0.02570273565400017, valid_bleu: 0.03028895238182397
calculating bleu for 20 examples...
[2021-09-26 07:42:27] epoch 8: train_loss: 1.444182456147914, valid_loss: 4.6595370428902765, train_nll: 0.00018577803375769634, valid_nll: 0.02596083474654576, valid_bleu: 0.014793367189399113
calculating bleu for 20 examples...
[2021-09-26 07:46:10] epoch 9: train_loss: 1.1582867381524067, valid_loss: 4.873454707009452, train_nll: 9.173777737206007e-05, valid_nll: 0.027114884470683463, valid_bleu: 0.017541903713453065
saving at epoch 9...
calculating bleu for 20 examples...
[2021-09-26 07:49:54] epoch 10: train_loss: 0.9114306851917383, valid_loss: 5.0732325826372415, train_nll: 4.485278898224244e-05, valid_nll: 0.028701698764717565, valid_bleu: 0.011910815115286098
calculating bleu for 20 examples...
[2021-09-26 07:53:37] epoch 11: train_loss: 0.7128318837102579, valid_loss: 5.272621154785156, train_nll: 2.6010963676535353e-05, valid_nll: 0.029981363299664908, valid_bleu: 0.01943622504042658
calculating bleu for 20 examples...
[2021-09-26 07:57:19] epoch 12: train_loss: 0.5466497172506488, valid_loss: 5.4492155483790805, train_nll: 1.4721276406286368e-05, valid_nll: 0.03121458657810543, valid_bleu: 0.03327401659456165
calculating bleu for 20 examples...
[2021-09-26 08:01:03] epoch 13: train_loss: 0.41352421440640275, valid_loss: 5.663141999925886, train_nll: 7.000039855961047e-06, valid_nll: 0.032969978895010285, valid_bleu: 0.023229958829618015
calculating bleu for 20 examples...
[2021-09-26 08:04:45] epoch 14: train_loss: 0.30805122958762304, valid_loss: 5.8238871438162665, train_nll: 4.951074803748571e-06, valid_nll: 0.03413763254919261, valid_bleu: 0.01842033917762543
calculating bleu for 20 examples...
[2021-09-26 08:08:28] epoch 15: train_loss: 0.23085951386969916, valid_loss: 5.9907306262425015, train_nll: 3.0262111038995944e-06, valid_nll: 0.03582720678504457, valid_bleu: 0.02144815103681464
calculating bleu for 20 examples...
[2021-09-26 08:12:10] epoch 16: train_loss: 0.1693121811413035, valid_loss: 6.12547983442034, train_nll: 6.143941731912009e-06, valid_nll: 0.036328730764667826, valid_bleu: 0.01959704201316726
calculating bleu for 20 examples...
[2021-09-26 08:15:52] epoch 17: train_loss: 0.12475963921419211, valid_loss: 6.272305761064802, train_nll: 1.7974766114327524e-06, valid_nll: 0.03705130168720518, valid_bleu: 0.048700114191096225
calculating bleu for 20 examples...
[2021-09-26 08:19:34] epoch 18: train_loss: 0.09044603505456934, valid_loss: 6.407712595803397, train_nll: 1.1924728764249582e-06, valid_nll: 0.03931072113772135, valid_bleu: 0.07372020414981015
calculating bleu for 20 examples...
[2021-09-26 08:23:16] epoch 19: train_loss: 0.066355693838274, valid_loss: 6.54102577481951, train_nll: 6.797445196397781e-07, valid_nll: 0.040594748307466726, valid_bleu: 0.07467777778462388
saving at epoch 19...
calculating bleu for 20 examples...
[2021-09-26 08:26:59] epoch 20: train_loss: 0.04884405591886262, valid_loss: 6.6548389707292825, train_nll: 4.874181411227886e-07, valid_nll: 0.04254141693760485, valid_bleu: 0.09065508537783186
calculating bleu for 20 examples...
[2021-09-26 08:30:41] epoch 21: train_loss: 0.037660229761077434, valid_loss: 6.761589322771345, train_nll: 3.980659051943461e-07, valid_nll: 0.04281032609246982, valid_bleu: 0.05440381364554755
calculating bleu for 20 examples...
[2021-09-26 08:34:24] epoch 22: train_loss: 0.030895002148285205, valid_loss: 6.856220381600516, train_nll: 1.7545781502047583e-07, valid_nll: 0.044290586437541656, valid_bleu: 0.06137320796607507
calculating bleu for 20 examples...
[2021-09-26 08:38:05] epoch 23: train_loss: 0.025317764764993776, valid_loss: 6.959591729300363, train_nll: 1.543641834233517e-07, valid_nll: 0.044788198581533545, valid_bleu: 0.0716477619018475
calculating bleu for 20 examples...
[2021-09-26 08:41:47] epoch 24: train_loss: 0.0221289867649273, valid_loss: 7.0442425182887485, train_nll: 1.0296992807504192e-07, valid_nll: 0.04589670689409764, valid_bleu: 0.09213704338347335
calculating bleu for 20 examples...
[2021-09-26 08:45:28] epoch 25: train_loss: 0.022008338581998736, valid_loss: 7.115902968815395, train_nll: 4.9125157796768284e-08, valid_nll: 0.0476540672272789, valid_bleu: 0.06273142065717108
calculating bleu for 20 examples...
[2021-09-26 08:49:15] epoch 26: train_loss: 0.0237444743124426, valid_loss: 7.189282076699393, train_nll: 5.3394364349143724e-08, valid_nll: 0.048870359849658034, valid_bleu: 0.07607871182647118
calculating bleu for 20 examples...
[2021-09-26 08:52:58] epoch 27: train_loss: 0.6310365887415804, valid_loss: 6.658128670283726, train_nll: 4.327405950391115e-06, valid_nll: 0.03945403985403811, valid_bleu: 0.04212670220539745
calculating bleu for 20 examples...
[2021-09-26 08:56:40] epoch 28: train_loss: 1.1690382185030956, valid_loss: 6.3613395009722025, train_nll: 9.997760800226611e-06, valid_nll: 0.035262342278714956, valid_bleu: 0.007683738355708417
calculating bleu for 20 examples...
[2021-09-26 09:00:22] epoch 29: train_loss: 0.6822214944630253, valid_loss: 6.4372726167951315, train_nll: 1.882509564245867e-06, valid_nll: 0.03754186165597996, valid_bleu: 1.4153102971146693e-78
saving at epoch 29...
calculating bleu for 20 examples...
[2021-09-26 09:04:05] epoch 30: train_loss: 0.3845334790494977, valid_loss: 6.606422628675189, train_nll: 7.859273426405781e-07, valid_nll: 0.03899000812747238, valid_bleu: 0.06579029001419631
calculating bleu for 20 examples...
[2021-09-26 09:07:46] epoch 31: train_loss: 0.2002209489594917, valid_loss: 6.767242363521031, train_nll: 2.9912989384646775e-07, valid_nll: 0.0399094886870962, valid_bleu: 0.025094524533650325
calculating bleu for 20 examples...
[2021-09-26 09:11:27] epoch 32: train_loss: 0.1023683139332095, valid_loss: 6.92618329184396, train_nll: 3.4396371724732637e-07, valid_nll: 0.03995108950727673, valid_bleu: 0.04342575684953371
calculating bleu for 20 examples...
[2021-09-26 09:15:08] epoch 33: train_loss: 0.05357088222719577, valid_loss: 7.067257744925363, train_nll: 1.0015002809651806e-07, valid_nll: 0.04135513165392054, valid_bleu: 0.07783582100153401
calculating bleu for 20 examples...
[2021-09-26 09:18:50] epoch 34: train_loss: 0.031173737966740618, valid_loss: 7.184956754956927, train_nll: 4.662874219715042e-08, valid_nll: 0.04243740945161321, valid_bleu: 0.04374824806414789
calculating bleu for 20 examples...
[2021-09-26 09:22:32] epoch 35: train_loss: 0.02196926411659438, valid_loss: 7.294888087681362, train_nll: 2.544405457860082e-08, valid_nll: 0.04318352573210318, valid_bleu: 0.08080527885958054
calculating bleu for 20 examples...
[2021-09-26 09:26:15] epoch 36: train_loss: 0.016989745641583388, valid_loss: 7.37801810673305, train_nll: 1.6424947900991447e-08, valid_nll: 0.043704682883367665, valid_bleu: 0.08362559693317513
calculating bleu for 20 examples...
[2021-09-26 09:29:56] epoch 37: train_loss: 0.014068460795192085, valid_loss: 7.442281586783273, train_nll: 9.761519789449545e-09, valid_nll: 0.044212808414381376, valid_bleu: 0.06578578691508113
calculating bleu for 20 examples...
[2021-09-26 09:33:38] epoch 38: train_loss: 0.011851290288400285, valid_loss: 7.506937503814697, train_nll: 6.26368939201395e-09, valid_nll: 0.044945745438331845, valid_bleu: 0.07635510796363529
calculating bleu for 20 examples...
[2021-09-26 09:37:21] epoch 39: train_loss: 0.010373820755060534, valid_loss: 7.556832790374756, train_nll: 3.924734649001021e-09, valid_nll: 0.04529248030883991, valid_bleu: 0.07497138833579109
saving at epoch 39...
calculating bleu for 20 examples...
[2021-09-26 09:41:04] epoch 40: train_loss: 0.009213728675789828, valid_loss: 7.62418270111084, train_nll: 1.777458475217196e-09, valid_nll: 0.04624816086564482, valid_bleu: 0.026911793515114413
calculating bleu for 20 examples...
[2021-09-26 09:44:49] epoch 41: train_loss: 0.008273913230442879, valid_loss: 7.6690985815865655, train_nll: 6.970560096404813e-10, valid_nll: 0.04685700836153586, valid_bleu: 0.02531834480427182
calculating bleu for 20 examples...
[2021-09-26 09:48:30] epoch 42: train_loss: 0.007795088891206043, valid_loss: 7.708876882280622, train_nll: 2.701336047570461e-10, valid_nll: 0.0473529305785078, valid_bleu: 0.06688547172529466
calculating bleu for 20 examples...
[2021-09-26 09:52:12] epoch 43: train_loss: 0.007679147700475035, valid_loss: 7.762808050428118, train_nll: 2.7441503187228776e-10, valid_nll: 0.04743891451415342, valid_bleu: 0.02397884590887161
calculating bleu for 20 examples...
[2021-09-26 09:55:53] epoch 44: train_loss: 0.008420806354367915, valid_loss: 7.828564507620675, train_nll: 2.3216215788401407e-10, valid_nll: 0.0490946390103233, valid_bleu: 0.03237321465457875
calculating bleu for 20 examples...
[2021-09-26 09:59:34] epoch 45: train_loss: 0.010203594327619185, valid_loss: 7.873563289642334, train_nll: 6.212313086506333e-09, valid_nll: 0.04942175578843103, valid_bleu: 0.04472841910912808
calculating bleu for 20 examples...
[2021-09-26 10:03:29] epoch 46: train_loss: 0.1021716714247453, valid_loss: 7.73672798701695, train_nll: 7.294112577217691e-08, valid_nll: 0.04986821774459758, valid_bleu: 0.010723032564682619
calculating bleu for 20 examples...
[2021-09-26 10:07:17] epoch 47: train_loss: 1.2643252036401205, valid_loss: 7.093109335218157, train_nll: 4.195394469710181e-06, valid_nll: 0.04378656421345064, valid_bleu: 0.021042178195238292
calculating bleu for 20 examples...
[2021-09-26 10:10:58] epoch 48: train_loss: 0.8174242848644451, valid_loss: 7.060330595288958, train_nll: 2.831727518164632e-06, valid_nll: 0.0438526067297168, valid_bleu: 0.05017399416119177
calculating bleu for 20 examples...
[2021-09-26 10:14:41] epoch 49: train_loss: 0.49634209351272, valid_loss: 7.1669657570975165, train_nll: 4.451861984075937e-07, valid_nll: 0.04470476794711893, valid_bleu: 0.02695037862178108
saving at epoch 49...
calculating bleu for 888 examples...
calculating bleu for 20 examples...
[2021-09-26 11:01:24] epoch 50: train_loss: 0.3056041640894754, valid_loss: 7.256069728306362, train_nll: 1.343955610308164e-07, valid_nll: 0.04472401537073735, valid_bleu: 0.05008738355535538
calculating bleu for 20 examples...
[2021-09-26 11:05:20] epoch 51: train_loss: 0.1700530376817499, valid_loss: 7.394707066672189, train_nll: 1.1825497957702005e-07, valid_nll: 0.04501925498427966, valid_bleu: 0.05185128519474504
calculating bleu for 20 examples...
[2021-09-26 11:09:01] epoch 52: train_loss: 0.08952816921685423, valid_loss: 7.51073557989938, train_nll: 8.103420390175508e-08, valid_nll: 0.04504883694810932, valid_bleu: 0.05710589424328123
calculating bleu for 20 examples...
[2021-09-26 11:12:42] epoch 53: train_loss: 0.04571667435217877, valid_loss: 7.643956116267613, train_nll: 3.720447361789708e-08, valid_nll: 0.04552214275850358, valid_bleu: 0.07926719087785901
calculating bleu for 20 examples...
[2021-09-26 11:16:23] epoch 54: train_loss: 0.025205306727819298, valid_loss: 7.763330527714321, train_nll: 1.3701980861135465e-08, valid_nll: 0.04610354112645111, valid_bleu: 0.07982884973697343
calculating bleu for 20 examples...
[2021-09-26 11:20:03] epoch 55: train_loss: 0.01627756969775168, valid_loss: 7.849392822810581, train_nll: 3.6814803918458174e-09, valid_nll: 0.04683321191668839, valid_bleu: 0.07720961554277263
calculating bleu for 20 examples...
[2021-09-26 11:23:44] epoch 56: train_loss: 0.012437002239178638, valid_loss: 7.8996783665248325, train_nll: 2.152745986171683e-09, valid_nll: 0.04687806424202124, valid_bleu: 0.0892963766653468
calculating bleu for 20 examples...
[2021-09-26 11:27:25] epoch 57: train_loss: 0.010304098830045181, valid_loss: 7.968972682952881, train_nll: 9.64511316669858e-10, valid_nll: 0.04734871294989834, valid_bleu: 0.07446200803081526
calculating bleu for 20 examples...
[2021-09-26 11:31:08] epoch 58: train_loss: 0.008716553561294414, valid_loss: 8.006397111075264, train_nll: 5.518121026019806e-10, valid_nll: 0.04762150378191289, valid_bleu: 0.07074181348001757
calculating bleu for 20 examples...
[2021-09-26 11:34:50] epoch 59: train_loss: 0.0076410618815000875, valid_loss: 8.050667490277972, train_nll: 1.4434186071607633e-10, valid_nll: 0.0479989192967556, valid_bleu: 0.08596076758726248
saving at epoch 59...
calculating bleu for 20 examples...
[2021-09-26 11:38:32] epoch 60: train_loss: 0.006834017452593817, valid_loss: 8.099070208413261, train_nll: 8.738585850142972e-11, valid_nll: 0.048241339836253866, valid_bleu: 0.08288263341029321
calculating bleu for 20 examples...
[2021-09-26 11:42:15] epoch 61: train_loss: 0.006088155260005472, valid_loss: 8.137748922620501, train_nll: 3.133490584248796e-11, valid_nll: 0.04851459917677613, valid_bleu: 0.08539368560172136
calculating bleu for 20 examples...
[2021-09-26 11:45:56] epoch 62: train_loss: 0.0057792320647942165, valid_loss: 8.180418150765556, train_nll: 1.5581224524868746e-10, valid_nll: 0.049108577138427686, valid_bleu: 0.09077297206169709
calculating bleu for 20 examples...
[2021-09-26 11:49:37] epoch 63: train_loss: 0.005206232314349665, valid_loss: 8.215212413242885, train_nll: 8.660917764737693e-12, valid_nll: 0.04923806608676647, valid_bleu: 0.11022266043734166
calculating bleu for 20 examples...
[2021-09-26 11:53:18] epoch 64: train_loss: 0.0051071065126405074, valid_loss: 8.261342321123395, train_nll: 2.141342097227159e-11, valid_nll: 0.049355081697447505, valid_bleu: 0.0847758982847128
calculating bleu for 20 examples...
[2021-09-26 11:57:09] epoch 65: train_loss: 0.005094475722254007, valid_loss: 8.291934626443046, train_nll: 2.5500216815844927e-11, valid_nll: 0.04964098550747764, valid_bleu: 0.09046211313953526
calculating bleu for 20 examples...
[2021-09-26 12:00:50] epoch 66: train_loss: 0.005769149299321354, valid_loss: 8.346258435930524, train_nll: 3.989828881537264e-11, valid_nll: 0.05049144697881924, valid_bleu: 0.09532377524908453
calculating bleu for 20 examples...
[2021-09-26 12:04:30] epoch 67: train_loss: 0.009409715144714455, valid_loss: 8.395302227565221, train_nll: 9.785217014274511e-09, valid_nll: 0.050549351263844064, valid_bleu: 0.03227684954583621
calculating bleu for 20 examples...
[2021-09-26 12:08:12] epoch 68: train_loss: 0.5289513245700117, valid_loss: 7.946833065577915, train_nll: 2.3721965854831617e-06, valid_nll: 0.05039440750483972, valid_bleu: 0.006220167923541178
calculating bleu for 20 examples...
[2021-09-26 12:11:53] epoch 69: train_loss: 1.1524979280573981, valid_loss: 7.563799653734479, train_nll: 3.2019881414705697e-06, valid_nll: 0.04864522292566203, valid_bleu: 0.008380928312561115
saving at epoch 69...
calculating bleu for 20 examples...
[2021-09-26 12:15:35] epoch 70: train_loss: 0.6978977952076464, valid_loss: 7.550943034035819, train_nll: 1.901216243811864e-07, valid_nll: 0.04668878890898631, valid_bleu: 1.0592857355663934e-78
calculating bleu for 20 examples...
[2021-09-26 12:19:22] epoch 71: train_loss: 0.4547811495710392, valid_loss: 7.5999531745910645, train_nll: 4.226441335346436e-08, valid_nll: 0.04727319260471159, valid_bleu: 0.007234757878355662
calculating bleu for 20 examples...
[2021-09-26 12:23:13] epoch 72: train_loss: 0.29555918367541567, valid_loss: 7.731147629874093, train_nll: 2.3191259184363867e-08, valid_nll: 0.04888369726288689, valid_bleu: 1.1242094686461996e-78
calculating bleu for 20 examples...
[2021-09-26 12:26:50] epoch 73: train_loss: 0.17968339875948672, valid_loss: 7.808162689208984, train_nll: 8.283788986086526e-09, valid_nll: 0.04900655064387321, valid_bleu: 0.035355339059327376
calculating bleu for 20 examples...
[2021-09-26 12:30:32] epoch 74: train_loss: 0.10211633046974941, valid_loss: 7.91942971093314, train_nll: 4.156311524824633e-09, valid_nll: 0.0491348918165041, valid_bleu: 0.06254843485825104
calculating bleu for 20 examples...
[2021-09-26 12:34:11] epoch 75: train_loss: 0.054649697198551526, valid_loss: 8.057048320770264, train_nll: 1.527696839711636e-09, valid_nll: 0.04884550014298768, valid_bleu: 0.05535494425002907
calculating bleu for 20 examples...
[2021-09-26 12:37:55] epoch 76: train_loss: 0.028476590214639295, valid_loss: 8.152772086007255, train_nll: 5.535307823212321e-10, valid_nll: 0.04941638792935354, valid_bleu: 0.044843097408395295
calculating bleu for 20 examples...
[2021-09-26 12:41:42] epoch 77: train_loss: 0.016718631928634584, valid_loss: 8.26608521597726, train_nll: 1.5153300459863826e-10, valid_nll: 0.049285043533025014, valid_bleu: 0.04330805305274535
calculating bleu for 20 examples...
[2021-09-26 12:45:22] epoch 78: train_loss: 0.011810550299872245, valid_loss: 8.338918617793492, train_nll: 7.989438088594509e-11, valid_nll: 0.04953440017265352, valid_bleu: 0.04330805305274535
calculating bleu for 20 examples...
[2021-09-26 12:49:19] epoch 79: train_loss: 0.009237740832685056, valid_loss: 8.383216108594622, train_nll: 2.997260354249545e-11, valid_nll: 0.04973544643126465, valid_bleu: 0.05289533160682315
saving at epoch 79...
calculating bleu for 20 examples...
[2021-09-26 12:53:00] epoch 80: train_loss: 0.0077859686844393, valid_loss: 8.428909642355782, train_nll: 1.5576697503740055e-11, valid_nll: 0.05009883544663774, valid_bleu: 0.05289533160682315
calculating bleu for 20 examples...
[2021-09-26 12:56:56] epoch 81: train_loss: 0.006797315289114355, valid_loss: 8.472131047930036, train_nll: 1.1677625856956017e-11, valid_nll: 0.0502414321127918, valid_bleu: 0.05057138112669385
calculating bleu for 20 examples...
[2021-09-26 13:00:36] epoch 82: train_loss: 0.006042472809096988, valid_loss: 8.508783408573695, train_nll: 3.2130306096833034e-12, valid_nll: 0.050571516695915066, valid_bleu: 0.05842013391240895
calculating bleu for 20 examples...
[2021-09-26 13:04:16] epoch 83: train_loss: 0.005372988592301097, valid_loss: 8.553127561296735, train_nll: 3.7952320361241896e-12, valid_nll: 0.05063542953241527, valid_bleu: 0.023711933633797283
calculating bleu for 20 examples...
[2021-09-26 13:07:55] epoch 84: train_loss: 0.004967674875527392, valid_loss: 8.580616474151611, train_nll: 1.2650780646179889e-12, valid_nll: 0.05068496518942511, valid_bleu: 0.017539992547495775
calculating bleu for 20 examples...
[2021-09-26 13:11:35] epoch 85: train_loss: 0.004536721377861591, valid_loss: 8.60999229976109, train_nll: 1.8495391275935187e-12, valid_nll: 0.050872931433942614, valid_bleu: 0.017539992547495775
calculating bleu for 20 examples...
[2021-09-26 13:15:15] epoch 86: train_loss: 0.004196219490745998, valid_loss: 8.646941389356341, train_nll: 1.1681298937864979e-12, valid_nll: 0.051008251138986264, valid_bleu: 0.009044100981064968
calculating bleu for 20 examples...
[2021-09-26 13:19:11] epoch 87: train_loss: 0.004249499879102698, valid_loss: 8.688243457249232, train_nll: 1.9462739991078186e-13, valid_nll: 0.05132793104589413, valid_bleu: 0.04385123062575818
calculating bleu for 20 examples...
[2021-09-26 13:22:53] epoch 88: train_loss: 0.0046335292317220295, valid_loss: 8.71763815198626, train_nll: 1.7811264246354734e-11, valid_nll: 0.051835447796391834, valid_bleu: 0.017539992547495775
calculating bleu for 20 examples...
[2021-09-26 13:26:50] epoch 89: train_loss: 0.005221109574765195, valid_loss: 8.757722309657506, train_nll: 6.490678195367931e-11, valid_nll: 0.05259054814833318, valid_bleu: 0.05279944522209693
saving at epoch 89...
calculating bleu for 20 examples...
[2021-09-26 13:30:48] epoch 90: train_loss: 0.008640013498548722, valid_loss: 8.768794877188546, train_nll: 3.502770175327548e-08, valid_nll: 0.053260215132261465, valid_bleu: 1.6094605631083476e-78
calculating bleu for 20 examples...
[2021-09-26 13:34:26] epoch 91: train_loss: 0.5859826240992668, valid_loss: 8.253206389290947, train_nll: 2.5204917533718964e-07, valid_nll: 0.05100127891881388, valid_bleu: 1.0558915124990039e-78
calculating bleu for 20 examples...
[2021-09-26 13:38:07] epoch 92: train_loss: 1.0908822657502428, valid_loss: 7.928178446633475, train_nll: 5.504026816878364e-07, valid_nll: 0.05150623991332043, valid_bleu: 0.01923713640477159
calculating bleu for 20 examples...
[2021-09-26 13:42:00] epoch 93: train_loss: 0.6819914740567304, valid_loss: 7.981871468680246, train_nll: 8.527769845509231e-08, valid_nll: 0.05211557625716038, valid_bleu: 0.008181512071420673
calculating bleu for 20 examples...
[2021-09-26 13:45:43] epoch 94: train_loss: 0.4612357034062853, valid_loss: 8.018995898110527, train_nll: 3.818200257302699e-08, valid_nll: 0.051323899979055704, valid_bleu: 0.015690435183800283
calculating bleu for 20 examples...
[2021-09-26 13:49:22] epoch 95: train_loss: 0.3229786297496484, valid_loss: 8.091953550066266, train_nll: 1.3374273418270763e-08, valid_nll: 0.05440638718041323, valid_bleu: 0.011567553194139647
calculating bleu for 20 examples...
[2021-09-26 13:53:18] epoch 96: train_loss: 0.22414300894858885, valid_loss: 8.180479458400182, train_nll: 5.602739486335539e-09, valid_nll: 0.055233622412621086, valid_bleu: 0.014697080507587987
calculating bleu for 20 examples...
[2021-09-26 13:56:59] epoch 97: train_loss: 0.1434764096855509, valid_loss: 8.266216823032924, train_nll: 5.232263577278102e-09, valid_nll: 0.05380301976120632, valid_bleu: 0.018033574758728837
calculating bleu for 20 examples...
[2021-09-26 14:00:38] epoch 98: train_loss: 0.08490279959324672, valid_loss: 8.376167842320033, train_nll: 2.345583408898666e-09, valid_nll: 0.05528034526518457, valid_bleu: 0.02887295377236333
calculating bleu for 20 examples...
[2021-09-26 14:04:19] epoch 99: train_loss: 0.047396378819735685, valid_loss: 8.502010004861015, train_nll: 8.265171397623159e-10, valid_nll: 0.054653178245009995, valid_bleu: 0.01764049974740591
saving at epoch 99...
calculating bleu for 888 examples...
