------------ Configs ------------
building en vocab...
found previously built en vocab, loading...
there are 6079 tokens in en vocab
building de vocab...
found previously built de vocab, loading...
there are 6624 tokens in de vocab
building translation train en->de dataset...
found preprocessed train en->de dataset, loading...
taking 25000 subset of full data...
truncating all sequences to have max 50 tokens...
building en vocab...
found previously built en vocab, loading...
there are 6079 tokens in en vocab
building de vocab...
found previously built de vocab, loading...
there are 6624 tokens in de vocab
building translation valid en->de dataset...
found preprocessed valid en->de dataset, loading...
taking 5000 subset of full data...
truncating all sequences to have max 50 tokens...
model summary: 
=================================================================
                Kernel Shape     Output Shape   Params  Mult-Adds
Layer                                                            
0_src_embedding  [512, 6079]   [128, 50, 512]  3112448    3112448
1_enc                      -   [128, 50, 587]  4009797    4002753
2_tgt_embedding  [512, 6624]   [128, 50, 512]  3391488    3391488
3_dec                      -   [128, 50, 587]  4009797    4002753
4_mlp            [587, 6624]  [128, 50, 6624]  3894912    3888288
-----------------------------------------------------------------
                        Totals
Total params          18418442
Trainable params      18418442
Non-trainable params         0
Mult-Adds             18397730
=================================================================
rnn:  gru
num layers: 2
embedding dim:  512
data:  iwslt_en_de
max seq tokens:  50
train subset:  25000
valid subset:  5000
optimizer:  sgd
learning rate:  0.1
momentum:  0.9
weight decay:  0.0001
gradient clipping:  1.0
loss criterion:  ce
continue training:  False
save directory:  ./exp/translation/en_de/gru
log directory:  ./log/translation/en_de/gru
starting epoch:  0
ending epoch:  100
steps per epoch:  196
cuda:  True
---------------------------------
calculating bleu for 20 examples...
[2021-09-26 05:53:14] epoch 0: train_loss: 6.142377622273504, valid_loss: 5.513807909829276, train_nll: 0.08113433411267339, valid_nll: 0.05162107815175268, valid_bleu: 7.754326454201679e-79
calculating bleu for 20 examples...
[2021-09-26 05:56:52] epoch 1: train_loss: 5.3589377670871965, valid_loss: 5.207750184195382, train_nll: 0.04643964872399155, valid_nll: 0.043497257053819204, valid_bleu: 1.1357411117904358e-78
calculating bleu for 20 examples...
[2021-09-26 06:00:29] epoch 2: train_loss: 5.081903820135156, valid_loss: 4.991768836975098, train_nll: 0.0388947490956832, valid_nll: 0.03819804639583082, valid_bleu: 0.0035313898852819387
calculating bleu for 20 examples...
[2021-09-26 06:04:23] epoch 3: train_loss: 4.8655164412089755, valid_loss: 4.832733699253628, train_nll: 0.03321620715082908, valid_nll: 0.03400979179695131, valid_bleu: 1.0172054277005296e-78
calculating bleu for 20 examples...
[2021-09-26 06:08:18] epoch 4: train_loss: 4.692364935972253, valid_loss: 4.730492183140346, train_nll: 0.028708795072594467, valid_nll: 0.03080316807641157, valid_bleu: 6.249579314373353e-79
calculating bleu for 20 examples...
[2021-09-26 06:12:12] epoch 5: train_loss: 4.546451279095241, valid_loss: 4.611704417637417, train_nll: 0.025055423323956407, valid_nll: 0.02811649446650493, valid_bleu: 8.637504047777797e-79
calculating bleu for 20 examples...
[2021-09-26 06:16:08] epoch 6: train_loss: 4.417638939254138, valid_loss: 4.528336661202567, train_nll: 0.022007051787084463, valid_nll: 0.02609473332080536, valid_bleu: 0.003216117277402559
calculating bleu for 20 examples...
[2021-09-26 06:20:03] epoch 7: train_loss: 4.306647415063819, valid_loss: 4.47511237008231, train_nll: 0.019478126587998273, valid_nll: 0.02442121409300299, valid_bleu: 1.2450845847207597e-78
calculating bleu for 20 examples...
[2021-09-26 06:23:43] epoch 8: train_loss: 4.2057834109481504, valid_loss: 4.402625969478062, train_nll: 0.017361188407430842, valid_nll: 0.022655972752375603, valid_bleu: 9.40271139372079e-79
calculating bleu for 20 examples...
[2021-09-26 06:27:38] epoch 9: train_loss: 4.109625339508057, valid_loss: 4.364637511117118, train_nll: 0.015511344573570306, valid_nll: 0.021661701963368224, valid_bleu: 0.02137412884361306
saving at epoch 9...
calculating bleu for 20 examples...
[2021-09-26 06:31:34] epoch 10: train_loss: 4.018520785837757, valid_loss: 4.334901128496442, train_nll: 0.013939614971475405, valid_nll: 0.020949167503024488, valid_bleu: 0.009303482924936683
calculating bleu for 20 examples...
[2021-09-26 06:35:14] epoch 11: train_loss: 3.9355396944649366, valid_loss: 4.301531110491071, train_nll: 0.012543361906713369, valid_nll: 0.019743158572253595, valid_bleu: 0.008524446758253815
calculating bleu for 20 examples...
[2021-09-26 06:38:55] epoch 12: train_loss: 3.8548124931296526, valid_loss: 4.291599614279611, train_nll: 0.011377955497181628, valid_nll: 0.019325520409711867, valid_bleu: 0.008972945787082118
calculating bleu for 20 examples...
[2021-09-26 06:42:36] epoch 13: train_loss: 3.774320843268414, valid_loss: 4.262104170663016, train_nll: 0.010295005013001299, valid_nll: 0.01859576615762965, valid_bleu: 0.0166848798093643
calculating bleu for 20 examples...
[2021-09-26 06:46:16] epoch 14: train_loss: 3.6966263372070935, valid_loss: 4.236436230795724, train_nll: 0.0093592592372056, valid_nll: 0.018193290347144717, valid_bleu: 0.008903649421288
calculating bleu for 20 examples...
[2021-09-26 06:49:58] epoch 15: train_loss: 3.6237664271374137, valid_loss: 4.243598801749093, train_nll: 0.008536020721124143, valid_nll: 0.017912675668527413, valid_bleu: 0.008681287047295884
calculating bleu for 20 examples...
[2021-09-26 06:53:42] epoch 16: train_loss: 3.549502040658678, valid_loss: 4.260692323957171, train_nll: 0.007797549819495329, valid_nll: 0.017682647985622142, valid_bleu: 0.00818335360669831
calculating bleu for 20 examples...
[2021-09-26 06:57:38] epoch 17: train_loss: 3.4810516931572737, valid_loss: 4.247756617409842, train_nll: 0.00712842786516462, valid_nll: 0.01772596345576409, valid_bleu: 0.01607095793211189
calculating bleu for 20 examples...
[2021-09-26 07:01:16] epoch 18: train_loss: 3.40373333254639, valid_loss: 4.271793842315674, train_nll: 0.006528621524110132, valid_nll: 0.017052291530658927, valid_bleu: 0.009341546421172419
calculating bleu for 20 examples...
[2021-09-26 07:04:58] epoch 19: train_loss: 3.333524359732258, valid_loss: 4.266568286078317, train_nll: 0.006008904267467381, valid_nll: 0.016851791105500082, valid_bleu: 0.008295979222819081
saving at epoch 19...
calculating bleu for 20 examples...
[2021-09-26 07:08:39] epoch 20: train_loss: 3.2641338499224917, valid_loss: 4.299221106937954, train_nll: 0.005521213230989417, valid_nll: 0.017052669914401308, valid_bleu: 0.02886796640611239
calculating bleu for 20 examples...
[2021-09-26 07:12:20] epoch 21: train_loss: 3.1907296922742105, valid_loss: 4.276812791824341, train_nll: 0.005083734918478381, valid_nll: 0.017058382491939184, valid_bleu: 0.020916876118341022
calculating bleu for 20 examples...
[2021-09-26 07:16:01] epoch 22: train_loss: 3.121045093147122, valid_loss: 4.341943945203509, train_nll: 0.004681688403693997, valid_nll: 0.017486866310822392, valid_bleu: 0.032849521974279663
calculating bleu for 20 examples...
[2021-09-26 07:19:40] epoch 23: train_loss: 3.0464014715077927, valid_loss: 4.358579431261335, train_nll: 0.004321434672608667, valid_nll: 0.018139174283043954, valid_bleu: 0.016788329924439842
calculating bleu for 20 examples...
[2021-09-26 07:23:20] epoch 24: train_loss: 2.9778102113276113, valid_loss: 4.3713981083461215, train_nll: 0.003999968460936866, valid_nll: 0.018053675513207024, valid_bleu: 0.02436175390460228
calculating bleu for 20 examples...
[2021-09-26 07:27:00] epoch 25: train_loss: 2.905379424289781, valid_loss: 4.428324018205915, train_nll: 0.0036994742156048212, valid_nll: 0.018619083748908798, valid_bleu: 0.016435089702428445
calculating bleu for 20 examples...
[2021-09-26 07:30:39] epoch 26: train_loss: 2.834690692473431, valid_loss: 4.462593214852469, train_nll: 0.0034176855523245673, valid_nll: 0.01926766995407023, valid_bleu: 0.007159873269788335
calculating bleu for 20 examples...
[2021-09-26 07:34:19] epoch 27: train_loss: 2.7655936722852745, valid_loss: 4.480236530303955, train_nll: 0.0031855114170813415, valid_nll: 0.019899883785763302, valid_bleu: 0.017151672369087174
calculating bleu for 20 examples...
[2021-09-26 07:38:00] epoch 28: train_loss: 2.697238405140079, valid_loss: 4.565842764718192, train_nll: 0.002965086742712527, valid_nll: 0.021547233166337824, valid_bleu: 0.04955410489528475
calculating bleu for 20 examples...
[2021-09-26 07:41:41] epoch 29: train_loss: 2.635663081188591, valid_loss: 4.598035471779959, train_nll: 0.0027597030298753653, valid_nll: 0.021791006278676087, valid_bleu: 0.010202159263619502
saving at epoch 29...
calculating bleu for 20 examples...
[2021-09-26 07:45:24] epoch 30: train_loss: 2.569625909231147, valid_loss: 4.641163008553641, train_nll: 0.0025789176754075654, valid_nll: 0.022649990501901775, valid_bleu: 0.016833901338094776
calculating bleu for 20 examples...
[2021-09-26 07:49:04] epoch 31: train_loss: 2.5087310513671564, valid_loss: 4.717202322823661, train_nll: 0.0024135111224894623, valid_nll: 0.02290392018434076, valid_bleu: 0.021010721687104147
calculating bleu for 20 examples...
[2021-09-26 07:52:44] epoch 32: train_loss: 2.447046851625248, valid_loss: 4.735597133636475, train_nll: 0.002256848135062539, valid_nll: 0.02693504470962662, valid_bleu: 0.026706769102154786
calculating bleu for 20 examples...
[2021-09-26 07:56:26] epoch 33: train_loss: 2.391769308216718, valid_loss: 4.790746348244803, train_nll: 0.002119716991968478, valid_nll: 0.02797491424639099, valid_bleu: 0.04665150469380571
calculating bleu for 20 examples...
[2021-09-26 08:00:18] epoch 34: train_loss: 2.333821279661996, valid_loss: 4.867481367928641, train_nll: 0.0019873190902812013, valid_nll: 0.02994008142296324, valid_bleu: 0.04175725609518101
calculating bleu for 20 examples...
[2021-09-26 08:03:59] epoch 35: train_loss: 2.282137099577456, valid_loss: 4.946239539555141, train_nll: 0.0018761255976618553, valid_nll: 0.033610186302436146, valid_bleu: 0.044958745057321906
calculating bleu for 20 examples...
[2021-09-26 08:07:54] epoch 36: train_loss: 2.2293310372196897, valid_loss: 4.960552079336984, train_nll: 0.0017634809887165925, valid_nll: 0.033869102128750044, valid_bleu: 0.008378798509751545
calculating bleu for 20 examples...
[2021-09-26 08:11:35] epoch 37: train_loss: 2.182029897461132, valid_loss: 5.00297212600708, train_nll: 0.0016663756907716089, valid_nll: 0.0374526072784609, valid_bleu: 0.019896065038603382
calculating bleu for 20 examples...
[2021-09-26 08:15:15] epoch 38: train_loss: 2.134149440697261, valid_loss: 5.048267228262765, train_nll: 0.001573049407869543, valid_nll: 0.041188982966893474, valid_bleu: 0.03332762679745715
calculating bleu for 20 examples...
[2021-09-26 08:18:55] epoch 39: train_loss: 2.088450642264619, valid_loss: 5.105946472712925, train_nll: 0.0014831258871572145, valid_nll: 0.040729210249179644, valid_bleu: 0.03780354782539254
saving at epoch 39...
calculating bleu for 20 examples...
[2021-09-26 08:22:35] epoch 40: train_loss: 2.0438742230133133, valid_loss: 5.136046818324497, train_nll: 0.0014015599702329052, valid_nll: 0.041108731246866884, valid_bleu: 0.028943788714596696
calculating bleu for 20 examples...
[2021-09-26 08:26:30] epoch 41: train_loss: 2.001188792744461, valid_loss: 5.187092576708112, train_nll: 0.0013245762625453104, valid_nll: 0.04145245973755713, valid_bleu: 0.04868046540684913
calculating bleu for 20 examples...
[2021-09-26 08:30:26] epoch 42: train_loss: 1.9623779125359593, valid_loss: 5.245218685695103, train_nll: 0.0012577208135565933, valid_nll: 0.04951397691892556, valid_bleu: 0.03159076605393526
calculating bleu for 20 examples...
[2021-09-26 08:34:09] epoch 43: train_loss: 1.9240542333953234, valid_loss: 5.263751915522984, train_nll: 0.0011938996217688736, valid_nll: 0.05127947337926804, valid_bleu: 0.009390066474728195
calculating bleu for 20 examples...
[2021-09-26 08:37:51] epoch 44: train_loss: 1.887502603993124, valid_loss: 5.279207842690604, train_nll: 0.0011307450583306364, valid_nll: 0.050694722861002246, valid_bleu: 0.010364411728164689
calculating bleu for 20 examples...
[2021-09-26 08:41:34] epoch 45: train_loss: 1.8524194305040398, valid_loss: 5.359862191336496, train_nll: 0.0010803251186682255, valid_nll: 0.05654170658246935, valid_bleu: 0.02887831806123593
calculating bleu for 20 examples...
[2021-09-26 08:45:15] epoch 46: train_loss: 1.820895407272845, valid_loss: 5.3989627701895575, train_nll: 0.0010307597595908794, valid_nll: 0.06590431817951262, valid_bleu: 0.03761500803543115
calculating bleu for 20 examples...
[2021-09-26 08:48:55] epoch 47: train_loss: 1.790249571508291, valid_loss: 5.396751131330218, train_nll: 0.0009771361768488981, valid_nll: 0.058743325549246835, valid_bleu: 0.01767483879267358
calculating bleu for 20 examples...
[2021-09-26 08:52:47] epoch 48: train_loss: 1.7592340020500883, valid_loss: 5.4508450371878485, train_nll: 0.0009356184589951826, valid_nll: 0.057476503091999046, valid_bleu: 0.03462127392585264
calculating bleu for 20 examples...
[2021-09-26 08:56:27] epoch 49: train_loss: 1.7284646259278666, valid_loss: 5.488864694322858, train_nll: 0.0008918209427781241, valid_nll: 0.061633297134177784, valid_bleu: 0.03480580223421041
saving at epoch 49...
calculating bleu for 888 examples...
calculating bleu for 20 examples...
[2021-09-26 09:45:22] epoch 50: train_loss: 1.7012484992037014, valid_loss: 5.521538257598877, train_nll: 0.0008525931744624427, valid_nll: 0.06768458387960864, valid_bleu: 0.011204778280336065
calculating bleu for 20 examples...
[2021-09-26 09:48:56] epoch 51: train_loss: 1.6757390772809788, valid_loss: 5.5537212916782925, train_nll: 0.0008184588325266935, valid_nll: 0.06739055481349793, valid_bleu: 0.036222724358036064
calculating bleu for 20 examples...
[2021-09-26 09:52:32] epoch 52: train_loss: 1.649223885365895, valid_loss: 5.607257979256766, train_nll: 0.0007820128961485259, valid_nll: 0.06892850973694217, valid_bleu: 0.01633211312866603
calculating bleu for 20 examples...
[2021-09-26 09:56:21] epoch 53: train_loss: 1.6267375958209136, valid_loss: 5.596411023821149, train_nll: 0.0007452994817616988, valid_nll: 0.06639462986683271, valid_bleu: 0.012258446718959714
calculating bleu for 20 examples...
[2021-09-26 09:59:57] epoch 54: train_loss: 1.6047395820520363, valid_loss: 5.656026499611991, train_nll: 0.0007203098274736989, valid_nll: 0.07305645193109445, valid_bleu: 0.03741710894954805
calculating bleu for 20 examples...
[2021-09-26 10:03:49] epoch 55: train_loss: 1.5813702010378545, valid_loss: 5.6320832797459195, train_nll: 0.0006906758580997367, valid_nll: 0.06838041299580432, valid_bleu: 0.03717229412512131
calculating bleu for 20 examples...
[2021-09-26 10:07:45] epoch 56: train_loss: 1.5606646476959696, valid_loss: 5.674587045397077, train_nll: 0.0006676268803343481, valid_nll: 0.07746842460260603, valid_bleu: 0.01754122969991399
calculating bleu for 20 examples...
[2021-09-26 10:11:25] epoch 57: train_loss: 1.5392589502188625, valid_loss: 5.705250126974923, train_nll: 0.00064165107972781, valid_nll: 0.07313081503221273, valid_bleu: 0.015125972506146052
calculating bleu for 20 examples...
[2021-09-26 10:15:04] epoch 58: train_loss: 1.5234375389254824, valid_loss: 5.681754997798374, train_nll: 0.0006200810017694488, valid_nll: 0.07817652962360779, valid_bleu: 0.029322748908638636
calculating bleu for 20 examples...
[2021-09-26 10:18:43] epoch 59: train_loss: 1.5041198925096162, valid_loss: 5.7251193182809015, train_nll: 0.0005989542106096292, valid_nll: 0.07923862508474673, valid_bleu: 0.018408274522412095
saving at epoch 59...
calculating bleu for 20 examples...
[2021-09-26 10:22:24] epoch 60: train_loss: 1.4868911498663377, valid_loss: 5.7283187593732565, train_nll: 0.0005801601253237044, valid_nll: 0.07613695498489462, valid_bleu: 0.022504417509735163
calculating bleu for 20 examples...
[2021-09-26 10:26:03] epoch 61: train_loss: 1.4714068612273858, valid_loss: 5.796269689287458, train_nll: 0.0005592018532266422, valid_nll: 0.0887786849804454, valid_bleu: 0.026813621814532375
calculating bleu for 20 examples...
[2021-09-26 10:29:42] epoch 62: train_loss: 1.4568709919647294, valid_loss: 5.7200084413800925, train_nll: 0.0005429010738145635, valid_nll: 0.0763343892392921, valid_bleu: 0.03284768053956762
calculating bleu for 20 examples...
[2021-09-26 10:33:37] epoch 63: train_loss: 1.440999143585867, valid_loss: 5.77154929297311, train_nll: 0.0005265459411971423, valid_nll: 0.08534285820106917, valid_bleu: 0.029899051698668105
calculating bleu for 20 examples...
[2021-09-26 10:37:18] epoch 64: train_loss: 1.4271385323028176, valid_loss: 5.751292773655483, train_nll: 0.0005146815975164484, valid_nll: 0.07814821922553333, valid_bleu: 0.0228943724011342
calculating bleu for 20 examples...
[2021-09-26 10:41:00] epoch 65: train_loss: 1.4186285302347066, valid_loss: 5.791655267987933, train_nll: 0.0005015963717934978, valid_nll: 0.07607642761331465, valid_bleu: 0.0181429625614004
calculating bleu for 20 examples...
[2021-09-26 10:44:59] epoch 66: train_loss: 1.4042294670124442, valid_loss: 5.832893099103655, train_nll: 0.0004859349554412219, valid_nll: 0.08533452814785648, valid_bleu: 0.03814497181045369
calculating bleu for 20 examples...
[2021-09-26 10:48:41] epoch 67: train_loss: 1.3932122813195598, valid_loss: 5.755354268210275, train_nll: 0.0004784564179790263, valid_nll: 0.07086074753354678, valid_bleu: 0.019359293993389797
calculating bleu for 20 examples...
[2021-09-26 10:52:22] epoch 68: train_loss: 1.3827241945023439, valid_loss: 5.838184492928641, train_nll: 0.00046784487232869986, valid_nll: 0.08250793426171409, valid_bleu: 0.02106859130713789
calculating bleu for 20 examples...
[2021-09-26 10:56:18] epoch 69: train_loss: 1.3703646550373154, valid_loss: 5.846576350075858, train_nll: 0.0004560373197769632, valid_nll: 0.09126746389308732, valid_bleu: 0.024748265925324926
saving at epoch 69...
calculating bleu for 20 examples...
[2021-09-26 10:59:59] epoch 70: train_loss: 1.3631499725945142, valid_loss: 5.81126206261771, train_nll: 0.000451097529858959, valid_nll: 0.08121397758718141, valid_bleu: 0.014451471075948066
calculating bleu for 20 examples...
[2021-09-26 11:03:54] epoch 71: train_loss: 1.3537229944248588, valid_loss: 5.819035598209926, train_nll: 0.0004411428895288584, valid_nll: 0.07989916386773512, valid_bleu: 0.0165550163829538
calculating bleu for 20 examples...
[2021-09-26 11:07:35] epoch 72: train_loss: 1.3486559445760689, valid_loss: 5.817665168217251, train_nll: 0.0004324123600780945, valid_nll: 0.08552003507338853, valid_bleu: 0.019932561967428413
calculating bleu for 20 examples...
[2021-09-26 11:11:15] epoch 73: train_loss: 1.338243241212806, valid_loss: 5.867163181304932, train_nll: 0.00042589041057898076, valid_nll: 0.08269786326230767, valid_bleu: 0.012062940248564932
calculating bleu for 20 examples...
[2021-09-26 11:15:11] epoch 74: train_loss: 1.3322875907226486, valid_loss: 5.8040178162711005, train_nll: 0.00042219901873140917, valid_nll: 0.08133170858510476, valid_bleu: 0.012639341636642636
calculating bleu for 20 examples...
[2021-09-26 11:18:51] epoch 75: train_loss: 1.3256055755274636, valid_loss: 5.813524109976632, train_nll: 0.0004179322237871131, valid_nll: 0.0789497320782198, valid_bleu: 0.010215109385897547
calculating bleu for 20 examples...
[2021-09-26 11:22:48] epoch 76: train_loss: 1.3198418075941047, valid_loss: 5.825807503291538, train_nll: 0.0004088396489690277, valid_nll: 0.08894013946471484, valid_bleu: 0.007926333552719675
calculating bleu for 20 examples...
[2021-09-26 11:26:31] epoch 77: train_loss: 1.3160630227351675, valid_loss: 5.847353867122105, train_nll: 0.00041028401385573906, valid_nll: 0.08970558768270821, valid_bleu: 0.013531891337156893
calculating bleu for 20 examples...
[2021-09-26 11:30:29] epoch 78: train_loss: 1.3132189944082377, valid_loss: 5.855339935847691, train_nll: 0.0004062522771407147, valid_nll: 0.08903063454814727, valid_bleu: 0.020328348010329077
calculating bleu for 20 examples...
[2021-09-26 11:34:26] epoch 79: train_loss: 1.3086370600729573, valid_loss: 5.803311961037772, train_nll: 0.00039844593121080984, valid_nll: 0.07658958329854587, valid_bleu: 0.004109831913687323
saving at epoch 79...
calculating bleu for 20 examples...
[2021-09-26 11:38:08] epoch 80: train_loss: 1.3053952826529134, valid_loss: 5.808822086879185, train_nll: 0.00039572516447569666, valid_nll: 0.08626823754932188, valid_bleu: 0.012458842611646597
calculating bleu for 20 examples...
[2021-09-26 11:41:48] epoch 81: train_loss: 1.3012715036771736, valid_loss: 5.810144901275635, train_nll: 0.00039642455149670034, valid_nll: 0.07959385763351741, valid_bleu: 0.016150911955377302
calculating bleu for 20 examples...
[2021-09-26 11:45:29] epoch 82: train_loss: 1.2999385972412265, valid_loss: 5.845242840903146, train_nll: 0.00039464604307784296, valid_nll: 0.08666783743295671, valid_bleu: 0.010831868959696822
calculating bleu for 20 examples...
[2021-09-26 11:49:10] epoch 83: train_loss: 1.296431922182745, valid_loss: 5.839197158813477, train_nll: 0.00039364504930924395, valid_nll: 0.08850290670533416, valid_bleu: 0.0104408337174533
calculating bleu for 20 examples...
[2021-09-26 11:52:50] epoch 84: train_loss: 1.2964149932472073, valid_loss: 5.81401743207659, train_nll: 0.00038885689253709754, valid_nll: 0.08900942261505267, valid_bleu: 0.01704390263624351
calculating bleu for 20 examples...
[2021-09-26 11:56:29] epoch 85: train_loss: 1.2952238692312825, valid_loss: 5.835777759552002, train_nll: 0.0003940734670590313, valid_nll: 0.08827565062197282, valid_bleu: 0.01205778032601093
calculating bleu for 20 examples...
[2021-09-26 12:00:10] epoch 86: train_loss: 1.2940657820020403, valid_loss: 5.865927491869245, train_nll: 0.00039128852387447803, valid_nll: 0.09541155349947464, valid_bleu: 0.015570341371187495
calculating bleu for 20 examples...
[2021-09-26 12:03:50] epoch 87: train_loss: 1.294969238188802, valid_loss: 5.789308479854038, train_nll: 0.0003927620233808245, valid_nll: 0.07633434224816933, valid_bleu: 0.0041874922356079656
calculating bleu for 20 examples...
[2021-09-26 12:07:30] epoch 88: train_loss: 1.2924022479933135, valid_loss: 5.78927401133946, train_nll: 0.000393210649044584, valid_nll: 0.07494770154551475, valid_bleu: 0.0127349608161206
calculating bleu for 20 examples...
[2021-09-26 12:11:27] epoch 89: train_loss: 1.2974246205115805, valid_loss: 5.799704687935965, train_nll: 0.00039654021545332306, valid_nll: 0.07490690132782156, valid_bleu: 0.012688175078723583
saving at epoch 89...
calculating bleu for 20 examples...
[2021-09-26 12:15:10] epoch 90: train_loss: 1.2977080047130585, valid_loss: 5.809811523982456, train_nll: 0.0003966960746901376, valid_nll: 0.08173836204667678, valid_bleu: 0.028574776968176414
calculating bleu for 20 examples...
[2021-09-26 12:19:10] epoch 91: train_loss: 1.297747726343116, valid_loss: 5.775456292288644, train_nll: 0.00039616072990456404, valid_nll: 0.07896699675700095, valid_bleu: 0.010678412091045652
calculating bleu for 20 examples...
[2021-09-26 12:22:50] epoch 92: train_loss: 1.299478028501783, valid_loss: 5.831626755850656, train_nll: 0.0004037969339101562, valid_nll: 0.07626156422074477, valid_bleu: 0.03590765103497509
calculating bleu for 20 examples...
[2021-09-26 12:26:32] epoch 93: train_loss: 1.305171224535728, valid_loss: 5.751459734780448, train_nll: 0.0004079410510235878, valid_nll: 0.07439156511422136, valid_bleu: 0.01195921461533819
calculating bleu for 20 examples...
[2021-09-26 12:30:13] epoch 94: train_loss: 1.3073457832239113, valid_loss: 5.7853714397975375, train_nll: 0.00040832934194681594, valid_nll: 0.08029113365547866, valid_bleu: 0.03045802014815687
calculating bleu for 20 examples...
[2021-09-26 12:34:08] epoch 95: train_loss: 1.3092254874657612, valid_loss: 5.791238580431257, train_nll: 0.0004124172630414125, valid_nll: 0.08348504873206673, valid_bleu: 1.748274632760514e-78
calculating bleu for 20 examples...
[2021-09-26 12:37:59] epoch 96: train_loss: 1.312519445103042, valid_loss: 5.771963936941964, train_nll: 0.000416230569892284, valid_nll: 0.07992630439726038, valid_bleu: 0.024904153180077004
calculating bleu for 20 examples...
[2021-09-26 12:41:40] epoch 97: train_loss: 1.3188826429600617, valid_loss: 5.70750938143049, train_nll: 0.0004156543377467564, valid_nll: 0.07372179292628686, valid_bleu: 0.01993479195049621
calculating bleu for 20 examples...
[2021-09-26 12:45:20] epoch 98: train_loss: 1.3174514435991949, valid_loss: 5.751136030469622, train_nll: 0.0004234653855343254, valid_nll: 0.06904408265001788, valid_bleu: 0.011514005104216168
calculating bleu for 20 examples...
[2021-09-26 12:49:01] epoch 99: train_loss: 1.3229853729812466, valid_loss: 5.718034267425537, train_nll: 0.00042607679458276564, valid_nll: 0.07058228234811662, valid_bleu: 0.010299838649017816
saving at epoch 99...
calculating bleu for 888 examples...
