------------ Configs ------------
building en vocab...
found previously built en vocab, loading...
there are 6079 tokens in en vocab
building de vocab...
found previously built de vocab, loading...
there are 6624 tokens in de vocab
building translation train en->de dataset...
found preprocessed train en->de dataset, loading...
taking 25000 subset of full data...
truncating all sequences to have max 50 tokens...
building en vocab...
found previously built en vocab, loading...
there are 6079 tokens in en vocab
building de vocab...
found previously built de vocab, loading...
there are 6624 tokens in de vocab
building translation valid en->de dataset...
found preprocessed valid en->de dataset, loading...
taking 5000 subset of full data...
truncating all sequences to have max 50 tokens...
model summary: 
=================================================================
                Kernel Shape     Output Shape   Params  Mult-Adds
Layer                                                            
0_src_embedding  [512, 6079]   [128, 50, 512]  3112448    3112448
1_enc                      -   [128, 50, 512]  4202496    4194304
2_tgt_embedding  [512, 6624]   [128, 50, 512]  3391488    3391488
3_dec                      -   [128, 50, 512]  4202496    4194304
4_mlp            [512, 6624]  [128, 50, 6624]  3398112    3391488
-----------------------------------------------------------------
                        Totals
Total params          18307040
Trainable params      18307040
Non-trainable params         0
Mult-Adds             18284032
=================================================================
rnn:  lstm
num layers: 2
embedding dim:  512
data:  iwslt_en_de
max seq tokens:  50
train subset:  25000
valid subset:  5000
optimizer:  adamw
learning rate:  0.001
weight decay:  0.001
gradient clipping:  1.0
loss criterion:  ce
continue training:  False
save directory:  ./exp/translation/en_de/lstm_adamw
log directory:  ./log/translation/en_de/lstm_adamw
starting epoch:  0
ending epoch:  100
steps per epoch:  196
cuda:  True
---------------------------------
calculating bleu for 20 examples...
[2021-09-26 07:12:28] epoch 0: train_loss: 5.907389694330644, valid_loss: 5.2551807676042825, train_nll: 0.2008893380824042, valid_nll: 0.14196311780954463, valid_bleu: 1.2077290978245025e-78
calculating bleu for 20 examples...
[2021-09-26 07:15:54] epoch 1: train_loss: 4.986835414049577, valid_loss: 4.759988580431257, train_nll: 0.11976963803661113, valid_nll: 0.1064524102636198, valid_bleu: 1.0904538108464545e-78
calculating bleu for 20 examples...
[2021-09-26 07:19:22] epoch 2: train_loss: 4.558249714423199, valid_loss: 4.510512828826904, train_nll: 0.08645483028092282, valid_nll: 0.08936784775473217, valid_bleu: 0.004597483094784366
calculating bleu for 20 examples...
[2021-09-26 07:22:46] epoch 3: train_loss: 4.257319374960296, valid_loss: 4.3667112077985495, train_nll: 0.06729812656949823, valid_nll: 0.08308363793680479, valid_bleu: 0.018391390002439407
calculating bleu for 20 examples...
[2021-09-26 07:26:14] epoch 4: train_loss: 4.01388276961385, valid_loss: 4.274644987923758, train_nll: 0.05440871507294324, valid_nll: 0.08017341037251577, valid_bleu: 0.007145586787037581
calculating bleu for 20 examples...
[2021-09-26 07:29:39] epoch 5: train_loss: 3.7974410567964827, valid_loss: 4.223048823220389, train_nll: 0.04521912239541813, valid_nll: 0.08321207589712142, valid_bleu: 0.016027526416188216
calculating bleu for 20 examples...
[2021-09-26 07:33:05] epoch 6: train_loss: 3.590131565016143, valid_loss: 4.207475594111851, train_nll: 0.03805013229058713, valid_nll: 0.08802766724530553, valid_bleu: 0.01353185131660202
calculating bleu for 20 examples...
[2021-09-26 07:36:45] epoch 7: train_loss: 3.3893004728823293, valid_loss: 4.204237120492118, train_nll: 0.03236727944510324, valid_nll: 0.09289980504547417, valid_bleu: 0.012579555454130167
calculating bleu for 20 examples...
[2021-09-26 07:40:28] epoch 8: train_loss: 3.1881917885371616, valid_loss: 4.217681237629482, train_nll: 0.02779571729731046, valid_nll: 0.10127825139966777, valid_bleu: 0.013516244559084178
calculating bleu for 20 examples...
[2021-09-26 07:43:52] epoch 9: train_loss: 2.993018933704921, valid_loss: 4.28496105330331, train_nll: 0.024158201708112444, valid_nll: 0.11328500648438218, valid_bleu: 0.014466952612900385
saving at epoch 9...
calculating bleu for 20 examples...
[2021-09-26 07:47:20] epoch 10: train_loss: 2.7934668866955503, valid_loss: 4.322274276188442, train_nll: 0.021050666827766264, valid_nll: 0.12190575519890705, valid_bleu: 0.012933356883075953
calculating bleu for 20 examples...
[2021-09-26 07:50:44] epoch 11: train_loss: 2.595189982531022, valid_loss: 4.440186500549316, train_nll: 0.018493915504922673, valid_nll: 0.14020183441897136, valid_bleu: 0.025974366508308266
calculating bleu for 20 examples...
[2021-09-26 07:54:08] epoch 12: train_loss: 2.4022571541825117, valid_loss: 4.537473065512521, train_nll: 0.016319132383496724, valid_nll: 0.15923507670791606, valid_bleu: 0.02549359173049399
calculating bleu for 20 examples...
[2021-09-26 07:57:34] epoch 13: train_loss: 2.2140743477003917, valid_loss: 4.691768782479422, train_nll: 0.014548162512735666, valid_nll: 0.18294233520979125, valid_bleu: 0.022288390284983296
calculating bleu for 20 examples...
[2021-09-26 08:01:10] epoch 14: train_loss: 2.0336916890679575, valid_loss: 4.8192106655665805, train_nll: 0.012991191219539643, valid_nll: 0.20550761264044257, valid_bleu: 0.023600864436921686
calculating bleu for 20 examples...
[2021-09-26 08:04:37] epoch 15: train_loss: 1.8564849787828874, valid_loss: 5.023945263453892, train_nll: 0.011613542422859037, valid_nll: 0.23974926670282767, valid_bleu: 0.013848092357524877
calculating bleu for 20 examples...
[2021-09-26 08:08:03] epoch 16: train_loss: 1.6898531262971916, valid_loss: 5.143136160714286, train_nll: 0.010257428442507373, valid_nll: 0.2662140891314824, valid_bleu: 0.018287647112318527
calculating bleu for 20 examples...
[2021-09-26 08:11:26] epoch 17: train_loss: 1.5346668095004803, valid_loss: 5.336376190185547, train_nll: 0.009117945151723972, valid_nll: 0.3039933583560641, valid_bleu: 0.005630957796006019
calculating bleu for 20 examples...
[2021-09-26 08:14:51] epoch 18: train_loss: 1.3847347753388541, valid_loss: 5.460589613233294, train_nll: 0.008088511839965958, valid_nll: 0.32018106512822614, valid_bleu: 0.014985528306161986
calculating bleu for 20 examples...
[2021-09-26 08:18:17] epoch 19: train_loss: 1.2445339086104412, valid_loss: 5.674248559134347, train_nll: 0.0071018954663733995, valid_nll: 0.3690772893828139, valid_bleu: 0.014273685082766885
saving at epoch 19...
calculating bleu for 20 examples...
[2021-09-26 08:21:46] epoch 20: train_loss: 1.1173483714157222, valid_loss: 5.844601494925363, train_nll: 0.006309965522581526, valid_nll: 0.4107912922414004, valid_bleu: 0.012766467634531268
calculating bleu for 20 examples...
[2021-09-26 08:25:26] epoch 21: train_loss: 1.0006958720635395, valid_loss: 6.037768363952637, train_nll: 0.0054809027107394475, valid_nll: 0.44899271568583093, valid_bleu: 0.006545932827030515
calculating bleu for 20 examples...
[2021-09-26 08:28:53] epoch 22: train_loss: 0.8941001825186671, valid_loss: 6.195567744118827, train_nll: 0.004906467494199686, valid_nll: 0.48437705919308177, valid_bleu: 0.014693529271111888
calculating bleu for 20 examples...
[2021-09-26 08:32:15] epoch 23: train_loss: 0.7951860695469136, valid_loss: 6.375947271074567, train_nll: 0.004243118352625204, valid_nll: 0.5245586380535111, valid_bleu: 0.013095135027029728
calculating bleu for 20 examples...
[2021-09-26 08:35:58] epoch 24: train_loss: 0.7040810338696655, valid_loss: 6.534316948481968, train_nll: 0.003699998308298539, valid_nll: 0.5584963058412765, valid_bleu: 0.005499613309846446
calculating bleu for 20 examples...
[2021-09-26 08:39:38] epoch 25: train_loss: 0.6259054140168794, valid_loss: 6.7277759824480325, train_nll: 0.0031971881020394495, valid_nll: 0.604347140632541, valid_bleu: 0.006321342041944325
calculating bleu for 20 examples...
[2021-09-26 08:43:05] epoch 26: train_loss: 0.5538577695890349, valid_loss: 6.883179187774658, train_nll: 0.002806511358144332, valid_nll: 0.6444147064046268, valid_bleu: 0.008771518838823055
calculating bleu for 20 examples...
[2021-09-26 08:46:24] epoch 27: train_loss: 0.4882137588396364, valid_loss: 7.062257494245257, train_nll: 0.002469351663005595, valid_nll: 0.6689762565050302, valid_bleu: 1.1087090077944341e-78
calculating bleu for 20 examples...
[2021-09-26 08:50:03] epoch 28: train_loss: 0.4314195087977818, valid_loss: 7.213794299534389, train_nll: 0.0021789993068150114, valid_nll: 0.7026683080062683, valid_bleu: 0.0067352939995517
calculating bleu for 20 examples...
[2021-09-26 08:53:23] epoch 29: train_loss: 0.3780613056555086, valid_loss: 7.385329859597342, train_nll: 0.0018657680815093371, valid_nll: 0.7410368318833023, valid_bleu: 0.035297751706965655
saving at epoch 29...
calculating bleu for 20 examples...
[2021-09-26 08:56:45] epoch 30: train_loss: 0.3335837140983465, valid_loss: 7.568685122898647, train_nll: 0.00165855653490339, valid_nll: 0.7813099410345853, valid_bleu: 0.008914609827874221
calculating bleu for 20 examples...
[2021-09-26 09:00:03] epoch 31: train_loss: 0.29278670464243206, valid_loss: 7.688622883387974, train_nll: 0.0014654779972435466, valid_nll: 0.8037795753990997, valid_bleu: 0.029209867543153467
calculating bleu for 20 examples...
[2021-09-26 09:03:40] epoch 32: train_loss: 0.2622364013626867, valid_loss: 7.838353838239398, train_nll: 0.0013177497435614969, valid_nll: 0.8507102689972738, valid_bleu: 0.03907365675935651
calculating bleu for 20 examples...
[2021-09-26 09:07:00] epoch 33: train_loss: 0.23456648273431524, valid_loss: 7.999123913901193, train_nll: 0.0011772964486721764, valid_nll: 0.8805337082837781, valid_bleu: 0.012496828838403275
calculating bleu for 20 examples...
[2021-09-26 09:10:21] epoch 34: train_loss: 0.21116816982322809, valid_loss: 8.088508333478655, train_nll: 0.0010750312181394927, valid_nll: 0.8981248785805496, valid_bleu: 0.011684683261669554
calculating bleu for 20 examples...
[2021-09-26 09:13:42] epoch 35: train_loss: 0.18924156971731965, valid_loss: 8.222080298832484, train_nll: 0.0009632188386333232, valid_nll: 0.9232281591769943, valid_bleu: 0.008609583710384035
calculating bleu for 20 examples...
[2021-09-26 09:17:18] epoch 36: train_loss: 0.16700779677045588, valid_loss: 8.368768283299037, train_nll: 0.0008690561917363381, valid_nll: 0.9553407983627361, valid_bleu: 0.004485219843309832
calculating bleu for 20 examples...
[2021-09-26 09:20:38] epoch 37: train_loss: 0.1500610304730279, valid_loss: 8.47417402267456, train_nll: 0.0007902706361564948, valid_nll: 0.9809551347724478, valid_bleu: 0.015281364159591587
calculating bleu for 20 examples...
[2021-09-26 09:23:57] epoch 38: train_loss: 0.13826443779529357, valid_loss: 8.627151489257812, train_nll: 0.0007499106779350712, valid_nll: 1.0211870993382572, valid_bleu: 0.03453118115552689
calculating bleu for 20 examples...
[2021-09-26 09:27:21] epoch 39: train_loss: 0.1316073659655391, valid_loss: 8.68235274723598, train_nll: 0.0007039519749855508, valid_nll: 1.019772955502936, valid_bleu: 0.01857827195859941
saving at epoch 39...
calculating bleu for 20 examples...
[2021-09-26 09:30:50] epoch 40: train_loss: 0.13475036221955503, valid_loss: 8.773076329912458, train_nll: 0.0007074595021228401, valid_nll: 1.030670283844112, valid_bleu: 0.03422804797118027
calculating bleu for 20 examples...
[2021-09-26 09:34:15] epoch 41: train_loss: 0.15753676206329648, valid_loss: 8.85432311466762, train_nll: 0.0007838477050041665, valid_nll: 1.0381184244971216, valid_bleu: 0.03224595294024196
calculating bleu for 20 examples...
[2021-09-26 09:37:40] epoch 42: train_loss: 0.20932545421683058, valid_loss: 8.823102951049805, train_nll: 0.0009242552953836869, valid_nll: 1.0388512503555054, valid_bleu: 0.014991106946711685
calculating bleu for 20 examples...
[2021-09-26 09:41:21] epoch 43: train_loss: 0.2376253462719674, valid_loss: 8.86239242553711, train_nll: 0.00103525132724217, valid_nll: 1.0582776891109063, valid_bleu: 0.008341018076337196
calculating bleu for 20 examples...
[2021-09-26 09:44:50] epoch 44: train_loss: 0.1824026909865895, valid_loss: 8.948867525373187, train_nll: 0.0008985830786763405, valid_nll: 1.0925657900406784, valid_bleu: 0.014413255327014752
calculating bleu for 20 examples...
[2021-09-26 09:48:30] epoch 45: train_loss: 0.1088706835420156, valid_loss: 9.063470431736537, train_nll: 0.0006028604164134506, valid_nll: 1.1101258592277705, valid_bleu: 0.004447117462666289
calculating bleu for 20 examples...
[2021-09-26 09:51:56] epoch 46: train_loss: 0.062150248915565254, valid_loss: 9.263025283813477, train_nll: 0.00040261495541296844, valid_nll: 1.1847333422389226, valid_bleu: 0.00800355894129243
calculating bleu for 20 examples...
[2021-09-26 09:55:21] epoch 47: train_loss: 0.04035156969057054, valid_loss: 9.357554299490792, train_nll: 0.000278063622421991, valid_nll: 1.203410156160226, valid_bleu: 0.011871447747554708
calculating bleu for 20 examples...
[2021-09-26 09:58:48] epoch 48: train_loss: 0.02972851267882756, valid_loss: 9.497952325003487, train_nll: 0.00021040843914966193, valid_nll: 1.240287162162162, valid_bleu: 0.011871447747554708
calculating bleu for 20 examples...
[2021-09-26 10:02:12] epoch 49: train_loss: 0.024653127112863014, valid_loss: 9.617009571620397, train_nll: 0.00017489438992057346, valid_nll: 1.2651204808623195, valid_bleu: 0.023221924034306736
saving at epoch 49...
calculating bleu for 888 examples...
calculating bleu for 20 examples...
[2021-09-26 10:42:54] epoch 50: train_loss: 0.02169523876616541, valid_loss: 9.690564291817802, train_nll: 0.00015252469809687866, valid_nll: 1.2783498593958276, valid_bleu: 0.012612068587815536
calculating bleu for 20 examples...
[2021-09-26 10:46:17] epoch 51: train_loss: 0.01930770449986567, valid_loss: 9.793085643223353, train_nll: 0.0001336721714480667, valid_nll: 1.305405804900085, valid_bleu: 0.004921544490716352
calculating bleu for 20 examples...
[2021-09-26 10:49:43] epoch 52: train_loss: 0.01719472604347583, valid_loss: 9.877121380397252, train_nll: 0.000119313601377059, valid_nll: 1.3209282828946611, valid_bleu: 1.5547533218666448e-78
calculating bleu for 20 examples...
[2021-09-26 10:53:11] epoch 53: train_loss: 0.015685196904161453, valid_loss: 9.990880966186523, train_nll: 0.00010803693241002608, valid_nll: 1.3404309510702508, valid_bleu: 0.03417884455701496
calculating bleu for 20 examples...
[2021-09-26 10:56:37] epoch 54: train_loss: 0.014420809704164157, valid_loss: 10.055226598467145, train_nll: 9.794091770376048e-05, valid_nll: 1.3556846454534095, valid_bleu: 0.0105179792764015
calculating bleu for 20 examples...
[2021-09-26 11:00:02] epoch 55: train_loss: 0.013165965500496785, valid_loss: 10.173719133649554, train_nll: 9.039090869337853e-05, valid_nll: 1.3773542019478822, valid_bleu: 0.016833955763682407
calculating bleu for 20 examples...
[2021-09-26 11:03:45] epoch 56: train_loss: 0.012185092602039174, valid_loss: 10.238515172685895, train_nll: 8.50831162152569e-05, valid_nll: 1.3906519771126356, valid_bleu: 0.027755036548261402
calculating bleu for 20 examples...
[2021-09-26 11:07:09] epoch 57: train_loss: 0.011917792792831148, valid_loss: 10.342716353280204, train_nll: 8.390462122451804e-05, valid_nll: 1.4067837069371667, valid_bleu: 0.030320121992238568
calculating bleu for 20 examples...
[2021-09-26 11:10:36] epoch 58: train_loss: 0.016550460678278183, valid_loss: 10.352296011788505, train_nll: 9.755782714987854e-05, valid_nll: 1.3838530040922619, valid_bleu: 0.003945006006906601
calculating bleu for 20 examples...
[2021-09-26 11:14:17] epoch 59: train_loss: 0.9229507384422634, valid_loss: 8.867826053074428, train_nll: 0.006433431242436779, valid_nll: 1.0337107750089056, valid_bleu: 0.007755775045260048
saving at epoch 59...
calculating bleu for 20 examples...
[2021-09-26 11:17:45] epoch 60: train_loss: 0.7130779797325328, valid_loss: 8.657888753073555, train_nll: 0.005603210499857978, valid_nll: 1.10432379375948, valid_bleu: 0.034429141959500864
calculating bleu for 20 examples...
[2021-09-26 11:21:10] epoch 61: train_loss: 0.31175619356182155, valid_loss: 8.865165846688408, train_nll: 0.0025823341899015467, valid_nll: 1.2099642479193957, valid_bleu: 0.013517817429403962
calculating bleu for 20 examples...
[2021-09-26 11:24:40] epoch 62: train_loss: 0.1303263652917682, valid_loss: 9.070453916277204, train_nll: 0.00135332856606464, valid_nll: 1.2940059548946268, valid_bleu: 0.009251599780696448
calculating bleu for 20 examples...
[2021-09-26 11:28:19] epoch 63: train_loss: 0.05885006187065524, valid_loss: 9.230271884373256, train_nll: 0.0007607914320770353, valid_nll: 1.356729997346278, valid_bleu: 0.039147348044312566
calculating bleu for 20 examples...
[2021-09-26 11:32:00] epoch 64: train_loss: 0.03308212547087852, valid_loss: 9.42821775163923, train_nll: 0.0004946808989331613, valid_nll: 1.4058070995501242, valid_bleu: 0.042109684134999256
calculating bleu for 20 examples...
[2021-09-26 11:35:41] epoch 65: train_loss: 0.023866157104470292, valid_loss: 9.533234460013253, train_nll: 0.0003923675163911313, valid_nll: 1.4340300632763663, valid_bleu: 0.04091716265100835
calculating bleu for 20 examples...
[2021-09-26 11:39:07] epoch 66: train_loss: 0.019653713159567238, valid_loss: 9.634930610656738, train_nll: 0.0003366111959729876, valid_nll: 1.4641864017038404, valid_bleu: 0.032626254562872145
calculating bleu for 20 examples...
[2021-09-26 11:42:30] epoch 67: train_loss: 0.017094491553321784, valid_loss: 9.724806649344307, train_nll: 0.00030562077482051904, valid_nll: 1.4793297861796746, valid_bleu: 0.03078821032007616
calculating bleu for 20 examples...
[2021-09-26 11:45:57] epoch 68: train_loss: 0.015005267386761854, valid_loss: 9.786863463265556, train_nll: 0.000274632037221169, valid_nll: 1.5016053738587918, valid_bleu: 0.0344366112994174
calculating bleu for 20 examples...
[2021-09-26 11:49:22] epoch 69: train_loss: 0.01334952785424432, valid_loss: 9.871550968715123, train_nll: 0.000256745098464343, valid_nll: 1.5207575191182892, valid_bleu: 0.03078821032007616
saving at epoch 69...
calculating bleu for 20 examples...
[2021-09-26 11:52:49] epoch 70: train_loss: 0.012000461650670183, valid_loss: 9.968593188694545, train_nll: 0.00023915418483773056, valid_nll: 1.5408571512959068, valid_bleu: 0.033489887962690756
calculating bleu for 20 examples...
[2021-09-26 11:56:13] epoch 71: train_loss: 0.010828240289904026, valid_loss: 10.0265565599714, train_nll: 0.0002245675856361584, valid_nll: 1.5537599429288185, valid_bleu: 0.04026402510387153
calculating bleu for 20 examples...
[2021-09-26 11:59:39] epoch 72: train_loss: 0.009943304003729505, valid_loss: 10.117308071681432, train_nll: 0.0002116074428611899, valid_nll: 1.5709132232918506, valid_bleu: 0.014480890512672423
calculating bleu for 20 examples...
[2021-09-26 12:03:07] epoch 73: train_loss: 0.009021057725922033, valid_loss: 10.181818280901227, train_nll: 0.00020196077215428254, valid_nll: 1.5847349536837538, valid_bleu: 0.03378052520073259
calculating bleu for 20 examples...
[2021-09-26 12:06:35] epoch 74: train_loss: 0.00818932494766326, valid_loss: 10.27209758758545, train_nll: 0.00018930680441695528, valid_nll: 1.6070277779872506, valid_bleu: 0.043922367353791326
calculating bleu for 20 examples...
[2021-09-26 12:09:59] epoch 75: train_loss: 0.007493436778420392, valid_loss: 10.338878767830986, train_nll: 0.00018105758820261274, valid_nll: 1.6212160671912346, valid_bleu: 0.05391079840608519
calculating bleu for 20 examples...
[2021-09-26 12:13:26] epoch 76: train_loss: 0.00687899301541323, valid_loss: 10.421003477913994, train_nll: 0.0001725941355617679, valid_nll: 1.6372785587524705, valid_bleu: 0.03078821032007616
calculating bleu for 20 examples...
[2021-09-26 12:17:06] epoch 77: train_loss: 0.006447579162860555, valid_loss: 10.472549029758998, train_nll: 0.0001631914004014463, valid_nll: 1.6480481497920114, valid_bleu: 0.04726626544414223
calculating bleu for 20 examples...
[2021-09-26 12:20:28] epoch 78: train_loss: 0.006023821095479842, valid_loss: 10.570028168814522, train_nll: 0.00015607105165111774, valid_nll: 1.674109510648643, valid_bleu: 0.005005075728877052
calculating bleu for 20 examples...
[2021-09-26 12:23:50] epoch 79: train_loss: 0.005711716590259148, valid_loss: 10.639840262276786, train_nll: 0.00015125543081030555, valid_nll: 1.6844212650748644, valid_bleu: 0.022883860184415867
saving at epoch 79...
calculating bleu for 20 examples...
[2021-09-26 12:27:30] epoch 80: train_loss: 0.007133471734384645, valid_loss: 10.665044375828334, train_nll: 0.000173274919290751, valid_nll: 1.6690061905516007, valid_bleu: 0.043609490742453544
calculating bleu for 20 examples...
[2021-09-26 12:30:51] epoch 81: train_loss: 0.8318983247403854, valid_loss: 9.094641413007464, train_nll: 0.01163690953113261, valid_nll: 1.2757837232760503, valid_bleu: 0.02944072896224458
calculating bleu for 20 examples...
[2021-09-26 12:34:14] epoch 82: train_loss: 0.752412521109289, valid_loss: 8.891095433916364, train_nll: 0.01502037494121794, valid_nll: 1.4501140781745554, valid_bleu: 0.021021668107551156
calculating bleu for 20 examples...
[2021-09-26 12:37:40] epoch 83: train_loss: 0.3025858946600739, valid_loss: 9.050409317016602, train_nll: 0.007706879937308175, valid_nll: 1.519522373587315, valid_bleu: 0.006000046629477377
calculating bleu for 20 examples...
[2021-09-26 12:41:02] epoch 84: train_loss: 0.12003932148218155, valid_loss: 9.307011604309082, train_nll: 0.004089899517759985, valid_nll: 1.6274559159865383, valid_bleu: 0.02685669821499135
calculating bleu for 20 examples...
[2021-09-26 12:44:23] epoch 85: train_loss: 0.052267191475447346, valid_loss: 9.481808389936175, train_nll: 0.0024019369292881624, valid_nll: 1.7023600574625966, valid_bleu: 0.026486972029732263
calculating bleu for 20 examples...
[2021-09-26 12:47:44] epoch 86: train_loss: 0.0275674088173831, valid_loss: 9.648356573922294, train_nll: 0.0016048258676334304, valid_nll: 1.7510301688506906, valid_bleu: 0.03563615148137082
calculating bleu for 20 examples...
[2021-09-26 12:51:05] epoch 87: train_loss: 0.018984404392540455, valid_loss: 9.76921912602016, train_nll: 0.0012707612948514976, valid_nll: 1.79709631556381, valid_bleu: 0.026652111025811186
calculating bleu for 20 examples...
[2021-09-26 12:54:25] epoch 88: train_loss: 0.015264107565376528, valid_loss: 9.860968589782715, train_nll: 0.0011418819929743757, valid_nll: 1.8265448526591803, valid_bleu: 0.02638346208380078
calculating bleu for 20 examples...
[2021-09-26 12:57:54] epoch 89: train_loss: 0.013055820968382212, valid_loss: 9.922962461199079, train_nll: 0.0010541745615264377, valid_nll: 1.8408968785730087, valid_bleu: 0.03483716059775795
saving at epoch 89...
calculating bleu for 20 examples...
[2021-09-26 13:01:39] epoch 90: train_loss: 0.011409029131755233, valid_loss: 10.006647654942103, train_nll: 0.0010002735256662175, valid_nll: 1.8705422453504206, valid_bleu: 0.047437191570438075
calculating bleu for 20 examples...
[2021-09-26 13:05:07] epoch 91: train_loss: 0.010111932899346766, valid_loss: 10.066091537475586, train_nll: 0.0009585897678798546, valid_nll: 1.8864398443604637, valid_bleu: 0.02696104049247438
calculating bleu for 20 examples...
[2021-09-26 13:08:31] epoch 92: train_loss: 0.009190685343833603, valid_loss: 10.154069083077568, train_nll: 0.0009136354336596526, valid_nll: 1.904613530642409, valid_bleu: 0.03748619039422928
calculating bleu for 20 examples...
[2021-09-26 13:11:55] epoch 93: train_loss: 0.008239084669407837, valid_loss: 10.197648865836006, train_nll: 0.0008734251416561291, valid_nll: 1.9236622112685868, valid_bleu: 0.058442212241797686
calculating bleu for 20 examples...
[2021-09-26 13:15:20] epoch 94: train_loss: 0.007384405604430607, valid_loss: 10.253030368259974, train_nll: 0.0008396083296561727, valid_nll: 1.9392273431754459, valid_bleu: 0.04074202950774568
calculating bleu for 20 examples...
[2021-09-26 13:18:44] epoch 95: train_loss: 0.006795720674800782, valid_loss: 10.340757369995117, train_nll: 0.0008151480170658657, valid_nll: 1.9570181654270662, valid_bleu: 0.05322911386535243
calculating bleu for 20 examples...
[2021-09-26 13:22:09] epoch 96: train_loss: 0.00619383598677814, valid_loss: 10.397695813860212, train_nll: 0.0007860088143056752, valid_nll: 1.9720860947841974, valid_bleu: 0.04625493305527012
calculating bleu for 20 examples...
[2021-09-26 13:25:32] epoch 97: train_loss: 0.005714472970088982, valid_loss: 10.444278580801827, train_nll: 0.0007622483905369876, valid_nll: 1.989907238233131, valid_bleu: 0.051472384045608076
calculating bleu for 20 examples...
[2021-09-26 13:28:59] epoch 98: train_loss: 0.005257852159307471, valid_loss: 10.517499923706055, train_nll: 0.0007373472342324172, valid_nll: 1.9948201474952312, valid_bleu: 0.06854996196220983
calculating bleu for 20 examples...
[2021-09-26 13:32:26] epoch 99: train_loss: 0.004836743420740704, valid_loss: 10.57145881652832, train_nll: 0.0007078816574585248, valid_nll: 2.0139964083183948, valid_bleu: 0.033194622902882456
saving at epoch 99...
calculating bleu for 888 examples...
