------------ Configs ------------
loading JSB data...
loading Muse data...
loading Nott data...
loading Piano data...
loading JSB data...
loading Muse data...
loading Nott data...
loading Piano data...
model summary: 
====================================================
      Kernel Shape   Output Shape  Params  Mult-Adds
Layer                                               
0_rnn            -  [200, 1, 100]   19000      18800
1_mlp    [100, 88]   [200, 1, 88]    8888       8800
----------------------------------------------------
                      Totals
Total params           27888
Trainable params       27888
Non-trainable params       0
Mult-Adds              27600
====================================================
rnn:  tanh
data:  all
optimizer:  rmsprop
learning rate:  0.001
momentum:  0.9
weight decay:  0.0
gradient clipping:  1.0
loss criterion:  bce
continue training:  False
save directory:  ./exp/music/all/tanh
log directory:  ./log/music/all/tanh
starting epoch:  0
ending epoch:  500
steps per epoch:  1534
cuda:  True
---------------------------------
[2021-09-24 19:26:35] epoch 0: train_loss: 0.12326568270143427, valid_loss: 0.10394219832137377, train_nll: 8.439681605652648, valid_nll: 6.7255577204158365
[2021-09-24 19:27:08] epoch 1: train_loss: 0.09321461186891196, valid_loss: 0.09382841765240889, train_nll: 6.613201728986585, valid_nll: 6.429564720170148
[2021-09-24 19:27:40] epoch 2: train_loss: 0.08868756186523058, valid_loss: 0.08791515562269422, train_nll: 6.210402744976197, valid_nll: 5.929460949821818
[2021-09-24 19:28:12] epoch 3: train_loss: 0.08645735152133752, valid_loss: 0.09055501944150286, train_nll: 5.952472221097985, valid_nll: 5.808666364561673
[2021-09-24 19:28:44] epoch 4: train_loss: 0.08520170441443754, valid_loss: 0.08541675997578134, train_nll: 5.860378180566089, valid_nll: 6.194204678845814
[2021-09-24 19:29:16] epoch 5: train_loss: 0.08424187588931645, valid_loss: 0.08773386204671679, train_nll: 5.759571770100697, valid_nll: 5.780298599287962
[2021-09-24 19:29:48] epoch 6: train_loss: 0.0832873826829481, valid_loss: 0.08869821074738572, train_nll: 5.739538428731272, valid_nll: 5.949093301553869
[2021-09-24 19:30:20] epoch 7: train_loss: 0.08305394798310806, valid_loss: 0.08803512513487026, train_nll: 5.6364814302614015, valid_nll: 6.215836124446406
[2021-09-24 19:30:52] epoch 8: train_loss: 0.0828841339476222, valid_loss: 0.08298256097718923, train_nll: 5.606037152736727, valid_nll: 5.658755020643036
[2021-09-24 19:31:24] epoch 9: train_loss: 0.08208691223974994, valid_loss: 0.08326360177380418, train_nll: 5.57171054873728, valid_nll: 5.333411925103486
[2021-09-24 19:31:56] epoch 10: train_loss: 0.08118880253086035, valid_loss: 0.08493403928598972, train_nll: 5.455556726242586, valid_nll: 5.747006773257155
[2021-09-24 19:32:28] epoch 11: train_loss: 0.08105787849527295, valid_loss: 0.08301587450797811, train_nll: 5.461648868856221, valid_nll: 4.975789304845244
[2021-09-24 19:33:00] epoch 12: train_loss: 0.08092594432925036, valid_loss: 0.08457518348968918, train_nll: 5.448307569091556, valid_nll: 6.407434328809544
[2021-09-24 19:33:32] epoch 13: train_loss: 0.08107326244461839, valid_loss: 0.0826011908057174, train_nll: 5.473930613390873, valid_nll: 5.525195089505741
[2021-09-24 19:34:04] epoch 14: train_loss: 0.0814346704556761, valid_loss: 0.08360250655919163, train_nll: 5.494126208669661, valid_nll: 5.812228599170804
[2021-09-24 19:34:36] epoch 15: train_loss: 0.08212980199629512, valid_loss: 0.08462076671092272, train_nll: 5.548260851732994, valid_nll: 5.664430454162228
[2021-09-24 19:35:08] epoch 16: train_loss: 0.08388622487971688, valid_loss: 0.08587171859343094, train_nll: 5.691193515174272, valid_nll: 5.775819823700219
[2021-09-24 19:35:41] epoch 17: train_loss: 0.08415768389994427, valid_loss: 0.08888502026710546, train_nll: 5.686661919440604, valid_nll: 5.320335403332661
[2021-09-24 19:36:12] epoch 18: train_loss: 0.08370526528503197, valid_loss: 0.084772604795154, train_nll: 5.661397237043323, valid_nll: 5.793815042863444
[2021-09-24 19:36:44] epoch 19: train_loss: 0.08439623330861835, valid_loss: 0.08737599670962252, train_nll: 5.700652440539856, valid_nll: 5.6907278426627785
[2021-09-24 19:37:17] epoch 20: train_loss: 0.08451882935392596, valid_loss: 0.0873939934929814, train_nll: 5.709193955266849, valid_nll: 5.282587380640331
[2021-09-24 19:37:49] epoch 21: train_loss: 0.08508444331814638, valid_loss: 0.08988162305563538, train_nll: 5.799370270484998, valid_nll: 5.686197968678462
[2021-09-24 19:38:21] epoch 22: train_loss: 0.08638046566042393, valid_loss: 0.09002842948386314, train_nll: 5.886861600963508, valid_nll: 6.263793844246584
[2021-09-24 19:38:53] epoch 23: train_loss: 0.08633204487381889, valid_loss: 0.088807302522426, train_nll: 5.866901611260561, valid_nll: 5.845715924013487
[2021-09-24 19:39:25] epoch 24: train_loss: 0.08564424345383938, valid_loss: 0.09127872253796368, train_nll: 5.821903871116823, valid_nll: 6.03970862013171
[2021-09-24 19:39:57] epoch 25: train_loss: 0.08717503421241721, valid_loss: 0.0876267767661825, train_nll: 5.905952453530995, valid_nll: 5.945596538396917
[2021-09-24 19:40:29] epoch 26: train_loss: 0.08877517260377923, valid_loss: 0.0970748896437763, train_nll: 6.088791292003825, valid_nll: 6.794146222666652
[2021-09-24 19:41:01] epoch 27: train_loss: 0.09083353240781183, valid_loss: 0.09040507566974018, train_nll: 6.231411642607168, valid_nll: 6.092598826762104
[2021-09-24 19:41:48] epoch 28: train_loss: 0.09459060090539353, valid_loss: 0.09808313198895617, train_nll: 6.493216457703233, valid_nll: 7.386130074587563
[2021-09-24 19:42:20] epoch 29: train_loss: 0.09566546053379152, valid_loss: 0.102671823558407, train_nll: 6.529669526227158, valid_nll: 6.511016331284108
[2021-09-24 19:42:52] epoch 30: train_loss: 0.09879196515960093, valid_loss: 0.1044129473345373, train_nll: 6.743332899944569, valid_nll: 6.772697049227943
[2021-09-24 19:43:24] epoch 31: train_loss: nan, valid_loss: nan, train_nll: nan, valid_nll: nan
[2021-09-24 19:43:56] epoch 32: train_loss: nan, valid_loss: nan, train_nll: nan, valid_nll: nan
[2021-09-24 19:44:27] epoch 33: train_loss: nan, valid_loss: nan, train_nll: nan, valid_nll: nan
[2021-09-24 19:44:59] epoch 34: train_loss: nan, valid_loss: nan, train_nll: nan, valid_nll: nan
[2021-09-24 19:45:31] epoch 35: train_loss: nan, valid_loss: nan, train_nll: nan, valid_nll: nan
[2021-09-24 19:46:03] epoch 36: train_loss: nan, valid_loss: nan, train_nll: nan, valid_nll: nan
[2021-09-24 19:46:35] epoch 37: train_loss: nan, valid_loss: nan, train_nll: nan, valid_nll: nan
[2021-09-24 19:47:07] epoch 38: train_loss: nan, valid_loss: nan, train_nll: nan, valid_nll: nan
[2021-09-24 19:47:39] epoch 39: train_loss: nan, valid_loss: nan, train_nll: nan, valid_nll: nan
[2021-09-24 19:48:21] epoch 40: train_loss: nan, valid_loss: nan, train_nll: nan, valid_nll: nan
[2021-09-24 19:48:53] epoch 41: train_loss: nan, valid_loss: nan, train_nll: nan, valid_nll: nan
[2021-09-24 19:49:25] epoch 42: train_loss: nan, valid_loss: nan, train_nll: nan, valid_nll: nan
[2021-09-24 19:49:57] epoch 43: train_loss: nan, valid_loss: nan, train_nll: nan, valid_nll: nan
[2021-09-24 19:50:29] epoch 44: train_loss: nan, valid_loss: nan, train_nll: nan, valid_nll: nan
[2021-09-24 19:51:01] epoch 45: train_loss: nan, valid_loss: nan, train_nll: nan, valid_nll: nan
[2021-09-24 19:51:32] epoch 46: train_loss: nan, valid_loss: nan, train_nll: nan, valid_nll: nan
[2021-09-24 19:52:04] epoch 47: train_loss: nan, valid_loss: nan, train_nll: nan, valid_nll: nan
[2021-09-24 19:52:36] epoch 48: train_loss: nan, valid_loss: nan, train_nll: nan, valid_nll: nan
[2021-09-24 19:53:08] epoch 49: train_loss: nan, valid_loss: nan, train_nll: nan, valid_nll: nan
[2021-09-24 19:53:40] epoch 50: train_loss: nan, valid_loss: nan, train_nll: nan, valid_nll: nan
[2021-09-24 19:54:12] epoch 51: train_loss: nan, valid_loss: nan, train_nll: nan, valid_nll: nan
[2021-09-24 19:54:44] epoch 52: train_loss: nan, valid_loss: nan, train_nll: nan, valid_nll: nan
[2021-09-24 19:55:16] epoch 53: train_loss: nan, valid_loss: nan, train_nll: nan, valid_nll: nan
[2021-09-24 19:55:48] epoch 54: train_loss: nan, valid_loss: nan, train_nll: nan, valid_nll: nan
[2021-09-24 19:56:19] epoch 55: train_loss: nan, valid_loss: nan, train_nll: nan, valid_nll: nan
[2021-09-24 19:56:51] epoch 56: train_loss: nan, valid_loss: nan, train_nll: nan, valid_nll: nan
[2021-09-24 19:57:23] epoch 57: train_loss: nan, valid_loss: nan, train_nll: nan, valid_nll: nan
[2021-09-24 19:57:55] epoch 58: train_loss: nan, valid_loss: nan, train_nll: nan, valid_nll: nan
[2021-09-24 19:58:27] epoch 59: train_loss: nan, valid_loss: nan, train_nll: nan, valid_nll: nan
[2021-09-24 19:58:59] epoch 60: train_loss: nan, valid_loss: nan, train_nll: nan, valid_nll: nan
[2021-09-24 19:59:31] epoch 61: train_loss: nan, valid_loss: nan, train_nll: nan, valid_nll: nan
[2021-09-24 20:00:03] epoch 62: train_loss: nan, valid_loss: nan, train_nll: nan, valid_nll: nan
[2021-09-24 20:00:34] epoch 63: train_loss: nan, valid_loss: nan, train_nll: nan, valid_nll: nan
[2021-09-24 20:01:06] epoch 64: train_loss: nan, valid_loss: nan, train_nll: nan, valid_nll: nan
[2021-09-24 20:01:38] epoch 65: train_loss: nan, valid_loss: nan, train_nll: nan, valid_nll: nan
[2021-09-24 20:02:10] epoch 66: train_loss: nan, valid_loss: nan, train_nll: nan, valid_nll: nan
[2021-09-24 20:02:42] epoch 67: train_loss: nan, valid_loss: nan, train_nll: nan, valid_nll: nan
[2021-09-24 20:03:13] epoch 68: train_loss: nan, valid_loss: nan, train_nll: nan, valid_nll: nan
[2021-09-24 20:03:45] epoch 69: train_loss: nan, valid_loss: nan, train_nll: nan, valid_nll: nan
[2021-09-24 20:04:17] epoch 70: train_loss: nan, valid_loss: nan, train_nll: nan, valid_nll: nan
[2021-09-24 20:04:49] epoch 71: train_loss: nan, valid_loss: nan, train_nll: nan, valid_nll: nan
[2021-09-24 20:05:21] epoch 72: train_loss: nan, valid_loss: nan, train_nll: nan, valid_nll: nan
[2021-09-24 20:05:53] epoch 73: train_loss: nan, valid_loss: nan, train_nll: nan, valid_nll: nan
[2021-09-24 20:06:25] epoch 74: train_loss: nan, valid_loss: nan, train_nll: nan, valid_nll: nan
[2021-09-24 20:07:05] epoch 75: train_loss: nan, valid_loss: nan, train_nll: nan, valid_nll: nan
[2021-09-24 20:07:37] epoch 76: train_loss: nan, valid_loss: nan, train_nll: nan, valid_nll: nan
[2021-09-24 20:08:09] epoch 77: train_loss: nan, valid_loss: nan, train_nll: nan, valid_nll: nan
[2021-09-24 20:08:41] epoch 78: train_loss: nan, valid_loss: nan, train_nll: nan, valid_nll: nan
[2021-09-24 20:09:12] epoch 79: train_loss: nan, valid_loss: nan, train_nll: nan, valid_nll: nan
[2021-09-24 20:09:44] epoch 80: train_loss: nan, valid_loss: nan, train_nll: nan, valid_nll: nan
[2021-09-24 20:10:16] epoch 81: train_loss: nan, valid_loss: nan, train_nll: nan, valid_nll: nan
[2021-09-24 20:10:48] epoch 82: train_loss: nan, valid_loss: nan, train_nll: nan, valid_nll: nan
[2021-09-24 20:11:20] epoch 83: train_loss: nan, valid_loss: nan, train_nll: nan, valid_nll: nan
[2021-09-24 20:11:52] epoch 84: train_loss: nan, valid_loss: nan, train_nll: nan, valid_nll: nan
[2021-09-24 20:12:23] epoch 85: train_loss: nan, valid_loss: nan, train_nll: nan, valid_nll: nan
[2021-09-24 20:12:55] epoch 86: train_loss: nan, valid_loss: nan, train_nll: nan, valid_nll: nan
[2021-09-24 20:13:27] epoch 87: train_loss: nan, valid_loss: nan, train_nll: nan, valid_nll: nan
[2021-09-24 20:13:59] epoch 88: train_loss: nan, valid_loss: nan, train_nll: nan, valid_nll: nan
[2021-09-24 20:14:31] epoch 89: train_loss: nan, valid_loss: nan, train_nll: nan, valid_nll: nan
[2021-09-24 20:15:02] epoch 90: train_loss: nan, valid_loss: nan, train_nll: nan, valid_nll: nan
[2021-09-24 20:15:34] epoch 91: train_loss: nan, valid_loss: nan, train_nll: nan, valid_nll: nan
[2021-09-24 20:16:06] epoch 92: train_loss: nan, valid_loss: nan, train_nll: nan, valid_nll: nan
[2021-09-24 20:16:38] epoch 93: train_loss: nan, valid_loss: nan, train_nll: nan, valid_nll: nan
[2021-09-24 20:17:10] epoch 94: train_loss: nan, valid_loss: nan, train_nll: nan, valid_nll: nan
[2021-09-24 20:17:42] epoch 95: train_loss: nan, valid_loss: nan, train_nll: nan, valid_nll: nan
[2021-09-24 20:18:14] epoch 96: train_loss: nan, valid_loss: nan, train_nll: nan, valid_nll: nan
[2021-09-24 20:18:46] epoch 97: train_loss: nan, valid_loss: nan, train_nll: nan, valid_nll: nan
[2021-09-24 20:19:17] epoch 98: train_loss: nan, valid_loss: nan, train_nll: nan, valid_nll: nan
[2021-09-24 20:19:49] epoch 99: train_loss: nan, valid_loss: nan, train_nll: nan, valid_nll: nan
[2021-09-24 20:20:21] epoch 100: train_loss: nan, valid_loss: nan, train_nll: nan, valid_nll: nan
[2021-09-24 20:20:53] epoch 101: train_loss: nan, valid_loss: nan, train_nll: nan, valid_nll: nan
[2021-09-24 20:21:25] epoch 102: train_loss: nan, valid_loss: nan, train_nll: nan, valid_nll: nan
[2021-09-24 20:21:57] epoch 103: train_loss: nan, valid_loss: nan, train_nll: nan, valid_nll: nan
[2021-09-24 20:22:29] epoch 104: train_loss: nan, valid_loss: nan, train_nll: nan, valid_nll: nan
[2021-09-24 20:23:01] epoch 105: train_loss: nan, valid_loss: nan, train_nll: nan, valid_nll: nan
[2021-09-24 20:23:33] epoch 106: train_loss: nan, valid_loss: nan, train_nll: nan, valid_nll: nan
[2021-09-24 20:24:04] epoch 107: train_loss: nan, valid_loss: nan, train_nll: nan, valid_nll: nan
[2021-09-24 20:24:36] epoch 108: train_loss: nan, valid_loss: nan, train_nll: nan, valid_nll: nan
[2021-09-24 20:25:08] epoch 109: train_loss: nan, valid_loss: nan, train_nll: nan, valid_nll: nan
[2021-09-24 20:25:41] epoch 110: train_loss: nan, valid_loss: nan, train_nll: nan, valid_nll: nan
[2021-09-24 20:26:13] epoch 111: train_loss: nan, valid_loss: nan, train_nll: nan, valid_nll: nan
[2021-09-24 20:26:45] epoch 112: train_loss: nan, valid_loss: nan, train_nll: nan, valid_nll: nan
[2021-09-24 20:27:17] epoch 113: train_loss: nan, valid_loss: nan, train_nll: nan, valid_nll: nan
[2021-09-24 20:27:49] epoch 114: train_loss: nan, valid_loss: nan, train_nll: nan, valid_nll: nan
[2021-09-24 20:28:21] epoch 115: train_loss: nan, valid_loss: nan, train_nll: nan, valid_nll: nan
[2021-09-24 20:28:53] epoch 116: train_loss: nan, valid_loss: nan, train_nll: nan, valid_nll: nan
[2021-09-24 20:29:24] epoch 117: train_loss: nan, valid_loss: nan, train_nll: nan, valid_nll: nan
[2021-09-24 20:29:56] epoch 118: train_loss: nan, valid_loss: nan, train_nll: nan, valid_nll: nan
[2021-09-24 20:30:28] epoch 119: train_loss: nan, valid_loss: nan, train_nll: nan, valid_nll: nan
[2021-09-24 20:31:00] epoch 120: train_loss: nan, valid_loss: nan, train_nll: nan, valid_nll: nan
[2021-09-24 20:31:32] epoch 121: train_loss: nan, valid_loss: nan, train_nll: nan, valid_nll: nan
[2021-09-24 20:32:04] epoch 122: train_loss: nan, valid_loss: nan, train_nll: nan, valid_nll: nan
[2021-09-24 20:32:36] epoch 123: train_loss: nan, valid_loss: nan, train_nll: nan, valid_nll: nan
[2021-09-24 20:33:08] epoch 124: train_loss: nan, valid_loss: nan, train_nll: nan, valid_nll: nan
[2021-09-24 20:33:40] epoch 125: train_loss: nan, valid_loss: nan, train_nll: nan, valid_nll: nan
[2021-09-24 20:34:12] epoch 126: train_loss: nan, valid_loss: nan, train_nll: nan, valid_nll: nan
[2021-09-24 20:34:44] epoch 127: train_loss: nan, valid_loss: nan, train_nll: nan, valid_nll: nan
[2021-09-24 20:35:16] epoch 128: train_loss: nan, valid_loss: nan, train_nll: nan, valid_nll: nan
[2021-09-24 20:35:47] epoch 129: train_loss: nan, valid_loss: nan, train_nll: nan, valid_nll: nan
[2021-09-24 20:36:19] epoch 130: train_loss: nan, valid_loss: nan, train_nll: nan, valid_nll: nan
[2021-09-24 20:36:51] epoch 131: train_loss: nan, valid_loss: nan, train_nll: nan, valid_nll: nan
[2021-09-24 20:37:23] epoch 132: train_loss: nan, valid_loss: nan, train_nll: nan, valid_nll: nan
[2021-09-24 20:37:55] epoch 133: train_loss: nan, valid_loss: nan, train_nll: nan, valid_nll: nan
[2021-09-24 20:38:27] epoch 134: train_loss: nan, valid_loss: nan, train_nll: nan, valid_nll: nan
[2021-09-24 20:38:59] epoch 135: train_loss: nan, valid_loss: nan, train_nll: nan, valid_nll: nan
[2021-09-24 20:39:31] epoch 136: train_loss: nan, valid_loss: nan, train_nll: nan, valid_nll: nan
[2021-09-24 20:40:03] epoch 137: train_loss: nan, valid_loss: nan, train_nll: nan, valid_nll: nan
[2021-09-24 20:40:35] epoch 138: train_loss: nan, valid_loss: nan, train_nll: nan, valid_nll: nan
[2021-09-24 20:41:06] epoch 139: train_loss: nan, valid_loss: nan, train_nll: nan, valid_nll: nan
[2021-09-24 20:41:38] epoch 140: train_loss: nan, valid_loss: nan, train_nll: nan, valid_nll: nan
[2021-09-24 20:42:10] epoch 141: train_loss: nan, valid_loss: nan, train_nll: nan, valid_nll: nan
[2021-09-24 20:42:42] epoch 142: train_loss: nan, valid_loss: nan, train_nll: nan, valid_nll: nan
[2021-09-24 20:43:14] epoch 143: train_loss: nan, valid_loss: nan, train_nll: nan, valid_nll: nan
[2021-09-24 20:43:46] epoch 144: train_loss: nan, valid_loss: nan, train_nll: nan, valid_nll: nan
[2021-09-24 20:44:18] epoch 145: train_loss: nan, valid_loss: nan, train_nll: nan, valid_nll: nan
[2021-09-24 20:44:49] epoch 146: train_loss: nan, valid_loss: nan, train_nll: nan, valid_nll: nan
[2021-09-24 20:45:21] epoch 147: train_loss: nan, valid_loss: nan, train_nll: nan, valid_nll: nan
[2021-09-24 20:45:53] epoch 148: train_loss: nan, valid_loss: nan, train_nll: nan, valid_nll: nan
[2021-09-24 20:46:25] epoch 149: train_loss: nan, valid_loss: nan, train_nll: nan, valid_nll: nan
[2021-09-24 20:46:57] epoch 150: train_loss: nan, valid_loss: nan, train_nll: nan, valid_nll: nan
[2021-09-24 20:47:29] epoch 151: train_loss: nan, valid_loss: nan, train_nll: nan, valid_nll: nan
[2021-09-24 20:48:01] epoch 152: train_loss: nan, valid_loss: nan, train_nll: nan, valid_nll: nan
[2021-09-24 20:48:32] epoch 153: train_loss: nan, valid_loss: nan, train_nll: nan, valid_nll: nan
[2021-09-24 20:49:04] epoch 154: train_loss: nan, valid_loss: nan, train_nll: nan, valid_nll: nan
[2021-09-24 20:49:36] epoch 155: train_loss: nan, valid_loss: nan, train_nll: nan, valid_nll: nan
[2021-09-24 20:50:08] epoch 156: train_loss: nan, valid_loss: nan, train_nll: nan, valid_nll: nan
[2021-09-24 20:50:40] epoch 157: train_loss: nan, valid_loss: nan, train_nll: nan, valid_nll: nan
[2021-09-24 20:51:12] epoch 158: train_loss: nan, valid_loss: nan, train_nll: nan, valid_nll: nan
[2021-09-24 20:51:44] epoch 159: train_loss: nan, valid_loss: nan, train_nll: nan, valid_nll: nan
[2021-09-24 20:52:16] epoch 160: train_loss: nan, valid_loss: nan, train_nll: nan, valid_nll: nan
[2021-09-24 20:52:48] epoch 161: train_loss: nan, valid_loss: nan, train_nll: nan, valid_nll: nan
[2021-09-24 20:53:20] epoch 162: train_loss: nan, valid_loss: nan, train_nll: nan, valid_nll: nan
[2021-09-24 20:53:52] epoch 163: train_loss: nan, valid_loss: nan, train_nll: nan, valid_nll: nan
[2021-09-24 20:54:23] epoch 164: train_loss: nan, valid_loss: nan, train_nll: nan, valid_nll: nan
[2021-09-24 20:54:55] epoch 165: train_loss: nan, valid_loss: nan, train_nll: nan, valid_nll: nan
[2021-09-24 20:55:27] epoch 166: train_loss: nan, valid_loss: nan, train_nll: nan, valid_nll: nan
[2021-09-24 20:55:59] epoch 167: train_loss: nan, valid_loss: nan, train_nll: nan, valid_nll: nan
[2021-09-24 20:56:31] epoch 168: train_loss: nan, valid_loss: nan, train_nll: nan, valid_nll: nan
[2021-09-24 20:57:02] epoch 169: train_loss: nan, valid_loss: nan, train_nll: nan, valid_nll: nan
[2021-09-24 20:57:34] epoch 170: train_loss: nan, valid_loss: nan, train_nll: nan, valid_nll: nan
[2021-09-24 20:58:06] epoch 171: train_loss: nan, valid_loss: nan, train_nll: nan, valid_nll: nan
[2021-09-24 20:58:38] epoch 172: train_loss: nan, valid_loss: nan, train_nll: nan, valid_nll: nan
[2021-09-24 20:59:10] epoch 173: train_loss: nan, valid_loss: nan, train_nll: nan, valid_nll: nan
[2021-09-24 20:59:41] epoch 174: train_loss: nan, valid_loss: nan, train_nll: nan, valid_nll: nan
[2021-09-24 21:00:13] epoch 175: train_loss: nan, valid_loss: nan, train_nll: nan, valid_nll: nan
[2021-09-24 21:00:45] epoch 176: train_loss: nan, valid_loss: nan, train_nll: nan, valid_nll: nan
[2021-09-24 21:01:17] epoch 177: train_loss: nan, valid_loss: nan, train_nll: nan, valid_nll: nan
[2021-09-24 21:01:49] epoch 178: train_loss: nan, valid_loss: nan, train_nll: nan, valid_nll: nan
[2021-09-24 21:02:21] epoch 179: train_loss: nan, valid_loss: nan, train_nll: nan, valid_nll: nan
[2021-09-24 21:02:53] epoch 180: train_loss: nan, valid_loss: nan, train_nll: nan, valid_nll: nan
[2021-09-24 21:03:24] epoch 181: train_loss: nan, valid_loss: nan, train_nll: nan, valid_nll: nan
[2021-09-24 21:04:02] epoch 182: train_loss: nan, valid_loss: nan, train_nll: nan, valid_nll: nan
[2021-09-24 21:04:34] epoch 183: train_loss: nan, valid_loss: nan, train_nll: nan, valid_nll: nan
[2021-09-24 21:05:05] epoch 184: train_loss: nan, valid_loss: nan, train_nll: nan, valid_nll: nan
[2021-09-24 21:05:37] epoch 185: train_loss: nan, valid_loss: nan, train_nll: nan, valid_nll: nan
[2021-09-24 21:06:10] epoch 186: train_loss: nan, valid_loss: nan, train_nll: nan, valid_nll: nan
[2021-09-24 21:06:41] epoch 187: train_loss: nan, valid_loss: nan, train_nll: nan, valid_nll: nan
[2021-09-24 21:07:14] epoch 188: train_loss: nan, valid_loss: nan, train_nll: nan, valid_nll: nan
[2021-09-24 21:07:45] epoch 189: train_loss: nan, valid_loss: nan, train_nll: nan, valid_nll: nan
[2021-09-24 21:08:17] epoch 190: train_loss: nan, valid_loss: nan, train_nll: nan, valid_nll: nan
[2021-09-24 21:08:49] epoch 191: train_loss: nan, valid_loss: nan, train_nll: nan, valid_nll: nan
[2021-09-24 21:09:21] epoch 192: train_loss: nan, valid_loss: nan, train_nll: nan, valid_nll: nan
[2021-09-24 21:09:53] epoch 193: train_loss: nan, valid_loss: nan, train_nll: nan, valid_nll: nan
[2021-09-24 21:10:25] epoch 194: train_loss: nan, valid_loss: nan, train_nll: nan, valid_nll: nan
[2021-09-24 21:10:56] epoch 195: train_loss: nan, valid_loss: nan, train_nll: nan, valid_nll: nan
[2021-09-24 21:11:28] epoch 196: train_loss: nan, valid_loss: nan, train_nll: nan, valid_nll: nan
[2021-09-24 21:12:00] epoch 197: train_loss: nan, valid_loss: nan, train_nll: nan, valid_nll: nan
[2021-09-24 21:12:32] epoch 198: train_loss: nan, valid_loss: nan, train_nll: nan, valid_nll: nan
[2021-09-24 21:13:03] epoch 199: train_loss: nan, valid_loss: nan, train_nll: nan, valid_nll: nan
[2021-09-24 21:13:35] epoch 200: train_loss: nan, valid_loss: nan, train_nll: nan, valid_nll: nan
[2021-09-24 21:14:08] epoch 201: train_loss: nan, valid_loss: nan, train_nll: nan, valid_nll: nan
[2021-09-24 21:14:40] epoch 202: train_loss: nan, valid_loss: nan, train_nll: nan, valid_nll: nan
[2021-09-24 21:15:11] epoch 203: train_loss: nan, valid_loss: nan, train_nll: nan, valid_nll: nan
[2021-09-24 21:15:44] epoch 204: train_loss: nan, valid_loss: nan, train_nll: nan, valid_nll: nan
[2021-09-24 21:16:15] epoch 205: train_loss: nan, valid_loss: nan, train_nll: nan, valid_nll: nan
[2021-09-24 21:16:47] epoch 206: train_loss: nan, valid_loss: nan, train_nll: nan, valid_nll: nan
[2021-09-24 21:17:19] epoch 207: train_loss: nan, valid_loss: nan, train_nll: nan, valid_nll: nan
[2021-09-24 21:17:51] epoch 208: train_loss: nan, valid_loss: nan, train_nll: nan, valid_nll: nan
[2021-09-24 21:18:23] epoch 209: train_loss: nan, valid_loss: nan, train_nll: nan, valid_nll: nan
[2021-09-24 21:18:55] epoch 210: train_loss: nan, valid_loss: nan, train_nll: nan, valid_nll: nan
[2021-09-24 21:19:26] epoch 211: train_loss: nan, valid_loss: nan, train_nll: nan, valid_nll: nan
[2021-09-24 21:19:58] epoch 212: train_loss: nan, valid_loss: nan, train_nll: nan, valid_nll: nan
[2021-09-24 21:20:30] epoch 213: train_loss: nan, valid_loss: nan, train_nll: nan, valid_nll: nan
[2021-09-24 21:21:02] epoch 214: train_loss: nan, valid_loss: nan, train_nll: nan, valid_nll: nan
[2021-09-24 21:21:34] epoch 215: train_loss: nan, valid_loss: nan, train_nll: nan, valid_nll: nan
[2021-09-24 21:22:06] epoch 216: train_loss: nan, valid_loss: nan, train_nll: nan, valid_nll: nan
[2021-09-24 21:22:38] epoch 217: train_loss: nan, valid_loss: nan, train_nll: nan, valid_nll: nan
[2021-09-24 21:23:10] epoch 218: train_loss: nan, valid_loss: nan, train_nll: nan, valid_nll: nan
[2021-09-24 21:23:41] epoch 219: train_loss: nan, valid_loss: nan, train_nll: nan, valid_nll: nan
[2021-09-24 21:24:13] epoch 220: train_loss: nan, valid_loss: nan, train_nll: nan, valid_nll: nan
[2021-09-24 21:24:46] epoch 221: train_loss: nan, valid_loss: nan, train_nll: nan, valid_nll: nan
[2021-09-24 21:25:17] epoch 222: train_loss: nan, valid_loss: nan, train_nll: nan, valid_nll: nan
[2021-09-24 21:25:49] epoch 223: train_loss: nan, valid_loss: nan, train_nll: nan, valid_nll: nan
[2021-09-24 21:26:21] epoch 224: train_loss: nan, valid_loss: nan, train_nll: nan, valid_nll: nan
[2021-09-24 21:26:53] epoch 225: train_loss: nan, valid_loss: nan, train_nll: nan, valid_nll: nan
[2021-09-24 21:27:26] epoch 226: train_loss: nan, valid_loss: nan, train_nll: nan, valid_nll: nan
[2021-09-24 21:27:58] epoch 227: train_loss: nan, valid_loss: nan, train_nll: nan, valid_nll: nan
[2021-09-24 21:28:30] epoch 228: train_loss: nan, valid_loss: nan, train_nll: nan, valid_nll: nan
[2021-09-24 21:29:02] epoch 229: train_loss: nan, valid_loss: nan, train_nll: nan, valid_nll: nan
[2021-09-24 21:29:34] epoch 230: train_loss: nan, valid_loss: nan, train_nll: nan, valid_nll: nan
[2021-09-24 21:30:06] epoch 231: train_loss: nan, valid_loss: nan, train_nll: nan, valid_nll: nan
[2021-09-24 21:30:38] epoch 232: train_loss: nan, valid_loss: nan, train_nll: nan, valid_nll: nan
[2021-09-24 21:31:10] epoch 233: train_loss: nan, valid_loss: nan, train_nll: nan, valid_nll: nan
[2021-09-24 21:31:42] epoch 234: train_loss: nan, valid_loss: nan, train_nll: nan, valid_nll: nan
[2021-09-24 21:32:14] epoch 235: train_loss: nan, valid_loss: nan, train_nll: nan, valid_nll: nan
[2021-09-24 21:32:46] epoch 236: train_loss: nan, valid_loss: nan, train_nll: nan, valid_nll: nan
[2021-09-24 21:33:18] epoch 237: train_loss: nan, valid_loss: nan, train_nll: nan, valid_nll: nan
[2021-09-24 21:33:50] epoch 238: train_loss: nan, valid_loss: nan, train_nll: nan, valid_nll: nan
[2021-09-24 21:34:22] epoch 239: train_loss: nan, valid_loss: nan, train_nll: nan, valid_nll: nan
[2021-09-24 21:34:54] epoch 240: train_loss: nan, valid_loss: nan, train_nll: nan, valid_nll: nan
[2021-09-24 21:35:25] epoch 241: train_loss: nan, valid_loss: nan, train_nll: nan, valid_nll: nan
[2021-09-24 21:35:57] epoch 242: train_loss: nan, valid_loss: nan, train_nll: nan, valid_nll: nan
[2021-09-24 21:36:29] epoch 243: train_loss: nan, valid_loss: nan, train_nll: nan, valid_nll: nan
[2021-09-24 21:37:01] epoch 244: train_loss: nan, valid_loss: nan, train_nll: nan, valid_nll: nan
[2021-09-24 21:37:33] epoch 245: train_loss: nan, valid_loss: nan, train_nll: nan, valid_nll: nan
[2021-09-24 21:38:05] epoch 246: train_loss: nan, valid_loss: nan, train_nll: nan, valid_nll: nan
[2021-09-24 21:38:37] epoch 247: train_loss: nan, valid_loss: nan, train_nll: nan, valid_nll: nan
[2021-09-24 21:39:09] epoch 248: train_loss: nan, valid_loss: nan, train_nll: nan, valid_nll: nan
[2021-09-24 21:39:41] epoch 249: train_loss: nan, valid_loss: nan, train_nll: nan, valid_nll: nan
[2021-09-24 21:40:13] epoch 250: train_loss: nan, valid_loss: nan, train_nll: nan, valid_nll: nan
[2021-09-24 21:40:45] epoch 251: train_loss: nan, valid_loss: nan, train_nll: nan, valid_nll: nan
[2021-09-24 21:41:16] epoch 252: train_loss: nan, valid_loss: nan, train_nll: nan, valid_nll: nan
[2021-09-24 21:41:48] epoch 253: train_loss: nan, valid_loss: nan, train_nll: nan, valid_nll: nan
[2021-09-24 21:42:20] epoch 254: train_loss: nan, valid_loss: nan, train_nll: nan, valid_nll: nan
[2021-09-24 21:42:52] epoch 255: train_loss: nan, valid_loss: nan, train_nll: nan, valid_nll: nan
[2021-09-24 21:43:24] epoch 256: train_loss: nan, valid_loss: nan, train_nll: nan, valid_nll: nan
[2021-09-24 21:43:56] epoch 257: train_loss: nan, valid_loss: nan, train_nll: nan, valid_nll: nan
[2021-09-24 21:44:28] epoch 258: train_loss: nan, valid_loss: nan, train_nll: nan, valid_nll: nan
[2021-09-24 21:45:03] epoch 259: train_loss: nan, valid_loss: nan, train_nll: nan, valid_nll: nan
[2021-09-24 21:45:47] epoch 260: train_loss: nan, valid_loss: nan, train_nll: nan, valid_nll: nan
[2021-09-24 21:46:19] epoch 261: train_loss: nan, valid_loss: nan, train_nll: nan, valid_nll: nan
[2021-09-24 21:46:51] epoch 262: train_loss: nan, valid_loss: nan, train_nll: nan, valid_nll: nan
[2021-09-24 21:47:23] epoch 263: train_loss: nan, valid_loss: nan, train_nll: nan, valid_nll: nan
[2021-09-24 21:47:55] epoch 264: train_loss: nan, valid_loss: nan, train_nll: nan, valid_nll: nan
[2021-09-24 21:48:27] epoch 265: train_loss: nan, valid_loss: nan, train_nll: nan, valid_nll: nan
[2021-09-24 21:48:59] epoch 266: train_loss: nan, valid_loss: nan, train_nll: nan, valid_nll: nan
[2021-09-24 21:49:31] epoch 267: train_loss: nan, valid_loss: nan, train_nll: nan, valid_nll: nan
[2021-09-24 21:50:03] epoch 268: train_loss: nan, valid_loss: nan, train_nll: nan, valid_nll: nan
[2021-09-24 21:50:35] epoch 269: train_loss: nan, valid_loss: nan, train_nll: nan, valid_nll: nan
[2021-09-24 21:51:07] epoch 270: train_loss: nan, valid_loss: nan, train_nll: nan, valid_nll: nan
[2021-09-24 21:51:39] epoch 271: train_loss: nan, valid_loss: nan, train_nll: nan, valid_nll: nan
[2021-09-24 21:52:10] epoch 272: train_loss: nan, valid_loss: nan, train_nll: nan, valid_nll: nan
[2021-09-24 21:52:43] epoch 273: train_loss: nan, valid_loss: nan, train_nll: nan, valid_nll: nan
[2021-09-24 21:53:15] epoch 274: train_loss: nan, valid_loss: nan, train_nll: nan, valid_nll: nan
[2021-09-24 21:53:47] epoch 275: train_loss: nan, valid_loss: nan, train_nll: nan, valid_nll: nan
[2021-09-24 21:54:19] epoch 276: train_loss: nan, valid_loss: nan, train_nll: nan, valid_nll: nan
[2021-09-24 21:54:51] epoch 277: train_loss: nan, valid_loss: nan, train_nll: nan, valid_nll: nan
[2021-09-24 21:55:22] epoch 278: train_loss: nan, valid_loss: nan, train_nll: nan, valid_nll: nan
[2021-09-24 21:55:55] epoch 279: train_loss: nan, valid_loss: nan, train_nll: nan, valid_nll: nan
[2021-09-24 21:56:27] epoch 280: train_loss: nan, valid_loss: nan, train_nll: nan, valid_nll: nan
[2021-09-24 21:56:58] epoch 281: train_loss: nan, valid_loss: nan, train_nll: nan, valid_nll: nan
[2021-09-24 21:57:30] epoch 282: train_loss: nan, valid_loss: nan, train_nll: nan, valid_nll: nan
[2021-09-24 21:58:02] epoch 283: train_loss: nan, valid_loss: nan, train_nll: nan, valid_nll: nan
[2021-09-24 21:58:34] epoch 284: train_loss: nan, valid_loss: nan, train_nll: nan, valid_nll: nan
[2021-09-24 21:59:06] epoch 285: train_loss: nan, valid_loss: nan, train_nll: nan, valid_nll: nan
[2021-09-24 21:59:38] epoch 286: train_loss: nan, valid_loss: nan, train_nll: nan, valid_nll: nan
[2021-09-24 22:00:10] epoch 287: train_loss: nan, valid_loss: nan, train_nll: nan, valid_nll: nan
[2021-09-24 22:00:41] epoch 288: train_loss: nan, valid_loss: nan, train_nll: nan, valid_nll: nan
[2021-09-24 22:01:13] epoch 289: train_loss: nan, valid_loss: nan, train_nll: nan, valid_nll: nan
[2021-09-24 22:01:45] epoch 290: train_loss: nan, valid_loss: nan, train_nll: nan, valid_nll: nan
[2021-09-24 22:02:17] epoch 291: train_loss: nan, valid_loss: nan, train_nll: nan, valid_nll: nan
[2021-09-24 22:02:49] epoch 292: train_loss: nan, valid_loss: nan, train_nll: nan, valid_nll: nan
[2021-09-24 22:03:21] epoch 293: train_loss: nan, valid_loss: nan, train_nll: nan, valid_nll: nan
[2021-09-24 22:03:53] epoch 294: train_loss: nan, valid_loss: nan, train_nll: nan, valid_nll: nan
[2021-09-24 22:04:26] epoch 295: train_loss: nan, valid_loss: nan, train_nll: nan, valid_nll: nan
[2021-09-24 22:04:57] epoch 296: train_loss: nan, valid_loss: nan, train_nll: nan, valid_nll: nan
[2021-09-24 22:05:29] epoch 297: train_loss: nan, valid_loss: nan, train_nll: nan, valid_nll: nan
[2021-09-24 22:06:01] epoch 298: train_loss: nan, valid_loss: nan, train_nll: nan, valid_nll: nan
[2021-09-24 22:06:33] epoch 299: train_loss: nan, valid_loss: nan, train_nll: nan, valid_nll: nan
[2021-09-24 22:07:05] epoch 300: train_loss: nan, valid_loss: nan, train_nll: nan, valid_nll: nan
[2021-09-24 22:07:37] epoch 301: train_loss: nan, valid_loss: nan, train_nll: nan, valid_nll: nan
[2021-09-24 22:08:08] epoch 302: train_loss: nan, valid_loss: nan, train_nll: nan, valid_nll: nan
[2021-09-24 22:08:40] epoch 303: train_loss: nan, valid_loss: nan, train_nll: nan, valid_nll: nan
[2021-09-24 22:09:12] epoch 304: train_loss: nan, valid_loss: nan, train_nll: nan, valid_nll: nan
[2021-09-24 22:09:44] epoch 305: train_loss: nan, valid_loss: nan, train_nll: nan, valid_nll: nan
[2021-09-24 22:10:16] epoch 306: train_loss: nan, valid_loss: nan, train_nll: nan, valid_nll: nan
[2021-09-24 22:10:48] epoch 307: train_loss: nan, valid_loss: nan, train_nll: nan, valid_nll: nan
[2021-09-24 22:11:20] epoch 308: train_loss: nan, valid_loss: nan, train_nll: nan, valid_nll: nan
[2021-09-24 22:11:52] epoch 309: train_loss: nan, valid_loss: nan, train_nll: nan, valid_nll: nan
[2021-09-24 22:12:24] epoch 310: train_loss: nan, valid_loss: nan, train_nll: nan, valid_nll: nan
[2021-09-24 22:12:56] epoch 311: train_loss: nan, valid_loss: nan, train_nll: nan, valid_nll: nan
[2021-09-24 22:13:28] epoch 312: train_loss: nan, valid_loss: nan, train_nll: nan, valid_nll: nan
[2021-09-24 22:14:00] epoch 313: train_loss: nan, valid_loss: nan, train_nll: nan, valid_nll: nan
[2021-09-24 22:14:32] epoch 314: train_loss: nan, valid_loss: nan, train_nll: nan, valid_nll: nan
[2021-09-24 22:15:04] epoch 315: train_loss: nan, valid_loss: nan, train_nll: nan, valid_nll: nan
[2021-09-24 22:15:36] epoch 316: train_loss: nan, valid_loss: nan, train_nll: nan, valid_nll: nan
[2021-09-24 22:16:08] epoch 317: train_loss: nan, valid_loss: nan, train_nll: nan, valid_nll: nan
[2021-09-24 22:16:40] epoch 318: train_loss: nan, valid_loss: nan, train_nll: nan, valid_nll: nan
[2021-09-24 22:17:12] epoch 319: train_loss: nan, valid_loss: nan, train_nll: nan, valid_nll: nan
[2021-09-24 22:17:44] epoch 320: train_loss: nan, valid_loss: nan, train_nll: nan, valid_nll: nan
[2021-09-24 22:18:16] epoch 321: train_loss: nan, valid_loss: nan, train_nll: nan, valid_nll: nan
[2021-09-24 22:18:47] epoch 322: train_loss: nan, valid_loss: nan, train_nll: nan, valid_nll: nan
[2021-09-24 22:19:19] epoch 323: train_loss: nan, valid_loss: nan, train_nll: nan, valid_nll: nan
[2021-09-24 22:19:51] epoch 324: train_loss: nan, valid_loss: nan, train_nll: nan, valid_nll: nan
[2021-09-24 22:20:23] epoch 325: train_loss: nan, valid_loss: nan, train_nll: nan, valid_nll: nan
[2021-09-24 22:20:55] epoch 326: train_loss: nan, valid_loss: nan, train_nll: nan, valid_nll: nan
[2021-09-24 22:21:27] epoch 327: train_loss: nan, valid_loss: nan, train_nll: nan, valid_nll: nan
[2021-09-24 22:21:59] epoch 328: train_loss: nan, valid_loss: nan, train_nll: nan, valid_nll: nan
[2021-09-24 22:22:30] epoch 329: train_loss: nan, valid_loss: nan, train_nll: nan, valid_nll: nan
[2021-09-24 22:23:02] epoch 330: train_loss: nan, valid_loss: nan, train_nll: nan, valid_nll: nan
[2021-09-24 22:23:34] epoch 331: train_loss: nan, valid_loss: nan, train_nll: nan, valid_nll: nan
[2021-09-24 22:24:06] epoch 332: train_loss: nan, valid_loss: nan, train_nll: nan, valid_nll: nan
[2021-09-24 22:24:38] epoch 333: train_loss: nan, valid_loss: nan, train_nll: nan, valid_nll: nan
[2021-09-24 22:25:10] epoch 334: train_loss: nan, valid_loss: nan, train_nll: nan, valid_nll: nan
[2021-09-24 22:25:42] epoch 335: train_loss: nan, valid_loss: nan, train_nll: nan, valid_nll: nan
[2021-09-24 22:26:13] epoch 336: train_loss: nan, valid_loss: nan, train_nll: nan, valid_nll: nan
[2021-09-24 22:26:46] epoch 337: train_loss: nan, valid_loss: nan, train_nll: nan, valid_nll: nan
[2021-09-24 22:27:18] epoch 338: train_loss: nan, valid_loss: nan, train_nll: nan, valid_nll: nan
[2021-09-24 22:27:50] epoch 339: train_loss: nan, valid_loss: nan, train_nll: nan, valid_nll: nan
[2021-09-24 22:28:22] epoch 340: train_loss: nan, valid_loss: nan, train_nll: nan, valid_nll: nan
[2021-09-24 22:28:53] epoch 341: train_loss: nan, valid_loss: nan, train_nll: nan, valid_nll: nan
[2021-09-24 22:29:26] epoch 342: train_loss: nan, valid_loss: nan, train_nll: nan, valid_nll: nan
[2021-09-24 22:29:57] epoch 343: train_loss: nan, valid_loss: nan, train_nll: nan, valid_nll: nan
[2021-09-24 22:30:29] epoch 344: train_loss: nan, valid_loss: nan, train_nll: nan, valid_nll: nan
[2021-09-24 22:31:01] epoch 345: train_loss: nan, valid_loss: nan, train_nll: nan, valid_nll: nan
[2021-09-24 22:31:33] epoch 346: train_loss: nan, valid_loss: nan, train_nll: nan, valid_nll: nan
[2021-09-24 22:32:05] epoch 347: train_loss: nan, valid_loss: nan, train_nll: nan, valid_nll: nan
[2021-09-24 22:32:37] epoch 348: train_loss: nan, valid_loss: nan, train_nll: nan, valid_nll: nan
[2021-09-24 22:33:09] epoch 349: train_loss: nan, valid_loss: nan, train_nll: nan, valid_nll: nan
[2021-09-24 22:33:41] epoch 350: train_loss: nan, valid_loss: nan, train_nll: nan, valid_nll: nan
[2021-09-24 22:34:13] epoch 351: train_loss: nan, valid_loss: nan, train_nll: nan, valid_nll: nan
[2021-09-24 22:34:45] epoch 352: train_loss: nan, valid_loss: nan, train_nll: nan, valid_nll: nan
[2021-09-24 22:35:17] epoch 353: train_loss: nan, valid_loss: nan, train_nll: nan, valid_nll: nan
[2021-09-24 22:35:49] epoch 354: train_loss: nan, valid_loss: nan, train_nll: nan, valid_nll: nan
[2021-09-24 22:36:21] epoch 355: train_loss: nan, valid_loss: nan, train_nll: nan, valid_nll: nan
[2021-09-24 22:36:53] epoch 356: train_loss: nan, valid_loss: nan, train_nll: nan, valid_nll: nan
[2021-09-24 22:37:25] epoch 357: train_loss: nan, valid_loss: nan, train_nll: nan, valid_nll: nan
[2021-09-24 22:37:57] epoch 358: train_loss: nan, valid_loss: nan, train_nll: nan, valid_nll: nan
[2021-09-24 22:38:29] epoch 359: train_loss: nan, valid_loss: nan, train_nll: nan, valid_nll: nan
[2021-09-24 22:39:01] epoch 360: train_loss: nan, valid_loss: nan, train_nll: nan, valid_nll: nan
[2021-09-24 22:39:33] epoch 361: train_loss: nan, valid_loss: nan, train_nll: nan, valid_nll: nan
[2021-09-24 22:40:05] epoch 362: train_loss: nan, valid_loss: nan, train_nll: nan, valid_nll: nan
[2021-09-24 22:40:36] epoch 363: train_loss: nan, valid_loss: nan, train_nll: nan, valid_nll: nan
[2021-09-24 22:41:09] epoch 364: train_loss: nan, valid_loss: nan, train_nll: nan, valid_nll: nan
[2021-09-24 22:41:41] epoch 365: train_loss: nan, valid_loss: nan, train_nll: nan, valid_nll: nan
[2021-09-24 22:42:12] epoch 366: train_loss: nan, valid_loss: nan, train_nll: nan, valid_nll: nan
[2021-09-24 22:42:44] epoch 367: train_loss: nan, valid_loss: nan, train_nll: nan, valid_nll: nan
[2021-09-24 22:43:16] epoch 368: train_loss: nan, valid_loss: nan, train_nll: nan, valid_nll: nan
[2021-09-24 22:43:48] epoch 369: train_loss: nan, valid_loss: nan, train_nll: nan, valid_nll: nan
[2021-09-24 22:44:20] epoch 370: train_loss: nan, valid_loss: nan, train_nll: nan, valid_nll: nan
[2021-09-24 22:44:52] epoch 371: train_loss: nan, valid_loss: nan, train_nll: nan, valid_nll: nan
[2021-09-24 22:45:24] epoch 372: train_loss: nan, valid_loss: nan, train_nll: nan, valid_nll: nan
[2021-09-24 22:45:56] epoch 373: train_loss: nan, valid_loss: nan, train_nll: nan, valid_nll: nan
[2021-09-24 22:46:27] epoch 374: train_loss: nan, valid_loss: nan, train_nll: nan, valid_nll: nan
[2021-09-24 22:46:59] epoch 375: train_loss: nan, valid_loss: nan, train_nll: nan, valid_nll: nan
[2021-09-24 22:47:31] epoch 376: train_loss: nan, valid_loss: nan, train_nll: nan, valid_nll: nan
[2021-09-24 22:48:05] epoch 377: train_loss: nan, valid_loss: nan, train_nll: nan, valid_nll: nan
[2021-09-24 22:48:47] epoch 378: train_loss: nan, valid_loss: nan, train_nll: nan, valid_nll: nan
[2021-09-24 22:49:19] epoch 379: train_loss: nan, valid_loss: nan, train_nll: nan, valid_nll: nan
[2021-09-24 22:49:52] epoch 380: train_loss: nan, valid_loss: nan, train_nll: nan, valid_nll: nan
[2021-09-24 22:50:24] epoch 381: train_loss: nan, valid_loss: nan, train_nll: nan, valid_nll: nan
[2021-09-24 22:50:55] epoch 382: train_loss: nan, valid_loss: nan, train_nll: nan, valid_nll: nan
[2021-09-24 22:51:27] epoch 383: train_loss: nan, valid_loss: nan, train_nll: nan, valid_nll: nan
[2021-09-24 22:51:59] epoch 384: train_loss: nan, valid_loss: nan, train_nll: nan, valid_nll: nan
[2021-09-24 22:52:31] epoch 385: train_loss: nan, valid_loss: nan, train_nll: nan, valid_nll: nan
[2021-09-24 22:53:03] epoch 386: train_loss: nan, valid_loss: nan, train_nll: nan, valid_nll: nan
[2021-09-24 22:53:35] epoch 387: train_loss: nan, valid_loss: nan, train_nll: nan, valid_nll: nan
[2021-09-24 22:54:07] epoch 388: train_loss: nan, valid_loss: nan, train_nll: nan, valid_nll: nan
[2021-09-24 22:54:39] epoch 389: train_loss: nan, valid_loss: nan, train_nll: nan, valid_nll: nan
[2021-09-24 22:55:11] epoch 390: train_loss: nan, valid_loss: nan, train_nll: nan, valid_nll: nan
[2021-09-24 22:55:43] epoch 391: train_loss: nan, valid_loss: nan, train_nll: nan, valid_nll: nan
[2021-09-24 22:56:15] epoch 392: train_loss: nan, valid_loss: nan, train_nll: nan, valid_nll: nan
[2021-09-24 22:56:47] epoch 393: train_loss: nan, valid_loss: nan, train_nll: nan, valid_nll: nan
[2021-09-24 22:57:19] epoch 394: train_loss: nan, valid_loss: nan, train_nll: nan, valid_nll: nan
[2021-09-24 22:57:51] epoch 395: train_loss: nan, valid_loss: nan, train_nll: nan, valid_nll: nan
[2021-09-24 22:58:23] epoch 396: train_loss: nan, valid_loss: nan, train_nll: nan, valid_nll: nan
[2021-09-24 22:58:54] epoch 397: train_loss: nan, valid_loss: nan, train_nll: nan, valid_nll: nan
[2021-09-24 22:59:26] epoch 398: train_loss: nan, valid_loss: nan, train_nll: nan, valid_nll: nan
[2021-09-24 22:59:58] epoch 399: train_loss: nan, valid_loss: nan, train_nll: nan, valid_nll: nan
[2021-09-24 23:00:30] epoch 400: train_loss: nan, valid_loss: nan, train_nll: nan, valid_nll: nan
[2021-09-24 23:01:02] epoch 401: train_loss: nan, valid_loss: nan, train_nll: nan, valid_nll: nan
[2021-09-24 23:01:34] epoch 402: train_loss: nan, valid_loss: nan, train_nll: nan, valid_nll: nan
[2021-09-24 23:02:06] epoch 403: train_loss: nan, valid_loss: nan, train_nll: nan, valid_nll: nan
[2021-09-24 23:02:38] epoch 404: train_loss: nan, valid_loss: nan, train_nll: nan, valid_nll: nan
[2021-09-24 23:03:10] epoch 405: train_loss: nan, valid_loss: nan, train_nll: nan, valid_nll: nan
[2021-09-24 23:03:42] epoch 406: train_loss: nan, valid_loss: nan, train_nll: nan, valid_nll: nan
[2021-09-24 23:04:14] epoch 407: train_loss: nan, valid_loss: nan, train_nll: nan, valid_nll: nan
[2021-09-24 23:04:46] epoch 408: train_loss: nan, valid_loss: nan, train_nll: nan, valid_nll: nan
[2021-09-24 23:05:18] epoch 409: train_loss: nan, valid_loss: nan, train_nll: nan, valid_nll: nan
[2021-09-24 23:05:50] epoch 410: train_loss: nan, valid_loss: nan, train_nll: nan, valid_nll: nan
[2021-09-24 23:06:22] epoch 411: train_loss: nan, valid_loss: nan, train_nll: nan, valid_nll: nan
[2021-09-24 23:06:53] epoch 412: train_loss: nan, valid_loss: nan, train_nll: nan, valid_nll: nan
[2021-09-24 23:07:25] epoch 413: train_loss: nan, valid_loss: nan, train_nll: nan, valid_nll: nan
[2021-09-24 23:07:57] epoch 414: train_loss: nan, valid_loss: nan, train_nll: nan, valid_nll: nan
[2021-09-24 23:08:29] epoch 415: train_loss: nan, valid_loss: nan, train_nll: nan, valid_nll: nan
[2021-09-24 23:09:01] epoch 416: train_loss: nan, valid_loss: nan, train_nll: nan, valid_nll: nan
[2021-09-24 23:09:33] epoch 417: train_loss: nan, valid_loss: nan, train_nll: nan, valid_nll: nan
[2021-09-24 23:10:05] epoch 418: train_loss: nan, valid_loss: nan, train_nll: nan, valid_nll: nan
[2021-09-24 23:10:36] epoch 419: train_loss: nan, valid_loss: nan, train_nll: nan, valid_nll: nan
[2021-09-24 23:11:08] epoch 420: train_loss: nan, valid_loss: nan, train_nll: nan, valid_nll: nan
[2021-09-24 23:11:40] epoch 421: train_loss: nan, valid_loss: nan, train_nll: nan, valid_nll: nan
[2021-09-24 23:12:12] epoch 422: train_loss: nan, valid_loss: nan, train_nll: nan, valid_nll: nan
[2021-09-24 23:12:44] epoch 423: train_loss: nan, valid_loss: nan, train_nll: nan, valid_nll: nan
[2021-09-24 23:13:16] epoch 424: train_loss: nan, valid_loss: nan, train_nll: nan, valid_nll: nan
[2021-09-24 23:13:48] epoch 425: train_loss: nan, valid_loss: nan, train_nll: nan, valid_nll: nan
[2021-09-24 23:14:20] epoch 426: train_loss: nan, valid_loss: nan, train_nll: nan, valid_nll: nan
[2021-09-24 23:14:52] epoch 427: train_loss: nan, valid_loss: nan, train_nll: nan, valid_nll: nan
[2021-09-24 23:15:24] epoch 428: train_loss: nan, valid_loss: nan, train_nll: nan, valid_nll: nan
[2021-09-24 23:15:56] epoch 429: train_loss: nan, valid_loss: nan, train_nll: nan, valid_nll: nan
[2021-09-24 23:16:28] epoch 430: train_loss: nan, valid_loss: nan, train_nll: nan, valid_nll: nan
[2021-09-24 23:17:00] epoch 431: train_loss: nan, valid_loss: nan, train_nll: nan, valid_nll: nan
[2021-09-24 23:17:32] epoch 432: train_loss: nan, valid_loss: nan, train_nll: nan, valid_nll: nan
[2021-09-24 23:18:04] epoch 433: train_loss: nan, valid_loss: nan, train_nll: nan, valid_nll: nan
[2021-09-24 23:18:35] epoch 434: train_loss: nan, valid_loss: nan, train_nll: nan, valid_nll: nan
[2021-09-24 23:19:07] epoch 435: train_loss: nan, valid_loss: nan, train_nll: nan, valid_nll: nan
[2021-09-24 23:19:39] epoch 436: train_loss: nan, valid_loss: nan, train_nll: nan, valid_nll: nan
[2021-09-24 23:20:11] epoch 437: train_loss: nan, valid_loss: nan, train_nll: nan, valid_nll: nan
[2021-09-24 23:20:43] epoch 438: train_loss: nan, valid_loss: nan, train_nll: nan, valid_nll: nan
[2021-09-24 23:21:15] epoch 439: train_loss: nan, valid_loss: nan, train_nll: nan, valid_nll: nan
[2021-09-24 23:21:47] epoch 440: train_loss: nan, valid_loss: nan, train_nll: nan, valid_nll: nan
[2021-09-24 23:22:19] epoch 441: train_loss: nan, valid_loss: nan, train_nll: nan, valid_nll: nan
[2021-09-24 23:22:51] epoch 442: train_loss: nan, valid_loss: nan, train_nll: nan, valid_nll: nan
[2021-09-24 23:23:23] epoch 443: train_loss: nan, valid_loss: nan, train_nll: nan, valid_nll: nan
[2021-09-24 23:23:55] epoch 444: train_loss: nan, valid_loss: nan, train_nll: nan, valid_nll: nan
[2021-09-24 23:24:27] epoch 445: train_loss: nan, valid_loss: nan, train_nll: nan, valid_nll: nan
[2021-09-24 23:24:59] epoch 446: train_loss: nan, valid_loss: nan, train_nll: nan, valid_nll: nan
[2021-09-24 23:25:31] epoch 447: train_loss: nan, valid_loss: nan, train_nll: nan, valid_nll: nan
[2021-09-24 23:26:02] epoch 448: train_loss: nan, valid_loss: nan, train_nll: nan, valid_nll: nan
[2021-09-24 23:26:34] epoch 449: train_loss: nan, valid_loss: nan, train_nll: nan, valid_nll: nan
[2021-09-24 23:27:06] epoch 450: train_loss: nan, valid_loss: nan, train_nll: nan, valid_nll: nan
[2021-09-24 23:27:38] epoch 451: train_loss: nan, valid_loss: nan, train_nll: nan, valid_nll: nan
[2021-09-24 23:28:11] epoch 452: train_loss: nan, valid_loss: nan, train_nll: nan, valid_nll: nan
[2021-09-24 23:28:43] epoch 453: train_loss: nan, valid_loss: nan, train_nll: nan, valid_nll: nan
[2021-09-24 23:29:15] epoch 454: train_loss: nan, valid_loss: nan, train_nll: nan, valid_nll: nan
[2021-09-24 23:29:47] epoch 455: train_loss: nan, valid_loss: nan, train_nll: nan, valid_nll: nan
[2021-09-24 23:30:18] epoch 456: train_loss: nan, valid_loss: nan, train_nll: nan, valid_nll: nan
[2021-09-24 23:30:50] epoch 457: train_loss: nan, valid_loss: nan, train_nll: nan, valid_nll: nan
[2021-09-24 23:31:22] epoch 458: train_loss: nan, valid_loss: nan, train_nll: nan, valid_nll: nan
[2021-09-24 23:31:54] epoch 459: train_loss: nan, valid_loss: nan, train_nll: nan, valid_nll: nan
[2021-09-24 23:32:26] epoch 460: train_loss: nan, valid_loss: nan, train_nll: nan, valid_nll: nan
[2021-09-24 23:32:58] epoch 461: train_loss: nan, valid_loss: nan, train_nll: nan, valid_nll: nan
[2021-09-24 23:33:30] epoch 462: train_loss: nan, valid_loss: nan, train_nll: nan, valid_nll: nan
[2021-09-24 23:34:02] epoch 463: train_loss: nan, valid_loss: nan, train_nll: nan, valid_nll: nan
[2021-09-24 23:34:34] epoch 464: train_loss: nan, valid_loss: nan, train_nll: nan, valid_nll: nan
[2021-09-24 23:35:06] epoch 465: train_loss: nan, valid_loss: nan, train_nll: nan, valid_nll: nan
[2021-09-24 23:35:38] epoch 466: train_loss: nan, valid_loss: nan, train_nll: nan, valid_nll: nan
[2021-09-24 23:36:10] epoch 467: train_loss: nan, valid_loss: nan, train_nll: nan, valid_nll: nan
[2021-09-24 23:36:42] epoch 468: train_loss: nan, valid_loss: nan, train_nll: nan, valid_nll: nan
[2021-09-24 23:37:13] epoch 469: train_loss: nan, valid_loss: nan, train_nll: nan, valid_nll: nan
[2021-09-24 23:37:45] epoch 470: train_loss: nan, valid_loss: nan, train_nll: nan, valid_nll: nan
[2021-09-24 23:38:17] epoch 471: train_loss: nan, valid_loss: nan, train_nll: nan, valid_nll: nan
[2021-09-24 23:38:49] epoch 472: train_loss: nan, valid_loss: nan, train_nll: nan, valid_nll: nan
[2021-09-24 23:39:21] epoch 473: train_loss: nan, valid_loss: nan, train_nll: nan, valid_nll: nan
[2021-09-24 23:39:53] epoch 474: train_loss: nan, valid_loss: nan, train_nll: nan, valid_nll: nan
[2021-09-24 23:40:25] epoch 475: train_loss: nan, valid_loss: nan, train_nll: nan, valid_nll: nan
[2021-09-24 23:40:57] epoch 476: train_loss: nan, valid_loss: nan, train_nll: nan, valid_nll: nan
[2021-09-24 23:41:29] epoch 477: train_loss: nan, valid_loss: nan, train_nll: nan, valid_nll: nan
[2021-09-24 23:42:01] epoch 478: train_loss: nan, valid_loss: nan, train_nll: nan, valid_nll: nan
[2021-09-24 23:42:33] epoch 479: train_loss: nan, valid_loss: nan, train_nll: nan, valid_nll: nan
[2021-09-24 23:43:05] epoch 480: train_loss: nan, valid_loss: nan, train_nll: nan, valid_nll: nan
[2021-09-24 23:43:37] epoch 481: train_loss: nan, valid_loss: nan, train_nll: nan, valid_nll: nan
[2021-09-24 23:44:09] epoch 482: train_loss: nan, valid_loss: nan, train_nll: nan, valid_nll: nan
[2021-09-24 23:44:41] epoch 483: train_loss: nan, valid_loss: nan, train_nll: nan, valid_nll: nan
[2021-09-24 23:45:12] epoch 484: train_loss: nan, valid_loss: nan, train_nll: nan, valid_nll: nan
[2021-09-24 23:45:44] epoch 485: train_loss: nan, valid_loss: nan, train_nll: nan, valid_nll: nan
[2021-09-24 23:46:16] epoch 486: train_loss: nan, valid_loss: nan, train_nll: nan, valid_nll: nan
[2021-09-24 23:46:48] epoch 487: train_loss: nan, valid_loss: nan, train_nll: nan, valid_nll: nan
[2021-09-24 23:47:20] epoch 488: train_loss: nan, valid_loss: nan, train_nll: nan, valid_nll: nan
[2021-09-24 23:47:58] epoch 489: train_loss: nan, valid_loss: nan, train_nll: nan, valid_nll: nan
[2021-09-24 23:48:31] epoch 490: train_loss: nan, valid_loss: nan, train_nll: nan, valid_nll: nan
[2021-09-24 23:49:03] epoch 491: train_loss: nan, valid_loss: nan, train_nll: nan, valid_nll: nan
[2021-09-24 23:49:35] epoch 492: train_loss: nan, valid_loss: nan, train_nll: nan, valid_nll: nan
[2021-09-24 23:50:09] epoch 493: train_loss: nan, valid_loss: nan, train_nll: nan, valid_nll: nan
[2021-09-24 23:50:41] epoch 494: train_loss: nan, valid_loss: nan, train_nll: nan, valid_nll: nan
[2021-09-24 23:51:13] epoch 495: train_loss: nan, valid_loss: nan, train_nll: nan, valid_nll: nan
[2021-09-24 23:51:45] epoch 496: train_loss: nan, valid_loss: nan, train_nll: nan, valid_nll: nan
[2021-09-24 23:52:17] epoch 497: train_loss: nan, valid_loss: nan, train_nll: nan, valid_nll: nan
[2021-09-24 23:52:49] epoch 498: train_loss: nan, valid_loss: nan, train_nll: nan, valid_nll: nan
[2021-09-24 23:53:21] epoch 499: train_loss: nan, valid_loss: nan, train_nll: nan, valid_nll: nan
