------------ Configs ------------
loading Piano data...
loading Piano data...
model summary: 
===================================================
      Kernel Shape  Output Shape  Params  Mult-Adds
Layer                                              
0_rnn            -  [200, 1, 38]   19456      19152
1_mlp     [38, 88]  [200, 1, 88]    3432       3344
---------------------------------------------------
                      Totals
Total params           22888
Trainable params       22888
Non-trainable params       0
Mult-Adds              22496
===================================================
rnn:  lstm
data:  Piano
optimizer:  rmsprop
learning rate:  0.001
momentum:  0.9
weight decay:  0.0
gradient clipping:  1.0
loss criterion:  bce
continue training:  False
save directory:  ./exp/music/piano/lstm
log directory:  ./log/music/piano/lstm
starting epoch:  0
ending epoch:  500
steps per epoch:  87
cuda:  True
---------------------------------
[2021-09-25 07:45:37] epoch 0: train_loss: 0.1702145192472414, valid_loss: 0.1300519909709692, train_nll: 9.811905080292592, valid_nll: 8.265739798769495
[2021-09-25 07:45:49] epoch 1: train_loss: 0.12970047542589835, valid_loss: 0.12854026878873506, train_nll: 8.59471336037933, valid_nll: 8.470100646171069
[2021-09-25 07:46:02] epoch 2: train_loss: 0.12774159806384439, valid_loss: 0.12855024076998234, train_nll: 8.408201945736128, valid_nll: 8.602722797787436
[2021-09-25 07:46:15] epoch 3: train_loss: 0.12552306582701617, valid_loss: 0.12425110364953677, train_nll: 8.259053948509665, valid_nll: 7.980367206051023
[2021-09-25 07:46:27] epoch 4: train_loss: 0.12037717413970794, valid_loss: 0.11749900442858537, train_nll: 7.7946681102938635, valid_nll: 7.437090574912237
[2021-09-25 07:46:40] epoch 5: train_loss: 0.11439931942899337, valid_loss: 0.11381213180720806, train_nll: 7.289921513638131, valid_nll: 7.602033046128379
[2021-09-25 07:46:52] epoch 6: train_loss: 0.11047646227753026, valid_loss: 0.11077864406009515, train_nll: 7.058013678552934, valid_nll: 6.965151015634161
[2021-09-25 07:47:05] epoch 7: train_loss: 0.10767248561926956, valid_loss: 0.10866532164315383, train_nll: 6.84196128128802, valid_nll: 7.126761874830522
[2021-09-25 07:47:17] epoch 8: train_loss: 0.10530642250916739, valid_loss: 0.10558894649147987, train_nll: 6.674288609430845, valid_nll: 6.788495362587763
[2021-09-25 07:47:30] epoch 9: train_loss: 0.10320079467933753, valid_loss: 0.10493615145484607, train_nll: 6.4523290958955934, valid_nll: 6.458497324759249
[2021-09-25 07:47:42] epoch 10: train_loss: 0.10118355861083529, valid_loss: 0.10283856652677059, train_nll: 6.290820475745538, valid_nll: 6.310428354574636
[2021-09-25 07:47:55] epoch 11: train_loss: 0.09933895418613121, valid_loss: 0.10159207507967949, train_nll: 6.137952559455635, valid_nll: 6.652822397886924
[2021-09-25 07:48:07] epoch 12: train_loss: 0.09767899045656467, valid_loss: 0.09996984402338664, train_nll: 6.022005563749244, valid_nll: 6.35761272437577
[2021-09-25 07:48:20] epoch 13: train_loss: 0.09635490189766747, valid_loss: 0.09835726395249367, train_nll: 5.895038241700146, valid_nll: 6.520543712165074
[2021-09-25 07:48:32] epoch 14: train_loss: 0.09515151156690614, valid_loss: 0.0978893010566632, train_nll: 5.85241697367346, valid_nll: 6.376266293409394
[2021-09-25 07:48:44] epoch 15: train_loss: 0.09412164699243403, valid_loss: 0.09765152571101983, train_nll: 5.767470069816027, valid_nll: 6.393307941715892
[2021-09-25 07:48:57] epoch 16: train_loss: 0.09337690335580673, valid_loss: 0.09642524148027103, train_nll: 5.6927095708225215, valid_nll: 6.279205222067198
[2021-09-25 07:49:09] epoch 17: train_loss: 0.09250806209941705, valid_loss: 0.09654394164681435, train_nll: 5.657032297089724, valid_nll: 6.058174634292917
[2021-09-25 07:49:22] epoch 18: train_loss: 0.09201529735549428, valid_loss: 0.09629481968780358, train_nll: 5.611469987626568, valid_nll: 6.513986426491227
[2021-09-25 07:49:34] epoch 19: train_loss: 0.09148702445043914, valid_loss: 0.0960310772061348, train_nll: 5.584224832135933, valid_nll: 6.097017671109141
[2021-09-25 07:49:47] epoch 20: train_loss: 0.09090780533165083, valid_loss: 0.0957644023001194, train_nll: 5.505286320374218, valid_nll: 6.163589334398452
[2021-09-25 07:49:59] epoch 21: train_loss: 0.09070068826877523, valid_loss: 0.09584484870235126, train_nll: 5.494658251003918, valid_nll: 6.2836723828628855
[2021-09-25 07:50:11] epoch 22: train_loss: 0.09019993303407883, valid_loss: 0.09558085848887761, train_nll: 5.449960622890107, valid_nll: 6.300271225691289
[2021-09-25 07:50:24] epoch 23: train_loss: 0.08998492509983051, valid_loss: 0.09525132738053799, train_nll: 5.45985346913061, valid_nll: 6.27507936574281
[2021-09-25 07:50:38] epoch 24: train_loss: 0.08955060161821458, valid_loss: 0.0950551809122165, train_nll: 5.43932519781109, valid_nll: 6.186578475064676
[2021-09-25 07:50:50] epoch 25: train_loss: 0.08920249644795368, valid_loss: 0.09445840679109097, train_nll: 5.414021909978979, valid_nll: 6.114113440880408
[2021-09-25 07:51:03] epoch 26: train_loss: 0.08917863859698691, valid_loss: 0.09481095895171165, train_nll: 5.419839174391776, valid_nll: 6.068485152654308
[2021-09-25 07:51:16] epoch 27: train_loss: 0.0889464180231437, valid_loss: 0.09540974038342635, train_nll: 5.380815169911365, valid_nll: 6.233322000414077
[2021-09-25 07:51:29] epoch 28: train_loss: 0.08880336304334388, valid_loss: 0.09490581043064594, train_nll: 5.382826575500398, valid_nll: 6.218798954088737
[2021-09-25 07:51:41] epoch 29: train_loss: 0.08854021358935313, valid_loss: 0.09471739704410236, train_nll: 5.375884232175931, valid_nll: 6.074298221666862
[2021-09-25 07:51:56] epoch 30: train_loss: 0.08834339485600076, valid_loss: 0.09472856173912685, train_nll: 5.322947196050847, valid_nll: 6.163943593094989
[2021-09-25 07:52:09] epoch 31: train_loss: 0.08817772948365102, valid_loss: 0.09520343629022439, train_nll: 5.324075011820652, valid_nll: 6.431357893666451
[2021-09-25 07:52:21] epoch 32: train_loss: 0.08802917417695467, valid_loss: 0.0947577270368735, train_nll: 5.329599372041102, valid_nll: 6.253282514790433
[2021-09-25 07:52:34] epoch 33: train_loss: 0.08791500830958629, valid_loss: 0.09522720923026402, train_nll: 5.320788879136945, valid_nll: 6.2140896852647165
[2021-09-25 07:52:46] epoch 34: train_loss: 0.08777833667894204, valid_loss: 0.09457807056605816, train_nll: 5.310417628484478, valid_nll: 6.090301127192227
[2021-09-25 07:52:58] epoch 35: train_loss: 0.08753276781189716, valid_loss: 0.09465062245726585, train_nll: 5.286931788325184, valid_nll: 5.911747243569895
[2021-09-25 07:53:11] epoch 36: train_loss: 0.08740527499681232, valid_loss: 0.09413147283097108, train_nll: 5.308932238979464, valid_nll: 6.163544660213964
[2021-09-25 07:53:24] epoch 37: train_loss: 0.08707204028621487, valid_loss: 0.0950171301762263, train_nll: 5.263615993991586, valid_nll: 6.322190161270227
[2021-09-25 07:53:36] epoch 38: train_loss: 0.08700769927738042, valid_loss: 0.09468375891447067, train_nll: 5.232386401293775, valid_nll: 6.233313984539898
[2021-09-25 07:53:48] epoch 39: train_loss: 0.08681369827653485, valid_loss: 0.09439300186932087, train_nll: 5.238481753434429, valid_nll: 6.254094508530723
[2021-09-25 07:54:01] epoch 40: train_loss: 0.0869234583886533, valid_loss: 0.09470247104763985, train_nll: 5.2651549470301395, valid_nll: 5.977114149598199
[2021-09-25 07:54:13] epoch 41: train_loss: 0.08657015911464033, valid_loss: 0.09489636185268562, train_nll: 5.218075748434749, valid_nll: 6.394615760216346
[2021-09-25 07:54:25] epoch 42: train_loss: 0.08628648376070905, valid_loss: 0.09424142787853877, train_nll: 5.212789882861957, valid_nll: 6.093367614173531
[2021-09-25 07:54:38] epoch 43: train_loss: 0.08628937148157208, valid_loss: 0.09399840608239174, train_nll: 5.214277856283033, valid_nll: 6.102245824645652
[2021-09-25 07:54:50] epoch 44: train_loss: 0.08632574506617825, valid_loss: 0.09416836313903332, train_nll: 5.221822892394491, valid_nll: 6.169600424131354
[2021-09-25 07:55:03] epoch 45: train_loss: 0.08600332408115782, valid_loss: 0.09478425855437915, train_nll: 5.226398955017334, valid_nll: 6.054354125518513
[2021-09-25 07:55:15] epoch 46: train_loss: 0.08587332750702727, valid_loss: 0.09423544568320115, train_nll: 5.184080079226183, valid_nll: 6.006761626052141
[2021-09-25 07:55:27] epoch 47: train_loss: 0.08570285927204566, valid_loss: 0.09430443495512009, train_nll: 5.192644469822024, valid_nll: 6.029344519352152
[2021-09-25 07:55:40] epoch 48: train_loss: 0.0856600314935391, valid_loss: 0.09399530912439029, train_nll: 5.186427237741503, valid_nll: 6.120268143587667
[2021-09-25 07:55:52] epoch 49: train_loss: 0.0855202478538642, valid_loss: 0.09419084154069424, train_nll: 5.197083991799935, valid_nll: 6.240615243535999
[2021-09-25 07:56:05] epoch 50: train_loss: 0.08542392253019344, valid_loss: 0.09438423005243142, train_nll: 5.179342524666755, valid_nll: 6.174516345054526
[2021-09-25 07:56:17] epoch 51: train_loss: 0.0852352134112654, valid_loss: 0.09433781107266744, train_nll: 5.170583072556904, valid_nll: 6.019745824931934
[2021-09-25 07:56:30] epoch 52: train_loss: 0.08729393262116389, valid_loss: 0.09426933340728283, train_nll: 5.320550674274265, valid_nll: 6.174702334806574
[2021-09-25 07:56:42] epoch 53: train_loss: 0.08489414321622629, valid_loss: 0.09408800800641377, train_nll: 5.153832428564526, valid_nll: 6.200645776000748
[2021-09-25 07:56:55] epoch 54: train_loss: 0.08487369152235574, valid_loss: 0.09392322165270646, train_nll: 5.165236629044162, valid_nll: 6.125401251758912
[2021-09-25 07:57:07] epoch 55: train_loss: 0.0847414575260261, valid_loss: 0.0940279383212328, train_nll: 5.138758020024683, valid_nll: 6.107964993417822
[2021-09-25 07:57:20] epoch 56: train_loss: 0.08452840819526677, valid_loss: 0.09418197659154733, train_nll: 5.129832147621208, valid_nll: 6.199578032931959
[2021-09-25 07:57:32] epoch 57: train_loss: 0.08454616761755669, valid_loss: 0.09444500505924225, train_nll: 5.139662188199734, valid_nll: 5.886847691061797
[2021-09-25 07:57:44] epoch 58: train_loss: 0.08450365935762723, valid_loss: 0.09406683593988419, train_nll: 5.139675239390727, valid_nll: 6.170761781159306
[2021-09-25 07:57:57] epoch 59: train_loss: 0.08431820644215605, valid_loss: 0.09452755749225616, train_nll: 5.1121221511367505, valid_nll: 6.3007529224732135
[2021-09-25 07:58:09] epoch 60: train_loss: 0.08422638047700641, valid_loss: 0.09412850253283978, train_nll: 5.119379530176379, valid_nll: 6.1738887021062965
[2021-09-25 07:58:22] epoch 61: train_loss: 0.08417986879317925, valid_loss: 0.09479460927347343, train_nll: 5.116997312508346, valid_nll: 6.266995929195554
[2021-09-25 07:58:35] epoch 62: train_loss: 0.08422218899017778, valid_loss: 0.09436813493569692, train_nll: 5.133089090907943, valid_nll: 6.112414147124729
[2021-09-25 07:58:47] epoch 63: train_loss: 0.08379064519600622, valid_loss: 0.09466163006921609, train_nll: 5.096597810364091, valid_nll: 6.236531656633846
[2021-09-25 07:59:00] epoch 64: train_loss: 0.08380601730668681, valid_loss: 0.09452976410587628, train_nll: 5.109107470909838, valid_nll: 6.10200676551232
[2021-09-25 07:59:12] epoch 65: train_loss: 0.08368283983362818, valid_loss: 0.09440915286540985, train_nll: 5.087684357661843, valid_nll: 6.111569431440915
[2021-09-25 07:59:25] epoch 66: train_loss: 0.08364372516329262, valid_loss: 0.09460161005457242, train_nll: 5.090803370543184, valid_nll: 6.084410189687647
[2021-09-25 07:59:37] epoch 67: train_loss: 0.08354972330746295, valid_loss: 0.09484403890868028, train_nll: 5.114234242114268, valid_nll: 6.408231967832984
[2021-09-25 07:59:49] epoch 68: train_loss: 0.08347210919634364, valid_loss: 0.09471167934437592, train_nll: 5.096327441381136, valid_nll: 6.320745901139995
[2021-09-25 08:00:02] epoch 69: train_loss: 0.08333836202563226, valid_loss: 0.09461844402054946, train_nll: 5.098134115089921, valid_nll: 6.142643840854208
[2021-09-25 08:00:15] epoch 70: train_loss: 0.08321669804810107, valid_loss: 0.09462536064287026, train_nll: 5.073752256555632, valid_nll: 6.165233304308234
[2021-09-25 08:00:27] epoch 71: train_loss: 0.08316078311067888, valid_loss: 0.09481507043043773, train_nll: 5.087289845196349, valid_nll: 6.14915981614791
[2021-09-25 08:00:39] epoch 72: train_loss: 0.08298862522104006, valid_loss: 0.09531046946843465, train_nll: 5.066974892246997, valid_nll: 6.389770708209355
[2021-09-25 08:00:52] epoch 73: train_loss: 0.08295687455041655, valid_loss: 0.09507603446642558, train_nll: 5.077435271904473, valid_nll: 6.144463773516285
[2021-09-25 08:01:04] epoch 74: train_loss: 0.08287893477613213, valid_loss: 0.0952148890743653, train_nll: 5.078990156677207, valid_nll: 6.299930508096491
[2021-09-25 08:01:16] epoch 75: train_loss: 0.08273055218160152, valid_loss: 0.09484509440759818, train_nll: 5.055953164874413, valid_nll: 5.942584533405125
[2021-09-25 08:01:29] epoch 76: train_loss: 0.08264091069242735, valid_loss: 0.0949373934417963, train_nll: 5.053585327785965, valid_nll: 6.021263229914052
[2021-09-25 08:01:41] epoch 77: train_loss: 0.0826332863719984, valid_loss: 0.09518163837492466, train_nll: 5.044382667259769, valid_nll: 5.994992125548744
[2021-09-25 08:01:53] epoch 78: train_loss: 0.08290433065815904, valid_loss: 0.09557121309141318, train_nll: 5.08067750981096, valid_nll: 6.288835436049814
[2021-09-25 08:02:05] epoch 79: train_loss: 0.08242136678904638, valid_loss: 0.09518012404441833, train_nll: 5.032398999051772, valid_nll: 6.23075344235991
[2021-09-25 08:02:18] epoch 80: train_loss: 0.08232257949809234, valid_loss: 0.09550308560331662, train_nll: 5.048129751652598, valid_nll: 6.392909509827004
[2021-09-25 08:02:30] epoch 81: train_loss: 0.08237141554896858, valid_loss: 0.09507708561917146, train_nll: 5.050189530404214, valid_nll: 6.30692309868045
[2021-09-25 08:02:42] epoch 82: train_loss: 0.08229827048021486, valid_loss: 0.09561625930170219, train_nll: 5.0095653682852825, valid_nll: 6.330073429987981
[2021-09-25 08:02:54] epoch 83: train_loss: 0.08213155483291752, valid_loss: 0.09561124630272388, train_nll: 5.05114462828933, valid_nll: 6.190842462078044
[2021-09-25 08:03:07] epoch 84: train_loss: 0.08210340656083205, valid_loss: 0.09535966937740643, train_nll: 5.014430197614939, valid_nll: 6.221077874274907
[2021-09-25 08:03:19] epoch 85: train_loss: 0.0820131977570468, valid_loss: 0.09585788535575072, train_nll: 5.027631118494289, valid_nll: 6.258384418308623
[2021-09-25 08:03:31] epoch 86: train_loss: 0.08189984241864462, valid_loss: 0.09562290149430434, train_nll: 5.02725290442147, valid_nll: 6.159244544510546
[2021-09-25 08:03:43] epoch 87: train_loss: 0.08185043507095041, valid_loss: 0.09600976047416528, train_nll: 5.040626787490345, valid_nll: 6.359061135583702
[2021-09-25 08:03:55] epoch 88: train_loss: 0.08179888071428085, valid_loss: 0.0956024806946516, train_nll: 5.036871330324018, valid_nll: 6.229076392655077
[2021-09-25 08:04:07] epoch 89: train_loss: 0.08162027158528223, valid_loss: 0.09611051405469577, train_nll: 5.010241325557119, valid_nll: 6.215418001500572
[2021-09-25 08:04:19] epoch 90: train_loss: 0.08166816211894326, valid_loss: 0.09589520779748757, train_nll: 5.026742358830539, valid_nll: 6.47301138185426
[2021-09-25 08:04:31] epoch 91: train_loss: 0.08152650022643736, valid_loss: 0.09617105623086293, train_nll: 5.020823185090199, valid_nll: 6.195575921665213
[2021-09-25 08:04:44] epoch 92: train_loss: 0.0815223702711278, valid_loss: 0.09646610170602798, train_nll: 5.023898770070121, valid_nll: 6.397664998754104
[2021-09-25 08:04:56] epoch 93: train_loss: 0.08128587156534195, valid_loss: 0.09611596787969272, train_nll: 4.9878140453749955, valid_nll: 6.263214683890566
[2021-09-25 08:05:08] epoch 94: train_loss: 0.0813644268689142, valid_loss: 0.09651839422682922, train_nll: 5.016177983393672, valid_nll: 6.388259358075055
[2021-09-25 08:05:20] epoch 95: train_loss: 0.0812158615210618, valid_loss: 0.09624665230512619, train_nll: 5.004300908565421, valid_nll: 6.43197541657353
[2021-09-25 08:05:32] epoch 96: train_loss: 0.08117870264954266, valid_loss: 0.09608930721879005, train_nll: 4.997681115644093, valid_nll: 6.384965506548282
[2021-09-25 08:05:44] epoch 97: train_loss: 0.08102523115859635, valid_loss: 0.09610126974682014, train_nll: 4.992354080480321, valid_nll: 6.2769802873622185
[2021-09-25 08:05:56] epoch 98: train_loss: 0.08113762712769809, valid_loss: 0.09626505461831887, train_nll: 5.018187300920939, valid_nll: 6.249447033508186
[2021-09-25 08:06:08] epoch 99: train_loss: 0.08096457503992936, valid_loss: 0.09663805613915126, train_nll: 4.986708905682279, valid_nll: 6.4960767592095525
[2021-09-25 08:06:21] epoch 100: train_loss: 0.08094635595107215, valid_loss: 0.09635065992673238, train_nll: 4.989762881154827, valid_nll: 6.234125148064647
[2021-09-25 08:06:33] epoch 101: train_loss: 0.08079512449431009, valid_loss: 0.09664002433419228, train_nll: 4.993932830655995, valid_nll: 6.196109535546508
[2021-09-25 08:06:45] epoch 102: train_loss: 0.08072056276616695, valid_loss: 0.09745657940705617, train_nll: 4.9761319865806115, valid_nll: 6.61547034229615
[2021-09-25 08:06:57] epoch 103: train_loss: 0.08070094322507408, valid_loss: 0.09653785886863868, train_nll: 4.990784886769289, valid_nll: 6.451426479203616
[2021-09-25 08:07:09] epoch 104: train_loss: 0.08065951795413576, valid_loss: 0.09707160604496796, train_nll: 4.976875705642523, valid_nll: 6.4879073237836025
[2021-09-25 08:07:21] epoch 105: train_loss: 0.08078784403530345, valid_loss: 0.09679160267114639, train_nll: 5.011631361314782, valid_nll: 6.200760374373387
[2021-09-25 08:07:33] epoch 106: train_loss: 0.08045065595672049, valid_loss: 0.09654716961085796, train_nll: 4.973832171283761, valid_nll: 6.3667313395029606
[2021-09-25 08:07:45] epoch 107: train_loss: 0.08044087786184645, valid_loss: 0.09690761007368565, train_nll: 4.9868655831634205, valid_nll: 6.443691031794163
[2021-09-25 08:07:58] epoch 108: train_loss: 0.08037871334316402, valid_loss: 0.09690053636829059, train_nll: 4.975054252899808, valid_nll: 6.409107558946449
[2021-09-25 08:08:10] epoch 109: train_loss: 0.08034762785095594, valid_loss: 0.09710994238654773, train_nll: 4.980453302850701, valid_nll: 6.34600456481132
[2021-09-25 08:08:22] epoch 110: train_loss: 0.08016360726678508, valid_loss: 0.09753212022284667, train_nll: 4.9720694861298345, valid_nll: 6.493278632244518
[2021-09-25 08:08:34] epoch 111: train_loss: 0.08005500475651231, valid_loss: 0.09762258393069108, train_nll: 4.958877196415589, valid_nll: 6.474808569473352
[2021-09-25 08:08:46] epoch 112: train_loss: 0.08012403188080623, valid_loss: 0.0971963790555795, train_nll: 4.978398388864421, valid_nll: 6.424425994701278
[2021-09-25 08:08:58] epoch 113: train_loss: 0.08002394127349059, valid_loss: 0.09769742315014203, train_nll: 4.95118252902525, valid_nll: 6.405887553660552
[2021-09-25 08:09:10] epoch 114: train_loss: 0.07997565478857221, valid_loss: 0.09722437088688214, train_nll: 4.9546276663244715, valid_nll: 6.303056899423224
[2021-09-25 08:09:22] epoch 115: train_loss: 0.07994534599798164, valid_loss: 0.09793674387037754, train_nll: 4.961973009996964, valid_nll: 6.34261994782353
[2021-09-25 08:09:34] epoch 116: train_loss: 0.08032733413936763, valid_loss: 0.09793380027016003, train_nll: 4.973939050826173, valid_nll: 6.486160321262496
[2021-09-25 08:09:46] epoch 117: train_loss: 0.0798927463120085, valid_loss: 0.09772875222067039, train_nll: 4.972435363009651, valid_nll: 6.422781867336824
[2021-09-25 08:09:59] epoch 118: train_loss: 0.07985952939709713, valid_loss: 0.09738793410360813, train_nll: 4.966850843427553, valid_nll: 6.447274098924132
[2021-09-25 08:10:11] epoch 119: train_loss: 0.07974606491197114, valid_loss: 0.09810773966213067, train_nll: 4.948782834908107, valid_nll: 6.500368257848228
[2021-09-25 08:10:23] epoch 120: train_loss: 0.07970740611868343, valid_loss: 0.09783920335272948, train_nll: 4.946394295902739, valid_nll: 6.378615660246944
[2021-09-25 08:10:35] epoch 121: train_loss: 0.07971557850639026, valid_loss: 0.0988460344572862, train_nll: 4.953077175416482, valid_nll: 6.661104828510678
[2021-09-25 08:10:47] epoch 122: train_loss: 0.07960099911038902, valid_loss: 0.09827473883827527, train_nll: 4.959946544443563, valid_nll: 6.47013110649295
[2021-09-25 08:10:59] epoch 123: train_loss: 0.0796211448594414, valid_loss: 0.09830209488670032, train_nll: 4.935567386946766, valid_nll: 6.532237570012935
[2021-09-25 08:11:11] epoch 124: train_loss: 0.0795432919015487, valid_loss: 0.09836821133891742, train_nll: 4.951671102072624, valid_nll: 6.411828232527227
[2021-09-25 08:11:23] epoch 125: train_loss: 0.07936188683513253, valid_loss: 0.0981229388465484, train_nll: 4.924910530658632, valid_nll: 6.423256077864828
[2021-09-25 08:11:36] epoch 126: train_loss: 0.0793864590426286, valid_loss: 0.09807174714903037, train_nll: 4.949276539162006, valid_nll: 6.3771613802739875
[2021-09-25 08:11:48] epoch 127: train_loss: 0.0793464781566598, valid_loss: 0.09838405065238476, train_nll: 4.936985877174495, valid_nll: 6.292576201190197
[2021-09-25 08:12:00] epoch 128: train_loss: 0.07931616345698807, valid_loss: 0.09886384879549344, train_nll: 4.932352329261395, valid_nll: 6.565956473574182
[2021-09-25 08:12:12] epoch 129: train_loss: 0.07933765320085931, valid_loss: 0.09831959940493107, train_nll: 4.933586484849088, valid_nll: 6.5416542897752255
[2021-09-25 08:12:24] epoch 130: train_loss: 0.0791280999051771, valid_loss: 0.09854198309282462, train_nll: 4.9338753807517035, valid_nll: 6.458290672660097
[2021-09-25 08:12:36] epoch 131: train_loss: 0.07925885870795825, valid_loss: 0.09872920128206412, train_nll: 4.9434789978368645, valid_nll: 6.4448197241348355
[2021-09-25 08:12:48] epoch 132: train_loss: 0.07903520249087236, valid_loss: 0.098617863530914, train_nll: 4.934101328112249, valid_nll: 6.641749856172315
[2021-09-25 08:13:00] epoch 133: train_loss: 0.07897378953880277, valid_loss: 0.09859298852582772, train_nll: 4.9266222679909335, valid_nll: 6.651098326491594
[2021-09-25 08:13:13] epoch 134: train_loss: 0.07901863736667852, valid_loss: 0.09886546308795612, train_nll: 4.944125677166319, valid_nll: 6.468101558721088
[2021-09-25 08:13:25] epoch 135: train_loss: 0.07903539170992785, valid_loss: 0.09917568291227023, train_nll: 4.934043972822754, valid_nll: 6.512860210483114
[2021-09-25 08:13:37] epoch 136: train_loss: 0.07900504069938057, valid_loss: 0.09931688507397969, train_nll: 4.928452396976417, valid_nll: 6.535511782647968
[2021-09-25 08:13:49] epoch 137: train_loss: 0.07888262389206338, valid_loss: 0.09869387373328209, train_nll: 4.926920329148469, valid_nll: 6.374257300629178
[2021-09-25 08:14:01] epoch 138: train_loss: 0.07888551167715555, valid_loss: 0.09873790914813678, train_nll: 4.9253165701266255, valid_nll: 6.489673034782482
[2021-09-25 08:14:13] epoch 139: train_loss: 0.07886999978244989, valid_loss: 0.09899980761110783, train_nll: 4.921788553115964, valid_nll: 6.5555624899229015
[2021-09-25 08:14:25] epoch 140: train_loss: 0.07875696098667452, valid_loss: 0.09918626335759957, train_nll: 4.924117604094886, valid_nll: 6.625258597826645
[2021-09-25 08:14:37] epoch 141: train_loss: 0.07875988107902565, valid_loss: 0.0992116741836071, train_nll: 4.9403855552600895, valid_nll: 6.380359728385539
[2021-09-25 08:14:49] epoch 142: train_loss: 0.07880775686139348, valid_loss: 0.09943704369167487, train_nll: 4.9321175873292145, valid_nll: 6.583016000142911
[2021-09-25 08:15:05] epoch 143: train_loss: 0.07876992630290575, valid_loss: 0.09915171191096306, train_nll: 4.924634843316353, valid_nll: 6.488759167869811
[2021-09-25 08:15:21] epoch 144: train_loss: 0.07863212327590619, valid_loss: 0.09913088319202264, train_nll: 4.913402060713791, valid_nll: 6.488641148436584
[2021-09-25 08:15:33] epoch 145: train_loss: 0.07863731759375539, valid_loss: 0.09915972004334132, train_nll: 4.911746731235096, valid_nll: 6.34933686390603
[2021-09-25 08:15:45] epoch 146: train_loss: 0.0784333336284791, valid_loss: 0.09975583292543888, train_nll: 4.908324074810581, valid_nll: 6.535171866640589
[2021-09-25 08:15:57] epoch 147: train_loss: 0.07852648596825271, valid_loss: 0.09965331728259723, train_nll: 4.913415554631835, valid_nll: 6.4829649647897005
[2021-09-25 08:16:09] epoch 148: train_loss: 0.07841764488953283, valid_loss: 0.09982003333667915, train_nll: 4.910865054399209, valid_nll: 6.6551596550288386
[2021-09-25 08:16:21] epoch 149: train_loss: 0.07851608530029483, valid_loss: 0.09961098805069923, train_nll: 4.887015540530898, valid_nll: 6.5983722393329325
[2021-09-25 08:16:34] epoch 150: train_loss: 0.0783582267233695, valid_loss: 0.09958674820760886, train_nll: 4.904671853543032, valid_nll: 6.494661370540426
[2021-09-25 08:16:45] epoch 151: train_loss: 0.0782700900801982, valid_loss: 0.09946113017698129, train_nll: 4.9054898263835085, valid_nll: 6.62492082892842
[2021-09-25 08:16:57] epoch 152: train_loss: 0.07818270825791633, valid_loss: 0.10045310606559117, train_nll: 4.896528607859695, valid_nll: 6.738212427994547
[2021-09-25 08:17:10] epoch 153: train_loss: 0.07827932892859667, valid_loss: 0.10015937127172947, train_nll: 4.91409974944418, valid_nll: 6.729606470963297
[2021-09-25 08:17:22] epoch 154: train_loss: 0.07821568696834576, valid_loss: 0.09989280253648758, train_nll: 4.89311599409462, valid_nll: 6.759886478617312
[2021-09-25 08:17:34] epoch 155: train_loss: 0.07826283946633339, valid_loss: 0.10001394525170326, train_nll: 4.9055946544897555, valid_nll: 6.431756239670974
[2021-09-25 08:17:46] epoch 156: train_loss: 0.07809644160342627, valid_loss: 0.09973176444570224, train_nll: 4.917170557399218, valid_nll: 6.600241827472737
[2021-09-25 08:17:58] epoch 157: train_loss: 0.07809457277086959, valid_loss: 0.10023164749145508, train_nll: 4.890363543917545, valid_nll: 6.744004126113977
[2021-09-25 08:18:10] epoch 158: train_loss: 0.07810838726060144, valid_loss: 0.1003336925059557, train_nll: 4.908066916802835, valid_nll: 6.582304806020425
[2021-09-25 08:18:22] epoch 159: train_loss: 0.0780831368575836, valid_loss: 0.10004646206895511, train_nll: 4.887632233957168, valid_nll: 6.671833718247977
[2021-09-25 08:18:34] epoch 160: train_loss: 0.07798350249128096, valid_loss: 0.1006844975054264, train_nll: 4.905417876798007, valid_nll: 6.686421177847971
[2021-09-25 08:18:46] epoch 161: train_loss: 0.07800398891170819, valid_loss: 0.10091111871103446, train_nll: 4.880304625527872, valid_nll: 6.72335835469373
[2021-09-25 08:18:58] epoch 162: train_loss: 0.07797310467081509, valid_loss: 0.1004311703145504, train_nll: 4.904265498933874, valid_nll: 6.7207814515419795
[2021-09-25 08:19:10] epoch 163: train_loss: 0.07802820117908647, valid_loss: 0.10042676143348217, train_nll: 4.895870078739473, valid_nll: 6.698050021230616
[2021-09-25 08:19:22] epoch 164: train_loss: 0.0779846057766813, valid_loss: 0.10036207549273968, train_nll: 4.903132668676495, valid_nll: 6.628502335825736
[2021-09-25 08:19:34] epoch 165: train_loss: 0.07794886305071842, valid_loss: 0.10102728692193826, train_nll: 4.899789651201405, valid_nll: 6.714396965212938
[2021-09-25 08:19:47] epoch 166: train_loss: 0.07787510519312031, valid_loss: 0.1006206584473451, train_nll: 4.889016724759754, valid_nll: 6.700747219751297
[2021-09-25 08:19:59] epoch 167: train_loss: 0.07771798332446608, valid_loss: 0.10023060503105323, train_nll: 4.88937162120374, valid_nll: 6.598965614419046
[2021-09-25 08:20:11] epoch 168: train_loss: 0.07799016119077287, valid_loss: 0.10084361396729946, train_nll: 4.899398868912558, valid_nll: 6.737855349427988
[2021-09-25 08:20:23] epoch 169: train_loss: 0.07789177959249623, valid_loss: 0.10039465377728145, train_nll: 4.888516017771341, valid_nll: 6.594614841253628
[2021-09-25 08:20:35] epoch 170: train_loss: 0.07762812987911975, valid_loss: 0.10119258550306161, train_nll: 4.8861548211861825, valid_nll: 6.756104989973286
[2021-09-25 08:20:47] epoch 171: train_loss: 0.07763007747801556, valid_loss: 0.10104910594721635, train_nll: 4.890840156492389, valid_nll: 6.663280565787883
[2021-09-25 08:20:59] epoch 172: train_loss: 0.07762472622696011, valid_loss: 0.10088908858597279, train_nll: 4.870684458098097, valid_nll: 6.7494182622455074
[2021-09-25 08:21:11] epoch 173: train_loss: 0.07759613124118454, valid_loss: 0.10105877183377743, train_nll: 4.890363237228442, valid_nll: 6.601512472356685
[2021-09-25 08:21:23] epoch 174: train_loss: 0.07774156661725592, valid_loss: 0.10097100585699081, train_nll: 4.902106367402198, valid_nll: 6.6112550517184205
[2021-09-25 08:21:35] epoch 175: train_loss: 0.07795959800995629, valid_loss: 0.10121392272412777, train_nll: 4.899393166990616, valid_nll: 6.641219305500081
[2021-09-25 08:21:47] epoch 176: train_loss: 0.07751258299953637, valid_loss: 0.10187161651750405, train_nll: 4.871020743504283, valid_nll: 6.852392844366535
[2021-09-25 08:21:59] epoch 177: train_loss: 0.07750528001751023, valid_loss: 0.10146321853001912, train_nll: 4.873758357897869, valid_nll: 6.837417087232866
[2021-09-25 08:22:11] epoch 178: train_loss: 0.07734551563345153, valid_loss: 0.10068979859352112, train_nll: 4.87572025090588, valid_nll: 6.620751429230366
[2021-09-25 08:22:24] epoch 179: train_loss: 0.07734308777184322, valid_loss: 0.10155835933983326, train_nll: 4.872035321366261, valid_nll: 6.828169774382915
[2021-09-25 08:22:36] epoch 180: train_loss: 0.07735999288230107, valid_loss: 0.1012229435145855, train_nll: 4.872659234060822, valid_nll: 6.671161644454298
[2021-09-25 08:22:48] epoch 181: train_loss: 0.07737494180856765, valid_loss: 0.10158240174253781, train_nll: 4.877813405239977, valid_nll: 6.656954452199739
[2021-09-25 08:23:01] epoch 182: train_loss: 0.07750609251617015, valid_loss: 0.10162334516644478, train_nll: 4.878719464664496, valid_nll: 6.663188311664517
[2021-09-25 08:23:13] epoch 183: train_loss: 0.07740357295535076, valid_loss: 0.10163632097343604, train_nll: 4.87797309205763, valid_nll: 6.794376237307436
[2021-09-25 08:23:25] epoch 184: train_loss: 0.07749452345587056, valid_loss: 0.10162005014717579, train_nll: 4.887417944002363, valid_nll: 6.613039929245024
[2021-09-25 08:23:37] epoch 185: train_loss: 0.07722801850016775, valid_loss: 0.1020157194385926, train_nll: 4.866530261630372, valid_nll: 6.752720043762093
[2021-09-25 08:23:50] epoch 186: train_loss: 0.07720938596831656, valid_loss: 0.1014759037643671, train_nll: 4.872861006109492, valid_nll: 6.678560468090408
[2021-09-25 08:24:02] epoch 187: train_loss: 0.07703678789495051, valid_loss: 0.10186838669081529, train_nll: 4.8686850512171125, valid_nll: 6.666039171630401
[2021-09-25 08:24:14] epoch 188: train_loss: 0.0772592598979158, valid_loss: 0.10218409324685733, train_nll: 4.863243770337754, valid_nll: 6.758819894987468
[2021-09-25 08:24:26] epoch 189: train_loss: 0.07726833226437542, valid_loss: 0.10194577400883038, train_nll: 4.872898031372792, valid_nll: 6.812542083339441
[2021-09-25 08:24:38] epoch 190: train_loss: 0.07717591374256146, valid_loss: 0.10231676821907361, train_nll: 4.882651643577973, valid_nll: 6.8698843979254
[2021-09-25 08:24:50] epoch 191: train_loss: 0.07715161176848001, valid_loss: 0.10223797025779884, train_nll: 4.8681460958313005, valid_nll: 6.722344675833468
[2021-09-25 08:25:02] epoch 192: train_loss: 0.07729194435323107, valid_loss: 0.10228419241805871, train_nll: 4.871812709752808, valid_nll: 6.529707917576659
[2021-09-25 08:25:14] epoch 193: train_loss: 0.07724023028009239, valid_loss: 0.10204486610988776, train_nll: 4.873198049383894, valid_nll: 6.679260626071837
[2021-09-25 08:25:26] epoch 194: train_loss: 0.07685781161076036, valid_loss: 0.10209850035607815, train_nll: 4.850137486792889, valid_nll: 6.94304147401849
[2021-09-25 08:25:38] epoch 195: train_loss: 0.07699035069551961, valid_loss: 0.1023027990013361, train_nll: 4.873522753855377, valid_nll: 6.833456057321287
[2021-09-25 08:25:50] epoch 196: train_loss: 0.07714293743002004, valid_loss: 0.10250030271708965, train_nll: 4.857506908377305, valid_nll: 6.784326492509967
[2021-09-25 08:26:02] epoch 197: train_loss: 0.07706675682773535, valid_loss: 0.10277155600488186, train_nll: 4.87589213324388, valid_nll: 6.846578844940014
[2021-09-25 08:26:14] epoch 198: train_loss: 0.07707923717111692, valid_loss: 0.10209572439392407, train_nll: 4.8801920327941035, valid_nll: 6.764798391603395
[2021-09-25 08:26:26] epoch 199: train_loss: 0.0768842017599221, valid_loss: 0.10269064518312614, train_nll: 4.861418644570429, valid_nll: 6.81035187454653
[2021-09-25 08:26:38] epoch 200: train_loss: 0.07693118167420228, valid_loss: 0.10217307197550933, train_nll: 4.85768688054597, valid_nll: 6.736998223453257
[2021-09-25 08:26:50] epoch 201: train_loss: 0.0767962911819247, valid_loss: 0.10240061270693938, train_nll: 4.851748420005359, valid_nll: 6.670416640519648
[2021-09-25 08:27:03] epoch 202: train_loss: 0.07692289301033678, valid_loss: 0.10271150494615237, train_nll: 4.880675867454592, valid_nll: 6.869059721927035
[2021-09-25 08:27:15] epoch 203: train_loss: 0.07690552467929906, valid_loss: 0.10272944904863834, train_nll: 4.864594953576833, valid_nll: 6.754683088406389
[2021-09-25 08:27:26] epoch 204: train_loss: 0.07681457886750671, valid_loss: 0.10286383392910163, train_nll: 4.869840875510099, valid_nll: 6.710464906960894
[2021-09-25 08:27:39] epoch 205: train_loss: 0.076946045967868, valid_loss: 0.10242065725227197, train_nll: 4.850715657733467, valid_nll: 6.696510787305421
[2021-09-25 08:27:51] epoch 206: train_loss: 0.0766819295013088, valid_loss: 0.10315154679119587, train_nll: 4.8429360145203395, valid_nll: 6.89587221986581
[2021-09-25 08:28:03] epoch 207: train_loss: 0.07679693403000805, valid_loss: 0.10253119779129823, train_nll: 4.875963242050464, valid_nll: 6.691860177503518
[2021-09-25 08:28:15] epoch 208: train_loss: 0.07670011397065787, valid_loss: 0.10282265581190586, train_nll: 4.853643763490457, valid_nll: 6.860500629131611
[2021-09-25 08:28:27] epoch 209: train_loss: 0.07692565826763367, valid_loss: 0.10275913526614507, train_nll: 4.863345918335424, valid_nll: 6.877095578535413
[2021-09-25 08:28:39] epoch 210: train_loss: 0.07686989486816971, valid_loss: 0.1028007088849942, train_nll: 4.879417254417147, valid_nll: 6.752393611600207
[2021-09-25 08:28:51] epoch 211: train_loss: 0.07669482553570435, valid_loss: 0.1034555472433567, train_nll: 4.851309773690038, valid_nll: 6.8990459477923824
[2021-09-25 08:29:03] epoch 212: train_loss: 0.07660730521398029, valid_loss: 0.1027864267428716, train_nll: 4.846513441479843, valid_nll: 6.823344074986442
[2021-09-25 08:29:15] epoch 213: train_loss: 0.0767618750018635, valid_loss: 0.10322909119228522, train_nll: 4.86738339182847, valid_nll: 6.960817047176397
[2021-09-25 08:29:27] epoch 214: train_loss: 0.0766097391987669, valid_loss: 0.10317824284235637, train_nll: 4.849087110021543, valid_nll: 6.881703689890105
[2021-09-25 08:29:39] epoch 215: train_loss: 0.0767354661192017, valid_loss: 0.10336226286987464, train_nll: 4.851885865825871, valid_nll: 6.831294433708263
[2021-09-25 08:29:51] epoch 216: train_loss: 0.07659745349109857, valid_loss: 0.10302384694417317, train_nll: 4.844782844377636, valid_nll: 6.804197672831409
[2021-09-25 08:30:03] epoch 217: train_loss: 0.07663069680418777, valid_loss: 0.10286159627139568, train_nll: 4.852747945147593, valid_nll: 6.771479980583263
[2021-09-25 08:30:15] epoch 218: train_loss: 0.07661608983387892, valid_loss: 0.10332478520770867, train_nll: 4.868644566243146, valid_nll: 6.956926657156023
[2021-09-25 08:30:28] epoch 219: train_loss: 0.0766408761385186, valid_loss: 0.1031867079436779, train_nll: 4.858991228897729, valid_nll: 6.838891764742796
[2021-09-25 08:30:39] epoch 220: train_loss: 0.07653658177660799, valid_loss: 0.10350819366673629, train_nll: 4.846160653624058, valid_nll: 6.945137610802283
[2021-09-25 08:30:52] epoch 221: train_loss: 0.07656657021364262, valid_loss: 0.10379852664967378, train_nll: 4.851884346869606, valid_nll: 6.831872192153788
[2021-09-25 08:31:04] epoch 222: train_loss: 0.07687152063623927, valid_loss: 0.10279574617743492, train_nll: 4.877918008762866, valid_nll: 6.777625021299323
[2021-09-25 08:31:16] epoch 223: train_loss: 0.07651931768946948, valid_loss: 0.10345520762105782, train_nll: 4.826906631656477, valid_nll: 6.963785268128701
[2021-09-25 08:31:28] epoch 224: train_loss: 0.07631550645776863, valid_loss: 0.10337741859257221, train_nll: 4.847253856590514, valid_nll: 6.722559673030202
[2021-09-25 08:31:40] epoch 225: train_loss: 0.07642155922092926, valid_loss: 0.10438510899742444, train_nll: 4.848050452556558, valid_nll: 7.1077123645546285
[2021-09-25 08:31:52] epoch 226: train_loss: 0.07651940497687493, valid_loss: 0.10309816151857376, train_nll: 4.89778946069354, valid_nll: 6.813257485795871
[2021-09-25 08:32:04] epoch 227: train_loss: 0.07640612420850787, valid_loss: 0.10325853464504083, train_nll: 4.84689983674609, valid_nll: 6.909795464091632
[2021-09-25 08:32:16] epoch 228: train_loss: 0.07640827618453694, valid_loss: 0.10392704792320728, train_nll: 4.865716865380169, valid_nll: 6.931353742588752
[2021-09-25 08:32:28] epoch 229: train_loss: 0.07631712987076962, valid_loss: 0.10357719038923581, train_nll: 4.8403927359708785, valid_nll: 6.822423494779146
[2021-09-25 08:32:40] epoch 230: train_loss: 0.07645919807683463, valid_loss: 0.10357591385642688, train_nll: 4.854079018919044, valid_nll: 6.89347829335626
[2021-09-25 08:32:53] epoch 231: train_loss: 0.07626182078544436, valid_loss: 0.10368261858820915, train_nll: 4.8359342419313815, valid_nll: 6.9196825438995075
[2021-09-25 08:33:05] epoch 232: train_loss: 0.07637490661836219, valid_loss: 0.10338565148413181, train_nll: 4.856030039758113, valid_nll: 6.952779358368206
[2021-09-25 08:33:17] epoch 233: train_loss: 0.07627083421096034, valid_loss: 0.10341069847345352, train_nll: 4.8299966922010595, valid_nll: 6.861613805030121
[2021-09-25 08:33:29] epoch 234: train_loss: 0.07642004272804179, valid_loss: 0.10390326442817847, train_nll: 4.856956457784846, valid_nll: 6.846089117969849
[2021-09-25 08:33:41] epoch 235: train_loss: 0.07654795339652176, valid_loss: 0.10361681195596854, train_nll: 4.852791925652869, valid_nll: 6.77560377568286
[2021-09-25 08:33:53] epoch 236: train_loss: 0.07629571005102546, valid_loss: 0.10428330612679322, train_nll: 4.834878346768581, valid_nll: 6.999963728169339
[2021-09-25 08:34:05] epoch 237: train_loss: 0.07632161826751697, valid_loss: 0.10454520645240943, train_nll: 4.854354059879829, valid_nll: 6.901920225562119
[2021-09-25 08:34:17] epoch 238: train_loss: 0.07637350952745169, valid_loss: 0.10403948153058688, train_nll: 4.8452383235779255, valid_nll: 7.014656854167888
[2021-09-25 08:34:29] epoch 239: train_loss: 0.07626923618988059, valid_loss: 0.10419380354384582, train_nll: 4.870748478844589, valid_nll: 6.985254384339639
[2021-09-25 08:34:41] epoch 240: train_loss: 0.07637106715005705, valid_loss: 0.10344742362697919, train_nll: 4.846293371924621, valid_nll: 6.938844791720106
[2021-09-25 08:34:54] epoch 241: train_loss: 0.07629724365027471, valid_loss: 0.10401775936285655, train_nll: 4.847909954334266, valid_nll: 6.959989193456481
[2021-09-25 08:35:06] epoch 242: train_loss: 0.07647880847597945, valid_loss: 0.10338798972467582, train_nll: 4.868799456314438, valid_nll: 6.852861272013881
[2021-09-25 08:35:17] epoch 243: train_loss: 0.07623772239633675, valid_loss: 0.1037265807390213, train_nll: 4.832168788390714, valid_nll: 6.875224315650468
[2021-09-25 08:35:30] epoch 244: train_loss: 0.07626051346546617, valid_loss: 0.10448299410442512, train_nll: 4.831896565186371, valid_nll: 7.07345629722495
[2021-09-25 08:35:42] epoch 245: train_loss: 0.07626260555852418, valid_loss: 0.1041659793506066, train_nll: 4.856583624053137, valid_nll: 6.7763106326448534
[2021-09-25 08:35:54] epoch 246: train_loss: 0.0761508700577007, valid_loss: 0.10437049716711044, train_nll: 4.842437576709304, valid_nll: 6.960355046542456
[2021-09-25 08:36:06] epoch 247: train_loss: 0.07626936618966618, valid_loss: 0.10379831244548161, train_nll: 4.846232880517686, valid_nll: 6.684725119070086
[2021-09-25 08:36:18] epoch 248: train_loss: 0.07611382313757792, valid_loss: 0.10414869089921315, train_nll: 4.835633763484146, valid_nll: 6.9466763437353425
[2021-09-25 08:36:30] epoch 249: train_loss: 0.07631563309622907, valid_loss: 0.10378209625681241, train_nll: 4.853066293266057, valid_nll: 6.912302457369291
[2021-09-25 08:36:42] epoch 250: train_loss: 0.07599295602961519, valid_loss: 0.104214192678531, train_nll: 4.82777653638007, valid_nll: 6.919286760111911
[2021-09-25 08:36:54] epoch 251: train_loss: 0.07591985645650447, valid_loss: 0.10373973784347375, train_nll: 4.833719818620748, valid_nll: 6.837222573457471
[2021-09-25 08:37:06] epoch 252: train_loss: 0.0761002925620682, valid_loss: 0.10441568555931251, train_nll: 4.84114254051735, valid_nll: 6.874723352142391
[2021-09-25 08:37:18] epoch 253: train_loss: 0.07605169623576362, valid_loss: 0.10421540836493175, train_nll: 4.827139923456325, valid_nll: 6.870716216640222
[2021-09-25 08:37:31] epoch 254: train_loss: 0.07609968386247926, valid_loss: 0.10409429979821046, train_nll: 4.849883525274453, valid_nll: 6.901240565316091
[2021-09-25 08:37:43] epoch 255: train_loss: 0.07603603124019058, valid_loss: 0.1039229550709327, train_nll: 4.836015426803174, valid_nll: 6.889657526928756
[2021-09-25 08:37:54] epoch 256: train_loss: 0.07600387873063827, valid_loss: 0.10436720587313175, train_nll: 4.836518700401047, valid_nll: 7.054814766316656
[2021-09-25 08:38:07] epoch 257: train_loss: 0.07615960451463859, valid_loss: 0.1040618047118187, train_nll: 4.841414678396115, valid_nll: 7.034604543145558
[2021-09-25 08:38:19] epoch 258: train_loss: 0.0760136765010398, valid_loss: 0.10390728525817394, train_nll: 4.834144745227229, valid_nll: 6.8761894555297625
[2021-09-25 08:38:31] epoch 259: train_loss: 0.07608180471706665, valid_loss: 0.10412574249009292, train_nll: 4.851348149673323, valid_nll: 6.948128963277219
[2021-09-25 08:38:43] epoch 260: train_loss: 0.07596973368319972, valid_loss: 0.1044498688230912, train_nll: 4.83405561622222, valid_nll: 6.959479956421127
[2021-09-25 08:38:55] epoch 261: train_loss: 0.07599393049276423, valid_loss: 0.10435478016734123, train_nll: 4.834192044575473, valid_nll: 6.929098719727478
[2021-09-25 08:39:07] epoch 262: train_loss: 0.07615597571792274, valid_loss: 0.1048574224114418, train_nll: 4.847298193692306, valid_nll: 6.880851688349225
[2021-09-25 08:39:19] epoch 263: train_loss: 0.07582926790861563, valid_loss: 0.10477187174061935, train_nll: 4.82562892863106, valid_nll: 7.018461116483019
[2021-09-25 08:39:31] epoch 264: train_loss: 0.07607553019348917, valid_loss: 0.10464638968308766, train_nll: 4.8328117435807085, valid_nll: 7.178606602309121
[2021-09-25 08:39:43] epoch 265: train_loss: 0.07595780744463548, valid_loss: 0.10483331978321075, train_nll: 4.827755062105687, valid_nll: 6.9958326185845525
[2021-09-25 08:39:55] epoch 266: train_loss: 0.07584040241594288, valid_loss: 0.10466964294513066, train_nll: 4.8258316388586, valid_nll: 6.990011419185331
[2021-09-25 08:40:07] epoch 267: train_loss: 0.07598548446749818, valid_loss: 0.10474877680341403, train_nll: 4.83344144231535, valid_nll: 6.840670530165338
[2021-09-25 08:40:19] epoch 268: train_loss: 0.07593671626400673, valid_loss: 0.10488269478082657, train_nll: 4.825134472948611, valid_nll: 7.044413582692674
[2021-09-25 08:40:31] epoch 269: train_loss: 0.07565677748329339, valid_loss: 0.10483820922672749, train_nll: 4.828262822540985, valid_nll: 6.9368999688755055
[2021-09-25 08:40:44] epoch 270: train_loss: 0.07582401265871935, valid_loss: 0.10467595234513283, train_nll: 4.820999713405875, valid_nll: 6.971444607675634
[2021-09-25 08:40:56] epoch 271: train_loss: 0.07588946744371419, valid_loss: 0.10491145898898442, train_nll: 4.822538952607096, valid_nll: 7.0332451367691355
[2021-09-25 08:41:07] epoch 272: train_loss: 0.07583775880864296, valid_loss: 0.1045728890846173, train_nll: 4.830405703977483, valid_nll: 6.878640881622486
[2021-09-25 08:41:19] epoch 273: train_loss: 0.0757572132152045, valid_loss: 0.10471936749915282, train_nll: 4.816467379738848, valid_nll: 6.895615597379588
[2021-09-25 08:41:32] epoch 274: train_loss: 0.0759356314980093, valid_loss: 0.10464030566314857, train_nll: 4.827056685940931, valid_nll: 7.0130116675629175
[2021-09-25 08:41:44] epoch 275: train_loss: 0.07586168223756483, valid_loss: 0.10453501033286254, train_nll: 4.824738734934144, valid_nll: 6.933664618916181
[2021-09-25 08:41:56] epoch 276: train_loss: 0.07586887592299917, valid_loss: 0.10466895997524261, train_nll: 4.8351624350578986, valid_nll: 6.988517245924272
[2021-09-25 08:42:08] epoch 277: train_loss: 0.07567811157854124, valid_loss: 0.10496909605960052, train_nll: 4.821557879523402, valid_nll: 6.900380819868191
[2021-09-25 08:42:20] epoch 278: train_loss: 0.07577371971960041, valid_loss: 0.10522326330343883, train_nll: 4.845404240370149, valid_nll: 6.944818178216243
[2021-09-25 08:42:32] epoch 279: train_loss: 0.07588522168325967, valid_loss: 0.10477788125475247, train_nll: 4.812758899534973, valid_nll: 6.90351670141739
[2021-09-25 08:42:44] epoch 280: train_loss: 0.07584543821626696, valid_loss: 0.10485768256088097, train_nll: 4.823672245715484, valid_nll: 6.878375212649691
[2021-09-25 08:42:56] epoch 281: train_loss: 0.0757868844887306, valid_loss: 0.1047680489718914, train_nll: 4.818215482268663, valid_nll: 6.964639817572445
[2021-09-25 08:43:08] epoch 282: train_loss: 0.07557710058901501, valid_loss: 0.10488913332422574, train_nll: 4.820029275430912, valid_nll: 6.844820648823178
[2021-09-25 08:43:20] epoch 283: train_loss: 0.07575631094561226, valid_loss: 0.10534566827118397, train_nll: 4.819919449741213, valid_nll: 7.064036829162942
[2021-09-25 08:43:32] epoch 284: train_loss: 0.07571904568922246, valid_loss: 0.10546804654101531, train_nll: 4.8289558537827935, valid_nll: 7.046624732956877
[2021-09-25 08:43:44] epoch 285: train_loss: 0.07571320668205447, valid_loss: 0.10564291104674339, train_nll: 4.818465505931216, valid_nll: 7.068277484256823
[2021-09-25 08:43:56] epoch 286: train_loss: 0.07564199825042281, valid_loss: 0.10522325274844964, train_nll: 4.820822984414102, valid_nll: 7.055516126679211
[2021-09-25 08:44:08] epoch 287: train_loss: 0.07608781305366549, valid_loss: 0.10480446058015029, train_nll: 4.851484722919066, valid_nll: 7.03492968704195
[2021-09-25 08:44:20] epoch 288: train_loss: 0.07582080377073123, valid_loss: 0.10483149190743764, train_nll: 4.839298906746885, valid_nll: 6.959554919158764
[2021-09-25 08:44:32] epoch 289: train_loss: 0.07559697957302647, valid_loss: 0.10540080505112807, train_nll: 4.831376036905392, valid_nll: 7.040937212573654
[2021-09-25 08:44:44] epoch 290: train_loss: 0.07563929476015184, valid_loss: 0.10529827574888866, train_nll: 4.808186919660502, valid_nll: 7.0243412611855796
[2021-09-25 08:44:56] epoch 291: train_loss: 0.0757012720508822, valid_loss: 0.10455436694125335, train_nll: 4.836896190413897, valid_nll: 6.854817903958834
[2021-09-25 08:45:08] epoch 292: train_loss: 0.07549439940130574, valid_loss: 0.10565952522059281, train_nll: 4.811248689946506, valid_nll: 7.051819348648386
[2021-09-25 08:45:20] epoch 293: train_loss: 0.07574058065041044, valid_loss: 0.10566980019211769, train_nll: 4.825358671134825, valid_nll: 6.972799905916539
[2021-09-25 08:45:32] epoch 294: train_loss: 0.07571509157189693, valid_loss: 0.10530516070624192, train_nll: 4.815873121304662, valid_nll: 6.998343634113362
[2021-09-25 08:45:44] epoch 295: train_loss: 0.07570675931785298, valid_loss: 0.10565134199957053, train_nll: 4.815960947082223, valid_nll: 7.077124661844622
[2021-09-25 08:45:57] epoch 296: train_loss: 0.07566187537178912, valid_loss: 0.10502303453783195, train_nll: 4.8198937438011775, valid_nll: 7.050001162301756
[2021-09-25 08:46:09] epoch 297: train_loss: 0.07574378917443342, valid_loss: 0.10562363515297572, train_nll: 4.857598439780285, valid_nll: 7.053094330692828
[2021-09-25 08:46:21] epoch 298: train_loss: 0.07582359891598937, valid_loss: 0.10511590788761775, train_nll: 4.825801793823113, valid_nll: 6.896356679261514
[2021-09-25 08:46:33] epoch 299: train_loss: 0.07542444742017093, valid_loss: 0.1049571589877208, train_nll: 4.803738284749959, valid_nll: 6.926502005915257
[2021-09-25 08:46:45] epoch 300: train_loss: 0.0753917455587579, valid_loss: 0.10533970346053441, train_nll: 4.814193203168017, valid_nll: 7.018339618732961
[2021-09-25 08:46:57] epoch 301: train_loss: 0.07554740696374712, valid_loss: 0.10512098980446656, train_nll: 4.821435596299438, valid_nll: 6.894880069353343
[2021-09-25 08:47:09] epoch 302: train_loss: 0.07564272538855157, valid_loss: 0.10539195251961549, train_nll: 4.826357425529511, valid_nll: 7.006599168616432
[2021-09-25 08:47:21] epoch 303: train_loss: 0.07574126561140192, valid_loss: 0.10500218470891316, train_nll: 4.8177262793414375, valid_nll: 7.084174179449314
[2021-09-25 08:47:33] epoch 304: train_loss: 0.07551743606126857, valid_loss: 0.10537266544997692, train_nll: 4.825741445296272, valid_nll: 7.044098701978043
[2021-09-25 08:47:45] epoch 305: train_loss: 0.07533127112292695, valid_loss: 0.10549000774820645, train_nll: 4.803797987700263, valid_nll: 7.0263722689916674
[2021-09-25 08:47:57] epoch 306: train_loss: 0.0755506004153312, valid_loss: 0.10533181764185429, train_nll: 4.8271381396687865, valid_nll: 7.012385670731708
[2021-09-25 08:48:09] epoch 307: train_loss: 0.07585483022976196, valid_loss: 0.1053274708489577, train_nll: 4.828700816437624, valid_nll: 7.09524653508113
[2021-09-25 08:48:21] epoch 308: train_loss: 0.0755356619155955, valid_loss: 0.10586878471076488, train_nll: 4.807631321359873, valid_nll: 6.968365882172146
[2021-09-25 08:48:34] epoch 309: train_loss: 0.07541696877143848, valid_loss: 0.10544643613199393, train_nll: 4.835960775771003, valid_nll: 7.049247927782012
[2021-09-25 08:48:45] epoch 310: train_loss: 0.0754760579987504, valid_loss: 0.10585552578171094, train_nll: 4.797627472983153, valid_nll: 7.182428499547447
[2021-09-25 08:48:57] epoch 311: train_loss: 0.07574986167594619, valid_loss: 0.10589567199349403, train_nll: 4.826942682920264, valid_nll: 7.199916474591053
[2021-09-25 08:49:09] epoch 312: train_loss: 0.07575081939669862, valid_loss: 0.10479932464659214, train_nll: 4.843410433181405, valid_nll: 6.890765950559004
[2021-09-25 08:49:22] epoch 313: train_loss: 0.07536213962768001, valid_loss: 0.10510941470662753, train_nll: 4.804841302975142, valid_nll: 6.917162739537223
[2021-09-25 08:49:34] epoch 314: train_loss: 0.07554749975344915, valid_loss: 0.10581798975666364, train_nll: 4.828356229496746, valid_nll: 6.944995643944946
[2021-09-25 08:49:45] epoch 315: train_loss: 0.07569833348194759, valid_loss: 0.10528435247639815, train_nll: 4.826596946901449, valid_nll: 6.953721939287311
[2021-09-25 08:49:58] epoch 316: train_loss: 0.07536238449058313, valid_loss: 0.10582429418961208, train_nll: 4.80652721603854, valid_nll: 7.1458288053186925
[2021-09-25 08:50:10] epoch 317: train_loss: 0.0754563878236831, valid_loss: 0.10555682828028996, train_nll: 4.816282642217194, valid_nll: 7.0048582495712655
[2021-09-25 08:50:21] epoch 318: train_loss: 0.07574488070590057, valid_loss: 0.10597485800584157, train_nll: 4.8402598590935355, valid_nll: 6.97772341329206
[2021-09-25 08:50:34] epoch 319: train_loss: 0.07555491528634367, valid_loss: 0.10576321991781394, train_nll: 4.815452884787572, valid_nll: 7.009367422136089
[2021-09-25 08:50:46] epoch 320: train_loss: 0.07527183124731326, valid_loss: 0.10574949346482754, train_nll: 4.79949873694641, valid_nll: 6.955119707347304
[2021-09-25 08:50:57] epoch 321: train_loss: 0.07553979651681308, valid_loss: 0.1056232713162899, train_nll: 4.82923339091919, valid_nll: 6.974673931415264
[2021-09-25 08:51:10] epoch 322: train_loss: 0.07618118240230384, valid_loss: 0.1053796721001466, train_nll: 4.832218537226989, valid_nll: 6.916221661594527
[2021-09-25 08:51:22] epoch 323: train_loss: 0.07559696533556642, valid_loss: 0.10505121201276779, train_nll: 4.834156351920597, valid_nll: 6.956891358681513
[2021-09-25 08:51:34] epoch 324: train_loss: 0.07531791694205382, valid_loss: 0.1055622777591149, train_nll: 4.809184568042518, valid_nll: 6.965877897967541
[2021-09-25 08:51:50] epoch 325: train_loss: 0.07524117583344722, valid_loss: 0.10550656604270141, train_nll: 4.788697657491568, valid_nll: 6.94313156671864
[2021-09-25 08:52:02] epoch 326: train_loss: 0.07542608203045253, valid_loss: 0.10567577928304672, train_nll: 4.8099932375777295, valid_nll: 7.040416939397243
[2021-09-25 08:52:14] epoch 327: train_loss: 0.07577409871436398, valid_loss: 0.10580475628376007, train_nll: 4.850532233098761, valid_nll: 7.039743534395887
[2021-09-25 08:52:26] epoch 328: train_loss: 0.07545069380310075, valid_loss: 0.10538460252185662, train_nll: 4.819593976132098, valid_nll: 6.9420844645258635
[2021-09-25 08:52:38] epoch 329: train_loss: 0.07538380610874329, valid_loss: 0.10558389499783516, train_nll: 4.817409320580957, valid_nll: 7.041263358454319
[2021-09-25 08:52:50] epoch 330: train_loss: 0.0752640908862325, valid_loss: 0.10571515994767348, train_nll: 4.802549407260281, valid_nll: 7.064137142102669
[2021-09-25 08:53:02] epoch 331: train_loss: 0.07535953121795051, valid_loss: 0.1053143609315157, train_nll: 4.814232070980808, valid_nll: 6.9097686681693755
[2021-09-25 08:53:14] epoch 332: train_loss: 0.07525716514337337, valid_loss: 0.1058733140428861, train_nll: 4.799118226327632, valid_nll: 7.07955344309279
[2021-09-25 08:53:26] epoch 333: train_loss: 0.07528300949468694, valid_loss: 0.10640840729077657, train_nll: 4.800597750504174, valid_nll: 7.1526106929242275
[2021-09-25 08:53:38] epoch 334: train_loss: 0.07551928742349832, valid_loss: 0.10610948006312053, train_nll: 4.821290814894165, valid_nll: 7.197752689554812
[2021-09-25 08:53:50] epoch 335: train_loss: 0.07534973528878443, valid_loss: 0.10563923356433709, train_nll: 4.829312660392766, valid_nll: 6.926018305164788
[2021-09-25 08:54:02] epoch 336: train_loss: 0.0753752592223129, valid_loss: 0.10542748495936394, train_nll: 4.809089285131496, valid_nll: 6.912294713462272
[2021-09-25 08:54:14] epoch 337: train_loss: 0.07529385698338349, valid_loss: 0.10613449290394783, train_nll: 4.804686469250929, valid_nll: 7.0019169533677665
[2021-09-25 08:54:27] epoch 338: train_loss: 0.07528833916475033, valid_loss: 0.10598088552554448, train_nll: 4.821989301338204, valid_nll: 6.938939851399434
[2021-09-25 08:54:39] epoch 339: train_loss: 0.0754185733010714, valid_loss: 0.10563272858659427, train_nll: 4.816820606699371, valid_nll: 6.9478868838770085
[2021-09-25 08:54:50] epoch 340: train_loss: 0.07551761243449545, valid_loss: 0.10579707100987434, train_nll: 4.809355901801453, valid_nll: 7.1092068384109695
[2021-09-25 08:55:02] epoch 341: train_loss: 0.07523581830934546, valid_loss: 0.10603636130690575, train_nll: 4.807949470653643, valid_nll: 7.020609041539634
[2021-09-25 08:55:15] epoch 342: train_loss: 0.07514386962371311, valid_loss: 0.10623454488813877, train_nll: 4.794935568950176, valid_nll: 7.173084065793379
[2021-09-25 08:55:26] epoch 343: train_loss: 0.07562034333060527, valid_loss: 0.10610986997683843, train_nll: 4.823979243922269, valid_nll: 7.019518753824717
[2021-09-25 08:55:38] epoch 344: train_loss: 0.07550580028829904, valid_loss: 0.10615146594742934, train_nll: 4.828629421468373, valid_nll: 7.008494464809854
[2021-09-25 08:55:50] epoch 345: train_loss: 0.0754531839027487, valid_loss: 0.10587707472344239, train_nll: 4.832149223477359, valid_nll: 6.946926209984756
[2021-09-25 08:56:02] epoch 346: train_loss: 0.07517839383719296, valid_loss: 0.10594147133330505, train_nll: 4.789281108153473, valid_nll: 7.01861419105172
[2021-09-25 08:56:14] epoch 347: train_loss: 0.075236475608986, valid_loss: 0.10605019641419251, train_nll: 4.809775751133613, valid_nll: 7.058644750999465
[2021-09-25 08:56:26] epoch 348: train_loss: 0.07527954193452994, valid_loss: 0.10573128921290238, train_nll: 4.827890886337753, valid_nll: 7.050432860068487
[2021-09-25 08:56:38] epoch 349: train_loss: 0.0752992042736418, valid_loss: 0.1058873397608598, train_nll: 4.816143798184158, valid_nll: 7.008375013970523
[2021-09-25 08:56:50] epoch 350: train_loss: 0.0752438604189404, valid_loss: 0.10598882474005222, train_nll: 4.803348377450757, valid_nll: 7.016985895038769
[2021-09-25 08:57:02] epoch 351: train_loss: 0.07530224111316533, valid_loss: 0.10603645878533523, train_nll: 4.808940495838971, valid_nll: 7.013049012948156
[2021-09-25 08:57:14] epoch 352: train_loss: 0.0754862028420314, valid_loss: 0.10583589474360149, train_nll: 4.813548026293183, valid_nll: 7.0389396996703875
[2021-09-25 08:57:26] epoch 353: train_loss: 0.0751509695988277, valid_loss: 0.10616504525144894, train_nll: 4.813896619511395, valid_nll: 7.034845005056871
[2021-09-25 08:57:38] epoch 354: train_loss: 0.0753303518326118, valid_loss: 0.10635469232996304, train_nll: 4.815158051915198, valid_nll: 7.04189254732114
[2021-09-25 08:57:50] epoch 355: train_loss: 0.07534303775207064, valid_loss: 0.10636001514891784, train_nll: 4.81148317831683, valid_nll: 6.951760111338202
[2021-09-25 08:58:02] epoch 356: train_loss: 0.07550582497369969, valid_loss: 0.10704756838579972, train_nll: 4.82112256533286, valid_nll: 7.142914090326535
[2021-09-25 08:58:14] epoch 357: train_loss: 0.07526501516501109, valid_loss: 0.1064949743449688, train_nll: 4.818019255980029, valid_nll: 7.011078868529586
[2021-09-25 08:58:26] epoch 358: train_loss: 0.07543808731368218, valid_loss: 0.10570923487345378, train_nll: 4.785698174071931, valid_nll: 7.016448716956276
[2021-09-25 08:58:38] epoch 359: train_loss: 0.07529909015986426, valid_loss: 0.10653151137133439, train_nll: 4.8148421363806415, valid_nll: 7.183718854893439
[2021-09-25 08:58:50] epoch 360: train_loss: 0.07537438566314764, valid_loss: 0.1060545773555835, train_nll: 4.826326411694609, valid_nll: 7.041999344530517
[2021-09-25 08:59:03] epoch 361: train_loss: 0.0754739554791615, valid_loss: 0.10574954561889172, train_nll: 4.830456457804164, valid_nll: 7.075011663096931
[2021-09-25 08:59:15] epoch 362: train_loss: 0.07512390857626652, valid_loss: 0.10592007078230381, train_nll: 4.796143477263393, valid_nll: 7.0291749478281105
[2021-09-25 08:59:26] epoch 363: train_loss: 0.0750430299761309, valid_loss: 0.10667064972221851, train_nll: 4.781268679056773, valid_nll: 7.119921786252822
[2021-09-25 08:59:38] epoch 364: train_loss: 0.07589863429124329, valid_loss: 0.10584248478213946, train_nll: 4.846146559207141, valid_nll: 6.957431757427738
[2021-09-25 08:59:50] epoch 365: train_loss: 0.07515263075715509, valid_loss: 0.10604965624709924, train_nll: 4.806780858391019, valid_nll: 6.9725941985454165
[2021-09-25 09:00:02] epoch 366: train_loss: 0.07497823932047548, valid_loss: 0.1063611339777708, train_nll: 4.80613718678816, valid_nll: 7.069987570814523
[2021-09-25 09:00:14] epoch 367: train_loss: 0.07525727371203489, valid_loss: 0.10642369650304317, train_nll: 4.806904171559096, valid_nll: 6.95567560822163
[2021-09-25 09:00:26] epoch 368: train_loss: 0.07525118564565976, valid_loss: 0.10642337799072266, train_nll: 4.824540035813689, valid_nll: 6.862743341900394
[2021-09-25 09:00:38] epoch 369: train_loss: 0.07524889439943878, valid_loss: 0.10604469664394855, train_nll: 4.80231030688152, valid_nll: 7.005234738004588
[2021-09-25 09:00:50] epoch 370: train_loss: 0.07501656251649062, valid_loss: 0.10664275102317333, train_nll: 4.7904679788821705, valid_nll: 7.066346574679549
[2021-09-25 09:01:03] epoch 371: train_loss: 0.07548349776744158, valid_loss: 0.10657578147947788, train_nll: 4.822450922370133, valid_nll: 7.119528264086869
[2021-09-25 09:01:14] epoch 372: train_loss: 0.07552072626335182, valid_loss: 0.10608478883902232, train_nll: 4.815506268815417, valid_nll: 7.083196815361896
[2021-09-25 09:01:26] epoch 373: train_loss: 0.07505465448759067, valid_loss: 0.10634150169789791, train_nll: 4.806959470985157, valid_nll: 7.030397526095106
[2021-09-25 09:01:38] epoch 374: train_loss: 0.07510315352815321, valid_loss: 0.10643774767716725, train_nll: 4.817946757412983, valid_nll: 6.990064853575172
[2021-09-25 09:01:50] epoch 375: train_loss: 0.07501962376308852, valid_loss: 0.10646226753791173, train_nll: 4.794986191971137, valid_nll: 7.038479574178441
[2021-09-25 09:02:02] epoch 376: train_loss: 0.07539007478746874, valid_loss: 0.10608566304047902, train_nll: 4.826024022678907, valid_nll: 7.002673981113684
[2021-09-25 09:02:14] epoch 377: train_loss: 0.07528792413743748, valid_loss: 0.1067404927064975, train_nll: 4.813681368838888, valid_nll: 7.189254331320356
[2021-09-25 09:02:26] epoch 378: train_loss: 0.07521547180140155, valid_loss: 0.10629732472201188, train_nll: 4.818911082937285, valid_nll: 6.9513295730104145
[2021-09-25 09:02:38] epoch 379: train_loss: 0.07520090672990372, valid_loss: 0.10653949280579884, train_nll: 4.805112090536401, valid_nll: 7.001529843901157
[2021-09-25 09:02:50] epoch 380: train_loss: 0.07497312376896541, valid_loss: 0.10653449470798175, train_nll: 4.776318516502855, valid_nll: 7.066346302712389
[2021-09-25 09:03:02] epoch 381: train_loss: 0.07493645470889135, valid_loss: 0.1064200767626365, train_nll: 4.7932242051185145, valid_nll: 7.069885082137517
[2021-09-25 09:03:14] epoch 382: train_loss: 0.07512838832348928, valid_loss: 0.10633378848433495, train_nll: 4.817678713954484, valid_nll: 7.000342578422733
[2021-09-25 09:03:26] epoch 383: train_loss: 0.07533621325575073, valid_loss: 0.10704539654155572, train_nll: 4.799184402752386, valid_nll: 7.289664248811818
[2021-09-25 09:03:38] epoch 384: train_loss: 0.07546958652721054, valid_loss: 0.10645914139846961, train_nll: 4.83018104334274, valid_nll: 7.099248488893204
[2021-09-25 09:03:50] epoch 385: train_loss: 0.07479715981017585, valid_loss: 0.10652041745682557, train_nll: 4.781834140913626, valid_nll: 7.072577070339983
[2021-09-25 09:04:02] epoch 386: train_loss: 0.07494694972946041, valid_loss: 0.10690698151787122, train_nll: 4.814896283508932, valid_nll: 7.104920822057671
[2021-09-25 09:04:14] epoch 387: train_loss: 0.07508521576294269, valid_loss: 0.10598196027179559, train_nll: 4.8135126097389955, valid_nll: 7.136355902866843
[2021-09-25 09:04:30] epoch 388: train_loss: 0.07535613289680974, valid_loss: 0.10674786816040675, train_nll: 4.810524245610492, valid_nll: 7.107267726876723
[2021-09-25 09:04:42] epoch 389: train_loss: 0.07510967621172981, valid_loss: 0.10613712295889854, train_nll: 4.813071995300692, valid_nll: 7.0266135324903995
[2021-09-25 09:04:54] epoch 390: train_loss: 0.07492913526279488, valid_loss: 0.10648811236023903, train_nll: 4.797341671742626, valid_nll: 7.071289005243756
[2021-09-25 09:05:06] epoch 391: train_loss: 0.0750567658279819, valid_loss: 0.10629397133986156, train_nll: 4.794542472003808, valid_nll: 7.0205515419564595
[2021-09-25 09:05:18] epoch 392: train_loss: 0.07506042091582699, valid_loss: 0.10685560293495655, train_nll: 4.805858247011969, valid_nll: 7.115625878883347
[2021-09-25 09:05:30] epoch 393: train_loss: 0.07508003200008266, valid_loss: 0.10678313920895259, train_nll: 4.798381621084477, valid_nll: 7.000130028930435
[2021-09-25 09:05:42] epoch 394: train_loss: 0.07532848751750486, valid_loss: 0.10677500255405903, train_nll: 4.814276009225775, valid_nll: 7.0377852706479755
[2021-09-25 09:05:54] epoch 395: train_loss: 0.07502150490623095, valid_loss: 0.10663256235420704, train_nll: 4.814255459848449, valid_nll: 6.903570722683733
[2021-09-25 09:06:06] epoch 396: train_loss: 0.07495520026262464, valid_loss: 0.10724250413477421, train_nll: 4.789742707854008, valid_nll: 7.1181996758838535
[2021-09-25 09:06:19] epoch 397: train_loss: 0.0750316088141381, valid_loss: 0.10646874519685905, train_nll: 4.814385303240533, valid_nll: 6.949414079676873
[2021-09-25 09:06:31] epoch 398: train_loss: 0.075370277524337, valid_loss: 0.1065887405226628, train_nll: 4.81870026959727, valid_nll: 7.033937307504507
[2021-09-25 09:06:42] epoch 399: train_loss: 0.07487323591164474, valid_loss: 0.1074379961937666, train_nll: 4.798933223572228, valid_nll: 7.193180349038645
[2021-09-25 09:06:55] epoch 400: train_loss: 0.07492774958326213, valid_loss: 0.10656240644554298, train_nll: 4.798870957232296, valid_nll: 7.017017414601167
[2021-09-25 09:07:07] epoch 401: train_loss: 0.07483194539344859, valid_loss: 0.10653445372978847, train_nll: 4.781595062671218, valid_nll: 7.162081705920021
[2021-09-25 09:07:19] epoch 402: train_loss: 0.0751035554955403, valid_loss: 0.10683516040444374, train_nll: 4.799281771310298, valid_nll: 7.164590817678713
[2021-09-25 09:07:31] epoch 403: train_loss: 0.07519607237358203, valid_loss: 0.10692755319178104, train_nll: 4.803911941215996, valid_nll: 6.990663625062295
[2021-09-25 09:07:43] epoch 404: train_loss: 0.07514571957290173, valid_loss: 0.10756528501709302, train_nll: 4.818853745759351, valid_nll: 7.262940569621761
[2021-09-25 09:07:55] epoch 405: train_loss: 0.0750325031407263, valid_loss: 0.10633632106085618, train_nll: 4.794881085349327, valid_nll: 7.093911491236589
[2021-09-25 09:08:06] epoch 406: train_loss: 0.07523854400149022, valid_loss: 0.10630172242720921, train_nll: 4.816274967745, valid_nll: 7.078540122084054
[2021-09-25 09:08:19] epoch 407: train_loss: 0.07542757028392677, valid_loss: 0.10587047723432381, train_nll: 4.837469590769259, valid_nll: 6.854413216825274
[2021-09-25 09:08:30] epoch 408: train_loss: 0.07474307559601877, valid_loss: 0.10685781265298526, train_nll: 4.761447619124036, valid_nll: 7.131593643388873
[2021-09-25 09:08:42] epoch 409: train_loss: 0.07479637640731773, valid_loss: 0.1066409492244323, train_nll: 4.801665600102319, valid_nll: 6.963704608394773
[2021-09-25 09:08:54] epoch 410: train_loss: 0.07507809290084345, valid_loss: 0.10628512750069301, train_nll: 4.8082279306747004, valid_nll: 7.062270960709391
[2021-09-25 09:09:06] epoch 411: train_loss: 0.07521421256764181, valid_loss: 0.1068403081347545, train_nll: 4.793117927282413, valid_nll: 7.1958788071966975
[2021-09-25 09:09:18] epoch 412: train_loss: 0.07512480478690958, valid_loss: 0.10672734739879768, train_nll: 4.83226152119392, valid_nll: 7.0966751785707745
[2021-09-25 09:09:31] epoch 413: train_loss: 0.07478886320330631, valid_loss: 0.10658141163488229, train_nll: 4.7977531869392855, valid_nll: 7.113355038984632
[2021-09-25 09:09:43] epoch 414: train_loss: 0.07523179921353686, valid_loss: 0.10702321367959182, train_nll: 4.806108746807342, valid_nll: 7.216212388945789
[2021-09-25 09:09:55] epoch 415: train_loss: 0.07488170296125028, valid_loss: 0.10592068048814933, train_nll: 4.802905156155079, valid_nll: 6.9381584611216365
[2021-09-25 09:10:07] epoch 416: train_loss: 0.07489649133606889, valid_loss: 0.1070254525790612, train_nll: 4.8070172042025625, valid_nll: 7.165746520652556
[2021-09-25 09:10:19] epoch 417: train_loss: 0.07514909978142414, valid_loss: 0.10581528767943382, train_nll: 4.813646600678592, valid_nll: 7.025289095365084
[2021-09-25 09:10:31] epoch 418: train_loss: 0.07504818327296739, valid_loss: 0.10664911940693855, train_nll: 4.811299146743584, valid_nll: 7.009658627393769
[2021-09-25 09:10:43] epoch 419: train_loss: 0.0750907088961752, valid_loss: 0.10680829795698325, train_nll: 4.814067201036822, valid_nll: 6.964627235512796
[2021-09-25 09:10:55] epoch 420: train_loss: 0.07479568560147422, valid_loss: 0.10740162866810958, train_nll: 4.786763955329787, valid_nll: 7.080354042840496
[2021-09-25 09:11:07] epoch 421: train_loss: 0.07497712423832252, valid_loss: 0.10691542675097783, train_nll: 4.802712687814153, valid_nll: 7.056015687409306
[2021-09-25 09:11:19] epoch 422: train_loss: 0.07515619177071528, valid_loss: 0.10664625093340874, train_nll: 4.819867106121938, valid_nll: 6.98266989473554
[2021-09-25 09:11:31] epoch 423: train_loss: 0.07495001992531891, valid_loss: 0.1062503345310688, train_nll: 4.80040362435168, valid_nll: 7.045747152188929
[2021-09-25 09:11:43] epoch 424: train_loss: 0.07485261135574045, valid_loss: 0.10702487453818321, train_nll: 4.7810510605995, valid_nll: 7.269790506273452
[2021-09-25 09:11:55] epoch 425: train_loss: 0.07514917289559868, valid_loss: 0.10691614635288715, train_nll: 4.840772240391812, valid_nll: 6.993065209594498
[2021-09-25 09:12:07] epoch 426: train_loss: 0.0750113780257003, valid_loss: 0.10642625205218792, train_nll: 4.798136708504491, valid_nll: 7.110302164675371
[2021-09-25 09:12:19] epoch 427: train_loss: 0.07568419065283633, valid_loss: 0.1067334245890379, train_nll: 4.846772557951072, valid_nll: 7.066893944373498
[2021-09-25 09:12:31] epoch 428: train_loss: 0.07710273446108418, valid_loss: 0.10655809069673221, train_nll: 4.908172561539254, valid_nll: 7.094134218026281
[2021-09-25 09:12:43] epoch 429: train_loss: 0.07495755567375956, valid_loss: 0.1061816904693842, train_nll: 4.807803897974385, valid_nll: 6.978215688165089
[2021-09-25 09:12:55] epoch 430: train_loss: 0.07466499361841158, valid_loss: 0.10650533437728882, train_nll: 4.790482537357534, valid_nll: 7.064381339983913
[2021-09-25 09:13:07] epoch 431: train_loss: 0.07489264148405228, valid_loss: 0.10614821997781594, train_nll: 4.793355724031247, valid_nll: 7.084574443538014
[2021-09-25 09:13:19] epoch 432: train_loss: 0.07474257075495419, valid_loss: 0.1072306502610445, train_nll: 4.777434996045272, valid_nll: 7.18779909230531
[2021-09-25 09:13:31] epoch 433: train_loss: 0.07505243046787279, valid_loss: 0.10700373413662116, train_nll: 4.816919577526729, valid_nll: 7.125625739178112
[2021-09-25 09:13:43] epoch 434: train_loss: 0.07496436599684858, valid_loss: 0.10654680555065472, train_nll: 4.812809029116512, valid_nll: 7.06700622386825
[2021-09-25 09:13:55] epoch 435: train_loss: 0.07482657487365021, valid_loss: 0.10676674606899421, train_nll: 4.776704919416207, valid_nll: 7.146917332404103
[2021-09-25 09:14:07] epoch 436: train_loss: 0.07555835325827544, valid_loss: 0.10735115967690945, train_nll: 4.84448511929018, valid_nll: 7.106580365665858
[2021-09-25 09:14:19] epoch 437: train_loss: 0.07475057006653013, valid_loss: 0.10703047178685665, train_nll: 4.782384102493934, valid_nll: 7.054879795095934
[2021-09-25 09:14:30] epoch 438: train_loss: 0.07499885783884032, valid_loss: 0.1074269637465477, train_nll: 4.801461598721706, valid_nll: 6.977747689939574
[2021-09-25 09:14:43] epoch 439: train_loss: 0.07484762426251652, valid_loss: 0.1068691195299228, train_nll: 4.810690819248667, valid_nll: 7.067399788976386
[2021-09-25 09:14:54] epoch 440: train_loss: 0.07499319800957181, valid_loss: 0.10685273259878159, train_nll: 4.807905912348982, valid_nll: 7.1020460003536146
[2021-09-25 09:15:06] epoch 441: train_loss: 0.07491116287807624, valid_loss: 0.10693605430424213, train_nll: 4.800799159516663, valid_nll: 7.1152362644560565
[2021-09-25 09:15:18] epoch 442: train_loss: 0.07486946491160612, valid_loss: 0.10700049810111523, train_nll: 4.797217509343569, valid_nll: 7.080134436516109
[2021-09-25 09:15:31] epoch 443: train_loss: 0.07486702902135493, valid_loss: 0.1066701989620924, train_nll: 4.8087389765471995, valid_nll: 7.026483217278743
[2021-09-25 09:15:44] epoch 444: train_loss: 0.07509610928252511, valid_loss: 0.10705389020343621, train_nll: 4.785250969440229, valid_nll: 7.05084201318909
[2021-09-25 09:15:56] epoch 445: train_loss: 0.07476898458325999, valid_loss: 0.10693496900300185, train_nll: 4.778754471172937, valid_nll: 7.101191536794237
[2021-09-25 09:16:08] epoch 446: train_loss: 0.07505416606777701, valid_loss: 0.10638522791365783, train_nll: 4.787790980664052, valid_nll: 6.988916951764591
[2021-09-25 09:16:21] epoch 447: train_loss: 0.07503113799310963, valid_loss: 0.10688100382685661, train_nll: 4.799168894828737, valid_nll: 7.077092297752624
[2021-09-25 09:16:32] epoch 448: train_loss: 0.07490073987978628, valid_loss: 0.10706311278045177, train_nll: 4.7985992431640625, valid_nll: 7.046448941973316
[2021-09-25 09:16:45] epoch 449: train_loss: 0.07482779756102753, valid_loss: 0.10729769927759965, train_nll: 4.795962208709427, valid_nll: 7.083582808331745
[2021-09-25 09:16:56] epoch 450: train_loss: 0.07474294058636002, valid_loss: 0.10717062590022881, train_nll: 4.793371951185115, valid_nll: 7.031128230282782
[2021-09-25 09:17:08] epoch 451: train_loss: 0.0749934000102268, valid_loss: 0.106832771251599, train_nll: 4.790018009621273, valid_nll: 6.995523606634945
[2021-09-25 09:17:20] epoch 452: train_loss: 0.0751920644322346, valid_loss: 0.10701700858771801, train_nll: 4.829526499570938, valid_nll: 6.99986269952656
[2021-09-25 09:17:32] epoch 453: train_loss: 0.07489879613463905, valid_loss: 0.10738929485281308, train_nll: 4.790291819398377, valid_nll: 7.116914387715466
[2021-09-25 09:17:44] epoch 454: train_loss: 0.0750120700090781, valid_loss: 0.10653549805283546, train_nll: 4.817656923331498, valid_nll: 6.993468622776626
[2021-09-25 09:17:56] epoch 455: train_loss: 0.07473178021609783, valid_loss: 0.1069822379698356, train_nll: 4.788142411360184, valid_nll: 7.135302402288784
[2021-09-25 09:18:08] epoch 456: train_loss: 0.07476983495570462, valid_loss: 0.107131477445364, train_nll: 4.7790345620394605, valid_nll: 7.138414350727933
[2021-09-25 09:18:20] epoch 457: train_loss: 0.07483647468275037, valid_loss: 0.10725281635920207, train_nll: 4.801036519978111, valid_nll: 7.163269701415557
[2021-09-25 09:18:32] epoch 458: train_loss: 0.07477266394972117, valid_loss: 0.10728998978932698, train_nll: 4.796403914671152, valid_nll: 7.015192429075546
[2021-09-25 09:18:44] epoch 459: train_loss: 0.07504465970499762, valid_loss: 0.10656281126042207, train_nll: 4.81424177193546, valid_nll: 6.942075160386191
[2021-09-25 09:18:56] epoch 460: train_loss: 0.07485776893451981, valid_loss: 0.10750714813669522, train_nll: 4.783594040106962, valid_nll: 7.127504259292001
[2021-09-25 09:19:08] epoch 461: train_loss: 0.07476833150133319, valid_loss: 0.1068221926689148, train_nll: 4.8018119455415205, valid_nll: 7.044817267841962
[2021-09-25 09:19:20] epoch 462: train_loss: 0.0754937708763213, valid_loss: 0.10649919199446838, train_nll: 4.8217953611310715, valid_nll: 7.022700497625469
[2021-09-25 09:19:32] epoch 463: train_loss: 0.07473060719925782, valid_loss: 0.10780295791725318, train_nll: 4.785457027086756, valid_nll: 7.1700089331192105
[2021-09-25 09:19:44] epoch 464: train_loss: 0.07462301640503707, valid_loss: 0.1075189591695865, train_nll: 4.775610024427457, valid_nll: 7.0556927049361295
[2021-09-25 09:19:56] epoch 465: train_loss: 0.07527175815454845, valid_loss: 0.10671896673738956, train_nll: 4.823011131069283, valid_nll: 6.993657310729179
[2021-09-25 09:20:08] epoch 466: train_loss: 0.07509294210066056, valid_loss: 0.10694634728133678, train_nll: 4.817174741652828, valid_nll: 7.099509935217995
[2021-09-25 09:20:20] epoch 467: train_loss: 0.07467672382963114, valid_loss: 0.10711594236393769, train_nll: 4.787431423109175, valid_nll: 7.090272413185793
[2021-09-25 09:20:32] epoch 468: train_loss: 0.07484639350367689, valid_loss: 0.10690012698372205, train_nll: 4.804680900549582, valid_nll: 7.163344792979744
[2021-09-25 09:20:44] epoch 469: train_loss: 0.07481672208028278, valid_loss: 0.1068814607957999, train_nll: 4.785135475636837, valid_nll: 7.1239668969589145
[2021-09-25 09:20:56] epoch 470: train_loss: 0.07543663892509608, valid_loss: 0.10663699048260848, train_nll: 4.845193287772352, valid_nll: 7.069085326919413
[2021-09-25 09:21:07] epoch 471: train_loss: 0.07481000482522208, valid_loss: 0.10679652976493041, train_nll: 4.806762708594311, valid_nll: 7.096196358915118
[2021-09-25 09:21:20] epoch 472: train_loss: 0.07457119628958318, valid_loss: 0.10712763791282971, train_nll: 4.766865939776036, valid_nll: 7.012528109953059
[2021-09-25 09:21:31] epoch 473: train_loss: 0.07474439670385301, valid_loss: 0.10745767007271449, train_nll: 4.792727620723907, valid_nll: 7.09945741692806
[2021-09-25 09:21:43] epoch 474: train_loss: 0.07518773975557294, valid_loss: 0.1074949639538924, train_nll: 4.80779727840001, valid_nll: 7.153109366182538
[2021-09-25 09:21:55] epoch 475: train_loss: 0.0750373491225229, valid_loss: 0.10701489945252736, train_nll: 4.804340562580959, valid_nll: 7.143284652738589
[2021-09-25 09:22:07] epoch 476: train_loss: 0.07458331620042351, valid_loss: 0.10681168300410111, train_nll: 4.779307270231165, valid_nll: 7.06083682062031
[2021-09-25 09:22:19] epoch 477: train_loss: 0.07484276173101075, valid_loss: 0.10709149080018203, train_nll: 4.794582092855067, valid_nll: 6.967264214778707
[2021-09-25 09:22:31] epoch 478: train_loss: 0.07522187758793776, valid_loss: 0.1066790483891964, train_nll: 4.799308297502816, valid_nll: 7.035721097162472
[2021-09-25 09:22:43] epoch 479: train_loss: 0.07516174930436857, valid_loss: 0.10737768126030763, train_nll: 4.823348479422871, valid_nll: 7.066466426312588
[2021-09-25 09:22:55] epoch 480: train_loss: 0.07482407753751881, valid_loss: 0.1072128638625145, train_nll: 4.791647924957307, valid_nll: 7.241168195713752
[2021-09-25 09:23:07] epoch 481: train_loss: 0.07466599021920528, valid_loss: 0.10755597054958344, train_nll: 4.789072865447708, valid_nll: 7.037754624243301
[2021-09-25 09:23:19] epoch 482: train_loss: 0.07540903323940162, valid_loss: 0.1074488206456105, train_nll: 4.834105280537876, valid_nll: 7.137934385947394
[2021-09-25 09:23:31] epoch 483: train_loss: 0.07479368049608565, valid_loss: 0.10701236749688785, train_nll: 4.7934630201395665, valid_nll: 7.0184856507836315
[2021-09-25 09:23:43] epoch 484: train_loss: 0.0747273347886472, valid_loss: 0.10736874925593536, train_nll: 4.789151043800342, valid_nll: 7.026091971048495
[2021-09-25 09:23:55] epoch 485: train_loss: 0.07507799974717629, valid_loss: 0.10697974699238937, train_nll: 4.805611706403872, valid_nll: 7.1073923880342695
[2021-09-25 09:24:07] epoch 486: train_loss: 0.07480802494047702, valid_loss: 0.10701278783380985, train_nll: 4.790202195344029, valid_nll: 7.083139444605271
[2021-09-25 09:24:19] epoch 487: train_loss: 0.07452706969075504, valid_loss: 0.10750184083978336, train_nll: 4.77513622719418, valid_nll: 7.243440581531059
[2021-09-25 09:24:31] epoch 488: train_loss: 0.07507349974636374, valid_loss: 0.10727489180862904, train_nll: 4.813907824933064, valid_nll: 7.096960443493126
[2021-09-25 09:24:43] epoch 489: train_loss: 0.07478897001637125, valid_loss: 0.10686841979622841, train_nll: 4.798079922722975, valid_nll: 7.124425877325978
[2021-09-25 09:24:55] epoch 490: train_loss: 0.07471155392370005, valid_loss: 0.10795283503830433, train_nll: 4.789958732896375, valid_nll: 7.105233569977208
[2021-09-25 09:25:07] epoch 491: train_loss: 0.07474872735382497, valid_loss: 0.10754173000653584, train_nll: 4.786567135786904, valid_nll: 6.962796982412714
[2021-09-25 09:25:19] epoch 492: train_loss: 0.07512259322764545, valid_loss: 0.1075449517617623, train_nll: 4.815443659965739, valid_nll: 7.020999028132512
[2021-09-25 09:25:31] epoch 493: train_loss: 0.07523512632596767, valid_loss: 0.10747388874491055, train_nll: 4.809347261781808, valid_nll: 7.125319489842284
[2021-09-25 09:25:43] epoch 494: train_loss: 0.07482931056413157, valid_loss: 0.10716006718575954, train_nll: 4.802020870046944, valid_nll: 7.139597765723939
[2021-09-25 09:25:55] epoch 495: train_loss: 0.07452165975567253, valid_loss: 0.10680087345341842, train_nll: 4.783348962108051, valid_nll: 7.056085811994313
[2021-09-25 09:26:07] epoch 496: train_loss: 0.07475424729201985, valid_loss: 0.10730994244416554, train_nll: 4.787636779234565, valid_nll: 7.214069674207391
[2021-09-25 09:26:19] epoch 497: train_loss: 0.07479692723644876, valid_loss: 0.10707903529206912, train_nll: 4.80281194882897, valid_nll: 7.035390499608825
[2021-09-25 09:26:31] epoch 498: train_loss: 0.07469706459977161, valid_loss: 0.10768634950121243, train_nll: 4.795515145347903, valid_nll: 7.137818327540528
[2021-09-25 09:26:43] epoch 499: train_loss: 0.0749789126988115, valid_loss: 0.10733509187897046, train_nll: 4.815992869715018, valid_nll: 7.168532008301697
