------------ Configs ------------
loading JSB data...
loading Muse data...
loading Nott data...
loading Piano data...
loading JSB data...
loading Muse data...
loading Nott data...
loading Piano data...
model summary: 
===================================================
      Kernel Shape  Output Shape  Params  Mult-Adds
Layer                                              
0_rnn            -  [200, 1, 38]   19456      19152
1_mlp     [38, 88]  [200, 1, 88]    3432       3344
---------------------------------------------------
                      Totals
Total params           22888
Trainable params       22888
Non-trainable params       0
Mult-Adds              22496
===================================================
rnn:  lstm
data:  all
optimizer:  rmsprop
learning rate:  0.001
momentum:  0.9
weight decay:  0.0
gradient clipping:  1.0
loss criterion:  bce
continue training:  False
save directory:  ./exp/music/all/lstm
log directory:  ./log/music/all/lstm
starting epoch:  0
ending epoch:  500
steps per epoch:  1534
cuda:  True
---------------------------------
[2021-09-24 19:26:21] epoch 0: train_loss: 0.09914386226289275, valid_loss: 0.08382865498689088, train_nll: 6.82738362135837, valid_nll: 5.8065382010790625
[2021-09-24 19:26:55] epoch 1: train_loss: 0.07829974005253794, valid_loss: 0.07849617929414215, train_nll: 5.25637515051221, valid_nll: 5.1802363420240525
[2021-09-24 19:27:28] epoch 2: train_loss: 0.07531413908154161, valid_loss: 0.07644276721920404, train_nll: 4.939837967082411, valid_nll: 4.798050269938273
[2021-09-24 19:28:02] epoch 3: train_loss: 0.0737541855101606, valid_loss: 0.07533423744396052, train_nll: 4.801562473940666, valid_nll: 4.738754794833214
[2021-09-24 19:28:35] epoch 4: train_loss: 0.07250669936806138, valid_loss: 0.0741025706320399, train_nll: 4.706527797917549, valid_nll: 4.907696924460231
[2021-09-24 19:29:08] epoch 5: train_loss: 0.07084311229860436, valid_loss: 0.072555706758673, train_nll: 4.608747080731266, valid_nll: 4.688156173160472
[2021-09-24 19:29:43] epoch 6: train_loss: 0.06992967820555127, valid_loss: 0.07217963087852254, train_nll: 4.563021142275635, valid_nll: 4.724155079382286
[2021-09-24 19:30:15] epoch 7: train_loss: 0.0693283627742253, valid_loss: 0.07165184639149694, train_nll: 4.534990196376966, valid_nll: 4.613616403241049
[2021-09-24 19:30:49] epoch 8: train_loss: 0.06896832202181143, valid_loss: 0.07118339352121558, train_nll: 4.518049792949309, valid_nll: 4.583592278744299
[2021-09-24 19:31:22] epoch 9: train_loss: 0.06863365371224642, valid_loss: 0.07131373169220458, train_nll: 4.491577983258556, valid_nll: 4.58572702660637
[2021-09-24 19:31:54] epoch 10: train_loss: 0.06835651613900624, valid_loss: 0.07055811711229534, train_nll: 4.493734014602397, valid_nll: 4.534699229227527
[2021-09-24 19:32:28] epoch 11: train_loss: 0.06808024140820393, valid_loss: 0.07041249936916913, train_nll: 4.471350176933898, valid_nll: 4.572024952212746
[2021-09-24 19:33:01] epoch 12: train_loss: 0.06791765688077062, valid_loss: 0.07084369556884272, train_nll: 4.466687162008009, valid_nll: 4.550747641254848
[2021-09-24 19:33:35] epoch 13: train_loss: 0.06770732344007982, valid_loss: 0.0706019001575469, train_nll: 4.456049186609849, valid_nll: 4.588008317773308
[2021-09-24 19:34:08] epoch 14: train_loss: 0.06766879135218232, valid_loss: 0.07048650350506333, train_nll: 4.457474457922301, valid_nll: 4.5848006159027
[2021-09-24 19:34:42] epoch 15: train_loss: 0.06743174151370528, valid_loss: 0.07021660622529159, train_nll: 4.443903230151931, valid_nll: 4.52314678086474
[2021-09-24 19:35:15] epoch 16: train_loss: 0.06731551479805635, valid_loss: 0.07004833312921527, train_nll: 4.440854302742513, valid_nll: 4.503132024059474
[2021-09-24 19:35:48] epoch 17: train_loss: 0.06718113318005531, valid_loss: 0.07032399451491808, train_nll: 4.439824711853409, valid_nll: 4.541115706388316
[2021-09-24 19:36:21] epoch 18: train_loss: 0.0670758958485808, valid_loss: 0.07006923949364761, train_nll: 4.431374218223739, valid_nll: 4.471530831149086
[2021-09-24 19:36:54] epoch 19: train_loss: 0.06703784943022796, valid_loss: 0.07028889714627329, train_nll: 4.413407392458275, valid_nll: 4.552447959281713
[2021-09-24 19:37:27] epoch 20: train_loss: 0.06697897029423787, valid_loss: 0.06990777117886929, train_nll: 4.430840359481403, valid_nll: 4.502951339411557
[2021-09-24 19:38:00] epoch 21: train_loss: 0.06687369058151503, valid_loss: 0.0703963011766624, train_nll: 4.425778770723933, valid_nll: 4.443575238485608
[2021-09-24 19:38:33] epoch 22: train_loss: 0.06684920464361856, valid_loss: 0.07028383559857805, train_nll: 4.422545829344776, valid_nll: 4.56784012072601
[2021-09-24 19:39:07] epoch 23: train_loss: 0.06673616041930822, valid_loss: 0.0700236377635538, train_nll: 4.4126411422443645, valid_nll: 4.46138633740904
[2021-09-24 19:39:40] epoch 24: train_loss: 0.06676372294550982, valid_loss: 0.06978809873037266, train_nll: 4.4224018321064325, valid_nll: 4.421292819533426
[2021-09-24 19:40:13] epoch 25: train_loss: 0.06652569591166085, valid_loss: 0.0699491700547926, train_nll: 4.402850963158947, valid_nll: 4.42842390175206
[2021-09-24 19:40:46] epoch 26: train_loss: 0.06648146714517335, valid_loss: 0.06986530522364333, train_nll: 4.400682369429568, valid_nll: 4.633932253749275
[2021-09-24 19:41:19] epoch 27: train_loss: 0.06646466781379172, valid_loss: 0.07008330011740327, train_nll: 4.397991232140624, valid_nll: 4.629235958828847
[2021-09-24 19:42:06] epoch 28: train_loss: 0.06649609512286418, valid_loss: 0.07013921671302406, train_nll: 4.403179516974347, valid_nll: 4.479200287386795
[2021-09-24 19:42:38] epoch 29: train_loss: 0.06649989011057567, valid_loss: 0.07023668950047306, train_nll: 4.400962470305261, valid_nll: 4.587423111064279
[2021-09-24 19:43:12] epoch 30: train_loss: 0.06637277774879469, valid_loss: 0.07015359092673118, train_nll: 4.387990024328177, valid_nll: 4.524938773305445
[2021-09-24 19:43:45] epoch 31: train_loss: 0.06625847343532697, valid_loss: 0.0698164400851561, train_nll: 4.388323887684335, valid_nll: 4.580896613374929
[2021-09-24 19:44:18] epoch 32: train_loss: 0.06654878265334893, valid_loss: 0.06936282840689098, train_nll: 4.4059219336825155, valid_nll: 4.478182864499907
[2021-09-24 19:44:52] epoch 33: train_loss: 0.06622252540755166, valid_loss: 0.06972532125773152, train_nll: 4.391410968110714, valid_nll: 4.531632778660015
[2021-09-24 19:45:25] epoch 34: train_loss: 0.0662214455596685, valid_loss: 0.06965563526950927, train_nll: 4.38762400071552, valid_nll: 4.400509317990426
[2021-09-24 19:45:58] epoch 35: train_loss: 0.06636443151333497, valid_loss: 0.0699498413478711, train_nll: 4.392573461302248, valid_nll: 4.532624051390558
[2021-09-24 19:46:31] epoch 36: train_loss: 0.06614098707068289, valid_loss: 0.06967470438144348, train_nll: 4.382296488217539, valid_nll: 4.535606541232494
[2021-09-24 19:47:04] epoch 37: train_loss: 0.06618879022042727, valid_loss: 0.0696358540321164, train_nll: 4.394365476053259, valid_nll: 4.456525570263497
[2021-09-24 19:47:37] epoch 38: train_loss: 0.06613437196596816, valid_loss: 0.06941394237660323, train_nll: 4.390023658910925, valid_nll: 4.46131684847852
[2021-09-24 19:48:20] epoch 39: train_loss: 0.06615802348801451, valid_loss: 0.06970464968536463, train_nll: 4.382247467745237, valid_nll: 4.627443166733843
[2021-09-24 19:48:54] epoch 40: train_loss: 0.06602762281200138, valid_loss: 0.06958778287669776, train_nll: 4.385985762986188, valid_nll: 4.51237332504216
[2021-09-24 19:49:27] epoch 41: train_loss: 0.06597764313286547, valid_loss: 0.0696077073943058, train_nll: 4.388251641168226, valid_nll: 4.55491915065247
[2021-09-24 19:50:01] epoch 42: train_loss: 0.06595979751581921, valid_loss: 0.06977729346941818, train_nll: 4.378972584388775, valid_nll: 4.527481166316902
[2021-09-24 19:50:35] epoch 43: train_loss: 0.06600188351062647, valid_loss: 0.06938948530722598, train_nll: 4.386513452116025, valid_nll: 4.490368792667389
[2021-09-24 19:51:07] epoch 44: train_loss: 0.0659414022769949, valid_loss: 0.07022768782094271, train_nll: 4.379685258732669, valid_nll: 4.65827351573281
[2021-09-24 19:51:41] epoch 45: train_loss: 0.06587850250063326, valid_loss: 0.06944824087508776, train_nll: 4.378220086278682, valid_nll: 4.478856841817242
[2021-09-24 19:52:14] epoch 46: train_loss: 0.06594978096971417, valid_loss: 0.06936351971164571, train_nll: 4.378212528001986, valid_nll: 4.462346449970518
[2021-09-24 19:52:48] epoch 47: train_loss: 0.06587756909745729, valid_loss: 0.0698333374281047, train_nll: 4.381491696744774, valid_nll: 4.367514677041102
[2021-09-24 19:53:22] epoch 48: train_loss: 0.0658687318649721, valid_loss: 0.06933056304908612, train_nll: 4.375936200453999, valid_nll: 4.473141883950623
[2021-09-24 19:53:55] epoch 49: train_loss: 0.06576948829548922, valid_loss: 0.06940505383159927, train_nll: 4.369855820223186, valid_nll: 4.522486742474044
[2021-09-24 19:54:28] epoch 50: train_loss: 0.06580786353567278, valid_loss: 0.0693188410421664, train_nll: 4.374109598414762, valid_nll: 4.427208395947167
[2021-09-24 19:55:02] epoch 51: train_loss: 0.06581221637649964, valid_loss: 0.0695296594346262, train_nll: 4.362546975433196, valid_nll: 4.606667303350192
[2021-09-24 19:55:35] epoch 52: train_loss: 0.06574779326785866, valid_loss: 0.06917444753432364, train_nll: 4.3738591912738825, valid_nll: 4.48734347257298
[2021-09-24 19:56:08] epoch 53: train_loss: 0.0658046853943513, valid_loss: 0.06956697283124533, train_nll: 4.36665901517626, valid_nll: 4.549549728493755
[2021-09-24 19:56:42] epoch 54: train_loss: 0.06580589279942846, valid_loss: 0.06969433671305653, train_nll: 4.369674356654831, valid_nll: 4.469143548510144
[2021-09-24 19:57:16] epoch 55: train_loss: 0.06572683093853227, valid_loss: 0.06954194332068467, train_nll: 4.3730512009086056, valid_nll: 4.533370163747507
[2021-09-24 19:57:48] epoch 56: train_loss: 0.06566798264364744, valid_loss: 0.06951787495853926, train_nll: 4.373166017628268, valid_nll: 4.531090158195279
[2021-09-24 19:58:22] epoch 57: train_loss: 0.06569351880681232, valid_loss: 0.06968004281886599, train_nll: 4.364786130544299, valid_nll: 4.476160403412647
[2021-09-24 19:58:55] epoch 58: train_loss: 0.06575935199429346, valid_loss: 0.06960821876800949, train_nll: 4.364258539230473, valid_nll: 4.605944935694239
[2021-09-24 19:59:28] epoch 59: train_loss: 0.06564185321221742, valid_loss: 0.06937088964582243, train_nll: 4.3572357447079995, valid_nll: 4.510365134862513
[2021-09-24 20:00:02] epoch 60: train_loss: 0.06564046832340656, valid_loss: 0.06948283068468851, train_nll: 4.371052305641828, valid_nll: 4.480919171243947
[2021-09-24 20:00:35] epoch 61: train_loss: 0.06559155991354366, valid_loss: 0.06936942238708714, train_nll: 4.36549438066986, valid_nll: 4.509849233942609
[2021-09-24 20:01:08] epoch 62: train_loss: 0.06578591682691967, valid_loss: 0.06982126989815798, train_nll: 4.369849401817953, valid_nll: 4.567567444237204
[2021-09-24 20:01:42] epoch 63: train_loss: 0.06578091504064423, valid_loss: 0.0698646244197858, train_nll: 4.375898860844943, valid_nll: 4.495803764187768
[2021-09-24 20:02:15] epoch 64: train_loss: 0.0675566669819437, valid_loss: 0.06943386684952661, train_nll: 4.430804910262515, valid_nll: 4.542260332253759
[2021-09-24 20:02:48] epoch 65: train_loss: 0.06574844832336615, valid_loss: 0.06969559442891617, train_nll: 4.370687644163505, valid_nll: 4.549607083887639
[2021-09-24 20:03:22] epoch 66: train_loss: 0.06556227732743616, valid_loss: 0.069827289005384, train_nll: 4.363085901379291, valid_nll: 4.623143971372963
[2021-09-24 20:03:55] epoch 67: train_loss: 0.06557322231715125, valid_loss: 0.06941076643727344, train_nll: 4.368317445762863, valid_nll: 4.423589541485437
[2021-09-24 20:04:28] epoch 68: train_loss: 0.06560504782855064, valid_loss: 0.06994155356001974, train_nll: 4.35629984413533, valid_nll: 4.504936736684417
[2021-09-24 20:05:02] epoch 69: train_loss: 0.06554801563454266, valid_loss: 0.0693872276284365, train_nll: 4.3522611098175625, valid_nll: 4.50396134520726
[2021-09-24 20:05:35] epoch 70: train_loss: 0.06580959308001236, valid_loss: 0.06960301413765234, train_nll: 4.370539394655347, valid_nll: 4.496264788263384
[2021-09-24 20:06:08] epoch 71: train_loss: 0.06575650356909092, valid_loss: 0.06954381939475283, train_nll: 4.3716091175739615, valid_nll: 4.565110066272249
[2021-09-24 20:06:41] epoch 72: train_loss: 0.06554623452747409, valid_loss: 0.06963818596741843, train_nll: 4.370483641129826, valid_nll: 4.554901288550427
[2021-09-24 20:07:23] epoch 73: train_loss: 0.06560347254437818, valid_loss: 0.06967276219287981, train_nll: 4.363734477813425, valid_nll: 4.532057567629277
[2021-09-24 20:07:55] epoch 74: train_loss: 0.06547127104384978, valid_loss: 0.06912927639040381, train_nll: 4.359214563526487, valid_nll: 4.434445907824554
[2021-09-24 20:08:28] epoch 75: train_loss: 0.06544974657574563, valid_loss: 0.06964133595436285, train_nll: 4.355708021978168, valid_nll: 4.488364040622497
[2021-09-24 20:09:01] epoch 76: train_loss: 0.06549951266570228, valid_loss: 0.06933787240966628, train_nll: 4.350003102140239, valid_nll: 4.515757646038161
[2021-09-24 20:09:35] epoch 77: train_loss: 0.06545464116339286, valid_loss: 0.06977181911063993, train_nll: 4.355948652032457, valid_nll: 4.64453750472495
[2021-09-24 20:10:07] epoch 78: train_loss: 0.0657980720739632, valid_loss: 0.06967686761565732, train_nll: 4.374887257804882, valid_nll: 4.574389173914632
[2021-09-24 20:10:40] epoch 79: train_loss: 0.065466841548011, valid_loss: 0.07027873474013324, train_nll: 4.3626494672606455, valid_nll: 4.53173229044343
[2021-09-24 20:11:14] epoch 80: train_loss: 0.06554266039435078, valid_loss: 0.06920763998377052, train_nll: 4.353449699009529, valid_nll: 4.456356257370584
[2021-09-24 20:11:48] epoch 81: train_loss: 0.06555358002525712, valid_loss: 0.06974116946109618, train_nll: 4.3663386506989434, valid_nll: 4.536405766541347
[2021-09-24 20:12:21] epoch 82: train_loss: 0.0654099390895447, valid_loss: 0.06948577073365074, train_nll: 4.359519356335912, valid_nll: 4.580469772085878
[2021-09-24 20:12:54] epoch 83: train_loss: 0.06541089496649365, valid_loss: 0.0700386031107469, train_nll: 4.3605672065890415, valid_nll: 4.623045763437243
[2021-09-24 20:13:28] epoch 84: train_loss: 0.0653847288722816, valid_loss: 0.06935846585912084, train_nll: 4.351844547534753, valid_nll: 4.460307019602272
[2021-09-24 20:14:01] epoch 85: train_loss: 0.0656222330037179, valid_loss: 0.06952782237027405, train_nll: 4.36373205792191, valid_nll: 4.5443024905901614
[2021-09-24 20:14:34] epoch 86: train_loss: 0.06542458058112681, valid_loss: 0.06957857674364039, train_nll: 4.345712794343854, valid_nll: 4.528518395959043
[2021-09-24 20:15:07] epoch 87: train_loss: 0.0653196604111301, valid_loss: 0.06955712883864915, train_nll: 4.347790995639774, valid_nll: 4.493587731141687
[2021-09-24 20:15:39] epoch 88: train_loss: 0.06814456982853806, valid_loss: 0.07393255547356951, train_nll: 4.503544864277108, valid_nll: 4.8257598949452225
[2021-09-24 20:16:13] epoch 89: train_loss: 0.06634625536844989, valid_loss: 0.06948022563904148, train_nll: 4.411096804261412, valid_nll: 4.416924385796766
[2021-09-24 20:16:45] epoch 90: train_loss: 0.06549096867293994, valid_loss: 0.0695386987927398, train_nll: 4.366676610631689, valid_nll: 4.609616082353089
[2021-09-24 20:17:19] epoch 91: train_loss: 0.06554616265778455, valid_loss: 0.06921252976359818, train_nll: 4.369072051592556, valid_nll: 4.421727078130076
[2021-09-24 20:17:51] epoch 92: train_loss: 0.06542776067798285, valid_loss: 0.07048255376132073, train_nll: 4.35246582638972, valid_nll: 4.522282120515571
[2021-09-24 20:18:25] epoch 93: train_loss: 0.0653290226648779, valid_loss: 0.0694037244250678, train_nll: 4.351413441101003, valid_nll: 4.51003080567658
[2021-09-24 20:18:58] epoch 94: train_loss: 0.0653187728637521, valid_loss: 0.0693661232191994, train_nll: 4.344581832322305, valid_nll: 4.61564802264238
[2021-09-24 20:19:32] epoch 95: train_loss: 0.06539284406810261, valid_loss: 0.06942594675535355, train_nll: 4.353298661965729, valid_nll: 4.556045056870496
[2021-09-24 20:20:05] epoch 96: train_loss: 0.06532231809673382, valid_loss: 0.06964928003479585, train_nll: 4.346876496108458, valid_nll: 4.441861804667455
[2021-09-24 20:20:38] epoch 97: train_loss: 0.06530734693274542, valid_loss: 0.06960389884000626, train_nll: 4.353361260046193, valid_nll: 4.570487221488394
[2021-09-24 20:21:11] epoch 98: train_loss: 0.06528523402662542, valid_loss: 0.06949732674643247, train_nll: 4.343935652623563, valid_nll: 4.4648275390380014
[2021-09-24 20:21:44] epoch 99: train_loss: 0.06540606619311785, valid_loss: 0.0693371175868305, train_nll: 4.359941462903693, valid_nll: 4.5162615053438016
[2021-09-24 20:22:17] epoch 100: train_loss: 0.065348582281555, valid_loss: 0.06948146130654471, train_nll: 4.348665920990568, valid_nll: 4.43833460465526
[2021-09-24 20:22:50] epoch 101: train_loss: 0.06527834598793414, valid_loss: 0.06938837113968953, train_nll: 4.34501713153285, valid_nll: 4.45143688465444
[2021-09-24 20:23:23] epoch 102: train_loss: 0.0654305704077645, valid_loss: 0.06942971150221472, train_nll: 4.36538917276123, valid_nll: 4.474924866159382
[2021-09-24 20:23:56] epoch 103: train_loss: 0.06533775958590783, valid_loss: 0.07081779576555798, train_nll: 4.35122876298329, valid_nll: 4.44453739633338
[2021-09-24 20:24:29] epoch 104: train_loss: 0.06535218309883072, valid_loss: 0.06947193772419158, train_nll: 4.358272089595935, valid_nll: 4.491554938336945
[2021-09-24 20:25:03] epoch 105: train_loss: 0.06546243734116212, valid_loss: 0.07228803906984853, train_nll: 4.348662684190236, valid_nll: 4.720297060980329
[2021-09-24 20:25:35] epoch 106: train_loss: 0.0655588181015478, valid_loss: 0.0697214496016239, train_nll: 4.373545418885813, valid_nll: 4.554912935747923
[2021-09-24 20:26:08] epoch 107: train_loss: 0.06571542950908045, valid_loss: 0.0693449469217372, train_nll: 4.37668410839666, valid_nll: 4.41388837684563
[2021-09-24 20:26:42] epoch 108: train_loss: 0.06546900848490143, valid_loss: 0.06989563575644761, train_nll: 4.365799461604888, valid_nll: 4.561291728740039
[2021-09-24 20:27:15] epoch 109: train_loss: 0.06516476309793907, valid_loss: 0.06935277840150803, train_nll: 4.345605676161686, valid_nll: 4.4778607496817
[2021-09-24 20:27:49] epoch 110: train_loss: 0.06539400934570772, valid_loss: 0.06926229400466187, train_nll: 4.355854411590728, valid_nll: 4.479873338771542
[2021-09-24 20:28:22] epoch 111: train_loss: 0.0652098664497857, valid_loss: 0.06953523375771263, train_nll: 4.3461804038749925, valid_nll: 4.610654872673706
[2021-09-24 20:28:55] epoch 112: train_loss: 0.06538074623946358, valid_loss: 0.06907255104460726, train_nll: 4.353292795271673, valid_nll: 4.385112107849186
[2021-09-24 20:29:28] epoch 113: train_loss: 0.06520299689730112, valid_loss: 0.06925855443408394, train_nll: 4.349604289846598, valid_nll: 4.491879015283891
[2021-09-24 20:30:01] epoch 114: train_loss: 0.06531309037052843, valid_loss: 0.06944738889131884, train_nll: 4.357278100398558, valid_nll: 4.506044420198513
[2021-09-24 20:30:35] epoch 115: train_loss: 0.06523170447064444, valid_loss: 0.06950079885104464, train_nll: 4.350063568492196, valid_nll: 4.675578505119079
[2021-09-24 20:31:08] epoch 116: train_loss: 0.06508364851952007, valid_loss: 0.06981853481071691, train_nll: 4.350535409867438, valid_nll: 4.497861868864438
[2021-09-24 20:31:42] epoch 117: train_loss: 0.06522798075400187, valid_loss: 0.06918553793285456, train_nll: 4.340908576152298, valid_nll: 4.494656245121135
[2021-09-24 20:32:15] epoch 118: train_loss: 0.06514776452848836, valid_loss: 0.06946541664115331, train_nll: 4.345761451694037, valid_nll: 4.5485712558046725
[2021-09-24 20:32:48] epoch 119: train_loss: 0.06541145784777955, valid_loss: 0.06916325838032245, train_nll: 4.359311102782871, valid_nll: 4.405548213487117
[2021-09-24 20:33:21] epoch 120: train_loss: 0.06517451188151847, valid_loss: 0.06957353543339655, train_nll: 4.351085072003467, valid_nll: 4.564532388757496
[2021-09-24 20:33:54] epoch 121: train_loss: 0.0664954509269179, valid_loss: 0.07200634214942428, train_nll: 4.4141482637672445, valid_nll: 4.626737568066574
[2021-09-24 20:34:27] epoch 122: train_loss: 0.06587852856005885, valid_loss: 0.06910702546428174, train_nll: 4.386476129087668, valid_nll: 4.55455948205577
[2021-09-24 20:35:01] epoch 123: train_loss: 0.06547573916954043, valid_loss: 0.06905661529221695, train_nll: 4.366935267823005, valid_nll: 4.416112086518868
[2021-09-24 20:35:34] epoch 124: train_loss: 0.06523808724498267, valid_loss: 0.06924396544233943, train_nll: 4.352231630517198, valid_nll: 4.521686856124852
[2021-09-24 20:36:08] epoch 125: train_loss: 0.06504676547909284, valid_loss: 0.06928286492598779, train_nll: 4.337973992637778, valid_nll: 4.476356263205139
[2021-09-24 20:36:40] epoch 126: train_loss: 0.06508779107208086, valid_loss: 0.06936754914461588, train_nll: 4.342322542066572, valid_nll: 4.606659799801121
[2021-09-24 20:37:13] epoch 127: train_loss: 0.06504093998656979, valid_loss: 0.0692919944577634, train_nll: 4.352287003146752, valid_nll: 4.400302980616584
[2021-09-24 20:37:46] epoch 128: train_loss: 0.06530455358853415, valid_loss: 0.06937978400924065, train_nll: 4.348579206554328, valid_nll: 4.597767924319692
[2021-09-24 20:38:19] epoch 129: train_loss: 0.06513504547976452, valid_loss: 0.06943616990677336, train_nll: 4.349946530613739, valid_nll: 4.505446546381082
[2021-09-24 20:38:52] epoch 130: train_loss: 0.06507003828798175, valid_loss: 0.06915837615455567, train_nll: 4.347765466872713, valid_nll: 4.500013623555537
[2021-09-24 20:39:25] epoch 131: train_loss: 0.06516616383501883, valid_loss: 0.06917283934954968, train_nll: 4.354389729466051, valid_nll: 4.5160328762808595
[2021-09-24 20:39:58] epoch 132: train_loss: 0.06507518905429886, valid_loss: 0.06897514560400989, train_nll: 4.351029680650031, valid_nll: 4.448600370460207
[2021-09-24 20:40:31] epoch 133: train_loss: 0.06547178075778767, valid_loss: 0.06905979739097559, train_nll: 4.361118520252966, valid_nll: 4.521122408181698
[2021-09-24 20:41:04] epoch 134: train_loss: 0.06516673100196708, valid_loss: 0.06898697604651027, train_nll: 4.346848063097551, valid_nll: 4.54283536295607
[2021-09-24 20:41:37] epoch 135: train_loss: 0.06504896986012916, valid_loss: 0.07135980853321727, train_nll: 4.345212611359121, valid_nll: 4.5050454482795255
[2021-09-24 20:42:10] epoch 136: train_loss: 0.06524729143677588, valid_loss: 0.06959603586930292, train_nll: 4.357723772609593, valid_nll: 4.521356816072486
[2021-09-24 20:42:43] epoch 137: train_loss: 0.06524626214137347, valid_loss: 0.06951295094319968, train_nll: 4.349112639214279, valid_nll: 4.565817034144614
[2021-09-24 20:43:17] epoch 138: train_loss: 0.06543752746753677, valid_loss: 0.06967926252106524, train_nll: 4.363937734723238, valid_nll: 4.437981236284815
[2021-09-24 20:43:49] epoch 139: train_loss: 0.06510106617198697, valid_loss: 0.06969857482813449, train_nll: 4.341344016027594, valid_nll: 4.533684514019868
[2021-09-24 20:44:22] epoch 140: train_loss: 0.06506348904975079, valid_loss: 0.06911857825271184, train_nll: 4.349525322616481, valid_nll: 4.458146043782579
[2021-09-24 20:44:56] epoch 141: train_loss: 0.06551912892184851, valid_loss: 0.069775844533749, train_nll: 4.360755528495302, valid_nll: 4.617465029762791
[2021-09-24 20:45:28] epoch 142: train_loss: 0.06526163772035104, valid_loss: 0.06923933967835072, train_nll: 4.352736759785921, valid_nll: 4.4519916680341804
[2021-09-24 20:46:01] epoch 143: train_loss: 0.065092856837303, valid_loss: 0.0691922221031755, train_nll: 4.344725423320491, valid_nll: 4.468102030383681
[2021-09-24 20:46:35] epoch 144: train_loss: 0.0650686619437823, valid_loss: 0.06926588664028907, train_nll: 4.335568540425854, valid_nll: 4.463736734343324
[2021-09-24 20:47:07] epoch 145: train_loss: 0.06519580285539645, valid_loss: 0.06980996130438841, train_nll: 4.349957364630904, valid_nll: 4.575902757892584
[2021-09-24 20:47:41] epoch 146: train_loss: 0.06505386079473341, valid_loss: 0.0690675435865279, train_nll: 4.336601057432008, valid_nll: 4.407618259036759
[2021-09-24 20:48:14] epoch 147: train_loss: 0.06502348704037719, valid_loss: 0.06922775435007432, train_nll: 4.340319832225958, valid_nll: 4.480866055911475
[2021-09-24 20:48:47] epoch 148: train_loss: 0.0651718281194898, valid_loss: 0.07000953146501096, train_nll: 4.349577998558249, valid_nll: 4.559520676583489
[2021-09-24 20:49:20] epoch 149: train_loss: 0.06508145042278621, valid_loss: 0.06985594795997997, train_nll: 4.34072377834537, valid_nll: 4.547956805121182
[2021-09-24 20:49:53] epoch 150: train_loss: 0.06503837597234638, valid_loss: 0.06887821647611381, train_nll: 4.340262821279205, valid_nll: 4.496348362741867
[2021-09-24 20:50:26] epoch 151: train_loss: 0.06494858057263661, valid_loss: 0.06963891598320744, train_nll: 4.338833908871213, valid_nll: 4.496484934606518
[2021-09-24 20:50:59] epoch 152: train_loss: 0.06510620039973937, valid_loss: 0.0695278045199247, train_nll: 4.3532167374282995, valid_nll: 4.375236912680732
[2021-09-24 20:51:33] epoch 153: train_loss: 0.06502669984766196, valid_loss: 0.06949539353948726, train_nll: 4.332558867035787, valid_nll: 4.533202475700188
[2021-09-24 20:52:06] epoch 154: train_loss: 0.06562446984444227, valid_loss: 0.06903056695238885, train_nll: 4.349477678716026, valid_nll: 4.544460878896053
[2021-09-24 20:52:38] epoch 155: train_loss: 0.06504199741653506, valid_loss: 0.06949109928165045, train_nll: 4.349034316450741, valid_nll: 4.40424386679307
[2021-09-24 20:53:12] epoch 156: train_loss: 0.06504616655489476, valid_loss: 0.06898487554251621, train_nll: 4.341070869895727, valid_nll: 4.524797241311787
[2021-09-24 20:53:44] epoch 157: train_loss: 0.0650468279092756, valid_loss: 0.06944860222824671, train_nll: 4.347866392791199, valid_nll: 4.553463319406776
[2021-09-24 20:54:18] epoch 158: train_loss: 0.06497577960011604, valid_loss: 0.06934567999725014, train_nll: 4.341307654099893, valid_nll: 4.645623883457528
[2021-09-24 20:54:51] epoch 159: train_loss: 0.06509760493106626, valid_loss: 0.06942264612227904, train_nll: 4.345472924854682, valid_nll: 4.491706817900502
[2021-09-24 20:55:24] epoch 160: train_loss: 0.06548565718426698, valid_loss: 0.0708842480230625, train_nll: 4.366865529080219, valid_nll: 4.679079402510393
[2021-09-24 20:55:56] epoch 161: train_loss: 0.06530312922900977, valid_loss: 0.06916611374478147, train_nll: 4.362191054087764, valid_nll: 4.414099465237259
[2021-09-24 20:56:30] epoch 162: train_loss: 0.06505654926558731, valid_loss: 0.06941027345248696, train_nll: 4.344194883313236, valid_nll: 4.572037446621788
[2021-09-24 20:57:04] epoch 163: train_loss: 0.06514914576789896, valid_loss: 0.06907328903778559, train_nll: 4.348875003406385, valid_nll: 4.492955639965356
[2021-09-24 20:57:37] epoch 164: train_loss: 0.06506118389706199, valid_loss: 0.06934633862575272, train_nll: 4.341732917339817, valid_nll: 4.524401569335345
[2021-09-24 20:58:10] epoch 165: train_loss: 0.06670445515051718, valid_loss: 0.07617749869023835, train_nll: 4.426979797162622, valid_nll: 4.743420008684345
[2021-09-24 20:58:44] epoch 166: train_loss: 0.06958413438694223, valid_loss: 0.06975300234243875, train_nll: 4.570278112465595, valid_nll: 4.563475514346907
[2021-09-24 20:59:17] epoch 167: train_loss: 0.06532135645639166, valid_loss: 0.0693007914038996, train_nll: 4.3630266403313955, valid_nll: 4.602307250834594
[2021-09-24 20:59:50] epoch 168: train_loss: nan, valid_loss: nan, train_nll: nan, valid_nll: nan
[2021-09-24 21:00:23] epoch 169: train_loss: nan, valid_loss: nan, train_nll: nan, valid_nll: nan
[2021-09-24 21:00:55] epoch 170: train_loss: nan, valid_loss: nan, train_nll: nan, valid_nll: nan
[2021-09-24 21:01:29] epoch 171: train_loss: nan, valid_loss: nan, train_nll: nan, valid_nll: nan
[2021-09-24 21:02:02] epoch 172: train_loss: nan, valid_loss: nan, train_nll: nan, valid_nll: nan
[2021-09-24 21:02:35] epoch 173: train_loss: nan, valid_loss: nan, train_nll: nan, valid_nll: nan
[2021-09-24 21:03:08] epoch 174: train_loss: nan, valid_loss: nan, train_nll: nan, valid_nll: nan
[2021-09-24 21:03:41] epoch 175: train_loss: nan, valid_loss: nan, train_nll: nan, valid_nll: nan
[2021-09-24 21:04:21] epoch 176: train_loss: nan, valid_loss: nan, train_nll: nan, valid_nll: nan
[2021-09-24 21:04:54] epoch 177: train_loss: nan, valid_loss: nan, train_nll: nan, valid_nll: nan
[2021-09-24 21:05:27] epoch 178: train_loss: nan, valid_loss: nan, train_nll: nan, valid_nll: nan
[2021-09-24 21:06:00] epoch 179: train_loss: nan, valid_loss: nan, train_nll: nan, valid_nll: nan
[2021-09-24 21:06:33] epoch 180: train_loss: nan, valid_loss: nan, train_nll: nan, valid_nll: nan
[2021-09-24 21:07:06] epoch 181: train_loss: nan, valid_loss: nan, train_nll: nan, valid_nll: nan
[2021-09-24 21:07:40] epoch 182: train_loss: nan, valid_loss: nan, train_nll: nan, valid_nll: nan
[2021-09-24 21:08:14] epoch 183: train_loss: nan, valid_loss: nan, train_nll: nan, valid_nll: nan
[2021-09-24 21:08:47] epoch 184: train_loss: nan, valid_loss: nan, train_nll: nan, valid_nll: nan
[2021-09-24 21:09:20] epoch 185: train_loss: nan, valid_loss: nan, train_nll: nan, valid_nll: nan
[2021-09-24 21:09:53] epoch 186: train_loss: nan, valid_loss: nan, train_nll: nan, valid_nll: nan
[2021-09-24 21:10:26] epoch 187: train_loss: nan, valid_loss: nan, train_nll: nan, valid_nll: nan
[2021-09-24 21:10:59] epoch 188: train_loss: nan, valid_loss: nan, train_nll: nan, valid_nll: nan
[2021-09-24 21:11:32] epoch 189: train_loss: nan, valid_loss: nan, train_nll: nan, valid_nll: nan
[2021-09-24 21:12:05] epoch 190: train_loss: nan, valid_loss: nan, train_nll: nan, valid_nll: nan
[2021-09-24 21:12:38] epoch 191: train_loss: nan, valid_loss: nan, train_nll: nan, valid_nll: nan
[2021-09-24 21:13:11] epoch 192: train_loss: nan, valid_loss: nan, train_nll: nan, valid_nll: nan
[2021-09-24 21:13:44] epoch 193: train_loss: nan, valid_loss: nan, train_nll: nan, valid_nll: nan
[2021-09-24 21:14:18] epoch 194: train_loss: nan, valid_loss: nan, train_nll: nan, valid_nll: nan
[2021-09-24 21:14:50] epoch 195: train_loss: nan, valid_loss: nan, train_nll: nan, valid_nll: nan
[2021-09-24 21:15:23] epoch 196: train_loss: nan, valid_loss: nan, train_nll: nan, valid_nll: nan
[2021-09-24 21:15:57] epoch 197: train_loss: nan, valid_loss: nan, train_nll: nan, valid_nll: nan
[2021-09-24 21:16:30] epoch 198: train_loss: nan, valid_loss: nan, train_nll: nan, valid_nll: nan
[2021-09-24 21:17:04] epoch 199: train_loss: nan, valid_loss: nan, train_nll: nan, valid_nll: nan
[2021-09-24 21:17:38] epoch 200: train_loss: nan, valid_loss: nan, train_nll: nan, valid_nll: nan
[2021-09-24 21:18:12] epoch 201: train_loss: nan, valid_loss: nan, train_nll: nan, valid_nll: nan
[2021-09-24 21:18:45] epoch 202: train_loss: nan, valid_loss: nan, train_nll: nan, valid_nll: nan
[2021-09-24 21:19:18] epoch 203: train_loss: nan, valid_loss: nan, train_nll: nan, valid_nll: nan
[2021-09-24 21:19:51] epoch 204: train_loss: nan, valid_loss: nan, train_nll: nan, valid_nll: nan
[2021-09-24 21:20:24] epoch 205: train_loss: nan, valid_loss: nan, train_nll: nan, valid_nll: nan
[2021-09-24 21:20:58] epoch 206: train_loss: nan, valid_loss: nan, train_nll: nan, valid_nll: nan
[2021-09-24 21:21:31] epoch 207: train_loss: nan, valid_loss: nan, train_nll: nan, valid_nll: nan
[2021-09-24 21:22:04] epoch 208: train_loss: nan, valid_loss: nan, train_nll: nan, valid_nll: nan
[2021-09-24 21:22:37] epoch 209: train_loss: nan, valid_loss: nan, train_nll: nan, valid_nll: nan
[2021-09-24 21:23:10] epoch 210: train_loss: nan, valid_loss: nan, train_nll: nan, valid_nll: nan
[2021-09-24 21:23:42] epoch 211: train_loss: nan, valid_loss: nan, train_nll: nan, valid_nll: nan
[2021-09-24 21:24:15] epoch 212: train_loss: nan, valid_loss: nan, train_nll: nan, valid_nll: nan
[2021-09-24 21:24:48] epoch 213: train_loss: nan, valid_loss: nan, train_nll: nan, valid_nll: nan
[2021-09-24 21:25:20] epoch 214: train_loss: nan, valid_loss: nan, train_nll: nan, valid_nll: nan
[2021-09-24 21:25:54] epoch 215: train_loss: nan, valid_loss: nan, train_nll: nan, valid_nll: nan
[2021-09-24 21:26:28] epoch 216: train_loss: nan, valid_loss: nan, train_nll: nan, valid_nll: nan
[2021-09-24 21:27:01] epoch 217: train_loss: nan, valid_loss: nan, train_nll: nan, valid_nll: nan
[2021-09-24 21:27:34] epoch 218: train_loss: nan, valid_loss: nan, train_nll: nan, valid_nll: nan
[2021-09-24 21:28:08] epoch 219: train_loss: nan, valid_loss: nan, train_nll: nan, valid_nll: nan
[2021-09-24 21:28:42] epoch 220: train_loss: nan, valid_loss: nan, train_nll: nan, valid_nll: nan
[2021-09-24 21:29:15] epoch 221: train_loss: nan, valid_loss: nan, train_nll: nan, valid_nll: nan
[2021-09-24 21:29:48] epoch 222: train_loss: nan, valid_loss: nan, train_nll: nan, valid_nll: nan
[2021-09-24 21:30:22] epoch 223: train_loss: nan, valid_loss: nan, train_nll: nan, valid_nll: nan
[2021-09-24 21:30:56] epoch 224: train_loss: nan, valid_loss: nan, train_nll: nan, valid_nll: nan
[2021-09-24 21:31:29] epoch 225: train_loss: nan, valid_loss: nan, train_nll: nan, valid_nll: nan
[2021-09-24 21:32:02] epoch 226: train_loss: nan, valid_loss: nan, train_nll: nan, valid_nll: nan
[2021-09-24 21:32:35] epoch 227: train_loss: nan, valid_loss: nan, train_nll: nan, valid_nll: nan
[2021-09-24 21:33:09] epoch 228: train_loss: nan, valid_loss: nan, train_nll: nan, valid_nll: nan
[2021-09-24 21:33:42] epoch 229: train_loss: nan, valid_loss: nan, train_nll: nan, valid_nll: nan
[2021-09-24 21:34:17] epoch 230: train_loss: nan, valid_loss: nan, train_nll: nan, valid_nll: nan
[2021-09-24 21:34:50] epoch 231: train_loss: nan, valid_loss: nan, train_nll: nan, valid_nll: nan
[2021-09-24 21:35:24] epoch 232: train_loss: nan, valid_loss: nan, train_nll: nan, valid_nll: nan
[2021-09-24 21:35:57] epoch 233: train_loss: nan, valid_loss: nan, train_nll: nan, valid_nll: nan
[2021-09-24 21:36:30] epoch 234: train_loss: nan, valid_loss: nan, train_nll: nan, valid_nll: nan
[2021-09-24 21:37:04] epoch 235: train_loss: nan, valid_loss: nan, train_nll: nan, valid_nll: nan
[2021-09-24 21:37:37] epoch 236: train_loss: nan, valid_loss: nan, train_nll: nan, valid_nll: nan
[2021-09-24 21:38:11] epoch 237: train_loss: nan, valid_loss: nan, train_nll: nan, valid_nll: nan
[2021-09-24 21:38:44] epoch 238: train_loss: nan, valid_loss: nan, train_nll: nan, valid_nll: nan
[2021-09-24 21:39:17] epoch 239: train_loss: nan, valid_loss: nan, train_nll: nan, valid_nll: nan
[2021-09-24 21:39:51] epoch 240: train_loss: nan, valid_loss: nan, train_nll: nan, valid_nll: nan
[2021-09-24 21:40:24] epoch 241: train_loss: nan, valid_loss: nan, train_nll: nan, valid_nll: nan
[2021-09-24 21:40:57] epoch 242: train_loss: nan, valid_loss: nan, train_nll: nan, valid_nll: nan
[2021-09-24 21:41:31] epoch 243: train_loss: nan, valid_loss: nan, train_nll: nan, valid_nll: nan
[2021-09-24 21:42:04] epoch 244: train_loss: nan, valid_loss: nan, train_nll: nan, valid_nll: nan
[2021-09-24 21:42:36] epoch 245: train_loss: nan, valid_loss: nan, train_nll: nan, valid_nll: nan
[2021-09-24 21:43:10] epoch 246: train_loss: nan, valid_loss: nan, train_nll: nan, valid_nll: nan
[2021-09-24 21:43:44] epoch 247: train_loss: nan, valid_loss: nan, train_nll: nan, valid_nll: nan
[2021-09-24 21:44:17] epoch 248: train_loss: nan, valid_loss: nan, train_nll: nan, valid_nll: nan
[2021-09-24 21:44:49] epoch 249: train_loss: nan, valid_loss: nan, train_nll: nan, valid_nll: nan
[2021-09-24 21:45:39] epoch 250: train_loss: nan, valid_loss: nan, train_nll: nan, valid_nll: nan
[2021-09-24 21:46:13] epoch 251: train_loss: nan, valid_loss: nan, train_nll: nan, valid_nll: nan
[2021-09-24 21:46:46] epoch 252: train_loss: nan, valid_loss: nan, train_nll: nan, valid_nll: nan
[2021-09-24 21:47:19] epoch 253: train_loss: nan, valid_loss: nan, train_nll: nan, valid_nll: nan
[2021-09-24 21:47:52] epoch 254: train_loss: nan, valid_loss: nan, train_nll: nan, valid_nll: nan
[2021-09-24 21:48:25] epoch 255: train_loss: nan, valid_loss: nan, train_nll: nan, valid_nll: nan
[2021-09-24 21:48:57] epoch 256: train_loss: nan, valid_loss: nan, train_nll: nan, valid_nll: nan
[2021-09-24 21:49:30] epoch 257: train_loss: nan, valid_loss: nan, train_nll: nan, valid_nll: nan
[2021-09-24 21:50:03] epoch 258: train_loss: nan, valid_loss: nan, train_nll: nan, valid_nll: nan
[2021-09-24 21:50:36] epoch 259: train_loss: nan, valid_loss: nan, train_nll: nan, valid_nll: nan
[2021-09-24 21:51:09] epoch 260: train_loss: nan, valid_loss: nan, train_nll: nan, valid_nll: nan
[2021-09-24 21:51:42] epoch 261: train_loss: nan, valid_loss: nan, train_nll: nan, valid_nll: nan
[2021-09-24 21:52:15] epoch 262: train_loss: nan, valid_loss: nan, train_nll: nan, valid_nll: nan
[2021-09-24 21:52:48] epoch 263: train_loss: nan, valid_loss: nan, train_nll: nan, valid_nll: nan
[2021-09-24 21:53:21] epoch 264: train_loss: nan, valid_loss: nan, train_nll: nan, valid_nll: nan
[2021-09-24 21:53:54] epoch 265: train_loss: nan, valid_loss: nan, train_nll: nan, valid_nll: nan
[2021-09-24 21:54:27] epoch 266: train_loss: nan, valid_loss: nan, train_nll: nan, valid_nll: nan
[2021-09-24 21:55:00] epoch 267: train_loss: nan, valid_loss: nan, train_nll: nan, valid_nll: nan
[2021-09-24 21:55:34] epoch 268: train_loss: nan, valid_loss: nan, train_nll: nan, valid_nll: nan
[2021-09-24 21:56:08] epoch 269: train_loss: nan, valid_loss: nan, train_nll: nan, valid_nll: nan
[2021-09-24 21:56:41] epoch 270: train_loss: nan, valid_loss: nan, train_nll: nan, valid_nll: nan
[2021-09-24 21:57:14] epoch 271: train_loss: nan, valid_loss: nan, train_nll: nan, valid_nll: nan
[2021-09-24 21:57:47] epoch 272: train_loss: nan, valid_loss: nan, train_nll: nan, valid_nll: nan
[2021-09-24 21:58:20] epoch 273: train_loss: nan, valid_loss: nan, train_nll: nan, valid_nll: nan
[2021-09-24 21:58:54] epoch 274: train_loss: nan, valid_loss: nan, train_nll: nan, valid_nll: nan
[2021-09-24 21:59:27] epoch 275: train_loss: nan, valid_loss: nan, train_nll: nan, valid_nll: nan
[2021-09-24 22:00:00] epoch 276: train_loss: nan, valid_loss: nan, train_nll: nan, valid_nll: nan
[2021-09-24 22:00:34] epoch 277: train_loss: nan, valid_loss: nan, train_nll: nan, valid_nll: nan
[2021-09-24 22:01:07] epoch 278: train_loss: nan, valid_loss: nan, train_nll: nan, valid_nll: nan
[2021-09-24 22:01:39] epoch 279: train_loss: nan, valid_loss: nan, train_nll: nan, valid_nll: nan
[2021-09-24 22:02:12] epoch 280: train_loss: nan, valid_loss: nan, train_nll: nan, valid_nll: nan
[2021-09-24 22:02:45] epoch 281: train_loss: nan, valid_loss: nan, train_nll: nan, valid_nll: nan
[2021-09-24 22:03:18] epoch 282: train_loss: nan, valid_loss: nan, train_nll: nan, valid_nll: nan
[2021-09-24 22:03:51] epoch 283: train_loss: nan, valid_loss: nan, train_nll: nan, valid_nll: nan
[2021-09-24 22:04:25] epoch 284: train_loss: nan, valid_loss: nan, train_nll: nan, valid_nll: nan
[2021-09-24 22:04:58] epoch 285: train_loss: nan, valid_loss: nan, train_nll: nan, valid_nll: nan
[2021-09-24 22:05:32] epoch 286: train_loss: nan, valid_loss: nan, train_nll: nan, valid_nll: nan
[2021-09-24 22:06:05] epoch 287: train_loss: nan, valid_loss: nan, train_nll: nan, valid_nll: nan
[2021-09-24 22:06:38] epoch 288: train_loss: nan, valid_loss: nan, train_nll: nan, valid_nll: nan
[2021-09-24 22:07:10] epoch 289: train_loss: nan, valid_loss: nan, train_nll: nan, valid_nll: nan
[2021-09-24 22:07:44] epoch 290: train_loss: nan, valid_loss: nan, train_nll: nan, valid_nll: nan
[2021-09-24 22:08:17] epoch 291: train_loss: nan, valid_loss: nan, train_nll: nan, valid_nll: nan
[2021-09-24 22:08:50] epoch 292: train_loss: nan, valid_loss: nan, train_nll: nan, valid_nll: nan
[2021-09-24 22:09:23] epoch 293: train_loss: nan, valid_loss: nan, train_nll: nan, valid_nll: nan
[2021-09-24 22:09:57] epoch 294: train_loss: nan, valid_loss: nan, train_nll: nan, valid_nll: nan
[2021-09-24 22:10:30] epoch 295: train_loss: nan, valid_loss: nan, train_nll: nan, valid_nll: nan
[2021-09-24 22:11:03] epoch 296: train_loss: nan, valid_loss: nan, train_nll: nan, valid_nll: nan
[2021-09-24 22:11:36] epoch 297: train_loss: nan, valid_loss: nan, train_nll: nan, valid_nll: nan
[2021-09-24 22:12:10] epoch 298: train_loss: nan, valid_loss: nan, train_nll: nan, valid_nll: nan
[2021-09-24 22:12:43] epoch 299: train_loss: nan, valid_loss: nan, train_nll: nan, valid_nll: nan
[2021-09-24 22:13:16] epoch 300: train_loss: nan, valid_loss: nan, train_nll: nan, valid_nll: nan
[2021-09-24 22:13:49] epoch 301: train_loss: nan, valid_loss: nan, train_nll: nan, valid_nll: nan
[2021-09-24 22:14:23] epoch 302: train_loss: nan, valid_loss: nan, train_nll: nan, valid_nll: nan
[2021-09-24 22:14:56] epoch 303: train_loss: nan, valid_loss: nan, train_nll: nan, valid_nll: nan
[2021-09-24 22:15:28] epoch 304: train_loss: nan, valid_loss: nan, train_nll: nan, valid_nll: nan
[2021-09-24 22:16:02] epoch 305: train_loss: nan, valid_loss: nan, train_nll: nan, valid_nll: nan
[2021-09-24 22:16:35] epoch 306: train_loss: nan, valid_loss: nan, train_nll: nan, valid_nll: nan
[2021-09-24 22:17:08] epoch 307: train_loss: nan, valid_loss: nan, train_nll: nan, valid_nll: nan
[2021-09-24 22:17:41] epoch 308: train_loss: nan, valid_loss: nan, train_nll: nan, valid_nll: nan
[2021-09-24 22:18:14] epoch 309: train_loss: nan, valid_loss: nan, train_nll: nan, valid_nll: nan
[2021-09-24 22:18:47] epoch 310: train_loss: nan, valid_loss: nan, train_nll: nan, valid_nll: nan
[2021-09-24 22:19:20] epoch 311: train_loss: nan, valid_loss: nan, train_nll: nan, valid_nll: nan
[2021-09-24 22:19:54] epoch 312: train_loss: nan, valid_loss: nan, train_nll: nan, valid_nll: nan
[2021-09-24 22:20:27] epoch 313: train_loss: nan, valid_loss: nan, train_nll: nan, valid_nll: nan
[2021-09-24 22:21:00] epoch 314: train_loss: nan, valid_loss: nan, train_nll: nan, valid_nll: nan
[2021-09-24 22:21:32] epoch 315: train_loss: nan, valid_loss: nan, train_nll: nan, valid_nll: nan
[2021-09-24 22:22:05] epoch 316: train_loss: nan, valid_loss: nan, train_nll: nan, valid_nll: nan
[2021-09-24 22:22:39] epoch 317: train_loss: nan, valid_loss: nan, train_nll: nan, valid_nll: nan
[2021-09-24 22:23:12] epoch 318: train_loss: nan, valid_loss: nan, train_nll: nan, valid_nll: nan
[2021-09-24 22:23:45] epoch 319: train_loss: nan, valid_loss: nan, train_nll: nan, valid_nll: nan
[2021-09-24 22:24:18] epoch 320: train_loss: nan, valid_loss: nan, train_nll: nan, valid_nll: nan
[2021-09-24 22:24:51] epoch 321: train_loss: nan, valid_loss: nan, train_nll: nan, valid_nll: nan
[2021-09-24 22:25:24] epoch 322: train_loss: nan, valid_loss: nan, train_nll: nan, valid_nll: nan
[2021-09-24 22:25:58] epoch 323: train_loss: nan, valid_loss: nan, train_nll: nan, valid_nll: nan
[2021-09-24 22:26:31] epoch 324: train_loss: nan, valid_loss: nan, train_nll: nan, valid_nll: nan
[2021-09-24 22:27:05] epoch 325: train_loss: nan, valid_loss: nan, train_nll: nan, valid_nll: nan
[2021-09-24 22:27:37] epoch 326: train_loss: nan, valid_loss: nan, train_nll: nan, valid_nll: nan
[2021-09-24 22:28:10] epoch 327: train_loss: nan, valid_loss: nan, train_nll: nan, valid_nll: nan
[2021-09-24 22:28:44] epoch 328: train_loss: nan, valid_loss: nan, train_nll: nan, valid_nll: nan
[2021-09-24 22:29:17] epoch 329: train_loss: nan, valid_loss: nan, train_nll: nan, valid_nll: nan
[2021-09-24 22:29:50] epoch 330: train_loss: nan, valid_loss: nan, train_nll: nan, valid_nll: nan
[2021-09-24 22:30:23] epoch 331: train_loss: nan, valid_loss: nan, train_nll: nan, valid_nll: nan
[2021-09-24 22:30:56] epoch 332: train_loss: nan, valid_loss: nan, train_nll: nan, valid_nll: nan
[2021-09-24 22:31:30] epoch 333: train_loss: nan, valid_loss: nan, train_nll: nan, valid_nll: nan
[2021-09-24 22:32:04] epoch 334: train_loss: nan, valid_loss: nan, train_nll: nan, valid_nll: nan
[2021-09-24 22:32:37] epoch 335: train_loss: nan, valid_loss: nan, train_nll: nan, valid_nll: nan
[2021-09-24 22:33:10] epoch 336: train_loss: nan, valid_loss: nan, train_nll: nan, valid_nll: nan
[2021-09-24 22:33:44] epoch 337: train_loss: nan, valid_loss: nan, train_nll: nan, valid_nll: nan
[2021-09-24 22:34:17] epoch 338: train_loss: nan, valid_loss: nan, train_nll: nan, valid_nll: nan
[2021-09-24 22:34:50] epoch 339: train_loss: nan, valid_loss: nan, train_nll: nan, valid_nll: nan
[2021-09-24 22:35:23] epoch 340: train_loss: nan, valid_loss: nan, train_nll: nan, valid_nll: nan
[2021-09-24 22:35:57] epoch 341: train_loss: nan, valid_loss: nan, train_nll: nan, valid_nll: nan
[2021-09-24 22:36:30] epoch 342: train_loss: nan, valid_loss: nan, train_nll: nan, valid_nll: nan
[2021-09-24 22:37:03] epoch 343: train_loss: nan, valid_loss: nan, train_nll: nan, valid_nll: nan
[2021-09-24 22:37:36] epoch 344: train_loss: nan, valid_loss: nan, train_nll: nan, valid_nll: nan
[2021-09-24 22:38:10] epoch 345: train_loss: nan, valid_loss: nan, train_nll: nan, valid_nll: nan
[2021-09-24 22:38:44] epoch 346: train_loss: nan, valid_loss: nan, train_nll: nan, valid_nll: nan
[2021-09-24 22:39:17] epoch 347: train_loss: nan, valid_loss: nan, train_nll: nan, valid_nll: nan
[2021-09-24 22:39:50] epoch 348: train_loss: nan, valid_loss: nan, train_nll: nan, valid_nll: nan
[2021-09-24 22:40:22] epoch 349: train_loss: nan, valid_loss: nan, train_nll: nan, valid_nll: nan
[2021-09-24 22:40:55] epoch 350: train_loss: nan, valid_loss: nan, train_nll: nan, valid_nll: nan
[2021-09-24 22:41:28] epoch 351: train_loss: nan, valid_loss: nan, train_nll: nan, valid_nll: nan
[2021-09-24 22:42:00] epoch 352: train_loss: nan, valid_loss: nan, train_nll: nan, valid_nll: nan
[2021-09-24 22:42:33] epoch 353: train_loss: nan, valid_loss: nan, train_nll: nan, valid_nll: nan
[2021-09-24 22:43:06] epoch 354: train_loss: nan, valid_loss: nan, train_nll: nan, valid_nll: nan
[2021-09-24 22:43:40] epoch 355: train_loss: nan, valid_loss: nan, train_nll: nan, valid_nll: nan
[2021-09-24 22:44:13] epoch 356: train_loss: nan, valid_loss: nan, train_nll: nan, valid_nll: nan
[2021-09-24 22:44:46] epoch 357: train_loss: nan, valid_loss: nan, train_nll: nan, valid_nll: nan
[2021-09-24 22:45:20] epoch 358: train_loss: nan, valid_loss: nan, train_nll: nan, valid_nll: nan
[2021-09-24 22:45:53] epoch 359: train_loss: nan, valid_loss: nan, train_nll: nan, valid_nll: nan
[2021-09-24 22:46:26] epoch 360: train_loss: nan, valid_loss: nan, train_nll: nan, valid_nll: nan
[2021-09-24 22:46:59] epoch 361: train_loss: nan, valid_loss: nan, train_nll: nan, valid_nll: nan
[2021-09-24 22:47:33] epoch 362: train_loss: nan, valid_loss: nan, train_nll: nan, valid_nll: nan
[2021-09-24 22:48:14] epoch 363: train_loss: nan, valid_loss: nan, train_nll: nan, valid_nll: nan
[2021-09-24 22:48:52] epoch 364: train_loss: nan, valid_loss: nan, train_nll: nan, valid_nll: nan
[2021-09-24 22:49:24] epoch 365: train_loss: nan, valid_loss: nan, train_nll: nan, valid_nll: nan
[2021-09-24 22:49:57] epoch 366: train_loss: nan, valid_loss: nan, train_nll: nan, valid_nll: nan
[2021-09-24 22:50:30] epoch 367: train_loss: nan, valid_loss: nan, train_nll: nan, valid_nll: nan
[2021-09-24 22:51:02] epoch 368: train_loss: nan, valid_loss: nan, train_nll: nan, valid_nll: nan
[2021-09-24 22:51:36] epoch 369: train_loss: nan, valid_loss: nan, train_nll: nan, valid_nll: nan
[2021-09-24 22:52:09] epoch 370: train_loss: nan, valid_loss: nan, train_nll: nan, valid_nll: nan
[2021-09-24 22:52:41] epoch 371: train_loss: nan, valid_loss: nan, train_nll: nan, valid_nll: nan
[2021-09-24 22:53:14] epoch 372: train_loss: nan, valid_loss: nan, train_nll: nan, valid_nll: nan
[2021-09-24 22:53:47] epoch 373: train_loss: nan, valid_loss: nan, train_nll: nan, valid_nll: nan
[2021-09-24 22:54:20] epoch 374: train_loss: nan, valid_loss: nan, train_nll: nan, valid_nll: nan
[2021-09-24 22:54:53] epoch 375: train_loss: nan, valid_loss: nan, train_nll: nan, valid_nll: nan
[2021-09-24 22:55:26] epoch 376: train_loss: nan, valid_loss: nan, train_nll: nan, valid_nll: nan
[2021-09-24 22:55:58] epoch 377: train_loss: nan, valid_loss: nan, train_nll: nan, valid_nll: nan
[2021-09-24 22:56:31] epoch 378: train_loss: nan, valid_loss: nan, train_nll: nan, valid_nll: nan
[2021-09-24 22:57:04] epoch 379: train_loss: nan, valid_loss: nan, train_nll: nan, valid_nll: nan
[2021-09-24 22:57:38] epoch 380: train_loss: nan, valid_loss: nan, train_nll: nan, valid_nll: nan
[2021-09-24 22:58:11] epoch 381: train_loss: nan, valid_loss: nan, train_nll: nan, valid_nll: nan
[2021-09-24 22:58:45] epoch 382: train_loss: nan, valid_loss: nan, train_nll: nan, valid_nll: nan
[2021-09-24 22:59:18] epoch 383: train_loss: nan, valid_loss: nan, train_nll: nan, valid_nll: nan
[2021-09-24 22:59:51] epoch 384: train_loss: nan, valid_loss: nan, train_nll: nan, valid_nll: nan
[2021-09-24 23:00:24] epoch 385: train_loss: nan, valid_loss: nan, train_nll: nan, valid_nll: nan
[2021-09-24 23:00:58] epoch 386: train_loss: nan, valid_loss: nan, train_nll: nan, valid_nll: nan
[2021-09-24 23:01:30] epoch 387: train_loss: nan, valid_loss: nan, train_nll: nan, valid_nll: nan
[2021-09-24 23:02:03] epoch 388: train_loss: nan, valid_loss: nan, train_nll: nan, valid_nll: nan
[2021-09-24 23:02:37] epoch 389: train_loss: nan, valid_loss: nan, train_nll: nan, valid_nll: nan
[2021-09-24 23:03:10] epoch 390: train_loss: nan, valid_loss: nan, train_nll: nan, valid_nll: nan
[2021-09-24 23:03:43] epoch 391: train_loss: nan, valid_loss: nan, train_nll: nan, valid_nll: nan
[2021-09-24 23:04:16] epoch 392: train_loss: nan, valid_loss: nan, train_nll: nan, valid_nll: nan
[2021-09-24 23:04:49] epoch 393: train_loss: nan, valid_loss: nan, train_nll: nan, valid_nll: nan
[2021-09-24 23:05:22] epoch 394: train_loss: nan, valid_loss: nan, train_nll: nan, valid_nll: nan
[2021-09-24 23:05:55] epoch 395: train_loss: nan, valid_loss: nan, train_nll: nan, valid_nll: nan
[2021-09-24 23:06:28] epoch 396: train_loss: nan, valid_loss: nan, train_nll: nan, valid_nll: nan
[2021-09-24 23:07:01] epoch 397: train_loss: nan, valid_loss: nan, train_nll: nan, valid_nll: nan
[2021-09-24 23:07:34] epoch 398: train_loss: nan, valid_loss: nan, train_nll: nan, valid_nll: nan
[2021-09-24 23:08:07] epoch 399: train_loss: nan, valid_loss: nan, train_nll: nan, valid_nll: nan
[2021-09-24 23:08:40] epoch 400: train_loss: nan, valid_loss: nan, train_nll: nan, valid_nll: nan
[2021-09-24 23:09:13] epoch 401: train_loss: nan, valid_loss: nan, train_nll: nan, valid_nll: nan
[2021-09-24 23:09:46] epoch 402: train_loss: nan, valid_loss: nan, train_nll: nan, valid_nll: nan
[2021-09-24 23:10:20] epoch 403: train_loss: nan, valid_loss: nan, train_nll: nan, valid_nll: nan
[2021-09-24 23:10:52] epoch 404: train_loss: nan, valid_loss: nan, train_nll: nan, valid_nll: nan
[2021-09-24 23:11:26] epoch 405: train_loss: nan, valid_loss: nan, train_nll: nan, valid_nll: nan
[2021-09-24 23:11:59] epoch 406: train_loss: nan, valid_loss: nan, train_nll: nan, valid_nll: nan
[2021-09-24 23:12:32] epoch 407: train_loss: nan, valid_loss: nan, train_nll: nan, valid_nll: nan
[2021-09-24 23:13:05] epoch 408: train_loss: nan, valid_loss: nan, train_nll: nan, valid_nll: nan
[2021-09-24 23:13:39] epoch 409: train_loss: nan, valid_loss: nan, train_nll: nan, valid_nll: nan
[2021-09-24 23:14:12] epoch 410: train_loss: nan, valid_loss: nan, train_nll: nan, valid_nll: nan
[2021-09-24 23:14:45] epoch 411: train_loss: nan, valid_loss: nan, train_nll: nan, valid_nll: nan
[2021-09-24 23:15:17] epoch 412: train_loss: nan, valid_loss: nan, train_nll: nan, valid_nll: nan
[2021-09-24 23:15:51] epoch 413: train_loss: nan, valid_loss: nan, train_nll: nan, valid_nll: nan
[2021-09-24 23:16:24] epoch 414: train_loss: nan, valid_loss: nan, train_nll: nan, valid_nll: nan
[2021-09-24 23:16:57] epoch 415: train_loss: nan, valid_loss: nan, train_nll: nan, valid_nll: nan
[2021-09-24 23:17:30] epoch 416: train_loss: nan, valid_loss: nan, train_nll: nan, valid_nll: nan
[2021-09-24 23:18:03] epoch 417: train_loss: nan, valid_loss: nan, train_nll: nan, valid_nll: nan
[2021-09-24 23:18:36] epoch 418: train_loss: nan, valid_loss: nan, train_nll: nan, valid_nll: nan
[2021-09-24 23:19:09] epoch 419: train_loss: nan, valid_loss: nan, train_nll: nan, valid_nll: nan
[2021-09-24 23:19:43] epoch 420: train_loss: nan, valid_loss: nan, train_nll: nan, valid_nll: nan
[2021-09-24 23:20:15] epoch 421: train_loss: nan, valid_loss: nan, train_nll: nan, valid_nll: nan
[2021-09-24 23:20:49] epoch 422: train_loss: nan, valid_loss: nan, train_nll: nan, valid_nll: nan
[2021-09-24 23:21:22] epoch 423: train_loss: nan, valid_loss: nan, train_nll: nan, valid_nll: nan
[2021-09-24 23:21:56] epoch 424: train_loss: nan, valid_loss: nan, train_nll: nan, valid_nll: nan
[2021-09-24 23:22:28] epoch 425: train_loss: nan, valid_loss: nan, train_nll: nan, valid_nll: nan
[2021-09-24 23:23:02] epoch 426: train_loss: nan, valid_loss: nan, train_nll: nan, valid_nll: nan
[2021-09-24 23:23:35] epoch 427: train_loss: nan, valid_loss: nan, train_nll: nan, valid_nll: nan
[2021-09-24 23:24:08] epoch 428: train_loss: nan, valid_loss: nan, train_nll: nan, valid_nll: nan
[2021-09-24 23:24:41] epoch 429: train_loss: nan, valid_loss: nan, train_nll: nan, valid_nll: nan
[2021-09-24 23:25:14] epoch 430: train_loss: nan, valid_loss: nan, train_nll: nan, valid_nll: nan
[2021-09-24 23:25:47] epoch 431: train_loss: nan, valid_loss: nan, train_nll: nan, valid_nll: nan
[2021-09-24 23:26:20] epoch 432: train_loss: nan, valid_loss: nan, train_nll: nan, valid_nll: nan
[2021-09-24 23:26:53] epoch 433: train_loss: nan, valid_loss: nan, train_nll: nan, valid_nll: nan
[2021-09-24 23:27:26] epoch 434: train_loss: nan, valid_loss: nan, train_nll: nan, valid_nll: nan
[2021-09-24 23:28:00] epoch 435: train_loss: nan, valid_loss: nan, train_nll: nan, valid_nll: nan
[2021-09-24 23:28:33] epoch 436: train_loss: nan, valid_loss: nan, train_nll: nan, valid_nll: nan
[2021-09-24 23:29:06] epoch 437: train_loss: nan, valid_loss: nan, train_nll: nan, valid_nll: nan
[2021-09-24 23:29:39] epoch 438: train_loss: nan, valid_loss: nan, train_nll: nan, valid_nll: nan
[2021-09-24 23:30:12] epoch 439: train_loss: nan, valid_loss: nan, train_nll: nan, valid_nll: nan
[2021-09-24 23:30:45] epoch 440: train_loss: nan, valid_loss: nan, train_nll: nan, valid_nll: nan
[2021-09-24 23:31:18] epoch 441: train_loss: nan, valid_loss: nan, train_nll: nan, valid_nll: nan
[2021-09-24 23:31:52] epoch 442: train_loss: nan, valid_loss: nan, train_nll: nan, valid_nll: nan
[2021-09-24 23:32:24] epoch 443: train_loss: nan, valid_loss: nan, train_nll: nan, valid_nll: nan
[2021-09-24 23:32:57] epoch 444: train_loss: nan, valid_loss: nan, train_nll: nan, valid_nll: nan
[2021-09-24 23:33:31] epoch 445: train_loss: nan, valid_loss: nan, train_nll: nan, valid_nll: nan
[2021-09-24 23:34:03] epoch 446: train_loss: nan, valid_loss: nan, train_nll: nan, valid_nll: nan
[2021-09-24 23:34:36] epoch 447: train_loss: nan, valid_loss: nan, train_nll: nan, valid_nll: nan
[2021-09-24 23:35:09] epoch 448: train_loss: nan, valid_loss: nan, train_nll: nan, valid_nll: nan
[2021-09-24 23:35:42] epoch 449: train_loss: nan, valid_loss: nan, train_nll: nan, valid_nll: nan
[2021-09-24 23:36:15] epoch 450: train_loss: nan, valid_loss: nan, train_nll: nan, valid_nll: nan
[2021-09-24 23:36:49] epoch 451: train_loss: nan, valid_loss: nan, train_nll: nan, valid_nll: nan
[2021-09-24 23:37:22] epoch 452: train_loss: nan, valid_loss: nan, train_nll: nan, valid_nll: nan
[2021-09-24 23:37:54] epoch 453: train_loss: nan, valid_loss: nan, train_nll: nan, valid_nll: nan
[2021-09-24 23:38:27] epoch 454: train_loss: nan, valid_loss: nan, train_nll: nan, valid_nll: nan
[2021-09-24 23:39:01] epoch 455: train_loss: nan, valid_loss: nan, train_nll: nan, valid_nll: nan
[2021-09-24 23:39:34] epoch 456: train_loss: nan, valid_loss: nan, train_nll: nan, valid_nll: nan
[2021-09-24 23:40:07] epoch 457: train_loss: nan, valid_loss: nan, train_nll: nan, valid_nll: nan
[2021-09-24 23:40:40] epoch 458: train_loss: nan, valid_loss: nan, train_nll: nan, valid_nll: nan
[2021-09-24 23:41:13] epoch 459: train_loss: nan, valid_loss: nan, train_nll: nan, valid_nll: nan
[2021-09-24 23:41:46] epoch 460: train_loss: nan, valid_loss: nan, train_nll: nan, valid_nll: nan
[2021-09-24 23:42:19] epoch 461: train_loss: nan, valid_loss: nan, train_nll: nan, valid_nll: nan
[2021-09-24 23:42:52] epoch 462: train_loss: nan, valid_loss: nan, train_nll: nan, valid_nll: nan
[2021-09-24 23:43:25] epoch 463: train_loss: nan, valid_loss: nan, train_nll: nan, valid_nll: nan
[2021-09-24 23:43:58] epoch 464: train_loss: nan, valid_loss: nan, train_nll: nan, valid_nll: nan
[2021-09-24 23:44:32] epoch 465: train_loss: nan, valid_loss: nan, train_nll: nan, valid_nll: nan
[2021-09-24 23:45:05] epoch 466: train_loss: nan, valid_loss: nan, train_nll: nan, valid_nll: nan
[2021-09-24 23:45:38] epoch 467: train_loss: nan, valid_loss: nan, train_nll: nan, valid_nll: nan
[2021-09-24 23:46:10] epoch 468: train_loss: nan, valid_loss: nan, train_nll: nan, valid_nll: nan
[2021-09-24 23:46:44] epoch 469: train_loss: nan, valid_loss: nan, train_nll: nan, valid_nll: nan
[2021-09-24 23:47:17] epoch 470: train_loss: nan, valid_loss: nan, train_nll: nan, valid_nll: nan
[2021-09-24 23:47:57] epoch 471: train_loss: nan, valid_loss: nan, train_nll: nan, valid_nll: nan
[2021-09-24 23:48:31] epoch 472: train_loss: nan, valid_loss: nan, train_nll: nan, valid_nll: nan
[2021-09-24 23:49:04] epoch 473: train_loss: nan, valid_loss: nan, train_nll: nan, valid_nll: nan
[2021-09-24 23:49:38] epoch 474: train_loss: nan, valid_loss: nan, train_nll: nan, valid_nll: nan
[2021-09-24 23:50:13] epoch 475: train_loss: nan, valid_loss: nan, train_nll: nan, valid_nll: nan
[2021-09-24 23:50:46] epoch 476: train_loss: nan, valid_loss: nan, train_nll: nan, valid_nll: nan
[2021-09-24 23:51:19] epoch 477: train_loss: nan, valid_loss: nan, train_nll: nan, valid_nll: nan
[2021-09-24 23:51:52] epoch 478: train_loss: nan, valid_loss: nan, train_nll: nan, valid_nll: nan
[2021-09-24 23:52:25] epoch 479: train_loss: nan, valid_loss: nan, train_nll: nan, valid_nll: nan
[2021-09-24 23:52:58] epoch 480: train_loss: nan, valid_loss: nan, train_nll: nan, valid_nll: nan
[2021-09-24 23:53:32] epoch 481: train_loss: nan, valid_loss: nan, train_nll: nan, valid_nll: nan
[2021-09-24 23:54:05] epoch 482: train_loss: nan, valid_loss: nan, train_nll: nan, valid_nll: nan
[2021-09-24 23:54:38] epoch 483: train_loss: nan, valid_loss: nan, train_nll: nan, valid_nll: nan
[2021-09-24 23:55:11] epoch 484: train_loss: nan, valid_loss: nan, train_nll: nan, valid_nll: nan
[2021-09-24 23:55:44] epoch 485: train_loss: nan, valid_loss: nan, train_nll: nan, valid_nll: nan
[2021-09-24 23:56:17] epoch 486: train_loss: nan, valid_loss: nan, train_nll: nan, valid_nll: nan
[2021-09-24 23:56:50] epoch 487: train_loss: nan, valid_loss: nan, train_nll: nan, valid_nll: nan
[2021-09-24 23:57:25] epoch 488: train_loss: nan, valid_loss: nan, train_nll: nan, valid_nll: nan
[2021-09-24 23:57:57] epoch 489: train_loss: nan, valid_loss: nan, train_nll: nan, valid_nll: nan
[2021-09-24 23:58:31] epoch 490: train_loss: nan, valid_loss: nan, train_nll: nan, valid_nll: nan
[2021-09-24 23:59:04] epoch 491: train_loss: nan, valid_loss: nan, train_nll: nan, valid_nll: nan
[2021-09-24 23:59:37] epoch 492: train_loss: nan, valid_loss: nan, train_nll: nan, valid_nll: nan
[2021-09-25 00:00:11] epoch 493: train_loss: nan, valid_loss: nan, train_nll: nan, valid_nll: nan
[2021-09-25 00:00:44] epoch 494: train_loss: nan, valid_loss: nan, train_nll: nan, valid_nll: nan
[2021-09-25 00:01:17] epoch 495: train_loss: nan, valid_loss: nan, train_nll: nan, valid_nll: nan
[2021-09-25 00:01:50] epoch 496: train_loss: nan, valid_loss: nan, train_nll: nan, valid_nll: nan
[2021-09-25 00:02:23] epoch 497: train_loss: nan, valid_loss: nan, train_nll: nan, valid_nll: nan
[2021-09-25 00:02:56] epoch 498: train_loss: nan, valid_loss: nan, train_nll: nan, valid_nll: nan
[2021-09-25 00:03:30] epoch 499: train_loss: nan, valid_loss: nan, train_nll: nan, valid_nll: nan
