------------ Configs ------------
loading Muse data...
loading Muse data...
model summary: 
===================================================
      Kernel Shape  Output Shape  Params  Mult-Adds
Layer                                              
0_rnn            -  [200, 1, 46]   18768      18492
1_mlp     [46, 88]  [200, 1, 88]    4136       4048
---------------------------------------------------
                      Totals
Total params           22904
Trainable params       22904
Non-trainable params       0
Mult-Adds              22540
===================================================
rnn:  gru
data:  Muse
optimizer:  rmsprop
learning rate:  0.001
momentum:  0.9
weight decay:  0.0
gradient clipping:  1.0
loss criterion:  bce
continue training:  False
save directory:  ./exp/music/muse/gru
log directory:  ./log/music/muse/gru
starting epoch:  0
ending epoch:  500
steps per epoch:  524
cuda:  True
---------------------------------
[2021-09-24 19:26:27] epoch 0: train_loss: 0.11251622478598515, valid_loss: 0.10371847140292327, train_nll: 8.031049316955416, valid_nll: 6.714720292138695
[2021-09-24 19:26:52] epoch 1: train_loss: 0.09723377424000784, valid_loss: 0.09929076295208047, train_nll: 6.834620401939361, valid_nll: 6.633182862133357
[2021-09-24 19:27:17] epoch 2: train_loss: 0.09351688262274246, valid_loss: 0.09611459262669086, train_nll: 6.528446276156969, valid_nll: 6.888934530989075
[2021-09-24 19:27:42] epoch 3: train_loss: 0.09021633572855126, valid_loss: 0.09380271700383336, train_nll: 6.2619334353648695, valid_nll: 5.98488540270807
[2021-09-24 19:28:07] epoch 4: train_loss: 0.0881869388594939, valid_loss: 0.09172690817741332, train_nll: 6.07966459392142, valid_nll: 6.272595399160761
[2021-09-24 19:28:32] epoch 5: train_loss: 0.08718462419369123, valid_loss: 0.09122995701790959, train_nll: 5.993097225489143, valid_nll: 6.085991331833207
[2021-09-24 19:28:57] epoch 6: train_loss: 0.08651103251542583, valid_loss: 0.09089574524787841, train_nll: 5.96429372935478, valid_nll: 6.29526723299786
[2021-09-24 19:29:22] epoch 7: train_loss: 0.08560956666914334, valid_loss: 0.08923669823755821, train_nll: 5.907459134058284, valid_nll: 5.827711070163923
[2021-09-24 19:29:47] epoch 8: train_loss: 0.08440999203461101, valid_loss: 0.08793083476247611, train_nll: 5.779307010051236, valid_nll: 5.8229411946806655
[2021-09-24 19:30:12] epoch 9: train_loss: 0.08341580117299072, valid_loss: 0.08754627652880219, train_nll: 5.701318181599113, valid_nll: 5.818576339023565
[2021-09-24 19:30:37] epoch 10: train_loss: 0.08286375754498627, valid_loss: 0.08742159789911023, train_nll: 5.635430349944402, valid_nll: 5.91240280140286
[2021-09-24 19:31:02] epoch 11: train_loss: 0.08233845628307464, valid_loss: 0.08618525253539835, train_nll: 5.596386318481027, valid_nll: 5.801438552719778
[2021-09-24 19:31:27] epoch 12: train_loss: 0.08182669601239662, valid_loss: 0.08616208763862097, train_nll: 5.572232320571603, valid_nll: 5.61266219149026
[2021-09-24 19:31:53] epoch 13: train_loss: 0.08153739388150569, valid_loss: 0.08587348324557145, train_nll: 5.510133825090449, valid_nll: 5.585685227264131
[2021-09-24 19:32:18] epoch 14: train_loss: 0.0812059806816223, valid_loss: 0.08617298237427518, train_nll: 5.4855340668855375, valid_nll: 5.60319612808246
[2021-09-24 19:32:46] epoch 15: train_loss: 0.08090540420136037, valid_loss: 0.08559476306179055, train_nll: 5.46996755080572, valid_nll: 5.592745076504784
[2021-09-24 19:33:11] epoch 16: train_loss: 0.08064731322086723, valid_loss: 0.08557382688892108, train_nll: 5.445600760107886, valid_nll: 5.631849851956872
[2021-09-24 19:33:36] epoch 17: train_loss: 0.08044887658471654, valid_loss: 0.0857661678697224, train_nll: 5.446450313088889, valid_nll: 5.844558430756878
[2021-09-24 19:34:01] epoch 18: train_loss: 0.0802717243075968, valid_loss: 0.08553246760533915, train_nll: 5.4387372128169655, valid_nll: 5.633753605115157
[2021-09-24 19:34:26] epoch 19: train_loss: 0.0801007941343914, valid_loss: 0.08473667865963998, train_nll: 5.4435507139399055, valid_nll: 5.382075707891091
[2021-09-24 19:34:51] epoch 20: train_loss: 0.07990198763698794, valid_loss: 0.08493778223378791, train_nll: 5.422000975568251, valid_nll: 5.424437358563473
[2021-09-24 19:35:16] epoch 21: train_loss: 0.07985660404620962, valid_loss: 0.08479781294310534, train_nll: 5.426720949794309, valid_nll: 5.427612409958739
[2021-09-24 19:35:42] epoch 22: train_loss: 0.07954031434478878, valid_loss: 0.08472229908737872, train_nll: 5.412111829784304, valid_nll: 5.431960555376484
[2021-09-24 19:36:07] epoch 23: train_loss: 0.07936892953331633, valid_loss: 0.0844624789983586, train_nll: 5.404032785830378, valid_nll: 5.578183638019326
[2021-09-24 19:36:31] epoch 24: train_loss: 0.07933904542338871, valid_loss: 0.08435303561941342, train_nll: 5.410742592471123, valid_nll: 5.394156020734016
[2021-09-24 19:36:57] epoch 25: train_loss: 0.0790387588634888, valid_loss: 0.08405447590544268, train_nll: 5.393965874402381, valid_nll: 5.559295836951709
[2021-09-24 19:37:21] epoch 26: train_loss: 0.07868022392219544, valid_loss: 0.08395749150464932, train_nll: 5.38426876188943, valid_nll: 5.664268390320312
[2021-09-24 19:37:47] epoch 27: train_loss: 0.07857592611481215, valid_loss: 0.08370774743595609, train_nll: 5.393630771212741, valid_nll: 5.501660366977164
[2021-09-24 19:38:12] epoch 28: train_loss: 0.07843983904032023, valid_loss: 0.08334986222562966, train_nll: 5.364516649433382, valid_nll: 5.572096584138152
[2021-09-24 19:38:36] epoch 29: train_loss: 0.078310945081944, valid_loss: 0.08305212308273272, train_nll: 5.372252976799178, valid_nll: 5.413497897655789
[2021-09-24 19:39:01] epoch 30: train_loss: 0.07804152214338021, valid_loss: 0.08303175841768583, train_nll: 5.350816943317118, valid_nll: 5.602938349845478
[2021-09-24 19:39:27] epoch 31: train_loss: 0.0779778464690192, valid_loss: 0.08332792299765128, train_nll: 5.350267074252318, valid_nll: 5.611278075082225
[2021-09-24 19:39:51] epoch 32: train_loss: 0.07909148101310978, valid_loss: 0.08408988217512767, train_nll: 5.391294911808906, valid_nll: 5.702251954218343
[2021-09-24 19:40:16] epoch 33: train_loss: 0.07804229701620363, valid_loss: 0.08273407833443748, train_nll: 5.341478227581946, valid_nll: 5.380870923254918
[2021-09-24 19:40:41] epoch 34: train_loss: 0.07798203987332473, valid_loss: 0.08347789972192711, train_nll: 5.353729808824274, valid_nll: 5.419436012864604
[2021-09-24 19:41:06] epoch 35: train_loss: 0.07823426833639334, valid_loss: 0.08343595000052893, train_nll: 5.387132677491198, valid_nll: 5.462396796325078
[2021-09-24 19:41:43] epoch 36: train_loss: 0.07758241940737624, valid_loss: 0.0833782648253772, train_nll: 5.330691044363669, valid_nll: 5.479083657155052
[2021-09-24 19:42:08] epoch 37: train_loss: 0.07788264708422864, valid_loss: 0.08392563559528854, train_nll: 5.361997981536035, valid_nll: 5.622262312834386
[2021-09-24 19:42:32] epoch 38: train_loss: 0.07765781436513626, valid_loss: 0.08287315181008091, train_nll: 5.3267080365019766, valid_nll: 5.452234370320047
[2021-09-24 19:42:57] epoch 39: train_loss: 0.07773801114922034, valid_loss: 0.08360020406544208, train_nll: 5.344344632287009, valid_nll: 5.617234912042149
[2021-09-24 19:43:22] epoch 40: train_loss: 0.0774039862293551, valid_loss: 0.08270895667374134, train_nll: 5.31552016183459, valid_nll: 5.518275578170329
[2021-09-24 19:43:47] epoch 41: train_loss: 0.07792101090041678, valid_loss: 0.08312453733826125, train_nll: 5.345229041585252, valid_nll: 5.585695573764746
[2021-09-24 19:44:12] epoch 42: train_loss: 0.07797930744220681, valid_loss: 0.0857716555327729, train_nll: 5.357707550780592, valid_nll: 5.684210116798034
[2021-09-24 19:44:37] epoch 43: train_loss: 0.07776994173742034, valid_loss: 0.08223687580752152, train_nll: 5.3384980729243665, valid_nll: 5.387465962853451
[2021-09-24 19:45:01] epoch 44: train_loss: 0.07732046282324115, valid_loss: 0.0821553560456744, train_nll: 5.314600069008619, valid_nll: 5.530227289082092
[2021-09-24 19:45:26] epoch 45: train_loss: 0.0770372077271712, valid_loss: 0.0823441868647933, train_nll: 5.297327151961244, valid_nll: 5.611284383045677
[2021-09-24 19:45:51] epoch 46: train_loss: 0.07689346051917105, valid_loss: 0.08249490915763158, train_nll: 5.275528828333551, valid_nll: 5.481216115035032
[2021-09-24 19:46:16] epoch 47: train_loss: 0.07702090960877542, valid_loss: 0.08205350242831089, train_nll: 5.292841580512794, valid_nll: 5.505042467969176
[2021-09-24 19:46:41] epoch 48: train_loss: 0.0769725315901984, valid_loss: 0.08315196476048893, train_nll: 5.294911369401092, valid_nll: 5.468791371042865
[2021-09-24 19:47:06] epoch 49: train_loss: 0.07687990461078024, valid_loss: 0.08198680752819335, train_nll: 5.2778248313943905, valid_nll: 5.392163153163344
[2021-09-24 19:47:31] epoch 50: train_loss: 0.07669895641569702, valid_loss: 0.08260831970859457, train_nll: 5.256958867287906, valid_nll: 5.593788730119915
[2021-09-24 19:47:57] epoch 51: train_loss: 0.07693550927486299, valid_loss: 0.08404930701686276, train_nll: 5.282155661099285, valid_nll: 5.724818754230796
[2021-09-24 19:48:25] epoch 52: train_loss: 0.07704627498778166, valid_loss: 0.08194029932082803, train_nll: 5.318469312576314, valid_nll: 5.322970400985463
[2021-09-24 19:48:50] epoch 53: train_loss: 0.07642102235117713, valid_loss: 0.08545684286013798, train_nll: 5.2485101114227435, valid_nll: 5.664813952144714
[2021-09-24 19:49:15] epoch 54: train_loss: 0.07731248097288074, valid_loss: 0.08339488641531378, train_nll: 5.348015453365688, valid_nll: 5.61517929801119
[2021-09-24 19:49:40] epoch 55: train_loss: 0.07634035043439735, valid_loss: 0.08179160332376206, train_nll: 5.27760295108108, valid_nll: 5.4361177571429895
[2021-09-24 19:50:04] epoch 56: train_loss: 0.07617354688753608, valid_loss: 0.08125416756504111, train_nll: 5.252455015989079, valid_nll: 5.364822948772548
[2021-09-24 19:50:29] epoch 57: train_loss: 0.07573580401523025, valid_loss: 0.08176656812429428, train_nll: 5.200257757194358, valid_nll: 5.33427575701693
[2021-09-24 19:50:54] epoch 58: train_loss: 0.07582599622062372, valid_loss: 0.08102494930089624, train_nll: 5.226666741640913, valid_nll: 5.306810990617282
[2021-09-24 19:51:18] epoch 59: train_loss: 0.07591638744822952, valid_loss: 0.08124699941663831, train_nll: 5.221393920482727, valid_nll: 5.322887671089034
[2021-09-24 19:51:46] epoch 60: train_loss: 0.07570284131189225, valid_loss: 0.08127849968495192, train_nll: 5.224637199123842, valid_nll: 5.551526512195862
[2021-09-24 19:52:10] epoch 61: train_loss: 0.07549974510538612, valid_loss: 0.08241097656665025, train_nll: 5.220198004693152, valid_nll: 5.415700360355641
[2021-09-24 19:52:34] epoch 62: train_loss: 0.07547372006917842, valid_loss: 0.08173026087935324, train_nll: 5.19589845128918, valid_nll: 5.513295459401028
[2021-09-24 19:52:58] epoch 63: train_loss: 0.07609176533900998, valid_loss: 0.08190793672369587, train_nll: 5.258516744333748, valid_nll: 5.434065371060655
[2021-09-24 19:53:22] epoch 64: train_loss: 0.07558724755698545, valid_loss: 0.08215215966381409, train_nll: 5.195874748188353, valid_nll: 5.392089286181806
[2021-09-24 19:53:46] epoch 65: train_loss: 0.07573070450159827, valid_loss: 0.08232565386979668, train_nll: 5.228721245836226, valid_nll: 5.5391873280495885
[2021-09-24 19:54:11] epoch 66: train_loss: 0.07564414970448795, valid_loss: 0.0814423317986506, train_nll: 5.225598410066315, valid_nll: 5.3409322178586
[2021-09-24 19:54:35] epoch 67: train_loss: 0.07579841908735742, valid_loss: 0.08198159188722019, train_nll: 5.217812411640269, valid_nll: 5.622759194190553
[2021-09-24 19:54:59] epoch 68: train_loss: 0.07542481542856411, valid_loss: 0.08104519385292575, train_nll: 5.206196586772682, valid_nll: 5.492833033025885
[2021-09-24 19:55:24] epoch 69: train_loss: 0.07565073480559442, valid_loss: 0.08393547638422913, train_nll: 5.211301515395082, valid_nll: 5.848688199577248
[2021-09-24 19:55:48] epoch 70: train_loss: 0.07575215858528177, valid_loss: 0.08120248511571575, train_nll: 5.226558818758986, valid_nll: 5.269324064197046
[2021-09-24 19:56:12] epoch 71: train_loss: 0.07524609833756704, valid_loss: 0.08082125279362555, train_nll: 5.180294042505164, valid_nll: 5.307615368616145
[2021-09-24 19:56:37] epoch 72: train_loss: 0.0755895963080853, valid_loss: 0.08104521500429622, train_nll: 5.221957837119772, valid_nll: 5.512227238987757
[2021-09-24 19:57:01] epoch 73: train_loss: 0.07568818739551397, valid_loss: 0.08174841257019175, train_nll: 5.227038887881475, valid_nll: 5.560976491174118
[2021-09-24 19:57:25] epoch 74: train_loss: 0.07526783351715341, valid_loss: 0.08141422295184048, train_nll: 5.194312416065715, valid_nll: 5.4992762685428085
[2021-09-24 19:57:50] epoch 75: train_loss: 0.07581667227222662, valid_loss: 0.08388120842476686, train_nll: 5.213932024674392, valid_nll: 5.7990876500008035
[2021-09-24 19:58:14] epoch 76: train_loss: 0.07571907766618347, valid_loss: 0.08126561440251491, train_nll: 5.224498341745527, valid_nll: 5.431196294492279
[2021-09-24 19:58:38] epoch 77: train_loss: 0.07512987915334071, valid_loss: 0.08170136676894293, train_nll: 5.177368770048983, valid_nll: 5.152101978254907
[2021-09-24 19:59:02] epoch 78: train_loss: 0.07516139498840704, valid_loss: 0.08140157772986978, train_nll: 5.175273260972303, valid_nll: 5.389704155350563
[2021-09-24 19:59:27] epoch 79: train_loss: 0.07545645164951455, valid_loss: 0.08146025270085644, train_nll: 5.215289518846977, valid_nll: 5.3571337692271825
[2021-09-24 19:59:51] epoch 80: train_loss: 0.07503953143662795, valid_loss: 0.08156485267121483, train_nll: 5.192716718613573, valid_nll: 5.400521249616443
[2021-09-24 20:00:15] epoch 81: train_loss: 0.0751493418507477, valid_loss: 0.08424879995485147, train_nll: 5.212862730823319, valid_nll: 5.616027716786946
[2021-09-24 20:00:40] epoch 82: train_loss: 0.0763371964234091, valid_loss: 0.08327227658419697, train_nll: 5.281586826217417, valid_nll: 5.54213666682727
[2021-09-24 20:01:04] epoch 83: train_loss: 0.07587254087561528, valid_loss: 0.08285967596565132, train_nll: 5.228559142889078, valid_nll: 5.3731574171883985
[2021-09-24 20:01:28] epoch 84: train_loss: 0.07556900251585677, valid_loss: 0.08248585125914326, train_nll: 5.208680993710322, valid_nll: 5.420898497707761
[2021-09-24 20:01:52] epoch 85: train_loss: 0.0762003087118723, valid_loss: 0.08370934488182818, train_nll: 5.24066236785631, valid_nll: 5.672882193290879
[2021-09-24 20:02:16] epoch 86: train_loss: 0.07562347666808326, valid_loss: 0.08279646445341685, train_nll: 5.25270828758437, valid_nll: 5.583777478415924
[2021-09-24 20:02:40] epoch 87: train_loss: 0.07570339019858201, valid_loss: 0.08190680654650485, train_nll: 5.21448021866446, valid_nll: 5.325702806674548
[2021-09-24 20:03:05] epoch 88: train_loss: 0.07541365924874278, valid_loss: 0.0819355930581137, train_nll: 5.2090951381536765, valid_nll: 5.3804551138655095
[2021-09-24 20:03:29] epoch 89: train_loss: 0.07515983215625618, valid_loss: 0.08231037717864469, train_nll: 5.196217896950231, valid_nll: 5.5037632471480284
[2021-09-24 20:03:53] epoch 90: train_loss: 0.07595803625241832, valid_loss: 0.0816055924045267, train_nll: 5.221505839962322, valid_nll: 5.518900174316613
[2021-09-24 20:04:18] epoch 91: train_loss: 0.07509734902445597, valid_loss: 0.0817448260538556, train_nll: 5.2003560140434795, valid_nll: 5.510734685169701
[2021-09-24 20:04:42] epoch 92: train_loss: 0.07515923919170413, valid_loss: 0.08195329680348988, train_nll: 5.183959828728503, valid_nll: 5.35297123602648
[2021-09-24 20:05:07] epoch 93: train_loss: 0.07614014712375596, valid_loss: 0.08175430104688362, train_nll: 5.254818254196164, valid_nll: 5.546637325707027
[2021-09-24 20:05:31] epoch 94: train_loss: 0.07659588925334276, valid_loss: 0.0821420666727203, train_nll: 5.302443049584439, valid_nll: 5.413612427592595
[2021-09-24 20:05:55] epoch 95: train_loss: 0.07545493006748893, valid_loss: 0.08193524981400481, train_nll: 5.215386532750292, valid_nll: 5.624153316999227
[2021-09-24 20:06:19] epoch 96: train_loss: 0.07527999368403818, valid_loss: 0.08194786024590334, train_nll: 5.21212434801807, valid_nll: 5.202298812293683
[2021-09-24 20:06:44] epoch 97: train_loss: 0.07560357188749063, valid_loss: 0.08244905202753014, train_nll: 5.229519405142355, valid_nll: 5.4260320249292935
[2021-09-24 20:07:16] epoch 98: train_loss: 0.0754354546745912, valid_loss: 0.08132629575276816, train_nll: 5.2026103327809645, valid_nll: 5.360603178214057
[2021-09-24 20:07:41] epoch 99: train_loss: 0.07502160190590408, valid_loss: 0.0835205390083569, train_nll: 5.1843695683165505, valid_nll: 5.6420408409116805
[2021-09-24 20:08:05] epoch 100: train_loss: 0.07561418438643103, valid_loss: 0.08159667574973017, train_nll: 5.234707662647426, valid_nll: 5.398539453348101
[2021-09-24 20:08:29] epoch 101: train_loss: 0.07528479738544872, valid_loss: 0.08326241743095496, train_nll: 5.196483354841552, valid_nll: 5.313520466239595
[2021-09-24 20:08:53] epoch 102: train_loss: 0.07552617316255132, valid_loss: 0.08205440155471917, train_nll: 5.199031569333151, valid_nll: 5.508240173642729
[2021-09-24 20:09:18] epoch 103: train_loss: 0.07499892097357519, valid_loss: 0.08239979636338023, train_nll: 5.1946797733744825, valid_nll: 5.645985713821148
[2021-09-24 20:09:41] epoch 104: train_loss: 0.07590585505547187, valid_loss: 0.08230605605575773, train_nll: 5.237749054635393, valid_nll: 5.347715729727522
[2021-09-24 20:10:06] epoch 105: train_loss: 0.07565735009470458, valid_loss: 0.08186939704335398, train_nll: 5.200776745706534, valid_nll: 5.306909243588989
[2021-09-24 20:10:30] epoch 106: train_loss: 0.07600357297822151, valid_loss: 0.08230753185710421, train_nll: 5.2550352341549615, valid_nll: 5.326295404704308
[2021-09-24 20:10:53] epoch 107: train_loss: 0.07542357299448425, valid_loss: 0.0824269650986901, train_nll: 5.211663174753352, valid_nll: 5.4940172056458065
[2021-09-24 20:11:18] epoch 108: train_loss: 0.0763051818188934, valid_loss: 0.08126214513624155, train_nll: 5.2757167782018515, valid_nll: 5.348940469635165
[2021-09-24 20:11:42] epoch 109: train_loss: 0.07494933227475249, valid_loss: 0.08174526847347065, train_nll: 5.160105351111059, valid_nll: 5.338802551143944
[2021-09-24 20:12:06] epoch 110: train_loss: 0.07513350197149597, valid_loss: 0.08252470349823987, train_nll: 5.204214381183961, valid_nll: 5.4411026835759015
[2021-09-24 20:12:30] epoch 111: train_loss: 0.07543936847417637, valid_loss: 0.08116142295162987, train_nll: 5.218675800557783, valid_nll: 5.387881019091785
[2021-09-24 20:12:55] epoch 112: train_loss: 0.0748609896919882, valid_loss: 0.08206681492565959, train_nll: 5.17695939345882, valid_nll: 5.326951147747571
[2021-09-24 20:13:19] epoch 113: train_loss: 0.0749500899678736, valid_loss: 0.08217065323972039, train_nll: 5.166412179410564, valid_nll: 5.377914762254547
[2021-09-24 20:13:43] epoch 114: train_loss: 0.07487950950171372, valid_loss: 0.08228138759732247, train_nll: 5.154742288231281, valid_nll: 5.247652711039506
[2021-09-24 20:14:07] epoch 115: train_loss: 0.07518045889846411, valid_loss: 0.08538121194751175, train_nll: 5.207918909819342, valid_nll: 5.730293124145124
[2021-09-24 20:14:31] epoch 116: train_loss: 0.07487957530214188, valid_loss: 0.08214902043066642, train_nll: 5.170707885874022, valid_nll: 5.287689586483344
[2021-09-24 20:14:56] epoch 117: train_loss: 0.07530219847592347, valid_loss: 0.08280728138569328, train_nll: 5.2153135159803, valid_nll: 5.362178483721535
[2021-09-24 20:15:20] epoch 118: train_loss: 0.07545334631612681, valid_loss: 0.08145475758722535, train_nll: 5.217579187261089, valid_nll: 5.339188306702739
[2021-09-24 20:15:44] epoch 119: train_loss: 0.07472728138242116, valid_loss: 0.08153098831298175, train_nll: 5.161800464708268, valid_nll: 5.5355074673580855
[2021-09-24 20:16:08] epoch 120: train_loss: 0.07469334261392364, valid_loss: 0.08138633186204566, train_nll: 5.1679327344920525, valid_nll: 5.198119004267348
[2021-09-24 20:16:33] epoch 121: train_loss: 0.07564084791891162, valid_loss: 0.0815191591779391, train_nll: 5.222165665444778, valid_nll: 5.480047556263747
[2021-09-24 20:16:57] epoch 122: train_loss: 0.07511922560866836, valid_loss: 0.08201876635904666, train_nll: 5.191981154455795, valid_nll: 5.69078730054757
[2021-09-24 20:17:21] epoch 123: train_loss: 0.0749523471525465, valid_loss: 0.08182188368367928, train_nll: 5.186048771773223, valid_nll: 5.458483347249822
[2021-09-24 20:17:45] epoch 124: train_loss: 0.07471137592846258, valid_loss: 0.08096263869493096, train_nll: 5.169844396240692, valid_nll: 5.3128879064164245
[2021-09-24 20:18:09] epoch 125: train_loss: 0.07643936525582413, valid_loss: 0.08320139886604415, train_nll: 5.242733704443454, valid_nll: 5.629867104645994
[2021-09-24 20:18:34] epoch 126: train_loss: 0.07566328344951945, valid_loss: 0.08227003597550922, train_nll: 5.231001415564031, valid_nll: 5.475918499409388
[2021-09-24 20:18:58] epoch 127: train_loss: 0.07526812123895431, valid_loss: 0.08125989170814002, train_nll: 5.217323394225476, valid_nll: 5.451039253923743
[2021-09-24 20:19:22] epoch 128: train_loss: 0.07515247289681423, valid_loss: 0.08162861582305696, train_nll: 5.191840345646189, valid_nll: 5.58832262695283
[2021-09-24 20:19:46] epoch 129: train_loss: 0.07522934838553592, valid_loss: 0.08418381093414845, train_nll: 5.231119878219646, valid_nll: 5.683258878864407
[2021-09-24 20:20:13] epoch 130: train_loss: 0.07566675308643918, valid_loss: 0.08164080186160626, train_nll: 5.235474059669825, valid_nll: 5.467179044041556
[2021-09-24 20:20:36] epoch 131: train_loss: 0.07576480418628523, valid_loss: 0.0834425680063389, train_nll: 5.249357407617226, valid_nll: 5.397171728780096
[2021-09-24 20:21:01] epoch 132: train_loss: 0.0755598334531577, valid_loss: 0.08130193151947525, train_nll: 5.215288683751503, valid_nll: 5.367936654276722
[2021-09-24 20:21:25] epoch 133: train_loss: 0.07502091370295477, valid_loss: 0.082306089790331, train_nll: 5.178763171403582, valid_nll: 5.416353344461353
[2021-09-24 20:21:49] epoch 134: train_loss: 0.07571756399862241, valid_loss: 0.08334312623849621, train_nll: 5.257469534455937, valid_nll: 5.415277921925501
[2021-09-24 20:22:13] epoch 135: train_loss: 0.07598362864663412, valid_loss: 0.08189657856192854, train_nll: 5.268697482648437, valid_nll: 5.513214549958287
[2021-09-24 20:22:37] epoch 136: train_loss: 0.07548929458370304, valid_loss: 0.08305792190410473, train_nll: 5.255045024784612, valid_nll: 5.312411612974937
[2021-09-24 20:23:01] epoch 137: train_loss: 0.07534800431662673, valid_loss: 0.08279878996588566, train_nll: 5.237724764557025, valid_nll: 5.596891266253288
[2021-09-24 20:23:25] epoch 138: train_loss: 0.07521788396993438, valid_loss: 0.0812913473488556, train_nll: 5.2122251216088715, valid_nll: 5.388165721186885
[2021-09-24 20:23:50] epoch 139: train_loss: 0.07580942516250692, valid_loss: 0.08120709289279249, train_nll: 5.286806565903999, valid_nll: 5.484557362475426
[2021-09-24 20:24:14] epoch 140: train_loss: 0.0758550738691857, valid_loss: 0.08476785367561711, train_nll: 5.238500305261967, valid_nll: 6.1060674282749
[2021-09-24 20:24:38] epoch 141: train_loss: 0.07570659924113682, valid_loss: 0.08328469844741954, train_nll: 5.254436375974205, valid_nll: 5.400413470244009
[2021-09-24 20:25:02] epoch 142: train_loss: 0.07524951903561827, valid_loss: 0.08167115711365584, train_nll: 5.2065463721143646, valid_nll: 5.550419972312851
[2021-09-24 20:25:26] epoch 143: train_loss: 0.07721251164712296, valid_loss: 0.08245918865970991, train_nll: 5.358973631112304, valid_nll: 5.392181747942564
[2021-09-24 20:25:51] epoch 144: train_loss: 0.07906649278242227, valid_loss: 0.08221311393987249, train_nll: 5.446473148895581, valid_nll: 5.681892198513219
[2021-09-24 20:26:15] epoch 145: train_loss: 0.0762609746004988, valid_loss: 0.08343922890446805, train_nll: 5.34933781806836, valid_nll: 5.658404785448054
[2021-09-24 20:26:38] epoch 146: train_loss: 0.07685044495289335, valid_loss: 0.08325389853368202, train_nll: 5.36599333491946, valid_nll: 5.493182358271964
[2021-09-24 20:27:03] epoch 147: train_loss: 0.07604816584947398, valid_loss: 0.0818700290457518, train_nll: 5.294561337067903, valid_nll: 5.483563096862069
[2021-09-24 20:27:27] epoch 148: train_loss: 0.07517180152109447, valid_loss: 0.08148726355284452, train_nll: 5.211436292925377, valid_nll: 5.212837748272428
[2021-09-24 20:27:51] epoch 149: train_loss: 0.07574597455717566, valid_loss: 0.08254430165031441, train_nll: 5.2618364471725405, valid_nll: 5.5076464455169845
[2021-09-24 20:28:16] epoch 150: train_loss: 0.07609882869203184, valid_loss: 0.08189000577700359, train_nll: 5.283783745242034, valid_nll: 5.540499943123981
[2021-09-24 20:28:40] epoch 151: train_loss: 0.0759629927227231, valid_loss: 0.08206736619273822, train_nll: 5.269849512760812, valid_nll: 5.461888721404194
[2021-09-24 20:29:04] epoch 152: train_loss: 0.07545728531118681, valid_loss: 0.08235136218782928, train_nll: 5.235646318672757, valid_nll: 5.491613484837189
[2021-09-24 20:29:31] epoch 153: train_loss: 0.07544279130858206, valid_loss: 0.0823483917310282, train_nll: 5.225400317815261, valid_nll: 5.5601919347337825
[2021-09-24 20:29:55] epoch 154: train_loss: 0.07520046907313566, valid_loss: 0.08236043948542189, train_nll: 5.197190381792702, valid_nll: 5.468480873892827
[2021-09-24 20:30:19] epoch 155: train_loss: 0.07526073718038281, valid_loss: 0.082362266395379, train_nll: 5.214167697964086, valid_nll: 5.521677574780108
[2021-09-24 20:30:43] epoch 156: train_loss: 0.07547518881286658, valid_loss: 0.08185668008884898, train_nll: 5.250892024793681, valid_nll: 5.561179142095251
[2021-09-24 20:31:07] epoch 157: train_loss: 0.07541630369831474, valid_loss: 0.08242280281114357, train_nll: 5.209116162198217, valid_nll: 5.703562627407749
[2021-09-24 20:31:31] epoch 158: train_loss: 0.07608679820826092, valid_loss: 0.08255279416011439, train_nll: 5.257631460819106, valid_nll: 5.667468189137001
[2021-09-24 20:31:55] epoch 159: train_loss: 0.07575654486400424, valid_loss: 0.08330051571958595, train_nll: 5.253446464271038, valid_nll: 5.6724055817270935
[2021-09-24 20:32:19] epoch 160: train_loss: 0.07560805155085186, valid_loss: 0.08252949164835391, train_nll: 5.22658670126604, valid_nll: 5.548534711155814
[2021-09-24 20:32:43] epoch 161: train_loss: 0.07717165783339158, valid_loss: 0.08378657848332767, train_nll: 5.323667885742894, valid_nll: 5.562332878953116
[2021-09-24 20:33:08] epoch 162: train_loss: 0.07677174846193831, valid_loss: 0.0844335746847921, train_nll: 5.281758112112246, valid_nll: 5.742503209923232
[2021-09-24 20:33:32] epoch 163: train_loss: 0.07621107373798963, valid_loss: 0.0830315748643544, train_nll: 5.292895451231571, valid_nll: 5.508935079249075
[2021-09-24 20:33:55] epoch 164: train_loss: 0.0761982263243608, valid_loss: 0.08197288179287204, train_nll: 5.305321981165963, valid_nll: 5.543003266869432
[2021-09-24 20:34:20] epoch 165: train_loss: 0.07548426751772525, valid_loss: 0.08284784496106483, train_nll: 5.24792770085185, valid_nll: 5.537470405299737
[2021-09-24 20:34:44] epoch 166: train_loss: 0.07644981219262624, valid_loss: 0.08412758526564748, train_nll: 5.292197668795711, valid_nll: 5.885397009017305
[2021-09-24 20:35:08] epoch 167: train_loss: 0.0777092874352287, valid_loss: 0.08349361432095369, train_nll: 5.4041329526551625, valid_nll: 5.5397035573360505
[2021-09-24 20:35:32] epoch 168: train_loss: 0.07631335202035786, valid_loss: 0.08243712495874475, train_nll: 5.2762403890788585, valid_nll: 5.494166681386171
[2021-09-24 20:35:56] epoch 169: train_loss: 0.0757945325147389, valid_loss: 0.08256445191110726, train_nll: 5.247380687898934, valid_nll: 5.5844625518732345
[2021-09-24 20:36:20] epoch 170: train_loss: 0.07563525095283416, valid_loss: 0.08272771039218814, train_nll: 5.250999887686556, valid_nll: 5.571343987861288
[2021-09-24 20:36:45] epoch 171: train_loss: 0.0759099156218972, valid_loss: 0.082442863934018, train_nll: 5.276876065804695, valid_nll: 5.625568100489014
[2021-09-24 20:37:09] epoch 172: train_loss: 0.07721566550348324, valid_loss: 0.08293197335744346, train_nll: 5.364049955242583, valid_nll: 5.549935217557015
[2021-09-24 20:37:33] epoch 173: train_loss: 0.07576516610819078, valid_loss: 0.08220455494743806, train_nll: 5.2674900122603, valid_nll: 5.482876954994026
[2021-09-24 20:37:57] epoch 174: train_loss: 0.0758351044772008, valid_loss: 0.08346612978450678, train_nll: 5.265266783302412, valid_nll: 5.785353025031476
[2021-09-24 20:38:21] epoch 175: train_loss: 0.0769673808253875, valid_loss: 0.08939906966493086, train_nll: 5.27665167151705, valid_nll: 6.056850531418079
[2021-09-24 20:38:45] epoch 176: train_loss: 0.07584081584843629, valid_loss: 0.08299293172442251, train_nll: 5.284948853271887, valid_nll: 5.736029121253024
[2021-09-24 20:39:09] epoch 177: train_loss: 0.07627867113884168, valid_loss: 0.08239881269357822, train_nll: 5.288946764392694, valid_nll: 5.668123931626205
[2021-09-24 20:39:33] epoch 178: train_loss: 0.07575974287820682, valid_loss: 0.08249497330851024, train_nll: 5.2718965386626016, valid_nll: 5.775427245447347
[2021-09-24 20:39:57] epoch 179: train_loss: 0.07715307381039642, valid_loss: 0.08345189759576763, train_nll: 5.367114271798902, valid_nll: 5.806211755420589
[2021-09-24 20:40:21] epoch 180: train_loss: 0.07645714284233635, valid_loss: 0.0840872883313784, train_nll: 5.278247602443576, valid_nll: 5.855504362521406
[2021-09-24 20:40:45] epoch 181: train_loss: 0.07604210220014264, valid_loss: 0.0826864867505652, train_nll: 5.253974666366588, valid_nll: 5.5735999562381915
[2021-09-24 20:41:09] epoch 182: train_loss: 0.0766356038196254, valid_loss: 0.08367532660011892, train_nll: 5.312482796308246, valid_nll: 5.742110284007914
[2021-09-24 20:41:33] epoch 183: train_loss: 0.07598910866952181, valid_loss: 0.08315343782305717, train_nll: 5.270528038332725, valid_nll: 5.620275328171452
[2021-09-24 20:41:58] epoch 184: train_loss: 0.07601499606549512, valid_loss: 0.0859602684913962, train_nll: 5.286997628838136, valid_nll: 6.06592332142313
[2021-09-24 20:42:21] epoch 185: train_loss: 0.07849321036443171, valid_loss: 0.08424622349579025, train_nll: 5.472305397935956, valid_nll: 5.7714237853073085
[2021-09-24 20:42:46] epoch 186: train_loss: 0.07669992464103999, valid_loss: 0.08477450469163833, train_nll: 5.316110516256307, valid_nll: 5.885271714819282
[2021-09-24 20:43:10] epoch 187: train_loss: 0.0768748534850435, valid_loss: 0.08305368983635196, train_nll: 5.31380034137327, valid_nll: 5.626230764469838
[2021-09-24 20:43:34] epoch 188: train_loss: 0.07649806280485319, valid_loss: 0.08410900922285186, train_nll: 5.32999813930945, valid_nll: 5.785901034042813
[2021-09-24 20:43:58] epoch 189: train_loss: 0.07674808805197023, valid_loss: 0.08369802901590312, train_nll: 5.302407659290185, valid_nll: 5.8382551027481275
[2021-09-24 20:44:22] epoch 190: train_loss: 0.07652316538204673, valid_loss: 0.0833791394614511, train_nll: 5.32710250722938, valid_nll: 5.89972902398166
[2021-09-24 20:44:46] epoch 191: train_loss: 0.07582889793917025, valid_loss: 0.08353004968138757, train_nll: 5.261525765404983, valid_nll: 6.135410955424922
[2021-09-24 20:45:10] epoch 192: train_loss: 0.0756918514709038, valid_loss: 0.08373165890160535, train_nll: 5.252544289938479, valid_nll: 5.741567518704741
[2021-09-24 20:45:34] epoch 193: train_loss: 0.07623632911251474, valid_loss: 0.0837761953542078, train_nll: 5.299172049760867, valid_nll: 5.885810725909981
[2021-09-24 20:45:58] epoch 194: train_loss: 0.07603884519802989, valid_loss: 0.08288551205424247, train_nll: 5.2654983654018634, valid_nll: 5.83920922419027
[2021-09-24 20:46:22] epoch 195: train_loss: 0.07592520888233628, valid_loss: 0.08308456153781325, train_nll: 5.275564115826736, valid_nll: 5.481755045602466
[2021-09-24 20:46:47] epoch 196: train_loss: 0.0768659703419295, valid_loss: 0.0864657349401602, train_nll: 5.346619977407636, valid_nll: 6.172669064649454
[2021-09-24 20:47:10] epoch 197: train_loss: 0.07942666589524171, valid_loss: 0.08751044771461575, train_nll: 5.492402521819615, valid_nll: 6.164316008195436
[2021-09-24 20:47:35] epoch 198: train_loss: 0.08127886337363197, valid_loss: 0.08749426545368301, train_nll: 5.580786411538063, valid_nll: 6.276190016374147
[2021-09-24 20:47:59] epoch 199: train_loss: 0.08065148458979626, valid_loss: 0.08532375994793795, train_nll: 5.537353300532033, valid_nll: 6.046877020838416
[2021-09-24 20:48:25] epoch 200: train_loss: 0.07871288018130505, valid_loss: 0.08599051213650792, train_nll: 5.4228915971185625, valid_nll: 5.9298074401397445
[2021-09-24 20:48:49] epoch 201: train_loss: 0.08009223842047837, valid_loss: 0.08658443165736066, train_nll: 5.53040341448344, valid_nll: 6.214742402053866
[2021-09-24 20:49:13] epoch 202: train_loss: 0.07883860810681154, valid_loss: 0.08417304454854241, train_nll: 5.434095249074374, valid_nll: 5.933828854289594
[2021-09-24 20:49:37] epoch 203: train_loss: 0.0797317493937995, valid_loss: 0.08593251574094649, train_nll: 5.484513005690456, valid_nll: 5.903329935768735
[2021-09-24 20:50:01] epoch 204: train_loss: 0.07829716234318627, valid_loss: 0.08392840185099178, train_nll: 5.39065518776501, valid_nll: 5.601595752229416
[2021-09-24 20:50:25] epoch 205: train_loss: 0.07782816256304051, valid_loss: 0.08483166641521234, train_nll: 5.366523233277481, valid_nll: 5.98138508331513
[2021-09-24 20:50:49] epoch 206: train_loss: 0.07726542651831023, valid_loss: 0.08343370066334804, train_nll: 5.333020560553694, valid_nll: 5.7181738346259605
[2021-09-24 20:51:14] epoch 207: train_loss: 0.0772920805936011, valid_loss: 0.08621070695420106, train_nll: 5.3713912866659275, valid_nll: 5.8417211871954
[2021-09-24 20:51:38] epoch 208: train_loss: 0.07821716905308475, valid_loss: 0.08470797598775891, train_nll: 5.390938023344011, valid_nll: 5.857791086260154
[2021-09-24 20:52:02] epoch 209: train_loss: 0.07859487454264731, valid_loss: 0.0849819107119132, train_nll: 5.4500767928136655, valid_nll: 6.021408253921143
[2021-09-24 20:52:26] epoch 210: train_loss: 0.07843520940736448, valid_loss: 0.08530665046224992, train_nll: 5.368398486438064, valid_nll: 5.752109171512542
[2021-09-24 20:52:50] epoch 211: train_loss: 0.07850197541264405, valid_loss: 0.0853261491421748, train_nll: 5.43816463787823, valid_nll: 5.912142368853164
[2021-09-24 20:53:14] epoch 212: train_loss: 0.0791707843211515, valid_loss: 0.08806670444017207, train_nll: 5.464020496982027, valid_nll: 6.114187537114576
[2021-09-24 20:53:38] epoch 213: train_loss: 0.0797118283577178, valid_loss: 0.08735908027738333, train_nll: 5.47802344523722, valid_nll: 6.235597219584901
[2021-09-24 20:54:02] epoch 214: train_loss: 0.0794867327763834, valid_loss: 0.08671618130885893, train_nll: 5.470979937056055, valid_nll: 5.947275686529525
[2021-09-24 20:54:26] epoch 215: train_loss: 0.0792190970458403, valid_loss: 0.08641316023551755, train_nll: 5.475599247324998, valid_nll: 6.233982627497433
[2021-09-24 20:54:51] epoch 216: train_loss: 0.0786688045584348, valid_loss: 0.08482325609635424, train_nll: 5.457898007775798, valid_nll: 5.8376721776677405
[2021-09-24 20:55:15] epoch 217: train_loss: 0.0781825264339968, valid_loss: 0.0840704470389971, train_nll: 5.401614189826144, valid_nll: 5.818708042577865
[2021-09-24 20:55:39] epoch 218: train_loss: 0.07918492045772496, valid_loss: 0.08680585655901167, train_nll: 5.4403347785007155, valid_nll: 6.29926111834934
[2021-09-24 20:56:03] epoch 219: train_loss: 0.08018951109816669, valid_loss: 0.09016292934064511, train_nll: 5.525260224195521, valid_nll: 5.998149969894642
[2021-09-24 20:56:27] epoch 220: train_loss: 0.08001241016109253, valid_loss: 0.08785122793029856, train_nll: 5.529465916089748, valid_nll: 6.128055373417843
[2021-09-24 20:56:51] epoch 221: train_loss: 0.07925433621791597, valid_loss: 0.0882887487679168, train_nll: 5.458086962097271, valid_nll: 5.974641733347316
[2021-09-24 20:57:15] epoch 222: train_loss: 0.0795421895858981, valid_loss: 0.08729135892871354, train_nll: 5.488523401366813, valid_nll: 6.096964238244608
[2021-09-24 20:57:39] epoch 223: train_loss: 0.0793011243657728, valid_loss: 0.08535272806744884, train_nll: 5.456591951388028, valid_nll: 5.636177596731931
[2021-09-24 20:58:03] epoch 224: train_loss: 0.07947321715658061, valid_loss: 0.0851627504453063, train_nll: 5.465057640427098, valid_nll: 5.813028166306218
[2021-09-24 20:58:27] epoch 225: train_loss: 0.07935362521253299, valid_loss: 0.08597075713591443, train_nll: 5.5021736871989715, valid_nll: 5.633002926067647
[2021-09-24 20:58:51] epoch 226: train_loss: 0.07888493611200051, valid_loss: 0.08484916133047254, train_nll: 5.408339916281446, valid_nll: 5.626732491627354
[2021-09-24 20:59:15] epoch 227: train_loss: 0.07898809333182587, valid_loss: 0.08750632545324387, train_nll: 5.426307942983644, valid_nll: 6.053460923940325
[2021-09-24 20:59:39] epoch 228: train_loss: 0.07947027297399029, valid_loss: 0.08699668799699456, train_nll: 5.467886978890096, valid_nll: 5.981833892098295
[2021-09-24 21:00:03] epoch 229: train_loss: 0.08001707774722053, valid_loss: 0.08767277314845058, train_nll: 5.538359738387028, valid_nll: 5.846942835862976
[2021-09-24 21:00:27] epoch 230: train_loss: 0.08040125120985712, valid_loss: 0.08661622358141122, train_nll: 5.531276864653689, valid_nll: 5.731723183876837
[2021-09-24 21:00:52] epoch 231: train_loss: 0.08027663093259316, valid_loss: 0.08671966215112695, train_nll: 5.493710495304093, valid_nll: 5.902404284379119
[2021-09-24 21:01:16] epoch 232: train_loss: 0.08019596251893703, valid_loss: 0.0871071066500412, train_nll: 5.506300230739285, valid_nll: 5.871623890788351
[2021-09-24 21:01:40] epoch 233: train_loss: 0.08128713606323563, valid_loss: 0.08671541494075899, train_nll: 5.512876347907948, valid_nll: 6.011922492232977
[2021-09-24 21:02:04] epoch 234: train_loss: 0.07992321360884731, valid_loss: 0.08610454543183248, train_nll: 5.542240414844614, valid_nll: 5.852014446789518
[2021-09-24 21:02:28] epoch 235: train_loss: 0.07983682909802683, valid_loss: 0.08625048521078295, train_nll: 5.536108931252228, valid_nll: 5.792562223964037
[2021-09-24 21:02:52] epoch 236: train_loss: 0.07991943803957116, valid_loss: 0.08735024218482, train_nll: 5.543544209269757, valid_nll: 5.887338225808625
[2021-09-24 21:03:16] epoch 237: train_loss: 0.08018241460321343, valid_loss: 0.08649315736084073, train_nll: 5.537296638714523, valid_nll: 5.925546290966247
[2021-09-24 21:03:40] epoch 238: train_loss: 0.08028941148117127, valid_loss: 0.08810029652107645, train_nll: 5.548186118105858, valid_nll: 6.040402753207101
[2021-09-24 21:04:11] epoch 239: train_loss: 0.08177370194679852, valid_loss: 0.0955945197906759, train_nll: 5.6440431490874365, valid_nll: 6.050322735393287
[2021-09-24 21:04:36] epoch 240: train_loss: 0.0829077803561791, valid_loss: 0.08837278522551059, train_nll: 5.624703146416485, valid_nll: 6.1057501714185145
[2021-09-24 21:05:00] epoch 241: train_loss: 0.08141531787798491, valid_loss: 0.08717509721992192, train_nll: 5.631142917647681, valid_nll: 5.567426799994871
[2021-09-24 21:05:24] epoch 242: train_loss: 0.08019629572447076, valid_loss: 0.08696604298634661, train_nll: 5.506333776098311, valid_nll: 6.0806029193022155
[2021-09-24 21:05:48] epoch 243: train_loss: 0.08033938602124917, valid_loss: 0.08604447310445486, train_nll: 5.502892070209124, valid_nll: 5.7973664369862465
[2021-09-24 21:06:12] epoch 244: train_loss: 0.08002465499657427, valid_loss: 0.08758676993074241, train_nll: 5.527456085349385, valid_nll: 6.021171242559946
[2021-09-24 21:06:36] epoch 245: train_loss: 0.07998474492364428, valid_loss: 0.086892118587814, train_nll: 5.5408406209532135, valid_nll: 5.73013631561656
[2021-09-24 21:07:00] epoch 246: train_loss: 0.0804067662017747, valid_loss: 0.0870576040957261, train_nll: 5.5351115966921105, valid_nll: 5.806794592682602
[2021-09-24 21:07:26] epoch 247: train_loss: 0.08087587328840985, valid_loss: 0.08752872423717269, train_nll: 5.536770706501668, valid_nll: 5.722280556524789
[2021-09-24 21:07:49] epoch 248: train_loss: 0.08140780416651423, valid_loss: 0.08670811662795368, train_nll: 5.602908756848331, valid_nll: 5.871186198832711
[2021-09-24 21:08:14] epoch 249: train_loss: 0.08005614132791018, valid_loss: 0.08596343004179222, train_nll: 5.49989485619639, valid_nll: 5.632702575772243
[2021-09-24 21:08:37] epoch 250: train_loss: 0.0795965354893186, valid_loss: 0.08690445049217453, train_nll: 5.4582972210488165, valid_nll: 5.907748572100914
[2021-09-24 21:09:01] epoch 251: train_loss: 0.07976598231093461, valid_loss: 0.08544201434900363, train_nll: 5.46542213852923, valid_nll: 5.65666646437967
[2021-09-24 21:09:26] epoch 252: train_loss: 0.0789629137747786, valid_loss: 0.08503682219457848, train_nll: 5.418720360997428, valid_nll: 5.7838192177234395
[2021-09-24 21:09:50] epoch 253: train_loss: 0.07883709733985819, valid_loss: 0.08594419171826707, train_nll: 5.426617444431222, valid_nll: 5.77232460016432
[2021-09-24 21:10:14] epoch 254: train_loss: 0.07936994622297983, valid_loss: 0.08616160922166374, train_nll: 5.453375138509067, valid_nll: 5.82431579641556
[2021-09-24 21:10:38] epoch 255: train_loss: 0.0789973606348379, valid_loss: 0.0861970133251614, train_nll: 5.442548358166295, valid_nll: 5.872301421284358
[2021-09-24 21:11:02] epoch 256: train_loss: 0.07989333202273279, valid_loss: 0.08510467879198215, train_nll: 5.4620592483394415, valid_nll: 5.6367883492485715
[2021-09-24 21:11:26] epoch 257: train_loss: 0.0786384588679768, valid_loss: 0.08432102462759725, train_nll: 5.401944170833128, valid_nll: 5.5370096463840826
[2021-09-24 21:11:50] epoch 258: train_loss: 0.07832015589775361, valid_loss: 0.08566849362795, train_nll: 5.406769405414849, valid_nll: 5.860089895321826
[2021-09-24 21:12:14] epoch 259: train_loss: 0.07830562254321541, valid_loss: 0.08439187478550055, train_nll: 5.384514268055629, valid_nll: 5.825219716958808
[2021-09-24 21:12:38] epoch 260: train_loss: 0.07824822267844476, valid_loss: 0.08537777540860353, train_nll: 5.3964806169008135, valid_nll: 5.76898788972964
[2021-09-24 21:13:03] epoch 261: train_loss: 0.07883415431964375, valid_loss: 0.08441971775006366, train_nll: 5.3559053798494345, valid_nll: 5.904446997512082
[2021-09-24 21:13:27] epoch 262: train_loss: 0.07750520904420498, valid_loss: 0.08500426729658135, train_nll: 5.355857042708578, valid_nll: 5.707255729004881
[2021-09-24 21:13:50] epoch 263: train_loss: 0.07820838010507344, valid_loss: 0.08515993518133959, train_nll: 5.424818753913586, valid_nll: 5.797756306064876
[2021-09-24 21:14:15] epoch 264: train_loss: 0.07822858440718179, valid_loss: 0.08572407057163892, train_nll: 5.383646233262533, valid_nll: 6.020824405778208
[2021-09-24 21:14:39] epoch 265: train_loss: 0.07806541423405741, valid_loss: 0.08553079681953898, train_nll: 5.370246170382481, valid_nll: 5.96487081828287
[2021-09-24 21:15:03] epoch 266: train_loss: 0.07785964224004109, valid_loss: 0.08505479856221765, train_nll: 5.349219142849367, valid_nll: 5.9380760256587894
[2021-09-24 21:15:27] epoch 267: train_loss: 0.07758192628095964, valid_loss: 0.0851285824759139, train_nll: 5.356063521780752, valid_nll: 5.834165157668096
[2021-09-24 21:15:51] epoch 268: train_loss: 0.07714270047651504, valid_loss: 0.08551763947363253, train_nll: 5.332994933036333, valid_nll: 6.0329483719259915
[2021-09-24 21:16:15] epoch 269: train_loss: 0.07755568442788004, valid_loss: 0.08508108308607781, train_nll: 5.343875066409233, valid_nll: 5.923452978196487
[2021-09-24 21:16:42] epoch 270: train_loss: 0.07806461801901744, valid_loss: 0.08659976534545422, train_nll: 5.397354867648764, valid_nll: 6.122634662008551
[2021-09-24 21:17:06] epoch 271: train_loss: 0.07842070673137391, valid_loss: 0.08531412013840896, train_nll: 5.405822705345169, valid_nll: 5.886956030449259
[2021-09-24 21:17:29] epoch 272: train_loss: 0.07966832991668116, valid_loss: 0.08712661106967264, train_nll: 5.539402341019073, valid_nll: 6.041727132619481
[2021-09-24 21:17:53] epoch 273: train_loss: 0.08143136032167396, valid_loss: 0.0897213221838077, train_nll: 5.578351966083926, valid_nll: 6.421297333864403
[2021-09-24 21:18:17] epoch 274: train_loss: 0.08152771935947524, valid_loss: 0.08745981873599468, train_nll: 5.580475738318097, valid_nll: 5.683541076889167
[2021-09-24 21:18:41] epoch 275: train_loss: 0.08191295214111113, valid_loss: 0.08729962365770781, train_nll: 5.592154622597307, valid_nll: 5.741899621576121
[2021-09-24 21:19:05] epoch 276: train_loss: 0.08226964824107824, valid_loss: 0.08949371182394249, train_nll: 5.644824953672995, valid_nll: 6.0037248920338175
[2021-09-24 21:19:29] epoch 277: train_loss: 0.08403409091322078, valid_loss: 0.08959520431580367, train_nll: 5.746488645074628, valid_nll: 5.682006542470836
[2021-09-24 21:19:53] epoch 278: train_loss: 0.08228354917426828, valid_loss: 0.08836430754098627, train_nll: 5.643522125242706, valid_nll: 6.049124679251463
[2021-09-24 21:20:17] epoch 279: train_loss: 0.08213452722891483, valid_loss: 0.0891913335563408, train_nll: 5.646200265966173, valid_nll: 6.060857021615281
[2021-09-24 21:20:41] epoch 280: train_loss: 0.08184869382494904, valid_loss: 0.08771258409790418, train_nll: 5.62714924561034, valid_nll: 6.036612064155647
[2021-09-24 21:21:05] epoch 281: train_loss: 0.08098426580478843, valid_loss: 0.08824248402896855, train_nll: 5.562922820506731, valid_nll: 5.8554004504818575
[2021-09-24 21:21:29] epoch 282: train_loss: 0.08096350011245156, valid_loss: 0.08702255244608278, train_nll: 5.544095096515326, valid_nll: 5.983593223828492
[2021-09-24 21:21:53] epoch 283: train_loss: 0.08053137253763737, valid_loss: 0.0866132019225646, train_nll: 5.556269899577404, valid_nll: 5.95871629532588
[2021-09-24 21:22:17] epoch 284: train_loss: 0.08063758699799255, valid_loss: 0.08685333608063282, train_nll: 5.536750862952503, valid_nll: 6.034207968895385
[2021-09-24 21:22:41] epoch 285: train_loss: 0.07982066505986714, valid_loss: 0.0863831450127893, train_nll: 5.476062724487384, valid_nll: 6.101910648055066
[2021-09-24 21:23:05] epoch 286: train_loss: 0.07994525127631846, valid_loss: 0.08609790957222382, train_nll: 5.503888721573796, valid_nll: 5.961254006937323
[2021-09-24 21:23:29] epoch 287: train_loss: 0.08051149056911583, valid_loss: 0.08717065436972513, train_nll: 5.535015407974442, valid_nll: 6.04774986752815
[2021-09-24 21:23:53] epoch 288: train_loss: 0.08053312785674654, valid_loss: 0.0872410016272355, train_nll: 5.523796878593278, valid_nll: 6.0501374744497465
[2021-09-24 21:24:17] epoch 289: train_loss: 0.0798975670486262, valid_loss: 0.08561010663570078, train_nll: 5.486884978917088, valid_nll: 5.846077430002974
[2021-09-24 21:24:41] epoch 290: train_loss: 0.078926645347294, valid_loss: 0.08538506621563877, train_nll: 5.438492208382349, valid_nll: 5.8546802499513015
[2021-09-24 21:25:05] epoch 291: train_loss: 0.07892388283658971, valid_loss: 0.08531232321703876, train_nll: 5.40776160199505, valid_nll: 5.678045841938241
[2021-09-24 21:25:29] epoch 292: train_loss: 0.07880955749326421, valid_loss: 0.08495412691047897, train_nll: 5.393170035777291, valid_nll: 5.895917027662061
[2021-09-24 21:25:53] epoch 293: train_loss: 0.07878214163343131, valid_loss: 0.08591089072050871, train_nll: 5.39765179978204, valid_nll: 5.903466745993901
[2021-09-24 21:26:19] epoch 294: train_loss: 0.07846877594186946, valid_loss: 0.08551495296673642, train_nll: 5.399350114731229, valid_nll: 5.988056054319605
[2021-09-24 21:26:43] epoch 295: train_loss: 0.07828011119894626, valid_loss: 0.08485161355800099, train_nll: 5.387211944131628, valid_nll: 5.870962301682283
[2021-09-24 21:27:07] epoch 296: train_loss: 0.0781327426693054, valid_loss: 0.08442031634212643, train_nll: 5.387340786132795, valid_nll: 5.921379669640088
[2021-09-24 21:27:32] epoch 297: train_loss: 0.07795106002684142, valid_loss: 0.08479536488928177, train_nll: 5.3801413402662295, valid_nll: 5.697059422559699
[2021-09-24 21:27:56] epoch 298: train_loss: 0.07804892172695685, valid_loss: 0.08463184828697531, train_nll: 5.373898615018703, valid_nll: 5.834589874758844
[2021-09-24 21:28:19] epoch 299: train_loss: 0.07799303733374043, valid_loss: 0.0842219707245628, train_nll: 5.384221457292261, valid_nll: 5.79704425066558
[2021-09-24 21:28:44] epoch 300: train_loss: 0.07764910525315306, valid_loss: 0.08452739675563795, train_nll: 5.366867270696627, valid_nll: 5.821890497680901
[2021-09-24 21:29:08] epoch 301: train_loss: 0.07780591211502107, valid_loss: 0.0841663755407488, train_nll: 5.350738665909455, valid_nll: 5.681032039408706
[2021-09-24 21:29:32] epoch 302: train_loss: 0.07776241337894711, valid_loss: 0.08465960981945196, train_nll: 5.360142563037927, valid_nll: 5.731584050019928
[2021-09-24 21:29:56] epoch 303: train_loss: 0.07769285820829788, valid_loss: 0.0859019946306944, train_nll: 5.37327062755952, valid_nll: 5.960048449296289
[2021-09-24 21:30:20] epoch 304: train_loss: 0.07869721452691343, valid_loss: 0.08779602578530708, train_nll: 5.427453911383694, valid_nll: 6.108046638102775
[2021-09-24 21:30:44] epoch 305: train_loss: 0.08069256285226811, valid_loss: 0.08591132402006123, train_nll: 5.469708646161999, valid_nll: 5.93422008321407
[2021-09-24 21:31:08] epoch 306: train_loss: 0.07830117886018662, valid_loss: 0.08531271224772488, train_nll: 5.406781983101348, valid_nll: 6.02908855559202
[2021-09-24 21:31:32] epoch 307: train_loss: 0.07795750959207595, valid_loss: 0.08479349900864892, train_nll: 5.413898350385871, valid_nll: 5.879269382769534
[2021-09-24 21:31:56] epoch 308: train_loss: 0.07833724671562436, valid_loss: 0.08680022813517738, train_nll: 5.4146285655243425, valid_nll: 6.1093217468815775
[2021-09-24 21:32:20] epoch 309: train_loss: 0.07885845001424371, valid_loss: 0.08583474544187387, train_nll: 5.454164715175092, valid_nll: 5.859582886780125
[2021-09-24 21:32:44] epoch 310: train_loss: 0.07899310271867074, valid_loss: 0.08580390312881381, train_nll: 5.462099594537814, valid_nll: 5.8122180679236335
[2021-09-24 21:33:08] epoch 311: train_loss: 0.0783617026421405, valid_loss: 0.08480180534361689, train_nll: 5.402619870094748, valid_nll: 5.828231353685891
[2021-09-24 21:33:32] epoch 312: train_loss: 0.07914902839297784, valid_loss: 0.08663770877928645, train_nll: 5.455677230690654, valid_nll: 6.165334876528435
[2021-09-24 21:33:56] epoch 313: train_loss: 0.079081395074, valid_loss: 0.08605614325238599, train_nll: 5.4559840127098695, valid_nll: 5.929013103631933
[2021-09-24 21:34:20] epoch 314: train_loss: 0.07897752178797342, valid_loss: 0.0854304953581757, train_nll: 5.4745562058658805, valid_nll: 5.763987790663864
[2021-09-24 21:34:45] epoch 315: train_loss: 0.07829922672986757, valid_loss: 0.08478324022833948, train_nll: 5.419385595277768, valid_nll: 5.593285206979656
[2021-09-24 21:35:09] epoch 316: train_loss: 0.0782979768771991, valid_loss: 0.08430764436445855, train_nll: 5.4237733488951525, valid_nll: 5.714055985372484
[2021-09-24 21:35:35] epoch 317: train_loss: 0.07815972905968607, valid_loss: 0.08490585864142135, train_nll: 5.415540810896688, valid_nll: 5.6224610605934755
[2021-09-24 21:35:59] epoch 318: train_loss: 0.07846361151114391, valid_loss: 0.08453703243285418, train_nll: 5.416819628625861, valid_nll: 5.81950477188247
[2021-09-24 21:36:23] epoch 319: train_loss: 0.07871211096928775, valid_loss: 0.0848450428702765, train_nll: 5.441178108090107, valid_nll: 5.735191044730096
[2021-09-24 21:36:47] epoch 320: train_loss: 0.0787557378102037, valid_loss: 0.0862051071530139, train_nll: 5.415133918144067, valid_nll: 6.045669604236582
[2021-09-24 21:37:11] epoch 321: train_loss: 0.0806035342740023, valid_loss: 0.08751470474181351, train_nll: 5.5381694167782, valid_nll: 6.012428345284316
[2021-09-24 21:37:35] epoch 322: train_loss: 0.08107793511901022, valid_loss: 0.09172314995968783, train_nll: 5.601253086655375, valid_nll: 5.983129478718691
[2021-09-24 21:37:58] epoch 323: train_loss: 0.08160203338941943, valid_loss: 0.08769677836034033, train_nll: 5.585139906331665, valid_nll: 6.384333975428792
[2021-09-24 21:38:23] epoch 324: train_loss: 0.07975296854069953, valid_loss: 0.08539373202042447, train_nll: 5.528932756020416, valid_nll: 5.771302893663313
[2021-09-24 21:38:47] epoch 325: train_loss: 0.07892507594611979, valid_loss: 0.0846954904841604, train_nll: 5.445005638838576, valid_nll: 5.8162081444878115
[2021-09-24 21:39:10] epoch 326: train_loss: 0.07873566398389979, valid_loss: 0.0848823790266006, train_nll: 5.456826158046532, valid_nll: 5.808826714143774
[2021-09-24 21:39:35] epoch 327: train_loss: 0.07836154509044274, valid_loss: 0.08525774212623084, train_nll: 5.418986756426707, valid_nll: 5.6989557500325345
[2021-09-24 21:39:59] epoch 328: train_loss: 0.07854125420171909, valid_loss: 0.08454279914774276, train_nll: 5.451116959607986, valid_nll: 5.792245893771583
[2021-09-24 21:40:23] epoch 329: train_loss: 0.07823777147248842, valid_loss: 0.08487555543995566, train_nll: 5.430714205646148, valid_nll: 5.863148355126179
[2021-09-24 21:40:47] epoch 330: train_loss: 0.07809496953557352, valid_loss: 0.08456052963242487, train_nll: 5.429535497866946, valid_nll: 5.787926117105884
[2021-09-24 21:41:11] epoch 331: train_loss: 0.07755785396159093, valid_loss: 0.08445945319340185, train_nll: 5.360244309514665, valid_nll: 5.723373128299533
[2021-09-24 21:41:35] epoch 332: train_loss: 0.07763197962265775, valid_loss: 0.08431677833475448, train_nll: 5.39000130969958, valid_nll: 5.568089312348173
[2021-09-24 21:41:59] epoch 333: train_loss: 0.07810830192299176, valid_loss: 0.08453785310740825, train_nll: 5.416624497540614, valid_nll: 5.58734339868956
[2021-09-24 21:42:23] epoch 334: train_loss: 0.07776462354249399, valid_loss: 0.08483150591728864, train_nll: 5.378738108944821, valid_nll: 5.575078755814814
[2021-09-24 21:42:47] epoch 335: train_loss: 0.07818270483025784, valid_loss: 0.08496989571937809, train_nll: 5.396576409350078, valid_nll: 5.858012873830359
[2021-09-24 21:43:11] epoch 336: train_loss: 0.07776785905309419, valid_loss: 0.08501401931323387, train_nll: 5.3907080863228165, valid_nll: 5.72874576270335
[2021-09-24 21:43:35] epoch 337: train_loss: 0.07745662735213475, valid_loss: 0.08503871244826802, train_nll: 5.380219721741705, valid_nll: 5.879397228779328
[2021-09-24 21:43:59] epoch 338: train_loss: 0.07754174971825066, valid_loss: 0.08418412763901331, train_nll: 5.388651491865073, valid_nll: 5.886774720778566
[2021-09-24 21:44:23] epoch 339: train_loss: 0.07739770875440356, valid_loss: 0.08529599804293227, train_nll: 5.358225332745361, valid_nll: 5.70250231701997
[2021-09-24 21:44:47] epoch 340: train_loss: 0.08036950257258448, valid_loss: 0.08472757823765278, train_nll: 5.443140904076852, valid_nll: 5.818236172190592
[2021-09-24 21:45:26] epoch 341: train_loss: 0.07770220530645935, valid_loss: 0.08505701477190962, train_nll: 5.365115358360628, valid_nll: 5.975620100695006
[2021-09-24 21:45:50] epoch 342: train_loss: 0.07789761901171949, valid_loss: 0.08476634940339459, train_nll: 5.394796506050434, valid_nll: 5.847705134731377
[2021-09-24 21:46:14] epoch 343: train_loss: 0.07763222416237224, valid_loss: 0.0838544945060103, train_nll: 5.357127990919411, valid_nll: 5.657155663059283
[2021-09-24 21:46:38] epoch 344: train_loss: 0.07728928419626283, valid_loss: 0.08404525628106461, train_nll: 5.344809817997324, valid_nll: 5.850557618613279
[2021-09-24 21:47:02] epoch 345: train_loss: 0.07751526091717013, valid_loss: 0.08466185477596742, train_nll: 5.347358323309738, valid_nll: 5.586903400924413
[2021-09-24 21:47:26] epoch 346: train_loss: 0.07745221719849599, valid_loss: 0.08468776152779658, train_nll: 5.347387843516758, valid_nll: 5.887131110371183
[2021-09-24 21:47:50] epoch 347: train_loss: 0.07776793207304965, valid_loss: 0.08512963587073265, train_nll: 5.372658174692488, valid_nll: 5.937785655907931
[2021-09-24 21:48:14] epoch 348: train_loss: 0.07795840258823836, valid_loss: 0.08570976717466558, train_nll: 5.397484668414606, valid_nll: 5.976832068985122
[2021-09-24 21:48:38] epoch 349: train_loss: 0.07824898760531183, valid_loss: 0.08473540685932945, train_nll: 5.4164549158867885, valid_nll: 5.909218992271599
[2021-09-24 21:49:02] epoch 350: train_loss: 0.0776226336833175, valid_loss: 0.08403329908571862, train_nll: 5.356979573291078, valid_nll: 5.682256285649643
[2021-09-24 21:49:26] epoch 351: train_loss: 0.0775576617732246, valid_loss: 0.08577592459127859, train_nll: 5.3799628395799175, valid_nll: 5.898426498601466
[2021-09-24 21:49:50] epoch 352: train_loss: 0.07741017874244971, valid_loss: 0.08533748013001902, train_nll: 5.348778170343657, valid_nll: 5.967660622376271
[2021-09-24 21:50:14] epoch 353: train_loss: 0.07838172393580828, valid_loss: 0.086597061674628, train_nll: 5.429850971731209, valid_nll: 6.156376504078525
[2021-09-24 21:50:38] epoch 354: train_loss: 0.08228752683521114, valid_loss: 0.08821922099148785, train_nll: 5.702177218018733, valid_nll: 5.869215545247987
[2021-09-24 21:51:02] epoch 355: train_loss: 0.08075446810729744, valid_loss: 0.08583465580035139, train_nll: 5.643765845776739, valid_nll: 5.617073847046489
[2021-09-24 21:51:26] epoch 356: train_loss: 0.08083194567829029, valid_loss: 0.08756934153950877, train_nll: 5.561530913544568, valid_nll: 6.318639189924001
[2021-09-24 21:51:50] epoch 357: train_loss: 0.08038434578383072, valid_loss: 0.08655741032626894, train_nll: 5.557959059953957, valid_nll: 5.94777566350652
[2021-09-24 21:52:14] epoch 358: train_loss: 0.08578547603763526, valid_loss: 0.08757501190735234, train_nll: 5.618495896954726, valid_nll: 5.934983871208788
[2021-09-24 21:52:38] epoch 359: train_loss: 0.08102865295861457, valid_loss: 0.08869251078339639, train_nll: 5.626391240090164, valid_nll: 6.188993945891676
[2021-09-24 21:53:02] epoch 360: train_loss: 0.08292878303456454, valid_loss: 0.08931027948856354, train_nll: 5.753942988292036, valid_nll: 6.05973492328955
[2021-09-24 21:53:26] epoch 361: train_loss: 0.08287236977098439, valid_loss: 0.08830070802596984, train_nll: 5.754693109829615, valid_nll: 5.970638472206856
[2021-09-24 21:53:50] epoch 362: train_loss: 0.08235959125192167, valid_loss: 0.09128469214947135, train_nll: 5.723561501485256, valid_nll: 6.1321845557666
[2021-09-24 21:54:14] epoch 363: train_loss: 0.08144581013977642, valid_loss: 0.08777322349724946, train_nll: 5.6449180417856795, valid_nll: 5.911022758437715
[2021-09-24 21:54:40] epoch 364: train_loss: 0.08055835118950949, valid_loss: 0.08631098788507559, train_nll: 5.60270370459264, valid_nll: 5.884458298730492
[2021-09-24 21:55:04] epoch 365: train_loss: 0.07922498711903814, valid_loss: 0.08532879618858849, train_nll: 5.479484509696396, valid_nll: 5.791977040076827
[2021-09-24 21:55:28] epoch 366: train_loss: 0.07883629741374659, valid_loss: 0.08536456577065918, train_nll: 5.442565519030442, valid_nll: 5.776111458450794
[2021-09-24 21:55:52] epoch 367: train_loss: 0.07825912742427628, valid_loss: 0.08470954897089136, train_nll: 5.442326602940936, valid_nll: 5.976017323616081
[2021-09-24 21:56:16] epoch 368: train_loss: 0.07780127646223792, valid_loss: 0.08480270909214462, train_nll: 5.378818816943944, valid_nll: 5.986124045437342
[2021-09-24 21:56:40] epoch 369: train_loss: 0.07769790814144409, valid_loss: 0.08482952725004267, train_nll: 5.390048294792973, valid_nll: 5.981279936462417
[2021-09-24 21:57:04] epoch 370: train_loss: 0.07799928239191249, valid_loss: 0.08479961602500191, train_nll: 5.418230636324918, valid_nll: 5.978931208702647
[2021-09-24 21:57:28] epoch 371: train_loss: 0.07899775743512934, valid_loss: 0.0851248658089726, train_nll: 5.376736618074234, valid_nll: 5.972357313294181
[2021-09-24 21:57:52] epoch 372: train_loss: 0.07803591511581974, valid_loss: 0.08438653471983142, train_nll: 5.397471892484771, valid_nll: 5.85845752837034
[2021-09-24 21:58:16] epoch 373: train_loss: 0.0772352151000403, valid_loss: 0.08358588431168486, train_nll: 5.359269038051885, valid_nll: 5.600097141713734
[2021-09-24 21:58:40] epoch 374: train_loss: 0.07773328045354659, valid_loss: 0.08466097394487372, train_nll: 5.38267837299877, valid_nll: 5.694637327579747
[2021-09-24 21:59:04] epoch 375: train_loss: 0.07753983052546969, valid_loss: 0.08536622291775765, train_nll: 5.396267247549439, valid_nll: 5.687416184147632
[2021-09-24 21:59:28] epoch 376: train_loss: 0.0776756085430535, valid_loss: 0.08529673827881062, train_nll: 5.380923079164341, valid_nll: 5.7871962352227255
[2021-09-24 21:59:51] epoch 377: train_loss: 0.07782582361748769, valid_loss: 0.0845603792341771, train_nll: 5.366444466396411, valid_nll: 5.826040016863197
[2021-09-24 22:00:16] epoch 378: train_loss: 0.07770228999816166, valid_loss: 0.08622731517448469, train_nll: 5.356752425829037, valid_nll: 5.858424482712645
[2021-09-24 22:00:40] epoch 379: train_loss: 0.07779937856013083, valid_loss: 0.08439382635470893, train_nll: 5.368293713306852, valid_nll: 5.76637950168629
[2021-09-24 22:01:04] epoch 380: train_loss: 0.07731005231465946, valid_loss: 0.08413884017478537, train_nll: 5.3414662365455845, valid_nll: 5.831037321531637
[2021-09-24 22:01:28] epoch 381: train_loss: 0.07765718822132882, valid_loss: 0.08371705043095129, train_nll: 5.429199042493425, valid_nll: 5.629815997583356
[2021-09-24 22:01:52] epoch 382: train_loss: 0.07868706298821414, valid_loss: 0.08639891071727983, train_nll: 5.467385981212105, valid_nll: 5.766471471442521
[2021-09-24 22:02:15] epoch 383: train_loss: 0.08088462558781145, valid_loss: 0.08884801870832841, train_nll: 5.666942488010139, valid_nll: 5.577389175647744
[2021-09-24 22:02:40] epoch 384: train_loss: 0.08058769687235298, valid_loss: 0.08653268420171958, train_nll: 5.5835025487022385, valid_nll: 6.195562508111426
[2021-09-24 22:03:03] epoch 385: train_loss: 0.07985153354398679, valid_loss: 0.08684604964046566, train_nll: 5.530116186404749, valid_nll: 5.916687571687867
[2021-09-24 22:03:27] epoch 386: train_loss: 0.08044367645980918, valid_loss: 0.08764192154975953, train_nll: 5.605960804569592, valid_nll: 5.894912929345608
[2021-09-24 22:03:52] epoch 387: train_loss: 0.08031042229796526, valid_loss: 0.08673718851059675, train_nll: 5.5419862318666855, valid_nll: 5.93531209742062
[2021-09-24 22:04:16] epoch 388: train_loss: 0.07940135469290478, valid_loss: 0.08597021309865846, train_nll: 5.495572921522125, valid_nll: 5.746923629494794
[2021-09-24 22:04:39] epoch 389: train_loss: 0.07967084689414171, valid_loss: 0.08704815857388355, train_nll: 5.505093257810882, valid_nll: 6.1494897109663995
[2021-09-24 22:05:03] epoch 390: train_loss: 0.07918240972225846, valid_loss: 0.0857139763870725, train_nll: 5.484482273865158, valid_nll: 5.7663470559823145
[2021-09-24 22:05:27] epoch 391: train_loss: 0.07850261749024325, valid_loss: 0.08694792768607537, train_nll: 5.44840628593771, valid_nll: 6.087768356703696
[2021-09-24 22:05:51] epoch 392: train_loss: 0.07910039994638157, valid_loss: 0.08647857975490668, train_nll: 5.48011383883134, valid_nll: 5.8378266970085715
[2021-09-24 22:06:15] epoch 393: train_loss: 0.07904894467805804, valid_loss: 0.08458942211474534, train_nll: 5.429382087213076, valid_nll: 5.598339334939012
[2021-09-24 22:06:39] epoch 394: train_loss: 0.07826968693025126, valid_loss: 0.08501839410789587, train_nll: 5.3903038959501455, valid_nll: 5.852534717383439
[2021-09-24 22:07:03] epoch 395: train_loss: 0.07797723643673683, valid_loss: 0.08531129576817707, train_nll: 5.390120895917291, valid_nll: 5.874720713371401
[2021-09-24 22:07:27] epoch 396: train_loss: 0.07801491731088182, valid_loss: 0.08514598034736183, train_nll: 5.408375029252519, valid_nll: 5.829578692478465
[2021-09-24 22:07:51] epoch 397: train_loss: 0.0785658456338925, valid_loss: 0.08572933227513675, train_nll: 5.492199412697074, valid_nll: 5.74524917223932
[2021-09-24 22:08:14] epoch 398: train_loss: 0.07842907272919103, valid_loss: 0.08593270322652878, train_nll: 5.4486122965293315, valid_nll: 5.9689803056756165
[2021-09-24 22:08:38] epoch 399: train_loss: 0.07855304913908129, valid_loss: 0.08618558120258428, train_nll: 5.476554866481733, valid_nll: 5.779378635477598
[2021-09-24 22:09:02] epoch 400: train_loss: 0.0779309484428719, valid_loss: 0.08538037043202806, train_nll: 5.377869525371358, valid_nll: 5.650721663708434
[2021-09-24 22:09:26] epoch 401: train_loss: 0.07858624414697232, valid_loss: 0.08527213458523707, train_nll: 5.4102766877847435, valid_nll: 6.038481761052342
[2021-09-24 22:09:51] epoch 402: train_loss: 0.07826317570577482, valid_loss: 0.08576345029804441, train_nll: 5.418325827689021, valid_nll: 5.811477865765326
[2021-09-24 22:10:15] epoch 403: train_loss: 0.07827045456399671, valid_loss: 0.08588636010471318, train_nll: 5.406167811396537, valid_nll: 5.768485462241356
[2021-09-24 22:10:38] epoch 404: train_loss: 0.07815056120735088, valid_loss: 0.08473425460634408, train_nll: 5.415677835360191, valid_nll: 5.803685648024039
[2021-09-24 22:11:03] epoch 405: train_loss: 0.07816647499877931, valid_loss: 0.08493604582768899, train_nll: 5.388690991664726, valid_nll: 5.734298881599096
[2021-09-24 22:11:27] epoch 406: train_loss: 0.07800669933825674, valid_loss: 0.08551407041786997, train_nll: 5.395709021246842, valid_nll: 5.8942227922493595
[2021-09-24 22:11:50] epoch 407: train_loss: 0.07848753395511676, valid_loss: 0.08662153792877993, train_nll: 5.4285386700391225, valid_nll: 5.907881937555643
[2021-09-24 22:12:15] epoch 408: train_loss: 0.07834180703614163, valid_loss: 0.08499397400904585, train_nll: 5.420850096784981, valid_nll: 5.854186382030523
[2021-09-24 22:12:39] epoch 409: train_loss: 0.07766389309513944, valid_loss: 0.08459813325079503, train_nll: 5.3668690978194995, valid_nll: 5.63784921738923
[2021-09-24 22:13:02] epoch 410: train_loss: 0.07748152487662457, valid_loss: 0.08510926053341893, train_nll: 5.372336054710821, valid_nll: 5.706528948560173
[2021-09-24 22:13:29] epoch 411: train_loss: 0.07806134952466849, valid_loss: 0.08555682730619554, train_nll: 5.386362076008343, valid_nll: 5.870153249732751
[2021-09-24 22:13:53] epoch 412: train_loss: 0.07819222308915706, valid_loss: 0.08465627493957678, train_nll: 5.3917555228073155, valid_nll: 5.656071794907425
[2021-09-24 22:14:17] epoch 413: train_loss: 0.07783311184047799, valid_loss: 0.08446410157614284, train_nll: 5.399117290510327, valid_nll: 5.52440540818838
[2021-09-24 22:14:41] epoch 414: train_loss: 0.07886808131686376, valid_loss: 0.08602376809274709, train_nll: 5.435935462898683, valid_nll: 5.987055168715149
[2021-09-24 22:15:05] epoch 415: train_loss: 0.0783726169286964, valid_loss: 0.08465034961010572, train_nll: 5.415434978086204, valid_nll: 5.678314721304405
[2021-09-24 22:15:29] epoch 416: train_loss: 0.07780200895455218, valid_loss: 0.08466982116439828, train_nll: 5.369038304100117, valid_nll: 5.532699512933248
[2021-09-24 22:15:53] epoch 417: train_loss: 0.07807456768466202, valid_loss: 0.0848331230727059, train_nll: 5.376156738042775, valid_nll: 5.711758888999996
[2021-09-24 22:16:17] epoch 418: train_loss: 0.0780147120928861, valid_loss: 0.08556923778658664, train_nll: 5.381196558166117, valid_nll: 5.796120863623377
[2021-09-24 22:16:41] epoch 419: train_loss: 0.07789100028880168, valid_loss: 0.08443975215432821, train_nll: 5.379952412156594, valid_nll: 5.557731139737796
[2021-09-24 22:17:05] epoch 420: train_loss: 0.07833339729460084, valid_loss: 0.08630824397421545, train_nll: 5.393802237873749, valid_nll: 5.893779038055501
[2021-09-24 22:17:29] epoch 421: train_loss: 0.07891964631773646, valid_loss: 0.08666683934215043, train_nll: 5.47572040745924, valid_nll: 5.645663329147306
[2021-09-24 22:17:53] epoch 422: train_loss: 0.07926064734311618, valid_loss: 0.08631322886104938, train_nll: 5.431013557566541, valid_nll: 5.878609670631189
[2021-09-24 22:18:17] epoch 423: train_loss: 0.07947941711314647, valid_loss: 0.08597682615121206, train_nll: 5.463209305119513, valid_nll: 5.851143542815859
[2021-09-24 22:18:41] epoch 424: train_loss: 0.07959190595589351, valid_loss: 0.08602136161730245, train_nll: 5.472702507020165, valid_nll: 5.704549803187847
[2021-09-24 22:19:04] epoch 425: train_loss: 0.0794548686017915, valid_loss: 0.08514586936820437, train_nll: 5.492451259430564, valid_nll: 5.71806823021273
[2021-09-24 22:19:29] epoch 426: train_loss: 0.07901429454973749, valid_loss: 0.08627811593727933, train_nll: 5.436012456717575, valid_nll: 5.989269350227794
[2021-09-24 22:19:53] epoch 427: train_loss: 0.07971661742456712, valid_loss: 0.0857354280228416, train_nll: 5.466979076142844, valid_nll: 5.571621405371336
[2021-09-24 22:20:17] epoch 428: train_loss: 0.07958457209276505, valid_loss: 0.08600210862027274, train_nll: 5.466594765902877, valid_nll: 5.872699986044358
[2021-09-24 22:20:41] epoch 429: train_loss: 0.07948771484537434, valid_loss: 0.08629126412862981, train_nll: 5.45108677936548, valid_nll: 5.614017634875432
[2021-09-24 22:21:05] epoch 430: train_loss: 0.07868583336159701, valid_loss: 0.08545635023878681, train_nll: 5.407993697912761, valid_nll: 5.764378802766525
[2021-09-24 22:21:29] epoch 431: train_loss: 0.07845107711787613, valid_loss: 0.08602238682409127, train_nll: 5.408666368629537, valid_nll: 5.76725672572036
[2021-09-24 22:21:53] epoch 432: train_loss: 0.07842631137019862, valid_loss: 0.08496020290724657, train_nll: 5.387113558370939, valid_nll: 5.765901349561031
[2021-09-24 22:22:17] epoch 433: train_loss: 0.07895479491869173, valid_loss: 0.08582283175653882, train_nll: 5.407751555572953, valid_nll: 6.027216323782358
[2021-09-24 22:22:40] epoch 434: train_loss: 0.07833560538399993, valid_loss: 0.08556869272832517, train_nll: 5.419232995210819, valid_nll: 5.691763288118856
[2021-09-24 22:23:04] epoch 435: train_loss: 0.07807473261406972, valid_loss: 0.08519199440186774, train_nll: 5.392898531273222, valid_nll: 5.960350963654399
[2021-09-24 22:23:28] epoch 436: train_loss: 0.07787013536617729, valid_loss: 0.08526587798777553, train_nll: 5.36979149471442, valid_nll: 5.92651259949351
[2021-09-24 22:23:52] epoch 437: train_loss: 0.07802830056557503, valid_loss: 0.08477001876604778, train_nll: 5.402535325489551, valid_nll: 5.7494860354303245
[2021-09-24 22:24:16] epoch 438: train_loss: 0.07881491029997648, valid_loss: 0.09062780006616204, train_nll: 5.378322821575741, valid_nll: 5.653040298576419
[2021-09-24 22:24:40] epoch 439: train_loss: 0.07810262416290362, valid_loss: 0.0843752785620314, train_nll: 5.425884626732153, valid_nll: 5.721089474694892
[2021-09-24 22:25:04] epoch 440: train_loss: 0.07743985468578589, valid_loss: 0.08422304955483587, train_nll: 5.351896673466512, valid_nll: 5.66195716072993
[2021-09-24 22:25:28] epoch 441: train_loss: 0.07775965772874881, valid_loss: 0.08561428431421518, train_nll: 5.386064268672558, valid_nll: 5.971948415515672
[2021-09-24 22:25:52] epoch 442: train_loss: 0.07781056627872905, valid_loss: 0.08481150489576438, train_nll: 5.3808688040816985, valid_nll: 5.808816266712049
[2021-09-24 22:26:15] epoch 443: train_loss: 0.07764061910405982, valid_loss: 0.08489068667231886, train_nll: 5.357972744464395, valid_nll: 5.6591538707444125
[2021-09-24 22:26:40] epoch 444: train_loss: 0.078255444103923, valid_loss: 0.08611709896337102, train_nll: 5.437959577332193, valid_nll: 5.755311352506558
[2021-09-24 22:27:04] epoch 445: train_loss: 0.07849086256953709, valid_loss: 0.08587068625622325, train_nll: 5.42571403059255, valid_nll: 5.831938048016214
[2021-09-24 22:27:27] epoch 446: train_loss: 0.07938830441802398, valid_loss: 0.08609350948008122, train_nll: 5.479828496819998, valid_nll: 5.828953902688507
[2021-09-24 22:27:52] epoch 447: train_loss: 0.08180664627428899, valid_loss: 0.08664607216638548, train_nll: 5.521650333741456, valid_nll: 6.009045509609868
[2021-09-24 22:28:16] epoch 448: train_loss: 0.07928750609253882, valid_loss: 0.08684763532407858, train_nll: 5.526872390905191, valid_nll: 6.003590483101019
[2021-09-24 22:28:39] epoch 449: train_loss: 0.07926806347010984, valid_loss: 0.08544141090716477, train_nll: 5.458610677215537, valid_nll: 5.869599305547429
[2021-09-24 22:29:04] epoch 450: train_loss: 0.07882630003203872, valid_loss: 0.08596551706669507, train_nll: 5.444302373478926, valid_nll: 5.893265319118717
[2021-09-24 22:29:28] epoch 451: train_loss: 0.07863776631056126, valid_loss: 0.08494012722124657, train_nll: 5.440692216583978, valid_nll: 5.647615203820485
[2021-09-24 22:29:51] epoch 452: train_loss: 0.07844337119493378, valid_loss: 0.08551371334879487, train_nll: 5.416749874816384, valid_nll: 5.789788287201334
[2021-09-24 22:30:16] epoch 453: train_loss: 0.0784892408099054, valid_loss: 0.08502339770396551, train_nll: 5.3989713483161585, valid_nll: 5.643888690240214
[2021-09-24 22:30:40] epoch 454: train_loss: 0.07805436255609374, valid_loss: 0.08456985661415038, train_nll: 5.369067627728107, valid_nll: 5.554699356311806
[2021-09-24 22:31:03] epoch 455: train_loss: 0.07783671190343683, valid_loss: 0.08499866098303485, train_nll: 5.401897256498052, valid_nll: 5.642349079531926
[2021-09-24 22:31:28] epoch 456: train_loss: 0.07822837458944787, valid_loss: 0.08504965881368629, train_nll: 5.399332933552421, valid_nll: 5.923376736886794
[2021-09-24 22:31:52] epoch 457: train_loss: 0.07819213689383091, valid_loss: 0.08640096860213412, train_nll: 5.42719466367088, valid_nll: 5.499633958235228
[2021-09-24 22:32:18] epoch 458: train_loss: 0.07890842624101077, valid_loss: 0.08636489958260898, train_nll: 5.482500390235744, valid_nll: 5.738225605469932
[2021-09-24 22:32:42] epoch 459: train_loss: 0.0786064805317215, valid_loss: 0.08580925197650989, train_nll: 5.444183025697334, valid_nll: 5.796001137535153
[2021-09-24 22:33:06] epoch 460: train_loss: 0.0793750770834367, valid_loss: 0.0856943387883129, train_nll: 5.446533607890326, valid_nll: 5.841386555043989
[2021-09-24 22:33:29] epoch 461: train_loss: 0.07810788653001814, valid_loss: 0.08592278081923724, train_nll: 5.389753318709728, valid_nll: 5.895531625593006
[2021-09-24 22:33:54] epoch 462: train_loss: 0.07839033664701833, valid_loss: 0.0855967313879066, train_nll: 5.406635317698244, valid_nll: 5.755780169473841
[2021-09-24 22:34:18] epoch 463: train_loss: 0.07796121805991607, valid_loss: 0.08489278732902474, train_nll: 5.388856699380586, valid_nll: 5.833839256380811
[2021-09-24 22:34:41] epoch 464: train_loss: 0.07797397998382004, valid_loss: 0.08532963789723537, train_nll: 5.387624525753171, valid_nll: 5.572159763780353
[2021-09-24 22:35:05] epoch 465: train_loss: 0.07820415883929334, valid_loss: 0.08434226807482817, train_nll: 5.422120925571177, valid_nll: 5.708699229103519
[2021-09-24 22:35:29] epoch 466: train_loss: 0.07746272718619185, valid_loss: 0.08480230143500699, train_nll: 5.35697960225467, valid_nll: 5.824531763686709
[2021-09-24 22:35:53] epoch 467: train_loss: 0.07794705076136037, valid_loss: 0.09096925476634944, train_nll: 5.375195421418854, valid_nll: 6.248102247764054
[2021-09-24 22:36:17] epoch 468: train_loss: 0.08330793023457793, valid_loss: 0.08694396814400399, train_nll: 5.761768389555376, valid_nll: 5.875738233678481
[2021-09-24 22:36:41] epoch 469: train_loss: 0.08081965579274501, valid_loss: 0.08827119288207204, train_nll: 5.606544193993756, valid_nll: 5.874376117943621
[2021-09-24 22:37:05] epoch 470: train_loss: 0.07992735415881941, valid_loss: 0.08669208048118485, train_nll: 5.526071459669073, valid_nll: 6.078111053961757
[2021-09-24 22:37:29] epoch 471: train_loss: 0.0796093687713715, valid_loss: 0.0869762718125626, train_nll: 5.494525471921964, valid_nll: 6.089657966948052
[2021-09-24 22:37:53] epoch 472: train_loss: 0.08041856724605362, valid_loss: 0.08616232917540603, train_nll: 5.549822553004577, valid_nll: 5.886975103381528
[2021-09-24 22:38:16] epoch 473: train_loss: 0.07896931701560171, valid_loss: 0.08590789405560052, train_nll: 5.4527402145326125, valid_nll: 5.92540925016013
[2021-09-24 22:38:41] epoch 474: train_loss: 0.07847379371061751, valid_loss: 0.08563095304977011, train_nll: 5.429174171892058, valid_nll: 5.946966256589758
[2021-09-24 22:39:04] epoch 475: train_loss: 0.0779159858552668, valid_loss: 0.08544896702385611, train_nll: 5.385662373353741, valid_nll: 5.993433054709544
[2021-09-24 22:39:28] epoch 476: train_loss: 0.07775273881959267, valid_loss: 0.08520958294609078, train_nll: 5.380302609049446, valid_nll: 5.882485804930636
[2021-09-24 22:39:52] epoch 477: train_loss: 0.07780721941642918, valid_loss: 0.08521749296536048, train_nll: 5.381874962910231, valid_nll: 5.8862922073766875
[2021-09-24 22:40:16] epoch 478: train_loss: 0.07785344322901645, valid_loss: 0.08791065298848683, train_nll: 5.3960329772224815, valid_nll: 5.764198491048709
[2021-09-24 22:40:40] epoch 479: train_loss: 0.07845158791987097, valid_loss: 0.08518120737539397, train_nll: 5.358068497882383, valid_nll: 6.132754424166027
[2021-09-24 22:41:04] epoch 480: train_loss: 0.0776690230704844, valid_loss: 0.08611184071611475, train_nll: 5.398161299239056, valid_nll: 5.86369900893888
[2021-09-24 22:41:28] epoch 481: train_loss: 0.07753290896275515, valid_loss: 0.08509111560329242, train_nll: 5.362005595067046, valid_nll: 5.770390730105022
[2021-09-24 22:41:54] epoch 482: train_loss: 0.07767284891696093, valid_loss: 0.08473910418235593, train_nll: 5.354353626512271, valid_nll: 5.673273822430749
[2021-09-24 22:42:18] epoch 483: train_loss: 0.07754774505933676, valid_loss: 0.08526027358516498, train_nll: 5.348902158649329, valid_nll: 5.853655439426235
[2021-09-24 22:42:42] epoch 484: train_loss: 0.07753557621906618, valid_loss: 0.084947691809524, train_nll: 5.36095713215041, valid_nll: 5.709871955046034
[2021-09-24 22:43:05] epoch 485: train_loss: 0.07742165095343446, valid_loss: 0.08507069672147433, train_nll: 5.342200126614741, valid_nll: 5.950966767934643
[2021-09-24 22:43:30] epoch 486: train_loss: 0.0775412644085453, valid_loss: 0.08531822317314369, train_nll: 5.3389112087810675, valid_nll: 5.786307373822558
[2021-09-24 22:43:53] epoch 487: train_loss: 0.07760769817516038, valid_loss: 0.08524908757320157, train_nll: 5.373979844171502, valid_nll: 5.861831095004538
[2021-09-24 22:44:17] epoch 488: train_loss: 0.07770254879031074, valid_loss: 0.08502948304845227, train_nll: 5.39126326674373, valid_nll: 5.876373588453046
[2021-09-24 22:44:41] epoch 489: train_loss: 0.07751723311002587, valid_loss: 0.08594974711261413, train_nll: 5.3629396254846835, valid_nll: 6.0829051130189065
[2021-09-24 22:45:05] epoch 490: train_loss: 0.08129118353960225, valid_loss: 0.08484720384219178, train_nll: 5.375861218982794, valid_nll: 5.5858757621120585
[2021-09-24 22:45:29] epoch 491: train_loss: 0.07730124721246708, valid_loss: 0.08487341959995252, train_nll: 5.31554713450833, valid_nll: 5.888720659354327
[2021-09-24 22:45:53] epoch 492: train_loss: 0.07703746818290412, valid_loss: 0.08448389411248543, train_nll: 5.33358958741534, valid_nll: 5.495521024963925
[2021-09-24 22:46:17] epoch 493: train_loss: 0.0771890667743469, valid_loss: 0.08509356820334991, train_nll: 5.319178990510776, valid_nll: 5.816572922166627
[2021-09-24 22:46:41] epoch 494: train_loss: 0.0777327882015779, valid_loss: 0.08675167048694911, train_nll: 5.394783501342909, valid_nll: 5.929380816439109
[2021-09-24 22:47:05] epoch 495: train_loss: 0.07998186193996656, valid_loss: 0.08804389089345932, train_nll: 5.512107981914741, valid_nll: 5.836221656531521
[2021-09-24 22:47:29] epoch 496: train_loss: 0.07995866613732722, valid_loss: 0.08725192693786489, train_nll: 5.531853504344766, valid_nll: 5.966895872627209
[2021-09-24 22:47:53] epoch 497: train_loss: 0.08066458081229384, valid_loss: 0.08653348868505822, train_nll: 5.540650489250604, valid_nll: 5.8393055737841015
[2021-09-24 22:48:31] epoch 498: train_loss: 0.07966451015046136, valid_loss: 0.08653567067726894, train_nll: 5.4705196286961995, valid_nll: 5.997730903376162
[2021-09-24 22:48:55] epoch 499: train_loss: 0.07916489151974727, valid_loss: 0.0863606153262986, train_nll: 5.488677587442817, valid_nll: 5.934018324051143
