------------ Configs ------------
loading Piano data...
loading Piano data...
model summary: 
===================================================
      Kernel Shape  Output Shape  Params  Mult-Adds
Layer                                              
0_rnn            -  [200, 1, 46]   18768      18492
1_mlp     [46, 88]  [200, 1, 88]    4136       4048
---------------------------------------------------
                      Totals
Total params           22904
Trainable params       22904
Non-trainable params       0
Mult-Adds              22540
===================================================
rnn:  gru
data:  Piano
optimizer:  rmsprop
learning rate:  0.001
momentum:  0.9
weight decay:  0.0
gradient clipping:  1.0
loss criterion:  bce
continue training:  False
save directory:  ./exp/music/piano/gru
log directory:  ./log/music/piano/gru
starting epoch:  0
ending epoch:  500
steps per epoch:  87
cuda:  True
---------------------------------
[2021-09-25 07:44:48] epoch 0: train_loss: 0.15220380454570398, valid_loss: 0.11451273349424203, train_nll: 8.406442208741883, valid_nll: 7.820800695365634
[2021-09-25 07:45:00] epoch 1: train_loss: 0.1081702987952479, valid_loss: 0.10527528325716655, train_nll: 6.802428067447416, valid_nll: 6.861368104172469
[2021-09-25 07:45:12] epoch 2: train_loss: 0.10180333612122755, valid_loss: 0.1014567104478677, train_nll: 6.292464621536438, valid_nll: 6.646565106304233
[2021-09-25 07:45:24] epoch 3: train_loss: 0.09827511018977084, valid_loss: 0.09982300363481045, train_nll: 6.019907938274408, valid_nll: 6.412061766433
[2021-09-25 07:45:36] epoch 4: train_loss: 0.09655004418615637, valid_loss: 0.09882817789912224, train_nll: 5.903568017480242, valid_nll: 6.380179614555545
[2021-09-25 07:45:47] epoch 5: train_loss: 0.09495228182139068, valid_loss: 0.0975383638093869, train_nll: 5.777796673457767, valid_nll: 6.217302304495119
[2021-09-25 07:45:59] epoch 6: train_loss: 0.09396102275142725, valid_loss: 0.09728673659265041, train_nll: 5.70904215731986, valid_nll: 6.425421995696163
[2021-09-25 07:46:11] epoch 7: train_loss: 0.0931574649380884, valid_loss: 0.09722972040375073, train_nll: 5.641084727770067, valid_nll: 6.306312489464851
[2021-09-25 07:46:23] epoch 8: train_loss: 0.09248857656172638, valid_loss: 0.09713305967549483, train_nll: 5.580992972154007, valid_nll: 6.446938992441259
[2021-09-25 07:46:34] epoch 9: train_loss: 0.09194172317183566, valid_loss: 0.09731429939468701, train_nll: 5.583641148841087, valid_nll: 6.378711020521554
[2021-09-25 07:46:46] epoch 10: train_loss: 0.09124744807680447, valid_loss: 0.09671664300064246, train_nll: 5.529796484427806, valid_nll: 6.288081528769202
[2021-09-25 07:46:58] epoch 11: train_loss: 0.09053199145214996, valid_loss: 0.09671038202941418, train_nll: 5.479749214702026, valid_nll: 6.303825077822687
[2021-09-25 07:47:09] epoch 12: train_loss: 0.09004466102897436, valid_loss: 0.09642524023850758, train_nll: 5.446845326501122, valid_nll: 6.428606101316985
[2021-09-25 07:47:21] epoch 13: train_loss: 0.08940260600427101, valid_loss: 0.09626934118568897, train_nll: 5.432602513110645, valid_nll: 6.234479735984587
[2021-09-25 07:47:33] epoch 14: train_loss: 0.08913677757413223, valid_loss: 0.09595128148794174, train_nll: 5.401784410253309, valid_nll: 6.147212459714507
[2021-09-25 07:47:46] epoch 15: train_loss: 0.0887277761752578, valid_loss: 0.09615420363843441, train_nll: 5.368423000672971, valid_nll: 6.140999570349144
[2021-09-25 07:47:57] epoch 16: train_loss: 0.08839915868365901, valid_loss: 0.09653673072655995, train_nll: 5.369615671930999, valid_nll: 6.171697119163528
[2021-09-25 07:48:11] epoch 17: train_loss: 0.0881152169928811, valid_loss: 0.09651833462218444, train_nll: 5.332340275091721, valid_nll: 6.269541527495822
[2021-09-25 07:48:22] epoch 18: train_loss: 0.08796893098744853, valid_loss: 0.09627892014880975, train_nll: 5.340340719164663, valid_nll: 6.2468167245947175
[2021-09-25 07:48:34] epoch 19: train_loss: 0.08764190785586834, valid_loss: 0.09732782281935215, train_nll: 5.284516610030661, valid_nll: 6.471879282767062
[2021-09-25 07:48:45] epoch 20: train_loss: 0.08756902471356008, valid_loss: 0.09690716490149498, train_nll: 5.312540437883907, valid_nll: 6.349482352022382
[2021-09-25 07:48:57] epoch 21: train_loss: 0.08751505829565141, valid_loss: 0.09637599065899849, train_nll: 5.307181691388888, valid_nll: 6.210849167929358
[2021-09-25 07:49:08] epoch 22: train_loss: 0.08727386989898381, valid_loss: 0.09694916320343812, train_nll: 5.271434638238099, valid_nll: 6.369198367922212
[2021-09-25 07:49:20] epoch 23: train_loss: 0.08712955178885624, valid_loss: 0.09687267616391182, train_nll: 5.296465229952881, valid_nll: 6.160255045649258
[2021-09-25 07:49:32] epoch 24: train_loss: 0.08699600019588552, valid_loss: 0.09669130730132262, train_nll: 5.2864771132782105, valid_nll: 6.279367099783434
[2021-09-25 07:49:43] epoch 25: train_loss: 0.0866899383950165, valid_loss: 0.0972336046397686, train_nll: 5.2583300318238, valid_nll: 6.365179251550957
[2021-09-25 07:49:54] epoch 26: train_loss: 0.08661564743553085, valid_loss: 0.09713006330033143, train_nll: 5.245845887247936, valid_nll: 6.267212200343721
[2021-09-25 07:50:06] epoch 27: train_loss: 0.08664548801707811, valid_loss: 0.09715618751943111, train_nll: 5.251067294981893, valid_nll: 6.343131532364894
[2021-09-25 07:50:18] epoch 28: train_loss: 0.08639066002663524, valid_loss: 0.09722608824570973, train_nll: 5.23874471841117, valid_nll: 6.277661636667449
[2021-09-25 07:50:29] epoch 29: train_loss: 0.0863972391462189, valid_loss: 0.09746022025744121, train_nll: 5.244711592368975, valid_nll: 6.482543773543767
[2021-09-25 07:50:41] epoch 30: train_loss: 0.08632865436803336, valid_loss: 0.09769657254219055, train_nll: 5.237648986668294, valid_nll: 6.38807951621222
[2021-09-25 07:50:52] epoch 31: train_loss: 0.0860887704010325, valid_loss: 0.09780801832675934, train_nll: 5.219504585998625, valid_nll: 6.3600840326992705
[2021-09-25 07:51:04] epoch 32: train_loss: 0.08618991479448888, valid_loss: 0.09752642549574375, train_nll: 5.2418393394468605, valid_nll: 6.465031321455792
[2021-09-25 07:51:16] epoch 33: train_loss: 0.08590302008321915, valid_loss: 0.09708976993958156, train_nll: 5.211734274264302, valid_nll: 6.229850912183579
[2021-09-25 07:51:27] epoch 34: train_loss: 0.08572872351298387, valid_loss: 0.09786054243644078, train_nll: 5.199968498601871, valid_nll: 6.51968972096971
[2021-09-25 07:51:39] epoch 35: train_loss: 0.08562476031653497, valid_loss: 0.09811781905591488, train_nll: 5.205409218022833, valid_nll: 6.308562173181358
[2021-09-25 07:51:51] epoch 36: train_loss: 0.08574498444795609, valid_loss: 0.09856052634616692, train_nll: 5.212600338129485, valid_nll: 6.554683706773826
[2021-09-25 07:52:03] epoch 37: train_loss: 0.08564327926985149, valid_loss: 0.09839580704768498, train_nll: 5.192423611005214, valid_nll: 6.53770491150933
[2021-09-25 07:52:14] epoch 38: train_loss: 0.08548449279590585, valid_loss: 0.0984026783456405, train_nll: 5.205673097834654, valid_nll: 6.463424797129676
[2021-09-25 07:52:26] epoch 39: train_loss: 0.08533638540184361, valid_loss: 0.09867689634362857, train_nll: 5.169303626796822, valid_nll: 6.63081660458563
[2021-09-25 07:52:38] epoch 40: train_loss: 0.08524042618428838, valid_loss: 0.09885913071533044, train_nll: 5.193207600922191, valid_nll: 6.440765323603131
[2021-09-25 07:52:49] epoch 41: train_loss: 0.08525035228451779, valid_loss: 0.09886459819972515, train_nll: 5.20512698918713, valid_nll: 6.55016992508135
[2021-09-25 07:53:01] epoch 42: train_loss: 0.08503373451102739, valid_loss: 0.09891221051414807, train_nll: 5.186508290600138, valid_nll: 6.594604964551515
[2021-09-25 07:53:13] epoch 43: train_loss: 0.08497062580253201, valid_loss: 0.09876135860880216, train_nll: 5.171145696533357, valid_nll: 6.460135497474313
[2021-09-25 07:53:24] epoch 44: train_loss: 0.08486178425279842, valid_loss: 0.100088765223821, train_nll: 5.183462516042496, valid_nll: 6.6793553422137
[2021-09-25 07:53:36] epoch 45: train_loss: 0.08485131396044945, valid_loss: 0.10001136052111785, train_nll: 5.174194323058168, valid_nll: 6.658518979070782
[2021-09-25 07:53:48] epoch 46: train_loss: 0.08475091533157332, valid_loss: 0.09985376584033172, train_nll: 5.166755530169604, valid_nll: 6.574795306064398
[2021-09-25 07:53:59] epoch 47: train_loss: 0.08472023506102891, valid_loss: 0.099929495404164, train_nll: 5.1879632703914345, valid_nll: 6.403718257710813
[2021-09-25 07:54:11] epoch 48: train_loss: 0.08451343075126067, valid_loss: 0.09980598278343678, train_nll: 5.144929904780778, valid_nll: 6.596078124770975
[2021-09-25 07:54:24] epoch 49: train_loss: 0.08457200772974682, valid_loss: 0.0990462073435386, train_nll: 5.18235340025838, valid_nll: 6.485842634991902
[2021-09-25 07:54:35] epoch 50: train_loss: 0.08443991921242626, valid_loss: 0.10003012232482433, train_nll: 5.154670576879208, valid_nll: 6.584046612537377
[2021-09-25 07:54:47] epoch 51: train_loss: 0.08450577491573219, valid_loss: 0.09917826453844707, train_nll: 5.150295069208123, valid_nll: 6.503965939634512
[2021-09-25 07:54:59] epoch 52: train_loss: 0.08434614166617393, valid_loss: 0.09941309628387292, train_nll: 5.153839335911484, valid_nll: 6.559375254790287
[2021-09-25 07:55:11] epoch 53: train_loss: 0.0841255930048981, valid_loss: 0.09978159020344417, train_nll: 5.129945618564455, valid_nll: 6.5924323906817985
[2021-09-25 07:55:23] epoch 54: train_loss: 0.08408442794762809, valid_loss: 0.09898101103802522, train_nll: 5.137967357003606, valid_nll: 6.531981906568803
[2021-09-25 07:55:34] epoch 55: train_loss: 0.08415945347441339, valid_loss: 0.09952349215745926, train_nll: 5.1606466040175585, valid_nll: 6.560437286548722
[2021-09-25 07:55:46] epoch 56: train_loss: 0.08404515979105029, valid_loss: 0.09920808052023251, train_nll: 5.150587182126485, valid_nll: 6.547564694402813
[2021-09-25 07:55:58] epoch 57: train_loss: 0.0838438677547992, valid_loss: 0.09952663071453571, train_nll: 5.121835839826363, valid_nll: 6.498407031089682
[2021-09-25 07:56:09] epoch 58: train_loss: 0.08386353392624991, valid_loss: 0.10000131651759148, train_nll: 5.122468599414845, valid_nll: 6.660967384896627
[2021-09-25 07:56:21] epoch 59: train_loss: 0.0838324512173047, valid_loss: 0.09945725277066231, train_nll: 5.1417482460216775, valid_nll: 6.588124845980703
[2021-09-25 07:56:33] epoch 60: train_loss: 0.08366912748964353, valid_loss: 0.09953114142020543, train_nll: 5.124491095718993, valid_nll: 6.490846029142054
[2021-09-25 07:56:45] epoch 61: train_loss: 0.0836631600027797, valid_loss: 0.09984117311735947, train_nll: 5.119853036014761, valid_nll: 6.650047015964873
[2021-09-25 07:56:57] epoch 62: train_loss: 0.08360012858335314, valid_loss: 0.1003541840861241, train_nll: 5.104077526928881, valid_nll: 6.693537842712975
[2021-09-25 07:57:08] epoch 63: train_loss: 0.08367393182954569, valid_loss: 0.09996325274308522, train_nll: 5.153336991637939, valid_nll: 6.695775846155678
[2021-09-25 07:57:20] epoch 64: train_loss: 0.08351572862044833, valid_loss: 0.09964326582849026, train_nll: 5.086224714747258, valid_nll: 6.492423667693004
[2021-09-25 07:57:31] epoch 65: train_loss: 0.0834653158297484, valid_loss: 0.10026901339491208, train_nll: 5.105299111080713, valid_nll: 6.827956480559444
[2021-09-25 07:57:43] epoch 66: train_loss: 0.08337045711433065, valid_loss: 0.10058151682217915, train_nll: 5.125473548903649, valid_nll: 6.524949422696742
[2021-09-25 07:57:55] epoch 67: train_loss: 0.08331842345838573, valid_loss: 0.10040129286547501, train_nll: 5.114828459495581, valid_nll: 6.663572171839272
[2021-09-25 07:58:06] epoch 68: train_loss: 0.08338595374390997, valid_loss: 0.10013203943769138, train_nll: 5.148363486099002, valid_nll: 6.537333232600514
[2021-09-25 07:58:18] epoch 69: train_loss: 0.08323089016237478, valid_loss: 0.10022292844951153, train_nll: 5.096777807888941, valid_nll: 6.698948529155795
[2021-09-25 07:58:30] epoch 70: train_loss: 0.08311125231457167, valid_loss: 0.10077476253112157, train_nll: 5.092082591317429, valid_nll: 6.71057266321236
[2021-09-25 07:58:41] epoch 71: train_loss: 0.08315038081558271, valid_loss: 0.10101575031876564, train_nll: 5.10148994790323, valid_nll: 6.802319267230007
[2021-09-25 07:58:53] epoch 72: train_loss: 0.08313188299365427, valid_loss: 0.10033533225456874, train_nll: 5.111546406742892, valid_nll: 6.572589251605923
[2021-09-25 07:59:04] epoch 73: train_loss: 0.08294824761306417, valid_loss: 0.10102342503766219, train_nll: 5.099585599349908, valid_nll: 6.497885240622801
[2021-09-25 07:59:16] epoch 74: train_loss: 0.0830001260699897, valid_loss: 0.10038629981378715, train_nll: 5.093532947025915, valid_nll: 6.646825207107287
[2021-09-25 07:59:28] epoch 75: train_loss: 0.08313684480200553, valid_loss: 0.10098826264341672, train_nll: 5.110610174262391, valid_nll: 6.608026457995903
[2021-09-25 07:59:40] epoch 76: train_loss: 0.08290751698030822, valid_loss: 0.10108241252601147, train_nll: 5.087376112172211, valid_nll: 6.776990836825201
[2021-09-25 07:59:51] epoch 77: train_loss: 0.08294682459498959, valid_loss: 0.1018648458023866, train_nll: 5.102209021155153, valid_nll: 6.776421151510099
[2021-09-25 08:00:03] epoch 78: train_loss: 0.08276901944358458, valid_loss: 0.1009338479489088, train_nll: 5.094656767787801, valid_nll: 6.697710577587249
[2021-09-25 08:00:14] epoch 79: train_loss: 0.08261877287650245, valid_loss: 0.10148352322479089, train_nll: 5.10335645013581, valid_nll: 6.628261802344117
[2021-09-25 08:00:26] epoch 80: train_loss: 0.08269698579592266, valid_loss: 0.1009738917152087, train_nll: 5.059718732719156, valid_nll: 6.662543062421215
[2021-09-25 08:00:38] epoch 81: train_loss: 0.08252777951373451, valid_loss: 0.10104354967673619, train_nll: 5.067707113284908, valid_nll: 6.736675956683132
[2021-09-25 08:00:50] epoch 82: train_loss: 0.0827183642949181, valid_loss: 0.10138123917082946, train_nll: 5.125309987821819, valid_nll: 6.711323450027666
[2021-09-25 08:01:01] epoch 83: train_loss: 0.0827272226712827, valid_loss: 0.10103385522961617, train_nll: 5.092422745755565, valid_nll: 6.716255216616403
[2021-09-25 08:01:13] epoch 84: train_loss: 0.0825624589904629, valid_loss: 0.10179301040867965, train_nll: 5.054603290497489, valid_nll: 6.744949884754631
[2021-09-25 08:01:24] epoch 85: train_loss: 0.08252696667251916, valid_loss: 0.10120834099749725, train_nll: 5.0944776605468025, valid_nll: 6.661915992035428
[2021-09-25 08:01:36] epoch 86: train_loss: 0.08263388376725816, valid_loss: 0.10155329667031765, train_nll: 5.09042768846662, valid_nll: 6.700113364500579
[2021-09-25 08:01:48] epoch 87: train_loss: 0.08262242295447438, valid_loss: 0.10159408487379551, train_nll: 5.0778493883237985, valid_nll: 6.698743022181527
[2021-09-25 08:02:00] epoch 88: train_loss: 0.08228587581851017, valid_loss: 0.10116270246605079, train_nll: 5.067670787932828, valid_nll: 6.693711014223367
[2021-09-25 08:02:12] epoch 89: train_loss: 0.08232755338152249, valid_loss: 0.10171744351585706, train_nll: 5.075496065840487, valid_nll: 6.727114793730945
[2021-09-25 08:02:23] epoch 90: train_loss: 0.08225957006644244, valid_loss: 0.10155902554591496, train_nll: 5.044943074783612, valid_nll: 6.735389151224276
[2021-09-25 08:02:34] epoch 91: train_loss: 0.08210694517983103, valid_loss: 0.10283356842895348, train_nll: 5.057440019805966, valid_nll: 6.935374648217636
[2021-09-25 08:02:46] epoch 92: train_loss: 0.08222824129565008, valid_loss: 0.1020851768553257, train_nll: 5.062237805368327, valid_nll: 6.799473331301118
[2021-09-25 08:02:58] epoch 93: train_loss: 0.08241711711061411, valid_loss: 0.10243783829112847, train_nll: 5.067121147530872, valid_nll: 6.763078328145154
[2021-09-25 08:03:10] epoch 94: train_loss: 0.08217912006737857, valid_loss: 0.10323737499614556, train_nll: 5.065173751418916, valid_nll: 7.038393904523152
[2021-09-25 08:03:22] epoch 95: train_loss: 0.08219665021303742, valid_loss: 0.10238212533295155, train_nll: 5.083523255859555, valid_nll: 6.746590705570987
[2021-09-25 08:03:33] epoch 96: train_loss: 0.08213843550832792, valid_loss: 0.10262390909095605, train_nll: 5.059780496765124, valid_nll: 6.761622731278583
[2021-09-25 08:03:45] epoch 97: train_loss: 0.08197218271764531, valid_loss: 0.10150646728773911, train_nll: 5.0586861527703135, valid_nll: 6.759738657309011
[2021-09-25 08:03:57] epoch 98: train_loss: 0.082037678587882, valid_loss: 0.10321946193774541, train_nll: 5.074805352476031, valid_nll: 6.693142903454979
[2021-09-25 08:04:08] epoch 99: train_loss: 0.08193096702640083, valid_loss: 0.10279419769843419, train_nll: 5.036063270544699, valid_nll: 6.981884983198728
[2021-09-25 08:04:20] epoch 100: train_loss: 0.08215728507045357, valid_loss: 0.10323880488673846, train_nll: 5.088970318754204, valid_nll: 6.865622128599356
[2021-09-25 08:04:32] epoch 101: train_loss: 0.08206389514707971, valid_loss: 0.10369526905318101, train_nll: 5.05813077100346, valid_nll: 7.1185643265887
[2021-09-25 08:04:44] epoch 102: train_loss: 0.08182344906802835, valid_loss: 0.1037148218601942, train_nll: 5.0577905614256835, valid_nll: 7.062031243129251
[2021-09-25 08:04:55] epoch 103: train_loss: 0.08186438459175072, valid_loss: 0.10324042725066344, train_nll: 5.0532123250130185, valid_nll: 7.100690172492452
[2021-09-25 08:05:07] epoch 104: train_loss: 0.08181347854264166, valid_loss: 0.10363747614125411, train_nll: 5.077426477332839, valid_nll: 6.975450598052921
[2021-09-25 08:05:18] epoch 105: train_loss: 0.08176308889584295, valid_loss: 0.10482921016712983, train_nll: 5.037139661957579, valid_nll: 6.924632832883223
[2021-09-25 08:05:30] epoch 106: train_loss: 0.08174876164345221, valid_loss: 0.1034889705479145, train_nll: 5.047311319180948, valid_nll: 6.931826249743492
[2021-09-25 08:05:42] epoch 107: train_loss: 0.0818961404435251, valid_loss: 0.10335416408876578, train_nll: 5.04488288523603, valid_nll: 7.0687204901317715
[2021-09-25 08:05:54] epoch 108: train_loss: 0.08184861563060475, valid_loss: 0.10397627390921116, train_nll: 5.051983608930869, valid_nll: 7.205346857181857
[2021-09-25 08:06:05] epoch 109: train_loss: 0.08159656360231597, valid_loss: 0.10369494867821534, train_nll: 5.0432426418828475, valid_nll: 7.050429052528252
[2021-09-25 08:06:17] epoch 110: train_loss: 0.08162224950033357, valid_loss: 0.10423159350951512, train_nll: 5.056005681962196, valid_nll: 6.997190607868932
[2021-09-25 08:06:28] epoch 111: train_loss: 0.08178806129371984, valid_loss: 0.1036589927971363, train_nll: 5.041476034167246, valid_nll: 7.040055795637349
[2021-09-25 08:06:40] epoch 112: train_loss: 0.08155290561931572, valid_loss: 0.10376687596241634, train_nll: 5.044832483176115, valid_nll: 7.125230341870163
[2021-09-25 08:06:52] epoch 113: train_loss: 0.08176546854277451, valid_loss: 0.10398731691141923, train_nll: 5.06336047946715, valid_nll: 7.021421607842365
[2021-09-25 08:07:04] epoch 114: train_loss: 0.08186975384837594, valid_loss: 0.10367319794992606, train_nll: 5.059845839253104, valid_nll: 6.996285186252272
[2021-09-25 08:07:15] epoch 115: train_loss: 0.08170478823113031, valid_loss: 0.10291882356007893, train_nll: 5.050881236282223, valid_nll: 6.9779932047144335
[2021-09-25 08:07:27] epoch 116: train_loss: 0.08136296621256175, valid_loss: 0.10365988686680794, train_nll: 5.0291277448143425, valid_nll: 7.073894178666048
[2021-09-25 08:07:38] epoch 117: train_loss: 0.0814148299396038, valid_loss: 0.1041582953184843, train_nll: 5.053412539467426, valid_nll: 7.125105823853226
[2021-09-25 08:07:50] epoch 118: train_loss: 0.08148534127093594, valid_loss: 0.10384494749208291, train_nll: 5.0158610346951695, valid_nll: 7.070409334622896
[2021-09-25 08:08:02] epoch 119: train_loss: 0.08161082394934933, valid_loss: 0.10272502712905407, train_nll: 5.044522040150391, valid_nll: 6.845459184771855
[2021-09-25 08:08:14] epoch 120: train_loss: 0.08152401398053799, valid_loss: 0.10465818767746289, train_nll: 5.040202724604095, valid_nll: 7.1215882578665495
[2021-09-25 08:08:26] epoch 121: train_loss: 0.08139414316706958, valid_loss: 0.10454592170814674, train_nll: 5.025743848338211, valid_nll: 6.940787710794589
[2021-09-25 08:08:37] epoch 122: train_loss: 0.08148284095885425, valid_loss: 0.10415420432885487, train_nll: 5.053238691421319, valid_nll: 7.057558628676309
[2021-09-25 08:08:49] epoch 123: train_loss: 0.08140112562426205, valid_loss: 0.10510535600284736, train_nll: 5.0341337006362235, valid_nll: 7.056552393127785
[2021-09-25 08:09:00] epoch 124: train_loss: 0.0816164944406556, valid_loss: 0.10498205261925857, train_nll: 5.048862259255655, valid_nll: 7.03183322641684
[2021-09-25 08:09:12] epoch 125: train_loss: 0.08163825458921921, valid_loss: 0.10400190204381943, train_nll: 5.043288651687934, valid_nll: 7.0157690280821265
[2021-09-25 08:09:24] epoch 126: train_loss: 0.08153594987488341, valid_loss: 0.103506359582146, train_nll: 5.041790043963086, valid_nll: 6.934278534679878
[2021-09-25 08:09:36] epoch 127: train_loss: 0.08148725110309563, valid_loss: 0.10346210064987342, train_nll: 5.054366933416531, valid_nll: 6.857293205905363
[2021-09-25 08:09:47] epoch 128: train_loss: 0.08133200318391981, valid_loss: 0.10338874285419782, train_nll: 5.042157105741483, valid_nll: 6.981197979839389
[2021-09-25 08:09:59] epoch 129: train_loss: 0.08116232719400833, valid_loss: 0.10444885616501172, train_nll: 5.019787898871637, valid_nll: 7.0486192828495104
[2021-09-25 08:10:10] epoch 130: train_loss: 0.08125686054599696, valid_loss: 0.10385504240791003, train_nll: 5.034232130129142, valid_nll: 6.896695120920607
[2021-09-25 08:10:22] epoch 131: train_loss: 0.08115958028483665, valid_loss: 0.1041814386844635, train_nll: 5.019999127570122, valid_nll: 7.146808130432473
[2021-09-25 08:10:34] epoch 132: train_loss: 0.08106117607790163, valid_loss: 0.10477886348962784, train_nll: 5.032127262444707, valid_nll: 7.117340932420226
[2021-09-25 08:10:46] epoch 133: train_loss: 0.08128707479128892, valid_loss: 0.10599184595048428, train_nll: 5.029890087390907, valid_nll: 7.138664875424154
[2021-09-25 08:10:57] epoch 134: train_loss: 0.08144296101968863, valid_loss: 0.10460023395717144, train_nll: 5.061307651932719, valid_nll: 7.049468078040719
[2021-09-25 08:11:09] epoch 135: train_loss: 0.08125368839707868, valid_loss: 0.10486557583014171, train_nll: 5.018819472889881, valid_nll: 7.029793286636667
[2021-09-25 08:11:20] epoch 136: train_loss: 0.08108459967563207, valid_loss: 0.104824664692084, train_nll: 5.033356414814241, valid_nll: 7.172885959188665
[2021-09-25 08:11:32] epoch 137: train_loss: 0.08101211524643433, valid_loss: 0.10478601480523746, train_nll: 5.013994976799557, valid_nll: 7.052289923404887
[2021-09-25 08:11:44] epoch 138: train_loss: 0.08117352233364664, valid_loss: 0.10421523451805115, train_nll: 5.0151398782112295, valid_nll: 7.0584619318119355
[2021-09-25 08:11:55] epoch 139: train_loss: 0.08128233836300072, valid_loss: 0.10508819483220577, train_nll: 5.047644546953126, valid_nll: 7.1948034347333785
[2021-09-25 08:12:07] epoch 140: train_loss: 0.08094601607185671, valid_loss: 0.10385323564211528, train_nll: 5.011644540091662, valid_nll: 6.814500161004559
[2021-09-25 08:12:19] epoch 141: train_loss: 0.08111120925295627, valid_loss: 0.1052156010021766, train_nll: 5.013815921880847, valid_nll: 7.048532825920864
[2021-09-25 08:12:30] epoch 142: train_loss: 0.08092998255087042, valid_loss: 0.10520672984421253, train_nll: 5.0202713797529634, valid_nll: 7.102589118771437
[2021-09-25 08:12:42] epoch 143: train_loss: 0.08116140805356119, valid_loss: 0.10558467606703441, train_nll: 5.028310700493237, valid_nll: 7.073259235546692
[2021-09-25 08:12:53] epoch 144: train_loss: 0.08113233897107086, valid_loss: 0.1055887999633948, train_nll: 5.04611602053911, valid_nll: 7.163410494519891
[2021-09-25 08:13:05] epoch 145: train_loss: 0.08118643470365426, valid_loss: 0.10493539211650689, train_nll: 5.01892879910297, valid_nll: 7.115535657356649
[2021-09-25 08:13:17] epoch 146: train_loss: 0.08073033638641067, valid_loss: 0.10469066351652145, train_nll: 5.014633520013246, valid_nll: 6.89114497258113
[2021-09-25 08:13:29] epoch 147: train_loss: 0.08086939892549624, valid_loss: 0.10627586953341961, train_nll: 4.991364202763013, valid_nll: 7.288390984454701
[2021-09-25 08:13:40] epoch 148: train_loss: 0.08091779027519555, valid_loss: 0.10568624610702197, train_nll: 5.023909207964074, valid_nll: 7.277233803697196
[2021-09-25 08:13:52] epoch 149: train_loss: 0.08077115963759093, valid_loss: 0.10542862800260384, train_nll: 5.027916854130716, valid_nll: 7.096776250155737
[2021-09-25 08:14:03] epoch 150: train_loss: 0.08120496374094623, valid_loss: 0.10516634707649548, train_nll: 5.037251104003494, valid_nll: 7.088128166842863
[2021-09-25 08:14:15] epoch 151: train_loss: 0.08109553811279521, valid_loss: 0.10544882031778495, train_nll: 5.029145770647476, valid_nll: 6.893897108468061
[2021-09-25 08:14:27] epoch 152: train_loss: 0.08093897433116518, valid_loss: 0.10528721039493878, train_nll: 5.028447127236573, valid_nll: 7.127465282103805
[2021-09-25 08:14:39] epoch 153: train_loss: 0.08074437480034499, valid_loss: 0.1050681055833896, train_nll: 5.013400686569519, valid_nll: 7.162759204742833
[2021-09-25 08:14:50] epoch 154: train_loss: 0.08075586607915232, valid_loss: 0.10555803092817466, train_nll: 5.0155474962024, valid_nll: 7.33172760582328
[2021-09-25 08:15:05] epoch 155: train_loss: 0.08064831592056942, valid_loss: 0.10387293932338555, train_nll: 5.020614456994595, valid_nll: 6.913555295561313
[2021-09-25 08:15:21] epoch 156: train_loss: 0.08087212705834844, valid_loss: 0.10468935097257297, train_nll: 5.019179711439459, valid_nll: 6.986174391984492
[2021-09-25 08:15:32] epoch 157: train_loss: 0.08103095329013364, valid_loss: 0.10396783674756686, train_nll: 5.035229436403892, valid_nll: 6.965484805223419
[2021-09-25 08:15:44] epoch 158: train_loss: 0.08094768996896415, valid_loss: 0.10538135220607121, train_nll: 5.023785759160528, valid_nll: 7.06304543729571
[2021-09-25 08:15:56] epoch 159: train_loss: 0.08058810268325367, valid_loss: 0.10482907791932423, train_nll: 5.0073326760441175, valid_nll: 6.962937074128056
[2021-09-25 08:16:08] epoch 160: train_loss: 0.08055886881019192, valid_loss: 0.1047626044601202, train_nll: 4.982385864789085, valid_nll: 7.19708002888463
[2021-09-25 08:16:19] epoch 161: train_loss: 0.08057700313798997, valid_loss: 0.10584145970642567, train_nll: 4.997736388104051, valid_nll: 7.1191370035425585
[2021-09-25 08:16:31] epoch 162: train_loss: 0.08058515353792015, valid_loss: 0.10546343525250752, train_nll: 5.007020817096788, valid_nll: 7.172514709701681
[2021-09-25 08:16:43] epoch 163: train_loss: 0.08081601153331242, valid_loss: 0.1058471854776144, train_nll: 5.017106080965846, valid_nll: 6.991011657142281
[2021-09-25 08:16:54] epoch 164: train_loss: 0.08071487097219489, valid_loss: 0.10549547709524632, train_nll: 4.9919532824981365, valid_nll: 7.151461932269986
[2021-09-25 08:17:06] epoch 165: train_loss: 0.0806736240655869, valid_loss: 0.10590016407271226, train_nll: 5.016034565185238, valid_nll: 7.091622816017824
[2021-09-25 08:17:18] epoch 166: train_loss: 0.08078736886810298, valid_loss: 0.1054436390598615, train_nll: 5.021390738228651, valid_nll: 7.150047073221117
[2021-09-25 08:17:29] epoch 167: train_loss: 0.0810483330111394, valid_loss: 0.10514722081522147, train_nll: 5.0029962945774304, valid_nll: 7.016475026200458
[2021-09-25 08:17:40] epoch 168: train_loss: 0.0807053535620029, valid_loss: 0.1057499311864376, train_nll: 5.023736220418363, valid_nll: 7.173495566419992
[2021-09-25 08:17:52] epoch 169: train_loss: 0.08047688895857882, valid_loss: 0.10505635229249795, train_nll: 4.99725477150609, valid_nll: 6.967441780705837
[2021-09-25 08:18:04] epoch 170: train_loss: 0.08070568325019431, valid_loss: 0.10568024466435115, train_nll: 4.9997496128987855, valid_nll: 7.178244399308711
[2021-09-25 08:18:16] epoch 171: train_loss: 0.08077083821354926, valid_loss: 0.1047181064883868, train_nll: 5.0093226846347605, valid_nll: 6.791671065854758
[2021-09-25 08:18:28] epoch 172: train_loss: 0.08095514305449765, valid_loss: 0.10477855801582336, train_nll: 5.022746617594307, valid_nll: 7.085209200574578
[2021-09-25 08:18:39] epoch 173: train_loss: 0.08040639567563589, valid_loss: 0.1051213660587867, train_nll: 5.013739570783497, valid_nll: 6.910388323871548
[2021-09-25 08:18:51] epoch 174: train_loss: 0.08061240382235625, valid_loss: 0.10507919142643611, train_nll: 4.992821960465318, valid_nll: 6.9347099747935115
[2021-09-25 08:19:02] epoch 175: train_loss: 0.08057229571986473, valid_loss: 0.10555651846031348, train_nll: 5.016020720305385, valid_nll: 7.122305535464975
[2021-09-25 08:19:14] epoch 176: train_loss: 0.08051240820994322, valid_loss: 0.1051470364133517, train_nll: 5.003508043580982, valid_nll: 6.982813106916188
[2021-09-25 08:19:26] epoch 177: train_loss: 0.08043060695816731, valid_loss: 0.10486690017084281, train_nll: 5.003175042807037, valid_nll: 7.1116912870424995
[2021-09-25 08:19:37] epoch 178: train_loss: 0.08037457512370472, valid_loss: 0.10627008850375812, train_nll: 4.981826982661173, valid_nll: 7.3273168424280675
[2021-09-25 08:19:49] epoch 179: train_loss: 0.08069209658123296, valid_loss: 0.10504453877607982, train_nll: 5.049839557487519, valid_nll: 7.003742368315219
[2021-09-25 08:20:01] epoch 180: train_loss: 0.08082068082073639, valid_loss: 0.10450218928356965, train_nll: 5.018282343954395, valid_nll: 6.861040441001334
[2021-09-25 08:20:12] epoch 181: train_loss: 0.08065325938079548, valid_loss: 0.10573684237897396, train_nll: 5.0014831565507585, valid_nll: 7.085677613907863
[2021-09-25 08:20:24] epoch 182: train_loss: 0.08058745409736688, valid_loss: 0.10547107582290967, train_nll: 5.0315478707849035, valid_nll: 7.117733724569066
[2021-09-25 08:20:35] epoch 183: train_loss: 0.08048759552853546, valid_loss: 0.10554820050795873, train_nll: 4.9929862194459735, valid_nll: 7.041491767926243
[2021-09-25 08:20:48] epoch 184: train_loss: 0.08029137429749143, valid_loss: 0.10582806045810382, train_nll: 4.990497912302075, valid_nll: 7.079469133273299
[2021-09-25 08:20:59] epoch 185: train_loss: 0.08055167801506903, valid_loss: 0.1060142448792855, train_nll: 4.994644479777748, valid_nll: 7.073178633069008
[2021-09-25 08:21:11] epoch 186: train_loss: 0.08052096952652109, valid_loss: 0.10676964869101842, train_nll: 5.009046774319039, valid_nll: 6.999984941607792
[2021-09-25 08:21:22] epoch 187: train_loss: 0.08080888742944975, valid_loss: 0.10746760666370392, train_nll: 5.022683262950787, valid_nll: 7.469837253133978
[2021-09-25 08:21:34] epoch 188: train_loss: 0.08033588057619402, valid_loss: 0.10539315703014533, train_nll: 4.9904854459132695, valid_nll: 7.2433432459160265
[2021-09-25 08:21:46] epoch 189: train_loss: 0.08023500680152712, valid_loss: 0.10521071838835876, train_nll: 4.99413208036791, valid_nll: 6.944495381825861
[2021-09-25 08:21:57] epoch 190: train_loss: 0.08039884130074375, valid_loss: 0.10567348139981429, train_nll: 4.999201653249708, valid_nll: 7.088577614045278
[2021-09-25 08:22:09] epoch 191: train_loss: 0.0804545378804892, valid_loss: 0.10642355432113011, train_nll: 5.003027429156073, valid_nll: 7.275079723594336
[2021-09-25 08:22:21] epoch 192: train_loss: 0.08028165572162332, valid_loss: 0.10539557660619418, train_nll: 4.998200168839032, valid_nll: 7.049425536651325
[2021-09-25 08:22:32] epoch 193: train_loss: 0.0804692324807589, valid_loss: 0.10661591899891694, train_nll: 5.006964843115693, valid_nll: 7.267807493514012
[2021-09-25 08:22:44] epoch 194: train_loss: 0.08038606017228515, valid_loss: 0.10598730482161045, train_nll: 5.015109974816268, valid_nll: 7.112439039276867
[2021-09-25 08:22:55] epoch 195: train_loss: 0.08019006933117735, valid_loss: 0.10515949750940005, train_nll: 4.974632636684233, valid_nll: 7.101875491258575
[2021-09-25 08:23:07] epoch 196: train_loss: 0.08033797361127946, valid_loss: 0.10597449416915576, train_nll: 5.008316013877918, valid_nll: 7.130184624476907
[2021-09-25 08:23:19] epoch 197: train_loss: 0.08036893608326885, valid_loss: 0.10702432816227277, train_nll: 4.999757883442583, valid_nll: 7.266545465694807
[2021-09-25 08:23:31] epoch 198: train_loss: 0.08040702319436374, valid_loss: 0.10625639247397582, train_nll: 5.000090722822393, valid_nll: 7.103641202257453
[2021-09-25 08:23:42] epoch 199: train_loss: 0.08030506332629714, valid_loss: 0.10567768042286237, train_nll: 4.99969335919469, valid_nll: 7.138791468979941
[2021-09-25 08:23:54] epoch 200: train_loss: 0.08053749217384162, valid_loss: 0.10501632032295068, train_nll: 5.012229554385016, valid_nll: 7.072536160753547
[2021-09-25 08:24:05] epoch 201: train_loss: 0.08060917478782692, valid_loss: 0.10592942001918952, train_nll: 4.973374215226858, valid_nll: 7.159463921809957
[2021-09-25 08:24:17] epoch 202: train_loss: 0.08083808053841536, valid_loss: 0.10643056842188041, train_nll: 5.057610545386793, valid_nll: 7.1735570882543165
[2021-09-25 08:24:29] epoch 203: train_loss: 0.08032091495035024, valid_loss: 0.10586126521229744, train_nll: 5.0008178126537794, valid_nll: 7.055155426655209
[2021-09-25 08:24:41] epoch 204: train_loss: 0.08012955316781313, valid_loss: 0.10615737301607926, train_nll: 5.000785842125968, valid_nll: 6.9746880164513225
[2021-09-25 08:24:53] epoch 205: train_loss: 0.08006457098085305, valid_loss: 0.10665220146377881, train_nll: 4.985414113795161, valid_nll: 7.284519288598037
[2021-09-25 08:25:04] epoch 206: train_loss: 0.08015934840358536, valid_loss: 0.10635056036214034, train_nll: 5.004124989764151, valid_nll: 7.244921256632563
[2021-09-25 08:25:15] epoch 207: train_loss: 0.08024452243471282, valid_loss: 0.10642939868072669, train_nll: 5.000898950435512, valid_nll: 7.103614950269517
[2021-09-25 08:25:27] epoch 208: train_loss: 0.08019019290804863, valid_loss: 0.10678755802412827, train_nll: 4.990748674111368, valid_nll: 7.288637286502917
[2021-09-25 08:25:38] epoch 209: train_loss: 0.08024190627466674, valid_loss: 0.10679230031867822, train_nll: 5.016359879815093, valid_nll: 7.309114066118594
[2021-09-25 08:25:50] epoch 210: train_loss: 0.08060380452494512, valid_loss: 0.10599646717309952, train_nll: 5.007619204966925, valid_nll: 7.069296674030583
[2021-09-25 08:26:02] epoch 211: train_loss: 0.08016339231325292, valid_loss: 0.10571770494182904, train_nll: 4.968736785804956, valid_nll: 7.123685339378372
[2021-09-25 08:26:13] epoch 212: train_loss: 0.08045367331340395, valid_loss: 0.1069367037465175, train_nll: 5.003282013309734, valid_nll: 7.111657033494445
[2021-09-25 08:26:25] epoch 213: train_loss: 0.08015902550227341, valid_loss: 0.10658170965810616, train_nll: 4.978163830462727, valid_nll: 7.171918586315849
[2021-09-25 08:26:36] epoch 214: train_loss: 0.07998225005108049, valid_loss: 0.10709098167717457, train_nll: 4.970782230664567, valid_nll: 7.215457064573134
[2021-09-25 08:26:48] epoch 215: train_loss: 0.08021194029642248, valid_loss: 0.10652773454785347, train_nll: 4.997941977667341, valid_nll: 7.211179794111127
[2021-09-25 08:27:00] epoch 216: train_loss: 0.08014850472581797, valid_loss: 0.10629179639120896, train_nll: 4.9955509940036915, valid_nll: 7.131207822187757
[2021-09-25 08:27:11] epoch 217: train_loss: 0.08024368841928997, valid_loss: 0.10648713757594426, train_nll: 4.998800711582471, valid_nll: 7.208438923390229
[2021-09-25 08:27:23] epoch 218: train_loss: 0.08010603838610923, valid_loss: 0.10636801769336064, train_nll: 4.990598755462383, valid_nll: 7.011632064046377
[2021-09-25 08:27:35] epoch 219: train_loss: 0.08014264152567277, valid_loss: 0.10693498079975446, train_nll: 5.004911263750233, valid_nll: 7.154209573541753
[2021-09-25 08:27:46] epoch 220: train_loss: 0.07998867380036705, valid_loss: 0.10769810403386752, train_nll: 4.955897822061101, valid_nll: 7.208473076739857
[2021-09-25 08:27:58] epoch 221: train_loss: 0.08015604139487634, valid_loss: 0.1077876773973306, train_nll: 4.998664911499152, valid_nll: 7.299084675915917
[2021-09-25 08:28:09] epoch 222: train_loss: 0.08009013458658223, valid_loss: 0.10609300186236699, train_nll: 4.976795129319187, valid_nll: 7.078419168268315
[2021-09-25 08:28:21] epoch 223: train_loss: 0.08006660618830001, valid_loss: 0.105719364558657, train_nll: 4.994845836065469, valid_nll: 7.265875195472818
[2021-09-25 08:28:33] epoch 224: train_loss: 0.08010010010209577, valid_loss: 0.10667445510625839, train_nll: 4.974362157421994, valid_nll: 7.1098358125668755
[2021-09-25 08:28:44] epoch 225: train_loss: 0.07997203862358784, valid_loss: 0.10707784382005532, train_nll: 4.993024523787972, valid_nll: 7.307837981891453
[2021-09-25 08:28:56] epoch 226: train_loss: 0.08014705363960786, valid_loss: 0.10705520150562127, train_nll: 4.99967023073105, valid_nll: 7.074054854001158
[2021-09-25 08:29:07] epoch 227: train_loss: 0.08002981866827641, valid_loss: 0.1069954161842664, train_nll: 4.9835640077576855, valid_nll: 7.1740901438872315
[2021-09-25 08:29:19] epoch 228: train_loss: 0.07994498224693468, valid_loss: 0.10650884918868542, train_nll: 4.981632264864347, valid_nll: 7.127515624656462
[2021-09-25 08:29:31] epoch 229: train_loss: 0.0799641299607425, valid_loss: 0.10652872485419114, train_nll: 4.963565598612824, valid_nll: 6.997776768668284
[2021-09-25 08:29:43] epoch 230: train_loss: 0.07996333161390376, valid_loss: 0.10668473690748215, train_nll: 5.003385695960356, valid_nll: 7.177991498478358
[2021-09-25 08:29:54] epoch 231: train_loss: 0.08016235370659965, valid_loss: 0.1074423963824908, train_nll: 5.012707362725378, valid_nll: 7.259739115358965
[2021-09-25 08:30:06] epoch 232: train_loss: 0.08036028987717354, valid_loss: 0.10720805451273918, train_nll: 5.007100966792239, valid_nll: 7.3151842156673235
[2021-09-25 08:30:17] epoch 233: train_loss: 0.07998656714870327, valid_loss: 0.10721388335029285, train_nll: 4.982146777289657, valid_nll: 7.3761734953517095
[2021-09-25 08:30:29] epoch 234: train_loss: 0.07984737735027554, valid_loss: 0.10732935431102912, train_nll: 4.969761775399744, valid_nll: 7.299646402613083
[2021-09-25 08:30:40] epoch 235: train_loss: 0.0797596466566982, valid_loss: 0.10781409529348214, train_nll: 4.984735300128886, valid_nll: 7.296760859677313
[2021-09-25 08:30:52] epoch 236: train_loss: 0.0797624062618305, valid_loss: 0.10663464665412903, train_nll: 4.988683071084153, valid_nll: 7.095564851170409
[2021-09-25 08:31:04] epoch 237: train_loss: 0.08006712278329778, valid_loss: 0.1072454247623682, train_nll: 4.988593512633904, valid_nll: 7.240933201773752
[2021-09-25 08:31:16] epoch 238: train_loss: 0.08059992923818786, valid_loss: 0.10781528428196907, train_nll: 5.0370788598367495, valid_nll: 7.240368755404989
[2021-09-25 08:31:27] epoch 239: train_loss: 0.08078761713515067, valid_loss: 0.10772464548548062, train_nll: 5.039514119022882, valid_nll: 7.3309998932743605
[2021-09-25 08:31:39] epoch 240: train_loss: 0.08007646345629774, valid_loss: 0.10734220407903194, train_nll: 4.994933018278889, valid_nll: 7.234660451005145
[2021-09-25 08:31:50] epoch 241: train_loss: 0.08012431596630606, valid_loss: 0.10722616252799828, train_nll: 4.994314885989702, valid_nll: 7.237739562988281
[2021-09-25 08:32:02] epoch 242: train_loss: 0.07967141782329686, valid_loss: 0.10691423962513606, train_nll: 4.957505620363569, valid_nll: 7.290046749150775
[2021-09-25 08:32:14] epoch 243: train_loss: 0.07989787398141691, valid_loss: 0.10731812442342441, train_nll: 4.987398062257431, valid_nll: 7.252165116243917
[2021-09-25 08:32:25] epoch 244: train_loss: 0.08011579173135347, valid_loss: 0.10718650991717975, train_nll: 4.984087798132074, valid_nll: 7.375547684603292
[2021-09-25 08:32:37] epoch 245: train_loss: 0.07989522448644557, valid_loss: 0.10770375778277715, train_nll: 4.98273615083455, valid_nll: 7.274427331634579
[2021-09-25 08:32:48] epoch 246: train_loss: 0.07997155048210046, valid_loss: 0.10641799867153168, train_nll: 4.991525912843291, valid_nll: 6.993807407973184
[2021-09-25 08:33:00] epoch 247: train_loss: 0.08006375503522911, valid_loss: 0.10764201606313388, train_nll: 4.980581648617914, valid_nll: 7.060770331806806
[2021-09-25 08:33:12] epoch 248: train_loss: 0.07985248904803703, valid_loss: 0.10831068828701973, train_nll: 4.990551636022313, valid_nll: 7.366057061343882
[2021-09-25 08:33:23] epoch 249: train_loss: 0.08031363346367731, valid_loss: 0.10783547100921471, train_nll: 4.991034719656731, valid_nll: 7.452855537801031
[2021-09-25 08:33:35] epoch 250: train_loss: 0.08008585502018874, valid_loss: 0.10807709644238155, train_nll: 4.986105032021498, valid_nll: 7.284804925685975
[2021-09-25 08:33:47] epoch 251: train_loss: 0.08007272795356553, valid_loss: 0.10713514499366283, train_nll: 4.986462283370917, valid_nll: 7.211126932283727
[2021-09-25 08:33:58] epoch 252: train_loss: 0.08014918767429631, valid_loss: 0.10793603832523029, train_nll: 4.994278412122821, valid_nll: 7.371430817509235
[2021-09-25 08:34:10] epoch 253: train_loss: 0.07996648051187225, valid_loss: 0.10639065131545067, train_nll: 4.992351476440301, valid_nll: 7.020021850127888
[2021-09-25 08:34:21] epoch 254: train_loss: 0.0796894404566151, valid_loss: 0.1076527467618386, train_nll: 4.979571657810666, valid_nll: 7.263954964185074
[2021-09-25 08:34:33] epoch 255: train_loss: 0.07956491796107128, valid_loss: 0.10686313360929489, train_nll: 4.935221314455392, valid_nll: 7.068630254291012
[2021-09-25 08:34:45] epoch 256: train_loss: 0.0799444161312676, valid_loss: 0.10743517366548379, train_nll: 5.011688182514462, valid_nll: 7.087267276270081
[2021-09-25 08:34:56] epoch 257: train_loss: 0.0801371550294517, valid_loss: 0.10852826324601968, train_nll: 5.005739506650862, valid_nll: 7.329144790964324
[2021-09-25 08:35:08] epoch 258: train_loss: 0.07995185532189648, valid_loss: 0.10761090616385142, train_nll: 4.991183283963418, valid_nll: 7.4328704604959395
[2021-09-25 08:35:19] epoch 259: train_loss: 0.07985127473185802, valid_loss: 0.10796841233968735, train_nll: 4.971227965844938, valid_nll: 7.368265878416136
[2021-09-25 08:35:31] epoch 260: train_loss: 0.07985628717418375, valid_loss: 0.10822456205884616, train_nll: 4.982658224836334, valid_nll: 7.267889556025922
[2021-09-25 08:35:42] epoch 261: train_loss: 0.07966105235290938, valid_loss: 0.10792955756187439, train_nll: 4.965123724550053, valid_nll: 7.174235360036424
[2021-09-25 08:35:54] epoch 262: train_loss: 0.0796314985973054, valid_loss: 0.10841085265080135, train_nll: 4.963574911577587, valid_nll: 7.368953626106649
[2021-09-25 08:36:06] epoch 263: train_loss: 0.07993739301702757, valid_loss: 0.10861364814142387, train_nll: 4.982074691666207, valid_nll: 7.440126300976379
[2021-09-25 08:36:17] epoch 264: train_loss: 0.07999490950813239, valid_loss: 0.10856654495000839, train_nll: 4.974675398080201, valid_nll: 7.458587646484375
[2021-09-25 08:36:29] epoch 265: train_loss: 0.0800203893376493, valid_loss: 0.10784124645094077, train_nll: 5.000281375177451, valid_nll: 7.134879049619635
[2021-09-25 08:36:40] epoch 266: train_loss: 0.0797947018953233, valid_loss: 0.10749607781569163, train_nll: 4.960095167512203, valid_nll: 7.262989638222986
[2021-09-25 08:36:52] epoch 267: train_loss: 0.07963533688807624, valid_loss: 0.10864375159144402, train_nll: 4.970286670579365, valid_nll: 7.378803374843347
[2021-09-25 08:37:04] epoch 268: train_loss: 0.07993762946591296, valid_loss: 0.10873434444268544, train_nll: 4.976358288122798, valid_nll: 7.468377404991279
[2021-09-25 08:37:15] epoch 269: train_loss: 0.07972784708628709, valid_loss: 0.10914496270318826, train_nll: 4.976107118199661, valid_nll: 7.3868624774868445
[2021-09-25 08:37:27] epoch 270: train_loss: 0.07958439878862479, valid_loss: 0.10787811502814293, train_nll: 4.941987968391697, valid_nll: 7.202721572503811
[2021-09-25 08:37:39] epoch 271: train_loss: 0.07966787340226529, valid_loss: 0.10769574033717315, train_nll: 4.985298734698323, valid_nll: 7.295452826465943
[2021-09-25 08:37:50] epoch 272: train_loss: 0.08049600967473683, valid_loss: 0.10782131304343541, train_nll: 5.032457873297533, valid_nll: 7.282169019974642
[2021-09-25 08:38:02] epoch 273: train_loss: 0.08063742689702702, valid_loss: 0.1079018705834945, train_nll: 5.025138295131988, valid_nll: 7.121371643180919
[2021-09-25 08:38:13] epoch 274: train_loss: 0.07976386060231719, valid_loss: 0.10756607477863629, train_nll: 4.970818968960242, valid_nll: 7.08139308621691
[2021-09-25 08:38:25] epoch 275: train_loss: 0.0796825858796465, valid_loss: 0.10761092230677605, train_nll: 4.986781109634596, valid_nll: 7.230483593681292
[2021-09-25 08:38:37] epoch 276: train_loss: 0.07963362507436467, valid_loss: 0.1076384683450063, train_nll: 4.9573802070593525, valid_nll: 7.201033658426653
[2021-09-25 08:38:49] epoch 277: train_loss: 0.07962545557696929, valid_loss: 0.1079505564024051, train_nll: 4.964430879656085, valid_nll: 7.2259505452626644
[2021-09-25 08:39:00] epoch 278: train_loss: 0.08030612344971333, valid_loss: 0.10775792722900708, train_nll: 5.012411994555752, valid_nll: 7.135664977454781
[2021-09-25 08:39:12] epoch 279: train_loss: 0.07973789183915346, valid_loss: 0.10829899335900943, train_nll: 4.974212141373058, valid_nll: 7.259317194095919
[2021-09-25 08:39:24] epoch 280: train_loss: 0.07943501961471021, valid_loss: 0.10906998626887798, train_nll: 4.965798381814275, valid_nll: 7.488005475300114
[2021-09-25 08:39:35] epoch 281: train_loss: 0.07961992253602922, valid_loss: 0.10766742937266827, train_nll: 4.983670864358786, valid_nll: 7.238879892660574
[2021-09-25 08:39:47] epoch 282: train_loss: 0.07979057266794402, valid_loss: 0.10883298702538013, train_nll: 4.9672689745762755, valid_nll: 7.0619856814729784
[2021-09-25 08:39:59] epoch 283: train_loss: 0.07976219432706806, valid_loss: 0.10706573911011219, train_nll: 4.98949362744156, valid_nll: 7.176918545091353
[2021-09-25 08:40:11] epoch 284: train_loss: 0.07953249065783517, valid_loss: 0.10816716340680917, train_nll: 4.954596184808812, valid_nll: 7.33599409779733
[2021-09-25 08:40:22] epoch 285: train_loss: 0.07965224767210839, valid_loss: 0.1092216440786918, train_nll: 4.96535562095473, valid_nll: 7.340422811025079
[2021-09-25 08:40:33] epoch 286: train_loss: 0.07981809986562564, valid_loss: 0.10866383959849675, train_nll: 4.964025111459031, valid_nll: 7.3302843476773205
[2021-09-25 08:40:45] epoch 287: train_loss: 0.07983101829458242, valid_loss: 0.10859257665773232, train_nll: 4.984322529197318, valid_nll: 7.170392464070562
[2021-09-25 08:40:57] epoch 288: train_loss: 0.07968751450294051, valid_loss: 0.10703384069104989, train_nll: 4.964893533047002, valid_nll: 7.15962810409002
[2021-09-25 08:41:08] epoch 289: train_loss: 0.0796452181991832, valid_loss: 0.10808613275488217, train_nll: 4.966464340296897, valid_nll: 7.271721616247581
[2021-09-25 08:41:20] epoch 290: train_loss: 0.07963990824746675, valid_loss: 0.10792300353447597, train_nll: 4.965413315534139, valid_nll: 7.216707082895132
[2021-09-25 08:41:32] epoch 291: train_loss: 0.08030025581775725, valid_loss: 0.10852478879193465, train_nll: 4.998177113224117, valid_nll: 7.2586113248041375
[2021-09-25 08:41:43] epoch 292: train_loss: 0.07977932571679697, valid_loss: 0.10765761199096839, train_nll: 4.9736118248228935, valid_nll: 7.260018268177254
[2021-09-25 08:41:55] epoch 293: train_loss: 0.08013037772014223, valid_loss: 0.1084682314346234, train_nll: 4.997152298305275, valid_nll: 7.348358054098448
[2021-09-25 08:42:06] epoch 294: train_loss: 0.0802037001469697, valid_loss: 0.10862021831174691, train_nll: 5.0241581574098095, valid_nll: 7.315971503338268
[2021-09-25 08:42:18] epoch 295: train_loss: 0.07957525105997064, valid_loss: 0.10871815495193005, train_nll: 4.975892678120137, valid_nll: 7.216450832574497
[2021-09-25 08:42:30] epoch 296: train_loss: 0.07959340084558246, valid_loss: 0.1087526585906744, train_nll: 4.968159409358195, valid_nll: 7.165801458018806
[2021-09-25 08:42:41] epoch 297: train_loss: 0.07951474489494302, valid_loss: 0.10929872592290242, train_nll: 4.968440595370452, valid_nll: 7.281115777049682
[2021-09-25 08:42:53] epoch 298: train_loss: 0.07948250302124298, valid_loss: 0.10934288116792838, train_nll: 4.95464853164792, valid_nll: 7.153384654204349
[2021-09-25 08:43:04] epoch 299: train_loss: 0.0795212381615721, valid_loss: 0.10866519001622994, train_nll: 4.967390479808066, valid_nll: 7.291531947495566
[2021-09-25 08:43:16] epoch 300: train_loss: 0.07955623131202555, valid_loss: 0.10963744732240836, train_nll: 4.970634696704472, valid_nll: 7.36591406387415
[2021-09-25 08:43:28] epoch 301: train_loss: 0.07977362056316316, valid_loss: 0.11035908075670402, train_nll: 4.981079673887834, valid_nll: 7.301159584947196
[2021-09-25 08:43:40] epoch 302: train_loss: 0.0798700906379127, valid_loss: 0.10988022138675053, train_nll: 4.981641799192636, valid_nll: 7.32011002760667
[2021-09-25 08:43:51] epoch 303: train_loss: 0.07976210633314204, valid_loss: 0.110549737388889, train_nll: 4.976687002493928, valid_nll: 7.516423925002565
[2021-09-25 08:44:03] epoch 304: train_loss: 0.07938115825426989, valid_loss: 0.10998888934652011, train_nll: 4.948148342244457, valid_nll: 7.300967189652835
[2021-09-25 08:44:14] epoch 305: train_loss: 0.07968374866264305, valid_loss: 0.11033093308409055, train_nll: 4.961445333284023, valid_nll: 7.507788953369599
[2021-09-25 08:44:26] epoch 306: train_loss: 0.07961819070423472, valid_loss: 0.11063760208586852, train_nll: 4.982314809512227, valid_nll: 7.1505343238587225
[2021-09-25 08:44:37] epoch 307: train_loss: 0.07936450958937064, valid_loss: 0.11011666742463906, train_nll: 4.985812288015848, valid_nll: 7.331553689981715
[2021-09-25 08:44:49] epoch 308: train_loss: 0.07937064636284592, valid_loss: 0.10941588568190734, train_nll: 4.950976139735914, valid_nll: 7.291577408953411
[2021-09-25 08:45:01] epoch 309: train_loss: 0.0800006149615022, valid_loss: 0.10909601673483849, train_nll: 4.990366238434874, valid_nll: 7.141213508305362
[2021-09-25 08:45:12] epoch 310: train_loss: 0.0803020060619061, valid_loss: 0.10964231627682845, train_nll: 4.973860271169707, valid_nll: 7.233000005611112
[2021-09-25 08:45:24] epoch 311: train_loss: 0.08026379321155877, valid_loss: 0.10879517284532388, train_nll: 4.987285270698967, valid_nll: 7.049696373000154
[2021-09-25 08:45:35] epoch 312: train_loss: 0.0797357358595078, valid_loss: 0.1093924269080162, train_nll: 4.980978341715375, valid_nll: 7.400928919579254
[2021-09-25 08:45:47] epoch 313: train_loss: 0.07924227091087692, valid_loss: 0.11016404690841834, train_nll: 4.947922747053157, valid_nll: 7.19761757913271
[2021-09-25 08:45:59] epoch 314: train_loss: 0.07945427140113952, valid_loss: 0.10979430936276913, train_nll: 4.950896403386538, valid_nll: 7.315198844637701
[2021-09-25 08:46:11] epoch 315: train_loss: 0.07938401221201338, valid_loss: 0.11086480629940827, train_nll: 4.954590307003487, valid_nll: 7.447990531992957
[2021-09-25 08:46:22] epoch 316: train_loss: 0.0798117561886708, valid_loss: 0.10938473977148533, train_nll: 4.98641062678353, valid_nll: 7.229925588639995
[2021-09-25 08:46:34] epoch 317: train_loss: 0.079978139878347, valid_loss: 0.10853957322736581, train_nll: 4.975957604042209, valid_nll: 7.17216093768322
[2021-09-25 08:46:45] epoch 318: train_loss: 0.0806258200485816, valid_loss: 0.11105624462167422, train_nll: 5.02564830381575, valid_nll: 7.403119929959582
[2021-09-25 08:46:57] epoch 319: train_loss: 0.08327746598970616, valid_loss: 0.10740659572184086, train_nll: 5.189961737081154, valid_nll: 7.064044773466815
[2021-09-25 08:47:09] epoch 320: train_loss: 0.08109006641068678, valid_loss: 0.10818819453318913, train_nll: 5.024836733613394, valid_nll: 7.081462495098865
[2021-09-25 08:47:20] epoch 321: train_loss: 0.08009281561806283, valid_loss: 0.10802529814342658, train_nll: 4.99950010843432, valid_nll: 6.87368546820492
[2021-09-25 08:47:32] epoch 322: train_loss: 0.07938257930265076, valid_loss: 0.10860232015450795, train_nll: 4.941230551354818, valid_nll: 7.132135530797447
[2021-09-25 08:47:44] epoch 323: train_loss: 0.07909877484814189, valid_loss: 0.10854305823644002, train_nll: 4.949954843289692, valid_nll: 7.097221088230498
[2021-09-25 08:47:55] epoch 324: train_loss: 0.07936164982959457, valid_loss: 0.10829833087821801, train_nll: 4.966197121115671, valid_nll: 6.872323685694367
[2021-09-25 08:48:07] epoch 325: train_loss: 0.07960819664957194, valid_loss: 0.1080918734272321, train_nll: 4.969965740557234, valid_nll: 7.21231293812478
[2021-09-25 08:48:18] epoch 326: train_loss: 0.08012964443742544, valid_loss: 0.10922049855192502, train_nll: 5.003757118600208, valid_nll: 7.123968142282225
[2021-09-25 08:48:30] epoch 327: train_loss: 0.0797921271844842, valid_loss: 0.10946491236488025, train_nll: 4.973069221768658, valid_nll: 7.288367681163337
[2021-09-25 08:48:42] epoch 328: train_loss: 0.07964650873394533, valid_loss: 0.10998629406094551, train_nll: 4.982630120925598, valid_nll: 7.3935449539384965
[2021-09-25 08:48:53] epoch 329: train_loss: 0.07973201568613107, valid_loss: 0.10973554352919261, train_nll: 5.0019362969447805, valid_nll: 7.375297904238245
[2021-09-25 08:49:05] epoch 330: train_loss: 0.07934526362638364, valid_loss: 0.10897799891730149, train_nll: 4.9611396725154115, valid_nll: 7.231381944151801
[2021-09-25 08:49:16] epoch 331: train_loss: 0.07941698888851993, valid_loss: 0.10989878637095292, train_nll: 4.953077356129614, valid_nll: 7.129803326519077
[2021-09-25 08:49:28] epoch 332: train_loss: 0.07952864551595573, valid_loss: 0.11002829919258754, train_nll: 4.955961612187048, valid_nll: 7.31943656534907
[2021-09-25 08:49:40] epoch 333: train_loss: 0.07972965151842298, valid_loss: 0.10976344719529152, train_nll: 4.987572848884887, valid_nll: 7.19637846812522
[2021-09-25 08:49:52] epoch 334: train_loss: 0.07978723474360745, valid_loss: 0.11037081045409043, train_nll: 5.000453046213904, valid_nll: 7.183091927648261
[2021-09-25 08:50:03] epoch 335: train_loss: 0.07971427876545095, valid_loss: 0.10919421973327796, train_nll: 5.002639518958351, valid_nll: 7.141497127110695
[2021-09-25 08:50:15] epoch 336: train_loss: 0.079198168505026, valid_loss: 0.11001842158536117, train_nll: 4.9503010936768455, valid_nll: 7.11665935409002
[2021-09-25 08:50:26] epoch 337: train_loss: 0.07911467267435858, valid_loss: 0.10988166493674119, train_nll: 4.960691602553565, valid_nll: 7.226503311357623
[2021-09-25 08:50:38] epoch 338: train_loss: 0.07940451659519097, valid_loss: 0.10943675537904103, train_nll: 4.962850077641767, valid_nll: 7.104981699759249
[2021-09-25 08:50:49] epoch 339: train_loss: 0.07985920336996687, valid_loss: 0.10928475297987461, train_nll: 4.970964783126982, valid_nll: 7.167613088525482
[2021-09-25 08:51:01] epoch 340: train_loss: 0.07945214192672022, valid_loss: 0.10896037767330806, train_nll: 4.991187838417338, valid_nll: 7.098157585673663
[2021-09-25 08:51:13] epoch 341: train_loss: 0.07931233088261094, valid_loss: 0.11011796879271667, train_nll: 4.943369225274412, valid_nll: 7.35580271135799
[2021-09-25 08:51:24] epoch 342: train_loss: 0.07949280081552336, valid_loss: 0.10884917713701725, train_nll: 4.959683032900152, valid_nll: 7.200554752886631
[2021-09-25 08:51:36] epoch 343: train_loss: 0.07956835212207389, valid_loss: 0.110188369328777, train_nll: 4.976450076307469, valid_nll: 7.23299943304867
[2021-09-25 08:51:52] epoch 344: train_loss: 0.07950669524912861, valid_loss: 0.10928708252807458, train_nll: 4.948559317716593, valid_nll: 7.424664695983085
[2021-09-25 08:52:05] epoch 345: train_loss: 0.0800346264765523, valid_loss: 0.10911515044669311, train_nll: 4.986969516961024, valid_nll: 7.106707703552819
[2021-09-25 08:52:17] epoch 346: train_loss: 0.08493084325615702, valid_loss: 0.10887019832928975, train_nll: 5.2296602591655255, valid_nll: 7.1664627819526485
[2021-09-25 08:52:28] epoch 347: train_loss: 0.08162597551856232, valid_loss: 0.1082687433809042, train_nll: 5.124024685185327, valid_nll: 7.116321456365245
[2021-09-25 08:52:40] epoch 348: train_loss: 0.08027474487992539, valid_loss: 0.10960534897943337, train_nll: 5.043461079385166, valid_nll: 7.323537715604113
[2021-09-25 08:52:52] epoch 349: train_loss: 0.07949001104410353, valid_loss: 0.11066687790056069, train_nll: 5.00795841679892, valid_nll: 7.277607558144861
[2021-09-25 08:53:03] epoch 350: train_loss: 0.07927443153471098, valid_loss: 0.11031626972059409, train_nll: 4.950255408672422, valid_nll: 7.098417271368946
[2021-09-25 08:53:15] epoch 351: train_loss: 0.0794840313751122, valid_loss: 0.11227177331844966, train_nll: 4.976654542551485, valid_nll: 7.4707747811895375
[2021-09-25 08:53:26] epoch 352: train_loss: 0.07965978040177932, valid_loss: 0.11180019564926624, train_nll: 5.000453860831678, valid_nll: 7.286521868678911
[2021-09-25 08:53:38] epoch 353: train_loss: 0.08088424352222476, valid_loss: 0.11004205048084259, train_nll: 5.055531333734979, valid_nll: 7.131054203684737
[2021-09-25 08:53:50] epoch 354: train_loss: 0.08414908776851907, valid_loss: 0.10958225590487321, train_nll: 5.195886580142624, valid_nll: 7.189245213263478
[2021-09-25 08:54:02] epoch 355: train_loss: 0.08345928096651346, valid_loss: 0.10929003606239955, train_nll: 5.240326151110296, valid_nll: 7.084656806645206
[2021-09-25 08:54:13] epoch 356: train_loss: 0.08177999184391964, valid_loss: 0.10906958393752575, train_nll: 5.130595841722716, valid_nll: 7.166208120492788
[2021-09-25 08:54:24] epoch 357: train_loss: 0.08284688289223731, valid_loss: 0.10943389435609181, train_nll: 5.204860348770905, valid_nll: 7.193787494251473
[2021-09-25 08:54:36] epoch 358: train_loss: 0.08150301267789013, valid_loss: 0.11043223614494006, train_nll: 5.093423727067318, valid_nll: 7.208107438364799
[2021-09-25 08:54:48] epoch 359: train_loss: 0.08397595852013977, valid_loss: 0.10891057302554448, train_nll: 5.276798432223981, valid_nll: 7.333882845365084
[2021-09-25 08:54:59] epoch 360: train_loss: 0.08297617945434718, valid_loss: 0.10993487077454726, train_nll: 5.182851375620887, valid_nll: 7.270298526613618
[2021-09-25 08:55:11] epoch 361: train_loss: 0.08379154384735672, valid_loss: 0.10941690268615882, train_nll: 5.228723034976428, valid_nll: 7.28006735796329
[2021-09-25 08:55:23] epoch 362: train_loss: 0.08204968665437452, valid_loss: 0.10798169486224651, train_nll: 5.14020982224319, valid_nll: 7.13659958544189
[2021-09-25 08:55:34] epoch 363: train_loss: 0.08103944448989699, valid_loss: 0.10931806452572346, train_nll: 5.060126235198814, valid_nll: 7.197030316150658
[2021-09-25 08:55:45] epoch 364: train_loss: 0.08079360714503403, valid_loss: 0.10862351767718792, train_nll: 5.032482754155336, valid_nll: 7.17066730835648
[2021-09-25 08:55:57] epoch 365: train_loss: 0.081079903112232, valid_loss: 0.10803926798204581, train_nll: 5.055324963362163, valid_nll: 7.234171940730168
[2021-09-25 08:56:09] epoch 366: train_loss: 0.08127961832302055, valid_loss: 0.10859396929542224, train_nll: 5.104652717913925, valid_nll: 7.056304903012503
[2021-09-25 08:56:20] epoch 367: train_loss: 0.08319325785784201, valid_loss: 0.10937429343660672, train_nll: 5.1657611768842875, valid_nll: 7.1379349728238966
[2021-09-25 08:56:32] epoch 368: train_loss: 0.08211952501415522, valid_loss: 0.11028753655652206, train_nll: 5.115253133747642, valid_nll: 7.354456430975536
[2021-09-25 08:56:43] epoch 369: train_loss: 0.08533016089135888, valid_loss: 0.1094551266481479, train_nll: 5.349239756674121, valid_nll: 6.901803179485042
[2021-09-25 08:56:55] epoch 370: train_loss: 0.08424496588607629, valid_loss: 0.10890542156994343, train_nll: 5.2495008920612, valid_nll: 7.142789672508025
[2021-09-25 08:57:06] epoch 371: train_loss: 0.08375271354084728, valid_loss: 0.10847256022195022, train_nll: 5.241477232991605, valid_nll: 6.896786330117517
[2021-09-25 08:57:18] epoch 372: train_loss: 0.08331215325957057, valid_loss: 0.10886607877910137, train_nll: 5.204766193606426, valid_nll: 7.2082125751430945
[2021-09-25 08:57:30] epoch 373: train_loss: 0.08259231607889993, valid_loss: 0.10908895668884118, train_nll: 5.1878143217171715, valid_nll: 7.197381024960058
[2021-09-25 08:57:42] epoch 374: train_loss: 0.08426595066042467, valid_loss: 0.1094480858494838, train_nll: 5.276808971140198, valid_nll: 7.1697871367434844
[2021-09-25 08:57:53] epoch 375: train_loss: 0.08382250950939354, valid_loss: 0.10857610839108627, train_nll: 5.265121420920461, valid_nll: 7.134562494159863
[2021-09-25 08:58:04] epoch 376: train_loss: 0.08463373799519293, valid_loss: 0.11026591869692008, train_nll: 5.348783010067027, valid_nll: 7.12471308896063
[2021-09-25 08:58:16] epoch 377: train_loss: 0.08311439230609899, valid_loss: 0.10886623213688533, train_nll: 5.186507791123528, valid_nll: 7.050701764019077
[2021-09-25 08:58:27] epoch 378: train_loss: 0.08531106865012097, valid_loss: 0.11071558048327763, train_nll: 5.386046737023712, valid_nll: 7.377486094748549
[2021-09-25 08:58:39] epoch 379: train_loss: 0.09284263299028764, valid_loss: 0.11624240813155969, train_nll: 5.686660279601806, valid_nll: 7.627573553661468
[2021-09-25 08:58:51] epoch 380: train_loss: 0.09813465978736165, valid_loss: 0.11405931288997333, train_nll: 6.169962338642572, valid_nll: 7.616781796568106
[2021-09-25 08:59:02] epoch 381: train_loss: 0.0953309660370665, valid_loss: 0.11312467294434707, train_nll: 5.903765938206045, valid_nll: 7.438659997192154
[2021-09-25 08:59:14] epoch 382: train_loss: 0.095271871007722, valid_loss: 0.11218738307555516, train_nll: 5.89920763739002, valid_nll: 7.357543973940622
[2021-09-25 08:59:25] epoch 383: train_loss: 0.09425512350153649, valid_loss: 0.11091743906339009, train_nll: 5.820359608573133, valid_nll: 7.129485210826652
[2021-09-25 08:59:37] epoch 384: train_loss: 0.09435339025810532, valid_loss: 0.11346993843714397, train_nll: 5.78764954949512, valid_nll: 7.74956223307139
[2021-09-25 08:59:49] epoch 385: train_loss: 0.09557336202726283, valid_loss: 0.1122429333627224, train_nll: 5.944020847852634, valid_nll: 7.246190999730667
[2021-09-25 09:00:01] epoch 386: train_loss: 0.09784495121874344, valid_loss: 0.11780707910656929, train_nll: 6.074370378380361, valid_nll: 7.567170449090496
[2021-09-25 09:00:12] epoch 387: train_loss: 0.09885601667237692, valid_loss: 0.116808636734883, train_nll: 6.156198947131319, valid_nll: 7.284854724304314
[2021-09-25 09:00:24] epoch 388: train_loss: 0.09994129314162266, valid_loss: 0.11531829026838143, train_nll: 6.273701490896063, valid_nll: 7.632182767198859
[2021-09-25 09:00:36] epoch 389: train_loss: 0.10253095284275625, valid_loss: 0.11831576935946941, train_nll: 6.2960965184125, valid_nll: 7.749176812663982
[2021-09-25 09:00:47] epoch 390: train_loss: 0.10365395020993276, valid_loss: 0.11474029223124187, train_nll: 6.340850875960746, valid_nll: 7.494881878650658
[2021-09-25 09:00:59] epoch 391: train_loss: 0.10417204977537708, valid_loss: 0.11591039535899957, train_nll: 6.34822585215974, valid_nll: 7.346745188643292
[2021-09-25 09:01:10] epoch 392: train_loss: 0.10564218465795462, valid_loss: 0.11902057317396005, train_nll: 6.400418100640803, valid_nll: 7.412398332950098
[2021-09-25 09:01:22] epoch 393: train_loss: 0.10541597972142286, valid_loss: 0.11754989810287952, train_nll: 6.552358864379548, valid_nll: 7.531405021281
[2021-09-25 09:01:34] epoch 394: train_loss: 0.1068677942900137, valid_loss: 0.11917565080026786, train_nll: 6.642593452210516, valid_nll: 7.97467068212341
[2021-09-25 09:01:45] epoch 395: train_loss: 0.10704137913711455, valid_loss: 0.11558966649075349, train_nll: 6.605256775507672, valid_nll: 7.437975097999788
[2021-09-25 09:01:57] epoch 396: train_loss: 0.10518023583652644, valid_loss: 0.11357678100466728, train_nll: 6.564531741249936, valid_nll: 7.595053552910266
[2021-09-25 09:02:08] epoch 397: train_loss: 0.10536030215350375, valid_loss: 0.11662847486635049, train_nll: 6.619965999431815, valid_nll: 7.900522972808322
[2021-09-25 09:02:20] epoch 398: train_loss: 0.10617771177370658, valid_loss: 0.11485806728402774, train_nll: 6.776612752901147, valid_nll: 7.504433866289722
[2021-09-25 09:02:32] epoch 399: train_loss: 0.10492665074423127, valid_loss: 0.11467069946229458, train_nll: 6.63582282258529, valid_nll: 7.530065039085403
[2021-09-25 09:02:44] epoch 400: train_loss: 0.10499831325449478, valid_loss: 0.113578953469793, train_nll: 6.654110234154506, valid_nll: 7.656518145305355
[2021-09-25 09:02:55] epoch 401: train_loss: 0.10484314697055981, valid_loss: 0.11326869080464046, train_nll: 6.566138866204807, valid_nll: 7.178439857812133
[2021-09-25 09:03:07] epoch 402: train_loss: 0.10531426161185078, valid_loss: 0.11400512233376503, train_nll: 6.643236964029158, valid_nll: 7.494708649884021
[2021-09-25 09:03:18] epoch 403: train_loss: 0.10646228055501807, valid_loss: 0.11315490677952766, train_nll: 6.7415928290246985, valid_nll: 7.599447325515031
[2021-09-25 09:03:30] epoch 404: train_loss: 0.106712915281626, valid_loss: 0.11420395287374656, train_nll: 6.751170633915332, valid_nll: 7.475733014477127
[2021-09-25 09:03:42] epoch 405: train_loss: 0.10740665577608964, valid_loss: 0.11655237649877866, train_nll: 6.8572639027434725, valid_nll: 7.137243417593149
[2021-09-25 09:03:54] epoch 406: train_loss: nan, valid_loss: nan, train_nll: nan, valid_nll: nan
[2021-09-25 09:04:05] epoch 407: train_loss: nan, valid_loss: nan, train_nll: nan, valid_nll: nan
[2021-09-25 09:04:18] epoch 408: train_loss: nan, valid_loss: nan, train_nll: nan, valid_nll: nan
[2021-09-25 09:04:31] epoch 409: train_loss: nan, valid_loss: nan, train_nll: nan, valid_nll: nan
[2021-09-25 09:04:43] epoch 410: train_loss: nan, valid_loss: nan, train_nll: nan, valid_nll: nan
[2021-09-25 09:04:54] epoch 411: train_loss: nan, valid_loss: nan, train_nll: nan, valid_nll: nan
[2021-09-25 09:05:06] epoch 412: train_loss: nan, valid_loss: nan, train_nll: nan, valid_nll: nan
[2021-09-25 09:05:18] epoch 413: train_loss: nan, valid_loss: nan, train_nll: nan, valid_nll: nan
[2021-09-25 09:05:29] epoch 414: train_loss: nan, valid_loss: nan, train_nll: nan, valid_nll: nan
[2021-09-25 09:05:40] epoch 415: train_loss: nan, valid_loss: nan, train_nll: nan, valid_nll: nan
[2021-09-25 09:05:52] epoch 416: train_loss: nan, valid_loss: nan, train_nll: nan, valid_nll: nan
[2021-09-25 09:06:03] epoch 417: train_loss: nan, valid_loss: nan, train_nll: nan, valid_nll: nan
[2021-09-25 09:06:15] epoch 418: train_loss: nan, valid_loss: nan, train_nll: nan, valid_nll: nan
[2021-09-25 09:06:26] epoch 419: train_loss: nan, valid_loss: nan, train_nll: nan, valid_nll: nan
[2021-09-25 09:06:37] epoch 420: train_loss: nan, valid_loss: nan, train_nll: nan, valid_nll: nan
[2021-09-25 09:06:49] epoch 421: train_loss: nan, valid_loss: nan, train_nll: nan, valid_nll: nan
[2021-09-25 09:07:00] epoch 422: train_loss: nan, valid_loss: nan, train_nll: nan, valid_nll: nan
[2021-09-25 09:07:12] epoch 423: train_loss: nan, valid_loss: nan, train_nll: nan, valid_nll: nan
[2021-09-25 09:07:23] epoch 424: train_loss: nan, valid_loss: nan, train_nll: nan, valid_nll: nan
[2021-09-25 09:07:35] epoch 425: train_loss: nan, valid_loss: nan, train_nll: nan, valid_nll: nan
[2021-09-25 09:07:47] epoch 426: train_loss: nan, valid_loss: nan, train_nll: nan, valid_nll: nan
[2021-09-25 09:07:58] epoch 427: train_loss: nan, valid_loss: nan, train_nll: nan, valid_nll: nan
[2021-09-25 09:08:09] epoch 428: train_loss: nan, valid_loss: nan, train_nll: nan, valid_nll: nan
[2021-09-25 09:08:21] epoch 429: train_loss: nan, valid_loss: nan, train_nll: nan, valid_nll: nan
[2021-09-25 09:08:32] epoch 430: train_loss: nan, valid_loss: nan, train_nll: nan, valid_nll: nan
[2021-09-25 09:08:44] epoch 431: train_loss: nan, valid_loss: nan, train_nll: nan, valid_nll: nan
[2021-09-25 09:08:56] epoch 432: train_loss: nan, valid_loss: nan, train_nll: nan, valid_nll: nan
[2021-09-25 09:09:07] epoch 433: train_loss: nan, valid_loss: nan, train_nll: nan, valid_nll: nan
[2021-09-25 09:09:18] epoch 434: train_loss: nan, valid_loss: nan, train_nll: nan, valid_nll: nan
[2021-09-25 09:09:30] epoch 435: train_loss: nan, valid_loss: nan, train_nll: nan, valid_nll: nan
[2021-09-25 09:09:41] epoch 436: train_loss: nan, valid_loss: nan, train_nll: nan, valid_nll: nan
[2021-09-25 09:09:53] epoch 437: train_loss: nan, valid_loss: nan, train_nll: nan, valid_nll: nan
[2021-09-25 09:10:04] epoch 438: train_loss: nan, valid_loss: nan, train_nll: nan, valid_nll: nan
[2021-09-25 09:10:16] epoch 439: train_loss: nan, valid_loss: nan, train_nll: nan, valid_nll: nan
[2021-09-25 09:10:27] epoch 440: train_loss: nan, valid_loss: nan, train_nll: nan, valid_nll: nan
[2021-09-25 09:10:39] epoch 441: train_loss: nan, valid_loss: nan, train_nll: nan, valid_nll: nan
[2021-09-25 09:10:50] epoch 442: train_loss: nan, valid_loss: nan, train_nll: nan, valid_nll: nan
[2021-09-25 09:11:01] epoch 443: train_loss: nan, valid_loss: nan, train_nll: nan, valid_nll: nan
[2021-09-25 09:11:13] epoch 444: train_loss: nan, valid_loss: nan, train_nll: nan, valid_nll: nan
[2021-09-25 09:11:25] epoch 445: train_loss: nan, valid_loss: nan, train_nll: nan, valid_nll: nan
[2021-09-25 09:11:36] epoch 446: train_loss: nan, valid_loss: nan, train_nll: nan, valid_nll: nan
[2021-09-25 09:11:47] epoch 447: train_loss: nan, valid_loss: nan, train_nll: nan, valid_nll: nan
[2021-09-25 09:11:59] epoch 448: train_loss: nan, valid_loss: nan, train_nll: nan, valid_nll: nan
[2021-09-25 09:12:10] epoch 449: train_loss: nan, valid_loss: nan, train_nll: nan, valid_nll: nan
[2021-09-25 09:12:22] epoch 450: train_loss: nan, valid_loss: nan, train_nll: nan, valid_nll: nan
[2021-09-25 09:12:33] epoch 451: train_loss: nan, valid_loss: nan, train_nll: nan, valid_nll: nan
[2021-09-25 09:12:45] epoch 452: train_loss: nan, valid_loss: nan, train_nll: nan, valid_nll: nan
[2021-09-25 09:12:56] epoch 453: train_loss: nan, valid_loss: nan, train_nll: nan, valid_nll: nan
[2021-09-25 09:13:07] epoch 454: train_loss: nan, valid_loss: nan, train_nll: nan, valid_nll: nan
[2021-09-25 09:13:19] epoch 455: train_loss: nan, valid_loss: nan, train_nll: nan, valid_nll: nan
[2021-09-25 09:13:30] epoch 456: train_loss: nan, valid_loss: nan, train_nll: nan, valid_nll: nan
[2021-09-25 09:13:42] epoch 457: train_loss: nan, valid_loss: nan, train_nll: nan, valid_nll: nan
[2021-09-25 09:13:54] epoch 458: train_loss: nan, valid_loss: nan, train_nll: nan, valid_nll: nan
[2021-09-25 09:14:05] epoch 459: train_loss: nan, valid_loss: nan, train_nll: nan, valid_nll: nan
[2021-09-25 09:14:16] epoch 460: train_loss: nan, valid_loss: nan, train_nll: nan, valid_nll: nan
[2021-09-25 09:14:28] epoch 461: train_loss: nan, valid_loss: nan, train_nll: nan, valid_nll: nan
[2021-09-25 09:14:39] epoch 462: train_loss: nan, valid_loss: nan, train_nll: nan, valid_nll: nan
[2021-09-25 09:14:50] epoch 463: train_loss: nan, valid_loss: nan, train_nll: nan, valid_nll: nan
[2021-09-25 09:15:02] epoch 464: train_loss: nan, valid_loss: nan, train_nll: nan, valid_nll: nan
[2021-09-25 09:15:14] epoch 465: train_loss: nan, valid_loss: nan, train_nll: nan, valid_nll: nan
[2021-09-25 09:15:25] epoch 466: train_loss: nan, valid_loss: nan, train_nll: nan, valid_nll: nan
[2021-09-25 09:15:38] epoch 467: train_loss: nan, valid_loss: nan, train_nll: nan, valid_nll: nan
[2021-09-25 09:15:49] epoch 468: train_loss: nan, valid_loss: nan, train_nll: nan, valid_nll: nan
[2021-09-25 09:16:01] epoch 469: train_loss: nan, valid_loss: nan, train_nll: nan, valid_nll: nan
[2021-09-25 09:16:12] epoch 470: train_loss: nan, valid_loss: nan, train_nll: nan, valid_nll: nan
[2021-09-25 09:16:24] epoch 471: train_loss: nan, valid_loss: nan, train_nll: nan, valid_nll: nan
[2021-09-25 09:16:35] epoch 472: train_loss: nan, valid_loss: nan, train_nll: nan, valid_nll: nan
[2021-09-25 09:16:47] epoch 473: train_loss: nan, valid_loss: nan, train_nll: nan, valid_nll: nan
[2021-09-25 09:16:58] epoch 474: train_loss: nan, valid_loss: nan, train_nll: nan, valid_nll: nan
[2021-09-25 09:17:10] epoch 475: train_loss: nan, valid_loss: nan, train_nll: nan, valid_nll: nan
[2021-09-25 09:17:21] epoch 476: train_loss: nan, valid_loss: nan, train_nll: nan, valid_nll: nan
[2021-09-25 09:17:33] epoch 477: train_loss: nan, valid_loss: nan, train_nll: nan, valid_nll: nan
[2021-09-25 09:17:45] epoch 478: train_loss: nan, valid_loss: nan, train_nll: nan, valid_nll: nan
[2021-09-25 09:17:56] epoch 479: train_loss: nan, valid_loss: nan, train_nll: nan, valid_nll: nan
[2021-09-25 09:18:07] epoch 480: train_loss: nan, valid_loss: nan, train_nll: nan, valid_nll: nan
[2021-09-25 09:18:18] epoch 481: train_loss: nan, valid_loss: nan, train_nll: nan, valid_nll: nan
[2021-09-25 09:18:30] epoch 482: train_loss: nan, valid_loss: nan, train_nll: nan, valid_nll: nan
[2021-09-25 09:18:42] epoch 483: train_loss: nan, valid_loss: nan, train_nll: nan, valid_nll: nan
[2021-09-25 09:18:53] epoch 484: train_loss: nan, valid_loss: nan, train_nll: nan, valid_nll: nan
[2021-09-25 09:19:05] epoch 485: train_loss: nan, valid_loss: nan, train_nll: nan, valid_nll: nan
[2021-09-25 09:19:16] epoch 486: train_loss: nan, valid_loss: nan, train_nll: nan, valid_nll: nan
[2021-09-25 09:19:28] epoch 487: train_loss: nan, valid_loss: nan, train_nll: nan, valid_nll: nan
[2021-09-25 09:19:39] epoch 488: train_loss: nan, valid_loss: nan, train_nll: nan, valid_nll: nan
[2021-09-25 09:19:51] epoch 489: train_loss: nan, valid_loss: nan, train_nll: nan, valid_nll: nan
[2021-09-25 09:20:02] epoch 490: train_loss: nan, valid_loss: nan, train_nll: nan, valid_nll: nan
[2021-09-25 09:20:14] epoch 491: train_loss: nan, valid_loss: nan, train_nll: nan, valid_nll: nan
[2021-09-25 09:20:25] epoch 492: train_loss: nan, valid_loss: nan, train_nll: nan, valid_nll: nan
[2021-09-25 09:20:36] epoch 493: train_loss: nan, valid_loss: nan, train_nll: nan, valid_nll: nan
[2021-09-25 09:20:48] epoch 494: train_loss: nan, valid_loss: nan, train_nll: nan, valid_nll: nan
[2021-09-25 09:20:59] epoch 495: train_loss: nan, valid_loss: nan, train_nll: nan, valid_nll: nan
[2021-09-25 09:21:11] epoch 496: train_loss: nan, valid_loss: nan, train_nll: nan, valid_nll: nan
[2021-09-25 09:21:23] epoch 497: train_loss: nan, valid_loss: nan, train_nll: nan, valid_nll: nan
[2021-09-25 09:21:34] epoch 498: train_loss: nan, valid_loss: nan, train_nll: nan, valid_nll: nan
[2021-09-25 09:21:45] epoch 499: train_loss: nan, valid_loss: nan, train_nll: nan, valid_nll: nan
