------------ Configs ------------
loading Nott data...
loading Nott data...
model summary: 
===================================================
      Kernel Shape  Output Shape  Params  Mult-Adds
Layer                                              
0_rnn            -  [200, 1, 38]   19456      19152
1_mlp     [38, 88]  [200, 1, 88]    3432       3344
---------------------------------------------------
                      Totals
Total params           22888
Trainable params       22888
Non-trainable params       0
Mult-Adds              22496
===================================================
rnn:  lstm
data:  Nott
optimizer:  rmsprop
learning rate:  0.001
momentum:  0.9
weight decay:  0.0
gradient clipping:  1.0
loss criterion:  bce
continue training:  False
save directory:  ./exp/music/nott/lstm
log directory:  ./log/music/nott/lstm
starting epoch:  0
ending epoch:  500
steps per epoch:  694
cuda:  True
---------------------------------
[2021-09-24 19:26:17] epoch 0: train_loss: 0.09275829641722809, valid_loss: 0.06865363309665912, train_nll: 5.2707361744506604, valid_nll: 4.058880724946886
[2021-09-24 19:26:33] epoch 1: train_loss: 0.06158188508249154, valid_loss: 0.057426134716568655, train_nll: 3.488583551055133, valid_nll: 3.246154869964694
[2021-09-24 19:26:49] epoch 2: train_loss: 0.05528108842445468, valid_loss: 0.05423527363838488, train_nll: 3.0717569390771167, valid_nll: 3.030537427339356
[2021-09-24 19:27:04] epoch 3: train_loss: 0.05300249797305474, valid_loss: 0.05275275734807715, train_nll: 2.922156179934874, valid_nll: 2.9370695685414843
[2021-09-24 19:27:20] epoch 4: train_loss: 0.0516278936798746, valid_loss: 0.05114816693384523, train_nll: 2.8377965171318675, valid_nll: 2.910179880594019
[2021-09-24 19:27:36] epoch 5: train_loss: 0.05042288339393541, valid_loss: 0.05065176379732314, train_nll: 2.7791426124054994, valid_nll: 2.7371699241904053
[2021-09-24 19:27:51] epoch 6: train_loss: 0.049130639874561545, valid_loss: 0.049257583700852585, train_nll: 2.7164880812788006, valid_nll: 2.7044203022476014
[2021-09-24 19:28:08] epoch 7: train_loss: 0.048272291367460224, valid_loss: 0.04879471364651801, train_nll: 2.6691232163395537, valid_nll: 2.6825158885254123
[2021-09-24 19:28:24] epoch 8: train_loss: 0.04741855052914417, valid_loss: 0.04826821143485907, train_nll: 2.6158645498783573, valid_nll: 2.5728831125872746
[2021-09-24 19:28:42] epoch 9: train_loss: 0.0464079688874849, valid_loss: 0.04739755919644598, train_nll: 2.5621397215851505, valid_nll: 2.5939541477225245
[2021-09-24 19:28:58] epoch 10: train_loss: 0.04567589677644824, valid_loss: 0.04619503698467864, train_nll: 2.5286475514766664, valid_nll: 2.5844675502432146
[2021-09-24 19:29:17] epoch 11: train_loss: 0.0452371154366979, valid_loss: 0.046256523041022304, train_nll: 2.5006793652919024, valid_nll: 2.5870822800483584
[2021-09-24 19:29:33] epoch 12: train_loss: 0.044958431950048346, valid_loss: 0.04609498826280839, train_nll: 2.4913849815470988, valid_nll: 2.5304614342620946
[2021-09-24 19:29:50] epoch 13: train_loss: 0.044594091588701056, valid_loss: 0.04558850587964747, train_nll: 2.467464664949029, valid_nll: 2.5298908467538883
[2021-09-24 19:30:06] epoch 14: train_loss: 0.04438426879419803, valid_loss: 0.0456286144760475, train_nll: 2.4554390461568616, valid_nll: 2.5838343128529107
[2021-09-24 19:30:22] epoch 15: train_loss: 0.044120692180990316, valid_loss: 0.04549499213523259, train_nll: 2.449748142792098, valid_nll: 2.49870015747178
[2021-09-24 19:30:38] epoch 16: train_loss: 0.04358026111412589, valid_loss: 0.0459171864661695, train_nll: 2.41704974462201, valid_nll: 2.707000964972013
[2021-09-24 19:30:54] epoch 17: train_loss: 0.043418288010814, valid_loss: 0.04498120972272978, train_nll: 2.4121277804745254, valid_nll: 2.496986040839762
[2021-09-24 19:31:10] epoch 18: train_loss: 0.0432438809781601, valid_loss: 0.04504971379532635, train_nll: 2.3972204346403476, valid_nll: 2.460024662968552
[2021-09-24 19:31:26] epoch 19: train_loss: 0.043037826611367874, valid_loss: 0.04492378394210959, train_nll: 2.383980488258886, valid_nll: 2.4755359499897263
[2021-09-24 19:31:41] epoch 20: train_loss: 0.04287273069623568, valid_loss: 0.04524943013971596, train_nll: 2.381284367809272, valid_nll: 2.445905768045729
[2021-09-24 19:31:57] epoch 21: train_loss: 0.04280406638566587, valid_loss: 0.04519973385196201, train_nll: 2.372111839594591, valid_nll: 2.597564333800866
[2021-09-24 19:32:13] epoch 22: train_loss: 0.042821657507055, valid_loss: 0.04517405443539509, train_nll: 2.374049227675056, valid_nll: 2.501562271151818
[2021-09-24 19:32:28] epoch 23: train_loss: 0.04244678997050874, valid_loss: 0.044659512311306306, train_nll: 2.355083883319436, valid_nll: 2.5241568869517983
[2021-09-24 19:32:46] epoch 24: train_loss: 0.04239806997179126, valid_loss: 0.044455498220086785, train_nll: 2.353474208745436, valid_nll: 2.5404889857658586
[2021-09-24 19:33:01] epoch 25: train_loss: 0.04227304147014271, valid_loss: 0.04450124321300859, train_nll: 2.3498417028545457, valid_nll: 2.4218256142258276
[2021-09-24 19:33:17] epoch 26: train_loss: 0.042177750427082654, valid_loss: 0.04557958921428361, train_nll: 2.3406969600004794, valid_nll: 2.5518378329687197
[2021-09-24 19:33:33] epoch 27: train_loss: 0.04199155002445927, valid_loss: 0.04515433247938666, train_nll: 2.3377518708991394, valid_nll: 2.476593105415442
[2021-09-24 19:33:48] epoch 28: train_loss: 0.042017014404646086, valid_loss: 0.04466239299431357, train_nll: 2.3330201312302328, valid_nll: 2.451723215366493
[2021-09-24 19:34:04] epoch 29: train_loss: 0.042015961076130266, valid_loss: 0.04465450588721416, train_nll: 2.3350555641254878, valid_nll: 2.467253212072695
[2021-09-24 19:34:20] epoch 30: train_loss: 0.04185980457077152, valid_loss: 0.04520453381314443, train_nll: 2.3229591416350908, valid_nll: 2.4704106671199115
[2021-09-24 19:34:36] epoch 31: train_loss: 0.04177624915702328, valid_loss: 0.04470732177182429, train_nll: 2.320430319044349, valid_nll: 2.431076653896579
[2021-09-24 19:34:51] epoch 32: train_loss: 0.041717356842505056, valid_loss: 0.044652470371368304, train_nll: 2.3172068949310827, valid_nll: 2.4932567301961783
[2021-09-24 19:35:07] epoch 33: train_loss: 0.041945351271619025, valid_loss: 0.04449398830705295, train_nll: 2.3288304041520678, valid_nll: 2.459004351427022
[2021-09-24 19:35:23] epoch 34: train_loss: 0.04139418078328802, valid_loss: 0.04567556977918038, train_nll: 2.3030247245068916, valid_nll: 2.599342289652444
[2021-09-24 19:35:38] epoch 35: train_loss: 0.04151526463193878, valid_loss: 0.04477417978291222, train_nll: 2.3054957630897754, valid_nll: 2.499071526579989
[2021-09-24 19:35:54] epoch 36: train_loss: 0.04133014975824213, valid_loss: 0.04433236934373833, train_nll: 2.297936112422204, valid_nll: 2.3957232686881196
[2021-09-24 19:36:10] epoch 37: train_loss: 0.04120048925935449, valid_loss: 0.04494062646405201, train_nll: 2.2922848730634917, valid_nll: 2.373754871370091
[2021-09-24 19:36:26] epoch 38: train_loss: 0.04119121879929682, valid_loss: 0.04478818824180978, train_nll: 2.283250955052854, valid_nll: 2.4904848833256583
[2021-09-24 19:36:41] epoch 39: train_loss: 0.041364543470057524, valid_loss: 0.044213687236598465, train_nll: 2.30053056504143, valid_nll: 2.4002884813063883
[2021-09-24 19:36:57] epoch 40: train_loss: 0.041403935851813733, valid_loss: 0.0441982641579271, train_nll: 2.305414779158037, valid_nll: 2.4207322210270665
[2021-09-24 19:37:13] epoch 41: train_loss: 0.04116822693695553, valid_loss: 0.044295769464762914, train_nll: 2.2838140713678268, valid_nll: 2.520182435818585
[2021-09-24 19:37:28] epoch 42: train_loss: 0.04110025467018272, valid_loss: 0.044219503071525196, train_nll: 2.287186972476088, valid_nll: 2.5008684226474838
[2021-09-24 19:37:44] epoch 43: train_loss: 0.04083935854022501, valid_loss: 0.04418701273685246, train_nll: 2.274121303534815, valid_nll: 2.4391792731501742
[2021-09-24 19:38:00] epoch 44: train_loss: 0.04088918715769087, valid_loss: 0.045036061801490064, train_nll: 2.276397490165603, valid_nll: 2.4679997902269872
[2021-09-24 19:38:15] epoch 45: train_loss: 0.04083896500544263, valid_loss: 0.044176482966955685, train_nll: 2.274540894161683, valid_nll: 2.512922522061503
[2021-09-24 19:38:31] epoch 46: train_loss: 0.04077881855637866, valid_loss: 0.04376099486916051, train_nll: 2.2671880782509026, valid_nll: 2.4351420240566286
[2021-09-24 19:38:47] epoch 47: train_loss: 0.040775225317959136, valid_loss: 0.044436563624639734, train_nll: 2.269017866282, valid_nll: 2.4863347535202776
[2021-09-24 19:39:02] epoch 48: train_loss: 0.040777828399446235, valid_loss: 0.04390689118017006, train_nll: 2.268139790807285, valid_nll: 2.4322810849062293
[2021-09-24 19:39:18] epoch 49: train_loss: 0.040752609370421265, valid_loss: 0.04428274584987949, train_nll: 2.2685279591324417, valid_nll: 2.4589751884282083
[2021-09-24 19:39:34] epoch 50: train_loss: 0.04083381580747127, valid_loss: 0.04420342575220359, train_nll: 2.2738457525814297, valid_nll: 2.50198141770264
[2021-09-24 19:39:49] epoch 51: train_loss: 0.04053100007009137, valid_loss: 0.044329538973683566, train_nll: 2.2538837210161806, valid_nll: 2.3538259976542255
[2021-09-24 19:40:05] epoch 52: train_loss: 0.040823551096150955, valid_loss: 0.044752700878791726, train_nll: 2.27534279156338, valid_nll: 2.4861095766690946
[2021-09-24 19:40:20] epoch 53: train_loss: 0.04065418663845325, valid_loss: 0.04411959244379763, train_nll: 2.2676294771628154, valid_nll: 2.4103351062964804
[2021-09-24 19:40:36] epoch 54: train_loss: 0.040483971453816645, valid_loss: 0.04401780128737406, train_nll: 2.25144459924204, valid_nll: 2.414360980289225
[2021-09-24 19:40:52] epoch 55: train_loss: 0.04051686512166768, valid_loss: 0.044483431641852235, train_nll: 2.257388436208019, valid_nll: 2.548998941657929
[2021-09-24 19:41:07] epoch 56: train_loss: 0.04066018398813581, valid_loss: 0.045407320615011834, train_nll: 2.266736689203719, valid_nll: 2.4827739623027276
[2021-09-24 19:41:38] epoch 57: train_loss: 0.04055554798592193, valid_loss: 0.04403229192373036, train_nll: 2.2578733934718946, valid_nll: 2.456730256755814
[2021-09-24 19:41:54] epoch 58: train_loss: 0.0404872124604022, valid_loss: 0.04460994208048534, train_nll: 2.2576382185253205, valid_nll: 2.4580152403062066
[2021-09-24 19:42:09] epoch 59: train_loss: 0.040334792818433954, valid_loss: 0.044021880318749845, train_nll: 2.2523009119824065, valid_nll: 2.447382538151415
[2021-09-24 19:42:25] epoch 60: train_loss: 0.040613583224672574, valid_loss: 0.0441504861901089, train_nll: 2.2627767049564094, valid_nll: 2.4682524773219527
[2021-09-24 19:42:41] epoch 61: train_loss: 0.04052126579126209, valid_loss: 0.043808033140753044, train_nll: 2.2591000072985925, valid_nll: 2.4323768097448832
[2021-09-24 19:42:57] epoch 62: train_loss: 0.04055665989113859, valid_loss: 0.0440362216312589, train_nll: 2.2579783145980654, valid_nll: 2.3895223609981526
[2021-09-24 19:43:12] epoch 63: train_loss: 0.0401649864589103, valid_loss: 0.04402805489051893, train_nll: 2.239212356983239, valid_nll: 2.460351544326762
[2021-09-24 19:43:28] epoch 64: train_loss: 0.04044365048172323, valid_loss: 0.04578275462838611, train_nll: 2.2578191270623105, valid_nll: 2.4954641829306827
[2021-09-24 19:43:43] epoch 65: train_loss: 0.040507575985505875, valid_loss: 0.04411111676236453, train_nll: 2.2630982210303903, valid_nll: 2.4561918244363983
[2021-09-24 19:43:59] epoch 66: train_loss: 0.04027689738542657, valid_loss: 0.04534272563164634, train_nll: 2.2531457170986, valid_nll: 2.5464716200792794
[2021-09-24 19:44:15] epoch 67: train_loss: 0.04103611712813678, valid_loss: 0.04434090552345521, train_nll: 2.2851880717596247, valid_nll: 2.4651453305090056
[2021-09-24 19:44:30] epoch 68: train_loss: 0.04051050934564827, valid_loss: 0.04423478524593604, train_nll: 2.265583197215244, valid_nll: 2.4686410659096762
[2021-09-24 19:44:45] epoch 69: train_loss: 0.04076410805060386, valid_loss: 0.044373420137115295, train_nll: 2.2762156690095727, valid_nll: 2.4865575449657062
[2021-09-24 19:45:01] epoch 70: train_loss: 0.04083254925842244, valid_loss: 0.04582059107763919, train_nll: 2.277655124883926, valid_nll: 2.586095830297281
[2021-09-24 19:45:17] epoch 71: train_loss: 0.04042284855865994, valid_loss: 0.046817072661798124, train_nll: 2.2553798671611074, valid_nll: 2.614238447905323
[2021-09-24 19:45:32] epoch 72: train_loss: 0.0402272196865026, valid_loss: 0.04439378210015035, train_nll: 2.2478202268834324, valid_nll: 2.480170194998574
[2021-09-24 19:45:48] epoch 73: train_loss: 0.04017987296183832, valid_loss: 0.04430705416581534, train_nll: 2.248761086183927, valid_nll: 2.4200203443341284
[2021-09-24 19:46:03] epoch 74: train_loss: 0.04086065469765955, valid_loss: 0.044011415439964716, train_nll: 2.288123837240831, valid_nll: 2.476494803342411
[2021-09-24 19:46:19] epoch 75: train_loss: 0.04049449738233165, valid_loss: 0.04477395920481296, train_nll: 2.2628008070009797, valid_nll: 2.4518855599301155
[2021-09-24 19:46:34] epoch 76: train_loss: 0.0401063411958215, valid_loss: 0.04460876291843852, train_nll: 2.2446222288650155, valid_nll: 2.4531004950713102
[2021-09-24 19:46:50] epoch 77: train_loss: 0.04032689036924918, valid_loss: 0.04418459939474315, train_nll: 2.2568372410307753, valid_nll: 2.4248646591852876
[2021-09-24 19:47:05] epoch 78: train_loss: 0.04019049377118906, valid_loss: 0.04421890979212833, train_nll: 2.2464720031533174, valid_nll: 2.519214064400786
[2021-09-24 19:47:21] epoch 79: train_loss: 0.04069633486946395, valid_loss: 0.04471212445699066, train_nll: 2.2848281332397304, valid_nll: 2.5045852465938774
[2021-09-24 19:47:37] epoch 80: train_loss: 0.04029235947791283, valid_loss: 0.044265073697174216, train_nll: 2.256465736668581, valid_nll: 2.482444981262449
[2021-09-24 19:47:55] epoch 81: train_loss: 0.04076679136002871, valid_loss: 0.04423009227379898, train_nll: 2.272640553438382, valid_nll: 2.4232951668637095
[2021-09-24 19:48:16] epoch 82: train_loss: 0.0405117510817945, valid_loss: 0.04399782218943442, train_nll: 2.2568335663042913, valid_nll: 2.483071492535457
[2021-09-24 19:48:31] epoch 83: train_loss: 0.04028516440848238, valid_loss: 0.04503358663678858, train_nll: 2.251160965686389, valid_nll: 2.525784905849704
[2021-09-24 19:48:47] epoch 84: train_loss: 0.040598452296537434, valid_loss: 0.04401132853088007, train_nll: 2.272294947857117, valid_nll: 2.4395645299776043
[2021-09-24 19:49:03] epoch 85: train_loss: 0.040945711316170454, valid_loss: 0.04430769138425761, train_nll: 2.286221680866786, valid_nll: 2.4106369644521775
[2021-09-24 19:49:18] epoch 86: train_loss: 0.040253515963198386, valid_loss: 0.044226160574424474, train_nll: 2.251405693221262, valid_nll: 2.4326831304401253
[2021-09-24 19:49:34] epoch 87: train_loss: 0.04019993638904277, valid_loss: 0.043878059338972056, train_nll: 2.24479818825381, valid_nll: 2.4084181988770395
[2021-09-24 19:49:50] epoch 88: train_loss: 0.04045201541174214, valid_loss: 0.04431787133216858, train_nll: 2.262400347709824, valid_nll: 2.4361015212130956
[2021-09-24 19:50:06] epoch 89: train_loss: 0.040211500602664284, valid_loss: 0.04418916760195542, train_nll: 2.247276252923102, valid_nll: 2.4725495205926746
[2021-09-24 19:50:21] epoch 90: train_loss: 0.04053128700333001, valid_loss: 0.04417058107351637, train_nll: 2.2639344207524728, valid_nll: 2.474947871076519
[2021-09-24 19:50:37] epoch 91: train_loss: 0.040330087767393254, valid_loss: 0.044556373493433686, train_nll: 2.252406372038384, valid_nll: 2.5155872962524253
[2021-09-24 19:50:53] epoch 92: train_loss: 0.040811283152915476, valid_loss: 0.04417258433222426, train_nll: 2.2748731902633854, valid_nll: 2.4926938905450915
[2021-09-24 19:51:08] epoch 93: train_loss: 0.04063066203812787, valid_loss: 0.04436018301787748, train_nll: 2.2718919910429887, valid_nll: 2.4670969454475475
[2021-09-24 19:51:23] epoch 94: train_loss: 0.04033014817721605, valid_loss: 0.04378235034343135, train_nll: 2.2553867517366863, valid_nll: 2.4292196474887224
[2021-09-24 19:51:41] epoch 95: train_loss: 0.04020079715520959, valid_loss: 0.04526995528338617, train_nll: 2.252593125597306, valid_nll: 2.4901977101558623
[2021-09-24 19:51:56] epoch 96: train_loss: 0.03997419209968331, valid_loss: 0.04583949256537622, train_nll: 2.2369555791135927, valid_nll: 2.463280012537111
[2021-09-24 19:52:15] epoch 97: train_loss: 0.04076439896142191, valid_loss: 0.04433572977092225, train_nll: 2.2784304247136347, valid_nll: 2.470895214106051
[2021-09-24 19:52:32] epoch 98: train_loss: 0.041541844206494455, valid_loss: 0.04417154653740756, train_nll: 2.3199858402980422, valid_nll: 2.4301438387554017
[2021-09-24 19:52:47] epoch 99: train_loss: 0.04056035859043299, valid_loss: 0.04495197304153029, train_nll: 2.2708429349139365, valid_nll: 2.526586330836178
[2021-09-24 19:53:03] epoch 100: train_loss: 0.04019277285709333, valid_loss: 0.04408543371740793, train_nll: 2.2464684024792505, valid_nll: 2.4815090376320104
[2021-09-24 19:53:18] epoch 101: train_loss: 0.04032577948660861, valid_loss: 0.043629308591860566, train_nll: 2.2553018581670172, valid_nll: 2.451457673061457
[2021-09-24 19:53:33] epoch 102: train_loss: 0.04009285906292176, valid_loss: 0.043996497794899635, train_nll: 2.2463081057623566, valid_nll: 2.434720890228581
[2021-09-24 19:53:48] epoch 103: train_loss: 0.040121950559393216, valid_loss: 0.04465646561601259, train_nll: 2.2436109160426896, valid_nll: 2.549426407513242
[2021-09-24 19:54:03] epoch 104: train_loss: 0.03987644449606409, valid_loss: 0.04399281228768688, train_nll: 2.2343371486730517, valid_nll: 2.432199767406785
[2021-09-24 19:54:18] epoch 105: train_loss: 0.04024791955325205, valid_loss: 0.0439109087334892, train_nll: 2.247979294555784, valid_nll: 2.4744723672955162
[2021-09-24 19:54:33] epoch 106: train_loss: 0.04019537708730107, valid_loss: 0.04366087587281114, train_nll: 2.249424700956158, valid_nll: 2.387756214049297
[2021-09-24 19:54:48] epoch 107: train_loss: 0.040315934757484656, valid_loss: 0.04439197641102909, train_nll: 2.252247677664831, valid_nll: 2.417499382042601
[2021-09-24 19:55:04] epoch 108: train_loss: 0.03978596571886574, valid_loss: 0.04488168807560309, train_nll: 2.2303684105363617, valid_nll: 2.517241175667957
[2021-09-24 19:55:19] epoch 109: train_loss: 0.0403904439988801, valid_loss: 0.04438906923108707, train_nll: 2.2598944484851664, valid_nll: 2.4432911856457373
[2021-09-24 19:55:34] epoch 110: train_loss: 0.04070747593653949, valid_loss: 0.04466171521758069, train_nll: 2.274346990011117, valid_nll: 2.5714098791956217
[2021-09-24 19:55:49] epoch 111: train_loss: 0.04047641758498352, valid_loss: 0.045181400740163864, train_nll: 2.265284400874045, valid_nll: 2.5336448056928167
[2021-09-24 19:56:04] epoch 112: train_loss: 0.04018619127292455, valid_loss: 0.04403815848074552, train_nll: 2.2512372640132448, valid_nll: 2.5016847331985588
[2021-09-24 19:56:19] epoch 113: train_loss: 0.03983672731623097, valid_loss: 0.04365183560532986, train_nll: 2.2329275316714527, valid_nll: 2.4472207206116936
[2021-09-24 19:56:34] epoch 114: train_loss: 0.04110616661865876, valid_loss: 0.04467312187344008, train_nll: 2.3012098483420793, valid_nll: 2.564951038066122
[2021-09-24 19:56:49] epoch 115: train_loss: 0.040502436582525114, valid_loss: 0.04406191021031727, train_nll: 2.2653741794305002, valid_nll: 2.4772480096804395
[2021-09-24 19:57:05] epoch 116: train_loss: 0.0402640044120186, valid_loss: 0.04413591652591794, train_nll: 2.2482136954875784, valid_nll: 2.459894157244763
[2021-09-24 19:57:20] epoch 117: train_loss: 0.04041219901787359, valid_loss: 0.04429092685654329, train_nll: 2.26485946706377, valid_nll: 2.4270301515960355
[2021-09-24 19:57:35] epoch 118: train_loss: 0.04067781760279487, valid_loss: 0.04493799141333627, train_nll: 2.2699345883554343, valid_nll: 2.535884402846785
[2021-09-24 19:57:50] epoch 119: train_loss: 0.0401249374759515, valid_loss: 0.043957306481251825, train_nll: 2.2462962726893068, valid_nll: 2.484791569989528
[2021-09-24 19:58:05] epoch 120: train_loss: 0.040051260286732775, valid_loss: 0.04407304403711261, train_nll: 2.246853463726359, valid_nll: 2.5091799092808116
[2021-09-24 19:58:21] epoch 121: train_loss: 0.040774691011219874, valid_loss: 0.04478039281345861, train_nll: 2.2826728643153067, valid_nll: 2.45747984729257
[2021-09-24 19:58:36] epoch 122: train_loss: 0.040753125215770535, valid_loss: 0.0451791720044923, train_nll: 2.2829270108231037, valid_nll: 2.5070499926660887
[2021-09-24 19:58:51] epoch 123: train_loss: 0.052248571692061443, valid_loss: 0.06026876954674032, train_nll: 2.906721830117242, valid_nll: 3.3562904728105742
[2021-09-24 19:59:06] epoch 124: train_loss: 0.056706618482746204, valid_loss: 0.057555244234255974, train_nll: 3.1424214008458864, valid_nll: 3.1163000550204876
[2021-09-24 19:59:21] epoch 125: train_loss: 0.055838344903174325, valid_loss: 0.05481493014390069, train_nll: 3.1158895740425416, valid_nll: 3.051997096495424
[2021-09-24 19:59:36] epoch 126: train_loss: 0.05298104799843745, valid_loss: 0.05313657118664312, train_nll: 2.940128489075382, valid_nll: 3.0331869114428613
[2021-09-24 19:59:52] epoch 127: train_loss: 0.05154651434023889, valid_loss: 0.05194907262921333, train_nll: 2.8551207118380413, valid_nll: 2.7974550752845904
[2021-09-24 20:00:07] epoch 128: train_loss: 0.05032840366837614, valid_loss: 0.05123222696815612, train_nll: 2.793727000594621, valid_nll: 2.777148988081802
[2021-09-24 20:00:22] epoch 129: train_loss: 0.04915891340544571, valid_loss: 0.04919075509371785, train_nll: 2.7126873214416185, valid_nll: 2.7628384607396677
[2021-09-24 20:00:37] epoch 130: train_loss: 0.045832437500679696, valid_loss: 0.047139024911071525, train_nll: 2.5560451928521863, valid_nll: 2.7315794841697367
[2021-09-24 20:00:52] epoch 131: train_loss: 0.0439315657896293, valid_loss: 0.04545549325903372, train_nll: 2.4562918609942073, valid_nll: 2.5822019084834507
[2021-09-24 20:01:07] epoch 132: train_loss: 0.04381581035949912, valid_loss: 0.04535956365309354, train_nll: 2.4452205924907755, valid_nll: 2.5336487038523603
[2021-09-24 20:01:23] epoch 133: train_loss: 0.04240024981413691, valid_loss: 0.044929168224765385, train_nll: 2.3711063393881306, valid_nll: 2.449941793474585
[2021-09-24 20:01:38] epoch 134: train_loss: 0.0420764961269193, valid_loss: 0.04448458489913472, train_nll: 2.351005660397413, valid_nll: 2.4639177040534235
[2021-09-24 20:01:53] epoch 135: train_loss: 0.041792007302731186, valid_loss: 0.0450771581273892, train_nll: 2.3384183002705687, valid_nll: 2.5271586952832075
[2021-09-24 20:02:08] epoch 136: train_loss: 0.04186472539341759, valid_loss: 0.044772469433229094, train_nll: 2.3455372328789883, valid_nll: 2.446722629515148
[2021-09-24 20:02:23] epoch 137: train_loss: 0.0411204906067776, valid_loss: 0.044591838472409745, train_nll: 2.3055013390155485, valid_nll: 2.5068663187788403
[2021-09-24 20:02:39] epoch 138: train_loss: 0.04103473761529589, valid_loss: 0.04461344000964151, train_nll: 2.300031818410564, valid_nll: 2.5354334702931367
[2021-09-24 20:02:54] epoch 139: train_loss: 0.04109081556693106, valid_loss: 0.04389353056648219, train_nll: 2.303644638114883, valid_nll: 2.4174750554808764
[2021-09-24 20:03:09] epoch 140: train_loss: 0.04101427903221732, valid_loss: 0.04422056489769434, train_nll: 2.2979071621567657, valid_nll: 2.4338468116655925
[2021-09-24 20:03:24] epoch 141: train_loss: 0.04102257358162564, valid_loss: 0.04490176016583264, train_nll: 2.299299873299516, valid_nll: 2.5044211089374424
[2021-09-24 20:03:39] epoch 142: train_loss: 0.04074923395278517, valid_loss: 0.044144797994825194, train_nll: 2.2825436388560933, valid_nll: 2.4703759733990105
[2021-09-24 20:03:55] epoch 143: train_loss: 0.040930156158524904, valid_loss: 0.046797557017965126, train_nll: 2.294641395634831, valid_nll: 2.6418425228083557
[2021-09-24 20:04:10] epoch 144: train_loss: 0.04135132470149386, valid_loss: 0.045112658561223505, train_nll: 2.3111437442505824, valid_nll: 2.5534095619447337
[2021-09-24 20:04:25] epoch 145: train_loss: 0.04103197958266701, valid_loss: 0.04443444185648006, train_nll: 2.302246534637356, valid_nll: 2.487030153817209
[2021-09-24 20:04:40] epoch 146: train_loss: 0.04110049358663023, valid_loss: 0.04386565319633897, train_nll: 2.297464037958014, valid_nll: 2.444197331896741
[2021-09-24 20:04:55] epoch 147: train_loss: 0.040894277599138294, valid_loss: 0.044186378909931705, train_nll: 2.2895341389344637, valid_nll: 2.514703031926098
[2021-09-24 20:05:10] epoch 148: train_loss: 0.04073574498124013, valid_loss: 0.0439530406577911, train_nll: 2.281298691741878, valid_nll: 2.494346972357401
[2021-09-24 20:05:25] epoch 149: train_loss: 0.04054283714243976, valid_loss: 0.04419151677432432, train_nll: 2.274677875472836, valid_nll: 2.4458169305277226
[2021-09-24 20:05:41] epoch 150: train_loss: 0.04072548552639031, valid_loss: 0.044143502282872366, train_nll: 2.288687804486187, valid_nll: 2.463660950191651
[2021-09-24 20:05:56] epoch 151: train_loss: 0.040765886749234856, valid_loss: 0.04385268435183633, train_nll: 2.2847793061038315, valid_nll: 2.4456907550826914
[2021-09-24 20:06:11] epoch 152: train_loss: 0.04069563044068707, valid_loss: 0.044691854797174475, train_nll: 2.2806587880591005, valid_nll: 2.5287751085494237
[2021-09-24 20:06:26] epoch 153: train_loss: 0.04036011740092929, valid_loss: 0.04473236794287414, train_nll: 2.266979386956195, valid_nll: 2.5471730495161773
[2021-09-24 20:06:41] epoch 154: train_loss: 0.04028399066290998, valid_loss: 0.04371764680984392, train_nll: 2.2604617583707416, valid_nll: 2.3564954430403877
[2021-09-24 20:07:05] epoch 155: train_loss: 0.041060393160847836, valid_loss: 0.04483312341476107, train_nll: 2.301085905158485, valid_nll: 2.4801255733050804
[2021-09-24 20:07:20] epoch 156: train_loss: 0.04047239740762956, valid_loss: 0.04436228523364646, train_nll: 2.272186861998731, valid_nll: 2.4754220986923667
[2021-09-24 20:07:36] epoch 157: train_loss: 0.04017583164185157, valid_loss: 0.043747474864728186, train_nll: 2.255511186217073, valid_nll: 2.381288888373457
[2021-09-24 20:07:51] epoch 158: train_loss: 0.04076529048538904, valid_loss: 0.0443050861789312, train_nll: 2.2873448332285213, valid_nll: 2.5749835983161944
[2021-09-24 20:08:06] epoch 159: train_loss: 0.04014873515911164, valid_loss: 0.04505320706248628, train_nll: 2.2537949359854776, valid_nll: 2.4569675043389614
[2021-09-24 20:08:21] epoch 160: train_loss: 0.04032381220589196, valid_loss: 0.043725389255092326, train_nll: 2.259961325930307, valid_nll: 2.3968890825767164
[2021-09-24 20:08:36] epoch 161: train_loss: 0.040479039770661064, valid_loss: 0.043887887882187185, train_nll: 2.2675561596735077, valid_nll: 2.416496616762327
[2021-09-24 20:08:51] epoch 162: train_loss: 0.04056046329712447, valid_loss: 0.04365674853109555, train_nll: 2.268066971295539, valid_nll: 2.422179204522643
[2021-09-24 20:09:06] epoch 163: train_loss: 0.040628949953216295, valid_loss: 0.04393389011394082, train_nll: 2.2788929780628875, valid_nll: 2.4248834893521516
[2021-09-24 20:09:21] epoch 164: train_loss: 0.041073493611185626, valid_loss: 0.047048082209133, train_nll: 2.2999419216392067, valid_nll: 2.482514744284503
[2021-09-24 20:09:37] epoch 165: train_loss: 0.040409925992275865, valid_loss: 0.04391512364106027, train_nll: 2.2606290040849126, valid_nll: 2.4436180707059036
[2021-09-24 20:09:52] epoch 166: train_loss: 0.04060793434932656, valid_loss: 0.04428546013299785, train_nll: 2.2755007771247207, valid_nll: 2.4799314420655483
[2021-09-24 20:10:07] epoch 167: train_loss: 0.04066594842665692, valid_loss: 0.04466466459235704, train_nll: 2.2803808174527425, valid_nll: 2.483957945390793
[2021-09-24 20:10:22] epoch 168: train_loss: 0.040970226565928816, valid_loss: 0.04400112348570989, train_nll: 2.2971488354707916, valid_nll: 2.497898838495861
[2021-09-24 20:10:37] epoch 169: train_loss: 0.042109958910697305, valid_loss: 0.04446931945623001, train_nll: 2.3591803362807324, valid_nll: 2.5035114182319522
[2021-09-24 20:10:52] epoch 170: train_loss: 0.041300343196592176, valid_loss: 0.04500053662569881, train_nll: 2.3140318375880145, valid_nll: 2.4622011148514176
[2021-09-24 20:11:08] epoch 171: train_loss: 0.04132048999192864, valid_loss: 0.044010296151731056, train_nll: 2.314242098516325, valid_nll: 2.4519267950070605
[2021-09-24 20:11:23] epoch 172: train_loss: 0.04052677775547982, valid_loss: 0.04364521855305385, train_nll: 2.270135123255748, valid_nll: 2.410843085317187
[2021-09-24 20:11:38] epoch 173: train_loss: 0.040037254784095186, valid_loss: 0.046364288066508455, train_nll: 2.2485355624754453, valid_nll: 2.5985598210358756
[2021-09-24 20:11:53] epoch 174: train_loss: 0.04106878499454827, valid_loss: 0.04376410431298562, train_nll: 2.303174376503322, valid_nll: 2.3931646877940027
[2021-09-24 20:12:08] epoch 175: train_loss: 0.040207776942851305, valid_loss: 0.04394345976024694, train_nll: 2.2530028064750365, valid_nll: 2.478805557473094
[2021-09-24 20:12:23] epoch 176: train_loss: 0.04081736312325646, valid_loss: 0.04513104478532524, train_nll: 2.2870933760771996, valid_nll: 2.484289276499973
[2021-09-24 20:12:38] epoch 177: train_loss: 0.04042816810411876, valid_loss: 0.04354083318414027, train_nll: 2.2622026711373766, valid_nll: 2.433328782844291
[2021-09-24 20:12:54] epoch 178: train_loss: 0.04148182659128128, valid_loss: 0.04401639917854629, train_nll: 2.3270850373082306, valid_nll: 2.4500358322406055
[2021-09-24 20:13:09] epoch 179: train_loss: 0.041650563816644615, valid_loss: 0.04561882875213733, train_nll: 2.334834536791283, valid_nll: 2.491355734792742
[2021-09-24 20:13:24] epoch 180: train_loss: 0.04076980495616064, valid_loss: 0.04421575855183808, train_nll: 2.284441966195249, valid_nll: 2.489513158608913
[2021-09-24 20:13:39] epoch 181: train_loss: 0.040034080589839635, valid_loss: 0.04423586807800511, train_nll: 2.2477919651926825, valid_nll: 2.5026013569943326
[2021-09-24 20:13:56] epoch 182: train_loss: 0.04163111470806109, valid_loss: 0.04445135509433774, train_nll: 2.3250964192926515, valid_nll: 2.4637113190033806
[2021-09-24 20:14:11] epoch 183: train_loss: 0.040969562840242724, valid_loss: 0.04483676196824264, train_nll: 2.2959576898020075, valid_nll: 2.550266022549677
[2021-09-24 20:14:29] epoch 184: train_loss: 0.04139236346295141, valid_loss: 0.04603263124220633, train_nll: 2.318809033424406, valid_nll: 2.567133431588178
[2021-09-24 20:14:44] epoch 185: train_loss: 0.041105603377847404, valid_loss: 0.04462910498454736, train_nll: 2.3070470654012154, valid_nll: 2.484820589285145
[2021-09-24 20:15:03] epoch 186: train_loss: 0.04079418256073675, valid_loss: 0.04454213898693551, train_nll: 2.2920745285821904, valid_nll: 2.4859095653774563
[2021-09-24 20:15:18] epoch 187: train_loss: 0.04049306563356682, valid_loss: 0.04481407759894181, train_nll: 2.2700534810513795, valid_nll: 2.516812695476732
[2021-09-24 20:15:35] epoch 188: train_loss: 0.04168455997047146, valid_loss: 0.045490405538436994, train_nll: 2.3378736538952016, valid_nll: 2.5135881815179624
[2021-09-24 20:15:51] epoch 189: train_loss: 0.04143036388515653, valid_loss: 0.04491602150303436, train_nll: 2.3172980321563466, valid_nll: 2.5398637809467357
[2021-09-24 20:16:06] epoch 190: train_loss: 0.04081772926722463, valid_loss: 0.045293489955580996, train_nll: 2.287215245402676, valid_nll: 2.5599269784490706
[2021-09-24 20:16:21] epoch 191: train_loss: 0.04105700636738831, valid_loss: 0.04816032806142217, train_nll: 2.2988715928145314, valid_nll: 2.5232855794710582
[2021-09-24 20:16:36] epoch 192: train_loss: 0.04235601871239521, valid_loss: 0.04560725938937912, train_nll: 2.3778163804039276, valid_nll: 2.554972173676493
[2021-09-24 20:16:52] epoch 193: train_loss: 0.04262685895057379, valid_loss: 0.04565303995559326, train_nll: 2.3889259627690898, valid_nll: 2.5015901515911896
[2021-09-24 20:17:07] epoch 194: train_loss: 0.0413920581662861, valid_loss: 0.044356136825043344, train_nll: 2.3198792428194945, valid_nll: 2.4448731481739747
[2021-09-24 20:17:22] epoch 195: train_loss: 0.042003162229374606, valid_loss: 0.04821807593968562, train_nll: 2.3590772212613498, valid_nll: 2.6411748632860963
[2021-09-24 20:17:37] epoch 196: train_loss: 0.044934546722566186, valid_loss: 0.045979744857015635, train_nll: 2.5032623647959555, valid_nll: 2.533815155231222
[2021-09-24 20:17:53] epoch 197: train_loss: 0.0444288594723392, valid_loss: 0.05062139783635994, train_nll: 2.4857638434982228, valid_nll: 2.776405421300349
[2021-09-24 20:18:08] epoch 198: train_loss: 0.047842411904110003, valid_loss: 0.050344971649219535, train_nll: 2.6649488702130797, valid_nll: 2.8366924748633155
[2021-09-24 20:18:23] epoch 199: train_loss: 0.048323701280746235, valid_loss: 0.05090518461572641, train_nll: 2.695701175022423, valid_nll: 2.8268292827967985
[2021-09-24 20:18:38] epoch 200: train_loss: 0.04700654551322419, valid_loss: 0.04867302089111309, train_nll: 2.615061500694775, valid_nll: 2.5921948988636423
[2021-09-24 20:18:53] epoch 201: train_loss: 0.04603560586924254, valid_loss: 0.04886294245676843, train_nll: 2.561042365623732, valid_nll: 2.724317675684326
[2021-09-24 20:19:08] epoch 202: train_loss: 0.04660244047459247, valid_loss: 0.048772835145795966, train_nll: 2.594876002100042, valid_nll: 2.684489740776395
[2021-09-24 20:19:23] epoch 203: train_loss: 0.04652384619204387, valid_loss: 0.04813474616994058, train_nll: 2.5923218346248347, valid_nll: 2.6385539353971814
[2021-09-24 20:19:38] epoch 204: train_loss: 0.04584990981268436, valid_loss: 0.05123806430425258, train_nll: 2.558715012850495, valid_nll: 2.8084980177574344
[2021-09-24 20:19:54] epoch 205: train_loss: 0.04690387156075376, valid_loss: 0.047381490038309486, train_nll: 2.610950494676533, valid_nll: 2.630182097796359
[2021-09-24 20:20:09] epoch 206: train_loss: 0.04779079913159011, valid_loss: 0.05057614983592419, train_nll: 2.6564622123201285, valid_nll: 2.7762462385435906
[2021-09-24 20:20:24] epoch 207: train_loss: 0.04861780289045242, valid_loss: 0.05064171205969215, train_nll: 2.707584590267974, valid_nll: 2.869970171389519
[2021-09-24 20:20:39] epoch 208: train_loss: 0.04907713550000696, valid_loss: 0.05066056571082573, train_nll: 2.7409084477348404, valid_nll: 2.7960487402742213
[2021-09-24 20:20:54] epoch 209: train_loss: 0.046985380179772114, valid_loss: 0.047980045673647366, train_nll: 2.6149790725456827, valid_nll: 2.685875213582662
[2021-09-24 20:21:09] epoch 210: train_loss: 0.04599104160094038, valid_loss: 0.04917891377400112, train_nll: 2.5799109363326527, valid_nll: 2.759760267596756
[2021-09-24 20:21:25] epoch 211: train_loss: 0.046926619160265505, valid_loss: 0.04873385566765862, train_nll: 2.628489486205946, valid_nll: 2.725847913475356
[2021-09-24 20:21:40] epoch 212: train_loss: 0.047044027806058396, valid_loss: 0.04959716716770492, train_nll: 2.6268460892803747, valid_nll: 2.7407708106190296
[2021-09-24 20:21:55] epoch 213: train_loss: 0.04653401192417234, valid_loss: 0.048956923682048833, train_nll: 2.592795795213202, valid_nll: 2.7333084015579123
[2021-09-24 20:22:10] epoch 214: train_loss: 0.045918120071291924, valid_loss: 0.0476679534064552, train_nll: 2.5728477638929754, valid_nll: 2.640239601152081
[2021-09-24 20:22:25] epoch 215: train_loss: 0.04538228061125327, valid_loss: 0.04734041434147455, train_nll: 2.5391599654316273, valid_nll: 2.70091058119415
[2021-09-24 20:22:40] epoch 216: train_loss: 0.04473439079336285, valid_loss: 0.04650543404021704, train_nll: 2.5102228792849486, valid_nll: 2.601014044130222
[2021-09-24 20:22:55] epoch 217: train_loss: 0.044448792896842754, valid_loss: 0.04721387611389849, train_nll: 2.4944545197050485, valid_nll: 2.6635301866771157
[2021-09-24 20:23:10] epoch 218: train_loss: 0.043798481935490276, valid_loss: 0.04753402461206293, train_nll: 2.447860750656702, valid_nll: 2.747901262603881
[2021-09-24 20:23:26] epoch 219: train_loss: 0.04448375816024861, valid_loss: 0.04741554138805136, train_nll: 2.4899982747669545, valid_nll: 2.5970198969090097
[2021-09-24 20:23:41] epoch 220: train_loss: 0.0470268454923367, valid_loss: 0.048410678562315214, train_nll: 2.6177995368948714, valid_nll: 2.633828682514556
[2021-09-24 20:23:56] epoch 221: train_loss: 0.04669282018268744, valid_loss: 0.04845143889071624, train_nll: 2.6129429765190575, valid_nll: 2.7732297193125897
[2021-09-24 20:24:11] epoch 222: train_loss: 0.04598744335699751, valid_loss: 0.04761461156684195, train_nll: 2.574367531457557, valid_nll: 2.652276033486466
[2021-09-24 20:24:26] epoch 223: train_loss: 0.04542269513698064, valid_loss: 0.04816517149868039, train_nll: 2.5278964227984413, valid_nll: 2.676815176662181
[2021-09-24 20:24:41] epoch 224: train_loss: 0.04513147870288029, valid_loss: 0.04756925192613133, train_nll: 2.524063686719703, valid_nll: 2.658452247447993
[2021-09-24 20:24:56] epoch 225: train_loss: 0.04453373116626262, valid_loss: 0.04614137458706522, train_nll: 2.496778009518973, valid_nll: 2.5372374434906533
[2021-09-24 20:25:12] epoch 226: train_loss: 0.04398388928741818, valid_loss: 0.04580169051584136, train_nll: 2.4643996542699744, valid_nll: 2.527513430494015
[2021-09-24 20:25:27] epoch 227: train_loss: 0.04388035555780793, valid_loss: 0.04609532684432289, train_nll: 2.4583836701205226, valid_nll: 2.561397196429387
[2021-09-24 20:25:42] epoch 228: train_loss: 0.043603750665052135, valid_loss: 0.04634511809946829, train_nll: 2.4440820088112933, valid_nll: 2.590226789019315
[2021-09-24 20:25:57] epoch 229: train_loss: 0.043234812074289884, valid_loss: 0.04504549599150357, train_nll: 2.4277624635113417, valid_nll: 2.4944014059166895
[2021-09-24 20:26:12] epoch 230: train_loss: 0.042330133693791946, valid_loss: 0.04570770270131916, train_nll: 2.373144514305141, valid_nll: 2.577136665953378
[2021-09-24 20:26:27] epoch 231: train_loss: 0.04294709687360082, valid_loss: 0.04620828025172211, train_nll: 2.403063268490738, valid_nll: 2.5870306296868106
[2021-09-24 20:26:42] epoch 232: train_loss: 0.04266040411211486, valid_loss: 0.045011394135007966, train_nll: 2.390314357094068, valid_nll: 2.523805301095822
[2021-09-24 20:26:57] epoch 233: train_loss: 0.04403519407397818, valid_loss: 0.047385827019121605, train_nll: 2.45809530050717, valid_nll: 2.627175285766763
[2021-09-24 20:27:12] epoch 234: train_loss: 0.044222554554277094, valid_loss: 0.04522677293488745, train_nll: 2.4762331757558513, valid_nll: 2.526727541943295
[2021-09-24 20:27:28] epoch 235: train_loss: 0.043628338378148224, valid_loss: 0.04667890395947619, train_nll: 2.436139957642913, valid_nll: 2.5520527072766828
[2021-09-24 20:27:43] epoch 236: train_loss: 0.042998425453171264, valid_loss: 0.04544841642410769, train_nll: 2.4106006618084748, valid_nll: 2.501175610946568
[2021-09-24 20:27:58] epoch 237: train_loss: 0.042391405945445174, valid_loss: 0.045676485134687035, train_nll: 2.374784863628858, valid_nll: 2.4719095651620697
[2021-09-24 20:28:13] epoch 238: train_loss: 0.04360780337830785, valid_loss: 0.045391961307711684, train_nll: 2.4389240143185456, valid_nll: 2.51226479387725
[2021-09-24 20:28:28] epoch 239: train_loss: 0.043240465586119325, valid_loss: 0.04603466891139918, train_nll: 2.416219817317533, valid_nll: 2.537341699654908
[2021-09-24 20:28:43] epoch 240: train_loss: 0.04340684696795789, valid_loss: 0.0461491572999024, train_nll: 2.429070667961667, valid_nll: 2.5611848256532244
[2021-09-24 20:28:59] epoch 241: train_loss: 0.04503867127033492, valid_loss: 0.049403081739568984, train_nll: 2.50946617789119, valid_nll: 2.6479601469237637
[2021-09-24 20:29:14] epoch 242: train_loss: 0.0458460767761474, valid_loss: 0.04790106319924655, train_nll: 2.5591647890559863, valid_nll: 2.6531544692515276
[2021-09-24 20:29:29] epoch 243: train_loss: 0.04540425481043906, valid_loss: 0.048901539941915886, train_nll: 2.5426057651363188, valid_nll: 2.76524356123525
[2021-09-24 20:29:44] epoch 244: train_loss: 0.04555044409359996, valid_loss: 0.04804458563899718, train_nll: 2.5434491091597105, valid_nll: 2.6577304535517885
[2021-09-24 20:29:59] epoch 245: train_loss: 0.04490408576455944, valid_loss: 0.04803839364665092, train_nll: 2.499514373444564, valid_nll: 2.670965114437014
[2021-09-24 20:30:14] epoch 246: train_loss: 0.0456237651176901, valid_loss: 0.048591745522067034, train_nll: 2.5318245517521376, valid_nll: 2.7599910529111
[2021-09-24 20:30:29] epoch 247: train_loss: 0.04713938562118956, valid_loss: 0.04874467582716418, train_nll: 2.6120192609388084, valid_nll: 2.684826410442499
[2021-09-24 20:30:45] epoch 248: train_loss: 0.04620416545891538, valid_loss: 0.04771928248033358, train_nll: 2.564862204912214, valid_nll: 2.6245977350410827
[2021-09-24 20:31:00] epoch 249: train_loss: 0.04557735878458885, valid_loss: 0.04724204790040937, train_nll: 2.5377858794045207, valid_nll: 2.6278855447049807
[2021-09-24 20:31:15] epoch 250: train_loss: 0.04519272887655225, valid_loss: 0.047386981826813925, train_nll: 2.5157457117738367, valid_nll: 2.631591331101642
[2021-09-24 20:31:30] epoch 251: train_loss: 0.04507320282728511, valid_loss: 0.04725712148009697, train_nll: 2.5001779165069853, valid_nll: 2.651565566565636
[2021-09-24 20:31:45] epoch 252: train_loss: 0.04477350334623447, valid_loss: 0.04706197655140665, train_nll: 2.501877235675013, valid_nll: 2.571637883668015
[2021-09-24 20:32:01] epoch 253: train_loss: 0.0448639434909915, valid_loss: 0.049766941954290246, train_nll: 2.501678575250913, valid_nll: 2.726099262145
[2021-09-24 20:32:16] epoch 254: train_loss: 0.046767599408324236, valid_loss: 0.04746195422000968, train_nll: 2.6045261995539977, valid_nll: 2.6712160639685054
[2021-09-24 20:32:31] epoch 255: train_loss: 0.04418950492478585, valid_loss: 0.04581292995353999, train_nll: 2.4841368376652544, valid_nll: 2.5179871830479605
[2021-09-24 20:32:46] epoch 256: train_loss: 0.043899672744682955, valid_loss: 0.04655317835122175, train_nll: 2.4599265162706074, valid_nll: 2.575403557614603
[2021-09-24 20:33:02] epoch 257: train_loss: 0.04420251313929771, valid_loss: 0.04650598335903504, train_nll: 2.4793870757983933, valid_nll: 2.64982591518811
[2021-09-24 20:33:17] epoch 258: train_loss: 0.043900132780459844, valid_loss: 0.04617029862381475, train_nll: 2.4724675237922686, valid_nll: 2.5161838859622048
[2021-09-24 20:33:32] epoch 259: train_loss: 0.04421601165086031, valid_loss: 0.04745601253271792, train_nll: 2.470284267739338, valid_nll: 2.624733586052624
[2021-09-24 20:33:47] epoch 260: train_loss: 0.04451153843102692, valid_loss: 0.04780240716531098, train_nll: 2.480456892416337, valid_nll: 2.696452902653799
[2021-09-24 20:34:03] epoch 261: train_loss: 0.04432407233015948, valid_loss: 0.046393052486412095, train_nll: 2.4720217654184564, valid_nll: 2.558384798821448
[2021-09-24 20:34:18] epoch 262: train_loss: 0.0450357620762688, valid_loss: 0.04738598828327793, train_nll: 2.521177651492862, valid_nll: 2.632033415644191
[2021-09-24 20:34:33] epoch 263: train_loss: 0.04448216457338601, valid_loss: 0.04632601427248103, train_nll: 2.492842728758948, valid_nll: 2.608264212656715
[2021-09-24 20:34:48] epoch 264: train_loss: 0.04435213650133923, valid_loss: 0.04691142629767429, train_nll: 2.486002082227993, valid_nll: 2.5829700656751204
[2021-09-24 20:35:04] epoch 265: train_loss: 0.045637205989242285, valid_loss: 0.04758423698172404, train_nll: 2.562802856166282, valid_nll: 2.7046223620670085
[2021-09-24 20:35:19] epoch 266: train_loss: 0.046736592067249914, valid_loss: 0.04885045518678737, train_nll: 2.6221630498127615, valid_nll: 2.708538431000173
[2021-09-24 20:35:34] epoch 267: train_loss: 0.04728900178225566, valid_loss: 0.049085331079415505, train_nll: 2.6352413240632178, valid_nll: 2.701427934576774
[2021-09-24 20:35:49] epoch 268: train_loss: 0.04677391743088834, valid_loss: 0.047830415986521393, train_nll: 2.6123597954695383, valid_nll: 2.6853651123316107
[2021-09-24 20:36:04] epoch 269: train_loss: 0.0460388165353784, valid_loss: 0.047787210005039424, train_nll: 2.5655088353916358, valid_nll: 2.6616740929696547
[2021-09-24 20:36:19] epoch 270: train_loss: 0.0451068533128208, valid_loss: 0.04754895316383053, train_nll: 2.5256998848566554, valid_nll: 2.680623404928173
[2021-09-24 20:36:34] epoch 271: train_loss: 0.044448673617771106, valid_loss: 0.04669463606497456, train_nll: 2.488887241363113, valid_nll: 2.615570894232078
[2021-09-24 20:36:51] epoch 272: train_loss: 0.043947864348009784, valid_loss: 0.04594977449819532, train_nll: 2.459921230958275, valid_nll: 2.553375247842581
[2021-09-24 20:37:06] epoch 273: train_loss: 0.04372582842813273, valid_loss: 0.04604060964045153, train_nll: 2.4491625266457517, valid_nll: 2.5259139089159466
[2021-09-24 20:37:24] epoch 274: train_loss: 0.04341067924225966, valid_loss: 0.04677542901969369, train_nll: 2.4381331273443285, valid_nll: 2.637759590233061
[2021-09-24 20:37:39] epoch 275: train_loss: 0.04647117428567465, valid_loss: 0.04853544718009888, train_nll: 2.599915478670619, valid_nll: 2.7411947108177452
[2021-09-24 20:37:58] epoch 276: train_loss: 0.046313038501104804, valid_loss: 0.04853876014751506, train_nll: 2.584774868459585, valid_nll: 2.662179587977964
[2021-09-24 20:38:13] epoch 277: train_loss: 0.046824398909504884, valid_loss: 0.04882957336272119, train_nll: 2.6037040498790316, valid_nll: 2.7268532122396194
[2021-09-24 20:38:28] epoch 278: train_loss: 0.04611569275054275, valid_loss: 0.04762607162570678, train_nll: 2.5835083931320324, valid_nll: 2.664558590021121
[2021-09-24 20:38:43] epoch 279: train_loss: 0.045369792573948416, valid_loss: 0.04744236483480889, train_nll: 2.5243139389900424, valid_nll: 2.6976518978460486
[2021-09-24 20:38:58] epoch 280: train_loss: 0.044876349604116905, valid_loss: 0.04708593082479659, train_nll: 2.5001214134714633, valid_nll: 2.6600404602239243
[2021-09-24 20:39:14] epoch 281: train_loss: 0.04464943650358434, valid_loss: 0.04664929089475574, train_nll: 2.4915639443318813, valid_nll: 2.597716586832754
[2021-09-24 20:39:29] epoch 282: train_loss: 0.04373847674417393, valid_loss: 0.04636313393712044, train_nll: 2.443443850848096, valid_nll: 2.572216160811671
[2021-09-24 20:39:44] epoch 283: train_loss: 0.04364132168045219, valid_loss: 0.04609306241692491, train_nll: 2.4365792824364183, valid_nll: 2.5513431019019492
[2021-09-24 20:39:59] epoch 284: train_loss: 0.04324172229723473, valid_loss: 0.046104321536215055, train_nll: 2.4109930056141002, valid_nll: 2.557624180494661
[2021-09-24 20:40:14] epoch 285: train_loss: 0.04276948980450287, valid_loss: 0.04613923155460399, train_nll: 2.38890772127707, valid_nll: 2.618091627002341
[2021-09-24 20:40:29] epoch 286: train_loss: 0.043072819366235214, valid_loss: 0.04602808890745819, train_nll: 2.4133390474041003, valid_nll: 2.59959941034439
[2021-09-24 20:40:45] epoch 287: train_loss: 0.04385901345825762, valid_loss: 0.045545029060947415, train_nll: 2.4530121164820193, valid_nll: 2.5260777689256906
[2021-09-24 20:41:00] epoch 288: train_loss: 0.042954763829686625, valid_loss: 0.04560194095607438, train_nll: 2.405948585665083, valid_nll: 2.607078379600333
[2021-09-24 20:41:15] epoch 289: train_loss: 0.043291473049960325, valid_loss: 0.04662460083346491, train_nll: 2.4275452980085275, valid_nll: 2.5471642822750247
[2021-09-24 20:41:30] epoch 290: train_loss: 0.04295368492871695, valid_loss: 0.04524002181139985, train_nll: 2.4049385201943405, valid_nll: 2.521956300672372
[2021-09-24 20:41:45] epoch 291: train_loss: 0.04290848116924509, valid_loss: 0.04616488956690179, train_nll: 2.409843772138506, valid_nll: 2.5288152714053282
[2021-09-24 20:42:00] epoch 292: train_loss: 0.042583315606398095, valid_loss: 0.0455899993657549, train_nll: 2.38446350263374, valid_nll: 2.50560895249241
[2021-09-24 20:42:15] epoch 293: train_loss: 0.042603467400548094, valid_loss: 0.04552936141589129, train_nll: 2.3839234382245773, valid_nll: 2.5338917571119555
[2021-09-24 20:42:30] epoch 294: train_loss: 0.04245968547620158, valid_loss: 0.04544800254004883, train_nll: 2.3839038983208125, valid_nll: 2.533229869275457
[2021-09-24 20:42:45] epoch 295: train_loss: 0.04225813968091001, valid_loss: 0.04562529554386015, train_nll: 2.371589036686759, valid_nll: 2.499028363120572
[2021-09-24 20:43:01] epoch 296: train_loss: 0.043342093126553106, valid_loss: 0.04660220115817006, train_nll: 2.4266007115765578, valid_nll: 2.592142814363632
[2021-09-24 20:43:16] epoch 297: train_loss: 0.0430628542227386, valid_loss: 0.04615237641368987, train_nll: 2.4065529001118584, valid_nll: 2.539988763352349
[2021-09-24 20:43:31] epoch 298: train_loss: 0.04241587069712214, valid_loss: 0.04587718636615772, train_nll: 2.3764731333259523, valid_nll: 2.5456067186649225
[2021-09-24 20:43:46] epoch 299: train_loss: 0.04304137296695531, valid_loss: 0.04667235481299761, train_nll: 2.415226130358725, valid_nll: 2.637205371427599
[2021-09-24 20:44:01] epoch 300: train_loss: 0.0431354266486697, valid_loss: 0.04665446508611213, train_nll: 2.4195835178359215, valid_nll: 2.6346320220853032
[2021-09-24 20:44:16] epoch 301: train_loss: 0.043167796450256445, valid_loss: 0.046539130862909936, train_nll: 2.4231254857317994, valid_nll: 2.614259749632551
[2021-09-24 20:44:31] epoch 302: train_loss: 0.04582270603863152, valid_loss: 0.04906204465582881, train_nll: 2.564628918671024, valid_nll: 2.7214221706987742
[2021-09-24 20:44:47] epoch 303: train_loss: 0.046452171542287216, valid_loss: 0.04798731752644385, train_nll: 2.5972300486223086, valid_nll: 2.7001101069372555
[2021-09-24 20:45:02] epoch 304: train_loss: 0.04591467952414789, valid_loss: 0.04846172669977811, train_nll: 2.5640899827478187, valid_nll: 2.653359343567029
[2021-09-24 20:45:17] epoch 305: train_loss: 0.04472285375449946, valid_loss: 0.04725837735513042, train_nll: 2.5031740300230374, valid_nll: 2.6423545857594832
[2021-09-24 20:45:32] epoch 306: train_loss: 0.04383657681581266, valid_loss: 0.046768115004363085, train_nll: 2.4525944430188744, valid_nll: 2.5546786237194192
[2021-09-24 20:45:47] epoch 307: train_loss: 0.04472385431164795, valid_loss: 0.04683754271208551, train_nll: 2.45545555719963, valid_nll: 2.5818651950669596
[2021-09-24 20:46:02] epoch 308: train_loss: 0.04284327613291806, valid_loss: 0.045426359927723176, train_nll: 2.401416385418565, valid_nll: 2.501802973332887
[2021-09-24 20:46:17] epoch 309: train_loss: 0.042470574534635035, valid_loss: 0.04586998823319556, train_nll: 2.383009976843491, valid_nll: 2.5064526161224134
[2021-09-24 20:46:32] epoch 310: train_loss: 0.042473029090300936, valid_loss: 0.04515986841150446, train_nll: 2.3843962522802347, valid_nll: 2.5224436433082853
[2021-09-24 20:46:47] epoch 311: train_loss: 0.042057951576793054, valid_loss: 0.04539617043354608, train_nll: 2.3558509737424176, valid_nll: 2.503429587170265
[2021-09-24 20:47:02] epoch 312: train_loss: 0.04276685636243662, valid_loss: 0.046737147075247905, train_nll: 2.4030052109617963, valid_nll: 2.640206491531756
[2021-09-24 20:47:18] epoch 313: train_loss: 0.04286927753731995, valid_loss: 0.0450111196694002, train_nll: 2.405453159506431, valid_nll: 2.520622294476025
[2021-09-24 20:47:33] epoch 314: train_loss: 0.042135627569915235, valid_loss: 0.04567955876835164, train_nll: 2.365403648110579, valid_nll: 2.5198837256715536
[2021-09-24 20:47:48] epoch 315: train_loss: 0.04287751738561763, valid_loss: 0.0458651789910876, train_nll: 2.3966047222815052, valid_nll: 2.561283417488438
[2021-09-24 20:48:03] epoch 316: train_loss: 0.04295113373558528, valid_loss: 0.0467574445132403, train_nll: 2.40198452115995, valid_nll: 2.604730865384284
[2021-09-24 20:48:18] epoch 317: train_loss: 0.043217558625774186, valid_loss: 0.04644433739514365, train_nll: 2.423229134648721, valid_nll: 2.564923144165093
[2021-09-24 20:48:33] epoch 318: train_loss: 0.04465834470331583, valid_loss: 0.04730741378199847, train_nll: 2.4994393849822, valid_nll: 2.6430735416016917
[2021-09-24 20:48:49] epoch 319: train_loss: 0.045445214243074315, valid_loss: 0.049692130308447546, train_nll: 2.5374138458733837, valid_nll: 2.7496487261179423
[2021-09-24 20:49:04] epoch 320: train_loss: 0.04601806267204907, valid_loss: 0.04790628206178632, train_nll: 2.585960741179797, valid_nll: 2.720298998630357
[2021-09-24 20:49:19] epoch 321: train_loss: 0.04605548362105398, valid_loss: 0.048002188153177326, train_nll: 2.5805517889448826, valid_nll: 2.704353402856693
[2021-09-24 20:49:34] epoch 322: train_loss: 0.04552060871597068, valid_loss: 0.04798610758230176, train_nll: 2.5521062951933704, valid_nll: 2.610102630197923
[2021-09-24 20:49:49] epoch 323: train_loss: 0.045203504104285315, valid_loss: 0.04813043882994983, train_nll: 2.533757899030358, valid_nll: 2.6684248875036185
[2021-09-24 20:50:04] epoch 324: train_loss: 0.045595319088151204, valid_loss: 0.04792151796077028, train_nll: 2.5521508540989073, valid_nll: 2.682747295095261
[2021-09-24 20:50:19] epoch 325: train_loss: 0.045904819201409645, valid_loss: 0.04796372448777877, train_nll: 2.574663899079026, valid_nll: 2.653783115879996
[2021-09-24 20:50:34] epoch 326: train_loss: 0.04485851585843549, valid_loss: 0.04754153509877321, train_nll: 2.5164084097190105, valid_nll: 2.7162889959321026
[2021-09-24 20:50:49] epoch 327: train_loss: 0.04528101873973261, valid_loss: 0.04715029316055292, train_nll: 2.532848332884506, valid_nll: 2.6239151778387297
[2021-09-24 20:51:05] epoch 328: train_loss: 0.045419556088745594, valid_loss: 0.04817165212565764, train_nll: 2.5334067159615823, valid_nll: 2.6295586039539365
[2021-09-24 20:51:20] epoch 329: train_loss: 0.04629316486643697, valid_loss: 0.048049508340958225, train_nll: 2.5716465295692728, valid_nll: 2.6535143118152864
[2021-09-24 20:51:35] epoch 330: train_loss: 0.04536178621654036, valid_loss: 0.04740742546630043, train_nll: 2.533079916874495, valid_nll: 2.6142678777815016
[2021-09-24 20:51:50] epoch 331: train_loss: 0.04503473994034941, valid_loss: 0.0479525605679592, train_nll: 2.522170894007022, valid_nll: 2.6478008329158427
[2021-09-24 20:52:05] epoch 332: train_loss: 0.04575396361640018, valid_loss: 0.04807621839246309, train_nll: 2.5752288528223133, valid_nll: 2.7754565588535063
[2021-09-24 20:52:20] epoch 333: train_loss: 0.049103995296642486, valid_loss: 0.05532406890667932, train_nll: 2.7757879195155595, valid_nll: 3.1081118549604376
[2021-09-24 20:52:35] epoch 334: train_loss: 0.05226539689993824, valid_loss: 0.05234488847024868, train_nll: 2.9247303829488, valid_nll: 2.981955817264242
[2021-09-24 20:52:50] epoch 335: train_loss: 0.050223753323257826, valid_loss: 0.05244443503160008, train_nll: 2.816660320720115, valid_nll: 2.8790206081287737
[2021-09-24 20:53:05] epoch 336: train_loss: 0.0490686723382698, valid_loss: 0.049723074938348266, train_nll: 2.7345550083684733, valid_nll: 2.7483803182432816
[2021-09-24 20:53:21] epoch 337: train_loss: 0.04711188179486423, valid_loss: 0.047757945890199244, train_nll: 2.638876085407667, valid_nll: 2.6848477882280926
[2021-09-24 20:53:36] epoch 338: train_loss: 0.04564039564559971, valid_loss: 0.04777699263195771, train_nll: 2.5516110434288115, valid_nll: 2.606251411791357
[2021-09-24 20:53:51] epoch 339: train_loss: 0.045577702772741875, valid_loss: 0.04729615108815232, train_nll: 2.546545769893956, valid_nll: 2.566707657526704
[2021-09-24 20:54:06] epoch 340: train_loss: 0.04443950895542113, valid_loss: 0.0471510568127639, train_nll: 2.479769248784321, valid_nll: 2.6392606283422606
[2021-09-24 20:54:21] epoch 341: train_loss: 0.04502007962937228, valid_loss: 0.047335080694773296, train_nll: 2.519606749411029, valid_nll: 2.6079636851858874
[2021-09-24 20:54:37] epoch 342: train_loss: 0.044679351032896754, valid_loss: 0.04693048646555126, train_nll: 2.4966373065424285, valid_nll: 2.632404837589407
[2021-09-24 20:54:52] epoch 343: train_loss: 0.04433646423994464, valid_loss: 0.04646645342080579, train_nll: 2.483370938848481, valid_nll: 2.5713539978350424
[2021-09-24 20:55:07] epoch 344: train_loss: 0.043459861533936404, valid_loss: 0.046828966490881294, train_nll: 2.4336875162812937, valid_nll: 2.5369003605516567
[2021-09-24 20:55:22] epoch 345: train_loss: 0.04344292904816632, valid_loss: 0.04680468260466708, train_nll: 2.4176301313749264, valid_nll: 2.574361902614706
[2021-09-24 20:55:37] epoch 346: train_loss: 0.04323444182659776, valid_loss: 0.04607301569312294, train_nll: 2.4204314817844303, valid_nll: 2.52116212983672
[2021-09-24 20:55:52] epoch 347: train_loss: 0.042962391954720534, valid_loss: 0.04560074933691521, train_nll: 2.4016053451061494, valid_nll: 2.5350853551890706
[2021-09-24 20:56:07] epoch 348: train_loss: 0.04349388319580287, valid_loss: 0.04672521827580956, train_nll: 2.43489621757876, valid_nll: 2.557698513076439
[2021-09-24 20:56:23] epoch 349: train_loss: 0.04393460576607704, valid_loss: 0.04609059555337608, train_nll: 2.45201335079413, valid_nll: 2.563075148654394
[2021-09-24 20:56:38] epoch 350: train_loss: 0.042923590364283545, valid_loss: 0.04589572122503567, train_nll: 2.401153151330003, valid_nll: 2.4814730307263955
[2021-09-24 20:56:53] epoch 351: train_loss: 0.04267435905762468, valid_loss: 0.04631858570985711, train_nll: 2.391809727141898, valid_nll: 2.5637287575713748
[2021-09-24 20:57:08] epoch 352: train_loss: 0.04298720870338788, valid_loss: 0.04567678406231665, train_nll: 2.4024783730865473, valid_nll: 2.5605127385917297
[2021-09-24 20:57:23] epoch 353: train_loss: 0.04242599270808422, valid_loss: 0.04523784352864833, train_nll: 2.372861698102503, valid_nll: 2.5145370688688717
[2021-09-24 20:57:38] epoch 354: train_loss: 0.042158589835254535, valid_loss: 0.04585999171814822, train_nll: 2.359129546560559, valid_nll: 2.543648862565305
[2021-09-24 20:57:54] epoch 355: train_loss: 0.04237704897991862, valid_loss: 0.04546203687141052, train_nll: 2.3706923295457765, valid_nll: 2.5490242226511883
[2021-09-24 20:58:09] epoch 356: train_loss: 0.0427011074417778, valid_loss: 0.04633327038431099, train_nll: 2.386353648460547, valid_nll: 2.602605765350705
[2021-09-24 20:58:24] epoch 357: train_loss: 0.04225154126315278, valid_loss: 0.04501892339890403, train_nll: 2.3644143888529507, valid_nll: 2.513915649467909
[2021-09-24 20:58:39] epoch 358: train_loss: 0.04231643289735578, valid_loss: 0.045173151881536304, train_nll: 2.3636621815342433, valid_nll: 2.5376565220601033
[2021-09-24 20:58:54] epoch 359: train_loss: 0.04243001642151164, valid_loss: 0.04596348420173102, train_nll: 2.3736529089638596, valid_nll: 2.5736517315138054
[2021-09-24 20:59:09] epoch 360: train_loss: 0.04284545943216134, valid_loss: 0.0457969955410916, train_nll: 2.406583249629606, valid_nll: 2.5276679006609353
[2021-09-24 20:59:25] epoch 361: train_loss: 0.042422268204176286, valid_loss: 0.04578713874596392, train_nll: 2.37532210771245, valid_nll: 2.5880276401083955
[2021-09-24 20:59:40] epoch 362: train_loss: 0.04228144380068057, valid_loss: 0.045274331831949295, train_nll: 2.3644824975984773, valid_nll: 2.4838301410851735
[2021-09-24 20:59:55] epoch 363: train_loss: 0.0427689897943213, valid_loss: 0.04584870408854388, train_nll: 2.3949209361611117, valid_nll: 2.5715176791412797
[2021-09-24 21:00:12] epoch 364: train_loss: 0.04246066192095235, valid_loss: 0.044854804464330565, train_nll: 2.3825225875195004, valid_nll: 2.4701545833121537
[2021-09-24 21:00:27] epoch 365: train_loss: 0.04198847057550115, valid_loss: 0.04514874226139116, train_nll: 2.3531710421836967, valid_nll: 2.4736388002453684
[2021-09-24 21:00:42] epoch 366: train_loss: 0.04196237375482015, valid_loss: 0.04524878392028326, train_nll: 2.3544761090153172, valid_nll: 2.5039802457037927
[2021-09-24 21:01:00] epoch 367: train_loss: 0.041802379267789444, valid_loss: 0.045108866527934985, train_nll: 2.346590025553326, valid_nll: 2.537622024206322
[2021-09-24 21:01:18] epoch 368: train_loss: 0.04228374786052305, valid_loss: 0.04618167149365982, train_nll: 2.372731867079322, valid_nll: 2.581935311457529
[2021-09-24 21:01:33] epoch 369: train_loss: 0.04241095027035526, valid_loss: 0.04517321624507794, train_nll: 2.3759960916017424, valid_nll: 2.4874617305262583
[2021-09-24 21:01:48] epoch 370: train_loss: 0.042284790676097875, valid_loss: 0.04520120650443728, train_nll: 2.3681566560869713, valid_nll: 2.4959343848377795
[2021-09-24 21:02:03] epoch 371: train_loss: 0.04223303182549796, valid_loss: 0.046396617826095894, train_nll: 2.369480977111038, valid_nll: 2.5274705520852
[2021-09-24 21:02:18] epoch 372: train_loss: 0.042747386701684174, valid_loss: 0.04485238315483738, train_nll: 2.386298433251656, valid_nll: 2.460881333925359
[2021-09-24 21:02:33] epoch 373: train_loss: 0.04185528472141076, valid_loss: 0.045189213879794056, train_nll: 2.3407667250560764, valid_nll: 2.4819673276547034
[2021-09-24 21:02:48] epoch 374: train_loss: 0.04176937462091016, valid_loss: 0.04476511561327932, train_nll: 2.3381070730576607, valid_nll: 2.4605883352231706
[2021-09-24 21:03:03] epoch 375: train_loss: 0.0421682100753791, valid_loss: 0.04542601117164413, train_nll: 2.3593568268340244, valid_nll: 2.512086288593496
[2021-09-24 21:03:19] epoch 376: train_loss: 0.042065545256311336, valid_loss: 0.04489610718853901, train_nll: 2.359006715464672, valid_nll: 2.4830253691940407
[2021-09-24 21:03:34] epoch 377: train_loss: 0.04205046497253159, valid_loss: 0.04486452173333981, train_nll: 2.3565132468080514, valid_nll: 2.5228243490857705
[2021-09-24 21:03:51] epoch 378: train_loss: 0.04149556368245859, valid_loss: 0.04470973263758456, train_nll: 2.330231673012534, valid_nll: 2.471989848133116
[2021-09-24 21:04:11] epoch 379: train_loss: 0.04183914199450002, valid_loss: 0.044994183444563365, train_nll: 2.342313497198961, valid_nll: 2.5115513704398365
[2021-09-24 21:04:26] epoch 380: train_loss: 0.04202647645144538, valid_loss: 0.04448119053520219, train_nll: 2.3555596989490537, valid_nll: 2.479273392147675
[2021-09-24 21:04:41] epoch 381: train_loss: 0.041557791004070116, valid_loss: 0.0448941216303434, train_nll: 2.328675539030313, valid_nll: 2.4770876618172033
[2021-09-24 21:04:56] epoch 382: train_loss: 0.04248030924155063, valid_loss: 0.0455527872363956, train_nll: 2.373756472115328, valid_nll: 2.5709912482262918
[2021-09-24 21:05:11] epoch 383: train_loss: 0.04258078559213224, valid_loss: 0.04687239813236143, train_nll: 2.394006897023673, valid_nll: 2.6356902864150764
[2021-09-24 21:05:26] epoch 384: train_loss: 0.043352251534245545, valid_loss: 0.046481085844294875, train_nll: 2.4236819804939267, valid_nll: 2.6456652280776365
[2021-09-24 21:05:41] epoch 385: train_loss: 0.042564631351175844, valid_loss: 0.04502718763242912, train_nll: 2.3879116575263244, valid_nll: 2.482890042514069
[2021-09-24 21:05:56] epoch 386: train_loss: 0.04294411949974401, valid_loss: 0.04686805112771905, train_nll: 2.3993979537783314, valid_nll: 2.620192847064691
[2021-09-24 21:06:12] epoch 387: train_loss: 0.044479551870021596, valid_loss: 0.04700455526051494, train_nll: 2.488361112603747, valid_nll: 2.6312852692067703
[2021-09-24 21:06:27] epoch 388: train_loss: 0.044024942324681994, valid_loss: 0.046435945554275736, train_nll: 2.4713181334053718, valid_nll: 2.6459138436942147
[2021-09-24 21:06:42] epoch 389: train_loss: 0.04423389340662304, valid_loss: 0.046920814438362345, train_nll: 2.454748441078879, valid_nll: 2.670540797599991
[2021-09-24 21:06:57] epoch 390: train_loss: 0.04388829984404254, valid_loss: 0.04638806004830868, train_nll: 2.4670615523949015, valid_nll: 2.584693346667195
[2021-09-24 21:07:12] epoch 391: train_loss: 0.04317986989066391, valid_loss: 0.04599445786951594, train_nll: 2.422056091954459, valid_nll: 2.5912502075114543
[2021-09-24 21:07:27] epoch 392: train_loss: 0.043312478225452755, valid_loss: 0.04628916711390363, train_nll: 2.424658935987979, valid_nll: 2.5917993038196
[2021-09-24 21:07:43] epoch 393: train_loss: 0.04313713031410312, valid_loss: 0.04636010787089091, train_nll: 2.42118570964525, valid_nll: 2.5807613906220923
[2021-09-24 21:07:58] epoch 394: train_loss: 0.04374603679945816, valid_loss: 0.04683170088626057, train_nll: 2.450867977110991, valid_nll: 2.6127882538043723
[2021-09-24 21:08:13] epoch 395: train_loss: 0.04499230454662433, valid_loss: 0.04717230228330359, train_nll: 2.5221187016290827, valid_nll: 2.6260737512939345
[2021-09-24 21:08:28] epoch 396: train_loss: 0.04566625566610943, valid_loss: 0.04797993852310098, train_nll: 2.5670111699239797, valid_nll: 2.6700011443082174
[2021-09-24 21:08:44] epoch 397: train_loss: 0.04607866480356077, valid_loss: 0.04837899810144667, train_nll: 2.5858470803066522, valid_nll: 2.716601633846786
[2021-09-24 21:08:59] epoch 398: train_loss: 0.04625202515981125, valid_loss: 0.0483784834945822, train_nll: 2.5990894034800514, valid_nll: 2.727206315897507
[2021-09-24 21:09:14] epoch 399: train_loss: 0.04739643591764767, valid_loss: 0.05101810647659219, train_nll: 2.6601494631198186, valid_nll: 2.813733974300295
[2021-09-24 21:09:29] epoch 400: train_loss: 0.051948211526213706, valid_loss: 0.05584683631024609, train_nll: 2.881209444245804, valid_nll: 3.166330969380975
[2021-09-24 21:09:44] epoch 401: train_loss: 0.054357825445617826, valid_loss: 0.05539822485836255, train_nll: 3.0184568123290165, valid_nll: 3.015559143551026
[2021-09-24 21:09:59] epoch 402: train_loss: 0.05504921595606234, valid_loss: 0.05611654495917304, train_nll: 3.094940352869765, valid_nll: 3.113034827624011
[2021-09-24 21:10:15] epoch 403: train_loss: 0.05405736219417035, valid_loss: 0.054608167014542346, train_nll: 3.023629520781121, valid_nll: 2.9946885716825737
[2021-09-24 21:10:30] epoch 404: train_loss: 0.05390835922984379, valid_loss: 0.05407422341707814, train_nll: 3.026815567034388, valid_nll: 2.9780337151526144
[2021-09-24 21:10:45] epoch 405: train_loss: 0.054510676675081596, valid_loss: 0.05677561453312119, train_nll: 3.0784225020940896, valid_nll: 3.1272631079392332
[2021-09-24 21:11:00] epoch 406: train_loss: 0.0547879498092302, valid_loss: 0.05654759709373375, train_nll: 3.0845160309242035, valid_nll: 3.111801388761153
[2021-09-24 21:11:15] epoch 407: train_loss: 0.05439287999521415, valid_loss: 0.054846333156775874, train_nll: 3.0490123571760614, valid_nll: 3.0278041750416125
[2021-09-24 21:11:31] epoch 408: train_loss: 0.05368036381707068, valid_loss: 0.054920735171420036, train_nll: 2.984090438424835, valid_nll: 3.0124415979440062
[2021-09-24 21:11:46] epoch 409: train_loss: 0.05305203566762487, valid_loss: 0.05389920563969998, train_nll: 2.9483977669868136, valid_nll: 3.004664064263477
[2021-09-24 21:12:01] epoch 410: train_loss: 0.05320513101096026, valid_loss: 0.054554917908817356, train_nll: 2.960549885571307, valid_nll: 3.0410327522671587
[2021-09-24 21:12:16] epoch 411: train_loss: 0.053109908922003735, valid_loss: 0.053468186774350314, train_nll: 2.9514033711855996, valid_nll: 2.888312915184448
[2021-09-24 21:12:31] epoch 412: train_loss: 0.051897786141665764, valid_loss: 0.05253735621798934, train_nll: 2.870786900252362, valid_nll: 2.91973426155861
[2021-09-24 21:12:46] epoch 413: train_loss: 0.05100436162697393, valid_loss: 0.0520144125414377, train_nll: 2.824236512515606, valid_nll: 2.882899759475176
[2021-09-24 21:13:01] epoch 414: train_loss: 0.050861984214903816, valid_loss: 0.05341661329558819, train_nll: 2.814050562004175, valid_nll: 2.977179786672033
[2021-09-24 21:13:16] epoch 415: train_loss: 0.05282470744414529, valid_loss: 0.05473316161532622, train_nll: 2.925785749758043, valid_nll: 2.9793342475907942
[2021-09-24 21:13:32] epoch 416: train_loss: 0.053702926174643575, valid_loss: 0.056385304843414724, train_nll: 2.9539847795821497, valid_nll: 3.0083150132511176
[2021-09-24 21:13:47] epoch 417: train_loss: 0.05489302742743183, valid_loss: 0.05557614513215302, train_nll: 3.0157492907570957, valid_nll: 2.980971619985048
[2021-09-24 21:14:02] epoch 418: train_loss: 0.054462656904795674, valid_loss: 0.05624653907180521, train_nll: 2.994471504388293, valid_nll: 3.08958074757324
[2021-09-24 21:14:17] epoch 419: train_loss: 0.054635236109539825, valid_loss: 0.05597103292370118, train_nll: 3.0105750877215827, valid_nll: 3.076595137116138
[2021-09-24 21:14:32] epoch 420: train_loss: 0.054607764965390264, valid_loss: 0.05557745589600133, train_nll: 3.006099014522127, valid_nll: 3.0394510932993035
[2021-09-24 21:14:47] epoch 421: train_loss: 0.0536349617234654, valid_loss: 0.05418604328108661, train_nll: 2.9625170813548354, valid_nll: 3.0016512187188766
[2021-09-24 21:15:02] epoch 422: train_loss: 0.052734975254844864, valid_loss: 0.0539763588565967, train_nll: 2.922232340742009, valid_nll: 2.9742723162919873
[2021-09-24 21:15:17] epoch 423: train_loss: 0.05229056893609013, valid_loss: 0.053443445764869625, train_nll: 2.8997866570855675, valid_nll: 2.944957604258924
[2021-09-24 21:15:32] epoch 424: train_loss: 0.05219483322944352, valid_loss: 0.05400985884184093, train_nll: 2.8891250957491246, valid_nll: 3.041256352421677
[2021-09-24 21:15:48] epoch 425: train_loss: 0.05199897729440107, valid_loss: 0.05362623990271133, train_nll: 2.8760885606859765, valid_nll: 2.9152826673510215
[2021-09-24 21:16:03] epoch 426: train_loss: 0.05251817988709517, valid_loss: 0.0543816232827702, train_nll: 2.8949102675807596, valid_nll: 3.090127137751636
[2021-09-24 21:16:18] epoch 427: train_loss: 0.05239994905255627, valid_loss: 0.05425378335693668, train_nll: 2.9001473504455673, valid_nll: 2.9784221738353405
[2021-09-24 21:16:33] epoch 428: train_loss: 0.05269210765229522, valid_loss: 0.0545193232983523, train_nll: 2.9128748842932497, valid_nll: 2.976472767281753
[2021-09-24 21:16:48] epoch 429: train_loss: 0.05239513190060596, valid_loss: 0.05334410331927972, train_nll: 2.9141414526309855, valid_nll: 2.9952103919797812
[2021-09-24 21:17:03] epoch 430: train_loss: 0.05124639546879774, valid_loss: 0.05230604196128818, train_nll: 2.8474221402456075, valid_nll: 2.963571560072594
[2021-09-24 21:17:18] epoch 431: train_loss: 0.050507740015620285, valid_loss: 0.05213598000434782, train_nll: 2.807446728900021, valid_nll: 2.9134123157287517
[2021-09-24 21:17:34] epoch 432: train_loss: 0.05058619370871902, valid_loss: 0.05199683222898169, train_nll: 2.816627101942334, valid_nll: 2.892775192900171
[2021-09-24 21:17:49] epoch 433: train_loss: 0.05052760663718758, valid_loss: 0.05190766994663746, train_nll: 2.8159167063883777, valid_nll: 2.780912868935577
[2021-09-24 21:18:04] epoch 434: train_loss: 0.050035255749089916, valid_loss: 0.05110156484421967, train_nll: 2.7759065082365266, valid_nll: 2.790910694406692
[2021-09-24 21:18:19] epoch 435: train_loss: 0.04935385480319131, valid_loss: 0.0505840643766643, train_nll: 2.736379624790452, valid_nll: 2.8146615680009717
[2021-09-24 21:18:34] epoch 436: train_loss: 0.049191135612533826, valid_loss: 0.050282748103830856, train_nll: 2.726485862775966, valid_nll: 2.806168122495593
[2021-09-24 21:18:49] epoch 437: train_loss: 0.04878623642682256, valid_loss: 0.051253595491709734, train_nll: 2.7135096641647722, valid_nll: 2.84665914972185
[2021-09-24 21:19:04] epoch 438: train_loss: 0.04913527060096133, valid_loss: 0.050320839606268555, train_nll: 2.72982895715725, valid_nll: 2.758499389500359
[2021-09-24 21:19:20] epoch 439: train_loss: 0.04827269783474355, valid_loss: 0.049979141100465904, train_nll: 2.679647240950023, valid_nll: 2.755293062241213
[2021-09-24 21:19:35] epoch 440: train_loss: 0.048304031348065275, valid_loss: 0.04964187342910408, train_nll: 2.6902706496741997, valid_nll: 2.748722510554478
[2021-09-24 21:19:50] epoch 441: train_loss: 0.047822927159689346, valid_loss: 0.0488775179134628, train_nll: 2.6568845401967747, valid_nll: 2.7165252305255043
[2021-09-24 21:20:05] epoch 442: train_loss: 0.04716723054507881, valid_loss: 0.04884759655405331, train_nll: 2.6158913155974863, valid_nll: 2.6642132153740317
[2021-09-24 21:20:20] epoch 443: train_loss: 0.04662607151810992, valid_loss: 0.04873270173207184, train_nll: 2.587841968223704, valid_nll: 2.6596457247067296
[2021-09-24 21:20:35] epoch 444: train_loss: 0.04636623180049984, valid_loss: 0.04858415599675537, train_nll: 2.5732810539567454, valid_nll: 2.7082828516680393
[2021-09-24 21:20:51] epoch 445: train_loss: 0.046224897501920416, valid_loss: 0.04835720198778059, train_nll: 2.5590053022738495, valid_nll: 2.7413336327699613
[2021-09-24 21:21:06] epoch 446: train_loss: 0.046177816920798344, valid_loss: 0.04839815442703363, train_nll: 2.548319968766639, valid_nll: 2.7027853882885946
[2021-09-24 21:21:21] epoch 447: train_loss: 0.046022839355752174, valid_loss: 0.04803422928890052, train_nll: 2.5534253763690375, valid_nll: 2.680149556257991
[2021-09-24 21:21:36] epoch 448: train_loss: 0.04584447140416254, valid_loss: 0.047808469418500886, train_nll: 2.538719302141764, valid_nll: 2.6470669703069216
[2021-09-24 21:21:51] epoch 449: train_loss: 0.04545429683094495, valid_loss: 0.04777851179672803, train_nll: 2.518524343578481, valid_nll: 2.668852663986684
[2021-09-24 21:22:06] epoch 450: train_loss: 0.04518895586066871, valid_loss: 0.04758409094173095, train_nll: 2.5086588638610117, valid_nll: 2.6562772632223632
[2021-09-24 21:22:21] epoch 451: train_loss: 0.04516126985342298, valid_loss: 0.047450996913834115, train_nll: 2.503719340917987, valid_nll: 2.650299080679161
[2021-09-24 21:22:37] epoch 452: train_loss: 0.04477398396236151, valid_loss: 0.047389305309753195, train_nll: 2.4874376927125876, valid_nll: 2.638052806004481
[2021-09-24 21:22:52] epoch 453: train_loss: 0.04466605053608029, valid_loss: 0.04758136297409245, train_nll: 2.4760142947270616, valid_nll: 2.6857761990513946
[2021-09-24 21:23:10] epoch 454: train_loss: 0.044478756370242976, valid_loss: 0.04728174874978947, train_nll: 2.47472522569032, valid_nll: 2.648806317787524
[2021-09-24 21:23:25] epoch 455: train_loss: 0.04429414021575915, valid_loss: 0.04710964352495409, train_nll: 2.4628214896285483, valid_nll: 2.6656742642827114
[2021-09-24 21:23:44] epoch 456: train_loss: 0.044195481973246645, valid_loss: 0.0472838286891838, train_nll: 2.4548241075958903, valid_nll: 2.613272468960648
[2021-09-24 21:24:01] epoch 457: train_loss: 0.044232047664844336, valid_loss: 0.04711928302583667, train_nll: 2.46033962555401, valid_nll: 2.6255322187547385
[2021-09-24 21:24:16] epoch 458: train_loss: 0.04406287661895843, valid_loss: 0.0469184917952284, train_nll: 2.4462777908718145, valid_nll: 2.5984486247139666
[2021-09-24 21:24:31] epoch 459: train_loss: 0.04418742264586069, valid_loss: 0.04730931184970574, train_nll: 2.4588132265889566, valid_nll: 2.6235927903184186
[2021-09-24 21:24:47] epoch 460: train_loss: 0.04423935593291044, valid_loss: 0.047346738312458024, train_nll: 2.4610689523676696, valid_nll: 2.6258478693884273
[2021-09-24 21:25:02] epoch 461: train_loss: 0.04394264670453901, valid_loss: 0.047233536667217406, train_nll: 2.4465682021541264, valid_nll: 2.5978634703459065
[2021-09-24 21:25:17] epoch 462: train_loss: 0.0439027951337848, valid_loss: 0.047327321130416294, train_nll: 2.440213643021506, valid_nll: 2.596011048305597
[2021-09-24 21:25:32] epoch 463: train_loss: 0.04395741365597683, valid_loss: 0.047272315216546804, train_nll: 2.445292343339811, valid_nll: 2.612056051690935
[2021-09-24 21:25:47] epoch 464: train_loss: 0.043895896290689275, valid_loss: 0.04718362198701139, train_nll: 2.4414534319749035, valid_nll: 2.6486236397264076
[2021-09-24 21:26:02] epoch 465: train_loss: 0.04416699401406244, valid_loss: 0.047072139477109635, train_nll: 2.4378732308637185, valid_nll: 2.6259868475430643
[2021-09-24 21:26:17] epoch 466: train_loss: 0.04379043685170347, valid_loss: 0.04705544540690893, train_nll: 2.435150955074302, valid_nll: 2.608860770058516
[2021-09-24 21:26:32] epoch 467: train_loss: 0.04385862125738682, valid_loss: 0.04731467648307023, train_nll: 2.4421339409363294, valid_nll: 2.619198693879964
[2021-09-24 21:26:47] epoch 468: train_loss: 0.043837280710488126, valid_loss: 0.047274101256376745, train_nll: 2.435020701123754, valid_nll: 2.6201052530673197
[2021-09-24 21:27:03] epoch 469: train_loss: 0.044018011380480844, valid_loss: 0.04702895472762902, train_nll: 2.449510456917633, valid_nll: 2.5742470501065515
[2021-09-24 21:27:18] epoch 470: train_loss: 0.044371295535147875, valid_loss: 0.04706438857997428, train_nll: 2.4344963855423796, valid_nll: 2.619939354962592
[2021-09-24 21:27:33] epoch 471: train_loss: 0.043598434294678634, valid_loss: 0.0470486132998687, train_nll: 2.4261494538021418, valid_nll: 2.656917307836451
[2021-09-24 21:27:49] epoch 472: train_loss: 0.04375994681603455, valid_loss: 0.04735806953657225, train_nll: 2.431748049505661, valid_nll: 2.6413175602236874
[2021-09-24 21:28:04] epoch 473: train_loss: 0.04400493536058609, valid_loss: 0.04699888788809666, train_nll: 2.4450288175966497, valid_nll: 2.634880829193963
[2021-09-24 21:28:19] epoch 474: train_loss: 0.043532939810273626, valid_loss: 0.046752374630012264, train_nll: 2.4225879771504992, valid_nll: 2.5726170610950336
[2021-09-24 21:28:34] epoch 475: train_loss: 0.043390559786742805, valid_loss: 0.04687323765775372, train_nll: 2.4162814429843302, valid_nll: 2.5992505895129163
[2021-09-24 21:28:49] epoch 476: train_loss: 0.043277881196793974, valid_loss: 0.046764612305543324, train_nll: 2.4090595113589672, valid_nll: 2.6009292733790224
[2021-09-24 21:29:05] epoch 477: train_loss: 0.04393849658353056, valid_loss: 0.04688437969956784, train_nll: 2.3999557337641924, valid_nll: 2.6364216071264726
[2021-09-24 21:29:20] epoch 478: train_loss: 0.04304180105729431, valid_loss: 0.04666241467257456, train_nll: 2.397093440210844, valid_nll: 2.6516852888284825
[2021-09-24 21:29:35] epoch 479: train_loss: 0.0428394089796465, valid_loss: 0.04652381363201004, train_nll: 2.389951990158115, valid_nll: 2.6044142882520007
[2021-09-24 21:29:50] epoch 480: train_loss: 0.04293453946484183, valid_loss: 0.046919723628142666, train_nll: 2.391549082718859, valid_nll: 2.6569562147196875
[2021-09-24 21:30:05] epoch 481: train_loss: 0.04329289940805832, valid_loss: 0.047346661944006906, train_nll: 2.3949463877209696, valid_nll: 2.612940814098599
[2021-09-24 21:30:20] epoch 482: train_loss: 0.043101807661698084, valid_loss: 0.046609145960625195, train_nll: 2.4050473508282972, valid_nll: 2.5896484152882646
[2021-09-24 21:30:35] epoch 483: train_loss: 0.043113491344950045, valid_loss: 0.046844987274077585, train_nll: 2.3905080021696277, valid_nll: 2.6600105857764986
[2021-09-24 21:30:51] epoch 484: train_loss: 0.042909717709309174, valid_loss: 0.047023793790123364, train_nll: 2.3933943661857304, valid_nll: 2.5981599478769994
[2021-09-24 21:31:06] epoch 485: train_loss: 0.04290418549083839, valid_loss: 0.04648928418540196, train_nll: 2.3902993301363575, valid_nll: 2.597716143271131
[2021-09-24 21:31:21] epoch 486: train_loss: 0.042901389710122036, valid_loss: 0.046964987391078405, train_nll: 2.3914392861064755, valid_nll: 2.639039015464968
[2021-09-24 21:31:36] epoch 487: train_loss: 0.04281316045537505, valid_loss: 0.04642029946422301, train_nll: 2.3901351768372487, valid_nll: 2.5815502501606784
[2021-09-24 21:31:51] epoch 488: train_loss: 0.04314971841624817, valid_loss: 0.046637542061292364, train_nll: 2.39879305931936, valid_nll: 2.5667617602657526
[2021-09-24 21:32:06] epoch 489: train_loss: 0.04283718681446027, valid_loss: 0.04636317601352069, train_nll: 2.3858587917723586, valid_nll: 2.5636608021134157
[2021-09-24 21:32:21] epoch 490: train_loss: 0.04311939890654785, valid_loss: 0.04711770241530989, train_nll: 2.3994112422611917, valid_nll: 2.6479879785646254
[2021-09-24 21:32:36] epoch 491: train_loss: 0.04285799022844485, valid_loss: 0.046861655557948044, train_nll: 2.387839084552298, valid_nll: 2.6381309791972156
[2021-09-24 21:32:52] epoch 492: train_loss: 0.043062709462466604, valid_loss: 0.046691112037252826, train_nll: 2.4008880064114333, valid_nll: 2.608029620385559
[2021-09-24 21:33:07] epoch 493: train_loss: 0.04267134568962652, valid_loss: 0.0465484955751827, train_nll: 2.3777276484723218, valid_nll: 2.5976986333563508
[2021-09-24 21:33:22] epoch 494: train_loss: 0.042635728890929765, valid_loss: 0.047045146314308825, train_nll: 2.381556899619143, valid_nll: 2.561967923602292
[2021-09-24 21:33:37] epoch 495: train_loss: 0.04278984476788029, valid_loss: 0.046581864023225845, train_nll: 2.384404161876619, valid_nll: 2.5387624356101988
[2021-09-24 21:33:52] epoch 496: train_loss: 0.042810180902169745, valid_loss: 0.04706509736490387, train_nll: 2.3864028445137024, valid_nll: 2.631215693974842
[2021-09-24 21:34:07] epoch 497: train_loss: 0.04276630636411974, valid_loss: 0.04668008477960019, train_nll: 2.3838903588753078, valid_nll: 2.6171444435607616
[2021-09-24 21:34:22] epoch 498: train_loss: 0.043129785437276455, valid_loss: 0.04644446684359815, train_nll: 2.3838782341042766, valid_nll: 2.577015906469802
[2021-09-24 21:34:38] epoch 499: train_loss: 0.042565128188956025, valid_loss: 0.046531274494838855, train_nll: 2.377444995384557, valid_nll: 2.5829119735737964
