------------ Configs ------------
loading Muse data...
loading Muse data...
model summary: 
====================================================
      Kernel Shape   Output Shape  Params  Mult-Adds
Layer                                               
0_rnn            -  [200, 1, 100]   19000      18800
1_mlp    [100, 88]   [200, 1, 88]    8888       8800
----------------------------------------------------
                      Totals
Total params           27888
Trainable params       27888
Non-trainable params       0
Mult-Adds              27600
====================================================
rnn:  tanh
data:  Muse
optimizer:  rmsprop
learning rate:  0.001
momentum:  0.9
weight decay:  0.0
gradient clipping:  1.0
loss criterion:  bce
continue training:  False
save directory:  ./exp/music/muse/tanh
log directory:  ./log/music/muse/tanh
starting epoch:  0
ending epoch:  500
steps per epoch:  524
cuda:  True
---------------------------------
[2021-09-24 19:26:27] epoch 0: train_loss: 0.12874660444026456, valid_loss: 0.12587954597892584, train_nll: 9.730509064545387, valid_nll: 8.48935576498696
[2021-09-24 19:26:52] epoch 1: train_loss: 0.11669938510127423, valid_loss: 0.11648031417970305, train_nll: 8.854906658252462, valid_nll: 8.982185855958745
[2021-09-24 19:27:18] epoch 2: train_loss: 0.10900322002010378, valid_loss: 0.1077495115360728, train_nll: 8.142990263970857, valid_nll: 7.715164893766028
[2021-09-24 19:27:43] epoch 3: train_loss: 0.10032137496866116, valid_loss: 0.10379582270979881, train_nll: 7.333594343743119, valid_nll: 7.032000225550093
[2021-09-24 19:28:09] epoch 4: train_loss: 0.09871811276472366, valid_loss: 0.10274634100496768, train_nll: 7.219772260789044, valid_nll: 6.6369485240558594
[2021-09-24 19:28:34] epoch 5: train_loss: 0.0974029709926259, valid_loss: 0.1043701078052874, train_nll: 7.02645368304538, valid_nll: 7.892029024122761
[2021-09-24 19:28:59] epoch 6: train_loss: 0.09626516052130751, valid_loss: 0.09898025015438044, train_nll: 6.9799115635726094, valid_nll: 7.012549526608905
[2021-09-24 19:29:25] epoch 7: train_loss: 0.09581636485665013, valid_loss: 0.09937902952509897, train_nll: 6.987180813532503, valid_nll: 6.279975112660172
[2021-09-24 19:29:50] epoch 8: train_loss: 0.09445871466784987, valid_loss: 0.10093019186622566, train_nll: 6.870084638861169, valid_nll: 6.798408104484002
[2021-09-24 19:30:15] epoch 9: train_loss: 0.09324819820698436, valid_loss: 0.09559650499787596, train_nll: 6.717447686584556, valid_nll: 6.695483298522166
[2021-09-24 19:30:41] epoch 10: train_loss: 0.09237317038870609, valid_loss: 0.09722463180897413, train_nll: 6.661956407070873, valid_nll: 6.464841970177315
[2021-09-24 19:31:07] epoch 11: train_loss: 0.09166576797924651, valid_loss: 0.0944458731967542, train_nll: 6.537720519372144, valid_nll: 6.299315616900394
[2021-09-24 19:31:32] epoch 12: train_loss: 0.09093924326722631, valid_loss: 0.09307589659950248, train_nll: 6.401346399537385, valid_nll: 6.157700943329293
[2021-09-24 19:31:58] epoch 13: train_loss: 0.08990541567585168, valid_loss: 0.09301176021496455, train_nll: 6.312578614439263, valid_nll: 5.835565758905755
[2021-09-24 19:32:23] epoch 14: train_loss: 0.08921627278745402, valid_loss: 0.09164940876265366, train_nll: 6.259871416284698, valid_nll: 6.313152847622475
[2021-09-24 19:32:48] epoch 15: train_loss: 0.0888822203011515, valid_loss: 0.09245971963499432, train_nll: 6.204038386711719, valid_nll: 6.376371329276852
[2021-09-24 19:33:13] epoch 16: train_loss: 0.08899766683777552, valid_loss: 0.09174411121617865, train_nll: 6.244432810693888, valid_nll: 6.105949259646953
[2021-09-24 19:33:38] epoch 17: train_loss: 0.08786451187027433, valid_loss: 0.09258348536850125, train_nll: 6.146369846134985, valid_nll: 6.165078250919176
[2021-09-24 19:34:04] epoch 18: train_loss: 0.0877299994863001, valid_loss: 0.09096393385143192, train_nll: 6.12427798379932, valid_nll: 6.326517446864693
[2021-09-24 19:34:29] epoch 19: train_loss: 0.08718575341342628, valid_loss: 0.09185497546223578, train_nll: 6.06781035305499, valid_nll: 6.335508208689231
[2021-09-24 19:34:54] epoch 20: train_loss: 0.08687336463303455, valid_loss: 0.09060603952104294, train_nll: 6.041230814739072, valid_nll: 6.008173540272802
[2021-09-24 19:35:19] epoch 21: train_loss: 0.08690024384133915, valid_loss: 0.09042259089786697, train_nll: 6.021439157862836, valid_nll: 6.263684276690699
[2021-09-24 19:35:45] epoch 22: train_loss: 0.08661088167924348, valid_loss: 0.09175732035051894, train_nll: 6.027890731974228, valid_nll: 6.352144414661179
[2021-09-24 19:36:09] epoch 23: train_loss: 0.08627512994869292, valid_loss: 0.09267079177554007, train_nll: 6.0160978661955165, valid_nll: 6.439386529675467
[2021-09-24 19:36:34] epoch 24: train_loss: 0.08636379649130385, valid_loss: 0.08969536327791434, train_nll: 5.989870331385781, valid_nll: 6.20772544871921
[2021-09-24 19:36:59] epoch 25: train_loss: 0.08654244567217831, valid_loss: 0.09148828314824237, train_nll: 6.03861696749999, valid_nll: 6.4082612573480064
[2021-09-24 19:37:23] epoch 26: train_loss: 0.08578902776068688, valid_loss: 0.08969766323765119, train_nll: 5.94449956161455, valid_nll: 6.612993413130558
[2021-09-24 19:37:48] epoch 27: train_loss: 0.08631298214353564, valid_loss: 0.0891580488808729, train_nll: 5.993340182944965, valid_nll: 6.149863632006381
[2021-09-24 19:38:12] epoch 28: train_loss: 0.08573357604856369, valid_loss: 0.09077348775333828, train_nll: 5.954063020350288, valid_nll: 6.095610400615204
[2021-09-24 19:38:37] epoch 29: train_loss: 0.08542391255085591, valid_loss: 0.08924656342715025, train_nll: 5.922092454418377, valid_nll: 6.063395981799024
[2021-09-24 19:39:02] epoch 30: train_loss: 0.08630564287731438, valid_loss: 0.09134161475769899, train_nll: 5.9610692758326085, valid_nll: 6.366369836955462
[2021-09-24 19:39:26] epoch 31: train_loss: 0.08723769554839904, valid_loss: 0.08807174197087685, train_nll: 6.103756571047172, valid_nll: 5.636755671209125
[2021-09-24 19:39:51] epoch 32: train_loss: 0.08608494647103183, valid_loss: 0.09140465205052385, train_nll: 5.981657489183573, valid_nll: 6.146045081628722
[2021-09-24 19:40:15] epoch 33: train_loss: 0.08860248112553404, valid_loss: 0.09295173735116367, train_nll: 6.185405306432999, valid_nll: 6.025195057725133
[2021-09-24 19:40:40] epoch 34: train_loss: 0.08792394615766656, valid_loss: 0.09382671673816663, train_nll: 6.136775539322017, valid_nll: 6.27233786914228
[2021-09-24 19:41:04] epoch 35: train_loss: 0.08737050494506159, valid_loss: 0.0887159109391548, train_nll: 6.077017307394526, valid_nll: 5.897177272880663
[2021-09-24 19:41:37] epoch 36: train_loss: 0.08700563431582378, valid_loss: 0.09311811554901026, train_nll: 6.051647878568009, valid_nll: 6.838994384521839
[2021-09-24 19:42:02] epoch 37: train_loss: 0.08847249539227772, valid_loss: 0.09092020277209856, train_nll: 6.1265655642584225, valid_nll: 6.003851656797174
[2021-09-24 19:42:26] epoch 38: train_loss: 0.08768266961262881, valid_loss: 0.08948409539405947, train_nll: 6.064246964114189, valid_nll: 5.82733187651236
[2021-09-24 19:42:51] epoch 39: train_loss: 0.08654243664332588, valid_loss: 0.09014788527317621, train_nll: 5.9835165487533, valid_nll: 5.8129042627966685
[2021-09-24 19:43:15] epoch 40: train_loss: 0.08902183636838129, valid_loss: 0.09602645032659725, train_nll: 6.201742611524311, valid_nll: 6.566646898759534
[2021-09-24 19:43:40] epoch 41: train_loss: 0.08914392056540792, valid_loss: 0.09173467974695894, train_nll: 6.297494050696192, valid_nll: 6.659334296229041
[2021-09-24 19:44:07] epoch 42: train_loss: 0.08961809949437512, valid_loss: 0.09207389779664853, train_nll: 6.305149468455838, valid_nll: 6.256696000626692
[2021-09-24 19:44:31] epoch 43: train_loss: 0.0916254330134972, valid_loss: 0.09624145785691561, train_nll: 6.446359270863651, valid_nll: 6.2178981551071315
[2021-09-24 19:44:55] epoch 44: train_loss: 0.0926494978062581, valid_loss: 0.09273991660663375, train_nll: 6.4103539146258885, valid_nll: 6.055874290087702
[2021-09-24 19:45:20] epoch 45: train_loss: 0.0896590277303778, valid_loss: 0.09226648504673331, train_nll: 6.2236027801741045, valid_nll: 6.30377947443249
[2021-09-24 19:45:45] epoch 46: train_loss: 0.09142167350092462, valid_loss: 0.09428177380727397, train_nll: 6.4390891876051075, valid_nll: 6.06956501408773
[2021-09-24 19:46:09] epoch 47: train_loss: 0.09130033721635473, valid_loss: 0.09674215112571363, train_nll: 6.32558785248495, valid_nll: 6.494761678215032
[2021-09-24 19:46:34] epoch 48: train_loss: 0.09281953619366498, valid_loss: 0.10346507725340348, train_nll: 6.532255625794756, valid_nll: 6.225906708199532
[2021-09-24 19:46:59] epoch 49: train_loss: 0.09581578391753422, valid_loss: 0.09795919604323529, train_nll: 6.817642669937164, valid_nll: 6.791731938620913
[2021-09-24 19:47:23] epoch 50: train_loss: 0.09360488870302001, valid_loss: 0.09453213130020433, train_nll: 6.614608447744408, valid_nll: 6.538599086771632
[2021-09-24 19:47:48] epoch 51: train_loss: 0.09300535388347757, valid_loss: 0.10140121987572423, train_nll: 6.607670451642186, valid_nll: 6.88426506958525
[2021-09-24 19:48:22] epoch 52: train_loss: 0.09799338335469934, valid_loss: 0.09822248581934859, train_nll: 6.876771982195628, valid_nll: 6.552670370086692
[2021-09-24 19:48:47] epoch 53: train_loss: 0.09780890831567404, valid_loss: 0.10128704265311912, train_nll: 6.838346301523685, valid_nll: 6.083478726488832
[2021-09-24 19:49:12] epoch 54: train_loss: 0.09611789334764462, valid_loss: 0.09895136839261762, train_nll: 6.721241560231673, valid_nll: 6.877297551439738
[2021-09-24 19:49:36] epoch 55: train_loss: 0.09560089980301853, valid_loss: 0.10080287959426641, train_nll: 6.72650278958413, valid_nll: 7.066833453985255
[2021-09-24 19:50:00] epoch 56: train_loss: 0.09447268213195201, valid_loss: 0.09439921055540994, train_nll: 6.589845858671129, valid_nll: 6.262075700854539
[2021-09-24 19:50:25] epoch 57: train_loss: 0.0985541301032969, valid_loss: 0.10222638826127406, train_nll: 6.806459639045699, valid_nll: 7.277995394113652
[2021-09-24 19:50:50] epoch 58: train_loss: 0.09563231424478288, valid_loss: 0.09917563630474938, train_nll: 6.685164052438646, valid_nll: 6.738434154350744
[2021-09-24 19:51:14] epoch 59: train_loss: 0.0964698258410599, valid_loss: 0.10326806672469334, train_nll: 6.724167724003334, valid_nll: 6.79457449837996
[2021-09-24 19:51:39] epoch 60: train_loss: 0.09580022707325585, valid_loss: 0.09660396199259493, train_nll: 6.712701408653704, valid_nll: 6.678537664364972
[2021-09-24 19:52:03] epoch 61: train_loss: 0.09834541148996649, valid_loss: 0.10248048116487485, train_nll: 6.839370306044933, valid_nll: 6.317652327556698
[2021-09-24 19:52:28] epoch 62: train_loss: 0.10185986707157647, valid_loss: 0.10804427133666145, train_nll: 7.109855637153454, valid_nll: 7.840218981574563
[2021-09-24 19:52:52] epoch 63: train_loss: 0.10082661376142775, valid_loss: 0.10364702584014998, train_nll: 7.071732239668677, valid_nll: 6.409492149990196
[2021-09-24 19:53:17] epoch 64: train_loss: 0.10151497507112399, valid_loss: 0.10609434847202566, train_nll: 7.0220623959204005, valid_nll: 6.96582788833548
[2021-09-24 19:53:41] epoch 65: train_loss: 0.10278737755449674, valid_loss: 0.10928784563309617, train_nll: 7.235487380591491, valid_nll: 7.169544973860523
[2021-09-24 19:54:06] epoch 66: train_loss: 0.10139032783882536, valid_loss: 0.10570974926705713, train_nll: 7.086423429442161, valid_nll: 6.798591375524095
[2021-09-24 19:54:30] epoch 67: train_loss: 0.10432256540311997, valid_loss: 0.1095327178499213, train_nll: 7.2932706207122475, valid_nll: 7.923900911935563
[2021-09-24 19:54:55] epoch 68: train_loss: nan, valid_loss: nan, train_nll: nan, valid_nll: nan
[2021-09-24 19:55:19] epoch 69: train_loss: nan, valid_loss: nan, train_nll: nan, valid_nll: nan
[2021-09-24 19:55:44] epoch 70: train_loss: nan, valid_loss: nan, train_nll: nan, valid_nll: nan
[2021-09-24 19:56:08] epoch 71: train_loss: nan, valid_loss: nan, train_nll: nan, valid_nll: nan
[2021-09-24 19:56:32] epoch 72: train_loss: nan, valid_loss: nan, train_nll: nan, valid_nll: nan
[2021-09-24 19:56:57] epoch 73: train_loss: nan, valid_loss: nan, train_nll: nan, valid_nll: nan
[2021-09-24 19:57:21] epoch 74: train_loss: nan, valid_loss: nan, train_nll: nan, valid_nll: nan
[2021-09-24 19:57:45] epoch 75: train_loss: nan, valid_loss: nan, train_nll: nan, valid_nll: nan
[2021-09-24 19:58:09] epoch 76: train_loss: nan, valid_loss: nan, train_nll: nan, valid_nll: nan
[2021-09-24 19:58:34] epoch 77: train_loss: nan, valid_loss: nan, train_nll: nan, valid_nll: nan
[2021-09-24 19:58:58] epoch 78: train_loss: nan, valid_loss: nan, train_nll: nan, valid_nll: nan
[2021-09-24 19:59:25] epoch 79: train_loss: nan, valid_loss: nan, train_nll: nan, valid_nll: nan
[2021-09-24 19:59:50] epoch 80: train_loss: nan, valid_loss: nan, train_nll: nan, valid_nll: nan
[2021-09-24 20:00:14] epoch 81: train_loss: nan, valid_loss: nan, train_nll: nan, valid_nll: nan
[2021-09-24 20:00:39] epoch 82: train_loss: nan, valid_loss: nan, train_nll: nan, valid_nll: nan
[2021-09-24 20:01:03] epoch 83: train_loss: nan, valid_loss: nan, train_nll: nan, valid_nll: nan
[2021-09-24 20:01:27] epoch 84: train_loss: nan, valid_loss: nan, train_nll: nan, valid_nll: nan
[2021-09-24 20:01:52] epoch 85: train_loss: nan, valid_loss: nan, train_nll: nan, valid_nll: nan
[2021-09-24 20:02:16] epoch 86: train_loss: nan, valid_loss: nan, train_nll: nan, valid_nll: nan
[2021-09-24 20:02:40] epoch 87: train_loss: nan, valid_loss: nan, train_nll: nan, valid_nll: nan
[2021-09-24 20:03:04] epoch 88: train_loss: nan, valid_loss: nan, train_nll: nan, valid_nll: nan
[2021-09-24 20:03:28] epoch 89: train_loss: nan, valid_loss: nan, train_nll: nan, valid_nll: nan
[2021-09-24 20:03:53] epoch 90: train_loss: nan, valid_loss: nan, train_nll: nan, valid_nll: nan
[2021-09-24 20:04:17] epoch 91: train_loss: nan, valid_loss: nan, train_nll: nan, valid_nll: nan
[2021-09-24 20:04:41] epoch 92: train_loss: nan, valid_loss: nan, train_nll: nan, valid_nll: nan
[2021-09-24 20:05:05] epoch 93: train_loss: nan, valid_loss: nan, train_nll: nan, valid_nll: nan
[2021-09-24 20:05:30] epoch 94: train_loss: nan, valid_loss: nan, train_nll: nan, valid_nll: nan
[2021-09-24 20:05:54] epoch 95: train_loss: nan, valid_loss: nan, train_nll: nan, valid_nll: nan
[2021-09-24 20:06:18] epoch 96: train_loss: nan, valid_loss: nan, train_nll: nan, valid_nll: nan
[2021-09-24 20:06:43] epoch 97: train_loss: nan, valid_loss: nan, train_nll: nan, valid_nll: nan
[2021-09-24 20:07:18] epoch 98: train_loss: nan, valid_loss: nan, train_nll: nan, valid_nll: nan
[2021-09-24 20:07:43] epoch 99: train_loss: nan, valid_loss: nan, train_nll: nan, valid_nll: nan
[2021-09-24 20:08:07] epoch 100: train_loss: nan, valid_loss: nan, train_nll: nan, valid_nll: nan
[2021-09-24 20:08:31] epoch 101: train_loss: nan, valid_loss: nan, train_nll: nan, valid_nll: nan
[2021-09-24 20:08:56] epoch 102: train_loss: nan, valid_loss: nan, train_nll: nan, valid_nll: nan
[2021-09-24 20:09:20] epoch 103: train_loss: nan, valid_loss: nan, train_nll: nan, valid_nll: nan
[2021-09-24 20:09:44] epoch 104: train_loss: nan, valid_loss: nan, train_nll: nan, valid_nll: nan
[2021-09-24 20:10:09] epoch 105: train_loss: nan, valid_loss: nan, train_nll: nan, valid_nll: nan
[2021-09-24 20:10:33] epoch 106: train_loss: nan, valid_loss: nan, train_nll: nan, valid_nll: nan
[2021-09-24 20:10:57] epoch 107: train_loss: nan, valid_loss: nan, train_nll: nan, valid_nll: nan
[2021-09-24 20:11:21] epoch 108: train_loss: nan, valid_loss: nan, train_nll: nan, valid_nll: nan
[2021-09-24 20:11:46] epoch 109: train_loss: nan, valid_loss: nan, train_nll: nan, valid_nll: nan
[2021-09-24 20:12:10] epoch 110: train_loss: nan, valid_loss: nan, train_nll: nan, valid_nll: nan
[2021-09-24 20:12:34] epoch 111: train_loss: nan, valid_loss: nan, train_nll: nan, valid_nll: nan
[2021-09-24 20:12:58] epoch 112: train_loss: nan, valid_loss: nan, train_nll: nan, valid_nll: nan
[2021-09-24 20:13:22] epoch 113: train_loss: nan, valid_loss: nan, train_nll: nan, valid_nll: nan
[2021-09-24 20:13:47] epoch 114: train_loss: nan, valid_loss: nan, train_nll: nan, valid_nll: nan
[2021-09-24 20:14:11] epoch 115: train_loss: nan, valid_loss: nan, train_nll: nan, valid_nll: nan
[2021-09-24 20:14:35] epoch 116: train_loss: nan, valid_loss: nan, train_nll: nan, valid_nll: nan
[2021-09-24 20:15:00] epoch 117: train_loss: nan, valid_loss: nan, train_nll: nan, valid_nll: nan
[2021-09-24 20:15:25] epoch 118: train_loss: nan, valid_loss: nan, train_nll: nan, valid_nll: nan
[2021-09-24 20:15:49] epoch 119: train_loss: nan, valid_loss: nan, train_nll: nan, valid_nll: nan
[2021-09-24 20:16:13] epoch 120: train_loss: nan, valid_loss: nan, train_nll: nan, valid_nll: nan
[2021-09-24 20:16:38] epoch 121: train_loss: nan, valid_loss: nan, train_nll: nan, valid_nll: nan
[2021-09-24 20:17:02] epoch 122: train_loss: nan, valid_loss: nan, train_nll: nan, valid_nll: nan
[2021-09-24 20:17:26] epoch 123: train_loss: nan, valid_loss: nan, train_nll: nan, valid_nll: nan
[2021-09-24 20:17:51] epoch 124: train_loss: nan, valid_loss: nan, train_nll: nan, valid_nll: nan
[2021-09-24 20:18:15] epoch 125: train_loss: nan, valid_loss: nan, train_nll: nan, valid_nll: nan
[2021-09-24 20:18:39] epoch 126: train_loss: nan, valid_loss: nan, train_nll: nan, valid_nll: nan
[2021-09-24 20:19:03] epoch 127: train_loss: nan, valid_loss: nan, train_nll: nan, valid_nll: nan
[2021-09-24 20:19:27] epoch 128: train_loss: nan, valid_loss: nan, train_nll: nan, valid_nll: nan
[2021-09-24 20:19:52] epoch 129: train_loss: nan, valid_loss: nan, train_nll: nan, valid_nll: nan
[2021-09-24 20:20:16] epoch 130: train_loss: nan, valid_loss: nan, train_nll: nan, valid_nll: nan
[2021-09-24 20:20:40] epoch 131: train_loss: nan, valid_loss: nan, train_nll: nan, valid_nll: nan
[2021-09-24 20:21:05] epoch 132: train_loss: nan, valid_loss: nan, train_nll: nan, valid_nll: nan
[2021-09-24 20:21:29] epoch 133: train_loss: nan, valid_loss: nan, train_nll: nan, valid_nll: nan
[2021-09-24 20:21:53] epoch 134: train_loss: nan, valid_loss: nan, train_nll: nan, valid_nll: nan
[2021-09-24 20:22:17] epoch 135: train_loss: nan, valid_loss: nan, train_nll: nan, valid_nll: nan
[2021-09-24 20:22:42] epoch 136: train_loss: nan, valid_loss: nan, train_nll: nan, valid_nll: nan
[2021-09-24 20:23:06] epoch 137: train_loss: nan, valid_loss: nan, train_nll: nan, valid_nll: nan
[2021-09-24 20:23:30] epoch 138: train_loss: nan, valid_loss: nan, train_nll: nan, valid_nll: nan
[2021-09-24 20:23:55] epoch 139: train_loss: nan, valid_loss: nan, train_nll: nan, valid_nll: nan
[2021-09-24 20:24:19] epoch 140: train_loss: nan, valid_loss: nan, train_nll: nan, valid_nll: nan
[2021-09-24 20:24:43] epoch 141: train_loss: nan, valid_loss: nan, train_nll: nan, valid_nll: nan
[2021-09-24 20:25:08] epoch 142: train_loss: nan, valid_loss: nan, train_nll: nan, valid_nll: nan
[2021-09-24 20:25:32] epoch 143: train_loss: nan, valid_loss: nan, train_nll: nan, valid_nll: nan
[2021-09-24 20:25:56] epoch 144: train_loss: nan, valid_loss: nan, train_nll: nan, valid_nll: nan
[2021-09-24 20:26:20] epoch 145: train_loss: nan, valid_loss: nan, train_nll: nan, valid_nll: nan
[2021-09-24 20:26:44] epoch 146: train_loss: nan, valid_loss: nan, train_nll: nan, valid_nll: nan
[2021-09-24 20:27:09] epoch 147: train_loss: nan, valid_loss: nan, train_nll: nan, valid_nll: nan
[2021-09-24 20:27:33] epoch 148: train_loss: nan, valid_loss: nan, train_nll: nan, valid_nll: nan
[2021-09-24 20:27:57] epoch 149: train_loss: nan, valid_loss: nan, train_nll: nan, valid_nll: nan
[2021-09-24 20:28:21] epoch 150: train_loss: nan, valid_loss: nan, train_nll: nan, valid_nll: nan
[2021-09-24 20:28:46] epoch 151: train_loss: nan, valid_loss: nan, train_nll: nan, valid_nll: nan
[2021-09-24 20:29:10] epoch 152: train_loss: nan, valid_loss: nan, train_nll: nan, valid_nll: nan
[2021-09-24 20:29:34] epoch 153: train_loss: nan, valid_loss: nan, train_nll: nan, valid_nll: nan
[2021-09-24 20:29:58] epoch 154: train_loss: nan, valid_loss: nan, train_nll: nan, valid_nll: nan
[2021-09-24 20:30:22] epoch 155: train_loss: nan, valid_loss: nan, train_nll: nan, valid_nll: nan
[2021-09-24 20:30:46] epoch 156: train_loss: nan, valid_loss: nan, train_nll: nan, valid_nll: nan
[2021-09-24 20:31:11] epoch 157: train_loss: nan, valid_loss: nan, train_nll: nan, valid_nll: nan
[2021-09-24 20:31:34] epoch 158: train_loss: nan, valid_loss: nan, train_nll: nan, valid_nll: nan
[2021-09-24 20:31:59] epoch 159: train_loss: nan, valid_loss: nan, train_nll: nan, valid_nll: nan
[2021-09-24 20:32:23] epoch 160: train_loss: nan, valid_loss: nan, train_nll: nan, valid_nll: nan
[2021-09-24 20:32:47] epoch 161: train_loss: nan, valid_loss: nan, train_nll: nan, valid_nll: nan
[2021-09-24 20:33:11] epoch 162: train_loss: nan, valid_loss: nan, train_nll: nan, valid_nll: nan
[2021-09-24 20:33:36] epoch 163: train_loss: nan, valid_loss: nan, train_nll: nan, valid_nll: nan
[2021-09-24 20:33:59] epoch 164: train_loss: nan, valid_loss: nan, train_nll: nan, valid_nll: nan
[2021-09-24 20:34:24] epoch 165: train_loss: nan, valid_loss: nan, train_nll: nan, valid_nll: nan
[2021-09-24 20:34:48] epoch 166: train_loss: nan, valid_loss: nan, train_nll: nan, valid_nll: nan
[2021-09-24 20:35:12] epoch 167: train_loss: nan, valid_loss: nan, train_nll: nan, valid_nll: nan
[2021-09-24 20:35:36] epoch 168: train_loss: nan, valid_loss: nan, train_nll: nan, valid_nll: nan
[2021-09-24 20:36:01] epoch 169: train_loss: nan, valid_loss: nan, train_nll: nan, valid_nll: nan
[2021-09-24 20:36:25] epoch 170: train_loss: nan, valid_loss: nan, train_nll: nan, valid_nll: nan
[2021-09-24 20:36:50] epoch 171: train_loss: nan, valid_loss: nan, train_nll: nan, valid_nll: nan
[2021-09-24 20:37:14] epoch 172: train_loss: nan, valid_loss: nan, train_nll: nan, valid_nll: nan
[2021-09-24 20:37:38] epoch 173: train_loss: nan, valid_loss: nan, train_nll: nan, valid_nll: nan
[2021-09-24 20:38:02] epoch 174: train_loss: nan, valid_loss: nan, train_nll: nan, valid_nll: nan
[2021-09-24 20:38:27] epoch 175: train_loss: nan, valid_loss: nan, train_nll: nan, valid_nll: nan
[2021-09-24 20:38:50] epoch 176: train_loss: nan, valid_loss: nan, train_nll: nan, valid_nll: nan
[2021-09-24 20:39:15] epoch 177: train_loss: nan, valid_loss: nan, train_nll: nan, valid_nll: nan
[2021-09-24 20:39:39] epoch 178: train_loss: nan, valid_loss: nan, train_nll: nan, valid_nll: nan
[2021-09-24 20:40:03] epoch 179: train_loss: nan, valid_loss: nan, train_nll: nan, valid_nll: nan
[2021-09-24 20:40:27] epoch 180: train_loss: nan, valid_loss: nan, train_nll: nan, valid_nll: nan
[2021-09-24 20:40:52] epoch 181: train_loss: nan, valid_loss: nan, train_nll: nan, valid_nll: nan
[2021-09-24 20:41:16] epoch 182: train_loss: nan, valid_loss: nan, train_nll: nan, valid_nll: nan
[2021-09-24 20:41:40] epoch 183: train_loss: nan, valid_loss: nan, train_nll: nan, valid_nll: nan
[2021-09-24 20:42:04] epoch 184: train_loss: nan, valid_loss: nan, train_nll: nan, valid_nll: nan
[2021-09-24 20:42:28] epoch 185: train_loss: nan, valid_loss: nan, train_nll: nan, valid_nll: nan
[2021-09-24 20:42:53] epoch 186: train_loss: nan, valid_loss: nan, train_nll: nan, valid_nll: nan
[2021-09-24 20:43:17] epoch 187: train_loss: nan, valid_loss: nan, train_nll: nan, valid_nll: nan
[2021-09-24 20:43:41] epoch 188: train_loss: nan, valid_loss: nan, train_nll: nan, valid_nll: nan
[2021-09-24 20:44:06] epoch 189: train_loss: nan, valid_loss: nan, train_nll: nan, valid_nll: nan
[2021-09-24 20:44:30] epoch 190: train_loss: nan, valid_loss: nan, train_nll: nan, valid_nll: nan
[2021-09-24 20:44:54] epoch 191: train_loss: nan, valid_loss: nan, train_nll: nan, valid_nll: nan
[2021-09-24 20:45:18] epoch 192: train_loss: nan, valid_loss: nan, train_nll: nan, valid_nll: nan
[2021-09-24 20:45:43] epoch 193: train_loss: nan, valid_loss: nan, train_nll: nan, valid_nll: nan
[2021-09-24 20:46:07] epoch 194: train_loss: nan, valid_loss: nan, train_nll: nan, valid_nll: nan
[2021-09-24 20:46:32] epoch 195: train_loss: nan, valid_loss: nan, train_nll: nan, valid_nll: nan
[2021-09-24 20:46:56] epoch 196: train_loss: nan, valid_loss: nan, train_nll: nan, valid_nll: nan
[2021-09-24 20:47:20] epoch 197: train_loss: nan, valid_loss: nan, train_nll: nan, valid_nll: nan
[2021-09-24 20:47:44] epoch 198: train_loss: nan, valid_loss: nan, train_nll: nan, valid_nll: nan
[2021-09-24 20:48:09] epoch 199: train_loss: nan, valid_loss: nan, train_nll: nan, valid_nll: nan
[2021-09-24 20:48:33] epoch 200: train_loss: nan, valid_loss: nan, train_nll: nan, valid_nll: nan
[2021-09-24 20:48:57] epoch 201: train_loss: nan, valid_loss: nan, train_nll: nan, valid_nll: nan
[2021-09-24 20:49:21] epoch 202: train_loss: nan, valid_loss: nan, train_nll: nan, valid_nll: nan
[2021-09-24 20:49:45] epoch 203: train_loss: nan, valid_loss: nan, train_nll: nan, valid_nll: nan
[2021-09-24 20:50:09] epoch 204: train_loss: nan, valid_loss: nan, train_nll: nan, valid_nll: nan
[2021-09-24 20:50:33] epoch 205: train_loss: nan, valid_loss: nan, train_nll: nan, valid_nll: nan
[2021-09-24 20:50:57] epoch 206: train_loss: nan, valid_loss: nan, train_nll: nan, valid_nll: nan
[2021-09-24 20:51:22] epoch 207: train_loss: nan, valid_loss: nan, train_nll: nan, valid_nll: nan
[2021-09-24 20:51:46] epoch 208: train_loss: nan, valid_loss: nan, train_nll: nan, valid_nll: nan
[2021-09-24 20:52:10] epoch 209: train_loss: nan, valid_loss: nan, train_nll: nan, valid_nll: nan
[2021-09-24 20:52:34] epoch 210: train_loss: nan, valid_loss: nan, train_nll: nan, valid_nll: nan
[2021-09-24 20:52:58] epoch 211: train_loss: nan, valid_loss: nan, train_nll: nan, valid_nll: nan
[2021-09-24 20:53:24] epoch 212: train_loss: nan, valid_loss: nan, train_nll: nan, valid_nll: nan
[2021-09-24 20:53:48] epoch 213: train_loss: nan, valid_loss: nan, train_nll: nan, valid_nll: nan
[2021-09-24 20:54:12] epoch 214: train_loss: nan, valid_loss: nan, train_nll: nan, valid_nll: nan
[2021-09-24 20:54:36] epoch 215: train_loss: nan, valid_loss: nan, train_nll: nan, valid_nll: nan
[2021-09-24 20:55:00] epoch 216: train_loss: nan, valid_loss: nan, train_nll: nan, valid_nll: nan
[2021-09-24 20:55:24] epoch 217: train_loss: nan, valid_loss: nan, train_nll: nan, valid_nll: nan
[2021-09-24 20:55:48] epoch 218: train_loss: nan, valid_loss: nan, train_nll: nan, valid_nll: nan
[2021-09-24 20:56:13] epoch 219: train_loss: nan, valid_loss: nan, train_nll: nan, valid_nll: nan
[2021-09-24 20:56:37] epoch 220: train_loss: nan, valid_loss: nan, train_nll: nan, valid_nll: nan
[2021-09-24 20:57:01] epoch 221: train_loss: nan, valid_loss: nan, train_nll: nan, valid_nll: nan
[2021-09-24 20:57:25] epoch 222: train_loss: nan, valid_loss: nan, train_nll: nan, valid_nll: nan
[2021-09-24 20:57:49] epoch 223: train_loss: nan, valid_loss: nan, train_nll: nan, valid_nll: nan
[2021-09-24 20:58:13] epoch 224: train_loss: nan, valid_loss: nan, train_nll: nan, valid_nll: nan
[2021-09-24 20:58:38] epoch 225: train_loss: nan, valid_loss: nan, train_nll: nan, valid_nll: nan
[2021-09-24 20:59:02] epoch 226: train_loss: nan, valid_loss: nan, train_nll: nan, valid_nll: nan
[2021-09-24 20:59:26] epoch 227: train_loss: nan, valid_loss: nan, train_nll: nan, valid_nll: nan
[2021-09-24 20:59:50] epoch 228: train_loss: nan, valid_loss: nan, train_nll: nan, valid_nll: nan
[2021-09-24 21:00:14] epoch 229: train_loss: nan, valid_loss: nan, train_nll: nan, valid_nll: nan
[2021-09-24 21:00:38] epoch 230: train_loss: nan, valid_loss: nan, train_nll: nan, valid_nll: nan
[2021-09-24 21:01:05] epoch 231: train_loss: nan, valid_loss: nan, train_nll: nan, valid_nll: nan
[2021-09-24 21:01:29] epoch 232: train_loss: nan, valid_loss: nan, train_nll: nan, valid_nll: nan
[2021-09-24 21:01:52] epoch 233: train_loss: nan, valid_loss: nan, train_nll: nan, valid_nll: nan
[2021-09-24 21:02:17] epoch 234: train_loss: nan, valid_loss: nan, train_nll: nan, valid_nll: nan
[2021-09-24 21:02:41] epoch 235: train_loss: nan, valid_loss: nan, train_nll: nan, valid_nll: nan
[2021-09-24 21:03:04] epoch 236: train_loss: nan, valid_loss: nan, train_nll: nan, valid_nll: nan
[2021-09-24 21:03:29] epoch 237: train_loss: nan, valid_loss: nan, train_nll: nan, valid_nll: nan
[2021-09-24 21:03:54] epoch 238: train_loss: nan, valid_loss: nan, train_nll: nan, valid_nll: nan
[2021-09-24 21:04:21] epoch 239: train_loss: nan, valid_loss: nan, train_nll: nan, valid_nll: nan
[2021-09-24 21:04:45] epoch 240: train_loss: nan, valid_loss: nan, train_nll: nan, valid_nll: nan
[2021-09-24 21:05:09] epoch 241: train_loss: nan, valid_loss: nan, train_nll: nan, valid_nll: nan
[2021-09-24 21:05:33] epoch 242: train_loss: nan, valid_loss: nan, train_nll: nan, valid_nll: nan
[2021-09-24 21:05:57] epoch 243: train_loss: nan, valid_loss: nan, train_nll: nan, valid_nll: nan
[2021-09-24 21:06:22] epoch 244: train_loss: nan, valid_loss: nan, train_nll: nan, valid_nll: nan
[2021-09-24 21:06:45] epoch 245: train_loss: nan, valid_loss: nan, train_nll: nan, valid_nll: nan
[2021-09-24 21:07:10] epoch 246: train_loss: nan, valid_loss: nan, train_nll: nan, valid_nll: nan
[2021-09-24 21:07:34] epoch 247: train_loss: nan, valid_loss: nan, train_nll: nan, valid_nll: nan
[2021-09-24 21:07:58] epoch 248: train_loss: nan, valid_loss: nan, train_nll: nan, valid_nll: nan
[2021-09-24 21:08:22] epoch 249: train_loss: nan, valid_loss: nan, train_nll: nan, valid_nll: nan
[2021-09-24 21:08:47] epoch 250: train_loss: nan, valid_loss: nan, train_nll: nan, valid_nll: nan
[2021-09-24 21:09:11] epoch 251: train_loss: nan, valid_loss: nan, train_nll: nan, valid_nll: nan
[2021-09-24 21:09:35] epoch 252: train_loss: nan, valid_loss: nan, train_nll: nan, valid_nll: nan
[2021-09-24 21:09:59] epoch 253: train_loss: nan, valid_loss: nan, train_nll: nan, valid_nll: nan
[2021-09-24 21:10:23] epoch 254: train_loss: nan, valid_loss: nan, train_nll: nan, valid_nll: nan
[2021-09-24 21:10:48] epoch 255: train_loss: nan, valid_loss: nan, train_nll: nan, valid_nll: nan
[2021-09-24 21:11:12] epoch 256: train_loss: nan, valid_loss: nan, train_nll: nan, valid_nll: nan
[2021-09-24 21:11:35] epoch 257: train_loss: nan, valid_loss: nan, train_nll: nan, valid_nll: nan
[2021-09-24 21:12:00] epoch 258: train_loss: nan, valid_loss: nan, train_nll: nan, valid_nll: nan
[2021-09-24 21:12:24] epoch 259: train_loss: nan, valid_loss: nan, train_nll: nan, valid_nll: nan
[2021-09-24 21:12:47] epoch 260: train_loss: nan, valid_loss: nan, train_nll: nan, valid_nll: nan
[2021-09-24 21:13:11] epoch 261: train_loss: nan, valid_loss: nan, train_nll: nan, valid_nll: nan
[2021-09-24 21:13:36] epoch 262: train_loss: nan, valid_loss: nan, train_nll: nan, valid_nll: nan
[2021-09-24 21:14:00] epoch 263: train_loss: nan, valid_loss: nan, train_nll: nan, valid_nll: nan
[2021-09-24 21:14:24] epoch 264: train_loss: nan, valid_loss: nan, train_nll: nan, valid_nll: nan
[2021-09-24 21:14:48] epoch 265: train_loss: nan, valid_loss: nan, train_nll: nan, valid_nll: nan
[2021-09-24 21:15:12] epoch 266: train_loss: nan, valid_loss: nan, train_nll: nan, valid_nll: nan
[2021-09-24 21:15:36] epoch 267: train_loss: nan, valid_loss: nan, train_nll: nan, valid_nll: nan
[2021-09-24 21:16:01] epoch 268: train_loss: nan, valid_loss: nan, train_nll: nan, valid_nll: nan
[2021-09-24 21:16:27] epoch 269: train_loss: nan, valid_loss: nan, train_nll: nan, valid_nll: nan
[2021-09-24 21:16:51] epoch 270: train_loss: nan, valid_loss: nan, train_nll: nan, valid_nll: nan
[2021-09-24 21:17:15] epoch 271: train_loss: nan, valid_loss: nan, train_nll: nan, valid_nll: nan
[2021-09-24 21:17:39] epoch 272: train_loss: nan, valid_loss: nan, train_nll: nan, valid_nll: nan
[2021-09-24 21:18:03] epoch 273: train_loss: nan, valid_loss: nan, train_nll: nan, valid_nll: nan
[2021-09-24 21:18:27] epoch 274: train_loss: nan, valid_loss: nan, train_nll: nan, valid_nll: nan
[2021-09-24 21:18:51] epoch 275: train_loss: nan, valid_loss: nan, train_nll: nan, valid_nll: nan
[2021-09-24 21:19:15] epoch 276: train_loss: nan, valid_loss: nan, train_nll: nan, valid_nll: nan
[2021-09-24 21:19:39] epoch 277: train_loss: nan, valid_loss: nan, train_nll: nan, valid_nll: nan
[2021-09-24 21:20:03] epoch 278: train_loss: nan, valid_loss: nan, train_nll: nan, valid_nll: nan
[2021-09-24 21:20:28] epoch 279: train_loss: nan, valid_loss: nan, train_nll: nan, valid_nll: nan
[2021-09-24 21:20:52] epoch 280: train_loss: nan, valid_loss: nan, train_nll: nan, valid_nll: nan
[2021-09-24 21:21:16] epoch 281: train_loss: nan, valid_loss: nan, train_nll: nan, valid_nll: nan
[2021-09-24 21:21:40] epoch 282: train_loss: nan, valid_loss: nan, train_nll: nan, valid_nll: nan
[2021-09-24 21:22:04] epoch 283: train_loss: nan, valid_loss: nan, train_nll: nan, valid_nll: nan
[2021-09-24 21:22:28] epoch 284: train_loss: nan, valid_loss: nan, train_nll: nan, valid_nll: nan
[2021-09-24 21:22:52] epoch 285: train_loss: nan, valid_loss: nan, train_nll: nan, valid_nll: nan
[2021-09-24 21:23:16] epoch 286: train_loss: nan, valid_loss: nan, train_nll: nan, valid_nll: nan
[2021-09-24 21:23:39] epoch 287: train_loss: nan, valid_loss: nan, train_nll: nan, valid_nll: nan
[2021-09-24 21:24:06] epoch 288: train_loss: nan, valid_loss: nan, train_nll: nan, valid_nll: nan
[2021-09-24 21:24:30] epoch 289: train_loss: nan, valid_loss: nan, train_nll: nan, valid_nll: nan
[2021-09-24 21:24:54] epoch 290: train_loss: nan, valid_loss: nan, train_nll: nan, valid_nll: nan
[2021-09-24 21:25:18] epoch 291: train_loss: nan, valid_loss: nan, train_nll: nan, valid_nll: nan
[2021-09-24 21:25:42] epoch 292: train_loss: nan, valid_loss: nan, train_nll: nan, valid_nll: nan
[2021-09-24 21:26:06] epoch 293: train_loss: nan, valid_loss: nan, train_nll: nan, valid_nll: nan
[2021-09-24 21:26:30] epoch 294: train_loss: nan, valid_loss: nan, train_nll: nan, valid_nll: nan
[2021-09-24 21:26:54] epoch 295: train_loss: nan, valid_loss: nan, train_nll: nan, valid_nll: nan
[2021-09-24 21:27:18] epoch 296: train_loss: nan, valid_loss: nan, train_nll: nan, valid_nll: nan
[2021-09-24 21:27:43] epoch 297: train_loss: nan, valid_loss: nan, train_nll: nan, valid_nll: nan
[2021-09-24 21:28:07] epoch 298: train_loss: nan, valid_loss: nan, train_nll: nan, valid_nll: nan
[2021-09-24 21:28:30] epoch 299: train_loss: nan, valid_loss: nan, train_nll: nan, valid_nll: nan
[2021-09-24 21:28:55] epoch 300: train_loss: nan, valid_loss: nan, train_nll: nan, valid_nll: nan
[2021-09-24 21:29:19] epoch 301: train_loss: nan, valid_loss: nan, train_nll: nan, valid_nll: nan
[2021-09-24 21:29:43] epoch 302: train_loss: nan, valid_loss: nan, train_nll: nan, valid_nll: nan
[2021-09-24 21:30:07] epoch 303: train_loss: nan, valid_loss: nan, train_nll: nan, valid_nll: nan
[2021-09-24 21:30:32] epoch 304: train_loss: nan, valid_loss: nan, train_nll: nan, valid_nll: nan
[2021-09-24 21:30:56] epoch 305: train_loss: nan, valid_loss: nan, train_nll: nan, valid_nll: nan
[2021-09-24 21:31:19] epoch 306: train_loss: nan, valid_loss: nan, train_nll: nan, valid_nll: nan
[2021-09-24 21:31:46] epoch 307: train_loss: nan, valid_loss: nan, train_nll: nan, valid_nll: nan
[2021-09-24 21:32:10] epoch 308: train_loss: nan, valid_loss: nan, train_nll: nan, valid_nll: nan
[2021-09-24 21:32:34] epoch 309: train_loss: nan, valid_loss: nan, train_nll: nan, valid_nll: nan
[2021-09-24 21:32:58] epoch 310: train_loss: nan, valid_loss: nan, train_nll: nan, valid_nll: nan
[2021-09-24 21:33:22] epoch 311: train_loss: nan, valid_loss: nan, train_nll: nan, valid_nll: nan
[2021-09-24 21:33:46] epoch 312: train_loss: nan, valid_loss: nan, train_nll: nan, valid_nll: nan
[2021-09-24 21:34:10] epoch 313: train_loss: nan, valid_loss: nan, train_nll: nan, valid_nll: nan
[2021-09-24 21:34:34] epoch 314: train_loss: nan, valid_loss: nan, train_nll: nan, valid_nll: nan
[2021-09-24 21:34:58] epoch 315: train_loss: nan, valid_loss: nan, train_nll: nan, valid_nll: nan
[2021-09-24 21:35:22] epoch 316: train_loss: nan, valid_loss: nan, train_nll: nan, valid_nll: nan
[2021-09-24 21:35:46] epoch 317: train_loss: nan, valid_loss: nan, train_nll: nan, valid_nll: nan
[2021-09-24 21:36:10] epoch 318: train_loss: nan, valid_loss: nan, train_nll: nan, valid_nll: nan
[2021-09-24 21:36:34] epoch 319: train_loss: nan, valid_loss: nan, train_nll: nan, valid_nll: nan
[2021-09-24 21:36:58] epoch 320: train_loss: nan, valid_loss: nan, train_nll: nan, valid_nll: nan
[2021-09-24 21:37:22] epoch 321: train_loss: nan, valid_loss: nan, train_nll: nan, valid_nll: nan
[2021-09-24 21:37:46] epoch 322: train_loss: nan, valid_loss: nan, train_nll: nan, valid_nll: nan
[2021-09-24 21:38:10] epoch 323: train_loss: nan, valid_loss: nan, train_nll: nan, valid_nll: nan
[2021-09-24 21:38:34] epoch 324: train_loss: nan, valid_loss: nan, train_nll: nan, valid_nll: nan
[2021-09-24 21:38:58] epoch 325: train_loss: nan, valid_loss: nan, train_nll: nan, valid_nll: nan
[2021-09-24 21:39:24] epoch 326: train_loss: nan, valid_loss: nan, train_nll: nan, valid_nll: nan
[2021-09-24 21:39:49] epoch 327: train_loss: nan, valid_loss: nan, train_nll: nan, valid_nll: nan
[2021-09-24 21:40:13] epoch 328: train_loss: nan, valid_loss: nan, train_nll: nan, valid_nll: nan
[2021-09-24 21:40:37] epoch 329: train_loss: nan, valid_loss: nan, train_nll: nan, valid_nll: nan
[2021-09-24 21:41:01] epoch 330: train_loss: nan, valid_loss: nan, train_nll: nan, valid_nll: nan
[2021-09-24 21:41:25] epoch 331: train_loss: nan, valid_loss: nan, train_nll: nan, valid_nll: nan
[2021-09-24 21:41:49] epoch 332: train_loss: nan, valid_loss: nan, train_nll: nan, valid_nll: nan
[2021-09-24 21:42:13] epoch 333: train_loss: nan, valid_loss: nan, train_nll: nan, valid_nll: nan
[2021-09-24 21:42:38] epoch 334: train_loss: nan, valid_loss: nan, train_nll: nan, valid_nll: nan
[2021-09-24 21:43:02] epoch 335: train_loss: nan, valid_loss: nan, train_nll: nan, valid_nll: nan
[2021-09-24 21:43:26] epoch 336: train_loss: nan, valid_loss: nan, train_nll: nan, valid_nll: nan
[2021-09-24 21:43:50] epoch 337: train_loss: nan, valid_loss: nan, train_nll: nan, valid_nll: nan
[2021-09-24 21:44:14] epoch 338: train_loss: nan, valid_loss: nan, train_nll: nan, valid_nll: nan
[2021-09-24 21:44:38] epoch 339: train_loss: nan, valid_loss: nan, train_nll: nan, valid_nll: nan
[2021-09-24 21:45:05] epoch 340: train_loss: nan, valid_loss: nan, train_nll: nan, valid_nll: nan
[2021-09-24 21:45:41] epoch 341: train_loss: nan, valid_loss: nan, train_nll: nan, valid_nll: nan
[2021-09-24 21:46:05] epoch 342: train_loss: nan, valid_loss: nan, train_nll: nan, valid_nll: nan
[2021-09-24 21:46:30] epoch 343: train_loss: nan, valid_loss: nan, train_nll: nan, valid_nll: nan
[2021-09-24 21:46:53] epoch 344: train_loss: nan, valid_loss: nan, train_nll: nan, valid_nll: nan
[2021-09-24 21:47:17] epoch 345: train_loss: nan, valid_loss: nan, train_nll: nan, valid_nll: nan
[2021-09-24 21:47:41] epoch 346: train_loss: nan, valid_loss: nan, train_nll: nan, valid_nll: nan
[2021-09-24 21:48:05] epoch 347: train_loss: nan, valid_loss: nan, train_nll: nan, valid_nll: nan
[2021-09-24 21:48:29] epoch 348: train_loss: nan, valid_loss: nan, train_nll: nan, valid_nll: nan
[2021-09-24 21:48:53] epoch 349: train_loss: nan, valid_loss: nan, train_nll: nan, valid_nll: nan
[2021-09-24 21:49:17] epoch 350: train_loss: nan, valid_loss: nan, train_nll: nan, valid_nll: nan
[2021-09-24 21:49:41] epoch 351: train_loss: nan, valid_loss: nan, train_nll: nan, valid_nll: nan
[2021-09-24 21:50:05] epoch 352: train_loss: nan, valid_loss: nan, train_nll: nan, valid_nll: nan
[2021-09-24 21:50:29] epoch 353: train_loss: nan, valid_loss: nan, train_nll: nan, valid_nll: nan
[2021-09-24 21:50:53] epoch 354: train_loss: nan, valid_loss: nan, train_nll: nan, valid_nll: nan
[2021-09-24 21:51:17] epoch 355: train_loss: nan, valid_loss: nan, train_nll: nan, valid_nll: nan
[2021-09-24 21:51:41] epoch 356: train_loss: nan, valid_loss: nan, train_nll: nan, valid_nll: nan
[2021-09-24 21:52:06] epoch 357: train_loss: nan, valid_loss: nan, train_nll: nan, valid_nll: nan
[2021-09-24 21:52:30] epoch 358: train_loss: nan, valid_loss: nan, train_nll: nan, valid_nll: nan
[2021-09-24 21:52:53] epoch 359: train_loss: nan, valid_loss: nan, train_nll: nan, valid_nll: nan
[2021-09-24 21:53:17] epoch 360: train_loss: nan, valid_loss: nan, train_nll: nan, valid_nll: nan
[2021-09-24 21:53:41] epoch 361: train_loss: nan, valid_loss: nan, train_nll: nan, valid_nll: nan
[2021-09-24 21:54:05] epoch 362: train_loss: nan, valid_loss: nan, train_nll: nan, valid_nll: nan
[2021-09-24 21:54:29] epoch 363: train_loss: nan, valid_loss: nan, train_nll: nan, valid_nll: nan
[2021-09-24 21:54:56] epoch 364: train_loss: nan, valid_loss: nan, train_nll: nan, valid_nll: nan
[2021-09-24 21:55:19] epoch 365: train_loss: nan, valid_loss: nan, train_nll: nan, valid_nll: nan
[2021-09-24 21:55:44] epoch 366: train_loss: nan, valid_loss: nan, train_nll: nan, valid_nll: nan
[2021-09-24 21:56:08] epoch 367: train_loss: nan, valid_loss: nan, train_nll: nan, valid_nll: nan
[2021-09-24 21:56:32] epoch 368: train_loss: nan, valid_loss: nan, train_nll: nan, valid_nll: nan
[2021-09-24 21:56:56] epoch 369: train_loss: nan, valid_loss: nan, train_nll: nan, valid_nll: nan
[2021-09-24 21:57:20] epoch 370: train_loss: nan, valid_loss: nan, train_nll: nan, valid_nll: nan
[2021-09-24 21:57:44] epoch 371: train_loss: nan, valid_loss: nan, train_nll: nan, valid_nll: nan
[2021-09-24 21:58:08] epoch 372: train_loss: nan, valid_loss: nan, train_nll: nan, valid_nll: nan
[2021-09-24 21:58:32] epoch 373: train_loss: nan, valid_loss: nan, train_nll: nan, valid_nll: nan
[2021-09-24 21:58:56] epoch 374: train_loss: nan, valid_loss: nan, train_nll: nan, valid_nll: nan
[2021-09-24 21:59:20] epoch 375: train_loss: nan, valid_loss: nan, train_nll: nan, valid_nll: nan
[2021-09-24 21:59:44] epoch 376: train_loss: nan, valid_loss: nan, train_nll: nan, valid_nll: nan
[2021-09-24 22:00:08] epoch 377: train_loss: nan, valid_loss: nan, train_nll: nan, valid_nll: nan
[2021-09-24 22:00:32] epoch 378: train_loss: nan, valid_loss: nan, train_nll: nan, valid_nll: nan
[2021-09-24 22:00:56] epoch 379: train_loss: nan, valid_loss: nan, train_nll: nan, valid_nll: nan
[2021-09-24 22:01:20] epoch 380: train_loss: nan, valid_loss: nan, train_nll: nan, valid_nll: nan
[2021-09-24 22:01:45] epoch 381: train_loss: nan, valid_loss: nan, train_nll: nan, valid_nll: nan
[2021-09-24 22:02:08] epoch 382: train_loss: nan, valid_loss: nan, train_nll: nan, valid_nll: nan
[2021-09-24 22:02:34] epoch 383: train_loss: nan, valid_loss: nan, train_nll: nan, valid_nll: nan
[2021-09-24 22:02:59] epoch 384: train_loss: nan, valid_loss: nan, train_nll: nan, valid_nll: nan
[2021-09-24 22:03:23] epoch 385: train_loss: nan, valid_loss: nan, train_nll: nan, valid_nll: nan
[2021-09-24 22:03:46] epoch 386: train_loss: nan, valid_loss: nan, train_nll: nan, valid_nll: nan
[2021-09-24 22:04:11] epoch 387: train_loss: nan, valid_loss: nan, train_nll: nan, valid_nll: nan
[2021-09-24 22:04:35] epoch 388: train_loss: nan, valid_loss: nan, train_nll: nan, valid_nll: nan
[2021-09-24 22:04:59] epoch 389: train_loss: nan, valid_loss: nan, train_nll: nan, valid_nll: nan
[2021-09-24 22:05:23] epoch 390: train_loss: nan, valid_loss: nan, train_nll: nan, valid_nll: nan
[2021-09-24 22:05:47] epoch 391: train_loss: nan, valid_loss: nan, train_nll: nan, valid_nll: nan
[2021-09-24 22:06:10] epoch 392: train_loss: nan, valid_loss: nan, train_nll: nan, valid_nll: nan
[2021-09-24 22:06:35] epoch 393: train_loss: nan, valid_loss: nan, train_nll: nan, valid_nll: nan
[2021-09-24 22:06:59] epoch 394: train_loss: nan, valid_loss: nan, train_nll: nan, valid_nll: nan
[2021-09-24 22:07:22] epoch 395: train_loss: nan, valid_loss: nan, train_nll: nan, valid_nll: nan
[2021-09-24 22:07:47] epoch 396: train_loss: nan, valid_loss: nan, train_nll: nan, valid_nll: nan
[2021-09-24 22:08:10] epoch 397: train_loss: nan, valid_loss: nan, train_nll: nan, valid_nll: nan
[2021-09-24 22:08:34] epoch 398: train_loss: nan, valid_loss: nan, train_nll: nan, valid_nll: nan
[2021-09-24 22:08:58] epoch 399: train_loss: nan, valid_loss: nan, train_nll: nan, valid_nll: nan
[2021-09-24 22:09:22] epoch 400: train_loss: nan, valid_loss: nan, train_nll: nan, valid_nll: nan
[2021-09-24 22:09:46] epoch 401: train_loss: nan, valid_loss: nan, train_nll: nan, valid_nll: nan
[2021-09-24 22:10:13] epoch 402: train_loss: nan, valid_loss: nan, train_nll: nan, valid_nll: nan
[2021-09-24 22:10:37] epoch 403: train_loss: nan, valid_loss: nan, train_nll: nan, valid_nll: nan
[2021-09-24 22:11:00] epoch 404: train_loss: nan, valid_loss: nan, train_nll: nan, valid_nll: nan
[2021-09-24 22:11:25] epoch 405: train_loss: nan, valid_loss: nan, train_nll: nan, valid_nll: nan
[2021-09-24 22:11:49] epoch 406: train_loss: nan, valid_loss: nan, train_nll: nan, valid_nll: nan
[2021-09-24 22:12:13] epoch 407: train_loss: nan, valid_loss: nan, train_nll: nan, valid_nll: nan
[2021-09-24 22:12:37] epoch 408: train_loss: nan, valid_loss: nan, train_nll: nan, valid_nll: nan
[2021-09-24 22:13:01] epoch 409: train_loss: nan, valid_loss: nan, train_nll: nan, valid_nll: nan
[2021-09-24 22:13:24] epoch 410: train_loss: nan, valid_loss: nan, train_nll: nan, valid_nll: nan
[2021-09-24 22:13:49] epoch 411: train_loss: nan, valid_loss: nan, train_nll: nan, valid_nll: nan
[2021-09-24 22:14:13] epoch 412: train_loss: nan, valid_loss: nan, train_nll: nan, valid_nll: nan
[2021-09-24 22:14:36] epoch 413: train_loss: nan, valid_loss: nan, train_nll: nan, valid_nll: nan
[2021-09-24 22:15:01] epoch 414: train_loss: nan, valid_loss: nan, train_nll: nan, valid_nll: nan
[2021-09-24 22:15:25] epoch 415: train_loss: nan, valid_loss: nan, train_nll: nan, valid_nll: nan
[2021-09-24 22:15:48] epoch 416: train_loss: nan, valid_loss: nan, train_nll: nan, valid_nll: nan
[2021-09-24 22:16:13] epoch 417: train_loss: nan, valid_loss: nan, train_nll: nan, valid_nll: nan
[2021-09-24 22:16:37] epoch 418: train_loss: nan, valid_loss: nan, train_nll: nan, valid_nll: nan
[2021-09-24 22:17:00] epoch 419: train_loss: nan, valid_loss: nan, train_nll: nan, valid_nll: nan
[2021-09-24 22:17:25] epoch 420: train_loss: nan, valid_loss: nan, train_nll: nan, valid_nll: nan
[2021-09-24 22:17:49] epoch 421: train_loss: nan, valid_loss: nan, train_nll: nan, valid_nll: nan
[2021-09-24 22:18:12] epoch 422: train_loss: nan, valid_loss: nan, train_nll: nan, valid_nll: nan
[2021-09-24 22:18:37] epoch 423: train_loss: nan, valid_loss: nan, train_nll: nan, valid_nll: nan
[2021-09-24 22:19:00] epoch 424: train_loss: nan, valid_loss: nan, train_nll: nan, valid_nll: nan
[2021-09-24 22:19:24] epoch 425: train_loss: nan, valid_loss: nan, train_nll: nan, valid_nll: nan
[2021-09-24 22:19:48] epoch 426: train_loss: nan, valid_loss: nan, train_nll: nan, valid_nll: nan
[2021-09-24 22:20:12] epoch 427: train_loss: nan, valid_loss: nan, train_nll: nan, valid_nll: nan
[2021-09-24 22:20:36] epoch 428: train_loss: nan, valid_loss: nan, train_nll: nan, valid_nll: nan
[2021-09-24 22:21:00] epoch 429: train_loss: nan, valid_loss: nan, train_nll: nan, valid_nll: nan
[2021-09-24 22:21:24] epoch 430: train_loss: nan, valid_loss: nan, train_nll: nan, valid_nll: nan
[2021-09-24 22:21:48] epoch 431: train_loss: nan, valid_loss: nan, train_nll: nan, valid_nll: nan
[2021-09-24 22:22:12] epoch 432: train_loss: nan, valid_loss: nan, train_nll: nan, valid_nll: nan
[2021-09-24 22:22:36] epoch 433: train_loss: nan, valid_loss: nan, train_nll: nan, valid_nll: nan
[2021-09-24 22:22:59] epoch 434: train_loss: nan, valid_loss: nan, train_nll: nan, valid_nll: nan
[2021-09-24 22:23:24] epoch 435: train_loss: nan, valid_loss: nan, train_nll: nan, valid_nll: nan
[2021-09-24 22:23:48] epoch 436: train_loss: nan, valid_loss: nan, train_nll: nan, valid_nll: nan
[2021-09-24 22:24:11] epoch 437: train_loss: nan, valid_loss: nan, train_nll: nan, valid_nll: nan
[2021-09-24 22:24:36] epoch 438: train_loss: nan, valid_loss: nan, train_nll: nan, valid_nll: nan
[2021-09-24 22:25:00] epoch 439: train_loss: nan, valid_loss: nan, train_nll: nan, valid_nll: nan
[2021-09-24 22:25:23] epoch 440: train_loss: nan, valid_loss: nan, train_nll: nan, valid_nll: nan
[2021-09-24 22:25:47] epoch 441: train_loss: nan, valid_loss: nan, train_nll: nan, valid_nll: nan
[2021-09-24 22:26:11] epoch 442: train_loss: nan, valid_loss: nan, train_nll: nan, valid_nll: nan
[2021-09-24 22:26:35] epoch 443: train_loss: nan, valid_loss: nan, train_nll: nan, valid_nll: nan
[2021-09-24 22:26:59] epoch 444: train_loss: nan, valid_loss: nan, train_nll: nan, valid_nll: nan
[2021-09-24 22:27:23] epoch 445: train_loss: nan, valid_loss: nan, train_nll: nan, valid_nll: nan
[2021-09-24 22:27:47] epoch 446: train_loss: nan, valid_loss: nan, train_nll: nan, valid_nll: nan
[2021-09-24 22:28:11] epoch 447: train_loss: nan, valid_loss: nan, train_nll: nan, valid_nll: nan
[2021-09-24 22:28:35] epoch 448: train_loss: nan, valid_loss: nan, train_nll: nan, valid_nll: nan
[2021-09-24 22:28:58] epoch 449: train_loss: nan, valid_loss: nan, train_nll: nan, valid_nll: nan
[2021-09-24 22:29:22] epoch 450: train_loss: nan, valid_loss: nan, train_nll: nan, valid_nll: nan
[2021-09-24 22:29:46] epoch 451: train_loss: nan, valid_loss: nan, train_nll: nan, valid_nll: nan
[2021-09-24 22:30:10] epoch 452: train_loss: nan, valid_loss: nan, train_nll: nan, valid_nll: nan
[2021-09-24 22:30:34] epoch 453: train_loss: nan, valid_loss: nan, train_nll: nan, valid_nll: nan
[2021-09-24 22:30:58] epoch 454: train_loss: nan, valid_loss: nan, train_nll: nan, valid_nll: nan
[2021-09-24 22:31:22] epoch 455: train_loss: nan, valid_loss: nan, train_nll: nan, valid_nll: nan
[2021-09-24 22:31:46] epoch 456: train_loss: nan, valid_loss: nan, train_nll: nan, valid_nll: nan
[2021-09-24 22:32:10] epoch 457: train_loss: nan, valid_loss: nan, train_nll: nan, valid_nll: nan
[2021-09-24 22:32:33] epoch 458: train_loss: nan, valid_loss: nan, train_nll: nan, valid_nll: nan
[2021-09-24 22:32:57] epoch 459: train_loss: nan, valid_loss: nan, train_nll: nan, valid_nll: nan
[2021-09-24 22:33:24] epoch 460: train_loss: nan, valid_loss: nan, train_nll: nan, valid_nll: nan
[2021-09-24 22:33:47] epoch 461: train_loss: nan, valid_loss: nan, train_nll: nan, valid_nll: nan
[2021-09-24 22:34:11] epoch 462: train_loss: nan, valid_loss: nan, train_nll: nan, valid_nll: nan
[2021-09-24 22:34:35] epoch 463: train_loss: nan, valid_loss: nan, train_nll: nan, valid_nll: nan
[2021-09-24 22:34:59] epoch 464: train_loss: nan, valid_loss: nan, train_nll: nan, valid_nll: nan
[2021-09-24 22:35:23] epoch 465: train_loss: nan, valid_loss: nan, train_nll: nan, valid_nll: nan
[2021-09-24 22:35:47] epoch 466: train_loss: nan, valid_loss: nan, train_nll: nan, valid_nll: nan
[2021-09-24 22:36:11] epoch 467: train_loss: nan, valid_loss: nan, train_nll: nan, valid_nll: nan
[2021-09-24 22:36:35] epoch 468: train_loss: nan, valid_loss: nan, train_nll: nan, valid_nll: nan
[2021-09-24 22:36:59] epoch 469: train_loss: nan, valid_loss: nan, train_nll: nan, valid_nll: nan
[2021-09-24 22:37:23] epoch 470: train_loss: nan, valid_loss: nan, train_nll: nan, valid_nll: nan
[2021-09-24 22:37:47] epoch 471: train_loss: nan, valid_loss: nan, train_nll: nan, valid_nll: nan
[2021-09-24 22:38:11] epoch 472: train_loss: nan, valid_loss: nan, train_nll: nan, valid_nll: nan
[2021-09-24 22:38:35] epoch 473: train_loss: nan, valid_loss: nan, train_nll: nan, valid_nll: nan
[2021-09-24 22:38:59] epoch 474: train_loss: nan, valid_loss: nan, train_nll: nan, valid_nll: nan
[2021-09-24 22:39:23] epoch 475: train_loss: nan, valid_loss: nan, train_nll: nan, valid_nll: nan
[2021-09-24 22:39:46] epoch 476: train_loss: nan, valid_loss: nan, train_nll: nan, valid_nll: nan
[2021-09-24 22:40:11] epoch 477: train_loss: nan, valid_loss: nan, train_nll: nan, valid_nll: nan
[2021-09-24 22:40:34] epoch 478: train_loss: nan, valid_loss: nan, train_nll: nan, valid_nll: nan
[2021-09-24 22:41:00] epoch 479: train_loss: nan, valid_loss: nan, train_nll: nan, valid_nll: nan
[2021-09-24 22:41:24] epoch 480: train_loss: nan, valid_loss: nan, train_nll: nan, valid_nll: nan
[2021-09-24 22:41:48] epoch 481: train_loss: nan, valid_loss: nan, train_nll: nan, valid_nll: nan
[2021-09-24 22:42:12] epoch 482: train_loss: nan, valid_loss: nan, train_nll: nan, valid_nll: nan
[2021-09-24 22:42:36] epoch 483: train_loss: nan, valid_loss: nan, train_nll: nan, valid_nll: nan
[2021-09-24 22:43:00] epoch 484: train_loss: nan, valid_loss: nan, train_nll: nan, valid_nll: nan
[2021-09-24 22:43:24] epoch 485: train_loss: nan, valid_loss: nan, train_nll: nan, valid_nll: nan
[2021-09-24 22:43:48] epoch 486: train_loss: nan, valid_loss: nan, train_nll: nan, valid_nll: nan
[2021-09-24 22:44:11] epoch 487: train_loss: nan, valid_loss: nan, train_nll: nan, valid_nll: nan
[2021-09-24 22:44:35] epoch 488: train_loss: nan, valid_loss: nan, train_nll: nan, valid_nll: nan
[2021-09-24 22:44:59] epoch 489: train_loss: nan, valid_loss: nan, train_nll: nan, valid_nll: nan
[2021-09-24 22:45:23] epoch 490: train_loss: nan, valid_loss: nan, train_nll: nan, valid_nll: nan
[2021-09-24 22:45:47] epoch 491: train_loss: nan, valid_loss: nan, train_nll: nan, valid_nll: nan
[2021-09-24 22:46:11] epoch 492: train_loss: nan, valid_loss: nan, train_nll: nan, valid_nll: nan
[2021-09-24 22:46:35] epoch 493: train_loss: nan, valid_loss: nan, train_nll: nan, valid_nll: nan
[2021-09-24 22:46:59] epoch 494: train_loss: nan, valid_loss: nan, train_nll: nan, valid_nll: nan
[2021-09-24 22:47:23] epoch 495: train_loss: nan, valid_loss: nan, train_nll: nan, valid_nll: nan
[2021-09-24 22:47:47] epoch 496: train_loss: nan, valid_loss: nan, train_nll: nan, valid_nll: nan
[2021-09-24 22:48:19] epoch 497: train_loss: nan, valid_loss: nan, train_nll: nan, valid_nll: nan
[2021-09-24 22:48:49] epoch 498: train_loss: nan, valid_loss: nan, train_nll: nan, valid_nll: nan
[2021-09-24 22:49:12] epoch 499: train_loss: nan, valid_loss: nan, train_nll: nan, valid_nll: nan
