------------ Configs ------------
building en vocab...
found previously built en vocab, loading...
there are 6079 tokens in en vocab
building de vocab...
found previously built de vocab, loading...
there are 6624 tokens in de vocab
building translation train en->de dataset...
found preprocessed train en->de dataset, loading...
taking 25000 subset of full data...
truncating all sequences to have max 50 tokens...
building en vocab...
found previously built en vocab, loading...
there are 6079 tokens in en vocab
building de vocab...
found previously built de vocab, loading...
there are 6624 tokens in de vocab
building translation valid en->de dataset...
found preprocessed valid en->de dataset, loading...
taking 5000 subset of full data...
truncating all sequences to have max 50 tokens...
model summary: 
=================================================================
                Kernel Shape     Output Shape   Params  Mult-Adds
Layer                                                            
0_src_embedding  [512, 6079]   [128, 50, 512]  3112448    3112448
1_enc                      -   [128, 50, 958]  3247620    3243788
2_tgt_embedding  [512, 6624]   [128, 50, 512]  3391488    3391488
3_dec                      -   [128, 50, 958]  3247620    3243788
4_mlp            [958, 6624]  [128, 50, 6624]  6352416    6345792
-----------------------------------------------------------------
                        Totals
Total params          19351592
Trainable params      19351592
Non-trainable params         0
Mult-Adds             19337304
=================================================================
rnn:  tanh
num layers: 2
embedding dim:  512
data:  iwslt_en_de
max seq tokens:  50
train subset:  25000
valid subset:  5000
optimizer:  sgd
learning rate:  0.1
momentum:  0.9
weight decay:  0.0001
gradient clipping:  1.0
loss criterion:  ce
continue training:  False
save directory:  ./exp/translation/en_de/tanh
log directory:  ./log/translation/en_de/tanh
starting epoch:  0
ending epoch:  100
steps per epoch:  196
cuda:  True
---------------------------------
calculating bleu for 20 examples...
[2021-09-26 05:53:04] epoch 0: train_loss: 5.821556823594229, valid_loss: 5.251754420144217, train_nll: 0.06953428242384077, valid_nll: 0.045370936897840324, valid_bleu: 6.297313950760794e-79
calculating bleu for 20 examples...
[2021-09-26 05:56:33] epoch 1: train_loss: 5.08167412086409, valid_loss: 4.9814543042864114, train_nll: 0.038295247279575895, valid_nll: 0.03626161341413809, valid_bleu: 8.15020017539835e-79
calculating bleu for 20 examples...
[2021-09-26 06:00:03] epoch 2: train_loss: 4.8166065872931965, valid_loss: 4.84974479675293, train_nll: 0.029305551679961534, valid_nll: 0.03153564991769512, valid_bleu: 6.908927140052928e-79
calculating bleu for 20 examples...
[2021-09-26 06:03:31] epoch 3: train_loss: 4.62632975286367, valid_loss: 4.731453895568848, train_nll: 0.023390398777553015, valid_nll: 0.027558877814844, valid_bleu: 0.007153444977382882
calculating bleu for 20 examples...
[2021-09-26 06:07:02] epoch 4: train_loss: 4.466799159439242, valid_loss: 4.691510745457241, train_nll: 0.019111731663918007, valid_nll: 0.02578332700762685, valid_bleu: 0.0077909586181049584
calculating bleu for 20 examples...
[2021-09-26 06:10:29] epoch 5: train_loss: 4.330284848505137, valid_loss: 4.6153983388628275, train_nll: 0.0158978989793169, valid_nll: 0.02414733141874386, valid_bleu: 0.004788124226860577
calculating bleu for 20 examples...
[2021-09-26 06:13:57] epoch 6: train_loss: 4.208448212973925, valid_loss: 4.591349806104388, train_nll: 0.013357283784516004, valid_nll: 0.022824004766454065, valid_bleu: 0.006357015483518948
calculating bleu for 20 examples...
[2021-09-26 06:17:25] epoch 7: train_loss: 4.092119272874326, valid_loss: 4.556990759713309, train_nll: 0.011347286991975746, valid_nll: 0.02191093656634951, valid_bleu: 0.008407030881811257
calculating bleu for 20 examples...
[2021-09-26 06:20:55] epoch 8: train_loss: 3.974666024957384, valid_loss: 4.552563054221017, train_nll: 0.009731853904238173, valid_nll: 0.02119091578892299, valid_bleu: 1.1049219731066327e-78
calculating bleu for 20 examples...
[2021-09-26 06:24:22] epoch 9: train_loss: 3.866267220098145, valid_loss: 4.537348542894636, train_nll: 0.008406662985354054, valid_nll: 0.020412032843994992, valid_bleu: 7.627866843639415e-79
saving at epoch 9...
calculating bleu for 20 examples...
[2021-09-26 06:27:53] epoch 10: train_loss: 3.758323511298822, valid_loss: 4.545446055276053, train_nll: 0.0073155006688954876, valid_nll: 0.020176248047189208, valid_bleu: 0.028717047212823817
calculating bleu for 20 examples...
[2021-09-26 06:31:22] epoch 11: train_loss: 3.6525557941319993, valid_loss: 4.556358064923968, train_nll: 0.006445550752680708, valid_nll: 0.02010739974007709, valid_bleu: 0.008382705595613462
calculating bleu for 20 examples...
[2021-09-26 06:34:52] epoch 12: train_loss: 3.5529084935480233, valid_loss: 4.577041149139404, train_nll: 0.005702946295446279, valid_nll: 0.019737934141304588, valid_bleu: 0.006875451152631204
calculating bleu for 20 examples...
[2021-09-26 06:38:21] epoch 13: train_loss: 3.446710214322927, valid_loss: 4.6022564343043735, train_nll: 0.005087516268563993, valid_nll: 0.0201834013935923, valid_bleu: 0.007823142436353143
calculating bleu for 20 examples...
[2021-09-26 06:41:51] epoch 14: train_loss: 3.3449947907000173, valid_loss: 4.632649285452707, train_nll: 0.0045625290820063375, valid_nll: 0.0194755034491428, valid_bleu: 0.006024757292375469
calculating bleu for 20 examples...
[2021-09-26 06:45:19] epoch 15: train_loss: 3.246082230490081, valid_loss: 4.673671858651297, train_nll: 0.004131474581684436, valid_nll: 0.020227285140707863, valid_bleu: 5.533639093901252e-79
calculating bleu for 20 examples...
[2021-09-26 06:48:53] epoch 16: train_loss: 3.1474538165695813, valid_loss: 4.698340688432966, train_nll: 0.0037379677168537582, valid_nll: 0.020425468096949638, valid_bleu: 0.018231429309682336
calculating bleu for 20 examples...
[2021-09-26 06:52:21] epoch 17: train_loss: 3.0497755834034512, valid_loss: 4.74169785635812, train_nll: 0.0034051180685477217, valid_nll: 0.02026760580347268, valid_bleu: 9.162377040365309e-79
calculating bleu for 20 examples...
[2021-09-26 06:55:50] epoch 18: train_loss: 2.9599274859136466, valid_loss: 4.806181635175433, train_nll: 0.0031271906350583446, valid_nll: 0.02104729005224807, valid_bleu: 0.004087670487427096
calculating bleu for 20 examples...
[2021-09-26 06:59:18] epoch 19: train_loss: 2.862528153828212, valid_loss: 4.862175941467285, train_nll: 0.0028610775416839573, valid_nll: 0.02160219384326854, valid_bleu: 9.67943450910846e-79
saving at epoch 19...
calculating bleu for 20 examples...
[2021-09-26 07:02:48] epoch 20: train_loss: 2.773102265231463, valid_loss: 4.8963814462934225, train_nll: 0.002649637353382628, valid_nll: 0.02250142000159439, valid_bleu: 0.008171809699193797
calculating bleu for 20 examples...
[2021-09-26 07:06:16] epoch 21: train_loss: 2.6854164636864954, valid_loss: 4.970899718148368, train_nll: 0.0024444167702580497, valid_nll: 0.023475246496072563, valid_bleu: 3.105733221985555e-79
calculating bleu for 20 examples...
[2021-09-26 07:09:59] epoch 22: train_loss: 2.6011864628110613, valid_loss: 5.022096565791538, train_nll: 0.002253202865131795, valid_nll: 0.025220805569855818, valid_bleu: 0.020965625044603038
calculating bleu for 20 examples...
[2021-09-26 07:13:28] epoch 23: train_loss: 2.521867266723088, valid_loss: 5.092101505824497, train_nll: 0.0020920988003035445, valid_nll: 0.026263808081925497, valid_bleu: 0.01849516872245654
calculating bleu for 20 examples...
[2021-09-26 07:16:58] epoch 24: train_loss: 2.4432938463833866, valid_loss: 5.1370391845703125, train_nll: 0.001952315724431252, valid_nll: 0.02701188378703136, valid_bleu: 0.021440180221466106
calculating bleu for 20 examples...
[2021-09-26 07:20:26] epoch 25: train_loss: 2.3720059382672214, valid_loss: 5.210659776415143, train_nll: 0.0018143625660331881, valid_nll: 0.029505081793954648, valid_bleu: 0.035366650887265295
calculating bleu for 20 examples...
[2021-09-26 07:23:56] epoch 26: train_loss: 2.3008962151955585, valid_loss: 5.2602356501988, train_nll: 0.0016885431943620955, valid_nll: 0.03004106026095576, valid_bleu: 5.90168090852453e-79
calculating bleu for 20 examples...
[2021-09-26 07:27:27] epoch 27: train_loss: 2.2356600238352407, valid_loss: 5.31860876083374, train_nll: 0.001576848341107651, valid_nll: 0.033355024505744284, valid_bleu: 0.0038112637488991407
calculating bleu for 20 examples...
[2021-09-26 07:31:03] epoch 28: train_loss: 2.172344087337961, valid_loss: 5.381637641361782, train_nll: 0.0014712377330235072, valid_nll: 0.034604184262387386, valid_bleu: 0.004067577164157153
calculating bleu for 20 examples...
[2021-09-26 07:34:38] epoch 29: train_loss: 2.1149549849179325, valid_loss: 5.4461847714015414, train_nll: 0.0013790110400899581, valid_nll: 0.038399764908041714, valid_bleu: 0.014879641171245492
saving at epoch 29...
calculating bleu for 20 examples...
[2021-09-26 07:38:19] epoch 30: train_loss: 2.0556096720452213, valid_loss: 5.511670861925397, train_nll: 0.0012895028641759132, valid_nll: 0.03933013899182984, valid_bleu: 0.015324297998829539
calculating bleu for 20 examples...
[2021-09-26 07:41:56] epoch 31: train_loss: 2.004130276490231, valid_loss: 5.5287178584507535, train_nll: 0.0012104861506637263, valid_nll: 0.03978807204215486, valid_bleu: 8.742261616082003e-79
calculating bleu for 20 examples...
[2021-09-26 07:45:35] epoch 32: train_loss: 1.9551852199496056, valid_loss: 5.594624246869769, train_nll: 0.0011367916671126527, valid_nll: 0.04229622076574242, valid_bleu: 8.351560938971801e-79
calculating bleu for 20 examples...
[2021-09-26 07:49:13] epoch 33: train_loss: 1.9072963637965066, valid_loss: 5.61087567465646, train_nll: 0.0010667154765657497, valid_nll: 0.044865312066054513, valid_bleu: 8.593558319130388e-79
calculating bleu for 20 examples...
[2021-09-26 07:52:51] epoch 34: train_loss: 1.8624116389118894, valid_loss: 5.649209908076695, train_nll: 0.001007871957895707, valid_nll: 0.0474174486887238, valid_bleu: 0.014879641171245492
calculating bleu for 20 examples...
[2021-09-26 07:56:27] epoch 35: train_loss: 1.8186641007053608, valid_loss: 5.716318879808698, train_nll: 0.0009415229303543496, valid_nll: 0.050361463922331234, valid_bleu: 0.0020976423433753757
calculating bleu for 20 examples...
[2021-09-26 08:00:08] epoch 36: train_loss: 1.779024982938961, valid_loss: 5.7672431128365655, train_nll: 0.00088924558629795, valid_nll: 0.051901637247586695, valid_bleu: 0.004147254167090454
calculating bleu for 20 examples...
[2021-09-26 08:03:45] epoch 37: train_loss: 1.7420139939201122, valid_loss: 5.772945199693952, train_nll: 0.0008424924114772251, valid_nll: 0.05424255263084304, valid_bleu: 0.0049868459303865145
calculating bleu for 20 examples...
[2021-09-26 08:07:23] epoch 38: train_loss: 1.7068949761439343, valid_loss: 5.8483573368617465, train_nll: 0.0007923018848197545, valid_nll: 0.06042146796710265, valid_bleu: 0.0033740410123560332
calculating bleu for 20 examples...
[2021-09-26 08:11:00] epoch 39: train_loss: 1.6745328872787708, valid_loss: 5.833240236554827, train_nll: 0.0007491285696808172, valid_nll: 0.05624457399817507, valid_bleu: 1.0679994721335407e-78
saving at epoch 39...
calculating bleu for 20 examples...
[2021-09-26 08:14:40] epoch 40: train_loss: 1.640638796042423, valid_loss: 5.897747448512486, train_nll: 0.0007150312338671253, valid_nll: 0.061455158346561546, valid_bleu: 1.2349804689617043e-78
calculating bleu for 20 examples...
[2021-09-26 08:18:18] epoch 41: train_loss: 1.6102626281125205, valid_loss: 5.926071848188128, train_nll: 0.0006780741632944349, valid_nll: 0.06368172924885485, valid_bleu: 0.022273100575142802
calculating bleu for 20 examples...
[2021-09-26 08:21:59] epoch 42: train_loss: 1.5850188440206099, valid_loss: 5.958687850407192, train_nll: 0.0006449720449836887, valid_nll: 0.06372252280362763, valid_bleu: 0.014433507386360008
calculating bleu for 20 examples...
[2021-09-26 08:25:36] epoch 43: train_loss: 1.5572498197458229, valid_loss: 5.959355558667864, train_nll: 0.0006090330426546993, valid_nll: 0.06493548817396996, valid_bleu: 0.005528586384575856
calculating bleu for 20 examples...
[2021-09-26 08:29:14] epoch 44: train_loss: 1.5312897228464788, valid_loss: 5.979700974055699, train_nll: 0.0005823166378226518, valid_nll: 0.06393608342945893, valid_bleu: 0.00905346966325817
calculating bleu for 20 examples...
[2021-09-26 08:32:52] epoch 45: train_loss: 1.5066669224476328, valid_loss: 5.983181817190988, train_nll: 0.0005577132398377291, valid_nll: 0.06526774557050175, valid_bleu: 0.005772175329389105
calculating bleu for 20 examples...
[2021-09-26 08:36:33] epoch 46: train_loss: 1.4850625341035881, valid_loss: 6.016971451895578, train_nll: 0.0005363771097027525, valid_nll: 0.06395589194111054, valid_bleu: 8.188624135153681e-79
calculating bleu for 20 examples...
[2021-09-26 08:40:10] epoch 47: train_loss: 1.4641106457126385, valid_loss: 6.053131852831159, train_nll: 0.0005112978567017657, valid_nll: 0.06892934926491183, valid_bleu: 3.699171526865653e-79
calculating bleu for 20 examples...
[2021-09-26 08:43:49] epoch 48: train_loss: 1.4432094249190117, valid_loss: 6.082948820931571, train_nll: 0.0004921500998127217, valid_nll: 0.07175918764260614, valid_bleu: 0.008286628070147248
calculating bleu for 20 examples...
[2021-09-26 08:47:27] epoch 49: train_loss: 1.4235663018664535, valid_loss: 6.069587366921561, train_nll: 0.00046790370350234897, valid_nll: 0.07304778522506183, valid_bleu: 0.008276184955207308
saving at epoch 49...
calculating bleu for 888 examples...
calculating bleu for 20 examples...
[2021-09-26 09:29:52] epoch 50: train_loss: 1.4065327492295479, valid_loss: 6.104843207768032, train_nll: 0.0004508700753231438, valid_nll: 0.0729761840797869, valid_bleu: 6.971947949592777e-79
calculating bleu for 20 examples...
[2021-09-26 09:33:29] epoch 51: train_loss: 1.390294927115343, valid_loss: 6.104341643197196, train_nll: 0.0004374209761774571, valid_nll: 0.0704670930789836, valid_bleu: 0.025721313853090733
calculating bleu for 20 examples...
[2021-09-26 09:37:07] epoch 52: train_loss: 1.3772200406814108, valid_loss: 6.108162198747907, train_nll: 0.0004213754314305831, valid_nll: 0.07312512700227632, valid_bleu: 0.024396905120605484
calculating bleu for 20 examples...
[2021-09-26 09:40:44] epoch 53: train_loss: 1.362353008620593, valid_loss: 6.093157155173166, train_nll: 0.0004101858619499901, valid_nll: 0.07164991083862282, valid_bleu: 0.016943571815930883
calculating bleu for 20 examples...
[2021-09-26 09:44:22] epoch 54: train_loss: 1.3502224878389009, valid_loss: 6.152816295623779, train_nll: 0.0003992969519264844, valid_nll: 0.07553366892345251, valid_bleu: 0.0031871214792806835
calculating bleu for 20 examples...
[2021-09-26 09:48:03] epoch 55: train_loss: 1.3354516412530626, valid_loss: 6.1410707746233255, train_nll: 0.00038404722457029383, valid_nll: 0.07194764589119274, valid_bleu: 0.01703282508161624
calculating bleu for 20 examples...
[2021-09-26 09:51:42] epoch 56: train_loss: 1.3253249647665997, valid_loss: 6.145420687539237, train_nll: 0.0003701736901730907, valid_nll: 0.07473709995769845, valid_bleu: 0.005826953726957551
calculating bleu for 20 examples...
[2021-09-26 09:55:19] epoch 57: train_loss: 1.3157302378391733, valid_loss: 6.143418516431536, train_nll: 0.0003619979680314356, valid_nll: 0.07114717455816787, valid_bleu: 0.005094094256410403
calculating bleu for 20 examples...
[2021-09-26 09:58:58] epoch 58: train_loss: 1.3051357062495486, valid_loss: 6.150862557547433, train_nll: 0.0003538792713982216, valid_nll: 0.07390694566499795, valid_bleu: 0.006263647775985691
calculating bleu for 20 examples...
[2021-09-26 10:02:34] epoch 59: train_loss: 1.2958162232321135, valid_loss: 6.142558029719761, train_nll: 0.00034608751265605673, valid_nll: 0.07419992689920668, valid_bleu: 6.146126930802465e-79
saving at epoch 59...
calculating bleu for 20 examples...
[2021-09-26 10:06:15] epoch 60: train_loss: 1.2897217589981702, valid_loss: 6.164047173091343, train_nll: 0.00033861870478610605, valid_nll: 0.07508913851284021, valid_bleu: 0.005872329654200292
calculating bleu for 20 examples...
[2021-09-26 10:09:53] epoch 61: train_loss: 1.2803473679386839, valid_loss: 6.1468186378479, train_nll: 0.0003327433080302905, valid_nll: 0.07554477776514956, valid_bleu: 6.037754351525402e-79
calculating bleu for 20 examples...
[2021-09-26 10:13:33] epoch 62: train_loss: 1.2736291404889555, valid_loss: 6.188203130449567, train_nll: 0.00032661890623520833, valid_nll: 0.0814592389855277, valid_bleu: 0.016284117988401216
calculating bleu for 20 examples...
[2021-09-26 10:17:11] epoch 63: train_loss: 1.2678038338009192, valid_loss: 6.156598023005894, train_nll: 0.00032166244210029134, valid_nll: 0.07613557470833297, valid_bleu: 0.01370311858664025
calculating bleu for 20 examples...
[2021-09-26 10:20:51] epoch 64: train_loss: 1.259149739328696, valid_loss: 6.147880349840436, train_nll: 0.0003150499581382423, valid_nll: 0.07388677384884486, valid_bleu: 0.005802318762257496
calculating bleu for 20 examples...
[2021-09-26 10:24:29] epoch 65: train_loss: 1.2554987133765707, valid_loss: 6.151281016213553, train_nll: 0.00031150590582852786, valid_nll: 0.07335903408291104, valid_bleu: 0.0033740410123560332
calculating bleu for 20 examples...
[2021-09-26 10:28:09] epoch 66: train_loss: 1.2481426663544712, valid_loss: 6.175638539450509, train_nll: 0.0003038976645469666, valid_nll: 0.0758412503696448, valid_bleu: 0.005528586384575856
calculating bleu for 20 examples...
[2021-09-26 10:31:47] epoch 67: train_loss: 1.2448685947729616, valid_loss: 6.151968274797712, train_nll: 0.00030019221763221587, valid_nll: 0.07236786365596704, valid_bleu: 0.016307532314006418
calculating bleu for 20 examples...
[2021-09-26 10:35:28] epoch 68: train_loss: 1.2435280486029021, valid_loss: 6.127790655408587, train_nll: 0.00029923991697939484, valid_nll: 0.07254116621541723, valid_bleu: 0.02470782670469606
calculating bleu for 20 examples...
[2021-09-26 10:39:05] epoch 69: train_loss: 1.239989129256229, valid_loss: 6.1713120596749445, train_nll: 0.00029785214930164573, valid_nll: 0.07404305089328805, valid_bleu: 6.909873245290801e-79
saving at epoch 69...
calculating bleu for 20 examples...
[2021-09-26 10:42:46] epoch 70: train_loss: 1.2351534500414012, valid_loss: 6.1605231421334405, train_nll: 0.0002933533988870098, valid_nll: 0.07485221628538714, valid_bleu: 1.174121920466685e-78
calculating bleu for 20 examples...
[2021-09-26 10:46:24] epoch 71: train_loss: 1.235276453349055, valid_loss: 6.160336426326206, train_nll: 0.00029154559670662393, valid_nll: 0.07453000376736948, valid_bleu: 7.901576654101573e-79
calculating bleu for 20 examples...
[2021-09-26 10:50:01] epoch 72: train_loss: 1.2327354793645897, valid_loss: 6.141787665230887, train_nll: 0.0002920009116724299, valid_nll: 0.07421509731690396, valid_bleu: 0.008970902742984349
calculating bleu for 20 examples...
[2021-09-26 10:53:39] epoch 73: train_loss: 1.2340361865199343, valid_loss: 6.150133882250104, train_nll: 0.00028662530349225416, valid_nll: 0.0747693092162435, valid_bleu: 0.004228977336921734
calculating bleu for 20 examples...
[2021-09-26 10:57:17] epoch 74: train_loss: 1.2350870085005858, valid_loss: 6.143094880240304, train_nll: 0.0002883172699443574, valid_nll: 0.07014295322357195, valid_bleu: 0.023899976771375064
calculating bleu for 20 examples...
[2021-09-26 11:00:56] epoch 75: train_loss: 1.2321288682976548, valid_loss: 6.117196696145194, train_nll: 0.0002855872940044014, valid_nll: 0.0735644918961831, valid_bleu: 0.01962933965936372
calculating bleu for 20 examples...
[2021-09-26 11:04:36] epoch 76: train_loss: 1.2343006152279523, valid_loss: 6.174143246241978, train_nll: 0.00028320202394407624, valid_nll: 0.0798167779091023, valid_bleu: 0.020078430891920056
calculating bleu for 20 examples...
[2021-09-26 11:08:14] epoch 77: train_loss: 1.2361226094012359, valid_loss: 6.1369797842843195, train_nll: 0.00028377104740520627, valid_nll: 0.07184504954160455, valid_bleu: 0.020552729028394504
calculating bleu for 20 examples...
[2021-09-26 11:11:54] epoch 78: train_loss: 1.2366219673837935, valid_loss: 6.1002567155020575, train_nll: 0.00028493618364675726, valid_nll: 0.07055369736758592, valid_bleu: 0.03413981465959039
calculating bleu for 20 examples...
[2021-09-26 11:15:31] epoch 79: train_loss: 1.2377740096072762, valid_loss: 6.108423437391009, train_nll: 0.0002860276667055489, valid_nll: 0.07123875464558448, valid_bleu: 0.006240561328760602
saving at epoch 79...
calculating bleu for 20 examples...
[2021-09-26 11:19:13] epoch 80: train_loss: 1.23775549932402, valid_loss: 6.117457526070731, train_nll: 0.0002865867037455753, valid_nll: 0.07570426142770241, valid_bleu: 0.05063365890377937
calculating bleu for 20 examples...
[2021-09-26 11:22:50] epoch 81: train_loss: 1.2414334884711675, valid_loss: 6.091198308127267, train_nll: 0.000287737916051125, valid_nll: 0.06850589612626617, valid_bleu: 0.0042487055918302066
calculating bleu for 20 examples...
[2021-09-26 11:26:31] epoch 82: train_loss: 1.2448578367427903, valid_loss: 6.120357854025705, train_nll: 0.00028779269257370307, valid_nll: 0.07233479663409124, valid_bleu: 0.019407753093018988
calculating bleu for 20 examples...
[2021-09-26 11:30:08] epoch 83: train_loss: 1.2467973177530327, valid_loss: 6.0772613797869, train_nll: 0.000288943294748968, valid_nll: 0.07218438576503501, valid_bleu: 0.03325752324649487
calculating bleu for 20 examples...
[2021-09-26 11:33:48] epoch 84: train_loss: 1.248447665146419, valid_loss: 6.081383092062814, train_nll: 0.0002919380247789172, valid_nll: 0.07156270653650501, valid_bleu: 0.01584450133726893
calculating bleu for 20 examples...
[2021-09-26 11:37:25] epoch 85: train_loss: 1.2546407014739758, valid_loss: 6.059530394417899, train_nll: 0.00029449593587797514, valid_nll: 0.0684503799721826, valid_bleu: 4.761748613493643e-79
calculating bleu for 20 examples...
[2021-09-26 11:41:05] epoch 86: train_loss: 1.2595872532348245, valid_loss: 6.065832546779087, train_nll: 0.00029538898380435243, valid_nll: 0.07038234353701098, valid_bleu: 0.023769263662838703
calculating bleu for 20 examples...
[2021-09-26 11:44:41] epoch 87: train_loss: 1.2632331908965597, valid_loss: 6.054529735020229, train_nll: 0.0002948864250766988, valid_nll: 0.06712549367050055, valid_bleu: 0.0241444555264548
calculating bleu for 20 examples...
[2021-09-26 11:48:22] epoch 88: train_loss: 1.2659713522512086, valid_loss: 6.065973213740757, train_nll: 0.0002992104231086008, valid_nll: 0.07044968462139395, valid_bleu: 1.127769978641834e-78
calculating bleu for 20 examples...
[2021-09-26 11:52:00] epoch 89: train_loss: 1.2696769924796358, valid_loss: 6.030419213431222, train_nll: 0.00030070465078159257, valid_nll: 0.06416288573287345, valid_bleu: 5.064414330969837e-79
saving at epoch 89...
calculating bleu for 20 examples...
[2021-09-26 11:55:41] epoch 90: train_loss: 1.2769686591868499, valid_loss: 6.042901788439069, train_nll: 0.0003068808430068347, valid_nll: 0.06627857231396835, valid_bleu: 0.022292957107643507
calculating bleu for 20 examples...
[2021-09-26 11:59:16] epoch 91: train_loss: 1.2804944898400987, valid_loss: 6.026363577161517, train_nll: 0.00030828279399501205, valid_nll: 0.0643870074382094, valid_bleu: 9.45454935095695e-79
calculating bleu for 20 examples...
[2021-09-26 12:02:57] epoch 92: train_loss: 1.2848064321644452, valid_loss: 6.035252094268799, train_nll: 0.0003088153727443851, valid_nll: 0.06884280283851293, valid_bleu: 7.725993172141719e-79
calculating bleu for 20 examples...
[2021-09-26 12:06:32] epoch 93: train_loss: 1.2914080285296148, valid_loss: 5.988461903163365, train_nll: 0.0003130015206424085, valid_nll: 0.06332822941006666, valid_bleu: 1.2746219167240147e-78
calculating bleu for 20 examples...
[2021-09-26 12:10:10] epoch 94: train_loss: 1.2962382216842807, valid_loss: 6.018329892839704, train_nll: 0.000316828650649713, valid_nll: 0.06531442178262246, valid_bleu: 3.8361678632663755e-79
calculating bleu for 20 examples...
[2021-09-26 12:13:48] epoch 95: train_loss: 1.3030860983595556, valid_loss: 6.012061255318778, train_nll: 0.0003215738865132418, valid_nll: 0.06361231634690932, valid_bleu: 1.5989611160735388e-78
calculating bleu for 20 examples...
[2021-09-26 12:17:27] epoch 96: train_loss: 1.3062488625244217, valid_loss: 5.986895288739886, train_nll: 0.0003236815295900617, valid_nll: 0.062036608615152145, valid_bleu: 0.024966514951587433
calculating bleu for 20 examples...
[2021-09-26 12:21:07] epoch 97: train_loss: 1.3134418367123117, valid_loss: 5.996074948992048, train_nll: 0.0003281229390903395, valid_nll: 0.063661882863761, valid_bleu: 0.016146826156683256
calculating bleu for 20 examples...
[2021-09-26 12:24:46] epoch 98: train_loss: 1.321103854446995, valid_loss: 5.959557941981724, train_nll: 0.0003352902375921911, valid_nll: 0.05972048595868219, valid_bleu: 0.01904847458622018
calculating bleu for 20 examples...
[2021-09-26 12:28:24] epoch 99: train_loss: 1.3245385495983824, valid_loss: 5.955767563411167, train_nll: 0.0003367098991238341, valid_nll: 0.06442531817843533, valid_bleu: 0.01664969933234491
saving at epoch 99...
calculating bleu for 888 examples...
