------------ Configs ------------
loading JSB data...
loading Muse data...
loading Nott data...
loading Piano data...
loading JSB data...
loading Muse data...
loading Nott data...
loading Piano data...
model summary: 
===================================================
      Kernel Shape  Output Shape  Params  Mult-Adds
Layer                                              
0_rnn            -  [200, 1, 46]   18768      18492
1_mlp     [46, 88]  [200, 1, 88]    4136       4048
---------------------------------------------------
                      Totals
Total params           22904
Trainable params       22904
Non-trainable params       0
Mult-Adds              22540
===================================================
rnn:  gru
data:  all
optimizer:  rmsprop
learning rate:  0.001
momentum:  0.9
weight decay:  0.0
gradient clipping:  1.0
loss criterion:  bce
continue training:  False
save directory:  ./exp/music/all/gru
log directory:  ./log/music/all/gru
starting epoch:  0
ending epoch:  500
steps per epoch:  1534
cuda:  True
---------------------------------
[2021-09-24 19:26:23] epoch 0: train_loss: 0.08676890012136669, valid_loss: 0.08042312663217838, train_nll: 5.796676110112037, valid_nll: 5.251891623577124
[2021-09-24 19:26:58] epoch 1: train_loss: 0.07625669564910942, valid_loss: 0.07744404966378528, train_nll: 4.961955847489938, valid_nll: 5.094788935481136
[2021-09-24 19:27:32] epoch 2: train_loss: 0.07462935956775404, valid_loss: 0.07669602392119064, train_nll: 4.830267824888195, valid_nll: 4.822341714973953
[2021-09-24 19:28:07] epoch 3: train_loss: 0.07389322943096638, valid_loss: 0.07612376856015562, train_nll: 4.775286189703956, valid_nll: 4.7936564687650725
[2021-09-24 19:28:41] epoch 4: train_loss: 0.07338153935223332, valid_loss: 0.07558230956724722, train_nll: 4.735697779238143, valid_nll: 4.715469466827859
[2021-09-24 19:29:16] epoch 5: train_loss: 0.07292914003221199, valid_loss: 0.07529177501176794, train_nll: 4.717245336246532, valid_nll: 4.862346838262734
[2021-09-24 19:29:51] epoch 6: train_loss: 0.07254292417470623, valid_loss: 0.07451397257697101, train_nll: 4.697283652986072, valid_nll: 4.692125301525289
[2021-09-24 19:30:24] epoch 7: train_loss: 0.07219090120383627, valid_loss: 0.07526535664995511, train_nll: 4.682067657108135, valid_nll: 4.934384987422483
[2021-09-24 19:30:59] epoch 8: train_loss: 0.07209512691961836, valid_loss: 0.0748767920515754, train_nll: 4.666477213262202, valid_nll: 4.935441850741791
[2021-09-24 19:31:33] epoch 9: train_loss: 0.07186432135858448, valid_loss: 0.07449333042122724, train_nll: 4.645589107292624, valid_nll: 4.885256787818871
[2021-09-24 19:32:07] epoch 10: train_loss: 0.07169890611321997, valid_loss: 0.07437745277355942, train_nll: 4.643773167363177, valid_nll: 4.8480274654857345
[2021-09-24 19:32:41] epoch 11: train_loss: 0.07156147655874316, valid_loss: 0.0741379583569601, train_nll: 4.639887767026238, valid_nll: 4.8293470288847375
[2021-09-24 19:33:16] epoch 12: train_loss: 0.07150747324613249, valid_loss: 0.07443098658507671, train_nll: 4.64476522492249, valid_nll: 4.72900170519884
[2021-09-24 19:33:50] epoch 13: train_loss: 0.07153258501094277, valid_loss: 0.07457513528208089, train_nll: 4.650694007743298, valid_nll: 4.51760101653803
[2021-09-24 19:34:23] epoch 14: train_loss: 0.07135721788871571, valid_loss: 0.07401009797438453, train_nll: 4.631475591850207, valid_nll: 4.89321198596603
[2021-09-24 19:34:57] epoch 15: train_loss: 0.07120059678972136, valid_loss: 0.07512615361213308, train_nll: 4.603606498872107, valid_nll: 4.908815477645982
[2021-09-24 19:35:31] epoch 16: train_loss: 0.0710955537980692, valid_loss: 0.07366203274483783, train_nll: 4.610313866516307, valid_nll: 4.6483918660340375
[2021-09-24 19:36:05] epoch 17: train_loss: 0.07128126137359299, valid_loss: 0.07534185365886625, train_nll: 4.6103234577517265, valid_nll: 5.004887777444246
[2021-09-24 19:36:38] epoch 18: train_loss: 0.07272607831507824, valid_loss: 0.08212557400934248, train_nll: 4.744909344847516, valid_nll: 5.364398369813538
[2021-09-24 19:37:12] epoch 19: train_loss: 0.07554834018761324, valid_loss: 0.07510995997746259, train_nll: 4.938369460030781, valid_nll: 4.672738910903204
[2021-09-24 19:37:46] epoch 20: train_loss: 0.08537939447251475, valid_loss: 0.10087032296760666, train_nll: 5.539445657538993, valid_nll: 6.706724947669238
[2021-09-24 19:38:20] epoch 21: train_loss: 0.08176987097784391, valid_loss: 0.07921839955808463, train_nll: 5.507738986281806, valid_nll: 5.355680094843683
[2021-09-24 19:38:53] epoch 22: train_loss: 0.075708444924197, valid_loss: 0.07720866956456442, train_nll: 4.9720433345374175, valid_nll: 5.207321588352652
[2021-09-24 19:39:27] epoch 23: train_loss: 0.07397719716709082, valid_loss: 0.07627364291546095, train_nll: 4.835393264752525, valid_nll: 4.8770804578818
[2021-09-24 19:40:01] epoch 24: train_loss: 0.07301453410221612, valid_loss: 0.07481227163695778, train_nll: 4.752771743251432, valid_nll: 4.796346041775024
[2021-09-24 19:40:34] epoch 25: train_loss: 0.0722130321189664, valid_loss: 0.074410089884292, train_nll: 4.676198508791756, valid_nll: 4.7672024296647715
[2021-09-24 19:41:08] epoch 26: train_loss: 0.07167629716672595, valid_loss: 0.0746604795826392, train_nll: 4.6447084881799885, valid_nll: 4.7359645227317575
[2021-09-24 19:41:57] epoch 27: train_loss: 0.07175974432510146, valid_loss: 0.07418084475964383, train_nll: 4.639971215158754, valid_nll: 4.71931312223752
[2021-09-24 19:42:30] epoch 28: train_loss: 0.07139164541642797, valid_loss: 0.07511747716879001, train_nll: 4.608193131409834, valid_nll: 4.871065002319781
[2021-09-24 19:43:04] epoch 29: train_loss: 0.07118503136604033, valid_loss: 0.0742149731412417, train_nll: 4.601691390716405, valid_nll: 4.78249344609397
[2021-09-24 19:43:37] epoch 30: train_loss: 0.07185425536495765, valid_loss: 0.07498474540000763, train_nll: 4.6092707536558235, valid_nll: 4.912529709981388
[2021-09-24 19:44:11] epoch 31: train_loss: 0.0713308874209262, valid_loss: 0.07455282378001045, train_nll: 4.628067362690409, valid_nll: 4.873097699523092
[2021-09-24 19:44:45] epoch 32: train_loss: 0.07139954150373885, valid_loss: 0.07417430811693346, train_nll: 4.627598291282675, valid_nll: 4.628764058480909
[2021-09-24 19:45:18] epoch 33: train_loss: 0.07130989975889725, valid_loss: 0.07508229374452824, train_nll: 4.623139772375383, valid_nll: 4.82325521012453
[2021-09-24 19:45:52] epoch 34: train_loss: 0.07091210311706113, valid_loss: 0.07425802709732318, train_nll: 4.587572549848226, valid_nll: 4.777042761096118
[2021-09-24 19:46:26] epoch 35: train_loss: 0.07168734250128794, valid_loss: 0.07810693553347856, train_nll: 4.633987956285343, valid_nll: 5.114589235553933
[2021-09-24 19:46:59] epoch 36: train_loss: 0.08039779151999908, valid_loss: 0.07940692357916498, train_nll: 5.201090640837444, valid_nll: 5.034617288954597
[2021-09-24 19:47:33] epoch 37: train_loss: 0.07350368350634966, valid_loss: 0.07532333299009637, train_nll: 4.767561751507873, valid_nll: 4.807561441748539
[2021-09-24 19:48:17] epoch 38: train_loss: 0.07172461912385643, valid_loss: 0.0749807509198559, train_nll: 4.623259481690942, valid_nll: 4.721588576685537
[2021-09-24 19:48:52] epoch 39: train_loss: 0.07139766023153102, valid_loss: 0.07594598456276487, train_nll: 4.628145186447166, valid_nll: 4.898196073113855
[2021-09-24 19:49:25] epoch 40: train_loss: 0.07374987935870789, valid_loss: 0.0751977020197294, train_nll: 4.760101790174262, valid_nll: 4.788617935060554
[2021-09-24 19:49:59] epoch 41: train_loss: 0.0717515613072621, valid_loss: 0.07393324251916975, train_nll: 4.659771485487422, valid_nll: 4.687617792757147
[2021-09-24 19:50:33] epoch 42: train_loss: 0.07252728520386222, valid_loss: 0.07540568391877142, train_nll: 4.7368851201464, valid_nll: 5.047559697554271
[2021-09-24 19:51:06] epoch 43: train_loss: 0.07134342094946464, valid_loss: 0.07403956963257356, train_nll: 4.629026644899125, valid_nll: 4.731694865074917
[2021-09-24 19:51:40] epoch 44: train_loss: 0.072505237856416, valid_loss: 0.07910608940503815, train_nll: 4.692890812959645, valid_nll: 5.042380092063094
[2021-09-24 19:52:13] epoch 45: train_loss: 0.07531378048045909, valid_loss: 0.07875404032558729, train_nll: 4.859214399982396, valid_nll: 4.986709298075377
[2021-09-24 19:52:47] epoch 46: train_loss: 0.07430817471086162, valid_loss: 0.07580301949208734, train_nll: 4.788268562480136, valid_nll: 4.931766629254561
[2021-09-24 19:53:21] epoch 47: train_loss: 0.07306774715058788, valid_loss: 0.0757757358281224, train_nll: 4.7079775247924935, valid_nll: 4.950938827603595
[2021-09-24 19:53:54] epoch 48: train_loss: 0.07198909299528272, valid_loss: 0.07480363944084431, train_nll: 4.662880826391046, valid_nll: 4.790866473837431
[2021-09-24 19:54:29] epoch 49: train_loss: 0.07279068838824389, valid_loss: 0.07578489561847439, train_nll: 4.697362064787165, valid_nll: 5.2147680953452955
[2021-09-24 19:55:02] epoch 50: train_loss: 0.07216779476898628, valid_loss: 0.07456334435493883, train_nll: 4.674932170645051, valid_nll: 4.765475990535307
[2021-09-24 19:55:36] epoch 51: train_loss: 0.07427276467851023, valid_loss: 0.07841666141581355, train_nll: 4.823939755381801, valid_nll: 4.820615194742878
[2021-09-24 19:56:10] epoch 52: train_loss: 0.07388455178005793, valid_loss: 0.07537776680258715, train_nll: 4.787159776121062, valid_nll: 4.958467995153178
[2021-09-24 19:56:43] epoch 53: train_loss: 0.07197857272083903, valid_loss: 0.07480520863471685, train_nll: 4.636073481166108, valid_nll: 4.829308919784747
[2021-09-24 19:57:17] epoch 54: train_loss: 0.07139760502243737, valid_loss: 0.07474375188567045, train_nll: 4.6206105649260305, valid_nll: 4.691418074171056
[2021-09-24 19:57:50] epoch 55: train_loss: 0.0715810618056118, valid_loss: 0.0758725198366764, train_nll: 4.621729958805391, valid_nll: 4.997778631019854
[2021-09-24 19:58:24] epoch 56: train_loss: 0.07196816722188519, valid_loss: 0.07507206746282978, train_nll: 4.6736791568777925, valid_nll: 4.984234552950025
[2021-09-24 19:58:58] epoch 57: train_loss: 0.07161643434160497, valid_loss: 0.0749447740322788, train_nll: 4.627411008260102, valid_nll: 4.748061892053244
[2021-09-24 19:59:31] epoch 58: train_loss: 0.07169973517062611, valid_loss: 0.07441218299179743, train_nll: 4.627686772073652, valid_nll: 4.748722596948762
[2021-09-24 20:00:05] epoch 59: train_loss: 0.07111716655421774, valid_loss: 0.07429793220474337, train_nll: 4.600085609343471, valid_nll: 4.62812046169675
[2021-09-24 20:00:38] epoch 60: train_loss: 0.07129025193735122, valid_loss: 0.07482084777262626, train_nll: 4.608661644908732, valid_nll: 4.673871674887237
[2021-09-24 20:01:12] epoch 61: train_loss: 0.0730262196961562, valid_loss: 0.07548583014350799, train_nll: 4.7368708471813, valid_nll: 4.8158642993404195
[2021-09-24 20:01:45] epoch 62: train_loss: 0.07233373277348307, valid_loss: 0.07518711221178598, train_nll: 4.675468139979528, valid_nll: 4.785257867611871
[2021-09-24 20:02:19] epoch 63: train_loss: 0.0711604805597659, valid_loss: 0.07495135744807846, train_nll: 4.6029015233350075, valid_nll: 4.884268622919328
[2021-09-24 20:02:52] epoch 64: train_loss: 0.07174478424409456, valid_loss: 0.0748155138742254, train_nll: 4.702883666932403, valid_nll: 4.842638740494644
[2021-09-24 20:03:26] epoch 65: train_loss: 0.07193353458403609, valid_loss: 0.07543884197748596, train_nll: 4.676915262174029, valid_nll: 4.6921856590854345
[2021-09-24 20:03:59] epoch 66: train_loss: 0.07122143897054306, valid_loss: 0.07603052655009157, train_nll: 4.60759536715067, valid_nll: 4.74454170865584
[2021-09-24 20:04:33] epoch 67: train_loss: 0.07111098948074444, valid_loss: 0.07573146656428398, train_nll: 4.605415461047475, valid_nll: 4.760196151515901
[2021-09-24 20:05:07] epoch 68: train_loss: 0.07112055193181144, valid_loss: 0.07538737880178925, train_nll: 4.612792120658403, valid_nll: 4.818605702933793
[2021-09-24 20:05:40] epoch 69: train_loss: 0.07206975992021031, valid_loss: 0.07640050729087582, train_nll: 4.6749432119901195, valid_nll: 4.78568668763953
[2021-09-24 20:06:14] epoch 70: train_loss: 0.07176425005582487, valid_loss: 0.07764921306792383, train_nll: 4.629854899935204, valid_nll: 4.912114659968277
[2021-09-24 20:06:54] epoch 71: train_loss: 0.07297114897859337, valid_loss: 0.07549631375951146, train_nll: 4.798698934937128, valid_nll: 4.8893422998071285
[2021-09-24 20:07:28] epoch 72: train_loss: 0.0720333146268922, valid_loss: 0.07716465174841385, train_nll: 4.698997660429434, valid_nll: 4.864547633944861
[2021-09-24 20:08:03] epoch 73: train_loss: 0.07229630873967181, valid_loss: 0.07492051285813854, train_nll: 4.659427944663506, valid_nll: 4.871278004525447
[2021-09-24 20:08:37] epoch 74: train_loss: 0.07150450874923825, valid_loss: 0.07486971224789893, train_nll: 4.633755689189563, valid_nll: 4.76710157978595
[2021-09-24 20:09:10] epoch 75: train_loss: 0.07119195639596575, valid_loss: 0.07432642305326281, train_nll: 4.597840697416751, valid_nll: 4.774641079323535
[2021-09-24 20:09:44] epoch 76: train_loss: 0.07120438843098563, valid_loss: 0.07520477921993594, train_nll: 4.620904853024464, valid_nll: 4.931115174866004
[2021-09-24 20:10:17] epoch 77: train_loss: 0.07162668547718123, valid_loss: 0.07645793846864818, train_nll: 4.64278252988648, valid_nll: 5.063424677055316
[2021-09-24 20:10:51] epoch 78: train_loss: 0.07153502626118713, valid_loss: 0.07510489628490324, train_nll: 4.6614994652365755, valid_nll: 4.92484341717068
[2021-09-24 20:11:25] epoch 79: train_loss: 0.07195862229716767, valid_loss: 0.07581051819807276, train_nll: 4.685342900055883, valid_nll: 4.87477786458443
[2021-09-24 20:11:58] epoch 80: train_loss: 0.07190930831575137, valid_loss: 0.07605157898870682, train_nll: 4.642591547307666, valid_nll: 5.11657745893926
[2021-09-24 20:12:32] epoch 81: train_loss: 0.07139787167939692, valid_loss: 0.07699956694345056, train_nll: 4.62676901566788, valid_nll: 5.015028111196517
[2021-09-24 20:13:05] epoch 82: train_loss: 0.07261164614267773, valid_loss: 0.07573819062625518, train_nll: 4.65416942447026, valid_nll: 4.788491211928682
[2021-09-24 20:13:39] epoch 83: train_loss: 0.07305148294295101, valid_loss: 0.07561967644671147, train_nll: 4.747543515945992, valid_nll: 4.725157634163717
[2021-09-24 20:14:13] epoch 84: train_loss: 0.07223548080269467, valid_loss: 0.07511236878920986, train_nll: 4.688784062724356, valid_nll: 4.864786696819173
[2021-09-24 20:14:47] epoch 85: train_loss: 0.07222376835400134, valid_loss: 0.07575065196924513, train_nll: 4.706870895521081, valid_nll: 4.975032738820826
[2021-09-24 20:15:20] epoch 86: train_loss: 0.07180338917297677, valid_loss: 0.0754214776444691, train_nll: 4.664448944227285, valid_nll: 4.881940834992984
[2021-09-24 20:15:54] epoch 87: train_loss: 0.07145646920687528, valid_loss: 0.07586874450660414, train_nll: 4.6136597726713795, valid_nll: 4.753860940656892
[2021-09-24 20:16:27] epoch 88: train_loss: 0.07152037683211393, valid_loss: 0.07537435483648394, train_nll: 4.604084871051977, valid_nll: 4.896811146857676
[2021-09-24 20:17:01] epoch 89: train_loss: 0.07207837279320171, valid_loss: 0.08237638832493262, train_nll: 4.690439357382455, valid_nll: 5.979492319729709
[2021-09-24 20:17:34] epoch 90: train_loss: 0.0746423167642813, valid_loss: 0.07917151798616455, train_nll: 4.881954155929291, valid_nll: 5.531802775046348
[2021-09-24 20:18:08] epoch 91: train_loss: 0.0774360625589366, valid_loss: 0.0805795693327908, train_nll: 5.296129958333522, valid_nll: 5.574919485329977
[2021-09-24 20:18:42] epoch 92: train_loss: 0.07416269298086751, valid_loss: 0.07674479825337502, train_nll: 4.828575453679235, valid_nll: 4.980434021847039
[2021-09-24 20:19:16] epoch 93: train_loss: 0.07276649916704836, valid_loss: 0.0777745208387837, train_nll: 4.690860784616692, valid_nll: 4.8687812590600075
[2021-09-24 20:19:49] epoch 94: train_loss: 0.0719299079325764, valid_loss: 0.07613925594187369, train_nll: 4.633300199358438, valid_nll: 4.813794465444879
[2021-09-24 20:20:23] epoch 95: train_loss: 0.07173713640342655, valid_loss: 0.07751457148814818, train_nll: 4.612327226729687, valid_nll: 4.825734035055812
[2021-09-24 20:20:56] epoch 96: train_loss: 0.07193610394152544, valid_loss: 0.07770338124887209, train_nll: 4.627997040791843, valid_nll: 4.720802762358356
[2021-09-24 20:21:30] epoch 97: train_loss: 0.07215344014904199, valid_loss: 0.07703947523053774, train_nll: 4.673220664721249, valid_nll: 4.8920381409056715
[2021-09-24 20:22:03] epoch 98: train_loss: 0.07202901157721722, valid_loss: 0.07895149414973202, train_nll: 4.666712858978812, valid_nll: 4.794028414706333
[2021-09-24 20:22:37] epoch 99: train_loss: 0.07223961977628114, valid_loss: 0.07871306756972288, train_nll: 4.659241262088063, valid_nll: 4.881011333879741
[2021-09-24 20:23:10] epoch 100: train_loss: 0.07293191259833735, valid_loss: 0.07911064840307591, train_nll: 4.697555163710683, valid_nll: 4.934176199254297
[2021-09-24 20:23:44] epoch 101: train_loss: 0.07186277792758686, valid_loss: 0.07535782489088373, train_nll: 4.650816150651048, valid_nll: 4.907025764165922
[2021-09-24 20:24:17] epoch 102: train_loss: 0.07162099126532111, valid_loss: 0.07591901284482594, train_nll: 4.662312367703351, valid_nll: 4.901576463630439
[2021-09-24 20:24:51] epoch 103: train_loss: 0.0717703419163182, valid_loss: 0.07555624868984175, train_nll: 4.681427267068477, valid_nll: 4.84355376992104
[2021-09-24 20:25:24] epoch 104: train_loss: 0.07146224634226465, valid_loss: 0.07650993044742128, train_nll: 4.6197531652256725, valid_nll: 4.984308659424233
[2021-09-24 20:25:58] epoch 105: train_loss: 0.07191457928703537, valid_loss: 0.07590223707475069, train_nll: 4.62635829533338, valid_nll: 4.735360427787842
[2021-09-24 20:26:31] epoch 106: train_loss: 0.07119529660259322, valid_loss: 0.07698356468381003, train_nll: 4.57992116107343, valid_nll: 5.025472213922794
[2021-09-24 20:27:05] epoch 107: train_loss: 0.07170598782268699, valid_loss: 0.07651070492210413, train_nll: 4.616594765040518, valid_nll: 4.654307067508382
[2021-09-24 20:27:38] epoch 108: train_loss: 0.07117089029581249, valid_loss: 0.07662565336619137, train_nll: 4.57495218183878, valid_nll: 4.9295241831617265
[2021-09-24 20:28:12] epoch 109: train_loss: 0.0712209700180565, valid_loss: 0.07738905486584914, train_nll: 4.604498020471619, valid_nll: 5.054096835190504
[2021-09-24 20:28:45] epoch 110: train_loss: 0.07138779981734505, valid_loss: 0.07550919960215312, train_nll: 4.593706586514858, valid_nll: 4.831602878005984
[2021-09-24 20:29:19] epoch 111: train_loss: 0.07107493101535402, valid_loss: 0.07624453979995892, train_nll: 4.593658108186078, valid_nll: 4.82479594496288
[2021-09-24 20:29:53] epoch 112: train_loss: 0.07103981294473719, valid_loss: 0.07796243410040107, train_nll: 4.588456376770221, valid_nll: 4.951805331810576
[2021-09-24 20:30:26] epoch 113: train_loss: 0.07148604144826726, valid_loss: 0.07889163829009942, train_nll: 4.654244538508068, valid_nll: 5.300574173297607
[2021-09-24 20:31:00] epoch 114: train_loss: 0.0709262004363772, valid_loss: 0.0772641243770568, train_nll: 4.593816404706189, valid_nll: 4.969351290256558
[2021-09-24 20:31:33] epoch 115: train_loss: 0.07125725120310872, valid_loss: 0.07636862579084029, train_nll: 4.6355660306559665, valid_nll: 4.724955499898385
[2021-09-24 20:32:06] epoch 116: train_loss: 0.07147564298705218, valid_loss: 0.07621996123531852, train_nll: 4.632443194202357, valid_nll: 4.978268620335763
[2021-09-24 20:32:40] epoch 117: train_loss: 0.071303973571826, valid_loss: 0.07868203301349598, train_nll: 4.568037177766614, valid_nll: 5.1724015098112
[2021-09-24 20:33:14] epoch 118: train_loss: 0.07415416761941362, valid_loss: 0.0804650146758767, train_nll: 4.768347656837854, valid_nll: 4.916771534853421
[2021-09-24 20:33:48] epoch 119: train_loss: 0.07664063791507635, valid_loss: 0.08443602041172033, train_nll: 4.9298267422551225, valid_nll: 5.42379941622042
[2021-09-24 20:34:21] epoch 120: train_loss: 0.07984794882481926, valid_loss: 0.08373957978222858, train_nll: 5.294176554730692, valid_nll: 5.659098864633038
[2021-09-24 20:34:55] epoch 121: train_loss: 0.07936648689113275, valid_loss: 0.08215984470455559, train_nll: 5.201045136325608, valid_nll: 5.3901519701268406
[2021-09-24 20:35:29] epoch 122: train_loss: 0.07868975201910641, valid_loss: 0.0812879264768627, train_nll: 5.1163857421626044, valid_nll: 5.134258045300034
[2021-09-24 20:36:02] epoch 123: train_loss: 0.07669543983922322, valid_loss: 0.08006654271028107, train_nll: 4.99364001953852, valid_nll: 5.160931768101798
[2021-09-24 20:36:36] epoch 124: train_loss: 0.07604518101697562, valid_loss: 0.07983051219748126, train_nll: 4.930230470173614, valid_nll: 5.300116047346626
[2021-09-24 20:37:09] epoch 125: train_loss: 0.07494735958982342, valid_loss: 0.07763246465897695, train_nll: 4.848635027681814, valid_nll: 4.978978784066026
[2021-09-24 20:37:43] epoch 126: train_loss: 0.07345795201992487, valid_loss: 0.07838281947940663, train_nll: 4.7512863910798036, valid_nll: 5.087840619987304
[2021-09-24 20:38:17] epoch 127: train_loss: 0.07244434662410963, valid_loss: 0.07815305957326082, train_nll: 4.672120528653348, valid_nll: 5.1856344197242
[2021-09-24 20:38:50] epoch 128: train_loss: 0.07244399038654652, valid_loss: 0.07718989851348328, train_nll: 4.635741106160304, valid_nll: 4.5976000244018564
[2021-09-24 20:39:24] epoch 129: train_loss: 0.07170590643092233, valid_loss: 0.07624613411837455, train_nll: 4.631646711970087, valid_nll: 4.973145182335238
[2021-09-24 20:39:57] epoch 130: train_loss: 0.07175092148683197, valid_loss: 0.07745868757583502, train_nll: 4.633524283512027, valid_nll: 5.16618709117041
[2021-09-24 20:40:31] epoch 131: train_loss: 0.07331901070670342, valid_loss: 0.07999480606498893, train_nll: 4.655603424687259, valid_nll: 5.241266860820162
[2021-09-24 20:41:04] epoch 132: train_loss: 0.07269802593688009, valid_loss: 0.0763238232013666, train_nll: 4.702080753252515, valid_nll: 4.972027324167018
[2021-09-24 20:41:38] epoch 133: train_loss: 0.07117229672403814, valid_loss: 0.08288632369026391, train_nll: 4.595034379306071, valid_nll: 5.011021456862564
[2021-09-24 20:42:11] epoch 134: train_loss: 0.07202316438742808, valid_loss: 0.07789125147915323, train_nll: 4.615940735053318, valid_nll: 4.981088447292167
[2021-09-24 20:42:45] epoch 135: train_loss: 0.07303320068679021, valid_loss: 0.07791704388636381, train_nll: 4.862727620465709, valid_nll: 5.160072631913847
[2021-09-24 20:43:18] epoch 136: train_loss: 0.07224902985714658, valid_loss: 0.07730923334343566, train_nll: 4.684836950661697, valid_nll: 4.944864426861367
[2021-09-24 20:43:52] epoch 137: train_loss: 0.07274528101664596, valid_loss: 0.07759889700177192, train_nll: 4.657652768935823, valid_nll: 4.993009004932802
[2021-09-24 20:44:26] epoch 138: train_loss: 0.07348883163968327, valid_loss: 0.09351892369056139, train_nll: 4.652869240049963, valid_nll: 6.971514069193897
[2021-09-24 20:44:59] epoch 139: train_loss: 0.07396499237356491, valid_loss: 0.07623005791266232, train_nll: 4.927678463847523, valid_nll: 4.9804670563884645
[2021-09-24 20:45:33] epoch 140: train_loss: 0.07176861710144593, valid_loss: 0.0791401363311881, train_nll: 4.617980067568327, valid_nll: 4.949015163913056
[2021-09-24 20:46:07] epoch 141: train_loss: 0.07696899606432217, valid_loss: 0.08908841706755938, train_nll: 5.443233957485088, valid_nll: 6.806691573204399
[2021-09-24 20:46:40] epoch 142: train_loss: 0.0789073997042403, valid_loss: 0.08310473530619132, train_nll: 5.490877828092391, valid_nll: 5.678715807492061
[2021-09-24 20:47:14] epoch 143: train_loss: 0.07785540575834266, valid_loss: 0.08095672179126379, train_nll: 5.2242863066535445, valid_nll: 5.426926711498774
[2021-09-24 20:47:48] epoch 144: train_loss: 0.07596953332149746, valid_loss: 0.07850664367221973, train_nll: 4.982095444819127, valid_nll: 5.207505262290124
[2021-09-24 20:48:21] epoch 145: train_loss: 0.07615719337837171, valid_loss: 0.07892562996718393, train_nll: 5.251222892371657, valid_nll: 5.133748262114236
[2021-09-24 20:48:55] epoch 146: train_loss: 0.07380052612526185, valid_loss: 0.07798534881492908, train_nll: 4.792856030759029, valid_nll: 5.192743458373804
[2021-09-24 20:49:29] epoch 147: train_loss: 0.07415869064820928, valid_loss: 0.07735317948537719, train_nll: 4.911952660999472, valid_nll: 5.156500118663071
[2021-09-24 20:50:02] epoch 148: train_loss: 0.07606299028087121, valid_loss: 0.0873008244812037, train_nll: 4.964697282032147, valid_nll: 6.1992779497927355
[2021-09-24 20:50:36] epoch 149: train_loss: 0.08128921267232886, valid_loss: 0.08286692885296287, train_nll: 5.666671845296099, valid_nll: 5.2396546272029925
[2021-09-24 20:51:09] epoch 150: train_loss: 0.07827607849722114, valid_loss: 0.08175934002866422, train_nll: 5.130673155124362, valid_nll: 5.066659281395736
[2021-09-24 20:51:43] epoch 151: train_loss: 0.07543367014911312, valid_loss: 0.08066952255356943, train_nll: 4.885445688154536, valid_nll: 5.067084007388163
[2021-09-24 20:52:17] epoch 152: train_loss: 0.07383259591152297, valid_loss: 0.08037822291894693, train_nll: 4.774058448258393, valid_nll: 5.013317832766612
[2021-09-24 20:52:50] epoch 153: train_loss: 0.07618785471348226, valid_loss: 0.08056976381369461, train_nll: 4.898834795894869, valid_nll: 5.188231407103957
[2021-09-24 20:53:23] epoch 154: train_loss: 0.08255281786991689, valid_loss: 0.08300536279942879, train_nll: 5.156529277327866, valid_nll: 5.516185725330571
[2021-09-24 20:53:57] epoch 155: train_loss: 0.07761930474754049, valid_loss: 0.08360665676776659, train_nll: 5.120387211508763, valid_nll: 5.341824812421574
[2021-09-24 20:54:31] epoch 156: train_loss: 0.07745569577073919, valid_loss: 0.08478310822057679, train_nll: 5.129206804947198, valid_nll: 5.405803743667275
[2021-09-24 20:55:05] epoch 157: train_loss: 0.08036560332099027, valid_loss: 0.08542541223531118, train_nll: 5.282959297010711, valid_nll: 5.562835119317961
[2021-09-24 20:55:38] epoch 158: train_loss: 0.08030688837340595, valid_loss: 0.0838525858613653, train_nll: 5.2621757713668424, valid_nll: 5.504590200056045
[2021-09-24 20:56:12] epoch 159: train_loss: 0.07932132914676931, valid_loss: 0.08319893764388381, train_nll: 5.2270398344294895, valid_nll: 5.581725389643254
[2021-09-24 20:56:45] epoch 160: train_loss: 0.08022680873296563, valid_loss: 0.08446048289970165, train_nll: 5.403636693791298, valid_nll: 5.543470041809381
[2021-09-24 20:57:19] epoch 161: train_loss: 0.0801484730966496, valid_loss: 0.08306585109764428, train_nll: 5.321322511027628, valid_nll: 5.437747344868988
[2021-09-24 20:57:52] epoch 162: train_loss: 0.07940671544016922, valid_loss: 0.0841379409745298, train_nll: 5.31463029552192, valid_nll: 5.598100054672721
[2021-09-24 20:58:26] epoch 163: train_loss: 0.08000287579340955, valid_loss: 0.0844563210754646, train_nll: 5.293125328740493, valid_nll: 5.416868821834103
[2021-09-24 20:59:00] epoch 164: train_loss: 0.07967152619719836, valid_loss: 0.0824639084302077, train_nll: 5.273012801498677, valid_nll: 5.179817050759245
[2021-09-24 20:59:33] epoch 165: train_loss: 0.07754187790659953, valid_loss: 0.08186802199590161, train_nll: 5.112199393964957, valid_nll: 5.339201779576341
[2021-09-24 21:00:07] epoch 166: train_loss: 0.07673054766589885, valid_loss: 0.07998195763282252, train_nll: 5.028132795245632, valid_nll: 5.210090349482974
[2021-09-24 21:00:41] epoch 167: train_loss: 0.07485356710661771, valid_loss: 0.07817438711186475, train_nll: 4.896304378780281, valid_nll: 4.972607959320598
[2021-09-24 21:01:14] epoch 168: train_loss: 0.07372826119797424, valid_loss: 0.07905640978968204, train_nll: 4.784483191645566, valid_nll: 5.027815487549576
[2021-09-24 21:01:48] epoch 169: train_loss: 0.07377684151819353, valid_loss: 0.07687758488552363, train_nll: 4.7440774145670686, valid_nll: 4.997493430905949
[2021-09-24 21:02:21] epoch 170: train_loss: 0.07368773279888884, valid_loss: 0.07760878106240522, train_nll: 4.773301653630877, valid_nll: 5.056893802151397
[2021-09-24 21:02:55] epoch 171: train_loss: 0.07432655746729211, valid_loss: 0.07749227448978056, train_nll: 5.131491188559327, valid_nll: 5.2033774424216706
[2021-09-24 21:03:28] epoch 172: train_loss: 0.07364519830912138, valid_loss: 0.07928601802430219, train_nll: 4.884975828967349, valid_nll: 5.189721271701496
[2021-09-24 21:04:09] epoch 173: train_loss: 0.0728701445470762, valid_loss: 0.07766916595559303, train_nll: 4.755726472319802, valid_nll: 5.190715134651898
[2021-09-24 21:04:43] epoch 174: train_loss: 0.07272289425129802, valid_loss: 0.07990300423945441, train_nll: 4.718927591827957, valid_nll: 4.822000538464048
[2021-09-24 21:05:16] epoch 175: train_loss: 0.07216766692644576, valid_loss: 0.07788531522906263, train_nll: 4.663617267362569, valid_nll: 4.776611384609376
[2021-09-24 21:05:50] epoch 176: train_loss: 0.07288148855994488, valid_loss: 0.0764457399796958, train_nll: 4.672290038983206, valid_nll: 4.998806142860435
[2021-09-24 21:06:23] epoch 177: train_loss: 0.07222288031242739, valid_loss: 0.07684155189281687, train_nll: 4.653322190348981, valid_nll: 4.948308551935547
[2021-09-24 21:06:57] epoch 178: train_loss: 0.07197856941324753, valid_loss: 0.07664943163546574, train_nll: 4.657822348685426, valid_nll: 4.780156276891757
[2021-09-24 21:07:30] epoch 179: train_loss: 0.07187229728828896, valid_loss: 0.0756566183091226, train_nll: 4.631339018129724, valid_nll: 4.903491637567676
[2021-09-24 21:08:04] epoch 180: train_loss: 0.07183242931529743, valid_loss: 0.07594778194713096, train_nll: 4.633369094943068, valid_nll: 4.775466221547213
[2021-09-24 21:08:38] epoch 181: train_loss: 0.07174810201216203, valid_loss: 0.08173487881302005, train_nll: 4.625638846677149, valid_nll: 4.919907764726596
[2021-09-24 21:09:12] epoch 182: train_loss: 0.07201161148631277, valid_loss: 0.07578449515211913, train_nll: 4.619372383611109, valid_nll: 4.796691735087324
[2021-09-24 21:09:45] epoch 183: train_loss: 0.0716350231522444, valid_loss: 0.07714991350046764, train_nll: 4.634252344981745, valid_nll: 4.833982782400277
[2021-09-24 21:10:19] epoch 184: train_loss: 0.07155800522626846, valid_loss: 0.0768287458828641, train_nll: 4.612130122126059, valid_nll: 5.230686475955132
[2021-09-24 21:10:53] epoch 185: train_loss: 0.07152758827712265, valid_loss: 0.08941908413544297, train_nll: 4.622342438666555, valid_nll: 4.717617145013361
[2021-09-24 21:11:26] epoch 186: train_loss: 0.0732803190888344, valid_loss: 0.087595696742129, train_nll: 4.617410308131904, valid_nll: 4.907260161722881
[2021-09-24 21:12:00] epoch 187: train_loss: 0.07172067469772743, valid_loss: 0.0755452795513915, train_nll: 4.710044771596572, valid_nll: 4.892689129460432
[2021-09-24 21:12:34] epoch 188: train_loss: 0.07263659161055337, valid_loss: 0.07818637539943059, train_nll: 4.792325155831427, valid_nll: 4.997182692333363
[2021-09-24 21:13:07] epoch 189: train_loss: 0.07207446392793135, valid_loss: 0.07605704817347078, train_nll: 4.768268741459349, valid_nll: 4.843667930581278
[2021-09-24 21:13:41] epoch 190: train_loss: 0.07164310975512672, valid_loss: 0.07763448464354933, train_nll: 4.610574796194389, valid_nll: 4.765503020906522
[2021-09-24 21:14:14] epoch 191: train_loss: 0.07237471850598631, valid_loss: 0.07729138301290346, train_nll: 4.615480669918666, valid_nll: 4.655483999569774
[2021-09-24 21:14:48] epoch 192: train_loss: 0.07136147138462287, valid_loss: 0.07755579547533258, train_nll: 4.7084251060577325, valid_nll: 4.664216746064165
[2021-09-24 21:15:21] epoch 193: train_loss: 0.0729639308643679, valid_loss: 0.07720349340304507, train_nll: 4.6965030356378294, valid_nll: 4.738694235628173
[2021-09-24 21:15:55] epoch 194: train_loss: 0.07224752354791396, valid_loss: 0.08922364655411755, train_nll: 4.650417854333873, valid_nll: 4.697424810904244
[2021-09-24 21:16:28] epoch 195: train_loss: 0.07298498030513953, valid_loss: 0.07710538502086443, train_nll: 4.6240214643522215, valid_nll: 4.7931337915053955
[2021-09-24 21:17:02] epoch 196: train_loss: 0.07273184939929936, valid_loss: 0.07908546282542926, train_nll: 4.607354219234808, valid_nll: 5.003233403560482
[2021-09-24 21:17:36] epoch 197: train_loss: 0.07425184537155124, valid_loss: 0.08374837361925254, train_nll: 4.9822398988551, valid_nll: 5.0694755284654045
[2021-09-24 21:18:09] epoch 198: train_loss: 0.07542635241615667, valid_loss: 0.07853945425118912, train_nll: 4.88214094416787, valid_nll: 5.265233341552323
[2021-09-24 21:18:43] epoch 199: train_loss: 0.07841739227516865, valid_loss: 0.07747152874321499, train_nll: 4.865996478880271, valid_nll: 4.966228672036082
[2021-09-24 21:19:16] epoch 200: train_loss: 0.07142778992716034, valid_loss: 0.07848185299886297, train_nll: 4.620886089937154, valid_nll: 5.155358303869236
[2021-09-24 21:19:50] epoch 201: train_loss: 0.07122249940878954, valid_loss: 0.07987449199638584, train_nll: 4.579810375722175, valid_nll: 4.869968227919019
[2021-09-24 21:20:24] epoch 202: train_loss: 0.07128169019603336, valid_loss: 0.07753048574250906, train_nll: 4.600172514051899, valid_nll: 4.781893859674567
[2021-09-24 21:20:57] epoch 203: train_loss: 0.07245386606313026, valid_loss: 0.07857737056158408, train_nll: 4.633084862911823, valid_nll: 4.8680550905573625
[2021-09-24 21:21:31] epoch 204: train_loss: 0.0715459299011513, valid_loss: 0.08154036481911787, train_nll: 4.607996499922713, valid_nll: 4.838593578802564
[2021-09-24 21:22:04] epoch 205: train_loss: 0.07133170457513131, valid_loss: 0.08024974065748128, train_nll: 4.6320695484139245, valid_nll: 4.984582764956949
[2021-09-24 21:22:38] epoch 206: train_loss: 0.07176396914853714, valid_loss: 0.0784182197395524, train_nll: 4.630049682549354, valid_nll: 5.039774210720475
[2021-09-24 21:23:12] epoch 207: train_loss: 0.07103013092860813, valid_loss: 0.08177257079696941, train_nll: 4.596288998790179, valid_nll: 4.834287615812623
[2021-09-24 21:23:45] epoch 208: train_loss: 0.07476974340007583, valid_loss: 0.08266193611838978, train_nll: 4.603225177590094, valid_nll: 4.785840216611811
[2021-09-24 21:24:19] epoch 209: train_loss: 0.07214185094455988, valid_loss: 0.080955568336496, train_nll: 4.64374206866399, valid_nll: 4.9300977553876555
[2021-09-24 21:24:53] epoch 210: train_loss: 0.07329002848851848, valid_loss: 0.09471644039707955, train_nll: 4.680775964746128, valid_nll: 5.30914552185352
[2021-09-24 21:25:27] epoch 211: train_loss: 0.07190178853315161, valid_loss: 0.079669428361354, train_nll: 4.625853613889337, valid_nll: 4.925787415507769
[2021-09-24 21:26:00] epoch 212: train_loss: 0.07613741100560557, valid_loss: 0.08045185056063488, train_nll: 4.63765243324019, valid_nll: 4.93015163634313
[2021-09-24 21:26:34] epoch 213: train_loss: 0.07577813984012666, valid_loss: 0.09557585603312937, train_nll: 4.765758794559347, valid_nll: 5.702884531887455
[2021-09-24 21:27:08] epoch 214: train_loss: 0.07440009357703964, valid_loss: 0.0804172104219859, train_nll: 5.041109326829041, valid_nll: 4.87838697440911
[2021-09-24 21:27:42] epoch 215: train_loss: 0.07640351671689084, valid_loss: 0.07915084318944601, train_nll: 4.776615747970938, valid_nll: 4.912649059034603
[2021-09-24 21:28:15] epoch 216: train_loss: 0.07254334353517639, valid_loss: 0.08025951634603318, train_nll: 4.645486193239025, valid_nll: 5.156565385981577
[2021-09-24 21:28:49] epoch 217: train_loss: 0.07427351362092574, valid_loss: 0.08142001494163215, train_nll: 4.731956122652751, valid_nll: 5.120628091067476
[2021-09-24 21:29:23] epoch 218: train_loss: 0.07563201666808404, valid_loss: 0.0901638963494939, train_nll: 4.77500214662458, valid_nll: 5.9218791144864715
[2021-09-24 21:29:56] epoch 219: train_loss: 0.07586355768314125, valid_loss: 0.08780948629348793, train_nll: 5.3800795981243885, valid_nll: 5.380149327430615
[2021-09-24 21:30:30] epoch 220: train_loss: 0.07290146314396949, valid_loss: 0.08149689965119417, train_nll: 4.846257575407813, valid_nll: 5.364795159033637
[2021-09-24 21:31:03] epoch 221: train_loss: 0.07143886920824802, valid_loss: 0.08180876859614268, train_nll: 4.65924649148193, valid_nll: 4.796424526816396
[2021-09-24 21:31:37] epoch 222: train_loss: 0.07375494874054578, valid_loss: 0.08565356636965515, train_nll: 4.732425619144213, valid_nll: 5.62929177080337
[2021-09-24 21:32:11] epoch 223: train_loss: 0.07299277066001778, valid_loss: 0.07962142606736208, train_nll: 4.994550456335372, valid_nll: 4.922864451109395
[2021-09-24 21:32:44] epoch 224: train_loss: 0.07130550639036037, valid_loss: 0.0897924912660712, train_nll: 4.661503953694356, valid_nll: 4.982690400482264
[2021-09-24 21:33:18] epoch 225: train_loss: 0.07364982449312389, valid_loss: 0.08358781048181382, train_nll: 4.61170459620571, valid_nll: 5.12479560235592
[2021-09-24 21:33:52] epoch 226: train_loss: 0.0716623944701503, valid_loss: 0.08081913086341111, train_nll: 4.617733615310708, valid_nll: 5.0931499564575144
[2021-09-24 21:34:25] epoch 227: train_loss: 0.07155111028279774, valid_loss: 0.08157492233111024, train_nll: 4.6608087828097675, valid_nll: 4.814146425222656
[2021-09-24 21:34:59] epoch 228: train_loss: 0.07108520016176177, valid_loss: 0.0819253741523646, train_nll: 4.571629446461019, valid_nll: 4.97300346541476
[2021-09-24 21:35:33] epoch 229: train_loss: 0.07541400498335372, valid_loss: 0.08690479256664262, train_nll: 4.905748475280463, valid_nll: 6.0422092031803265
[2021-09-24 21:36:06] epoch 230: train_loss: 0.07405756816153829, valid_loss: 0.08612010294261079, train_nll: 4.830260397091446, valid_nll: 5.047507955322369
[2021-09-24 21:36:40] epoch 231: train_loss: 0.07239278795493881, valid_loss: 0.0822435956133172, train_nll: 4.670739569598537, valid_nll: 5.1839305300884835
[2021-09-24 21:37:13] epoch 232: train_loss: 0.07153629105916973, valid_loss: 0.08563446237075359, train_nll: 4.634552211139951, valid_nll: 4.929382157416707
[2021-09-24 21:37:47] epoch 233: train_loss: 0.07161014085280984, valid_loss: 0.08627839928558755, train_nll: 4.61783718804772, valid_nll: 4.970614067641507
[2021-09-24 21:38:20] epoch 234: train_loss: 0.07120212982074786, valid_loss: 0.08493692287940043, train_nll: 4.609831757040691, valid_nll: 4.908150682935328
[2021-09-24 21:38:54] epoch 235: train_loss: 0.0724027607070265, valid_loss: 0.08645289149511644, train_nll: 4.636949518171632, valid_nll: 5.013145353069547
[2021-09-24 21:39:27] epoch 236: train_loss: 0.07471304207753676, valid_loss: 0.08616193229887596, train_nll: 4.7780670481793175, valid_nll: 5.520555843264703
[2021-09-24 21:40:01] epoch 237: train_loss: 0.07336632598973471, valid_loss: 0.08483941311421192, train_nll: 4.696692411848984, valid_nll: 5.211019372480857
[2021-09-24 21:40:35] epoch 238: train_loss: 0.08022784747637449, valid_loss: 0.10949854286284083, train_nll: 4.899711957481558, valid_nll: 5.110651349163141
[2021-09-24 21:41:08] epoch 239: train_loss: 0.10726840365641645, valid_loss: 0.08271931710822339, train_nll: 5.100433964288301, valid_nll: 5.10172825021119
[2021-09-24 21:41:42] epoch 240: train_loss: 0.08230878664314203, valid_loss: 0.08549305555090835, train_nll: 4.7882494547851335, valid_nll: 4.950323647438448
[2021-09-24 21:42:16] epoch 241: train_loss: 0.07201036696432758, valid_loss: 0.08567757664878636, train_nll: 4.675976955500286, valid_nll: 4.78569767936938
[2021-09-24 21:42:49] epoch 242: train_loss: 0.07296588640317632, valid_loss: 0.08486751744269648, train_nll: 4.75298047928666, valid_nll: 5.032285889815413
[2021-09-24 21:43:23] epoch 243: train_loss: 0.072418188115866, valid_loss: 0.08138093304575769, train_nll: 4.62440209161632, valid_nll: 5.448583151977076
[2021-09-24 21:43:57] epoch 244: train_loss: 0.07190130760764517, valid_loss: 0.08015397475853638, train_nll: 4.622137238321811, valid_nll: 4.948882672503581
[2021-09-24 21:44:30] epoch 245: train_loss: 0.07271783608782945, valid_loss: 0.08195414894608537, train_nll: 4.6455801097755565, valid_nll: 5.20143281550696
[2021-09-24 21:45:13] epoch 246: train_loss: 0.07218415783766798, valid_loss: 0.08498370756084721, train_nll: 4.701517994041821, valid_nll: 5.30347183729406
[2021-09-24 21:45:52] epoch 247: train_loss: 0.07120463707225672, valid_loss: 0.09004332142825605, train_nll: 4.695359888464968, valid_nll: 4.889835844167466
[2021-09-24 21:46:26] epoch 248: train_loss: 0.07287832152528259, valid_loss: 0.08363863174577779, train_nll: 4.616735296281163, valid_nll: 4.959458266097592
[2021-09-24 21:46:59] epoch 249: train_loss: 0.07091115819013434, valid_loss: 0.08611694358834865, train_nll: 4.613359336526949, valid_nll: 5.102225606509499
[2021-09-24 21:47:33] epoch 250: train_loss: 0.07108944688099188, valid_loss: 0.0804892082138909, train_nll: 4.597916388943801, valid_nll: 4.966711396175645
[2021-09-24 21:48:06] epoch 251: train_loss: 0.07216299619802517, valid_loss: 0.08226335744580461, train_nll: 4.772013413427504, valid_nll: 5.182640520308697
[2021-09-24 21:48:40] epoch 252: train_loss: 0.08530636598031865, valid_loss: 0.08470673816316206, train_nll: 5.0237987585493595, valid_nll: 5.842137293786059
[2021-09-24 21:49:13] epoch 253: train_loss: 0.09229261485794182, valid_loss: 0.08609190881675617, train_nll: 4.874165933611167, valid_nll: 6.895307468908436
[2021-09-24 21:49:47] epoch 254: train_loss: 0.07602270999121949, valid_loss: 0.08146513813184668, train_nll: 5.044990228242873, valid_nll: 5.32769382807976
[2021-09-24 21:50:21] epoch 255: train_loss: 0.07401548033565614, valid_loss: 0.08168576722682426, train_nll: 4.828773174865596, valid_nll: 4.933060673501286
[2021-09-24 21:50:55] epoch 256: train_loss: 0.07161983590441934, valid_loss: 0.08174074039973243, train_nll: 4.693393807847994, valid_nll: 4.99402901533436
[2021-09-24 21:51:28] epoch 257: train_loss: 0.07177566777249358, valid_loss: 0.08186210636896166, train_nll: 4.663755147707773, valid_nll: 5.388476988643242
[2021-09-24 21:52:02] epoch 258: train_loss: 0.07154103219897681, valid_loss: 0.08243148595640304, train_nll: 4.602904407328936, valid_nll: 5.097954390717061
[2021-09-24 21:52:36] epoch 259: train_loss: 0.07192246040154486, valid_loss: 0.08119711794918685, train_nll: 4.642003509024056, valid_nll: 4.974850063369152
[2021-09-24 21:53:10] epoch 260: train_loss: 0.07433537563680631, valid_loss: 0.08769017312854453, train_nll: 4.702313326685361, valid_nll: 4.911594251010794
[2021-09-24 21:53:43] epoch 261: train_loss: 0.07239845308209278, valid_loss: 0.08728519108409834, train_nll: 4.698522356725716, valid_nll: 5.046495082511719
[2021-09-24 21:54:17] epoch 262: train_loss: 0.07676399845904348, valid_loss: 0.0827385508831628, train_nll: 4.813054259368864, valid_nll: 4.954935317671355
[2021-09-24 21:54:51] epoch 263: train_loss: 0.07231947677052122, valid_loss: 0.08205100047787783, train_nll: 4.620026918054689, valid_nll: 5.161697147582608
[2021-09-24 21:55:24] epoch 264: train_loss: 0.07107632246592131, valid_loss: 0.08126223528513102, train_nll: 4.663257622680145, valid_nll: 5.0437887643187596
[2021-09-24 21:55:58] epoch 265: train_loss: 0.07096387897806322, valid_loss: 0.0820301642495612, train_nll: 4.59813196766757, valid_nll: 4.86229150878598
[2021-09-24 21:56:31] epoch 266: train_loss: 0.07153391111654264, valid_loss: 0.08272540508628343, train_nll: 4.650435018201213, valid_nll: 5.2729456256619365
[2021-09-24 21:57:05] epoch 267: train_loss: 0.07403852950813154, valid_loss: 0.10000287114896557, train_nll: 4.910722611235185, valid_nll: 4.882684903362131
[2021-09-24 21:57:39] epoch 268: train_loss: 0.07675438576148437, valid_loss: 0.08171708904197346, train_nll: 4.853618697379989, valid_nll: 4.915137888842258
[2021-09-24 21:58:13] epoch 269: train_loss: 0.0911098458061075, valid_loss: 0.08029583994195694, train_nll: 4.640487367411471, valid_nll: 5.002853055514088
[2021-09-24 21:58:47] epoch 270: train_loss: 0.07167486154754808, valid_loss: 0.08068098946982487, train_nll: 4.644008718817049, valid_nll: 4.983787956304341
[2021-09-24 21:59:21] epoch 271: train_loss: 0.07110651878086362, valid_loss: 0.08797597792940308, train_nll: 4.614973492860978, valid_nll: 5.14542568984313
[2021-09-24 21:59:54] epoch 272: train_loss: 0.07139717446423999, valid_loss: 0.08190262467233521, train_nll: 4.630596853462835, valid_nll: 4.888984397537483
[2021-09-24 22:00:28] epoch 273: train_loss: 0.07121723531800014, valid_loss: 0.08374377884525767, train_nll: 4.605314183283839, valid_nll: 5.004577018907354
[2021-09-24 22:01:02] epoch 274: train_loss: 0.07179550704821905, valid_loss: 0.08142025803093507, train_nll: 4.626697537560274, valid_nll: 5.145623960825975
[2021-09-24 22:01:35] epoch 275: train_loss: 0.07233920805471933, valid_loss: 0.08248555084285938, train_nll: 4.618252602638126, valid_nll: 5.487956709924448
[2021-09-24 22:02:09] epoch 276: train_loss: 0.0711060104766591, valid_loss: 0.08192690917657632, train_nll: 4.641114198716458, valid_nll: 5.389970913244717
[2021-09-24 22:02:43] epoch 277: train_loss: 0.07230438361602509, valid_loss: 0.08352696200164807, train_nll: 4.85914504945906, valid_nll: 5.583890400200405
[2021-09-24 22:03:16] epoch 278: train_loss: 0.07628913267334678, valid_loss: 0.08202528759291527, train_nll: 4.798857985850882, valid_nll: 4.999649609557308
[2021-09-24 22:03:50] epoch 279: train_loss: 0.07271193730616954, valid_loss: 0.08452187993356751, train_nll: 4.630921716616398, valid_nll: 5.030371378866253
[2021-09-24 22:04:24] epoch 280: train_loss: 0.07247108233560756, valid_loss: 0.08245942313835551, train_nll: 4.700861097961711, valid_nll: 5.270071292364131
[2021-09-24 22:04:58] epoch 281: train_loss: 0.07152335060459247, valid_loss: 0.08954836257658146, train_nll: 4.646752764360787, valid_nll: 4.795777430056829
[2021-09-24 22:05:31] epoch 282: train_loss: 0.07187369812857919, valid_loss: 0.08669753098446462, train_nll: 4.629420731795223, valid_nll: 5.369942707260491
[2021-09-24 22:06:05] epoch 283: train_loss: 0.07115730366061261, valid_loss: 0.09038795430373137, train_nll: 4.622088451957874, valid_nll: 4.952064655858032
[2021-09-24 22:06:39] epoch 284: train_loss: 0.07432318723917182, valid_loss: 0.09205029778314208, train_nll: 5.025476809471096, valid_nll: 5.122743921586811
[2021-09-24 22:07:12] epoch 285: train_loss: 0.07612825772388701, valid_loss: 0.08788670015737715, train_nll: 5.12660067891696, valid_nll: 5.312873286038507
[2021-09-24 22:07:46] epoch 286: train_loss: 0.07612018680413687, valid_loss: 0.08799895803876823, train_nll: 4.890433318671808, valid_nll: 5.898269385831081
[2021-09-24 22:08:20] epoch 287: train_loss: 0.07390521636300731, valid_loss: 0.08921932951180321, train_nll: 5.028577143551816, valid_nll: 6.077125390575831
[2021-09-24 22:08:53] epoch 288: train_loss: 0.07236694781027123, valid_loss: 0.0930362005642794, train_nll: 4.85526140328352, valid_nll: 5.275233438826643
[2021-09-24 22:09:27] epoch 289: train_loss: 0.07155232769625341, valid_loss: 0.09170277653770013, train_nll: 4.659915856855551, valid_nll: 5.862210732772918
[2021-09-24 22:10:01] epoch 290: train_loss: 0.07169461619434332, valid_loss: 0.08979672536893625, train_nll: 4.848516877580104, valid_nll: 4.99011620254232
[2021-09-24 22:10:34] epoch 291: train_loss: 0.07124782769517024, valid_loss: 0.08707161740437526, train_nll: 4.626172639841015, valid_nll: 5.062634368000093
[2021-09-24 22:11:08] epoch 292: train_loss: 0.07518975267179476, valid_loss: 0.08794449379366606, train_nll: 4.627369887354554, valid_nll: 5.817874420376804
[2021-09-24 22:11:42] epoch 293: train_loss: 0.07126929228906817, valid_loss: 0.0864731450917933, train_nll: 4.631537684157711, valid_nll: 5.315906867189418
[2021-09-24 22:12:15] epoch 294: train_loss: 0.07539677721991009, valid_loss: 0.08745731728979284, train_nll: 4.612788876111935, valid_nll: 5.0162998632131055
[2021-09-24 22:12:49] epoch 295: train_loss: 0.07362363607874031, valid_loss: 0.08792862477900479, train_nll: 4.69488759736872, valid_nll: 5.311920235701331
[2021-09-24 22:13:23] epoch 296: train_loss: 0.0747591015680012, valid_loss: 0.08994317774406889, train_nll: 4.696460532067505, valid_nll: 5.4077554350245425
[2021-09-24 22:13:56] epoch 297: train_loss: 0.07470388043334288, valid_loss: 0.08539762194362478, train_nll: 4.6454347535522, valid_nll: 5.053857149743661
[2021-09-24 22:14:30] epoch 298: train_loss: 0.07318205241055617, valid_loss: 0.09110468757724521, train_nll: 4.637007178020947, valid_nll: 5.279192791823446
[2021-09-24 22:15:04] epoch 299: train_loss: 0.0728011941209416, valid_loss: 0.08755219026910838, train_nll: 4.637102284500176, valid_nll: 5.094232483161198
[2021-09-24 22:15:37] epoch 300: train_loss: 0.0710354117249203, valid_loss: 0.08851205728327234, train_nll: 4.623212056002629, valid_nll: 4.978913944492234
[2021-09-24 22:16:11] epoch 301: train_loss: 0.07128863784544064, valid_loss: 0.08589940991563101, train_nll: 4.614841038686191, valid_nll: 5.116470617171793
[2021-09-24 22:16:45] epoch 302: train_loss: 0.07474740404718236, valid_loss: 0.08831891391868468, train_nll: 4.607837860814666, valid_nll: 4.899010906722378
[2021-09-24 22:17:19] epoch 303: train_loss: 0.07095999609147147, valid_loss: 0.09045497684109241, train_nll: 4.615000593977778, valid_nll: 5.31120107548149
[2021-09-24 22:17:52] epoch 304: train_loss: 0.07088221377672474, valid_loss: 0.08636618004124047, train_nll: 4.573899193694188, valid_nll: 4.783634169018835
[2021-09-24 22:18:26] epoch 305: train_loss: 0.07089097608509808, valid_loss: 0.08989447068347774, train_nll: 4.599470849941357, valid_nll: 4.887798145337527
[2021-09-24 22:19:00] epoch 306: train_loss: 0.07124829255627296, valid_loss: 0.08992212079230207, train_nll: 4.587843749713763, valid_nll: 5.072638807321505
[2021-09-24 22:19:33] epoch 307: train_loss: 0.07100044805896523, valid_loss: 0.09157231260053438, train_nll: 4.600594941607455, valid_nll: 5.196552360526336
[2021-09-24 22:20:07] epoch 308: train_loss: 0.07151997981063604, valid_loss: 0.08687427847627362, train_nll: 4.631190102248119, valid_nll: 5.1335559019184265
[2021-09-24 22:20:41] epoch 309: train_loss: 0.07168467347953357, valid_loss: 0.08982997993948032, train_nll: 4.709056739885002, valid_nll: 4.966803335914567
[2021-09-24 22:21:15] epoch 310: train_loss: 0.07169630417826123, valid_loss: 0.08938607510480315, train_nll: 4.604299161747736, valid_nll: 5.382524155697334
[2021-09-24 22:21:48] epoch 311: train_loss: 0.07205659259933944, valid_loss: 0.09981553445833576, train_nll: 4.7008095116219355, valid_nll: 4.8075661344424185
[2021-09-24 22:22:22] epoch 312: train_loss: 0.07422792607969379, valid_loss: 0.0882730361572796, train_nll: 4.642552784014097, valid_nll: 4.96940733217227
[2021-09-24 22:22:56] epoch 313: train_loss: 0.07241407450958795, valid_loss: 0.09076651657997357, train_nll: 4.68382697212221, valid_nll: 5.621606223930534
[2021-09-24 22:23:30] epoch 314: train_loss: 0.07612196303056516, valid_loss: 0.09584489671720399, train_nll: 4.9479068911347905, valid_nll: 5.161623043921797
[2021-09-24 22:24:03] epoch 315: train_loss: 0.07329810905237494, valid_loss: 0.09128201035359366, train_nll: 4.711488445092208, valid_nll: 5.307493857596721
[2021-09-24 22:24:36] epoch 316: train_loss: 0.07125745839870389, valid_loss: 0.09127543956709254, train_nll: 4.613548292887038, valid_nll: 5.020205705108073
[2021-09-24 22:25:10] epoch 317: train_loss: 0.07099206674591464, valid_loss: 0.08767730236580276, train_nll: 4.607829638539607, valid_nll: 5.2244273311020875
[2021-09-24 22:25:44] epoch 318: train_loss: 0.08383579021307605, valid_loss: 0.09207426356810211, train_nll: 4.734322570610535, valid_nll: 4.933304485121023
[2021-09-24 22:26:17] epoch 319: train_loss: 0.0723295138117941, valid_loss: 0.08563510542547312, train_nll: 4.715999770851347, valid_nll: 5.0218731994360555
[2021-09-24 22:26:51] epoch 320: train_loss: 0.07204530413858738, valid_loss: 0.08861308694450241, train_nll: 4.759321608599491, valid_nll: 5.227808457755098
[2021-09-24 22:27:24] epoch 321: train_loss: 0.07221638040636537, valid_loss: 0.08429419256822028, train_nll: 4.710328599295206, valid_nll: 4.950930594085932
[2021-09-24 22:27:58] epoch 322: train_loss: 0.07133301621730374, valid_loss: 0.0854561515693374, train_nll: 4.885593634531056, valid_nll: 4.99296847658099
[2021-09-24 22:28:31] epoch 323: train_loss: 0.07135508476660588, valid_loss: 0.08700413207495303, train_nll: 4.619383883096571, valid_nll: 5.048351667055394
[2021-09-24 22:29:05] epoch 324: train_loss: 0.07147080746553401, valid_loss: 0.08606718325131395, train_nll: 4.611187566675929, valid_nll: 5.038279161030291
[2021-09-24 22:29:39] epoch 325: train_loss: 0.0725967125412237, valid_loss: 0.08693403328740687, train_nll: 4.639529908716574, valid_nll: 5.423619181932609
[2021-09-24 22:30:12] epoch 326: train_loss: 0.07256700267415431, valid_loss: 0.09250542165175306, train_nll: 4.604824147068278, valid_nll: 5.245029482844941
[2021-09-24 22:30:46] epoch 327: train_loss: 0.07119879457611479, valid_loss: 0.08888228422247174, train_nll: 4.608581997903717, valid_nll: 5.156238216839632
[2021-09-24 22:31:20] epoch 328: train_loss: 0.07176379565783379, valid_loss: 0.08854196033901487, train_nll: 4.85499151258984, valid_nll: 4.951159019934966
[2021-09-24 22:31:53] epoch 329: train_loss: 0.07215538449558724, valid_loss: 0.09232873832007324, train_nll: 4.654315831579887, valid_nll: 4.940860764035224
[2021-09-24 22:32:27] epoch 330: train_loss: 0.07405925707070757, valid_loss: 0.08909124658781696, train_nll: 4.791239449181132, valid_nll: 5.400468647129181
[2021-09-24 22:33:00] epoch 331: train_loss: 0.07814453603308819, valid_loss: 0.08806106698407669, train_nll: 4.735704578352329, valid_nll: 5.47857171376961
[2021-09-24 22:33:34] epoch 332: train_loss: 0.07657966778202, valid_loss: 0.08426101598653453, train_nll: 5.959885540587953, valid_nll: 5.597957651174907
[2021-09-24 22:34:08] epoch 333: train_loss: 0.07198206176604915, valid_loss: 0.08676044089305732, train_nll: 4.8511962232708346, valid_nll: 5.210478632448108
[2021-09-24 22:34:41] epoch 334: train_loss: 0.07338069575550969, valid_loss: 0.09532095685441311, train_nll: 4.918723601020531, valid_nll: 4.926369673883829
[2021-09-24 22:35:15] epoch 335: train_loss: 0.07376672457138651, valid_loss: 0.08865540002171665, train_nll: 5.091751016009851, valid_nll: 5.059233686066334
[2021-09-24 22:35:48] epoch 336: train_loss: 0.07281673820980739, valid_loss: 0.08802351661289883, train_nll: 5.080659369630245, valid_nll: 5.1431285585417
[2021-09-24 22:36:22] epoch 337: train_loss: 0.07394579923960637, valid_loss: 0.08838708825983257, train_nll: 4.80131217543271, valid_nll: 5.26253031709105
[2021-09-24 22:36:55] epoch 338: train_loss: 0.07384309433874185, valid_loss: 0.0869837834692626, train_nll: 4.85144086830359, valid_nll: 5.169657287138856
[2021-09-24 22:37:29] epoch 339: train_loss: 0.07323832450024152, valid_loss: 0.08661953749304468, train_nll: 4.757935105469163, valid_nll: 5.440087708738814
[2021-09-24 22:38:02] epoch 340: train_loss: 0.07465510944091512, valid_loss: 0.09341372503202898, train_nll: 4.848968254242722, valid_nll: 4.981265651604358
[2021-09-24 22:38:36] epoch 341: train_loss: 0.07354818436595206, valid_loss: 0.09255078263731316, train_nll: 4.922689286896968, valid_nll: 5.052085736714705
[2021-09-24 22:39:10] epoch 342: train_loss: 0.07302433003658111, valid_loss: 0.08695314614092838, train_nll: 4.8959971706088306, valid_nll: 5.075889618349723
[2021-09-24 22:39:43] epoch 343: train_loss: 0.07759193208668444, valid_loss: 0.0844768775330687, train_nll: 4.81662396840787, valid_nll: 5.181973599156035
[2021-09-24 22:40:17] epoch 344: train_loss: 0.07219533292173543, valid_loss: 0.08658905102720842, train_nll: 4.723352035320396, valid_nll: 5.374465290323705
[2021-09-24 22:40:51] epoch 345: train_loss: 0.07272957732434708, valid_loss: 0.088301945814035, train_nll: 4.849843934069446, valid_nll: 5.351967079248839
[2021-09-24 22:41:24] epoch 346: train_loss: 0.07285928013801303, valid_loss: 0.08561940512130733, train_nll: 4.804253682302561, valid_nll: 5.486689829468932
[2021-09-24 22:41:58] epoch 347: train_loss: 0.07193201161906454, valid_loss: 0.09075221339842737, train_nll: 4.673802962193935, valid_nll: 4.960170054348826
[2021-09-24 22:42:31] epoch 348: train_loss: 0.07268383864354648, valid_loss: 0.08537420397154008, train_nll: 4.717868044347821, valid_nll: 4.989656594742113
[2021-09-24 22:43:05] epoch 349: train_loss: 0.07244516733421846, valid_loss: 0.08487377759078611, train_nll: 4.6751971730778275, valid_nll: 4.840347592208836
[2021-09-24 22:43:38] epoch 350: train_loss: 0.07294560424531804, valid_loss: 0.08598340103271032, train_nll: 4.804092468133412, valid_nll: 5.193965441216199
[2021-09-24 22:44:12] epoch 351: train_loss: 0.07359007063092278, valid_loss: 0.08797178227416795, train_nll: 4.883924034943356, valid_nll: 4.972626995096571
[2021-09-24 22:44:45] epoch 352: train_loss: 0.07301681892244531, valid_loss: 0.08897783708372953, train_nll: 4.836920982788295, valid_nll: 5.800079072478889
[2021-09-24 22:45:19] epoch 353: train_loss: 0.07619446536254094, valid_loss: 0.09225468144686234, train_nll: 5.184821549363922, valid_nll: 5.3736580115546655
[2021-09-24 22:45:53] epoch 354: train_loss: 0.07528432787516223, valid_loss: 0.08511303952951549, train_nll: 4.748276602249488, valid_nll: 5.540379664914386
[2021-09-24 22:46:26] epoch 355: train_loss: 0.07298305217659944, valid_loss: 0.09117081853316514, train_nll: 4.818863608350063, valid_nll: 5.061871765667802
[2021-09-24 22:47:00] epoch 356: train_loss: 0.074255430769185, valid_loss: 0.08936727194190779, train_nll: 4.8406965780847555, valid_nll: 5.731802043205764
[2021-09-24 22:47:34] epoch 357: train_loss: 0.0774876242867796, valid_loss: 0.0871758945756639, train_nll: 4.895175012545117, valid_nll: 5.335292394206503
[2021-09-24 22:48:17] epoch 358: train_loss: 0.07375960047217146, valid_loss: 0.0918085328068095, train_nll: 4.6801965302768735, valid_nll: 5.345117891780103
[2021-09-24 22:48:54] epoch 359: train_loss: 0.0801598769570112, valid_loss: 0.09337252976767944, train_nll: 4.941025901731462, valid_nll: 5.519968373122821
[2021-09-24 22:49:28] epoch 360: train_loss: 0.07971331642726934, valid_loss: 0.09548307104374874, train_nll: 4.9283899042105705, valid_nll: 5.843118298912132
[2021-09-24 22:50:01] epoch 361: train_loss: 0.07485454564554692, valid_loss: 0.08698268881951919, train_nll: 4.814664973310152, valid_nll: 5.460131888007006
[2021-09-24 22:50:35] epoch 362: train_loss: 0.07314788592029776, valid_loss: 0.09150683982627034, train_nll: 4.812927805539844, valid_nll: 5.572223945697858
[2021-09-24 22:51:08] epoch 363: train_loss: 0.07346313779219266, valid_loss: 0.08980124126743487, train_nll: 4.856028868241977, valid_nll: 5.629919431094154
[2021-09-24 22:51:42] epoch 364: train_loss: 0.07172178972216209, valid_loss: 0.0939047362377886, train_nll: 4.822082821020903, valid_nll: 5.238192260163061
[2021-09-24 22:52:16] epoch 365: train_loss: 0.0725560254493857, valid_loss: 0.09096362512332923, train_nll: 4.849961108801299, valid_nll: 4.9891276113588665
[2021-09-24 22:52:49] epoch 366: train_loss: 0.07375232843048336, valid_loss: 0.09092797502884735, train_nll: 4.6651502410153665, valid_nll: 5.32640301117935
[2021-09-24 22:53:23] epoch 367: train_loss: 0.07272346018943474, valid_loss: 0.08580771023454616, train_nll: 4.708885443317036, valid_nll: 5.551346509392082
[2021-09-24 22:53:56] epoch 368: train_loss: 0.07394233891786582, valid_loss: 0.09050372154969308, train_nll: 4.637132621366288, valid_nll: 5.4275407342752375
[2021-09-24 22:54:30] epoch 369: train_loss: 0.07181310485028498, valid_loss: 0.08885315374348952, train_nll: 4.698043458279848, valid_nll: 6.103258734000837
[2021-09-24 22:55:03] epoch 370: train_loss: 0.0726701074669616, valid_loss: 0.08822005514920962, train_nll: 4.810387279515278, valid_nll: 5.623925937674933
[2021-09-24 22:55:37] epoch 371: train_loss: 0.07316335533336388, valid_loss: 0.0885554509957067, train_nll: 4.985731095348356, valid_nll: 5.358527614997066
[2021-09-24 22:56:11] epoch 372: train_loss: 0.07362297293517588, valid_loss: 0.0956234300739574, train_nll: 4.932410263533308, valid_nll: 5.297733425588523
[2021-09-24 22:56:44] epoch 373: train_loss: 0.0729208858671563, valid_loss: 0.08977210428800923, train_nll: 4.71195732854673, valid_nll: 5.995932777750292
[2021-09-24 22:57:18] epoch 374: train_loss: 0.07246581821385503, valid_loss: 0.0876475131760041, train_nll: 4.682213077963667, valid_nll: 6.653935512683557
[2021-09-24 22:57:52] epoch 375: train_loss: 0.07272551858838953, valid_loss: 0.08562704413715336, train_nll: 4.680209136607054, valid_nll: 5.1632044818131595
[2021-09-24 22:58:25] epoch 376: train_loss: 0.07327814388175093, valid_loss: 0.09462794358606892, train_nll: 4.662485557949196, valid_nll: 5.185686953765346
[2021-09-24 22:58:59] epoch 377: train_loss: 0.07217623684810283, valid_loss: 0.09578299662568654, train_nll: 4.691934795996151, valid_nll: 5.1699745925612675
[2021-09-24 22:59:32] epoch 378: train_loss: 0.08245312306614692, valid_loss: 0.09535494986968586, train_nll: 5.080914399800726, valid_nll: 5.2514472240871255
[2021-09-24 23:00:06] epoch 379: train_loss: 0.07342459839942345, valid_loss: 0.09000277304034116, train_nll: 4.989350558012211, valid_nll: 5.765357740871491
[2021-09-24 23:00:40] epoch 380: train_loss: 0.07270228802475404, valid_loss: 0.09108220339479922, train_nll: 5.06257915468587, valid_nll: 5.368324508752476
[2021-09-24 23:01:13] epoch 381: train_loss: 0.07249941545413538, valid_loss: 0.08987448599913882, train_nll: 4.644709970755337, valid_nll: 5.294852310053629
[2021-09-24 23:01:47] epoch 382: train_loss: 0.07130578137822498, valid_loss: 0.08974693816700818, train_nll: 4.806959641941325, valid_nll: 4.991384675218834
[2021-09-24 23:02:20] epoch 383: train_loss: 0.0762824263099479, valid_loss: 0.08795407927369303, train_nll: 4.643678425330127, valid_nll: 5.2723156326313205
[2021-09-24 23:02:54] epoch 384: train_loss: 0.07208285813925319, valid_loss: 0.08878475378944793, train_nll: 4.621627408068405, valid_nll: 5.197400775449379
[2021-09-24 23:03:28] epoch 385: train_loss: 0.07479477332020967, valid_loss: 0.08668221719092642, train_nll: 4.619499476464591, valid_nll: 5.131306739919773
[2021-09-24 23:04:01] epoch 386: train_loss: 0.07122637330575068, valid_loss: 0.08942265404774008, train_nll: 4.607169093670184, valid_nll: 5.099036302260436
[2021-09-24 23:04:35] epoch 387: train_loss: 0.07742531555055154, valid_loss: 0.08543049182620539, train_nll: 4.622028295178334, valid_nll: 4.965842618851231
[2021-09-24 23:05:08] epoch 388: train_loss: 0.08276717556638077, valid_loss: 0.0962448175902469, train_nll: 4.7281331466486805, valid_nll: 4.881146424760826
[2021-09-24 23:05:42] epoch 389: train_loss: 0.07159308155918448, valid_loss: 0.08838487902627976, train_nll: 4.720209992319713, valid_nll: 5.262386065785845
[2021-09-24 23:06:16] epoch 390: train_loss: 0.07393760994414288, valid_loss: 0.09191316300344587, train_nll: 4.7668014443833995, valid_nll: 5.415928456946519
[2021-09-24 23:06:49] epoch 391: train_loss: 0.07321509888342241, valid_loss: 0.09300407465791913, train_nll: 4.823185559857959, valid_nll: 5.176478835243901
[2021-09-24 23:07:23] epoch 392: train_loss: 0.07106352628984597, valid_loss: 0.08964576275849884, train_nll: 4.681866300369341, valid_nll: 4.956905012233399
[2021-09-24 23:07:56] epoch 393: train_loss: 0.07218587711074595, valid_loss: 0.08741118244807979, train_nll: 4.620815356745301, valid_nll: 5.115751789203443
[2021-09-24 23:08:30] epoch 394: train_loss: 0.07344085843796505, valid_loss: 0.09283237115273045, train_nll: 4.662707645129372, valid_nll: 5.303413856406039
[2021-09-24 23:09:04] epoch 395: train_loss: 0.07113098281325173, valid_loss: 0.08951241957879803, train_nll: 4.63030434704684, valid_nll: 4.852589841846411
[2021-09-24 23:09:37] epoch 396: train_loss: 0.07187759578519415, valid_loss: 0.08611394206739285, train_nll: 4.63821228499039, valid_nll: 5.159501056443095
[2021-09-24 23:10:11] epoch 397: train_loss: 0.07125862843977504, valid_loss: 0.08517552867315409, train_nll: 4.61313400914278, valid_nll: 4.823967662716435
[2021-09-24 23:10:44] epoch 398: train_loss: 0.07107017407281205, valid_loss: 0.0891930146537947, train_nll: 4.59609103902955, valid_nll: 5.095536894401089
[2021-09-24 23:11:18] epoch 399: train_loss: 0.071063136352248, valid_loss: 0.08821736610814403, train_nll: 4.601675013981448, valid_nll: 5.930625532039545
[2021-09-24 23:11:52] epoch 400: train_loss: 0.07597611687234766, valid_loss: 0.08780311634105564, train_nll: 4.687940566860078, valid_nll: 5.463056081156988
[2021-09-24 23:12:25] epoch 401: train_loss: 0.07092403604453515, valid_loss: 0.08559506601710437, train_nll: 4.610537312049386, valid_nll: 4.960512837254925
[2021-09-24 23:12:59] epoch 402: train_loss: 0.07087773611378095, valid_loss: 0.09002674558679714, train_nll: 4.608931336746261, valid_nll: 4.949192054314947
[2021-09-24 23:13:33] epoch 403: train_loss: 0.0720120832989432, valid_loss: 0.08735444460233505, train_nll: 4.897821952272351, valid_nll: 5.268423701474909
[2021-09-24 23:14:06] epoch 404: train_loss: 0.07260908507177366, valid_loss: 0.08709528784248789, train_nll: 4.633974664524947, valid_nll: 4.9473907249093925
[2021-09-24 23:14:40] epoch 405: train_loss: 0.07528194528366919, valid_loss: 0.10423535899249743, train_nll: 4.69859281380577, valid_nll: 5.8928135855886
[2021-09-24 23:15:14] epoch 406: train_loss: 0.08229556327170875, valid_loss: 0.08682601558364401, train_nll: 5.0833364403282175, valid_nll: 5.562434222861301
[2021-09-24 23:15:47] epoch 407: train_loss: 0.07338224971579507, valid_loss: 0.09073153971647373, train_nll: 4.889060466451807, valid_nll: 5.278833330768957
[2021-09-24 23:16:21] epoch 408: train_loss: 0.07221777260429778, valid_loss: 0.08845832012123381, train_nll: 4.91234333355499, valid_nll: 5.655909601989804
[2021-09-24 23:16:55] epoch 409: train_loss: 0.07403922885853063, valid_loss: 0.08828273765517003, train_nll: 5.251096627711441, valid_nll: 5.7633199390820025
[2021-09-24 23:17:28] epoch 410: train_loss: 0.07944144498231435, valid_loss: 0.0898307208324585, train_nll: 4.976947640632197, valid_nll: 5.984837950495843
[2021-09-24 23:18:02] epoch 411: train_loss: 0.07352124876737343, valid_loss: 0.08897697927449087, train_nll: 4.841511638387249, valid_nll: 5.031315092833722
[2021-09-24 23:18:35] epoch 412: train_loss: 0.07452598656861614, valid_loss: 0.10782473788813057, train_nll: 4.71203418705485, valid_nll: 5.521645819738272
[2021-09-24 23:19:09] epoch 413: train_loss: 0.07195158522743658, valid_loss: 0.0922058739045616, train_nll: 4.658087246356477, valid_nll: 5.266880841222523
[2021-09-24 23:19:42] epoch 414: train_loss: 0.07122773013710296, valid_loss: 0.08628298772141488, train_nll: 4.624305525979685, valid_nll: 5.590469945538361
[2021-09-24 23:20:16] epoch 415: train_loss: 0.08481011319070123, valid_loss: 0.09434834422750606, train_nll: 4.626101891011019, valid_nll: 6.146531917856554
[2021-09-24 23:20:50] epoch 416: train_loss: 0.09313232525381729, valid_loss: 0.08971622674914095, train_nll: 4.9652236478817615, valid_nll: 5.995992897578301
[2021-09-24 23:21:23] epoch 417: train_loss: 0.07408841187984354, valid_loss: 0.08724926916336773, train_nll: 4.717850411564317, valid_nll: 5.434346505547249
[2021-09-24 23:21:57] epoch 418: train_loss: 0.07101429591618352, valid_loss: 0.08953760219314559, train_nll: 4.612643259164325, valid_nll: 4.944296921566067
[2021-09-24 23:22:30] epoch 419: train_loss: 0.07375295617043331, valid_loss: 0.08552155571265353, train_nll: 4.640661473219969, valid_nll: 5.038075018972604
[2021-09-24 23:23:04] epoch 420: train_loss: 0.07428084101195227, valid_loss: 0.08589848607185889, train_nll: 4.646707182638186, valid_nll: 5.1446441366778455
[2021-09-24 23:23:38] epoch 421: train_loss: 0.07213268235551662, valid_loss: 0.08438917557059815, train_nll: 4.647249498182857, valid_nll: 4.878436970278262
[2021-09-24 23:24:11] epoch 422: train_loss: 0.07345237214399947, valid_loss: 0.08641900122636045, train_nll: 4.748788766693191, valid_nll: 5.4847140259917015
[2021-09-24 23:24:45] epoch 423: train_loss: 0.0779217672594999, valid_loss: 0.08574822371486913, train_nll: 4.636210578474545, valid_nll: 5.3863648583375126
[2021-09-24 23:25:19] epoch 424: train_loss: 0.07152634852467471, valid_loss: 0.08579239294149282, train_nll: 4.687551829858705, valid_nll: 5.094257702840236
[2021-09-24 23:25:52] epoch 425: train_loss: 0.08510364912149182, valid_loss: 0.08455950924138905, train_nll: 4.874911439121978, valid_nll: 5.08227096395955
[2021-09-24 23:26:26] epoch 426: train_loss: 0.0721188938188108, valid_loss: 0.08624099680184942, train_nll: 4.732539316661246, valid_nll: 4.951199463073279
[2021-09-24 23:26:59] epoch 427: train_loss: 0.09070560887681789, valid_loss: 0.08629313732657318, train_nll: 4.784489271102162, valid_nll: 5.110782211344613
[2021-09-24 23:27:33] epoch 428: train_loss: 0.0894600646515684, valid_loss: 0.09469167897571819, train_nll: 4.668513653348935, valid_nll: 5.056792240969799
[2021-09-24 23:28:06] epoch 429: train_loss: 0.08595274172533872, valid_loss: 0.08508460873954299, train_nll: 4.8741232408196735, valid_nll: 5.415093287772114
[2021-09-24 23:28:40] epoch 430: train_loss: 0.07380139362916953, valid_loss: 0.08838271236310553, train_nll: 4.764336185542732, valid_nll: 5.070469603665049
[2021-09-24 23:29:14] epoch 431: train_loss: 0.07239791415534631, valid_loss: 0.08641874471519406, train_nll: 4.628183717771815, valid_nll: 4.812321543022317
[2021-09-24 23:29:48] epoch 432: train_loss: 0.07111451721651846, valid_loss: 0.08537693578288938, train_nll: 4.629398772863735, valid_nll: 4.915808058387615
[2021-09-24 23:30:21] epoch 433: train_loss: 0.07371719811667811, valid_loss: 0.08898943939688381, train_nll: 4.976895495788881, valid_nll: 5.094570308427065
[2021-09-24 23:30:55] epoch 434: train_loss: 0.07269092618561844, valid_loss: 0.08579920127874974, train_nll: 4.647652632368035, valid_nll: 5.099624338436369
[2021-09-24 23:31:28] epoch 435: train_loss: 0.07128592127887957, valid_loss: 0.08700103724535291, train_nll: 4.670411215559399, valid_nll: 5.053892763575977
[2021-09-24 23:32:02] epoch 436: train_loss: 0.0711734778486979, valid_loss: 0.09039859057902688, train_nll: 4.643068996799634, valid_nll: 5.283815788905196
[2021-09-24 23:32:36] epoch 437: train_loss: 0.07195348339155316, valid_loss: 0.08821266765630982, train_nll: 4.620364092972054, valid_nll: 4.9290391396459725
[2021-09-24 23:33:09] epoch 438: train_loss: 0.07281135171809691, valid_loss: 0.09216405848991314, train_nll: 4.812791175756184, valid_nll: 5.2556074131824655
[2021-09-24 23:33:43] epoch 439: train_loss: 0.07161586839254008, valid_loss: 0.09090406106164058, train_nll: 4.674545244620051, valid_nll: 5.319801104628899
[2021-09-24 23:34:16] epoch 440: train_loss: 0.07257231214111659, valid_loss: 0.09015540784281312, train_nll: 4.607426435091776, valid_nll: 4.862231067473139
[2021-09-24 23:34:50] epoch 441: train_loss: 0.07131852125906843, valid_loss: 0.09069347102900571, train_nll: 4.626658673918518, valid_nll: 5.656413354981459
[2021-09-24 23:35:23] epoch 442: train_loss: 0.07160437365355167, valid_loss: 0.09389629626571379, train_nll: 4.948161680273634, valid_nll: 5.1472076314733295
[2021-09-24 23:35:57] epoch 443: train_loss: 0.07154785181581488, valid_loss: 0.09265430848528114, train_nll: 4.655085844908752, valid_nll: 5.226299406486063
[2021-09-24 23:36:31] epoch 444: train_loss: 0.07422136428439322, valid_loss: 0.09120552226280172, train_nll: 4.718138007906051, valid_nll: 5.467824427580748
[2021-09-24 23:37:04] epoch 445: train_loss: 0.07485047593710378, valid_loss: 0.09190274612046778, train_nll: 5.016401123758786, valid_nll: 5.803364104490962
[2021-09-24 23:37:38] epoch 446: train_loss: 0.07983616477478359, valid_loss: 0.09117376888782312, train_nll: 4.84285824814836, valid_nll: 5.381580603608462
[2021-09-24 23:38:12] epoch 447: train_loss: 0.0852171509360319, valid_loss: 0.09321588293103633, train_nll: 4.903243975762053, valid_nll: 5.6288058511846355
[2021-09-24 23:38:45] epoch 448: train_loss: 0.07265728409432429, valid_loss: 0.0898492910776927, train_nll: 4.846304238694527, valid_nll: 5.370517624831736
[2021-09-24 23:39:19] epoch 449: train_loss: 0.07150859196975128, valid_loss: 0.09009209793587827, train_nll: 4.653971470327543, valid_nll: 5.777565189424171
[2021-09-24 23:39:52] epoch 450: train_loss: 0.0717375242822795, valid_loss: 0.0898758566237497, train_nll: 4.644933681710472, valid_nll: 5.537671589213293
[2021-09-24 23:40:26] epoch 451: train_loss: 0.07183793790194035, valid_loss: 0.09131242569789967, train_nll: 4.751105740739822, valid_nll: 5.432345087703694
[2021-09-24 23:41:00] epoch 452: train_loss: 0.07228181777021701, valid_loss: 0.09567896680520716, train_nll: 4.706804920775956, valid_nll: 6.00590801335048
[2021-09-24 23:41:33] epoch 453: train_loss: 0.07652729884399564, valid_loss: 0.0921998820291136, train_nll: 4.791436733363467, valid_nll: 6.096270743372261
[2021-09-24 23:42:07] epoch 454: train_loss: 0.07469686754703561, valid_loss: 0.09227813363094071, train_nll: 5.019939775810296, valid_nll: 6.089033434600572
[2021-09-24 23:42:40] epoch 455: train_loss: 0.07515608683359631, valid_loss: 0.09112977888670308, train_nll: 4.864009703960578, valid_nll: 6.071342700745786
[2021-09-24 23:43:14] epoch 456: train_loss: 0.07705278674594698, valid_loss: 0.09209688467142935, train_nll: 4.689703039885319, valid_nll: 5.583835859611291
[2021-09-24 23:43:47] epoch 457: train_loss: 0.07422593113452662, valid_loss: 0.08889714381751614, train_nll: 4.657770909084627, valid_nll: 4.983593376878491
[2021-09-24 23:44:21] epoch 458: train_loss: 0.07178009161968489, valid_loss: 0.09769196643475254, train_nll: 4.654817685325076, valid_nll: 5.2179415686575155
[2021-09-24 23:44:55] epoch 459: train_loss: 0.083903061819774, valid_loss: 0.099874005641205, train_nll: 5.455586291565833, valid_nll: 6.690050209226442
[2021-09-24 23:45:28] epoch 460: train_loss: 0.07882280113245937, valid_loss: 0.09386661544564472, train_nll: 5.116022000638033, valid_nll: 5.5976240458979385
[2021-09-24 23:46:02] epoch 461: train_loss: 0.07450722188007626, valid_loss: 0.09399673040965666, train_nll: 5.199832067910089, valid_nll: 5.726875839342688
[2021-09-24 23:46:35] epoch 462: train_loss: 0.0882967652654642, valid_loss: 0.10214916711456773, train_nll: 5.187660463538236, valid_nll: 5.664501728302032
[2021-09-24 23:47:09] epoch 463: train_loss: 0.08237617883425706, valid_loss: 0.09905756275978579, train_nll: 5.033264477508464, valid_nll: 6.856414296517586
[2021-09-24 23:47:49] epoch 464: train_loss: 0.07763689337055425, valid_loss: 0.09776139005106131, train_nll: 5.122881888275409, valid_nll: 6.315158687147198
[2021-09-24 23:48:23] epoch 465: train_loss: 0.07786686669529999, valid_loss: 0.09950947722260173, train_nll: 5.121202556697773, valid_nll: 6.246282656046327
[2021-09-24 23:48:57] epoch 466: train_loss: 0.07495977649176214, valid_loss: 0.09843136924271932, train_nll: 4.9159030795515095, valid_nll: 5.8615316158101365
[2021-09-24 23:49:31] epoch 467: train_loss: 0.07519411462853326, valid_loss: 0.0976508214194892, train_nll: 4.915759281045887, valid_nll: 5.20953689781439
[2021-09-24 23:50:06] epoch 468: train_loss: 0.07565489475223122, valid_loss: 0.09751432258024285, train_nll: 4.924937271313167, valid_nll: 5.338846238451027
[2021-09-24 23:50:40] epoch 469: train_loss: 0.08023959239811249, valid_loss: 0.09475556180360868, train_nll: 5.016145258307195, valid_nll: 5.793923902811197
[2021-09-24 23:51:13] epoch 470: train_loss: 0.08122465172430411, valid_loss: 0.10829276908094985, train_nll: 5.176934897380546, valid_nll: 6.541056596516112
[2021-09-24 23:51:47] epoch 471: train_loss: 0.07655898351562264, valid_loss: 0.09387769095477357, train_nll: 5.4676651143765795, valid_nll: 5.909485452147107
[2021-09-24 23:52:20] epoch 472: train_loss: 0.08018788631102058, valid_loss: 0.09488265302662521, train_nll: 5.382480202612651, valid_nll: 5.773553458313398
[2021-09-24 23:52:54] epoch 473: train_loss: 0.0743686391788655, valid_loss: 0.09297293764680173, train_nll: 5.140683127194557, valid_nll: 5.328625341746494
[2021-09-24 23:53:27] epoch 474: train_loss: 0.07580020989933703, valid_loss: 0.0952228190908867, train_nll: 4.8275188337412, valid_nll: 5.805478851473313
[2021-09-24 23:54:01] epoch 475: train_loss: 0.07678157023811104, valid_loss: 0.09475323574786837, train_nll: 4.840234789444105, valid_nll: 5.753928441380637
[2021-09-24 23:54:35] epoch 476: train_loss: 0.07844781312870525, valid_loss: 0.0946967389006544, train_nll: 4.809519685375777, valid_nll: 6.040169712540438
[2021-09-24 23:55:08] epoch 477: train_loss: 0.07282220794742798, valid_loss: 0.09405138564879319, train_nll: 4.772726409563335, valid_nll: 6.01214996525739
[2021-09-24 23:55:42] epoch 478: train_loss: 0.07433589987488369, valid_loss: 0.0941027450267075, train_nll: 4.72229095147209, valid_nll: 6.046539608161153
[2021-09-24 23:56:15] epoch 479: train_loss: 0.07229815195879208, valid_loss: 0.09466856996989761, train_nll: 4.726311249974005, valid_nll: 5.640098038963032
[2021-09-24 23:56:49] epoch 480: train_loss: 0.07299643503611293, valid_loss: 0.0987996862886116, train_nll: 4.733233038640558, valid_nll: 5.642832564014536
[2021-09-24 23:57:24] epoch 481: train_loss: 0.07285475277073555, valid_loss: 0.09552140907393862, train_nll: 4.766353803157603, valid_nll: 6.333643613790934
[2021-09-24 23:57:58] epoch 482: train_loss: 0.07296154964253831, valid_loss: 0.09888936019022808, train_nll: 4.752793507631841, valid_nll: 5.997255429007333
[2021-09-24 23:58:31] epoch 483: train_loss: 0.07526437055885384, valid_loss: 0.09611642262380984, train_nll: 4.73257464530447, valid_nll: 5.700607949591435
[2021-09-24 23:59:05] epoch 484: train_loss: 0.07458231727334014, valid_loss: 0.1010991141571654, train_nll: 4.746899578938883, valid_nll: 5.9513870255597165
[2021-09-24 23:59:38] epoch 485: train_loss: 0.0722979787716489, valid_loss: 0.10775404870086773, train_nll: 4.70648635189869, valid_nll: 6.1488100435719355
[2021-09-25 00:00:12] epoch 486: train_loss: 0.07217795782233194, valid_loss: 0.09299354515546425, train_nll: 4.7001350648165, valid_nll: 5.6746139540434175
[2021-09-25 00:00:46] epoch 487: train_loss: 0.0778775940445219, valid_loss: 0.09294600484920948, train_nll: 4.684487483620782, valid_nll: 5.424704449264741
[2021-09-25 00:01:19] epoch 488: train_loss: 0.07280829244911322, valid_loss: 0.09485313053844929, train_nll: 4.66449629355762, valid_nll: 6.006771223501149
[2021-09-25 00:01:53] epoch 489: train_loss: 0.07160790280998724, valid_loss: 0.09355215025792896, train_nll: 4.6555657211668855, valid_nll: 5.26243030582127
[2021-09-25 00:02:27] epoch 490: train_loss: 0.08775552971205994, valid_loss: 0.0948758166109334, train_nll: 4.669407746564743, valid_nll: 5.9873680782819925
[2021-09-25 00:03:01] epoch 491: train_loss: 0.093663188304043, valid_loss: 0.09542887752894501, train_nll: 4.655857421666771, valid_nll: 5.43330339747215
[2021-09-25 00:03:34] epoch 492: train_loss: 0.09323474982537261, valid_loss: 0.09647140355846572, train_nll: 4.628496279974749, valid_nll: 5.909317526097133
[2021-09-25 00:04:08] epoch 493: train_loss: 0.0950203001185902, valid_loss: 0.09488434598762353, train_nll: 4.675779201302144, valid_nll: 6.015972449576046
[2021-09-25 00:04:41] epoch 494: train_loss: 0.09245165941248389, valid_loss: 0.09351560642773454, train_nll: 4.646337870070622, valid_nll: 5.7443724929874715
[2021-09-25 00:05:15] epoch 495: train_loss: 0.07191935493556159, valid_loss: 0.09378086824694441, train_nll: 4.621099284769679, valid_nll: 5.618553709368057
[2021-09-25 00:05:48] epoch 496: train_loss: 0.07104512479282536, valid_loss: 0.09297820425009111, train_nll: 4.610432426052381, valid_nll: 5.967636129931753
[2021-09-25 00:06:22] epoch 497: train_loss: 0.07430014839138462, valid_loss: 0.09301551427419363, train_nll: 4.635174377868218, valid_nll: 5.654979362846501
[2021-09-25 00:06:56] epoch 498: train_loss: 0.07279957938730483, valid_loss: 0.09321115922060504, train_nll: 4.716728342982583, valid_nll: 5.816082751855603
[2021-09-25 00:07:29] epoch 499: train_loss: 0.07391901352203596, valid_loss: 0.09605332386134324, train_nll: 5.1117480130234485, valid_nll: 5.8912659087446135
